0.0029630661010742188,99
0.0029630661010742188,176
0.0029630661010742188,242
0.0029630661010742188,301
0.0029630661010742188,388
0.0029630661010742188,428
0.0029630661010742188,467
0.0029630661010742188,497
0.0029630661010742188,526
0.0029630661010742188,550
0.0029630661010742188,637
0.0029630661010742188,728
0.0029630661010742188,745
0.0029630661010742188,812
0.0029630661010742188,828
0.0029630661010742188,919
0.0029630661010742188,988
0.0029630661010742188,1055
0.0029630661010742188,1147
0.0029630661010742188,1211
0.0029630661010742188,1236
0.0029630661010742188,1322
0.0029630661010742188,1381
0.0029630661010742188,1473
0.0029630661010742188,1549
0.0029630661010742188,1634
0.0029630661010742188,1696
0.0029630661010742188,1805
0.0029630661010742188,1832
0.0029630661010742188,1859
0.0029630661010742188,1932
0.0029630661010742188,2044
0.0029630661010742188,2090
0.0029630661010742188,2182
0.003974437713623047,2235
0.003974437713623047,2264
0.003974437713623047,2360
0.003974437713623047,2414
0.003974437713623047,2530
0.003974437713623047,2587
0.003974437713623047,2686
0.003974437713623047,2791
0.003974437713623047,2809
0.003974437713623047,2845
0.003974437713623047,2940
0.003974437713623047,3015
0.003974437713623047,3100
0.003974437713623047,3182
0.003974437713623047,3296
0.003974437713623047,3350
0.003974437713623047,3434
0.003974437713623047,3532
0.003974437713623047,3633
0.003974437713623047,3753
0.003974437713623047,3838
0.003974437713623047,3932
0.003974437713623047,4001
0.003974437713623047,4074
0.003974437713623047,4170
0.003974437713623047,4242
0.003974437713623047,4333
0.003974437713623047,4409
0.003974437713623047,4527
0.003974437713623047,4588
0.003974437713623047,4644
0.003974437713623047,4681
0.003974437713623047,4805
0.003974437713623047,4918
0.003974437713623047,5005
0.003974437713623047,5128
0.003974437713623047,5259
0.003974437713623047,5336
0.003974437713623047,5444
0.003974437713623047,5523
0.003974437713623047,5651
0.003974437713623047,5782
0.003974437713623047,5866
0.003974437713623047,5927
0.003974437713623047,6018
0.003974437713623047,6040
0.003974437713623047,6084
0.003974437713623047,6168
0.003974437713623047,6291
0.003974437713623047,6414
0.003974437713623047,6464
0.003974437713623047,6603
0.003974437713623047,6713
0.003974437713623047,6806
0.003974437713623047,6833
0.003974437713623047,6954
0.003974437713623047,7001
0.003974437713623047,7095
0.003974437713623047,7172
0.003974437713623047,7249
0.003974437713623047,7329
0.003974437713623047,7432
0.003974437713623047,7561
0.003974437713623047,7685
0.003974437713623047,7828
0.003974437713623047,7961
0.003974437713623047,8081
0.003974437713623047,8194
0.003974437713623047,8297
0.003974437713623047,8416
0.003974437713623047,8477
0.003974437713623047,8608
0.003974437713623047,8732
0.003974437713623047,8840
0.003974437713623047,8967
0.003974437713623047,9103
0.003974437713623047,9211
0.003974437713623047,9278
0.003974437713623047,9412
0.003974437713623047,9509
0.003974437713623047,9651
0.003974437713623047,9698
0.003974437713623047,9830
0.003974437713623047,9967
0.003974437713623047,10089
0.003974437713623047,10179
0.003974437713623047,10327
0.003974437713623047,10472
0.003974437713623047,10567
0.003974437713623047,10705
0.003974437713623047,10785
0.003974437713623047,10904
0.003974437713623047,10969
0.003974437713623047,11107
0.003974437713623047,11214
0.003974437713623047,11370
0.003974437713623047,11434
0.003974437713623047,11534
0.003974437713623047,11689
0.003974437713623047,11824
0.003974437713623047,11967
0.003974437713623047,12085
0.003974437713623047,12230
0.003974437713623047,12320
0.003974437713623047,12380
0.003974437713623047,12513
0.003974437713623047,12667
0.003974437713623047,12783
0.003974437713623047,12915
0.003974437713623047,13006
0.003974437713623047,13137
0.003974437713623047,13238
0.003974437713623047,13299
0.003974437713623047,13460
0.003974437713623047,13568
0.003974437713623047,13723
0.003974437713623047,13870
0.003974437713623047,14022
0.003974437713623047,14056
0.003974437713623047,14205
0.003974437713623047,14291
0.003974437713623047,14421
0.003974437713623047,14576
0.003974437713623047,14679
0.003974437713623047,14720
0.003974437713623047,14848
0.003974437713623047,14917
0.003974437713623047,15032
0.003974437713623047,15159
0.003974437713623047,15283
0.003974437713623047,15394
0.003974437713623047,15444
0.003974437713623047,15528
0.003974437713623047,15683
0.003974437713623047,15818
0.003974437713623047,15943
0.003974437713623047,16067
0.003974437713623047,16161
0.003974437713623047,16257
0.003974437713623047,16324
0.003974437713623047,16496
0.003974437713623047,16658
0.003974437713623047,16799
0.003974437713623047,16881
0.003974437713623047,16916
0.003974437713623047,16986
0.003974437713623047,17156
0.003974437713623047,17263
0.003974437713623047,17321
0.003974437713623047,17453
0.003974437713623047,17622
0.003974437713623047,17742
0.003974437713623047,17825
0.003974437713623047,17933
0.003974437713623047,18018
0.003974437713623047,18057
0.003974437713623047,18105
0.003974437713623047,18219
0.003974437713623047,18310
0.003974437713623047,18405
0.003974437713623047,18574
0.003974437713623047,18726
0.003974437713623047,18886
0.003974437713623047,18946
0.003974437713623047,19017
0.003974437713623047,19139
0.003974437713623047,19221
0.003974437713623047,19349
0.003974437713623047,19424
0.003974437713623047,19510
0.003974437713623047,19618
0.003974437713623047,19730
0.003974437713623047,19811
0.003974437713623047,19992
0.003974437713623047,20175
0.003974437713623047,20299
0.003974437713623047,20473
0.003974437713623047,20599
0.003974437713623047,20738
0.003974437713623047,20796
0.003974437713623047,20970
0.003974437713623047,21105
0.003974437713623047,21195
0.003974437713623047,21379
0.003974437713623047,21458
0.003974437713623047,21554
0.003974437713623047,21639
0.003974437713623047,21796
0.003974437713623047,21953
0.003974437713623047,22137
0.003974437713623047,22285
0.003974437713623047,22418
0.003974437713623047,22515
0.003974437713623047,22614
0.003974437713623047,22715
0.003974437713623047,22860
0.003974437713623047,22965
0.003974437713623047,23007
0.003974437713623047,23164
0.003974437713623047,23302
0.003974437713623047,23419
0.003974437713623047,23609
0.003974437713623047,23686
0.003974437713623047,23854
0.003974437713623047,23887
0.003974437713623047,23920
0.003974437713623047,23994
0.003974437713623047,24180
0.003974437713623047,24376
0.003974437713623047,24474
0.003974437713623047,24580
0.003974437713623047,24748
0.003974437713623047,24926
0.003974437713623047,25124
0.003974437713623047,25291
0.003974437713623047,25478
0.003974437713623047,25646
0.003974437713623047,25654
0.003974437713623047,25712
0.003974437713623047,25852
0.003974437713623047,26004
0.003974437713623047,26144
0.003974437713623047,26343
0.003974437713623047,26536
0.003974437713623047,26689
0.003974437713623047,26883
0.003974437713623047,27020
0.003974437713623047,27110
0.003974437713623047,27235
0.003974437713623047,27317
0.003974437713623047,27510
0.003974437713623047,27582
0.003974437713623047,27646
0.003974437713623047,27849
0.003974437713623047,28047
0.003974437713623047,28164
0.003974437713623047,28327
0.003974437713623047,28440
0.003974437713623047,28528
0.003974437713623047,28616
0.003974437713623047,28700
0.003974437713623047,28906
0.003974437713623047,29089
0.003974437713623047,29190
0.003974437713623047,29386
0.003974437713623047,29576
0.003974437713623047,29631
0.003974437713623047,29722
0.003974437713623047,29758
0.003974437713623047,29864
0.003974437713623047,30070
0.003974437713623047,30281
0.003974437713623047,30362
0.003974437713623047,30554
0.003974437713623047,30751
0.003974437713623047,30946
0.003974437713623047,31090
0.003974437713623047,31232
0.003974437713623047,31288
0.003974437713623047,31454
0.003974437713623047,31649
0.003974437713623047,31803
0.003974437713623047,31879
0.003974437713623047,32025
0.003974437713623047,32110
0.003974437713623047,32243
0.003974437713623047,32424
0.003974437713623047,32496
0.003974437713623047,32649
0.003974437713623047,32811
0.003974437713623047,32925
0.003974437713623047,33068
0.003974437713623047,33189
0.003974437713623047,33321
0.003974437713623047,33396
0.003974437713623047,33603
0.003974437713623047,33799
0.003974437713623047,33994
0.003974437713623047,34095
0.003974437713623047,34306
0.003974437713623047,34516
0.003974437713623047,34550
0.003974437713623047,34771
0.003974437713623047,34988
0.003974437713623047,35164
0.003974437713623047,35292
0.003974437713623047,35448
0.003974437713623047,35549
0.003974437713623047,35735
0.003974437713623047,35843
0.003974437713623047,35958
0.003974437713623047,36080
0.003974437713623047,36193
0.003974437713623047,36306
0.003974437713623047,36456
0.003974437713623047,36651
0.003974437713623047,36865
0.003974437713623047,37077
0.003974437713623047,37257
0.003974437713623047,37442
0.003974437713623047,37674
0.003974437713623047,37848
0.003974437713623047,37928
0.003974437713623047,38025
0.003974437713623047,38212
0.003974437713623047,38444
0.003974437713623047,38577
0.003974437713623047,38729
0.003974437713623047,38936
0.003974437713623047,39094
0.003974437713623047,39221
0.003974437713623047,39353
0.003974437713623047,39466
0.003974437713623047,39680
0.003974437713623047,39875
0.003974437713623047,40005
0.003974437713623047,40070
0.003974437713623047,40294
0.003974437713623047,40504
0.003974437713623047,40688
0.003974437713623047,40814
0.003974437713623047,40984
0.003974437713623047,41174
0.003974437713623047,41406
0.003974437713623047,41555
0.003974437713623047,41785
0.003974437713623047,42030
0.003974437713623047,42165
0.003974437713623047,42327
0.003974437713623047,42561
0.003974437713623047,42773
0.003974437713623047,43018
0.003974437713623047,43070
0.003974437713623047,43209
0.003974437713623047,43281
0.003974437713623047,43530
0.003974437713623047,43675
0.003974437713623047,43695
0.003974437713623047,43935
0.003974437713623047,44155
0.003974437713623047,44373
0.003974437713623047,44526
0.003974437713623047,44579
0.003974437713623047,44680
0.003974437713623047,44915
0.003974437713623047,45087
0.003974437713623047,45163
0.003974437713623047,45201
0.003974437713623047,45343
0.003974437713623047,45569
0.003974437713623047,45752
0.003974437713623047,45938
0.003974437713623047,46175
0.003974437713623047,46370
0.003974437713623047,46560
0.003974437713623047,46650
0.003974437713623047,46753
0.003974437713623047,46941
0.003974437713623047,47114
0.003974437713623047,47220
0.003974437713623047,47427
0.003974437713623047,47549
0.003974437713623047,47575
0.003974437713623047,47705
0.003974437713623047,47882
0.003974437713623047,48067
0.003974437713623047,48289
0.003974437713623047,48404
0.003974437713623047,48561
0.003974437713623047,48779
0.003974437713623047,48908
0.003974437713623047,49166
0.003974437713623047,49332
0.003974437713623047,49501
0.003974437713623047,49724
0.003974437713623047,49942
0.003974437713623047,50184
0.003974437713623047,50376
0.003974437713623047,50603
0.003974437713623047,50782
0.003974437713623047,50921
0.003974437713623047,51170
0.003974437713623047,51328
0.003974437713623047,51487
0.003974437713623047,51638
0.003974437713623047,51687
0.003974437713623047,51894
0.003974437713623047,51965
0.003974437713623047,52159
0.003974437713623047,52364
0.003974437713623047,52605
0.003974437713623047,52775
0.003974437713623047,53030
0.003974437713623047,53296
0.003974437713623047,53544
0.003974437713623047,53624
0.003974437713623047,53848
0.003974437713623047,53931
0.003974437713623047,54205
0.003974437713623047,54349
0.003974437713623047,54543
0.003974437713623047,54754
0.003974437713623047,54990
0.003974437713623047,55179
0.003974437713623047,55408
0.003974437713623047,55685
0.003974437713623047,55825
0.003974437713623047,55923
0.003974437713623047,56178
0.003974437713623047,56223
0.003974437713623047,56344
0.003974437713623047,56626
0.003974437713623047,56801
0.003974437713623047,57010
0.003974437713623047,57143
0.003974437713623047,57336
0.003974437713623047,57461
0.003974437713623047,57663
0.003974437713623047,57794
0.003974437713623047,58014
0.003974437713623047,58120
0.003974437713623047,58312
0.003974437713623047,58570
0.003974437713623047,58814
0.003974437713623047,58949
0.003974437713623047,59130
0.003974437713623047,59403
0.003974437713623047,59587
0.003974437713623047,59780
0.003974437713623047,59927
0.003974437713623047,60109
0.003974437713623047,60352
0.003974437713623047,60552
0.003974437713623047,60683
0.003974437713623047,60919
0.003974437713623047,61021
0.003974437713623047,61196
0.003974437713623047,61488
0.003974437713623047,61605
0.003974437713623047,61722
0.003974437713623047,61895
0.003974437713623047,62086
0.003974437713623047,62377
0.003974437713623047,62527
0.003974437713623047,62736
0.003974437713623047,62848
0.003974437713623047,63078
0.003974437713623047,63208
0.003974437713623047,63338
0.003974437713623047,63622
0.003974437713623047,63853
0.003974437713623047,64138
0.003974437713623047,64426
0.003974437713623047,64533
0.003974437713623047,64759
0.003974437713623047,65003
0.003974437713623047,65155
0.003974437713623047,65343
0.003974437713623047,65370
0.003974437713623047,65652
0.003974437713623047,65679
0.003974437713623047,65959
0.003974437713623047,66240
0.003974437713623047,66482
0.003974437713623047,66594
0.003974437713623047,66815
0.003974437713623047,66921
0.003974437713623047,67210
0.003974437713623047,67409
0.003974437713623047,67700
0.003974437713623047,67743
0.003974437713623047,67989
0.003974437713623047,68288
0.003974437713623047,68569
0.003974437713623047,68637
0.003974437713623047,68919
0.003974437713623047,69012
0.003974437713623047,69127
0.003974437713623047,69432
0.003974437713623047,69585
0.003974437713623047,69807
0.003974437713623047,69970
0.003974437713623047,70271
0.003974437713623047,70447
0.003974437713623047,70762
0.003974437713623047,71074
0.003974437713623047,71342
0.003974437713623047,71570
0.003974437713623047,71608
0.003974437713623047,71912
0.003974437713623047,72210
0.003974437713623047,72505
0.003974437713623047,72813
0.003974437713623047,72994
0.003974437713623047,73264
0.003974437713623047,73525
0.003974437713623047,73640
0.003974437713623047,73902
0.003974437713623047,74190
0.003974437713623047,74347
0.003974437713623047,74645
0.003974437713623047,74815
0.003974437713623047,75085
0.003974437713623047,75291
0.003974437713623047,75462
0.003974437713623047,75743
0.003974437713623047,76008
0.003974437713623047,76231
0.003974437713623047,76493
0.003974437713623047,76768
0.003974437713623047,76946
0.003974437713623047,77247
0.003974437713623047,77529
0.003974437713623047,77636
0.003974437713623047,77860
0.003974437713623047,78003
0.003974437713623047,78185
0.003974437713623047,78442
0.003974437713623047,78608
0.003974437713623047,78924
0.003974437713623047,79188
0.003974437713623047,79452
0.003974437713623047,79752
0.003974437713623047,80062
0.003974437713623047,80376
0.003974437713623047,80668
0.003974437713623047,80760
0.003974437713623047,80839
0.003974437713623047,80974
0.003974437713623047,81152
0.003974437713623047,81426
0.003974437713623047,81710
0.003974437713623047,81819
0.003974437713623047,82100
0.003974437713623047,82305
0.003974437713623047,82573
0.003974437713623047,82765
0.003974437713623047,82881
0.003974437713623047,83213
0.003974437713623047,83456
0.003974437713623047,83749
0.003974437713623047,83939
0.003974437713623047,83999
0.003974437713623047,84270
0.003974437713623047,84461
0.003974437713623047,84763
0.003974437713623047,84961
0.003974437713623047,85257
0.003974437713623047,85321
0.003974437713623047,85439
0.003974437713623047,85655
0.003974437713623047,85807
0.003974437713623047,86101
0.003974437713623047,86368
0.003974437713623047,86571
0.003974437713623047,86896
0.003974437713623047,87062
0.003974437713623047,87395
0.003974437713623047,87657
0.003974437713623047,87868
0.003974437713623047,88086
0.003974437713623047,88369
0.003974437713623047,88560
0.003974437713623047,88799
0.003974437713623047,89110
0.003974437713623047,89281
0.003974437713623047,89541
0.003974437713623047,89808
0.003974437713623047,89832
0.003974437713623047,90172
0.003974437713623047,90193
0.004967927932739258,90194
0.004967927932739258,90195
0.004967927932739258,90196
0.004967927932739258,90197
0.004967927932739258,90198
0.004967927932739258,90199
0.005968332290649414,90200
