0.0009999275207519531,40
0.0009999275207519531,69
0.0009999275207519531,86
0.0009999275207519531,155
0.0009999275207519531,222
0.0009999275207519531,281
0.0009999275207519531,335
0.0009999275207519531,392
0.0009999275207519531,497
0.0009999275207519531,515
0.0009999275207519531,635
0.0009999275207519531,729
0.0009999275207519531,805
0.0009999275207519531,933
0.0009999275207519531,1056
0.0009999275207519531,1195
0.0009999275207519531,1338
0.0009999275207519531,1458
0.0009999275207519531,1571
0.0009999275207519531,1690
0.0009999275207519531,1785
0.0009999275207519531,1865
0.0009999275207519531,2021
0.0009999275207519531,2156
0.0009999275207519531,2246
0.0009999275207519531,2379
0.0009999275207519531,2440
0.0009999275207519531,2474
0.0009999275207519531,2629
0.0009999275207519531,2670
0.0009999275207519531,2798
0.0009999275207519531,2922
0.0009999275207519531,3094
0.0009999275207519531,3235
0.0009999275207519531,3317
0.0009999275207519531,3437
0.0009999275207519531,3528
0.0009999275207519531,3599
0.0009999275207519531,3711
0.0009999275207519531,3894
0.0009999275207519531,4020
0.0009999275207519531,4168
0.0009999275207519531,4301
0.0009999275207519531,4491
0.0009999275207519531,4659
0.0009999275207519531,4845
0.0009999275207519531,5023
0.0009999275207519531,5191
0.0009999275207519531,5343
0.0009999275207519531,5483
0.0009999275207519531,5676
0.0009999275207519531,5869
0.0009999275207519531,5986
0.0009999275207519531,6149
0.0009999275207519531,6250
0.0009999275207519531,6394
0.0009999275207519531,6527
0.0009999275207519531,6708
0.0009999275207519531,6851
0.0009999275207519531,7058
0.0009999275207519531,7180
0.0009999275207519531,7293
0.0009999275207519531,7443
0.0009999275207519531,7657
0.0009999275207519531,7869
0.0009999275207519531,8056
0.0009999275207519531,8205
0.0009999275207519531,8435
0.0009999275207519531,8684
0.0009999275207519531,8902
0.0009999275207519531,9055
0.0009999275207519531,9108
0.0009999275207519531,9343
0.0009999275207519531,9419
0.0009999275207519531,9561
0.0009999275207519531,9787
0.0009999275207519531,9975
0.0009999275207519531,10182
0.0009999275207519531,10339
0.0009999275207519531,10557
0.0009999275207519531,10736
0.0009999275207519531,10895
0.0009999275207519531,11089
0.0009999275207519531,11313
0.0009999275207519531,11568
0.0009999275207519531,11788
0.0009999275207519531,11894
0.0009999275207519531,12075
0.0009999275207519531,12192
0.0009999275207519531,12365
0.0009999275207519531,12477
0.0009999275207519531,12707
0.0009999275207519531,12837
0.0009999275207519531,13068
0.0009999275207519531,13356
0.0009999275207519531,13463
0.0009999275207519531,13743
0.0009999275207519531,13965
0.0009999275207519531,14277
0.0009999275207519531,14505
0.0009999275207519531,14543
0.0009999275207519531,14841
0.0009999275207519531,15111
0.0009999275207519531,15372
0.0009999275207519531,15542
0.0009999275207519531,15807
0.0009999275207519531,16082
0.0009999275207519531,16364
0.0009999275207519531,16621
0.0009999275207519531,16902
0.0009999275207519531,17195
0.0009999275207519531,17466
0.0009999275207519531,17682
0.0009999275207519531,17834
0.0009999275207519531,17858
0.0009999275207519531,17981
0.0009999275207519531,18037
0.0009999275207519531,18038
