0.0,40
0.0,69
0.0,93
0.0,180
0.0,271
0.0,288
0.0,355
0.0,371
0.0,462
0.0,531
0.0,598
0.0,684
0.0,743
0.0,835
0.0,947
0.0,993
0.0,1047
0.0,1104
0.0,1209
0.0,1227
0.0,1263
0.0,1338
0.0,1423
0.0,1543
0.0,1637
0.0,1706
0.0,1797
0.0,1873
0.0,1929
0.0,2052
0.0,2160
0.0,2288
0.0,2372
0.0,2463
0.0,2485
0.0,2608
0.0,2747
0.0,2840
0.0,2867
0.0,3010
0.0,3130
0.0,3243
0.0,3362
0.0,3423
0.0,3554
0.0,3651
0.0,3698
0.0,3830
0.0,3978
0.0,4123
0.0,4218
0.0,4356
0.0,4436
0.0,4555
0.0,4711
0.0,4775
0.0,4875
0.0,5030
0.0,5165
0.0,5255
0.0,5388
0.0,5542
0.0,5603
0.0,5711
0.0,5745
0.0,5900
0.0,5941
0.0,6069
0.0,6138
0.0,6265
0.0,6376
0.0,6511
0.0,6635
0.0,6807
0.0,6969
0.0,7110
0.0,7192
0.0,7362
0.0,7469
0.0,7527
0.0,7659
0.0,7828
0.0,7948
0.0,7996
0.0,8087
0.0,8256
0.0,8408
0.0,8479
0.0,8607
0.0,8719
0.0,8900
0.0,9083
0.0,9209
0.0,9267
0.0,9441
0.0,9576
0.0,9661
0.0,9845
0.0,9993
0.0,10126
0.0,10223
0.0,10324
0.0,10469
0.0,10626
0.0,10764
0.0,10881
0.0,11071
0.0,11239
0.0010006427764892578,11313
0.0010006427764892578,11499
0.0010006427764892578,11695
0.0010006427764892578,11873
0.0010006427764892578,12040
0.0010006427764892578,12208
0.0010006427764892578,12216
0.0010006427764892578,12368
0.0010006427764892578,12508
0.0010006427764892578,12701
0.0010006427764892578,12838
0.0010006427764892578,12928
0.0010006427764892578,13121
0.0010006427764892578,13238
0.0010006427764892578,13401
0.0010006427764892578,13489
0.0010006427764892578,13695
0.0010006427764892578,13796
0.0010006427764892578,13992
0.0010006427764892578,14047
0.0010006427764892578,14128
0.0010006427764892578,14272
0.0010006427764892578,14426
0.0010006427764892578,14502
0.0010006427764892578,14635
0.0010006427764892578,14816
0.0010006427764892578,14888
0.0010006427764892578,15041
0.0010006427764892578,15155
0.0010006427764892578,15298
0.0010006427764892578,15373
0.0010006427764892578,15580
0.0010006427764892578,15776
0.0010006427764892578,15971
0.0010006427764892578,16188
0.0010006427764892578,16310
0.0010006427764892578,16423
0.0010006427764892578,16573
0.0010006427764892578,16787
0.0010006427764892578,16999
0.0010006427764892578,17184
0.0010006427764892578,17358
0.0010006427764892578,17545
0.0010006427764892578,17777
0.0010006427764892578,17972
0.0010006427764892578,18182
0.0010006427764892578,18372
0.0010006427764892578,18604
0.0010006427764892578,18753
0.0010006427764892578,18983
0.0010006427764892578,19228
0.0010006427764892578,19363
0.0010006427764892578,19608
0.0010006427764892578,19680
0.0010006427764892578,19929
0.0010006427764892578,20074
0.0010006427764892578,20292
0.0010006427764892578,20445
0.0010006427764892578,20498
0.0010006427764892578,20733
0.0010006427764892578,20809
0.0010006427764892578,20847
0.0010006427764892578,20989
0.0010006427764892578,21215
0.0010006427764892578,21401
0.0010006427764892578,21596
0.0010006427764892578,21784
0.0010006427764892578,21890
0.0010006427764892578,22097
0.0010006427764892578,22123
0.0010006427764892578,22345
0.0010006427764892578,22502
0.0010006427764892578,22631
0.0010006427764892578,22797
0.0010006427764892578,23015
0.0010006427764892578,23242
0.0010006427764892578,23421
0.0010006427764892578,23670
0.0010006427764892578,23829
0.0010006427764892578,24023
0.0010006427764892578,24228
0.0010006427764892578,24398
0.0010006427764892578,24653
0.0010006427764892578,24901
0.0010006427764892578,24981
0.0010006427764892578,25205
0.0010006427764892578,25288
0.0010006427764892578,25482
0.0010006427764892578,25693
0.0010006427764892578,25833
0.0010006427764892578,26088
0.0010006427764892578,26209
0.0010006427764892578,26384
0.0010006427764892578,26593
0.0010006427764892578,26726
0.0010006427764892578,26919
0.0010006427764892578,27044
0.0010006427764892578,27175
0.0010006427764892578,27395
0.0010006427764892578,27501
0.0010006427764892578,27759
0.0010006427764892578,28003
0.0010006427764892578,28184
0.0010006427764892578,28427
0.0010006427764892578,28663
0.0010006427764892578,28838
0.0010006427764892578,28955
0.0010006427764892578,29128
0.0010006427764892578,29319
0.0010006427764892578,29610
0.0010006427764892578,29760
0.0010006427764892578,29872
0.0010006427764892578,30102
0.0010006427764892578,30232
0.0010006427764892578,30362
0.0010006427764892578,30593
0.0010006427764892578,30881
0.0010006427764892578,30988
0.0010006427764892578,31232
0.0010006427764892578,31420
0.0010006427764892578,31447
0.0010006427764892578,31729
0.0010006427764892578,32009
0.0010006427764892578,32251
0.0010006427764892578,32363
0.0010006427764892578,32584
0.0010006427764892578,32866
0.0010006427764892578,32959
0.0010006427764892578,33074
0.0010006427764892578,33296
0.0010006427764892578,33472
0.0010006427764892578,33784
0.0010006427764892578,34012
0.0010006427764892578,34050
0.0010006427764892578,34354
0.0010006427764892578,34652
0.0010006427764892578,34922
0.0010006427764892578,35183
0.0010006427764892578,35471
0.0010006427764892578,35641
0.0010006427764892578,35922
0.0010006427764892578,36187
0.0010006427764892578,36462
0.0010006427764892578,36744
0.0010006427764892578,36968
0.0010006427764892578,37111
0.0010006427764892578,37293
0.0010006427764892578,37550
0.0010006427764892578,37716
0.0010006427764892578,37980
0.0010006427764892578,38280
0.0010006427764892578,38590
0.0010006427764892578,38725
0.0010006427764892578,38903
0.0010006427764892578,39177
0.0010006427764892578,39461
0.0010006427764892578,39570
0.0010006427764892578,39851
0.0010006427764892578,40056
0.0010006427764892578,40299
0.0010006427764892578,40592
0.0010006427764892578,40863
0.0010006427764892578,40981
0.0010006427764892578,41197
0.0010006427764892578,41349
0.0010006427764892578,41643
0.0010006427764892578,41846
0.0010006427764892578,42108
0.0010006427764892578,42391
0.0010006427764892578,42630
0.0010006427764892578,42941
0.0010006427764892578,43112
0.0010006427764892578,43372
0.0010006427764892578,43639
0.0010006427764892578,43663
0.0010006427764892578,43959
0.0010006427764892578,44238
0.0010006427764892578,44271
0.0010006427764892578,44335
0.0010006427764892578,44348
0.0010006427764892578,44349
0.0010006427764892578,44350
0.0010006427764892578,44351
