0.0,40
0.0,109
0.0,176
0.0,230
0.0,287
0.0,392
0.0,468
0.0,596
0.0,719
0.0,858
0.0,1001
0.0,1120
0.0,1215
0.0,1295
0.0,1385
0.0,1540
0.0,1581
0.0,1709
0.0,1850
0.0,1932
0.0,2115
0.0,2263
0.0,2453
0.0,2639
0.0,2817
0.0,2969
0.0,3109
0.0,3226
0.0,3327
0.0,3460
0.0,3641
0.0,3853
0.0,3906
0.0,3982
0.0,4170
0.0,4327
0.0,4486
0.0,4680
0.0,4904
0.0,5159
0.0,5340
0.0,5457
0.0,5569
0.0,5799
0.0,5929
0.0,6160
0.0,6448
0.0,6555
0.0,6835
0.0,7147
0.0,7375
0.0,7413
0.0,7711
0.0,7972
0.0,8237
0.0,8494
0.0,8775
0.0,9046
