0.00112152099609375,101
0.00112152099609375,202
0.00112152099609375,303
0.00112152099609375,404
0.00112152099609375,505
0.00112152099609375,606
0.00112152099609375,707
0.00112152099609375,808
0.00112152099609375,909
0.00112152099609375,1010
0.00112152099609375,1111
0.00112152099609375,1212
0.00112152099609375,1313
0.00112152099609375,1414
0.002156496047973633,1515
0.002156496047973633,1616
0.002156496047973633,1717
0.002156496047973633,1819
0.002156496047973633,1921
0.002156496047973633,2023
0.002156496047973633,2125
0.002156496047973633,2227
0.002156496047973633,2329
0.002156496047973633,2431
0.002156496047973633,2533
0.002156496047973633,2635
0.002156496047973633,2737
0.002156496047973633,2840
0.002156496047973633,2943
0.002156496047973633,3046
0.002156496047973633,3149
0.002156496047973633,3252
0.002156496047973633,3355
0.002156496047973633,3458
0.002156496047973633,3561
0.002156496047973633,3664
0.002156496047973633,3768
0.002156496047973633,3872
0.002156496047973633,3976
0.002156496047973633,4080
0.002156496047973633,4184
0.002156496047973633,4288
0.002156496047973633,4392
0.002156496047973633,4496
0.002156496047973633,4600
0.002156496047973633,4705
0.002156496047973633,4810
0.002156496047973633,4915
0.002156496047973633,5020
0.002156496047973633,5125
0.002156496047973633,5230
0.002156496047973633,5335
0.002156496047973633,5440
0.002156496047973633,5545
0.002156496047973633,5650
0.002156496047973633,5755
0.002156496047973633,5860
0.002156496047973633,5966
0.002156496047973633,6072
0.002156496047973633,6178
0.002156496047973633,6284
0.002156496047973633,6390
0.002156496047973633,6496
0.002156496047973633,6602
0.002156496047973633,6708
0.002156496047973633,6814
0.002156496047973633,6921
0.002156496047973633,7028
0.002156496047973633,7135
0.002156496047973633,7242
0.002156496047973633,7349
0.002156496047973633,7456
0.002156496047973633,7563
0.002156496047973633,7671
0.002156496047973633,7779
0.002156496047973633,7887
0.002156496047973633,7995
0.002156496047973633,8103
0.002156496047973633,8211
0.002156496047973633,8319
0.002156496047973633,8427
0.002156496047973633,8536
0.002156496047973633,8645
0.002156496047973633,8754
0.002156496047973633,8863
0.002156496047973633,8972
0.002156496047973633,9081
0.002156496047973633,9190
0.002156496047973633,9299
0.002156496047973633,9408
0.002156496047973633,9517
0.002156496047973633,9626
0.002156496047973633,9736
0.002156496047973633,9846
0.002156496047973633,9956
0.002156496047973633,10066
0.002156496047973633,10176
0.002156496047973633,10286
0.002156496047973633,10396
0.002156496047973633,10506
0.002156496047973633,10616
0.002156496047973633,10726
0.002156496047973633,10836
0.002156496047973633,10946
0.002156496047973633,11057
0.002156496047973633,11168
0.002156496047973633,11279
0.002156496047973633,11390
0.002156496047973633,11501
0.002156496047973633,11612
0.002156496047973633,11724
0.002156496047973633,11836
0.002156496047973633,11948
0.002156496047973633,12060
0.002156496047973633,12172
0.002156496047973633,12284
0.002156496047973633,12397
0.002156496047973633,12510
0.002156496047973633,12623
0.002156496047973633,12736
0.002156496047973633,12850
0.002156496047973633,12964
0.002156496047973633,13078
0.002156496047973633,13192
0.002156496047973633,13306
0.002156496047973633,13420
0.002156496047973633,13534
0.002156496047973633,13648
0.002156496047973633,13762
0.002156496047973633,13876
0.002156496047973633,13990
0.002156496047973633,14104
0.002156496047973633,14218
0.002156496047973633,14333
0.002156496047973633,14448
0.002156496047973633,14563
0.002156496047973633,14678
0.002156496047973633,14793
0.002156496047973633,14908
0.002156496047973633,15023
0.002156496047973633,15138
0.002156496047973633,15253
0.002156496047973633,15368
0.002156496047973633,15483
0.002156496047973633,15599
0.002156496047973633,15715
0.002156496047973633,15831
0.002156496047973633,15947
0.002156496047973633,16063
0.002156496047973633,16179
0.002156496047973633,16295
0.002156496047973633,16411
0.002156496047973633,16527
0.002156496047973633,16643
0.002156496047973633,16759
0.002156496047973633,16875
0.002156496047973633,16991
0.002156496047973633,17107
0.002156496047973633,17223
0.002156496047973633,17339
0.002156496047973633,17455
0.002156496047973633,17571
0.002156496047973633,17687
0.002156496047973633,17804
0.002156496047973633,17921
0.002156496047973633,18038
0.002156496047973633,18155
0.002156496047973633,18272
0.002156496047973633,18389
0.002156496047973633,18506
0.002156496047973633,18623
0.002156496047973633,18740
0.002156496047973633,18858
0.002156496047973633,18976
0.002156496047973633,19094
0.002156496047973633,19212
0.002156496047973633,19330
0.002156496047973633,19448
0.002156496047973633,19567
0.002156496047973633,19686
0.002156496047973633,19805
0.002156496047973633,19924
0.002156496047973633,20043
0.002156496047973633,20162
0.002156496047973633,20281
0.002156496047973633,20400
0.002156496047973633,20519
0.002156496047973633,20638
0.002156496047973633,20757
0.002156496047973633,20876
0.002156496047973633,20995
0.002156496047973633,21114
0.002156496047973633,21233
0.002156496047973633,21353
0.002156496047973633,21473
0.002156496047973633,21593
0.002156496047973633,21713
0.002156496047973633,21833
0.002156496047973633,21953
0.002156496047973633,22073
0.002156496047973633,22194
0.002156496047973633,22315
0.002156496047973633,22436
0.002156496047973633,22557
0.002156496047973633,22678
0.002156496047973633,22799
0.002156496047973633,22920
0.002156496047973633,23041
0.002156496047973633,23162
0.002156496047973633,23283
0.002156496047973633,23405
0.002156496047973633,23527
0.002156496047973633,23649
0.002156496047973633,23771
0.002156496047973633,23893
0.002156496047973633,24015
0.002156496047973633,24137
0.002156496047973633,24259
0.002156496047973633,24381
0.002156496047973633,24503
0.002156496047973633,24625
0.002156496047973633,24748
0.002156496047973633,24871
0.002156496047973633,24994
0.002156496047973633,25117
0.002156496047973633,25240
0.002156496047973633,25363
0.002156496047973633,25486
0.002156496047973633,25609
0.002156496047973633,25732
0.002156496047973633,25855
0.002156496047973633,25979
0.002156496047973633,26103
0.002156496047973633,26227
0.002156496047973633,26351
0.002156496047973633,26475
0.002156496047973633,26599
0.002156496047973633,26723
0.002156496047973633,26847
0.002156496047973633,26971
0.002156496047973633,27096
0.002156496047973633,27221
0.002156496047973633,27346
0.002156496047973633,27471
0.002156496047973633,27596
0.002156496047973633,27721
0.002156496047973633,27846
0.002156496047973633,27971
0.002156496047973633,28096
0.002156496047973633,28221
0.002156496047973633,28347
0.002156496047973633,28473
0.002156496047973633,28599
0.002156496047973633,28725
0.002156496047973633,28851
0.002156496047973633,28977
0.002156496047973633,29104
0.002156496047973633,29231
0.002156496047973633,29358
0.002156496047973633,29485
0.002156496047973633,29612
0.002156496047973633,29739
0.002156496047973633,29866
0.002156496047973633,29993
0.002156496047973633,30120
0.002156496047973633,30247
0.002156496047973633,30374
0.002156496047973633,30502
0.002156496047973633,30630
0.002156496047973633,30758
0.002156496047973633,30886
0.002156496047973633,31014
0.002156496047973633,31142
0.002156496047973633,31270
0.002156496047973633,31398
0.002156496047973633,31526
0.002156496047973633,31654
0.002156496047973633,31783
0.002156496047973633,31912
0.002156496047973633,32041
0.002156496047973633,32170
0.002156496047973633,32299
0.002156496047973633,32428
0.002156496047973633,32557
0.002156496047973633,32686
0.002156496047973633,32816
0.002156496047973633,32946
0.002156496047973633,33076
0.002156496047973633,33206
0.002156496047973633,33336
0.002156496047973633,33466
0.002156496047973633,33596
0.002156496047973633,33727
0.002156496047973633,33858
0.002156496047973633,33989
0.002156496047973633,34120
0.002156496047973633,34251
0.002156496047973633,34382
0.002156496047973633,34514
0.002156496047973633,34646
0.002156496047973633,34778
0.002156496047973633,34910
0.002156496047973633,35042
0.002156496047973633,35174
0.002156496047973633,35306
0.002156496047973633,35438
0.002156496047973633,35570
0.002156496047973633,35702
0.002156496047973633,35835
0.002156496047973633,35968
0.002156496047973633,36101
0.002156496047973633,36234
0.002156496047973633,36367
0.002156496047973633,36500
0.002156496047973633,36633
0.002156496047973633,36766
0.002156496047973633,36899
0.002156496047973633,37032
0.002156496047973633,37165
0.002156496047973633,37299
0.002156496047973633,37433
0.002156496047973633,37567
0.002156496047973633,37701
0.002156496047973633,37835
0.002156496047973633,37969
0.002156496047973633,38104
0.002156496047973633,38239
0.002156496047973633,38374
0.002156496047973633,38509
0.002156496047973633,38644
0.002156496047973633,38779
0.002156496047973633,38914
0.002156496047973633,39049
0.002156496047973633,39184
0.002156496047973633,39319
0.002156496047973633,39455
0.002156496047973633,39591
0.002156496047973633,39727
0.002156496047973633,39863
0.002156496047973633,39999
0.002156496047973633,40135
0.002156496047973633,40271
0.002156496047973633,40407
0.002156496047973633,40543
0.002156496047973633,40679
0.002156496047973633,40815
0.002156496047973633,40951
0.002156496047973633,41087
0.002156496047973633,41223
0.002156496047973633,41359
0.002156496047973633,41496
0.002156496047973633,41633
0.002156496047973633,41770
0.002156496047973633,41907
0.002156496047973633,42044
0.002156496047973633,42181
0.002156496047973633,42318
0.002156496047973633,42455
0.002156496047973633,42592
0.002156496047973633,42729
0.002156496047973633,42866
0.002156496047973633,43004
0.002156496047973633,43142
0.002156496047973633,43280
0.002156496047973633,43419
0.002156496047973633,43558
0.002156496047973633,43697
0.002156496047973633,43836
0.002156496047973633,43975
0.002156496047973633,44114
0.002156496047973633,44253
0.002156496047973633,44392
0.002156496047973633,44532
0.002156496047973633,44672
0.002156496047973633,44812
0.002156496047973633,44952
0.002156496047973633,45092
0.002156496047973633,45232
0.002156496047973633,45372
0.002156496047973633,45513
0.002156496047973633,45654
0.002156496047973633,45795
0.002156496047973633,45936
0.002156496047973633,46077
0.002156496047973633,46218
0.002156496047973633,46359
0.002156496047973633,46500
0.002156496047973633,46641
0.002156496047973633,46782
0.002156496047973633,46924
0.002156496047973633,47066
0.002156496047973633,47208
0.002156496047973633,47350
0.002156496047973633,47492
0.002156496047973633,47634
0.002156496047973633,47776
0.002156496047973633,47918
0.002156496047973633,48060
0.002156496047973633,48202
0.002156496047973633,48344
0.002156496047973633,48486
0.002156496047973633,48628
0.002156496047973633,48770
0.002156496047973633,48913
0.002156496047973633,49056
0.002156496047973633,49199
0.002156496047973633,49342
0.002156496047973633,49485
0.002156496047973633,49628
0.002156496047973633,49771
0.002156496047973633,49914
0.002156496047973633,50057
0.002156496047973633,50200
0.002156496047973633,50344
0.002156496047973633,50488
0.002156496047973633,50632
0.002156496047973633,50776
0.002156496047973633,50920
0.002156496047973633,51064
0.002156496047973633,51208
0.002156496047973633,51352
0.002156496047973633,51497
0.002156496047973633,51642
0.002156496047973633,51787
0.002156496047973633,51932
0.002156496047973633,52077
0.002156496047973633,52223
0.002156496047973633,52369
0.002156496047973633,52515
0.002156496047973633,52661
0.002156496047973633,52807
0.002156496047973633,52953
0.002156496047973633,53099
0.002156496047973633,53245
0.002156496047973633,53391
0.002156496047973633,53537
0.002156496047973633,53683
0.002156496047973633,53830
0.002156496047973633,53977
0.002156496047973633,54124
0.002156496047973633,54271
0.002156496047973633,54418
0.002156496047973633,54565
0.002156496047973633,54712
0.002156496047973633,54859
0.002156496047973633,55006
0.002156496047973633,55154
0.002156496047973633,55302
0.002156496047973633,55450
0.002156496047973633,55598
0.002156496047973633,55746
0.002156496047973633,55894
0.002156496047973633,56043
0.002156496047973633,56192
0.002156496047973633,56341
0.002156496047973633,56490
0.002156496047973633,56639
0.002156496047973633,56788
0.002156496047973633,56937
0.002156496047973633,57086
0.002156496047973633,57235
0.002156496047973633,57384
0.002156496047973633,57533
0.002156496047973633,57682
0.002156496047973633,57831
0.002156496047973633,57980
0.002156496047973633,58129
0.002156496047973633,58278
0.002156496047973633,58427
0.002156496047973633,58577
0.002156496047973633,58727
0.002156496047973633,58877
0.002156496047973633,59027
0.002156496047973633,59177
0.002156496047973633,59327
0.002156496047973633,59477
0.002156496047973633,59627
0.002156496047973633,59777
0.002156496047973633,59927
0.002156496047973633,60077
0.002156496047973633,60227
0.002156496047973633,60377
0.002156496047973633,60527
0.002156496047973633,60678
0.002156496047973633,60829
0.002156496047973633,60980
0.002156496047973633,61131
0.002156496047973633,61282
0.002156496047973633,61433
0.002156496047973633,61584
0.002156496047973633,61735
0.002156496047973633,61886
0.002156496047973633,62037
0.002156496047973633,62188
0.002156496047973633,62339
0.002156496047973633,62491
0.002156496047973633,62643
0.002156496047973633,62795
0.002156496047973633,62947
0.002156496047973633,63099
0.002156496047973633,63251
0.002156496047973633,63403
0.002156496047973633,63555
0.002156496047973633,63707
0.002156496047973633,63859
0.002156496047973633,64011
0.002156496047973633,64164
0.002156496047973633,64317
0.002156496047973633,64470
0.002156496047973633,64623
0.002156496047973633,64776
0.002156496047973633,64929
0.002156496047973633,65082
0.002156496047973633,65235
0.002156496047973633,65389
0.002156496047973633,65543
0.002156496047973633,65697
0.002156496047973633,65851
0.002156496047973633,66005
0.002156496047973633,66159
0.002156496047973633,66313
0.002156496047973633,66467
0.002156496047973633,66621
0.002156496047973633,66776
0.002156496047973633,66931
0.002156496047973633,67086
0.002156496047973633,67241
0.002156496047973633,67396
0.002156496047973633,67551
0.002156496047973633,67706
0.002156496047973633,67861
0.002156496047973633,68016
0.002156496047973633,68171
0.002156496047973633,68326
0.002156496047973633,68481
0.002156496047973633,68636
0.002156496047973633,68792
0.002156496047973633,68948
0.002156496047973633,69104
0.002156496047973633,69260
0.002156496047973633,69416
0.002156496047973633,69572
0.002156496047973633,69728
0.002156496047973633,69884
0.002156496047973633,70040
0.002156496047973633,70196
0.002156496047973633,70352
0.002156496047973633,70508
0.002156496047973633,70665
0.002156496047973633,70822
0.002156496047973633,70979
0.002156496047973633,71136
0.002156496047973633,71293
0.002156496047973633,71450
0.002156496047973633,71608
0.002156496047973633,71766
0.002156496047973633,71924
0.002156496047973633,72082
0.002156496047973633,72240
0.002156496047973633,72398
0.002156496047973633,72556
0.002156496047973633,72714
0.002156496047973633,72872
0.002156496047973633,73030
0.002156496047973633,73188
0.002156496047973633,73347
0.002156496047973633,73506
0.002156496047973633,73665
0.002156496047973633,73824
0.002156496047973633,73983
0.002156496047973633,74142
0.002156496047973633,74301
0.002156496047973633,74460
0.002156496047973633,74619
0.002156496047973633,74778
0.002156496047973633,74937
0.002156496047973633,75097
0.002156496047973633,75257
0.002156496047973633,75417
0.002156496047973633,75577
0.002156496047973633,75737
0.002156496047973633,75897
0.002156496047973633,76057
0.002156496047973633,76218
0.002156496047973633,76379
0.002156496047973633,76540
0.002156496047973633,76701
0.002156496047973633,76862
0.002156496047973633,77023
0.002156496047973633,77184
0.002156496047973633,77345
0.002156496047973633,77506
0.002156496047973633,77667
0.002156496047973633,77828
0.002156496047973633,77989
0.002156496047973633,78150
0.002156496047973633,78311
0.002156496047973633,78472
0.002156496047973633,78633
0.002156496047973633,78794
0.002156496047973633,78955
0.002156496047973633,79117
0.002156496047973633,79279
0.002156496047973633,79441
0.002156496047973633,79603
0.002156496047973633,79765
0.002156496047973633,79927
0.002156496047973633,80089
0.002156496047973633,80252
0.002156496047973633,80415
0.002156496047973633,80578
0.002156496047973633,80741
0.002156496047973633,80904
0.002156496047973633,81067
0.002156496047973633,81230
0.002156496047973633,81393
0.002156496047973633,81556
0.002156496047973633,81720
0.002156496047973633,81884
0.002156496047973633,82048
0.002156496047973633,82212
0.002156496047973633,82376
0.002156496047973633,82540
0.002156496047973633,82704
0.002156496047973633,82868
0.002156496047973633,83033
0.002156496047973633,83198
0.002156496047973633,83364
0.002156496047973633,83530
0.002156496047973633,83696
0.002156496047973633,83862
0.002156496047973633,84028
0.002156496047973633,84194
0.002156496047973633,84360
0.002156496047973633,84526
0.002156496047973633,84692
0.002156496047973633,84858
0.002156496047973633,85024
0.002156496047973633,85190
0.002156496047973633,85357
0.002156496047973633,85524
0.002156496047973633,85691
0.002156496047973633,85858
0.002156496047973633,86025
0.002156496047973633,86192
0.002156496047973633,86359
0.002156496047973633,86527
0.002156496047973633,86695
0.002156496047973633,86863
0.002156496047973633,87031
0.002156496047973633,87199
0.002156496047973633,87367
0.002156496047973633,87535
0.002156496047973633,87703
0.002156496047973633,87871
0.002156496047973633,88039
0.002156496047973633,88208
0.002156496047973633,88377
0.002156496047973633,88546
0.002156496047973633,88715
0.002156496047973633,88884
0.002156496047973633,89053
0.002156496047973633,89222
0.002156496047973633,89391
0.002156496047973633,89560
0.002156496047973633,89730
0.002156496047973633,89900
0.002156496047973633,90070
0.002156496047973633,90240
0.002156496047973633,90410
0.002156496047973633,90580
0.002156496047973633,90750
0.002156496047973633,90920
0.002156496047973633,91091
0.002156496047973633,91262
0.002156496047973633,91433
0.002156496047973633,91604
0.002156496047973633,91775
0.002156496047973633,91946
0.002156496047973633,92117
0.002156496047973633,92288
0.002156496047973633,92459
0.002156496047973633,92630
0.002156496047973633,92802
0.002156496047973633,92974
0.002156496047973633,93146
0.002156496047973633,93318
0.002156496047973633,93490
0.002156496047973633,93662
0.002156496047973633,93834
0.002156496047973633,94006
0.002156496047973633,94178
0.002156496047973633,94350
0.002156496047973633,94522
0.002156496047973633,94695
0.002156496047973633,94868
0.002156496047973633,95041
0.002156496047973633,95214
0.002156496047973633,95387
0.002156496047973633,95560
0.002156496047973633,95733
0.002156496047973633,95906
0.002156496047973633,96079
0.002156496047973633,96252
0.002156496047973633,96425
0.002156496047973633,96598
0.002156496047973633,96771
0.002156496047973633,96945
0.002156496047973633,97119
0.002156496047973633,97293
0.002156496047973633,97467
0.002156496047973633,97641
0.002156496047973633,97815
0.002156496047973633,97989
0.002156496047973633,98163
0.002156496047973633,98338
0.002156496047973633,98513
0.002156496047973633,98688
0.002156496047973633,98863
0.002156496047973633,99038
0.002156496047973633,99213
0.002156496047973633,99388
0.002156496047973633,99563
0.002156496047973633,99738
0.002156496047973633,99913
0.002156496047973633,100088
0.002156496047973633,100263
0.002156496047973633,100439
0.002156496047973633,100615
0.002156496047973633,100791
0.002156496047973633,100967
0.002156496047973633,101143
0.002156496047973633,101319
0.002156496047973633,101495
0.002156496047973633,101671
0.002156496047973633,101847
0.002156496047973633,102024
0.002156496047973633,102201
0.002156496047973633,102378
0.002156496047973633,102555
0.002156496047973633,102732
0.002156496047973633,102909
0.002156496047973633,103086
0.002156496047973633,103263
0.002156496047973633,103441
0.002156496047973633,103619
0.002156496047973633,103797
0.002156496047973633,103975
0.002156496047973633,104153
0.002156496047973633,104331
0.002156496047973633,104509
0.002156496047973633,104687
0.002156496047973633,104866
0.002156496047973633,105045
0.002156496047973633,105224
0.002156496047973633,105403
0.002156496047973633,105583
0.002156496047973633,105763
0.002156496047973633,105943
0.002156496047973633,106123
0.002156496047973633,106303
0.002156496047973633,106483
0.002156496047973633,106663
0.002156496047973633,106843
0.002156496047973633,107023
0.002156496047973633,107203
0.002156496047973633,107383
0.002156496047973633,107563
0.002156496047973633,107743
0.002156496047973633,107924
0.002156496047973633,108105
0.002156496047973633,108286
0.002156496047973633,108467
0.002156496047973633,108648
0.002156496047973633,108829
0.002156496047973633,109010
0.002156496047973633,109191
0.002156496047973633,109373
0.002156496047973633,109555
0.002156496047973633,109737
0.002156496047973633,109919
0.002156496047973633,110101
0.002156496047973633,110283
0.002156496047973633,110465
0.002156496047973633,110647
0.002156496047973633,110829
0.002156496047973633,111012
0.002156496047973633,111195
0.002156496047973633,111378
0.002156496047973633,111561
0.002156496047973633,111744
0.002156496047973633,111927
0.002156496047973633,112110
0.002156496047973633,112293
0.002156496047973633,112476
0.002156496047973633,112660
0.002156496047973633,112844
0.002156496047973633,113028
0.002156496047973633,113212
0.002156496047973633,113396
0.002156496047973633,113580
0.002156496047973633,113764
0.002156496047973633,113948
0.002156496047973633,114132
0.002156496047973633,114317
0.002156496047973633,114502
0.002156496047973633,114687
0.002156496047973633,114872
0.002156496047973633,115057
0.002156496047973633,115242
0.002156496047973633,115427
0.002156496047973633,115612
0.002156496047973633,115797
0.002156496047973633,115982
0.002156496047973633,116167
0.002156496047973633,116353
0.002156496047973633,116539
0.002156496047973633,116725
0.002156496047973633,116911
0.002156496047973633,117097
0.002156496047973633,117283
0.002156496047973633,117469
0.002156496047973633,117655
0.002156496047973633,117841
0.002156496047973633,118027
0.002156496047973633,118213
0.002156496047973633,118399
0.002156496047973633,118585
0.002156496047973633,118771
0.002156496047973633,118957
0.002156496047973633,119143
0.002156496047973633,119329
0.002156496047973633,119516
0.002156496047973633,119703
0.002156496047973633,119890
0.002156496047973633,120077
0.002156496047973633,120264
0.002156496047973633,120451
0.002156496047973633,120639
0.002156496047973633,120827
0.002156496047973633,121015
0.002156496047973633,121203
0.002156496047973633,121391
0.002156496047973633,121579
0.002156496047973633,121767
0.002156496047973633,121955
0.002156496047973633,122143
0.002156496047973633,122331
0.002156496047973633,122520
0.002156496047973633,122709
0.002156496047973633,122898
0.002156496047973633,123087
0.002156496047973633,123276
0.002156496047973633,123465
0.002156496047973633,123654
0.002156496047973633,123843
0.002156496047973633,124032
0.002156496047973633,124221
0.002156496047973633,124410
0.002156496047973633,124599
0.002156496047973633,124788
0.002156496047973633,124977
0.002156496047973633,125167
0.002156496047973633,125357
0.002156496047973633,125547
0.002156496047973633,125737
0.002156496047973633,125927
0.002156496047973633,126117
0.002156496047973633,126307
0.002156496047973633,126498
0.002156496047973633,126689
0.002156496047973633,126880
0.002156496047973633,127071
0.002156496047973633,127262
0.002156496047973633,127453
0.002156496047973633,127644
0.002156496047973633,127835
0.002156496047973633,128026
0.002156496047973633,128217
0.002156496047973633,128408
0.002156496047973633,128599
0.002156496047973633,128791
0.002156496047973633,128983
0.002156496047973633,129175
0.002156496047973633,129367
0.002156496047973633,129559
0.002156496047973633,129751
0.002156496047973633,129943
0.002156496047973633,130136
0.002156496047973633,130329
0.002156496047973633,130522
0.002156496047973633,130715
0.002156496047973633,130908
0.002156496047973633,131101
0.002156496047973633,131294
0.002156496047973633,131487
0.002156496047973633,131680
0.002156496047973633,131874
0.002156496047973633,132068
0.002156496047973633,132262
0.002156496047973633,132456
0.002156496047973633,132650
0.002156496047973633,132844
0.002156496047973633,133038
0.002156496047973633,133232
0.002156496047973633,133426
0.002156496047973633,133620
0.002156496047973633,133814
0.002156496047973633,134008
0.002156496047973633,134203
0.002156496047973633,134398
0.002156496047973633,134593
0.002156496047973633,134788
0.002156496047973633,134983
0.002156496047973633,135178
0.002156496047973633,135373
0.002156496047973633,135568
0.002156496047973633,135764
0.002156496047973633,135960
0.002156496047973633,136156
0.002156496047973633,136352
0.002156496047973633,136548
0.002156496047973633,136744
0.002156496047973633,136941
0.002156496047973633,137138
0.002156496047973633,137335
0.002156496047973633,137532
0.002156496047973633,137729
0.002156496047973633,137926
0.002156496047973633,138123
0.002156496047973633,138320
0.002156496047973633,138517
0.002156496047973633,138714
0.002156496047973633,138911
0.002156496047973633,139108
0.002156496047973633,139306
0.002156496047973633,139504
0.002156496047973633,139702
0.002156496047973633,139900
0.002156496047973633,140098
0.002156496047973633,140296
0.002156496047973633,140494
0.002156496047973633,140692
0.002156496047973633,140890
0.002156496047973633,141088
0.002156496047973633,141286
0.002156496047973633,141485
0.002156496047973633,141684
0.002156496047973633,141883
0.002156496047973633,142082
0.002156496047973633,142281
0.002156496047973633,142480
0.002156496047973633,142679
0.002156496047973633,142878
0.002156496047973633,143078
0.002156496047973633,143278
0.002156496047973633,143478
0.002156496047973633,143678
0.002156496047973633,143878
0.002156496047973633,144078
0.002156496047973633,144278
0.002156496047973633,144478
0.002156496047973633,144678
0.002156496047973633,144878
0.002156496047973633,145078
0.002156496047973633,145279
0.002156496047973633,145480
0.002156496047973633,145681
0.002156496047973633,145882
0.002156496047973633,146083
0.002156496047973633,146284
0.002156496047973633,146485
0.002156496047973633,146686
0.002156496047973633,146888
