0.0010285377502441406,101
0.0010285377502441406,202
0.0010285377502441406,305
0.0010285377502441406,408
0.0010285377502441406,513
0.0010285377502441406,618
0.0010285377502441406,723
0.0010285377502441406,830
0.0010285377502441406,937
0.0010285377502441406,1045
0.0010285377502441406,1153
0.0010285377502441406,1261
0.0010285377502441406,1370
0.0010285377502441406,1479
0.0010285377502441406,1588
0.0010285377502441406,1697
0.0010285377502441406,1807
0.0010285377502441406,1917
0.0010285377502441406,2027
0.0010285377502441406,2137
0.0010285377502441406,2248
0.0010285377502441406,2361
0.0010285377502441406,2475
0.0010285377502441406,2589
0.0010285377502441406,2704
0.0010285377502441406,2819
0.0010285377502441406,2935
0.0010285377502441406,3051
0.0010285377502441406,3167
0.0010285377502441406,3284
0.0010285377502441406,3401
0.0010285377502441406,3518
0.0010285377502441406,3635
0.0010285377502441406,3753
0.0010285377502441406,3871
0.0010285377502441406,3990
0.0010285377502441406,4109
0.0010285377502441406,4228
0.0010285377502441406,4348
0.0010285377502441406,4468
0.0010285377502441406,4588
0.0010285377502441406,4709
0.0010285377502441406,4830
0.0010285377502441406,4952
0.0010285377502441406,5074
0.0010285377502441406,5197
0.0010285377502441406,5321
0.0010285377502441406,5445
0.0010285377502441406,5570
0.0010285377502441406,5696
0.0010285377502441406,5822
0.0010285377502441406,5949
0.0010285377502441406,6077
0.0010285377502441406,6205
0.0010285377502441406,6333
0.0010285377502441406,6462
0.0010285377502441406,6592
0.0010285377502441406,6722
0.0010285377502441406,6853
0.0010285377502441406,6985
0.0010285377502441406,7117
0.0010285377502441406,7249
0.0010285377502441406,7382
0.0010285377502441406,7515
0.0010285377502441406,7648
0.0010285377502441406,7781
0.0010285377502441406,7914
0.0010285377502441406,8048
0.0010285377502441406,8183
0.0010285377502441406,8318
0.0010285377502441406,8453
0.0010285377502441406,8589
0.0010285377502441406,8725
0.0010285377502441406,8862
0.0010285377502441406,9000
0.0010285377502441406,9139
0.0010285377502441406,9279
0.0010285377502441406,9419
0.0010285377502441406,9560
0.0010285377502441406,9701
0.0010285377502441406,9843
0.0010285377502441406,9985
0.0010285377502441406,10128
0.0010285377502441406,10272
0.0010285377502441406,10416
0.0010285377502441406,10561
0.0010285377502441406,10706
0.0010285377502441406,10852
0.0010285377502441406,10999
0.0010285377502441406,11147
0.0010285377502441406,11296
0.0010285377502441406,11445
0.0010285377502441406,11595
0.0010285377502441406,11745
0.0010285377502441406,11896
0.0010285377502441406,12047
0.0010285377502441406,12199
0.0010285377502441406,12351
0.0010285377502441406,12503
0.0010285377502441406,12655
0.0010285377502441406,12807
0.0010285377502441406,12960
0.0010285377502441406,13113
0.0010285377502441406,13267
0.0010285377502441406,13422
0.0010285377502441406,13578
0.0010285377502441406,13735
0.0010285377502441406,13893
0.0010285377502441406,14051
0.0010285377502441406,14210
0.0010285377502441406,14370
0.0010285377502441406,14530
0.0010285377502441406,14690
0.0010285377502441406,14851
0.0010285377502441406,15012
0.0010285377502441406,15173
0.0010285377502441406,15336
0.0010285377502441406,15499
0.0010285377502441406,15662
0.0010285377502441406,15826
0.0010285377502441406,15990
0.0010285377502441406,16154
0.0010285377502441406,16318
0.0010285377502441406,16483
0.0010285377502441406,16649
0.0010285377502441406,16815
0.0010285377502441406,16981
0.0010285377502441406,17147
0.0010285377502441406,17313
0.0010285377502441406,17483
0.0010285377502441406,17653
0.0010285377502441406,17824
0.0010285377502441406,17995
0.0010285377502441406,18166
0.0010285377502441406,18337
0.0010285377502441406,18509
0.0010285377502441406,18681
0.0010285377502441406,18854
0.0010285377502441406,19028
0.0010285377502441406,19202
0.0010285377502441406,19376
0.0010285377502441406,19553
0.0010285377502441406,19730
0.0010285377502441406,19909
0.0010285377502441406,20088
0.0010285377502441406,20268
0.0010285377502441406,20448
0.0010285377502441406,20629
0.0010285377502441406,20810
0.0010285377502441406,20992
0.0010285377502441406,21174
0.0010285377502441406,21356
0.0010285377502441406,21538
0.0010285377502441406,21722
0.0010285377502441406,21906
0.0010285377502441406,22092
0.0010285377502441406,22278
0.0010285377502441406,22466
0.0010285377502441406,22654
0.0010285377502441406,22842
0.0010285377502441406,23031
0.0010285377502441406,23220
0.0010285377502441406,23409
0.0010285377502441406,23598
0.0010285377502441406,23787
0.0010285377502441406,23977
0.0010285377502441406,24167
0.0010285377502441406,24357
0.0010285377502441406,24548
0.0010285377502441406,24739
0.0010285377502441406,24930
0.0010285377502441406,25121
0.0010285377502441406,25312
0.0010285377502441406,25504
0.0010285377502441406,25696
0.0010285377502441406,25889
0.0010285377502441406,26083
0.0010285377502441406,26277
0.0010285377502441406,26471
0.0010285377502441406,26665
0.0010285377502441406,26860
0.0010285377502441406,27055
0.0010285377502441406,27250
0.0010285377502441406,27446
0.0010285377502441406,27643
0.0010285377502441406,27840
0.0010285377502441406,28037
0.0010285377502441406,28234
0.0010285377502441406,28431
0.0010285377502441406,28629
0.0010285377502441406,28827
