0.0019931793212890625,978
0.0019931793212890625,1948
0.0019931793212890625,2599
0.0019931793212890625,3248
0.0019931793212890625,3889
0.0019931793212890625,4443
0.0019931793212890625,4952
0.0019931793212890625,5449
0.0019931793212890625,5846
0.0019931793212890625,6224
0.0019931793212890625,6958
0.0019931793212890625,7678
0.0019931793212890625,8364
0.0019931793212890625,8702
0.0019931793212890625,9000
0.0019931793212890625,9274
0.0019931793212890625,9542
0.0019931793212890625,10078
0.0019931793212890625,10997
0.0019931793212890625,11675
0.0019931793212890625,12353
0.0019931793212890625,12980
0.0019931793212890625,13764
0.0019931793212890625,13960
0.0019931793212890625,14543
0.0019931793212890625,15428
0.0019931793212890625,16117
0.0019931793212890625,16800
0.0019931793212890625,16969
0.0019931793212890625,17464
0.0019931793212890625,18112
0.0019931793212890625,19026
0.0019931793212890625,19313
0.0019931793212890625,20163
0.0019931793212890625,20944
0.0019931793212890625,21463
0.0019931793212890625,22362
0.0019931793212890625,22866
0.0019931793212890625,23240
0.0019931793212890625,24203
0.0019931793212890625,24923
0.0019931793212890625,25622
0.0019931793212890625,26510
0.0019931793212890625,27253
0.0019931793212890625,27774
0.0019931793212890625,28274
0.0019931793212890625,28905
0.0019931793212890625,29696
0.0019931793212890625,30572
0.0019931793212890625,31179
0.0019931793212890625,32038
0.0019931793212890625,32798
0.0019931793212890625,33381
0.0019931793212890625,34129
0.0019931793212890625,35034
0.0019931793212890625,35524
0.0019931793212890625,36086
0.0019931793212890625,36728
0.0019931793212890625,36966
0.0019931793212890625,37678
0.0019931793212890625,38448
0.0019931793212890625,39099
0.0019931793212890625,39384
0.0019931793212890625,40371
0.0019931793212890625,41270
0.0019931793212890625,41753
0.0019931793212890625,42020
0.0019931793212890625,42945
0.0019931793212890625,43935
0.0019931793212890625,44519
0.0019931793212890625,45474
0.0019931793212890625,46421
0.0019931793212890625,47400
0.0019931793212890625,48372
0.0019931793212890625,49340
0.0019931793212890625,50110
0.0019931793212890625,51108
0.0019931793212890625,51798
0.0019931793212890625,52709
0.0019931793212890625,53615
0.0019931793212890625,54501
0.0019931793212890625,55359
0.0019931793212890625,55895
0.0019931793212890625,56684
0.0019931793212890625,57670
0.0019931793212890625,58444
0.0019931793212890625,59269
0.0019931793212890625,60089
0.0019931793212890625,60804
0.0019931793212890625,60855
0.0019931793212890625,61453
0.0019931793212890625,62199
0.0019931793212890625,63110
0.0019931793212890625,64067
0.0019931793212890625,64729
0.0019931793212890625,65363
0.0019931793212890625,66307
0.0019931793212890625,67012
0.0019931793212890625,67841
0.0019931793212890625,68059
0.0019931793212890625,68753
0.0019931793212890625,69568
0.0019931793212890625,70452
0.0019931793212890625,71083
0.0019931793212890625,71640
0.0019931793212890625,72153
0.0019931793212890625,72743
0.0019931793212890625,73212
0.0019931793212890625,73407
0.0019931793212890625,74137
0.0019931793212890625,75096
0.0019931793212890625,75633
0.0019931793212890625,76507
0.0019931793212890625,77031
0.0019931793212890625,77814
0.0019931793212890625,78811
0.0019931793212890625,79106
0.0019931793212890625,80060
0.0019931793212890625,80830
0.0019931793212890625,81474
0.0019931793212890625,81760
0.0019931793212890625,82042
0.0019931793212890625,83026
0.0019931793212890625,83788
0.0019931793212890625,83994
0.0019931793212890625,84777
0.0019931793212890625,85675
0.0019931793212890625,86432
0.0019931793212890625,87415
0.0019931793212890625,88101
0.0019931793212890625,88647
0.0019931793212890625,89536
0.0019931793212890625,90520
0.0019931793212890625,91154
0.0019931793212890625,91946
0.0019931793212890625,92821
0.0019931793212890625,93413
0.0019931793212890625,94401
0.0019931793212890625,95386
0.0019931793212890625,96001
0.0019931793212890625,96093
0.0019931793212890625,96858
0.0019931793212890625,97796
0.0019931793212890625,98339
0.0019931793212890625,98728
0.0019931793212890625,99563
0.0019931793212890625,100353
0.0019931793212890625,100587
0.0019931793212890625,101434
0.0019931793212890625,102395
0.0019931793212890625,102911
0.0019931793212890625,103885
0.0019931793212890625,104656
0.0019931793212890625,105138
0.0019931793212890625,106100
0.0019931793212890625,106326
0.0019931793212890625,107256
0.0019931793212890625,107453
0.0019931793212890625,108128
0.0019931793212890625,108212
0.0019931793212890625,109157
0.0019931793212890625,109705
0.0019931793212890625,110539
0.0019931793212890625,111157
0.0019931793212890625,112118
0.0019931793212890625,112781
0.0019931793212890625,113652
0.0019931793212890625,114574
0.0019931793212890625,115127
0.0019931793212890625,115943
0.0019931793212890625,116782
0.0019931793212890625,117437
0.0019931793212890625,118167
0.0019931793212890625,118880
0.0019931793212890625,119716
0.0019931793212890625,120602
0.0019931793212890625,121157
0.0019931793212890625,121881
0.0019931793212890625,122555
0.0019931793212890625,123118
0.0019931793212890625,124023
0.0019931793212890625,124755
0.0019931793212890625,125730
0.0019931793212890625,126338
0.0019931793212890625,127206
0.0019931793212890625,127921
0.0019931793212890625,128562
0.0019931793212890625,129013
0.0019931793212890625,129556
0.0019931793212890625,130141
0.0019931793212890625,131122
0.0019931793212890625,131816
0.0019931793212890625,132803
0.0019931793212890625,133580
0.0019931793212890625,134537
0.0019931793212890625,135491
0.0019931793212890625,136008
0.0019931793212890625,136834
0.0019931793212890625,137722
0.0019931793212890625,138518
0.0019931793212890625,139291
0.0019931793212890625,140148
0.0019931793212890625,140937
0.0019931793212890625,141703
0.0019931793212890625,142575
0.0019931793212890625,143224
0.0019931793212890625,143908
0.0019931793212890625,144805
0.0019931793212890625,145168
0.0019931793212890625,146000
0.0019931793212890625,146170
0.0019931793212890625,147081
0.0019931793212890625,147799
0.0019931793212890625,148637
0.0019931793212890625,149301
0.0019931793212890625,149777
0.0019931793212890625,150687
0.0019931793212890625,151389
0.0019931793212890625,152171
0.0019931793212890625,153007
0.0019931793212890625,153936
0.0019931793212890625,154501
0.0019931793212890625,155185
0.0019931793212890625,155406
0.0019931793212890625,155887
0.0019931793212890625,156546
0.0019931793212890625,157384
0.0019931793212890625,158099
0.0019931793212890625,158714
0.0019931793212890625,159187
0.0019931793212890625,159640
0.0019931793212890625,160052
0.0019931793212890625,161052
0.0019931793212890625,161404
0.0019931793212890625,162300
0.0019931793212890625,163116
0.0019931793212890625,163388
0.0019931793212890625,164335
0.0019931793212890625,165221
0.0019931793212890625,166161
0.0019931793212890625,166867
0.0019931793212890625,167382
0.0019931793212890625,168124
0.0019931793212890625,168998
0.0019931793212890625,169567
0.0019931793212890625,170135
0.0019931793212890625,171077
0.0019931793212890625,171887
0.0019931793212890625,172747
0.0019931793212890625,173677
0.0019931793212890625,174066
0.0019931793212890625,174954
0.0019931793212890625,175860
0.0019931793212890625,176670
0.0019931793212890625,177572
0.0019931793212890625,178253
0.0019931793212890625,178472
0.0019931793212890625,179055
0.0019931793212890625,179998
0.0019931793212890625,180843
0.0019931793212890625,181596
0.0019931793212890625,182527
0.0019931793212890625,183206
0.0019931793212890625,183973
0.0019931793212890625,184649
0.0019931793212890625,185466
0.0019931793212890625,186441
0.0019931793212890625,187411
0.0019931793212890625,188128
0.0019931793212890625,188753
0.0019931793212890625,189100
0.0019931793212890625,189828
0.0019931793212890625,190330
0.0019931793212890625,190811
0.0019931793212890625,191257
0.0019931793212890625,192216
0.0019931793212890625,193069
0.0019931793212890625,193614
0.0019931793212890625,194261
0.0019931793212890625,194871
0.0019931793212890625,195192
0.0019931793212890625,195901
0.0019931793212890625,196154
0.0019931793212890625,196238
0.0019931793212890625,197177
0.0019931793212890625,198063
0.0019931793212890625,198981
0.0019931793212890625,199615
0.0019931793212890625,200063
0.0019931793212890625,200743
0.0019931793212890625,201617
0.0019931793212890625,202391
0.0019931793212890625,203165
0.0019931793212890625,203854
0.0019931793212890625,204116
0.0019931793212890625,204344
0.0019931793212890625,204865
0.0019931793212890625,205223
0.0019931793212890625,205970
0.0019931793212890625,206733
0.0019931793212890625,207366
0.0019931793212890625,208273
0.0019931793212890625,208580
0.0019931793212890625,208789
0.0019931793212890625,209720
0.0019931793212890625,210457
0.0019931793212890625,210713
0.0019931793212890625,211177
0.0019931793212890625,212018
0.0019931793212890625,212239
0.0019931793212890625,212696
0.0019931793212890625,213184
0.0019931793212890625,213986
0.0019931793212890625,214407
0.0019931793212890625,215015
0.0019931793212890625,215997
0.0019931793212890625,216184
0.0019931793212890625,216370
0.0019931793212890625,216737
0.0019931793212890625,217439
0.0019931793212890625,217820
0.0019931793212890625,218792
0.0019931793212890625,219539
0.0019931793212890625,219987
0.0019931793212890625,220493
0.0019931793212890625,221445
0.0019931793212890625,222233
0.0019931793212890625,222988
0.0019931793212890625,223654
0.0019931793212890625,224630
0.0019931793212890625,225177
0.0019931793212890625,225915
0.0019931793212890625,226755
0.0019931793212890625,227678
0.0019931793212890625,228571
0.0019931793212890625,229532
0.0019931793212890625,230343
0.0019931793212890625,230734
0.0019931793212890625,231351
0.0019931793212890625,231994
0.0019931793212890625,232936
0.0019931793212890625,233589
0.0019931793212890625,234014
0.0019931793212890625,234509
0.0019931793212890625,235357
0.0019931793212890625,235865
0.0019931793212890625,236807
0.0019931793212890625,237284
0.0019931793212890625,237578
0.0019931793212890625,238570
0.0019931793212890625,239211
0.0019931793212890625,240142
0.0019931793212890625,240267
0.0019931793212890625,241209
0.0019931793212890625,241333
0.0019931793212890625,242132
0.0019931793212890625,242683
0.0019931793212890625,243350
0.0019931793212890625,244217
0.0019931793212890625,244608
0.0019931793212890625,244891
0.0019931793212890625,245551
0.0019931793212890625,245914
0.0019931793212890625,246343
0.0019931793212890625,247013
0.0019931793212890625,247629
0.0019931793212890625,248243
0.0019931793212890625,248948
0.0019931793212890625,249879
0.0019931793212890625,250396
0.0019931793212890625,250899
0.0019931793212890625,251334
0.0019931793212890625,252177
0.0019931793212890625,252690
0.0019931793212890625,253556
0.0019931793212890625,254446
0.0019931793212890625,255086
0.0019931793212890625,255869
0.0019931793212890625,256808
0.0019931793212890625,257538
0.0019931793212890625,258273
0.0019931793212890625,259188
0.0019931793212890625,260141
0.0019931793212890625,260705
0.0019931793212890625,261652
0.0019931793212890625,262429
0.0019931793212890625,262887
0.0019931793212890625,263534
0.0019931793212890625,264002
0.0019931793212890625,264482
0.0019931793212890625,264924
0.0019931793212890625,265440
0.0019931793212890625,266383
0.0019931793212890625,266961
0.0019931793212890625,267614
0.0019931793212890625,268428
0.0019931793212890625,269314
0.0019931793212890625,269999
0.0019931793212890625,270136
0.0019931793212890625,270943
0.0019931793212890625,271783
0.0019931793212890625,272437
0.0019931793212890625,273189
0.0019931793212890625,273731
0.0019931793212890625,274579
0.0019931793212890625,275252
0.0019931793212890625,275972
0.0019931793212890625,276704
0.0019931793212890625,277482
0.0019931793212890625,278466
0.0019931793212890625,279322
0.0019931793212890625,280181
0.0019931793212890625,280669
0.0019931793212890625,281537
0.0019931793212890625,282495
0.0019931793212890625,282719
0.0019931793212890625,283694
0.0019931793212890625,283952
0.0019931793212890625,284081
0.0019931793212890625,284925
0.0019931793212890625,285544
0.0019931793212890625,286104
0.0019931793212890625,286476
0.0019931793212890625,287370
0.0019931793212890625,288229
0.0019931793212890625,289088
0.0019931793212890625,289306
0.0019931793212890625,290226
0.0019931793212890625,291213
0.0019931793212890625,291924
0.0019931793212890625,292911
0.0019931793212890625,293695
0.0019931793212890625,294466
0.0019931793212890625,295069
0.0019931793212890625,295940
0.0019931793212890625,296784
0.0019931793212890625,297179
0.0019931793212890625,297605
0.0019931793212890625,298598
0.0019931793212890625,299448
0.0019931793212890625,300022
0.0019931793212890625,301017
0.0019931793212890625,301611
0.0019931793212890625,302561
0.0019931793212890625,303553
0.0019931793212890625,303995
0.0019931793212890625,304596
0.0019931793212890625,305014
0.0019931793212890625,305914
0.0019931793212890625,306685
0.0019931793212890625,307495
0.0019931793212890625,308399
0.0019931793212890625,308856
0.0019931793212890625,309488
0.0019931793212890625,310087
0.0019931793212890625,310959
0.0019931793212890625,310980
0.0019931793212890625,311578
0.0019931793212890625,312160
0.0019931793212890625,313125
0.0019931793212890625,313695
0.0019931793212890625,314232
0.0019931793212890625,315151
0.0019931793212890625,316137
0.0019931793212890625,316771
0.0019931793212890625,317700
0.0019931793212890625,317853
0.0019931793212890625,318577
0.0019931793212890625,319199
0.0019931793212890625,320137
0.0019931793212890625,320756
0.0019931793212890625,321434
0.0019931793212890625,321929
0.0019931793212890625,322443
0.0019931793212890625,322966
0.0019931793212890625,323769
0.0019931793212890625,324330
0.0019931793212890625,325051
0.0019931793212890625,325990
0.0019931793212890625,326799
0.0019931793212890625,327555
0.0019931793212890625,328305
0.0019931793212890625,329232
0.0019931793212890625,329615
0.0019931793212890625,330417
0.0019931793212890625,331130
0.0019931793212890625,331237
0.0019931793212890625,331937
0.0019931793212890625,332782
0.0019931793212890625,333180
0.0019931793212890625,333345
0.0019931793212890625,333830
0.0019931793212890625,334499
0.0019931793212890625,335379
0.0019931793212890625,335852
0.0019931793212890625,336823
0.0019931793212890625,337580
0.0019931793212890625,338566
0.0019931793212890625,339303
0.0019931793212890625,340154
0.0019931793212890625,340858
0.0019931793212890625,341770
0.0019931793212890625,342472
0.0019931793212890625,343079
0.0019931793212890625,343787
0.0019931793212890625,344023
0.0019931793212890625,344353
0.0019931793212890625,345295
0.0019931793212890625,345981
0.0019931793212890625,346889
0.0019931793212890625,347413
0.0019931793212890625,348253
0.0019931793212890625,348673
0.0019931793212890625,349614
0.0019931793212890625,350255
0.0019931793212890625,350989
0.0019931793212890625,351631
0.0019931793212890625,352545
0.0019931793212890625,353431
0.0019931793212890625,353840
0.0019931793212890625,354258
0.0019931793212890625,354476
0.0019931793212890625,355393
0.0019931793212890625,356236
0.0019931793212890625,356435
0.0019931793212890625,356860
0.0019931793212890625,357809
0.0019931793212890625,358414
0.0019931793212890625,359243
0.0019931793212890625,360153
0.0019931793212890625,360521
0.0019931793212890625,361461
0.0019931793212890625,362261
0.0019931793212890625,362899
0.0019931793212890625,363262
0.0019931793212890625,364022
0.0019931793212890625,364454
0.0019931793212890625,364779
0.0019931793212890625,365464
0.0019931793212890625,366367
0.0019931793212890625,366402
0.0019931793212890625,367023
0.0019931793212890625,367870
0.0019931793212890625,368751
0.0019931793212890625,369335
0.0019931793212890625,370274
0.0019931793212890625,370948
0.0019931793212890625,371594
0.0019931793212890625,372507
0.0019931793212890625,373074
0.0019931793212890625,373426
0.0019931793212890625,374136
0.0019931793212890625,374264
0.0019931793212890625,375003
0.0019931793212890625,375953
0.0019931793212890625,376563
0.0019931793212890625,377389
0.0019931793212890625,378087
0.0019931793212890625,378667
0.0019931793212890625,379019
0.0019931793212890625,379819
0.0019931793212890625,380369
0.0019931793212890625,380769
0.0019931793212890625,381127
0.0019931793212890625,381774
0.0019931793212890625,382487
0.0019931793212890625,383453
0.0019931793212890625,384285
0.0019931793212890625,385097
0.0019931793212890625,385425
0.0019931793212890625,386055
0.0019931793212890625,386846
0.0019931793212890625,387538
0.0019931793212890625,387790
0.0019931793212890625,388625
0.0019931793212890625,389337
0.0019931793212890625,389612
0.0019931793212890625,390581
0.0019931793212890625,391361
0.0019931793212890625,392157
0.0019931793212890625,393054
0.0019931793212890625,393838
0.0019931793212890625,394140
0.0019931793212890625,394545
0.0019931793212890625,395132
0.0019931793212890625,396044
0.0019931793212890625,396955
0.0019931793212890625,397541
0.0019931793212890625,398213
0.0019931793212890625,398733
0.0019931793212890625,398859
0.0019931793212890625,399252
0.0019931793212890625,399582
0.0019931793212890625,400257
0.0019931793212890625,401031
0.0019931793212890625,402029
0.0019931793212890625,402793
0.0019931793212890625,403610
0.0019931793212890625,403780
0.0019931793212890625,404427
0.0019931793212890625,404804
0.0019931793212890625,405488
0.0019931793212890625,406433
0.0019931793212890625,406686
0.0019931793212890625,407121
0.0019931793212890625,407874
0.0019931793212890625,408610
0.0019931793212890625,409464
0.0019931793212890625,410227
0.0019931793212890625,410966
0.0019931793212890625,411946
0.0019931793212890625,412932
0.0019931793212890625,413549
0.0019931793212890625,414211
0.0019931793212890625,415140
0.0019931793212890625,415896
0.0019931793212890625,416330
0.0019931793212890625,416674
0.0019931793212890625,417294
0.0019931793212890625,417891
0.0019931793212890625,418070
0.0019931793212890625,418875
0.0019931793212890625,419329
0.0019931793212890625,420192
0.0019931793212890625,421166
0.0019931793212890625,421938
0.0019931793212890625,422576
0.0019931793212890625,423147
0.0019931793212890625,423918
0.0019931793212890625,424815
0.0019931793212890625,425541
0.0019931793212890625,426348
0.0019931793212890625,426903
0.0019931793212890625,427258
0.0019931793212890625,427731
0.0019931793212890625,428381
0.0019931793212890625,429341
0.0019931793212890625,430153
0.0019931793212890625,430927
0.0019931793212890625,431839
0.0019931793212890625,432735
0.0019931793212890625,433343
0.0019931793212890625,433972
0.0019931793212890625,434323
0.0019931793212890625,435134
0.0019931793212890625,435577
0.0019931793212890625,436388
0.0019931793212890625,437141
0.0019931793212890625,438053
0.0019931793212890625,438869
0.0019931793212890625,439425
0.0019931793212890625,440085
0.0019931793212890625,440959
0.0019931793212890625,441617
0.0019931793212890625,442189
0.0019931793212890625,442745
0.0019931793212890625,443137
0.0019931793212890625,444120
0.0019931793212890625,444652
0.0019931793212890625,445531
0.0019931793212890625,445864
0.0019931793212890625,446755
0.0019931793212890625,447553
0.0019931793212890625,448407
0.0019931793212890625,449028
0.0019931793212890625,449860
0.0019931793212890625,450459
0.0019931793212890625,451055
0.0019931793212890625,451756
0.0019931793212890625,452483
0.0019931793212890625,453084
0.0019931793212890625,453608
0.0019931793212890625,453894
0.0019931793212890625,454577
0.0019931793212890625,455356
0.0019931793212890625,455648
0.0019931793212890625,456557
0.0019931793212890625,457549
0.0019931793212890625,458173
0.0019931793212890625,458608
0.0019931793212890625,459117
0.0019931793212890625,459941
0.0019931793212890625,460894
0.0019931793212890625,461634
0.0019931793212890625,462031
0.0019931793212890625,463002
0.0019931793212890625,463337
0.0019931793212890625,463869
0.0019931793212890625,464658
0.0019931793212890625,464692
0.0019931793212890625,465460
0.0019931793212890625,466152
0.0019931793212890625,466484
0.0019931793212890625,467478
0.0019931793212890625,468354
0.0019931793212890625,469122
0.0019931793212890625,469694
0.0019931793212890625,469889
0.0019931793212890625,470218
0.0019931793212890625,470607
0.0019931793212890625,471444
0.0019931793212890625,472147
0.0019931793212890625,473050
0.0019931793212890625,473477
0.0019931793212890625,474117
0.0019931793212890625,474877
0.0019931793212890625,475543
0.0019931793212890625,476202
0.0019931793212890625,476793
0.0019931793212890625,477383
0.0019931793212890625,478329
0.0019931793212890625,479162
0.0019931793212890625,480028
0.0019931793212890625,480972
0.0019931793212890625,481255
0.0019931793212890625,482004
0.0019931793212890625,482982
0.0019931793212890625,483658
0.0019931793212890625,484452
0.0019931793212890625,485120
0.0019931793212890625,485964
0.0019931793212890625,486546
0.0019931793212890625,487519
0.0019931793212890625,488198
0.0019931793212890625,488907
0.0019931793212890625,489219
0.0019931793212890625,489485
0.0019931793212890625,490418
0.0019931793212890625,490897
0.0019931793212890625,491562
0.0019931793212890625,492194
0.0019931793212890625,493141
0.0019931793212890625,494004
0.0019931793212890625,494416
0.0019931793212890625,495315
0.0019931793212890625,495879
0.0019931793212890625,496295
0.0019931793212890625,496903
0.0019931793212890625,497817
0.0019931793212890625,497919
0.0019931793212890625,498722
0.0019931793212890625,499620
0.0019931793212890625,500454
0.0019931793212890625,501052
0.0019931793212890625,501934
0.0019931793212890625,502543
0.0019931793212890625,503417
0.0019931793212890625,504373
0.0019931793212890625,505132
0.0019931793212890625,505549
0.0019931793212890625,505909
0.0019931793212890625,506313
0.0019931793212890625,507194
0.0019931793212890625,507854
0.0019931793212890625,508074
0.0019931793212890625,508910
0.0019931793212890625,509870
0.0019931793212890625,510811
0.0019931793212890625,511325
0.0019931793212890625,511951
0.0019931793212890625,512351
0.0019931793212890625,513312
0.0019931793212890625,514092
0.0019931793212890625,514334
0.0019931793212890625,514650
0.0019931793212890625,515170
0.0019931793212890625,515794
0.0019931793212890625,516541
0.0019931793212890625,517238
0.0019931793212890625,518045
0.0019931793212890625,518451
0.0019931793212890625,519084
0.0019931793212890625,520060
0.0019931793212890625,520569
0.0019931793212890625,521513
0.0019931793212890625,521911
0.0019931793212890625,522872
0.0019931793212890625,523735
0.0019931793212890625,524609
0.0019931793212890625,525104
0.0019931793212890625,525713
0.0019931793212890625,526504
0.0019931793212890625,527015
0.0019931793212890625,527386
0.0019931793212890625,527762
0.0019931793212890625,528263
0.0019931793212890625,529119
0.0019931793212890625,530028
0.0019931793212890625,530816
0.0019931793212890625,531255
0.0019931793212890625,532249
0.0019931793212890625,533170
0.0019931793212890625,533719
0.0019931793212890625,534250
0.0019931793212890625,535126
0.0019931793212890625,535668
0.0019931793212890625,536341
0.0019931793212890625,536880
0.0019931793212890625,537537
0.0019931793212890625,537719
0.0019931793212890625,538105
0.0019931793212890625,538444
0.0019931793212890625,539411
0.0019931793212890625,540203
0.0019931793212890625,541198
0.0019931793212890625,541523
0.0019931793212890625,541755
0.0019931793212890625,542497
0.0019931793212890625,543163
0.0019931793212890625,543798
0.0019931793212890625,544461
0.0019931793212890625,544645
0.0019931793212890625,545332
0.0019931793212890625,546281
0.0019931793212890625,547246
0.0019931793212890625,547457
0.0019931793212890625,547571
0.0019931793212890625,548562
0.0019931793212890625,549022
0.0019931793212890625,549390
0.0019931793212890625,550097
0.0019931793212890625,550804
0.0019931793212890625,551584
0.0019931793212890625,552166
0.0019931793212890625,552994
0.0019931793212890625,553534
0.0019931793212890625,553877
0.0019931793212890625,554236
0.0019931793212890625,555082
0.0019931793212890625,555941
0.0019931793212890625,556776
0.0019931793212890625,557498
0.0019931793212890625,558192
0.0019931793212890625,559096
0.0019931793212890625,559523
0.0019931793212890625,560510
0.0019931793212890625,561508
0.0019931793212890625,562248
0.0019931793212890625,562916
0.0019931793212890625,563534
0.0019931793212890625,563605
