0.0,791
0.0010006427764892578,1650
0.0010006427764892578,2420
0.0010006427764892578,3331
0.0010006427764892578,3526
0.0010006427764892578,4480
0.0010006427764892578,5250
0.0010006427764892578,5532
0.0010006427764892578,6421
0.0010006427764892578,7145
0.0010006427764892578,8033
0.0010006427764892578,8602
0.0010006427764892578,9545
0.0010006427764892578,10476
0.0010006427764892578,10922
0.0010006427764892578,11874
0.0010006427764892578,12540
0.0010006427764892578,13017
0.0010006427764892578,13658
0.0010006427764892578,14589
0.0010006427764892578,15131
0.0010006427764892578,15987
0.0010006427764892578,16846
0.0010006427764892578,17303
0.0010006427764892578,18003
0.0010006427764892578,18911
0.0010006427764892578,19711
0.0010006427764892578,19839
0.0010006427764892578,19965
0.0010006427764892578,20729
0.0010006427764892578,20982
0.0010006427764892578,21708
0.0010006427764892578,22151
0.0010006427764892578,23084
0.0010006427764892578,23186
0.0010006427764892578,23784
0.0010006427764892578,24658
0.0010006427764892578,25318
0.0010006427764892578,25724
0.0010006427764892578,26685
0.0010006427764892578,27294
0.0010006427764892578,27836
0.0010006427764892578,28834
