0.0010030269622802734,103
0.0010030269622802734,206
0.0010030269622802734,311
0.0010030269622802734,416
0.0010030269622802734,523
0.0010030269622802734,630
0.0010030269622802734,738
0.0010030269622802734,847
0.0010030269622802734,956
0.0010030269622802734,1065
0.0010030269622802734,1175
0.0010030269622802734,1285
0.0010030269622802734,1399
0.0010030269622802734,1514
0.0010030269622802734,1630
0.0010030269622802734,1746
0.0010030269622802734,1863
0.0010030269622802734,1982
0.0010030269622802734,2101
0.0010030269622802734,2221
0.0010030269622802734,2341
0.0010030269622802734,2462
0.0010030269622802734,2586
0.0010030269622802734,2711
0.0010030269622802734,2837
0.0010030269622802734,2963
0.0010030269622802734,3091
0.0010030269622802734,3220
0.0010030269622802734,3350
0.0010030269622802734,3480
0.0010030269622802734,3611
0.0010030269622802734,3744
0.0010030269622802734,3878
0.0010030269622802734,4013
0.0010030269622802734,4153
0.0010030269622802734,4294
0.0010030269622802734,4436
0.0010030269622802734,4579
0.0010030269622802734,4723
0.0010030269622802734,4868
0.0010030269622802734,5013
0.0010030269622802734,5159
0.0010030269622802734,5307
0.0010030269622802734,5456
0.0010030269622802734,5606
0.0010030269622802734,5758
0.0010030269622802734,5910
0.0010030269622802734,6062
0.0010030269622802734,6214
0.0010030269622802734,6372
0.0010030269622802734,6532
0.0010030269622802734,6692
0.0010030269622802734,6853
0.0010030269622802734,7014
0.0010030269622802734,7177
0.0010030269622802734,7341
0.0010030269622802734,7506
0.0010030269622802734,7672
0.0010030269622802734,7838
0.0010030269622802734,8008
0.0010030269622802734,8179
0.0010030269622802734,8350
0.0010030269622802734,8522
0.0010030269622802734,8694
0.0010030269622802734,8868
0.0010030269622802734,9045
0.0010030269622802734,9224
0.0010030269622802734,9404
0.0010030269622802734,9584
0.0010030269622802734,9765
0.0010030269622802734,9947
0.0010030269622802734,10129
0.0010030269622802734,10315
0.0010030269622802734,10501
0.0010030269622802734,10689
0.0010030269622802734,10877
0.0010030269622802734,11066
0.0010030269622802734,11256
0.0010030269622802734,11446
0.0010030269622802734,11637
0.0010030269622802734,11828
0.0010030269622802734,12021
0.0010030269622802734,12215
0.0010030269622802734,12409
0.0010030269622802734,12603
0.0010030269622802734,12798
0.0010030269622802734,12993
0.0010030269622802734,13190
0.0010030269622802734,13387
0.0010030269622802734,13584
0.0010030269622802734,13781
0.0010030269622802734,13978
0.0010030269622802734,14176
0.0010030269622802734,14374
