0.0009975433349609375,651
0.0009975433349609375,1300
0.0009975433349609375,1941
0.0009975433349609375,2495
0.0009975433349609375,2873
0.0009975433349609375,3559
0.0009975433349609375,3857
0.0009975433349609375,4125
0.0009975433349609375,5044
0.0009975433349609375,5828
0.0009975433349609375,6411
0.0009975433349609375,7296
0.0009975433349609375,7985
0.0009975433349609375,8154
0.0009975433349609375,8802
0.0009975433349609375,9716
0.0009975433349609375,10566
0.0009975433349609375,11529
0.0009975433349609375,12228
0.0009975433349609375,13116
0.0009975433349609375,13637
0.0009975433349609375,14137
0.0009975433349609375,14768
0.0009975433349609375,15559
0.0009975433349609375,16435
0.0009975433349609375,17294
0.0009975433349609375,18042
0.0009975433349609375,18947
0.0009975433349609375,19437
0.0009975433349609375,20149
0.0009975433349609375,20919
0.0009975433349609375,21818
0.0009975433349609375,22301
0.0009975433349609375,22885
0.0009975433349609375,23840
0.0009975433349609375,24819
0.0009975433349609375,25589
0.0009975433349609375,26587
0.0009975433349609375,27277
0.0009975433349609375,28188
0.0009975433349609375,29046
0.0009975433349609375,30032
0.0009975433349609375,30083
0.0009975433349609375,30829
0.0009975433349609375,31740
0.0009975433349609375,32697
0.0009975433349609375,33359
0.0009975433349609375,34064
0.0009975433349609375,34282
0.0009975433349609375,34976
0.0009975433349609375,35791
0.0009975433349609375,36675
0.0009975433349609375,37232
0.0009975433349609375,37822
0.0009975433349609375,38017
0.0009975433349609375,38747
0.0009975433349609375,39706
0.0009975433349609375,40580
0.0009975433349609375,41104
0.0009975433349609375,42101
0.0009975433349609375,43055
0.0009975433349609375,43825
0.0009975433349609375,44107
0.0009975433349609375,45091
0.0009975433349609375,45848
0.0009975433349609375,46737
0.0009975433349609375,47529
0.0009975433349609375,48514
0.0009975433349609375,49057
0.0009975433349609375,49847
0.0009975433349609375,50808
0.0009975433349609375,51579
0.0009975433349609375,51663
0.0009975433349609375,52497
0.0009975433349609375,53115
0.0009975433349609375,53778
0.0009975433349609375,54649
0.0009975433349609375,55571
0.0009975433349609375,56410
0.0009975433349609375,57123
0.0009975433349609375,57959
0.0009975433349609375,58845
0.0009975433349609375,59400
0.0009975433349609375,60124
0.0009975433349609375,60798
0.0009975433349609375,61666
0.0009975433349609375,62307
0.0009975433349609375,62758
0.0009975433349609375,63343
0.0009975433349609375,64324
0.0009975433349609375,65311
0.0009975433349609375,66265
0.0009975433349609375,66782
0.0009975433349609375,67608
0.0009975433349609375,68496
0.0009975433349609375,69292
0.0009975433349609375,70081
0.0009975433349609375,70730
0.0009975433349609375,71414
0.0009975433349609375,72311
0.0009975433349609375,72674
0.0009975433349609375,73585
0.0009975433349609375,74423
0.0009975433349609375,75125
0.0009975433349609375,75907
0.0009975433349609375,76743
0.0009975433349609375,77308
0.0009975433349609375,77529
0.0009975433349609375,78002
0.0009975433349609375,78414
0.0009975433349609375,79414
0.0009975433349609375,79766
0.0009975433349609375,80335
0.0009975433349609375,81277
0.0009975433349609375,82087
0.0009975433349609375,83017
0.0009975433349609375,83406
0.0009975433349609375,84294
0.0009975433349609375,85200
0.0009975433349609375,86102
0.0009975433349609375,87045
0.0009975433349609375,87890
0.0009975433349609375,88643
0.0009975433349609375,89574
0.0009975433349609375,90250
0.0009975433349609375,91067
0.0009975433349609375,92037
0.0009975433349609375,92662
0.0009975433349609375,93390
0.0009975433349609375,93836
0.0009975433349609375,94795
0.0009975433349609375,95340
0.0009975433349609375,95661
0.0009975433349609375,95745
0.0009975433349609375,96103
0.0009975433349609375,97010
0.0009975433349609375,97219
0.0009975433349609375,97475
0.0009975433349609375,98277
0.0009975433349609375,98658
0.0009975433349609375,99405
0.0009975433349609375,100357
0.0009975433349609375,101145
0.0009975433349609375,101900
0.0009975433349609375,102566
0.0009975433349609375,103542
0.0009975433349609375,104089
0.0009975433349609375,104929
0.0009975433349609375,105890
0.0009975433349609375,106533
0.0009975433349609375,107475
0.0009975433349609375,108128
0.0009975433349609375,108553
0.0009975433349609375,109048
0.0009975433349609375,109525
0.0009975433349609375,109819
0.0009975433349609375,110460
0.0009975433349609375,111391
0.0009975433349609375,112333
0.0009975433349609375,113132
0.0009975433349609375,113799
0.0009975433349609375,114666
0.0009975433349609375,115057
0.0009975433349609375,115340
0.0009975433349609375,116000
0.0009975433349609375,116363
0.0009975433349609375,116792
0.0009975433349609375,117462
0.0009975433349609375,118078
0.0009975433349609375,118692
0.0009975433349609375,119623
0.0009975433349609375,120140
0.0009975433349609375,120983
0.0009975433349609375,121496
0.0009975433349609375,122136
0.0009975433349609375,123075
0.0009975433349609375,123639
0.0009975433349609375,124586
0.0009975433349609375,125044
0.0009975433349609375,125622
0.0009975433349609375,126275
0.0009975433349609375,127115
0.0009975433349609375,127867
0.0009975433349609375,128409
0.0009975433349609375,129257
0.0009975433349609375,129989
0.0009975433349609375,130973
0.0009975433349609375,131829
0.0009975433349609375,132688
0.0009975433349609375,133556
0.0009975433349609375,133780
0.0009975433349609375,134755
0.0009975433349609375,135013
0.0009975433349609375,135142
0.0009975433349609375,135986
0.0009975433349609375,136605
0.0009975433349609375,137499
0.0009975433349609375,138358
0.0009975433349609375,138576
0.0009975433349609375,139496
0.0009975433349609375,140483
0.0009975433349609375,141194
0.0009975433349609375,142181
0.0009975433349609375,142965
0.0009975433349609375,143568
0.0009975433349609375,143963
0.0009975433349609375,144389
0.0009975433349609375,145239
0.0009975433349609375,146234
0.0009975433349609375,146828
0.0009975433349609375,147246
0.0009975433349609375,148146
0.0009975433349609375,148956
0.0009975433349609375,149860
0.0009975433349609375,150317
0.0009975433349609375,150338
0.0009975433349609375,150920
0.0009975433349609375,151490
0.0009975433349609375,152409
0.0009975433349609375,153043
0.0009975433349609375,153972
0.0009975433349609375,154125
0.0009975433349609375,154747
0.0009975433349609375,155685
0.0009975433349609375,156180
0.0009975433349609375,156983
0.0009975433349609375,157544
0.0009975433349609375,158265
0.0009975433349609375,159021
0.0009975433349609375,159721
0.0009975433349609375,160119
0.0009975433349609375,160284
0.0009975433349609375,160769
0.0009975433349609375,161649
0.0009975433349609375,162122
0.0009975433349609375,163108
0.0009975433349609375,163959
0.0009975433349609375,164663
0.0009975433349609375,165365
0.0009975433349609375,166073
0.0009975433349609375,166403
0.0009975433349609375,167089
0.0009975433349609375,167997
0.0009975433349609375,168837
0.0009975433349609375,169478
0.0009975433349609375,170212
0.0009975433349609375,171126
0.0009975433349609375,171344
0.0009975433349609375,172261
0.0009975433349609375,172686
0.0009975433349609375,173291
0.0009975433349609375,173659
0.0009975433349609375,174459
0.0009975433349609375,174494
0.0009975433349609375,175115
0.0009975433349609375,175996
0.0009975433349609375,176580
0.0009975433349609375,177519
0.0009975433349609375,178193
0.0009975433349609375,178839
0.0009975433349609375,178967
0.0009975433349609375,179917
0.0009975433349609375,180527
0.0009975433349609375,181107
0.0009975433349609375,181907
0.0009975433349609375,182265
0.0009975433349609375,182978
0.0009975433349609375,183670
0.0009975433349609375,184382
0.0009975433349609375,185279
0.0009975433349609375,186063
0.0009975433349609375,186468
0.0009975433349609375,187055
0.0009975433349609375,187967
0.0009975433349609375,188878
0.0009975433349609375,189004
0.0009975433349609375,189679
0.0009975433349609375,190443
0.0009975433349609375,190613
0.0009975433349609375,191260
0.0009975433349609375,191637
0.0009975433349609375,192582
0.0009975433349609375,192835
0.0009975433349609375,193689
0.0009975433349609375,194675
0.0009975433349609375,195292
0.0009975433349609375,196221
0.0009975433349609375,196977
0.0009975433349609375,197411
0.0009975433349609375,197755
0.0009975433349609375,198375
0.0009975433349609375,198554
0.0009975433349609375,199008
0.0009975433349609375,199646
0.0009975433349609375,200217
0.0009975433349609375,200988
0.0009975433349609375,201885
0.0009975433349609375,202611
0.0009975433349609375,203261
0.0009975433349609375,204073
0.0009975433349609375,204985
0.0009975433349609375,205881
0.0009975433349609375,206510
0.0009975433349609375,206861
0.0009975433349609375,207672
0.0009975433349609375,208115
0.0009975433349609375,208931
0.0009975433349609375,209589
0.0009975433349609375,210145
0.0009975433349609375,210677
0.0009975433349609375,211010
0.0009975433349609375,211901
0.0009975433349609375,212699
0.0009975433349609375,213531
0.0009975433349609375,214232
0.0009975433349609375,214833
0.0009975433349609375,215357
0.0009975433349609375,215643
0.0009975433349609375,216326
0.0009975433349609375,217105
0.0009975433349609375,218014
0.0009975433349609375,219006
0.0009975433349609375,219630
0.0009975433349609375,220454
0.0009975433349609375,221194
0.0009975433349609375,222165
0.0009975433349609375,222697
0.0009975433349609375,223486
0.0009975433349609375,223818
0.0009975433349609375,224694
0.0009975433349609375,225266
0.0009975433349609375,225461
0.0009975433349609375,226164
0.0009975433349609375,227067
0.0009975433349609375,227707
0.0009975433349609375,228373
0.0009975433349609375,229032
0.0009975433349609375,229623
0.0009975433349609375,230489
0.0009975433349609375,230772
0.0009975433349609375,231750
0.0009975433349609375,232426
0.0009975433349609375,233270
0.0009975433349609375,234243
0.0009975433349609375,234952
0.0009975433349609375,235218
0.0009975433349609375,236151
0.0009975433349609375,236783
0.0009975433349609375,237347
0.0009975433349609375,238261
0.0009975433349609375,238363
0.0009975433349609375,239197
0.0009975433349609375,239795
0.0009975433349609375,240677
0.0009975433349609375,241286
0.0009975433349609375,242160
0.0009975433349609375,243116
0.0009975433349609375,243875
0.0009975433349609375,244279
0.0009975433349609375,244939
0.0009975433349609375,245159
0.0009975433349609375,246119
0.0009975433349609375,246745
0.0009975433349609375,246987
0.0009975433349609375,247303
0.0009975433349609375,247823
0.0009975433349609375,248520
0.0009975433349609375,248926
0.0009975433349609375,249559
0.0009975433349609375,250535
0.0009975433349609375,251479
0.0009975433349609375,252440
0.0009975433349609375,252935
0.0009975433349609375,253544
0.0009975433349609375,254335
0.0009975433349609375,254846
0.0009975433349609375,255347
0.0009975433349609375,256135
0.0009975433349609375,256574
0.0009975433349609375,257123
0.0009975433349609375,257654
0.0009975433349609375,258530
0.0009975433349609375,259072
0.0009975433349609375,259411
0.0009975433349609375,260378
0.0009975433349609375,260703
0.0009975433349609375,260935
0.0009975433349609375,261677
0.0009975433349609375,262343
0.0009975433349609375,262978
0.0009975433349609375,263641
0.0009975433349609375,263825
0.0009975433349609375,264774
0.0009975433349609375,265739
0.0009975433349609375,265950
0.0009975433349609375,266657
0.0009975433349609375,267000
0.0009975433349609375,267846
0.0009975433349609375,268705
0.0009975433349609375,269427
0.0009975433349609375,270167
0.0009975433349609375,270835
0.0009975433349609375,271453
0.0009975433349609375,272451
0.0009975433349609375,273288
0.0009975433349609375,274157
0.0009975433349609375,274432
0.0009975433349609375,274976
0.0009975433349609375,275454
0.0009975433349609375,276371
0.0009975433349609375,276374
0.0009975433349609375,276379
