0.0009992122650146484,106.0
0.0009992122650146484,70.0
0.0009992122650146484,94.0
0.0009992122650146484,130.0
0.0009992122650146484,97.0
0.0009992122650146484,60.0
0.0009992122650146484,97.0
0.0009992122650146484,109.0
0.0009992122650146484,72.0
0.0009992122650146484,109.0
0.0009992122650146484,97.0
0.0009992122650146484,130.0
0.0009992122650146484,94.0
0.0009992122650146484,70.0
0.0009992122650146484,37.0
0.0009992122650146484,61.0
0.0009992122650146484,94.0
0.0009992122650146484,57.0
0.0009992122650146484,69.0
0.0009992122650146484,106.0
0.0009992122650146484,82.0
0.0009992122650146484,106.0
0.0009992122650146484,69.0
0.0009992122650146484,36.0
0.0009992122650146484,73.0
0.0009992122650146484,109.0
0.0009992122650146484,73.0
0.0009992122650146484,49.0
0.0009992122650146484,73.0
0.0009992122650146484,49.0
0.0009992122650146484,37.0
0.0009992122650146484,61.0
0.0009992122650146484,97.0
0.0009992122650146484,73.0
0.0009992122650146484,36.0
0.0009992122650146484,48.0
0.0009992122650146484,36.0
0.0009992122650146484,73.0
0.0009992122650146484,106.0
0.0009992122650146484,70.0
0.0009992122650146484,106.0
0.0009992122650146484,70.0
0.0009992122650146484,94.0
0.0009992122650146484,61.0
0.0009992122650146484,24.0
0.0009992122650146484,57.0
0.0009992122650146484,94.0
0.0009992122650146484,130.0
0.0009992122650146484,94.0
0.0009992122650146484,70.0
0.0009992122650146484,33.0
0.0009992122650146484,57.0
0.0009992122650146484,93.0
0.0009992122650146484,57.0
0.0009992122650146484,93.0
0.0009992122650146484,57.0
0.0009992122650146484,24.0
0.0009992122650146484,0.0
0.0009992122650146484,37.0
0.0009992122650146484,49.0
0.0009992122650146484,85.0
0.0009992122650146484,73.0
0.0009992122650146484,36.0
0.0009992122650146484,60.0
0.0009992122650146484,36.0
0.0009992122650146484,0.0
0.0009992122650146484,37.0
0.0009992122650146484,70.0
0.0009992122650146484,37.0
0.0009992122650146484,49.0
0.0009992122650146484,37.0
0.0009992122650146484,0.0
0.0009992122650146484,37.0
0.0009992122650146484,70.0
0.0009992122650146484,33.0
0.0009992122650146484,57.0
0.0009992122650146484,69.0
0.0009992122650146484,36.0
0.0009992122650146484,12.0
0.0009992122650146484,0.0
0.0009992122650146484,24.0
0.0009992122650146484,61.0
0.0009992122650146484,94.0
0.0009992122650146484,130.0
0.0009992122650146484,93.0
0.0009992122650146484,130.0
0.0009992122650146484,94.0
0.0009992122650146484,130.0
0.0009992122650146484,97.0
0.0009992122650146484,73.0
0.0009992122650146484,106.0
0.0009992122650146484,73.0
0.0009992122650146484,106.0
0.0009992122650146484,70.0
0.0009992122650146484,106.0
0.0009992122650146484,73.0
0.0009992122650146484,85.0
0.0009992122650146484,118.0
0.0009992122650146484,81.0
0.0009992122650146484,48.0
0.0009992122650146484,81.0
0.0009992122650146484,48.0
0.0009992122650146484,81.0
0.0009992122650146484,118.0
0.0009992122650146484,106.0
0.0009992122650146484,130.0
0.0009992122650146484,94.0
0.0009992122650146484,106.0
0.0009992122650146484,94.0
0.0009992122650146484,106.0
0.0009992122650146484,94.0
0.0009992122650146484,106.0
0.0009992122650146484,94.0
0.0009992122650146484,57.0
0.0009992122650146484,24.0
0.0009992122650146484,57.0
0.0009992122650146484,69.0
0.0009992122650146484,57.0
0.0009992122650146484,69.0
0.0009992122650146484,36.0
0.0009992122650146484,72.0
0.0009992122650146484,48.0
0.0009992122650146484,81.0
0.0009992122650146484,118.0
0.0009992122650146484,81.0
0.0009992122650146484,118.0
0.0009992122650146484,85.0
0.0009992122650146484,109.0
0.0009992122650146484,72.0
0.0009992122650146484,36.0
0.0009992122650146484,69.0
0.0009992122650146484,36.0
0.0009992122650146484,24.0
0.0009992122650146484,36.0
0.0009992122650146484,24.0
0.0009992122650146484,60.0
0.0009992122650146484,24.0
0.0009992122650146484,36.0
0.0009992122650146484,73.0
0.0009992122650146484,106.0
0.0009992122650146484,82.0
0.0009992122650146484,118.0
0.0009992122650146484,81.0
0.0009992122650146484,118.0
0.0009992122650146484,85.0
0.0009992122650146484,49.0
0.0009992122650146484,37.0
0.0009992122650146484,73.0
0.0009992122650146484,106.0
0.0009992122650146484,73.0
0.0009992122650146484,85.0
0.0009992122650146484,49.0
0.0009992122650146484,12.0
0.0009992122650146484,0.0
0.0009992122650146484,37.0
0.0009992122650146484,70.0
0.0009992122650146484,106.0
0.0009992122650146484,130.0
0.0009992122650146484,97.0
0.0009992122650146484,130.0
0.0009992122650146484,106.0
0.0009992122650146484,69.0
0.0009992122650146484,81.0
0.0009992122650146484,118.0
0.0009992122650146484,85.0
0.0009992122650146484,49.0
0.0009992122650146484,82.0
0.0009992122650146484,70.0
0.0009992122650146484,37.0
0.0009992122650146484,73.0
0.0009992122650146484,106.0
0.0009992122650146484,69.0
0.0009992122650146484,106.0
0.0009992122650146484,73.0
0.0009992122650146484,97.0
0.0009992122650146484,73.0
0.0009992122650146484,37.0
0.0009992122650146484,49.0
0.0009992122650146484,85.0
0.0009992122650146484,73.0
0.0009992122650146484,106.0
0.0009992122650146484,70.0
0.0009992122650146484,33.0
0.0009992122650146484,45.0
0.0009992122650146484,69.0
0.0009992122650146484,36.0
0.0009992122650146484,69.0
0.0009992122650146484,57.0
0.0009992122650146484,33.0
0.0009992122650146484,69.0
0.0009992122650146484,33.0
0.0009992122650146484,0.0
0.0009992122650146484,33.0
0.0009992122650146484,70.0
0.0009992122650146484,82.0
0.0009992122650146484,106.0
0.0009992122650146484,69.0
0.0009992122650146484,45.0
0.0009992122650146484,82.0
0.0009992122650146484,118.0
0.0009992122650146484,81.0
0.0009992122650146484,118.0
0.0009992122650146484,106.0
0.0009992122650146484,70.0
0.0009992122650146484,33.0
0.0009992122650146484,70.0
0.0009992122650146484,37.0
0.0009992122650146484,73.0
0.0009992122650146484,85.0
0.0009992122650146484,49.0
0.0009992122650146484,85.0
0.0009992122650146484,109.0
0.0009992122650146484,73.0
0.0009992122650146484,109.0
0.0009992122650146484,85.0
0.0009992122650146484,49.0
0.0009992122650146484,37.0
0.0009992122650146484,49.0
0.0009992122650146484,82.0
0.0009992122650146484,106.0
0.0009992122650146484,69.0
0.0009992122650146484,106.0
0.0009992122650146484,94.0
0.0009992122650146484,130.0
0.0009992122650146484,93.0
0.0009992122650146484,130.0
0.0009992122650146484,94.0
0.0009992122650146484,57.0
0.0009992122650146484,94.0
0.0009992122650146484,106.0
0.0009992122650146484,73.0
0.0009992122650146484,49.0
0.0009992122650146484,82.0
0.0009992122650146484,45.0
0.0009992122650146484,82.0
0.0009992122650146484,45.0
0.0009992122650146484,12.0
0.0009992122650146484,45.0
0.0009992122650146484,81.0
0.0009992122650146484,48.0
0.0009992122650146484,81.0
0.0009992122650146484,45.0
0.0009992122650146484,69.0
0.0009992122650146484,57.0
0.0009992122650146484,33.0
0.0009992122650146484,45.0
0.0009992122650146484,33.0
0.0009992122650146484,57.0
0.0009992122650146484,94.0
0.0009992122650146484,130.0
0.0009992122650146484,94.0
0.0009992122650146484,106.0
0.0009992122650146484,82.0
0.0009992122650146484,118.0
0.0009992122650146484,106.0
0.0009992122650146484,130.0
0.0009992122650146484,94.0
0.0009992122650146484,57.0
0.0009992122650146484,33.0
0.0009992122650146484,69.0
0.0009992122650146484,93.0
0.0009992122650146484,130.0
0.0009992122650146484,94.0
0.0009992122650146484,130.0
0.0009992122650146484,94.0
0.0009992122650146484,57.0
0.0009992122650146484,33.0
0.0009992122650146484,0.0
0.0009992122650146484,12.0
0.0009992122650146484,48.0
0.0009992122650146484,85.0
0.0009992122650146484,118.0
0.0009992122650146484,82.0
0.0009992122650146484,45.0
0.0009992122650146484,69.0
0.0009992122650146484,36.0
0.0009992122650146484,12.0
0.0009992122650146484,48.0
0.0009992122650146484,12.0
0.0009992122650146484,48.0
0.0009992122650146484,81.0
0.0009992122650146484,69.0
0.0009992122650146484,93.0
0.0009992122650146484,69.0
0.0009992122650146484,93.0
0.0009992122650146484,60.0
0.0009992122650146484,72.0
0.0009992122650146484,48.0
0.0009992122650146484,81.0
0.0009992122650146484,118.0
0.0009992122650146484,106.0
0.0009992122650146484,118.0
0.0009992122650146484,85.0
0.0009992122650146484,109.0
0.0009992122650146484,97.0
0.0009992122650146484,61.0
0.0009992122650146484,24.0
0.0009992122650146484,57.0
0.0009992122650146484,33.0
0.0009992122650146484,0.0
0.0009992122650146484,37.0
0.0009992122650146484,73.0
0.0009992122650146484,97.0
0.0009992122650146484,73.0
0.0009992122650146484,97.0
0.0009992122650146484,73.0
0.0009992122650146484,85.0
0.0009992122650146484,118.0
0.0009992122650146484,106.0
0.0009992122650146484,70.0
0.0009992122650146484,94.0
0.0009992122650146484,61.0
0.0009992122650146484,94.0
0.0009992122650146484,106.0
0.0009992122650146484,94.0
0.0009992122650146484,70.0
0.0009992122650146484,33.0
0.0009992122650146484,0.0
0.0009992122650146484,36.0
0.0009992122650146484,73.0
0.0009992122650146484,97.0
0.0009992122650146484,60.0
0.0009992122650146484,93.0
0.0009992122650146484,130.0
0.0009992122650146484,97.0
0.0009992122650146484,109.0
0.0009992122650146484,97.0
0.0009992122650146484,109.0
0.0009992122650146484,72.0
0.0009992122650146484,48.0
0.0009992122650146484,85.0
0.0009992122650146484,118.0
0.0009992122650146484,81.0
0.0009992122650146484,48.0
0.0009992122650146484,85.0
0.0009992122650146484,118.0
0.0009992122650146484,81.0
0.0009992122650146484,48.0
0.0009992122650146484,72.0
0.0009992122650146484,109.0
0.0009992122650146484,72.0
0.0009992122650146484,36.0
0.0009992122650146484,73.0
0.0009992122650146484,49.0
0.0009992122650146484,73.0
0.0009992122650146484,109.0
0.0009992122650146484,73.0
0.0009992122650146484,49.0
0.0009992122650146484,73.0
0.0009992122650146484,49.0
0.0009992122650146484,85.0
0.0009992122650146484,49.0
0.0009992122650146484,37.0
0.0009992122650146484,49.0
0.0009992122650146484,73.0
0.0009992122650146484,106.0
0.0009992122650146484,73.0
0.0009992122650146484,106.0
0.0009992122650146484,94.0
0.0009992122650146484,57.0
0.0009992122650146484,93.0
0.0009992122650146484,57.0
0.0009992122650146484,93.0
0.0009992122650146484,60.0
0.0009992122650146484,93.0
0.0009992122650146484,130.0
0.0009992122650146484,97.0
0.0009992122650146484,109.0
0.0009992122650146484,73.0
0.0009992122650146484,49.0
0.0009992122650146484,37.0
0.0009992122650146484,70.0
0.0009992122650146484,82.0
0.0009992122650146484,49.0
0.0009992122650146484,85.0
0.0009992122650146484,118.0
0.0009992122650146484,81.0
0.0009992122650146484,69.0
0.0021886825561523438,106.0
0.0021886825561523438,118.0
0.0021886825561523438,106.0
0.0021886825561523438,70.0
0.0021886825561523438,37.0
0.0021886825561523438,49.0
0.0021886825561523438,37.0
0.0021886825561523438,70.0
0.0021886825561523438,94.0
0.0021886825561523438,70.0
0.0021886825561523438,106.0
0.0021886825561523438,130.0
0.0021886825561523438,93.0
0.0021886825561523438,130.0
0.0021886825561523438,94.0
0.0021886825561523438,106.0
0.0021886825561523438,69.0
0.0021886825561523438,57.0
0.0021886825561523438,33.0
0.0021886825561523438,69.0
0.0021886825561523438,81.0
0.0021886825561523438,69.0
0.0021886825561523438,33.0
0.0021886825561523438,0.0
0.0021886825561523438,24.0
0.0021886825561523438,0.0
0.0021886825561523438,37.0
0.0021886825561523438,73.0
0.0021886825561523438,106.0
0.0021886825561523438,73.0
0.0021886825561523438,37.0
0.0021886825561523438,61.0
0.0021886825561523438,24.0
0.0021886825561523438,0.0
0.0021886825561523438,36.0
0.0021886825561523438,60.0
0.0021886825561523438,36.0
0.0021886825561523438,60.0
0.0021886825561523438,93.0
0.0021886825561523438,57.0
0.0021886825561523438,33.0
0.0021886825561523438,0.0
0.0021886825561523438,33.0
0.0021886825561523438,57.0
0.0021886825561523438,69.0
0.0021886825561523438,45.0
0.0021886825561523438,81.0
0.0021886825561523438,69.0
0.0021886825561523438,81.0
0.0021886825561523438,69.0
0.0021886825561523438,81.0
0.0021886825561523438,69.0
0.0021886825561523438,93.0
0.0021886825561523438,57.0
0.0021886825561523438,94.0
0.0021886825561523438,61.0
0.0021886825561523438,97.0
0.0021886825561523438,60.0
0.0021886825561523438,72.0
0.0021886825561523438,60.0
0.0021886825561523438,97.0
0.0021886825561523438,109.0
0.0021886825561523438,85.0
0.0021886825561523438,118.0
0.0021886825561523438,82.0
0.0021886825561523438,45.0
0.0021886825561523438,33.0
0.0021886825561523438,57.0
0.0021886825561523438,93.0
0.0021886825561523438,69.0
0.0021886825561523438,106.0
0.0021886825561523438,73.0
0.0021886825561523438,97.0
0.0021886825561523438,73.0
0.0021886825561523438,36.0
0.0021886825561523438,60.0
0.0021886825561523438,24.0
0.0021886825561523438,57.0
0.0021886825561523438,24.0
0.0021886825561523438,36.0
0.0021886825561523438,12.0
0.0021886825561523438,49.0
0.0021886825561523438,37.0
0.0021886825561523438,73.0
0.0021886825561523438,36.0
0.0021886825561523438,0.0
0.0021886825561523438,12.0
0.0021886825561523438,45.0
0.0021886825561523438,69.0
0.0021886825561523438,57.0
0.0021886825561523438,33.0
0.0021886825561523438,70.0
0.0021886825561523438,94.0
0.0021886825561523438,130.0
0.0021886825561523438,93.0
0.0021886825561523438,69.0
0.0021886825561523438,93.0
0.0021886825561523438,130.0
0.0021886825561523438,93.0
0.0021886825561523438,57.0
0.0021886825561523438,94.0
0.0021886825561523438,106.0
0.0021886825561523438,82.0
0.0021886825561523438,106.0
0.0021886825561523438,94.0
0.0021886825561523438,70.0
0.0021886825561523438,33.0
0.0021886825561523438,70.0
0.0021886825561523438,82.0
0.0021886825561523438,49.0
0.0021886825561523438,73.0
0.0021886825561523438,106.0
0.0021886825561523438,82.0
0.0021886825561523438,45.0
0.0021886825561523438,69.0
0.0021886825561523438,106.0
0.0021886825561523438,69.0
0.0021886825561523438,45.0
0.0021886825561523438,82.0
0.0021886825561523438,70.0
0.0021886825561523438,82.0
0.0021886825561523438,70.0
0.0021886825561523438,37.0
0.0021886825561523438,49.0
0.0021886825561523438,37.0
0.0021886825561523438,61.0
0.0021886825561523438,24.0
0.0021886825561523438,61.0
0.0021886825561523438,73.0
0.0021886825561523438,36.0
0.0021886825561523438,12.0
0.0021886825561523438,0.0
0.0021886825561523438,36.0
0.0021886825561523438,48.0
0.0021886825561523438,85.0
0.0021886825561523438,73.0
0.0021886825561523438,106.0
0.0021886825561523438,118.0
0.0021886825561523438,82.0
0.0021886825561523438,118.0
0.0021886825561523438,106.0
0.0021886825561523438,69.0
0.0021886825561523438,93.0
0.0021886825561523438,60.0
0.0021886825561523438,93.0
0.0021886825561523438,69.0
0.0021886825561523438,106.0
0.0021886825561523438,69.0
0.0021886825561523438,36.0
0.0021886825561523438,0.0
0.0021886825561523438,37.0
0.0021886825561523438,61.0
0.0021886825561523438,73.0
0.0021886825561523438,106.0
0.0021886825561523438,94.0
0.0021886825561523438,61.0
0.0021886825561523438,37.0
0.0021886825561523438,70.0
0.0021886825561523438,33.0
0.0021886825561523438,57.0
0.0021886825561523438,94.0
0.0021886825561523438,61.0
0.0021886825561523438,94.0
0.0021886825561523438,61.0
0.0021886825561523438,24.0
0.0021886825561523438,0.0
0.0021886825561523438,36.0
0.0021886825561523438,69.0
0.0021886825561523438,81.0
0.0021886825561523438,118.0
0.0021886825561523438,85.0
0.0021886825561523438,48.0
0.0021886825561523438,85.0
0.0021886825561523438,73.0
0.0021886825561523438,37.0
0.0021886825561523438,61.0
0.0021886825561523438,97.0
0.0021886825561523438,61.0
0.0021886825561523438,97.0
0.0021886825561523438,73.0
0.0021886825561523438,36.0
0.0021886825561523438,48.0
0.0021886825561523438,85.0
0.0021886825561523438,49.0
0.0021886825561523438,73.0
0.0021886825561523438,109.0
0.0021886825561523438,72.0
0.0021886825561523438,109.0
0.0021886825561523438,97.0
0.0021886825561523438,130.0
0.0021886825561523438,106.0
0.0021886825561523438,70.0
0.0021886825561523438,94.0
0.0021886825561523438,61.0
0.0021886825561523438,37.0
0.0021886825561523438,0.0
0.0021886825561523438,12.0
0.0021886825561523438,0.0
0.0021886825561523438,36.0
0.0021886825561523438,73.0
0.0021886825561523438,85.0
0.0021886825561523438,118.0
0.0021886825561523438,106.0
0.0021886825561523438,69.0
0.0021886825561523438,93.0
0.0021886825561523438,130.0
0.0021886825561523438,106.0
0.0021886825561523438,73.0
0.0021886825561523438,37.0
0.0021886825561523438,73.0
0.0021886825561523438,97.0
0.0021886825561523438,60.0
0.0021886825561523438,72.0
0.0021886825561523438,109.0
0.0021886825561523438,72.0
0.0021886825561523438,60.0
0.0021886825561523438,24.0
0.0021886825561523438,61.0
0.0021886825561523438,24.0
0.0021886825561523438,60.0
0.0021886825561523438,97.0
0.0021886825561523438,130.0
0.0021886825561523438,106.0
0.0021886825561523438,130.0
0.0021886825561523438,97.0
0.0021886825561523438,61.0
0.0021886825561523438,24.0
0.0021886825561523438,61.0
0.0021886825561523438,24.0
0.0021886825561523438,61.0
0.0021886825561523438,94.0
0.0021886825561523438,70.0
0.0021886825561523438,37.0
0.0021886825561523438,73.0
0.0021886825561523438,37.0
0.0021886825561523438,0.0
0.0021886825561523438,12.0
0.0021886825561523438,45.0
0.0021886825561523438,69.0
0.0021886825561523438,45.0
0.0021886825561523438,69.0
0.0021886825561523438,45.0
0.0021886825561523438,69.0
0.0021886825561523438,57.0
0.0021886825561523438,69.0
0.0021886825561523438,36.0
0.0021886825561523438,73.0
0.0021886825561523438,49.0
0.0021886825561523438,12.0
0.0021886825561523438,49.0
0.0021886825561523438,37.0
0.0021886825561523438,61.0
0.0021886825561523438,37.0
0.0021886825561523438,49.0
0.0021886825561523438,12.0
0.0021886825561523438,36.0
0.0021886825561523438,24.0
0.0021886825561523438,0.0
0.0021886825561523438,37.0
0.0021886825561523438,0.0
0.0021886825561523438,12.0
0.0021886825561523438,0.0
0.0021886825561523438,24.0
0.0021886825561523438,61.0
0.0021886825561523438,73.0
0.0021886825561523438,61.0
0.0021886825561523438,37.0
0.0021886825561523438,70.0
0.0021886825561523438,33.0
0.0021886825561523438,69.0
0.0021886825561523438,106.0
0.0021886825561523438,69.0
0.0021886825561523438,36.0
0.0021886825561523438,60.0
0.0021886825561523438,24.0
0.0021886825561523438,60.0
0.0021886825561523438,93.0
0.0021886825561523438,60.0
0.0021886825561523438,24.0
0.0021886825561523438,57.0
0.0021886825561523438,93.0
0.0021886825561523438,57.0
0.0021886825561523438,94.0
0.0021886825561523438,130.0
0.0021886825561523438,97.0
0.0021886825561523438,61.0
0.0021886825561523438,37.0
0.0021886825561523438,73.0
0.0021886825561523438,37.0
0.0021886825561523438,0.0
0.0021886825561523438,33.0
0.0021886825561523438,57.0
0.0021886825561523438,69.0
0.0021886825561523438,45.0
0.0021886825561523438,81.0
0.0021886825561523438,45.0
0.0021886825561523438,81.0
0.0021886825561523438,69.0
0.0021886825561523438,106.0
0.0021886825561523438,70.0
0.0021886825561523438,37.0
0.0021886825561523438,70.0
0.0021886825561523438,37.0
0.0021886825561523438,49.0
0.0021886825561523438,37.0
0.0021886825561523438,73.0
0.0021886825561523438,85.0
0.0021886825561523438,73.0
0.0021886825561523438,36.0
0.0021886825561523438,69.0
0.0021886825561523438,93.0
0.0021886825561523438,60.0
0.0021886825561523438,36.0
0.0021886825561523438,0.0
0.0021886825561523438,24.0
0.0021886825561523438,60.0
0.0021886825561523438,36.0
0.0021886825561523438,69.0
0.0021886825561523438,106.0
0.0021886825561523438,70.0
0.0021886825561523438,82.0
0.0021886825561523438,70.0
0.0021886825561523438,37.0
0.0021886825561523438,70.0
0.0021886825561523438,33.0
0.0021886825561523438,0.0
0.0021886825561523438,33.0
0.0021886825561523438,0.0
0.0021886825561523438,12.0
0.0021886825561523438,48.0
0.0021886825561523438,12.0
0.0021886825561523438,48.0
0.0021886825561523438,81.0
0.0021886825561523438,69.0
0.0021886825561523438,93.0
0.0021886825561523438,60.0
0.0021886825561523438,93.0
0.0021886825561523438,57.0
0.0021886825561523438,33.0
0.0021886825561523438,69.0
0.0021886825561523438,106.0
0.0021886825561523438,69.0
0.0021886825561523438,106.0
0.0021886825561523438,130.0
0.0021886825561523438,94.0
0.0021886825561523438,57.0
0.0021886825561523438,93.0
0.0021886825561523438,57.0
0.0021886825561523438,69.0
0.0021886825561523438,57.0
0.0021886825561523438,69.0
0.0021886825561523438,57.0
0.0021886825561523438,93.0
0.0021886825561523438,57.0
0.0021886825561523438,33.0
0.0021886825561523438,69.0
0.0021886825561523438,106.0
0.0021886825561523438,70.0
0.0021886825561523438,106.0
0.0021886825561523438,70.0
0.0021886825561523438,94.0
0.0021886825561523438,130.0
0.0021886825561523438,106.0
0.0021886825561523438,130.0
0.0021886825561523438,93.0
0.0021886825561523438,130.0
0.0021886825561523438,97.0
0.0021886825561523438,130.0
0.0021886825561523438,106.0
0.0021886825561523438,73.0
0.0021886825561523438,37.0
0.0021886825561523438,73.0
0.0021886825561523438,85.0
0.0021886825561523438,118.0
0.0021886825561523438,82.0
0.0021886825561523438,118.0
0.0021886825561523438,106.0
0.0021886825561523438,118.0
0.0021886825561523438,82.0
0.0021886825561523438,45.0
0.0021886825561523438,81.0
0.0021886825561523438,118.0
0.0021886825561523438,85.0
0.0021886825561523438,118.0
0.0021886825561523438,85.0
0.0021886825561523438,48.0
0.0021886825561523438,72.0
0.0021886825561523438,109.0
0.0021886825561523438,72.0
0.0021886825561523438,109.0
0.0021886825561523438,97.0
0.0021886825561523438,130.0
0.0021886825561523438,94.0
0.0021886825561523438,61.0
0.0021886825561523438,37.0
0.0021886825561523438,61.0
0.0021886825561523438,94.0
0.0021886825561523438,70.0
0.0021886825561523438,33.0
0.0021886825561523438,0.0
0.0021886825561523438,33.0
0.0021886825561523438,69.0
0.0021886825561523438,81.0
0.0021886825561523438,48.0
0.0021886825561523438,81.0
0.0021886825561523438,48.0
0.0021886825561523438,72.0
0.0021886825561523438,48.0
0.0021886825561523438,81.0
0.0021886825561523438,45.0
0.0021886825561523438,69.0
0.0021886825561523438,45.0
0.0021886825561523438,81.0
0.0021886825561523438,118.0
0.0021886825561523438,81.0
0.0021886825561523438,45.0
0.0021886825561523438,69.0
0.0021886825561523438,45.0
0.0021886825561523438,69.0
0.0021886825561523438,36.0
0.0021886825561523438,12.0
0.0021886825561523438,36.0
0.0021886825561523438,72.0
0.0021886825561523438,109.0
0.0021886825561523438,97.0
0.0021886825561523438,73.0
0.0021886825561523438,36.0
0.0021886825561523438,60.0
0.0021886825561523438,72.0
0.0021886825561523438,48.0
0.0021886825561523438,12.0
0.0021886825561523438,48.0
0.0021886825561523438,12.0
0.0021886825561523438,36.0
0.0021886825561523438,73.0
0.0021886825561523438,36.0
0.0021886825561523438,24.0
0.0021886825561523438,57.0
0.0021886825561523438,93.0
0.0021886825561523438,60.0
0.0021886825561523438,93.0
0.0021886825561523438,69.0
0.0021886825561523438,81.0
0.0021886825561523438,69.0
0.0021886825561523438,36.0
0.0021886825561523438,73.0
0.0021886825561523438,37.0
0.0021886825561523438,61.0
0.0021886825561523438,37.0
0.0021886825561523438,49.0
0.0021886825561523438,82.0
0.0021886825561523438,45.0
0.0021886825561523438,12.0
0.0021886825561523438,0.0
0.0021886825561523438,37.0
0.0021886825561523438,49.0
0.0021886825561523438,85.0
0.0021886825561523438,118.0
0.0021886825561523438,81.0
0.0021886825561523438,118.0
0.0021886825561523438,106.0
0.0021886825561523438,118.0
0.0021886825561523438,81.0
0.0021886825561523438,45.0
0.0021886825561523438,82.0
0.0021886825561523438,118.0
0.0021886825561523438,85.0
0.0021886825561523438,73.0
0.0021886825561523438,36.0
0.0021886825561523438,69.0
0.0021886825561523438,81.0
0.0021886825561523438,48.0
0.0021886825561523438,12.0
0.0021886825561523438,0.0
0.0021886825561523438,12.0
0.0021886825561523438,0.0
0.0021886825561523438,33.0
0.0021886825561523438,0.0
0.0021886825561523438,12.0
0.0021886825561523438,45.0
0.0021886825561523438,33.0
0.0021886825561523438,45.0
0.0021886825561523438,82.0
0.0021886825561523438,45.0
0.0021886825561523438,82.0
0.0021886825561523438,118.0
0.0021886825561523438,106.0
0.0021886825561523438,69.0
0.0021886825561523438,106.0
0.0021886825561523438,130.0
0.0021886825561523438,94.0
0.0021886825561523438,130.0
0.0021886825561523438,106.0
0.0021886825561523438,73.0
0.0021886825561523438,85.0
0.0021886825561523438,109.0
0.0021886825561523438,73.0
0.0021886825561523438,61.0
0.0021886825561523438,37.0
0.0021886825561523438,73.0
0.0021886825561523438,106.0
0.0021886825561523438,69.0
0.0021886825561523438,93.0
0.0021886825561523438,130.0
0.0021886825561523438,97.0
0.0021886825561523438,109.0
0.0021886825561523438,85.0
0.0021886825561523438,109.0
0.0021886825561523438,85.0
0.0021886825561523438,118.0
0.0021886825561523438,82.0
0.0021886825561523438,70.0
0.0021886825561523438,37.0
0.0021886825561523438,0.0
0.0021886825561523438,24.0
0.0021886825561523438,61.0
0.0021886825561523438,24.0
0.0021886825561523438,60.0
0.0021886825561523438,97.0
0.0021886825561523438,130.0
0.0021886825561523438,106.0
0.0021886825561523438,130.0
0.0021886825561523438,106.0
0.0021886825561523438,73.0
0.0021886825561523438,85.0
0.0021886825561523438,73.0
0.0021886825561523438,106.0
0.0021886825561523438,118.0
0.0021886825561523438,106.0
0.0021886825561523438,130.0
0.0021886825561523438,93.0
0.0021886825561523438,130.0
0.0021886825561523438,94.0
0.0021886825561523438,106.0
0.0021886825561523438,73.0
0.0021886825561523438,106.0
0.0021886825561523438,69.0
0.0021886825561523438,106.0
0.0021886825561523438,94.0
0.0021886825561523438,57.0
0.0021886825561523438,94.0
0.0021886825561523438,106.0
0.0021886825561523438,82.0
0.0021886825561523438,118.0
0.0021886825561523438,85.0
0.0021886825561523438,118.0
0.0021886825561523438,81.0
0.0021886825561523438,69.0
0.0021886825561523438,33.0
0.0021886825561523438,70.0
0.0021886825561523438,106.0
0.0021886825561523438,69.0
0.0021886825561523438,81.0
0.0021886825561523438,69.0
0.0021886825561523438,106.0
0.0021886825561523438,69.0
0.0021886825561523438,93.0
0.0021886825561523438,57.0
0.0021886825561523438,93.0
0.0021886825561523438,60.0
0.0021886825561523438,72.0
0.0021886825561523438,36.0
0.0021886825561523438,12.0
0.0021886825561523438,0.0
0.0021886825561523438,36.0
0.0021886825561523438,73.0
0.0021886825561523438,106.0
0.0021886825561523438,69.0
0.0021886825561523438,106.0
0.0021886825561523438,73.0
0.0021886825561523438,97.0
0.0021886825561523438,61.0
0.0021886825561523438,37.0
0.0021886825561523438,0.0
0.0021886825561523438,12.0
0.0021886825561523438,0.0
0.0021886825561523438,12.0
0.0021886825561523438,0.0
0.0021886825561523438,24.0
0.0021886825561523438,61.0
0.0021886825561523438,94.0
0.0021886825561523438,130.0
0.0021886825561523438,94.0
0.0021886825561523438,61.0
0.0021886825561523438,37.0
0.0021886825561523438,49.0
0.0021886825561523438,82.0
0.0021886825561523438,70.0
0.0021886825561523438,106.0
0.0021886825561523438,69.0
0.0021886825561523438,81.0
0.0021886825561523438,118.0
0.0021886825561523438,85.0
0.0021886825561523438,118.0
0.0021886825561523438,82.0
0.0021886825561523438,118.0
0.0021886825561523438,106.0
0.0021886825561523438,69.0
0.0021886825561523438,93.0
0.0021886825561523438,60.0
0.0021886825561523438,36.0
0.0021886825561523438,60.0
0.0021886825561523438,36.0
0.0021886825561523438,48.0
0.0021886825561523438,81.0
0.0021886825561523438,69.0
0.0021886825561523438,36.0
0.0021886825561523438,60.0
0.0021886825561523438,24.0
0.0021886825561523438,60.0
0.0021886825561523438,72.0
0.0021886825561523438,48.0
0.0021886825561523438,12.0
0.0021886825561523438,45.0
0.0021886825561523438,69.0
0.0021886825561523438,36.0
0.0021886825561523438,73.0
0.0021886825561523438,49.0
0.0021886825561523438,82.0
0.0021886825561523438,106.0
0.0021886825561523438,73.0
0.0021886825561523438,49.0
0.0021886825561523438,85.0
0.0021886825561523438,118.0
0.0021886825561523438,106.0
0.0021886825561523438,69.0
0.0021886825561523438,106.0
0.0021886825561523438,70.0
0.0021886825561523438,82.0
0.0021886825561523438,118.0
0.0021886825561523438,85.0
0.0021886825561523438,49.0
0.0021886825561523438,82.0
0.0021886825561523438,45.0
0.0021886825561523438,81.0
0.0021886825561523438,69.0
0.0021886825561523438,106.0
0.0021886825561523438,69.0
0.0021886825561523438,106.0
0.0021886825561523438,130.0
0.0021886825561523438,97.0
0.0021886825561523438,73.0
0.0021886825561523438,106.0
0.0021886825561523438,130.0
0.0021886825561523438,106.0
0.0021886825561523438,118.0
0.0021886825561523438,82.0
0.0021886825561523438,106.0
0.0021886825561523438,69.0
0.0021886825561523438,106.0
0.0021886825561523438,82.0
0.0021886825561523438,45.0
0.0021886825561523438,81.0
0.0021886825561523438,45.0
0.0021886825561523438,82.0
0.0021886825561523438,45.0
0.0021886825561523438,33.0
0.0021886825561523438,0.0
0.0021886825561523438,37.0
0.0021886825561523438,70.0
0.0021886825561523438,82.0
0.0021886825561523438,49.0
0.0021886825561523438,37.0
0.0021886825561523438,49.0
0.0021886825561523438,37.0
0.0021886825561523438,73.0
0.0021886825561523438,97.0
0.0021886825561523438,109.0
0.0021886825561523438,85.0
0.0021886825561523438,48.0
0.0021886825561523438,85.0
0.0021886825561523438,118.0
0.0021886825561523438,81.0
0.0021886825561523438,48.0
0.0021886825561523438,72.0
0.0021886825561523438,60.0
0.0021886825561523438,36.0
0.0021886825561523438,73.0
0.0021886825561523438,37.0
0.0021886825561523438,49.0
0.0021886825561523438,12.0
0.0021886825561523438,49.0
0.0021886825561523438,37.0
0.0021886825561523438,73.0
0.0021886825561523438,97.0
0.0021886825561523438,130.0
0.0021886825561523438,106.0
0.0021886825561523438,70.0
0.0021886825561523438,94.0
0.0021886825561523438,106.0
0.0021886825561523438,73.0
0.0021886825561523438,61.0
0.0021886825561523438,94.0
0.0021886825561523438,61.0
0.0021886825561523438,73.0
0.0021886825561523438,106.0
0.0021886825561523438,94.0
0.0021886825561523438,130.0
0.0021886825561523438,93.0
0.0021886825561523438,130.0
0.0021886825561523438,106.0
0.0021886825561523438,70.0
0.0021886825561523438,94.0
0.0021886825561523438,106.0
0.0021886825561523438,82.0
0.0021886825561523438,45.0
0.0021886825561523438,81.0
0.0021886825561523438,48.0
0.0021886825561523438,36.0
0.0021886825561523438,48.0
0.0021886825561523438,81.0
0.0021886825561523438,118.0
0.0021886825561523438,81.0
0.0021886825561523438,118.0
0.0021886825561523438,81.0
0.0021886825561523438,48.0
0.0021886825561523438,12.0
0.0021886825561523438,49.0
0.0021886825561523438,37.0
0.0021886825561523438,49.0
0.0021886825561523438,37.0
0.0021886825561523438,70.0
0.0021886825561523438,106.0
0.0021886825561523438,118.0
0.0021886825561523438,81.0
0.0021886825561523438,69.0
0.0021886825561523438,93.0
0.0021886825561523438,60.0
0.0021886825561523438,36.0
0.0021886825561523438,69.0
0.0021886825561523438,33.0
0.0021886825561523438,69.0
0.0021886825561523438,93.0
0.0021886825561523438,69.0
0.0021886825561523438,93.0
0.0021886825561523438,60.0
0.0021886825561523438,72.0
0.0021886825561523438,36.0
0.0021886825561523438,12.0
0.0021886825561523438,36.0
0.0021886825561523438,72.0
0.0021886825561523438,36.0
0.0021886825561523438,73.0
0.0021886825561523438,61.0
0.0021886825561523438,94.0
0.0021886825561523438,61.0
0.0021886825561523438,97.0
0.0021886825561523438,60.0
0.0021886825561523438,24.0
0.0021886825561523438,61.0
0.0021886825561523438,24.0
0.0021886825561523438,60.0
0.0021886825561523438,97.0
0.0021886825561523438,73.0
0.0021886825561523438,85.0
0.0021886825561523438,48.0
0.0021886825561523438,12.0
0.0021886825561523438,36.0
0.0021886825561523438,72.0
0.0021886825561523438,48.0
0.0021886825561523438,85.0
0.0021886825561523438,109.0
0.0021886825561523438,72.0
0.0021886825561523438,60.0
0.0021886825561523438,24.0
0.0021886825561523438,36.0
0.0021886825561523438,69.0
0.0021886825561523438,45.0
0.0021886825561523438,12.0
0.0021886825561523438,36.0
0.0021886825561523438,73.0
0.0021886825561523438,61.0
0.0021886825561523438,73.0
0.0021886825561523438,109.0
0.0021886825561523438,97.0
0.0021886825561523438,73.0
0.0021886825561523438,106.0
0.0021886825561523438,69.0
0.0021886825561523438,81.0
0.0021886825561523438,48.0
0.0021886825561523438,72.0
0.0021886825561523438,48.0
0.0021886825561523438,36.0
0.0021886825561523438,73.0
0.0021886825561523438,85.0
0.0021886825561523438,48.0
0.0021886825561523438,85.0
0.0021886825561523438,48.0
0.0021886825561523438,81.0
0.0021886825561523438,48.0
0.0021886825561523438,36.0
0.0021886825561523438,73.0
0.0021886825561523438,97.0
0.0021886825561523438,73.0
0.0021886825561523438,97.0
0.0021886825561523438,109.0
0.0021886825561523438,85.0
0.0021886825561523438,73.0
0.0021886825561523438,85.0
0.0021886825561523438,118.0
0.0021886825561523438,82.0
0.0021886825561523438,118.0
0.0021886825561523438,85.0
0.0021886825561523438,48.0
0.0021886825561523438,12.0
0.0021886825561523438,48.0
0.0021886825561523438,36.0
0.0021886825561523438,60.0
0.0021886825561523438,72.0
0.0021886825561523438,109.0
0.0021886825561523438,85.0
0.0021886825561523438,73.0
0.0021886825561523438,85.0
0.0021886825561523438,109.0
0.0021886825561523438,85.0
0.0021886825561523438,118.0
0.0021886825561523438,106.0
0.0021886825561523438,70.0
0.0021886825561523438,82.0
0.0021886825561523438,118.0
0.0021886825561523438,81.0
0.0021886825561523438,69.0
0.0021886825561523438,106.0
0.0021886825561523438,130.0
0.0021886825561523438,97.0
0.0021886825561523438,73.0
0.0021886825561523438,97.0
0.0021886825561523438,60.0
0.0021886825561523438,36.0
0.0021886825561523438,48.0
0.0021886825561523438,81.0
0.0021886825561523438,48.0
0.0021886825561523438,85.0
0.0021886825561523438,109.0
0.0021886825561523438,73.0
0.0021886825561523438,106.0
0.0021886825561523438,69.0
0.0021886825561523438,36.0
0.003192901611328125,69.0
0.003192901611328125,36.0
0.003192901611328125,69.0
0.003192901611328125,106.0
0.003192901611328125,94.0
0.003192901611328125,70.0
0.003192901611328125,82.0
0.003192901611328125,49.0
0.003192901611328125,37.0
0.003192901611328125,49.0
0.003192901611328125,82.0
0.003192901611328125,106.0
0.003192901611328125,69.0
0.003192901611328125,36.0
0.003192901611328125,24.0
0.003192901611328125,57.0
0.003192901611328125,24.0
0.003192901611328125,36.0
0.003192901611328125,73.0
0.003192901611328125,36.0
0.003192901611328125,12.0
0.003192901611328125,0.0
0.003192901611328125,36.0
0.003192901611328125,69.0
0.003192901611328125,36.0
0.003192901611328125,69.0
0.003192901611328125,33.0
0.003192901611328125,57.0
0.003192901611328125,93.0
0.003192901611328125,60.0
0.003192901611328125,97.0
0.003192901611328125,60.0
0.003192901611328125,72.0
0.003192901611328125,60.0
0.003192901611328125,93.0
0.003192901611328125,57.0
0.003192901611328125,33.0
0.003192901611328125,0.0
0.003192901611328125,12.0
0.003192901611328125,0.0
0.003192901611328125,36.0
0.003192901611328125,69.0
0.003192901611328125,93.0
0.003192901611328125,69.0
0.003192901611328125,106.0
0.003192901611328125,69.0
0.003192901611328125,106.0
0.003192901611328125,70.0
0.003192901611328125,82.0
0.003192901611328125,45.0
0.003192901611328125,69.0
0.003192901611328125,45.0
0.003192901611328125,69.0
0.003192901611328125,106.0
0.003192901611328125,69.0
0.003192901611328125,57.0
0.003192901611328125,24.0
0.003192901611328125,36.0
0.003192901611328125,69.0
0.003192901611328125,57.0
0.003192901611328125,93.0
0.003192901611328125,60.0
0.003192901611328125,97.0
0.003192901611328125,109.0
0.003192901611328125,97.0
0.003192901611328125,73.0
0.003192901611328125,97.0
0.003192901611328125,73.0
0.003192901611328125,36.0
0.003192901611328125,73.0
0.003192901611328125,106.0
0.003192901611328125,73.0
0.003192901611328125,37.0
0.003192901611328125,49.0
0.003192901611328125,73.0
0.003192901611328125,109.0
0.003192901611328125,97.0
0.003192901611328125,109.0
0.003192901611328125,72.0
0.003192901611328125,36.0
0.003192901611328125,69.0
0.003192901611328125,36.0
0.003192901611328125,12.0
0.003192901611328125,36.0
0.003192901611328125,69.0
0.003192901611328125,45.0
0.003192901611328125,33.0
0.003192901611328125,70.0
0.003192901611328125,106.0
0.003192901611328125,118.0
0.003192901611328125,85.0
0.003192901611328125,118.0
0.003192901611328125,82.0
0.003192901611328125,106.0
0.003192901611328125,69.0
0.003192901611328125,106.0
0.003192901611328125,73.0
0.003192901611328125,49.0
0.003192901611328125,12.0
0.003192901611328125,0.0
0.003192901611328125,36.0
0.003192901611328125,48.0
0.003192901611328125,12.0
0.003192901611328125,49.0
0.003192901611328125,12.0
0.003192901611328125,48.0
0.003192901611328125,85.0
0.003192901611328125,73.0
0.003192901611328125,106.0
0.003192901611328125,130.0
0.003192901611328125,94.0
0.003192901611328125,57.0
0.003192901611328125,93.0
0.003192901611328125,69.0
0.003192901611328125,81.0
0.003192901611328125,69.0
0.003192901611328125,33.0
0.003192901611328125,70.0
0.003192901611328125,37.0
0.003192901611328125,49.0
0.003192901611328125,85.0
0.003192901611328125,48.0
0.003192901611328125,12.0
0.003192901611328125,0.0
0.003192901611328125,33.0
0.003192901611328125,0.0
0.003192901611328125,36.0
0.003192901611328125,69.0
0.003192901611328125,81.0
0.003192901611328125,45.0
0.003192901611328125,69.0
0.003192901611328125,45.0
0.003192901611328125,82.0
0.003192901611328125,106.0
0.003192901611328125,94.0
0.003192901611328125,130.0
0.003192901611328125,93.0
0.003192901611328125,60.0
0.003192901611328125,24.0
0.003192901611328125,36.0
0.003192901611328125,69.0
0.003192901611328125,106.0
0.003192901611328125,73.0
0.003192901611328125,109.0
0.003192901611328125,85.0
0.003192901611328125,109.0
0.003192901611328125,85.0
0.003192901611328125,73.0
0.003192901611328125,85.0
0.003192901611328125,109.0
0.003192901611328125,72.0
0.003192901611328125,48.0
0.003192901611328125,81.0
0.003192901611328125,45.0
0.003192901611328125,69.0
0.003192901611328125,106.0
0.003192901611328125,94.0
0.003192901611328125,70.0
0.003192901611328125,82.0
0.003192901611328125,70.0
0.003192901611328125,94.0
0.003192901611328125,106.0
0.003192901611328125,94.0
0.003192901611328125,61.0
0.003192901611328125,24.0
0.003192901611328125,0.0
0.003192901611328125,37.0
0.003192901611328125,61.0
0.003192901611328125,37.0
0.003192901611328125,61.0
0.003192901611328125,73.0
0.003192901611328125,106.0
0.003192901611328125,69.0
0.003192901611328125,57.0
0.003192901611328125,33.0
0.003192901611328125,57.0
0.003192901611328125,69.0
0.003192901611328125,57.0
0.003192901611328125,93.0
0.003192901611328125,69.0
0.003192901611328125,93.0
0.003192901611328125,69.0
0.003192901611328125,81.0
0.003192901611328125,69.0
0.003192901611328125,106.0
0.003192901611328125,69.0
0.003192901611328125,33.0
0.003192901611328125,45.0
0.003192901611328125,81.0
0.003192901611328125,45.0
0.003192901611328125,81.0
0.003192901611328125,118.0
0.003192901611328125,82.0
0.003192901611328125,118.0
0.003192901611328125,82.0
0.003192901611328125,106.0
0.003192901611328125,69.0
0.003192901611328125,57.0
0.003192901611328125,33.0
0.003192901611328125,69.0
0.003192901611328125,33.0
0.003192901611328125,57.0
0.003192901611328125,69.0
0.003192901611328125,57.0
0.003192901611328125,24.0
0.003192901611328125,60.0
0.003192901611328125,97.0
0.003192901611328125,73.0
0.003192901611328125,97.0
0.003192901611328125,60.0
0.003192901611328125,36.0
0.003192901611328125,73.0
0.003192901611328125,36.0
0.003192901611328125,48.0
0.003192901611328125,12.0
0.003192901611328125,48.0
0.003192901611328125,12.0
0.003192901611328125,0.0
0.003192901611328125,37.0
0.003192901611328125,61.0
0.003192901611328125,37.0
0.003192901611328125,61.0
0.003192901611328125,37.0
0.003192901611328125,0.0
0.003192901611328125,33.0
0.003192901611328125,69.0
0.003192901611328125,93.0
0.003192901611328125,130.0
0.003192901611328125,97.0
0.003192901611328125,109.0
0.003192901611328125,72.0
0.003192901611328125,60.0
0.003192901611328125,72.0
0.003192901611328125,109.0
0.003192901611328125,85.0
0.003192901611328125,109.0
0.003192901611328125,85.0
0.003192901611328125,118.0
0.003192901611328125,81.0
0.003192901611328125,69.0
0.003192901611328125,36.0
0.003192901611328125,48.0
0.003192901611328125,81.0
0.003192901611328125,69.0
0.003192901611328125,93.0
0.003192901611328125,130.0
0.003192901611328125,106.0
0.003192901611328125,118.0
0.003192901611328125,106.0
0.003192901611328125,70.0
0.003192901611328125,37.0
0.003192901611328125,61.0
0.003192901611328125,37.0
0.003192901611328125,49.0
0.003192901611328125,73.0
0.003192901611328125,61.0
0.003192901611328125,37.0
0.003192901611328125,0.0
0.003192901611328125,36.0
0.003192901611328125,73.0
0.003192901611328125,106.0
0.003192901611328125,130.0
0.003192901611328125,106.0
0.003192901611328125,73.0
0.003192901611328125,106.0
0.003192901611328125,130.0
0.003192901611328125,106.0
0.003192901611328125,73.0
0.003192901611328125,97.0
0.003192901611328125,61.0
0.003192901611328125,94.0
0.003192901611328125,57.0
0.003192901611328125,93.0
0.003192901611328125,60.0
0.003192901611328125,93.0
0.003192901611328125,69.0
0.003192901611328125,106.0
0.003192901611328125,130.0
0.003192901611328125,106.0
0.003192901611328125,69.0
0.003192901611328125,81.0
0.003192901611328125,48.0
0.003192901611328125,36.0
0.003192901611328125,73.0
0.003192901611328125,106.0
0.003192901611328125,69.0
0.003192901611328125,106.0
0.003192901611328125,73.0
0.003192901611328125,97.0
0.003192901611328125,73.0
0.003192901611328125,85.0
0.003192901611328125,73.0
0.003192901611328125,97.0
0.003192901611328125,61.0
0.003192901611328125,94.0
0.003192901611328125,106.0
0.003192901611328125,82.0
0.003192901611328125,118.0
0.003192901611328125,85.0
0.003192901611328125,109.0
0.003192901611328125,72.0
0.003192901611328125,60.0
0.003192901611328125,24.0
0.003192901611328125,60.0
0.003192901611328125,93.0
0.003192901611328125,69.0
0.003192901611328125,93.0
0.003192901611328125,57.0
0.003192901611328125,94.0
0.003192901611328125,57.0
0.003192901611328125,69.0
0.003192901611328125,45.0
0.003192901611328125,33.0
0.003192901611328125,70.0
0.003192901611328125,94.0
0.003192901611328125,130.0
0.003192901611328125,93.0
0.003192901611328125,60.0
0.003192901611328125,97.0
0.003192901611328125,130.0
0.003192901611328125,93.0
0.003192901611328125,57.0
0.003192901611328125,69.0
0.003192901611328125,57.0
0.003192901611328125,93.0
0.003192901611328125,60.0
0.003192901611328125,24.0
0.003192901611328125,60.0
0.003192901611328125,24.0
0.003192901611328125,60.0
0.003192901611328125,93.0
0.003192901611328125,130.0
0.003192901611328125,94.0
0.003192901611328125,70.0
0.003192901611328125,33.0
0.003192901611328125,45.0
0.003192901611328125,33.0
0.003192901611328125,0.0
0.003192901611328125,37.0
0.003192901611328125,61.0
0.003192901611328125,94.0
0.003192901611328125,130.0
0.003192901611328125,93.0
0.003192901611328125,69.0
0.003192901611328125,93.0
0.003192901611328125,57.0
0.003192901611328125,33.0
0.003192901611328125,69.0
0.003192901611328125,81.0
0.003192901611328125,118.0
0.003192901611328125,106.0
0.003192901611328125,73.0
0.003192901611328125,37.0
0.003192901611328125,49.0
0.003192901611328125,73.0
0.003192901611328125,106.0
0.003192901611328125,94.0
0.003192901611328125,61.0
0.003192901611328125,24.0
0.003192901611328125,61.0
0.003192901611328125,24.0
0.003192901611328125,36.0
0.003192901611328125,24.0
0.003192901611328125,57.0
0.003192901611328125,94.0
0.003192901611328125,106.0
0.003192901611328125,82.0
0.003192901611328125,45.0
0.003192901611328125,81.0
0.003192901611328125,118.0
0.003192901611328125,106.0
0.003192901611328125,118.0
0.003192901611328125,85.0
0.003192901611328125,109.0
0.003192901611328125,97.0
0.003192901611328125,60.0
0.003192901611328125,24.0
0.003192901611328125,61.0
0.003192901611328125,24.0
0.003192901611328125,0.0
0.003192901611328125,12.0
0.003192901611328125,36.0
0.003192901611328125,24.0
0.003192901611328125,0.0
0.003192901611328125,36.0
0.003192901611328125,48.0
0.003192901611328125,12.0
0.003192901611328125,0.0
0.003192901611328125,12.0
0.003192901611328125,0.0
0.003192901611328125,12.0
0.003192901611328125,45.0
0.003192901611328125,81.0
0.003192901611328125,45.0
0.003192901611328125,82.0
0.003192901611328125,70.0
0.003192901611328125,106.0
0.003192901611328125,70.0
0.003192901611328125,33.0
0.003192901611328125,69.0
0.003192901611328125,33.0
0.003192901611328125,70.0
0.003192901611328125,106.0
0.003192901611328125,130.0
0.003192901611328125,106.0
0.003192901611328125,70.0
0.003192901611328125,82.0
0.003192901611328125,70.0
0.003192901611328125,82.0
0.003192901611328125,70.0
0.003192901611328125,82.0
0.003192901611328125,106.0
0.003192901611328125,82.0
0.003192901611328125,118.0
0.003192901611328125,81.0
0.003192901611328125,48.0
0.003192901611328125,85.0
0.003192901611328125,49.0
0.003192901611328125,85.0
0.003192901611328125,109.0
0.003192901611328125,97.0
0.003192901611328125,73.0
0.003192901611328125,85.0
0.003192901611328125,118.0
0.003192901611328125,82.0
0.003192901611328125,70.0
0.003192901611328125,94.0
0.003192901611328125,106.0
0.003192901611328125,82.0
0.003192901611328125,45.0
0.003192901611328125,81.0
0.003192901611328125,69.0
0.003192901611328125,81.0
0.003192901611328125,48.0
0.003192901611328125,85.0
0.003192901611328125,109.0
0.003192901611328125,73.0
0.003192901611328125,106.0
0.003192901611328125,82.0
0.003192901611328125,49.0
0.003192901611328125,37.0
0.003192901611328125,49.0
0.003192901611328125,82.0
0.003192901611328125,70.0
0.003192901611328125,37.0
0.003192901611328125,61.0
0.003192901611328125,24.0
0.003192901611328125,36.0
0.003192901611328125,72.0
0.003192901611328125,36.0
0.003192901611328125,24.0
0.003192901611328125,57.0
0.003192901611328125,93.0
0.003192901611328125,60.0
0.003192901611328125,97.0
0.003192901611328125,61.0
0.003192901611328125,24.0
0.003192901611328125,61.0
0.003192901611328125,37.0
0.003192901611328125,49.0
0.003192901611328125,73.0
0.003192901611328125,106.0
0.003192901611328125,73.0
0.003192901611328125,109.0
0.003192901611328125,73.0
0.003192901611328125,109.0
0.003192901611328125,72.0
0.003192901611328125,109.0
0.003192901611328125,73.0
0.003192901611328125,109.0
0.003192901611328125,72.0
0.003192901611328125,48.0
0.003192901611328125,72.0
0.003192901611328125,36.0
0.003192901611328125,73.0
0.003192901611328125,36.0
0.003192901611328125,73.0
0.003192901611328125,106.0
0.003192901611328125,82.0
0.003192901611328125,70.0
0.003192901611328125,106.0
0.003192901611328125,118.0
0.003192901611328125,82.0
0.003192901611328125,45.0
0.003192901611328125,82.0
0.003192901611328125,106.0
0.003192901611328125,94.0
0.003192901611328125,130.0
0.003192901611328125,94.0
0.003192901611328125,57.0
0.003192901611328125,93.0
0.003192901611328125,69.0
0.003192901611328125,36.0
0.003192901611328125,73.0
0.003192901611328125,106.0
0.003192901611328125,130.0
0.003192901611328125,93.0
0.003192901611328125,57.0
0.003192901611328125,93.0
0.003192901611328125,130.0
0.003192901611328125,94.0
0.003192901611328125,57.0
0.003192901611328125,24.0
0.003192901611328125,57.0
0.003192901611328125,33.0
0.003192901611328125,0.0
0.003192901611328125,12.0
0.003192901611328125,48.0
0.003192901611328125,81.0
0.003192901611328125,118.0
0.003192901611328125,106.0
0.003192901611328125,73.0
0.003192901611328125,85.0
0.003192901611328125,118.0
0.003192901611328125,85.0
0.003192901611328125,109.0
0.003192901611328125,97.0
0.003192901611328125,130.0
0.003192901611328125,94.0
0.003192901611328125,130.0
0.003192901611328125,106.0
0.003192901611328125,130.0
0.003192901611328125,93.0
0.003192901611328125,57.0
0.003192901611328125,94.0
0.003192901611328125,61.0
0.003192901611328125,37.0
0.003192901611328125,70.0
0.003192901611328125,106.0
0.003192901611328125,130.0
0.003192901611328125,97.0
0.003192901611328125,109.0
0.003192901611328125,73.0
0.003192901611328125,36.0
0.003192901611328125,24.0
0.003192901611328125,36.0
0.003192901611328125,72.0
0.003192901611328125,109.0
0.003192901611328125,72.0
0.003192901611328125,48.0
0.003192901611328125,72.0
0.003192901611328125,36.0
0.003192901611328125,12.0
0.003192901611328125,36.0
0.003192901611328125,12.0
0.003192901611328125,36.0
0.003192901611328125,73.0
0.003192901611328125,61.0
0.003192901611328125,94.0
0.003192901611328125,130.0
0.003192901611328125,93.0
0.003192901611328125,57.0
0.003192901611328125,69.0
0.003192901611328125,57.0
0.003192901611328125,94.0
0.003192901611328125,57.0
0.003192901611328125,93.0
0.003192901611328125,130.0
0.003192901611328125,106.0
0.003192901611328125,118.0
0.003192901611328125,82.0
0.003192901611328125,45.0
0.003192901611328125,33.0
0.003192901611328125,69.0
0.003192901611328125,33.0
0.003192901611328125,70.0
0.003192901611328125,82.0
0.003192901611328125,45.0
0.003192901611328125,12.0
0.003192901611328125,0.0
0.003192901611328125,24.0
0.003192901611328125,0.0
0.003192901611328125,33.0
0.003192901611328125,0.0
0.003192901611328125,36.0
0.003192901611328125,73.0
0.003192901611328125,85.0
0.003192901611328125,48.0
0.003192901611328125,72.0
0.003192901611328125,60.0
0.003192901611328125,36.0
0.003192901611328125,0.0
0.003192901611328125,12.0
0.003192901611328125,48.0
0.003192901611328125,72.0
0.003192901611328125,109.0
0.003192901611328125,73.0
0.003192901611328125,109.0
0.003192901611328125,97.0
0.003192901611328125,73.0
0.003192901611328125,106.0
0.003192901611328125,130.0
0.003192901611328125,97.0
0.003192901611328125,130.0
0.003192901611328125,93.0
0.003192901611328125,130.0
0.003192901611328125,97.0
0.003192901611328125,109.0
0.003192901611328125,72.0
0.003192901611328125,36.0
0.003192901611328125,24.0
0.003192901611328125,57.0
0.003192901611328125,93.0
0.003192901611328125,60.0
0.003192901611328125,24.0
0.003192901611328125,60.0
0.003192901611328125,93.0
0.003192901611328125,57.0
0.003192901611328125,33.0
0.003192901611328125,69.0
0.003192901611328125,93.0
0.003192901611328125,69.0
0.003192901611328125,93.0
0.003192901611328125,69.0
0.003192901611328125,81.0
0.003192901611328125,69.0
0.003192901611328125,93.0
0.003192901611328125,69.0
0.003192901611328125,106.0
0.003192901611328125,69.0
0.003192901611328125,106.0
0.003192901611328125,118.0
0.003192901611328125,82.0
0.003192901611328125,45.0
0.003192901611328125,12.0
0.003192901611328125,48.0
0.003192901611328125,12.0
0.003192901611328125,45.0
0.003192901611328125,33.0
0.003192901611328125,69.0
0.003192901611328125,93.0
0.003192901611328125,60.0
0.003192901611328125,93.0
0.003192901611328125,60.0
0.003192901611328125,36.0
0.003192901611328125,73.0
0.003192901611328125,36.0
0.003192901611328125,69.0
0.003192901611328125,81.0
0.003192901611328125,118.0
0.003192901611328125,85.0
0.003192901611328125,109.0
0.003192901611328125,85.0
0.003192901611328125,49.0
0.003192901611328125,85.0
0.003192901611328125,118.0
0.003192901611328125,85.0
0.003192901611328125,49.0
0.003192901611328125,85.0
0.003192901611328125,109.0
0.003192901611328125,97.0
0.003192901611328125,60.0
0.003192901611328125,97.0
0.003192901611328125,60.0
0.003192901611328125,36.0
0.003192901611328125,0.0
0.003192901611328125,36.0
0.003192901611328125,73.0
0.003192901611328125,36.0
0.003192901611328125,69.0
0.003192901611328125,81.0
0.003192901611328125,45.0
0.003192901611328125,69.0
0.003192901611328125,106.0
0.003192901611328125,73.0
0.003192901611328125,106.0
0.003192901611328125,73.0
0.003192901611328125,109.0
0.003192901611328125,72.0
0.003192901611328125,36.0
0.003192901611328125,73.0
0.003192901611328125,49.0
0.003192901611328125,73.0
0.003192901611328125,109.0
0.003192901611328125,72.0
0.003192901611328125,36.0
0.003192901611328125,69.0
0.003192901611328125,57.0
0.003192901611328125,94.0
0.003192901611328125,130.0
0.003192901611328125,97.0
0.003192901611328125,73.0
0.003192901611328125,85.0
0.003192901611328125,49.0
0.003192901611328125,85.0
0.003192901611328125,118.0
0.003192901611328125,106.0
0.003192901611328125,118.0
0.003192901611328125,81.0
0.003192901611328125,48.0
0.003192901611328125,36.0
0.003192901611328125,60.0
0.003192901611328125,36.0
0.003192901611328125,69.0
0.003192901611328125,106.0
0.003192901611328125,70.0
0.003192901611328125,37.0
0.003192901611328125,73.0
0.003192901611328125,106.0
0.003192901611328125,130.0
0.003192901611328125,94.0
0.003192901611328125,61.0
0.003192901611328125,94.0
0.003192901611328125,61.0
0.003192901611328125,73.0
0.003192901611328125,106.0
0.003192901611328125,94.0
0.003192901611328125,57.0
0.003192901611328125,24.0
0.003192901611328125,57.0
0.003192901611328125,69.0
0.003192901611328125,106.0
0.003192901611328125,94.0
0.003192901611328125,61.0
0.003192901611328125,94.0
0.003192901611328125,57.0
0.003192901611328125,93.0
0.003192901611328125,130.0
0.003192901611328125,97.0
0.003192901611328125,60.0
0.003192901611328125,93.0
0.003192901611328125,60.0
0.003192901611328125,97.0
0.003192901611328125,130.0
0.003192901611328125,94.0
0.003192901611328125,130.0
0.003192901611328125,97.0
0.003192901611328125,73.0
0.003192901611328125,106.0
0.003192901611328125,70.0
0.003192901611328125,94.0
0.003192901611328125,61.0
0.003192901611328125,37.0
0.003192901611328125,70.0
0.003192901611328125,37.0
0.003192901611328125,70.0
0.003192901611328125,37.0
0.003192901611328125,0.0
0.003192901611328125,36.0
0.003192901611328125,73.0
0.003192901611328125,106.0
0.003192901611328125,130.0
0.003192901611328125,93.0
0.003192901611328125,130.0
0.003192901611328125,97.0
0.003192901611328125,60.0
0.003192901611328125,93.0
0.003192901611328125,57.0
0.003192901611328125,94.0
0.003192901611328125,61.0
0.003192901611328125,97.0
0.003192901611328125,61.0
0.003192901611328125,37.0
0.003192901611328125,70.0
0.003192901611328125,82.0
0.003192901611328125,70.0
0.003192901611328125,106.0
0.003192901611328125,73.0
0.003192901611328125,37.0
0.003192901611328125,49.0
0.003192901611328125,37.0
0.003192901611328125,70.0
0.003192901611328125,106.0
0.003192901611328125,118.0
0.003192901611328125,106.0
0.003192901611328125,130.0
0.003192901611328125,106.0
0.003192901611328125,130.0
0.003192901611328125,94.0
0.003192901611328125,70.0
0.003192901611328125,94.0
0.003192901611328125,106.0
0.003192901611328125,69.0
0.003192901611328125,106.0
0.003192901611328125,94.0
0.003192901611328125,106.0
0.003192901611328125,73.0
0.003192901611328125,61.0
0.003192901611328125,97.0
0.003192901611328125,130.0
0.003192901611328125,97.0
0.003192901611328125,61.0
0.003192901611328125,24.0
0.003192901611328125,36.0
0.003192901611328125,12.0
0.003192901611328125,0.0
0.003192901611328125,37.0
0.003192901611328125,61.0
0.003192901611328125,94.0
0.003192901611328125,130.0
0.003192901611328125,93.0
0.003192901611328125,60.0
0.003192901611328125,93.0
0.003192901611328125,130.0
0.003192901611328125,94.0
0.003192901611328125,57.0
0.003192901611328125,94.0
0.003192901611328125,130.0
0.003192901611328125,93.0
0.003192901611328125,69.0
0.003192901611328125,81.0
0.003192901611328125,118.0
0.003192901611328125,81.0
0.003192901611328125,69.0
0.003192901611328125,33.0
0.003192901611328125,0.0
0.003192901611328125,24.0
0.003192901611328125,60.0
0.003192901611328125,72.0
0.003192901611328125,60.0
0.003192901611328125,36.0
0.003192901611328125,0.0
0.003192901611328125,12.0
0.003192901611328125,0.0
0.003192901611328125,33.0
0.003192901611328125,70.0
0.003192901611328125,106.0
0.003192901611328125,70.0
0.003192901611328125,37.0
0.003192901611328125,61.0
0.003192901611328125,37.0
0.003192901611328125,70.0
0.003192901611328125,82.0
0.003192901611328125,70.0
0.003192901611328125,82.0
0.003192901611328125,118.0
0.003192901611328125,82.0
0.003192901611328125,45.0
0.003192901611328125,69.0
0.003192901611328125,57.0
0.003192901611328125,33.0
0.003192901611328125,70.0
0.003192901611328125,106.0
0.003192901611328125,70.0
0.003192901611328125,33.0
0.003192901611328125,70.0
0.003192901611328125,82.0
0.003192901611328125,45.0
0.003192901611328125,69.0
0.003192901611328125,106.0
0.003192901611328125,82.0
0.003192901611328125,118.0
0.003192901611328125,82.0
0.003192901611328125,70.0
0.003192901611328125,82.0
0.003192901611328125,118.0
0.003192901611328125,85.0
0.003192901611328125,49.0
0.003192901611328125,85.0
0.003192901611328125,118.0
0.003192901611328125,106.0
0.003192901611328125,73.0
0.003192901611328125,106.0
0.003192901611328125,130.0
0.003192901611328125,106.0
0.003192901611328125,69.0
0.003192901611328125,81.0
0.003192901611328125,118.0
0.003192901611328125,85.0
0.003192901611328125,118.0
0.003192901611328125,106.0
0.003192901611328125,73.0
0.003192901611328125,106.0
0.003192901611328125,69.0
0.003192901611328125,106.0
0.003192901611328125,73.0
0.003192901611328125,106.0
0.003192901611328125,73.0
0.003192901611328125,97.0
0.003192901611328125,109.0
0.003192901611328125,73.0
0.003192901611328125,109.0
0.003192901611328125,72.0
0.003192901611328125,36.0
0.003192901611328125,72.0
0.003192901611328125,48.0
0.003192901611328125,72.0
0.003192901611328125,36.0
0.003192901611328125,72.0
0.003192901611328125,60.0
0.003192901611328125,72.0
0.003192901611328125,36.0
0.003192901611328125,69.0
0.003192901611328125,36.0
0.003192901611328125,72.0
0.003192901611328125,48.0
0.003192901611328125,12.0
0.003192901611328125,36.0
0.003192901611328125,12.0
0.003192901611328125,48.0
0.003192901611328125,85.0
0.003192901611328125,109.0
0.003192901611328125,85.0
0.003192901611328125,109.0
0.003192901611328125,73.0
0.003192901611328125,109.0
0.003192901611328125,85.0
0.003192901611328125,73.0
0.003192901611328125,36.0
0.003192901611328125,69.0
0.003192901611328125,93.0
0.003192901611328125,130.0
0.003192901611328125,94.0
0.003192901611328125,106.0
0.003192901611328125,94.0
0.003192901611328125,70.0
0.003192901611328125,106.0
0.003192901611328125,130.0
0.003192901611328125,106.0
0.003192901611328125,130.0
0.003192901611328125,93.0
0.003192901611328125,69.0
0.003192901611328125,81.0
0.003192901611328125,45.0
0.003192901611328125,82.0
0.003192901611328125,45.0
0.003192901611328125,12.0
0.003192901611328125,49.0
0.003192901611328125,73.0
0.003192901611328125,109.0
0.003192901611328125,97.0
0.003192901611328125,61.0
0.003192901611328125,94.0
0.003192901611328125,130.0
0.003192901611328125,106.0
0.003192901611328125,70.0
0.004192352294921875,106.0
0.004192352294921875,130.0
0.004192352294921875,106.0
0.004192352294921875,118.0
0.004192352294921875,82.0
0.004192352294921875,45.0
0.004192352294921875,33.0
0.004192352294921875,0.0
0.004192352294921875,33.0
0.004192352294921875,69.0
0.004192352294921875,93.0
0.004192352294921875,60.0
0.004192352294921875,72.0
0.004192352294921875,60.0
0.004192352294921875,97.0
0.004192352294921875,73.0
0.004192352294921875,97.0
0.004192352294921875,73.0
0.004192352294921875,106.0
0.004192352294921875,118.0
0.004192352294921875,106.0
0.004192352294921875,70.0
0.004192352294921875,94.0
0.004192352294921875,106.0
0.004192352294921875,94.0
0.004192352294921875,130.0
0.004192352294921875,93.0
0.004192352294921875,57.0
0.004192352294921875,24.0
0.004192352294921875,0.0
0.004192352294921875,24.0
0.004192352294921875,57.0
0.004192352294921875,33.0
0.004192352294921875,69.0
0.004192352294921875,36.0
0.004192352294921875,60.0
0.004192352294921875,93.0
0.004192352294921875,130.0
0.004192352294921875,93.0
0.004192352294921875,60.0
0.004192352294921875,72.0
0.004192352294921875,60.0
0.004192352294921875,93.0
0.004192352294921875,57.0
0.004192352294921875,33.0
0.004192352294921875,57.0
0.004192352294921875,94.0
0.004192352294921875,61.0
0.004192352294921875,97.0
0.004192352294921875,73.0
0.004192352294921875,106.0
0.004192352294921875,70.0
0.004192352294921875,37.0
0.004192352294921875,70.0
0.004192352294921875,37.0
0.004192352294921875,49.0
0.004192352294921875,85.0
0.004192352294921875,118.0
0.004192352294921875,106.0
0.004192352294921875,130.0
0.004192352294921875,106.0
0.004192352294921875,70.0
0.004192352294921875,106.0
0.004192352294921875,130.0
0.004192352294921875,93.0
0.004192352294921875,130.0
0.004192352294921875,97.0
0.004192352294921875,130.0
0.004192352294921875,94.0
0.004192352294921875,57.0
0.004192352294921875,69.0
0.004192352294921875,36.0
0.004192352294921875,72.0
0.004192352294921875,36.0
0.004192352294921875,73.0
0.004192352294921875,36.0
0.004192352294921875,72.0
0.004192352294921875,60.0
0.004192352294921875,93.0
0.004192352294921875,69.0
0.004192352294921875,36.0
0.004192352294921875,48.0
0.004192352294921875,72.0
0.004192352294921875,60.0
0.004192352294921875,93.0
0.004192352294921875,60.0
0.004192352294921875,36.0
0.004192352294921875,60.0
0.004192352294921875,97.0
0.004192352294921875,109.0
0.004192352294921875,85.0
0.004192352294921875,73.0
0.004192352294921875,37.0
0.004192352294921875,73.0
0.004192352294921875,37.0
0.004192352294921875,73.0
0.004192352294921875,85.0
0.004192352294921875,118.0
0.004192352294921875,82.0
0.004192352294921875,106.0
0.004192352294921875,69.0
0.004192352294921875,36.0
0.004192352294921875,73.0
0.004192352294921875,61.0
0.004192352294921875,73.0
0.004192352294921875,106.0
0.004192352294921875,94.0
0.004192352294921875,61.0
0.004192352294921875,97.0
0.004192352294921875,109.0
0.004192352294921875,73.0
0.004192352294921875,49.0
0.004192352294921875,73.0
0.004192352294921875,109.0
0.004192352294921875,97.0
0.004192352294921875,130.0
0.004192352294921875,106.0
0.004192352294921875,118.0
0.004192352294921875,81.0
0.004192352294921875,69.0
0.004192352294921875,81.0
0.004192352294921875,69.0
0.004192352294921875,106.0
0.004192352294921875,69.0
0.004192352294921875,81.0
0.004192352294921875,69.0
0.004192352294921875,93.0
0.004192352294921875,130.0
0.004192352294921875,97.0
0.004192352294921875,73.0
0.004192352294921875,36.0
0.004192352294921875,60.0
0.004192352294921875,24.0
0.004192352294921875,0.0
0.004192352294921875,12.0
0.004192352294921875,0.0
0.004192352294921875,33.0
0.004192352294921875,70.0
0.004192352294921875,37.0
0.004192352294921875,49.0
0.004192352294921875,73.0
0.004192352294921875,106.0
0.004192352294921875,69.0
0.004192352294921875,36.0
0.004192352294921875,69.0
0.004192352294921875,45.0
0.004192352294921875,81.0
0.004192352294921875,69.0
0.004192352294921875,106.0
0.004192352294921875,73.0
0.004192352294921875,97.0
0.004192352294921875,60.0
0.004192352294921875,72.0
0.004192352294921875,48.0
0.004192352294921875,12.0
0.004192352294921875,49.0
0.004192352294921875,82.0
0.004192352294921875,45.0
0.004192352294921875,69.0
0.004192352294921875,106.0
0.004192352294921875,69.0
0.004192352294921875,36.0
0.004192352294921875,12.0
0.004192352294921875,0.0
0.004192352294921875,12.0
0.004192352294921875,48.0
0.004192352294921875,36.0
0.004192352294921875,0.0
0.004192352294921875,24.0
0.004192352294921875,60.0
0.004192352294921875,72.0
0.004192352294921875,109.0
0.004192352294921875,72.0
0.004192352294921875,109.0
0.004192352294921875,72.0
0.004192352294921875,36.0
0.004192352294921875,73.0
0.004192352294921875,49.0
0.004192352294921875,37.0
0.004192352294921875,0.0
0.004192352294921875,37.0
0.004192352294921875,61.0
0.004192352294921875,24.0
0.004192352294921875,36.0
0.004192352294921875,73.0
0.004192352294921875,106.0
0.004192352294921875,73.0
0.004192352294921875,61.0
0.004192352294921875,94.0
0.004192352294921875,106.0
0.004192352294921875,94.0
0.004192352294921875,61.0
0.004192352294921875,94.0
0.004192352294921875,130.0
0.004192352294921875,94.0
0.004192352294921875,57.0
0.004192352294921875,24.0
0.004192352294921875,60.0
0.004192352294921875,93.0
0.004192352294921875,60.0
0.004192352294921875,93.0
0.004192352294921875,69.0
0.004192352294921875,106.0
0.004192352294921875,70.0
0.004192352294921875,106.0
0.004192352294921875,69.0
0.004192352294921875,36.0
0.004192352294921875,60.0
0.004192352294921875,93.0
0.004192352294921875,60.0
0.004192352294921875,93.0
0.004192352294921875,60.0
0.004192352294921875,93.0
0.004192352294921875,60.0
0.004192352294921875,97.0
0.004192352294921875,61.0
0.004192352294921875,97.0
0.004192352294921875,61.0
0.004192352294921875,73.0
0.004192352294921875,61.0
0.004192352294921875,94.0
0.004192352294921875,57.0
0.004192352294921875,93.0
0.004192352294921875,57.0
0.004192352294921875,24.0
0.004192352294921875,61.0
0.004192352294921875,24.0
0.004192352294921875,57.0
0.004192352294921875,93.0
0.004192352294921875,130.0
0.004192352294921875,106.0
0.004192352294921875,73.0
0.004192352294921875,97.0
0.004192352294921875,60.0
0.004192352294921875,93.0
0.004192352294921875,69.0
0.004192352294921875,81.0
0.004192352294921875,45.0
0.004192352294921875,33.0
0.004192352294921875,0.0
0.004192352294921875,36.0
0.004192352294921875,73.0
0.004192352294921875,85.0
0.004192352294921875,49.0
0.004192352294921875,73.0
0.004192352294921875,36.0
0.004192352294921875,24.0
0.004192352294921875,60.0
0.004192352294921875,93.0
0.004192352294921875,60.0
0.004192352294921875,97.0
0.004192352294921875,73.0
0.004192352294921875,85.0
0.004192352294921875,73.0
0.004192352294921875,85.0
0.004192352294921875,118.0
0.004192352294921875,85.0
0.004192352294921875,118.0
0.004192352294921875,106.0
0.004192352294921875,130.0
0.004192352294921875,93.0
0.004192352294921875,130.0
0.004192352294921875,97.0
0.004192352294921875,109.0
0.004192352294921875,72.0
0.004192352294921875,109.0
0.004192352294921875,85.0
0.004192352294921875,48.0
0.004192352294921875,36.0
0.004192352294921875,0.0
0.004192352294921875,37.0
0.004192352294921875,61.0
0.004192352294921875,94.0
0.004192352294921875,130.0
0.004192352294921875,94.0
0.004192352294921875,130.0
0.004192352294921875,97.0
0.004192352294921875,130.0
0.004192352294921875,106.0
0.004192352294921875,70.0
0.004192352294921875,106.0
0.004192352294921875,130.0
0.004192352294921875,97.0
0.004192352294921875,73.0
0.004192352294921875,85.0
0.004192352294921875,48.0
0.004192352294921875,72.0
0.004192352294921875,109.0
0.004192352294921875,73.0
0.004192352294921875,49.0
0.004192352294921875,37.0
0.004192352294921875,0.0
0.004192352294921875,24.0
0.004192352294921875,61.0
0.004192352294921875,24.0
0.004192352294921875,0.0
0.004192352294921875,12.0
0.004192352294921875,48.0
0.004192352294921875,72.0
0.004192352294921875,109.0
0.004192352294921875,97.0
0.004192352294921875,60.0
0.004192352294921875,72.0
0.004192352294921875,48.0
0.004192352294921875,81.0
0.004192352294921875,69.0
0.004192352294921875,36.0
0.004192352294921875,0.0
0.004192352294921875,36.0
0.004192352294921875,0.0
0.004192352294921875,33.0
0.004192352294921875,45.0
0.004192352294921875,82.0
0.004192352294921875,70.0
0.004192352294921875,106.0
0.004192352294921875,73.0
0.004192352294921875,85.0
0.004192352294921875,109.0
0.004192352294921875,97.0
0.004192352294921875,130.0
0.004192352294921875,97.0
0.004192352294921875,109.0
0.004192352294921875,73.0
0.004192352294921875,109.0
0.004192352294921875,85.0
0.004192352294921875,109.0
0.004192352294921875,97.0
0.004192352294921875,130.0
0.004192352294921875,94.0
0.004192352294921875,130.0
0.004192352294921875,93.0
0.004192352294921875,57.0
0.004192352294921875,94.0
0.004192352294921875,106.0
0.004192352294921875,94.0
0.004192352294921875,57.0
0.004192352294921875,33.0
0.004192352294921875,69.0
0.004192352294921875,106.0
0.004192352294921875,69.0
0.004192352294921875,106.0
0.004192352294921875,73.0
0.004192352294921875,106.0
0.004192352294921875,130.0
0.004192352294921875,93.0
0.004192352294921875,130.0
0.004192352294921875,106.0
0.004192352294921875,118.0
0.004192352294921875,85.0
0.004192352294921875,109.0
0.004192352294921875,73.0
0.004192352294921875,49.0
0.004192352294921875,82.0
0.004192352294921875,70.0
0.004192352294921875,37.0
0.004192352294921875,70.0
0.004192352294921875,33.0
0.004192352294921875,45.0
0.004192352294921875,12.0
0.004192352294921875,49.0
0.004192352294921875,82.0
0.004192352294921875,45.0
0.004192352294921875,69.0
0.004192352294921875,36.0
0.004192352294921875,72.0
0.004192352294921875,48.0
0.004192352294921875,85.0
0.004192352294921875,118.0
0.004192352294921875,82.0
0.004192352294921875,118.0
0.004192352294921875,81.0
0.004192352294921875,69.0
0.004192352294921875,36.0
0.004192352294921875,73.0
0.004192352294921875,97.0
0.004192352294921875,109.0
0.004192352294921875,72.0
0.004192352294921875,36.0
0.004192352294921875,69.0
0.004192352294921875,36.0
0.004192352294921875,73.0
0.004192352294921875,49.0
0.004192352294921875,85.0
0.004192352294921875,118.0
0.004192352294921875,81.0
0.004192352294921875,118.0
0.004192352294921875,85.0
0.004192352294921875,109.0
0.004192352294921875,85.0
0.004192352294921875,49.0
0.004192352294921875,37.0
0.004192352294921875,61.0
0.004192352294921875,73.0
0.004192352294921875,106.0
0.004192352294921875,82.0
0.004192352294921875,118.0
0.004192352294921875,81.0
0.004192352294921875,118.0
0.004192352294921875,106.0
0.004192352294921875,70.0
0.004192352294921875,82.0
0.004192352294921875,118.0
0.004192352294921875,81.0
0.004192352294921875,118.0
0.004192352294921875,85.0
0.004192352294921875,49.0
0.004192352294921875,85.0
0.004192352294921875,118.0
0.004192352294921875,81.0
0.004192352294921875,118.0
0.004192352294921875,82.0
0.004192352294921875,118.0
0.004192352294921875,81.0
0.004192352294921875,69.0
0.004192352294921875,106.0
0.004192352294921875,70.0
0.004192352294921875,106.0
0.004192352294921875,69.0
0.004192352294921875,106.0
0.004192352294921875,70.0
0.004192352294921875,33.0
0.004192352294921875,57.0
0.004192352294921875,94.0
0.004192352294921875,57.0
0.004192352294921875,93.0
0.004192352294921875,130.0
0.004192352294921875,106.0
0.004192352294921875,118.0
0.004192352294921875,85.0
0.004192352294921875,109.0
0.004192352294921875,72.0
0.004192352294921875,109.0
0.004192352294921875,73.0
0.004192352294921875,106.0
0.004192352294921875,73.0
0.004192352294921875,109.0
0.004192352294921875,72.0
0.004192352294921875,48.0
0.004192352294921875,72.0
0.004192352294921875,60.0
0.004192352294921875,24.0
0.004192352294921875,0.0
0.004192352294921875,33.0
0.004192352294921875,0.0
0.004192352294921875,24.0
0.004192352294921875,36.0
0.004192352294921875,69.0
0.004192352294921875,36.0
0.004192352294921875,24.0
0.004192352294921875,57.0
0.004192352294921875,24.0
0.004192352294921875,0.0
0.004192352294921875,12.0
0.004192352294921875,48.0
0.004192352294921875,81.0
0.004192352294921875,45.0
0.004192352294921875,12.0
0.004192352294921875,45.0
0.004192352294921875,82.0
0.004192352294921875,70.0
0.004192352294921875,82.0
0.004192352294921875,106.0
0.004192352294921875,94.0
0.004192352294921875,106.0
0.004192352294921875,94.0
0.004192352294921875,70.0
0.004192352294921875,37.0
0.004192352294921875,70.0
0.004192352294921875,82.0
0.004192352294921875,118.0
0.004192352294921875,82.0
0.004192352294921875,106.0
0.004192352294921875,69.0
0.004192352294921875,106.0
0.004192352294921875,94.0
0.004192352294921875,57.0
0.004192352294921875,33.0
0.004841804504394531,0.0
0.004841804504394531,36.0
0.004841804504394531,60.0
0.004841804504394531,72.0
0.004841804504394531,48.0
0.004841804504394531,12.0
0.004841804504394531,48.0
0.004841804504394531,36.0
0.004841804504394531,73.0
0.004841804504394531,85.0
0.004841804504394531,109.0
0.004841804504394531,85.0
0.004841804504394531,73.0
0.004841804504394531,85.0
0.004841804504394531,109.0
0.004841804504394531,72.0
0.004841804504394531,60.0
0.004841804504394531,24.0
0.004841804504394531,57.0
0.004841804504394531,69.0
0.004841804504394531,45.0
0.004841804504394531,69.0
0.004841804504394531,106.0
0.004841804504394531,94.0
0.004841804504394531,70.0
0.004841804504394531,94.0
0.004841804504394531,106.0
0.004841804504394531,69.0
0.004841804504394531,57.0
0.004841804504394531,94.0
0.004841804504394531,106.0
0.004841804504394531,73.0
0.004841804504394531,49.0
0.004841804504394531,82.0
0.004841804504394531,49.0
0.004841804504394531,37.0
0.004841804504394531,0.0
0.004841804504394531,12.0
0.004841804504394531,48.0
0.004841804504394531,81.0
0.004841804504394531,118.0
0.004841804504394531,85.0
0.004841804504394531,109.0
0.004841804504394531,72.0
0.004841804504394531,60.0
0.004841804504394531,93.0
0.004841804504394531,60.0
0.004841804504394531,72.0
0.004841804504394531,36.0
0.0049915313720703125,24.0
0.0049915313720703125,60.0
0.0049915313720703125,36.0
0.0049915313720703125,0.0
0.0049915313720703125,36.0
0.0049915313720703125,60.0
0.0049915313720703125,24.0
0.0049915313720703125,60.0
0.0049915313720703125,93.0
0.0049915313720703125,69.0
0.0049915313720703125,106.0
0.0049915313720703125,73.0
0.0049915313720703125,106.0
0.0049915313720703125,118.0
0.0049915313720703125,106.0
0.0049915313720703125,118.0
0.0049915313720703125,85.0
0.0049915313720703125,109.0
0.0049915313720703125,72.0
0.0049915313720703125,109.0
0.0049915313720703125,85.0
0.0049915313720703125,73.0
0.0049915313720703125,85.0
0.0049915313720703125,109.0
0.0049915313720703125,85.0
0.0049915313720703125,118.0
0.0049915313720703125,106.0
0.0049915313720703125,73.0
0.0049915313720703125,85.0
0.0049915313720703125,48.0
0.0049915313720703125,72.0
0.0049915313720703125,48.0
0.0049915313720703125,85.0
0.0049915313720703125,73.0
0.0049915313720703125,106.0
0.0049915313720703125,70.0
0.0049915313720703125,94.0
0.0049915313720703125,106.0
0.0049915313720703125,82.0
0.0049915313720703125,106.0
0.0049915313720703125,73.0
0.0049915313720703125,61.0
0.0049915313720703125,37.0
0.0049915313720703125,61.0
0.0049915313720703125,97.0
0.0049915313720703125,61.0
0.0049915313720703125,37.0
0.0049915313720703125,73.0
0.0049915313720703125,97.0
0.0049915313720703125,109.0
0.0049915313720703125,73.0
0.0049915313720703125,106.0
0.0049915313720703125,94.0
0.0049915313720703125,70.0
0.0049915313720703125,37.0
0.0049915313720703125,70.0
0.0049915313720703125,82.0
0.0049915313720703125,118.0
0.0049915313720703125,85.0
0.0049915313720703125,49.0
0.0049915313720703125,82.0
0.0049915313720703125,118.0
0.0049915313720703125,106.0
0.0049915313720703125,73.0
0.0049915313720703125,85.0
0.0049915313720703125,109.0
0.0049915313720703125,73.0
0.0049915313720703125,61.0
0.0049915313720703125,97.0
0.0049915313720703125,109.0
0.0049915313720703125,97.0
0.0049915313720703125,130.0
0.0049915313720703125,97.0
0.0049915313720703125,109.0
0.0051615238189697266,85.0
0.0051615238189697266,73.0
0.0051615238189697266,106.0
0.0051615238189697266,73.0
0.0051615238189697266,85.0
0.0051615238189697266,109.0
0.0051615238189697266,85.0
0.0051615238189697266,109.0
0.0051615238189697266,97.0
0.0051615238189697266,61.0
0.0051615238189697266,73.0
0.0051615238189697266,109.0
0.0051615238189697266,73.0
0.0051615238189697266,36.0
0.0051615238189697266,72.0
0.0051615238189697266,60.0
0.0051615238189697266,72.0
0.0051615238189697266,60.0
0.0051615238189697266,24.0
0.0051615238189697266,36.0
0.0051615238189697266,72.0
0.0051615238189697266,36.0
0.0051615238189697266,24.0
0.0051615238189697266,61.0
0.0051615238189697266,73.0
0.0051615238189697266,109.0
0.0051615238189697266,97.0
0.0051615238189697266,109.0
0.0051615238189697266,97.0
0.0051615238189697266,61.0
0.0051615238189697266,73.0
0.0051615238189697266,106.0
0.0051615238189697266,94.0
0.0051615238189697266,57.0
0.0051615238189697266,69.0
0.0051615238189697266,106.0
0.0051615238189697266,73.0
0.0051615238189697266,49.0
0.0051615238189697266,73.0
0.0051615238189697266,109.0
0.0051615238189697266,97.0
0.0051615238189697266,130.0
0.0051615238189697266,94.0
0.0051615238189697266,57.0
0.0051615238189697266,33.0
0.0051615238189697266,45.0
0.0051615238189697266,82.0
0.0051615238189697266,70.0
0.0051615238189697266,37.0
0.0051615238189697266,49.0
0.0051615238189697266,82.0
0.0051615238189697266,106.0
0.0051615238189697266,82.0
0.0051615238189697266,49.0
0.0051615238189697266,85.0
0.0051615238189697266,118.0
0.0051615238189697266,81.0
0.0051615238189697266,118.0
0.0051615238189697266,81.0
0.0051615238189697266,48.0
0.0051615238189697266,36.0
0.0051615238189697266,73.0
0.0051615238189697266,97.0
0.0051615238189697266,130.0
0.0051615238189697266,97.0
0.0051615238189697266,130.0
0.0051615238189697266,94.0
0.0051615238189697266,57.0
0.0051615238189697266,93.0
0.0051615238189697266,57.0
0.0051615238189697266,94.0
0.0051615238189697266,57.0
0.0051615238189697266,33.0
0.0051615238189697266,69.0
0.0051615238189697266,106.0
0.0051615238189697266,73.0
0.0051615238189697266,85.0
0.0051615238189697266,73.0
0.0051615238189697266,36.0
0.0051615238189697266,60.0
0.0051615238189697266,93.0
0.0051615238189697266,130.0
0.0051615238189697266,94.0
0.0051615238189697266,57.0
0.0051615238189697266,69.0
0.0051615238189697266,36.0
0.0051615238189697266,12.0
0.0051615238189697266,49.0
0.0051615238189697266,73.0
0.0051615238189697266,106.0
0.0051615238189697266,94.0
0.0051615238189697266,70.0
0.0051615238189697266,33.0
0.0051615238189697266,45.0
0.0051615238189697266,33.0
0.0051615238189697266,0.0
0.0051615238189697266,37.0
0.0051615238189697266,61.0
0.0051615238189697266,94.0
0.0051615238189697266,130.0
0.0051615238189697266,93.0
0.0051615238189697266,130.0
0.0051615238189697266,94.0
0.0051615238189697266,70.0
0.0051615238189697266,94.0
0.0051615238189697266,106.0
0.0051615238189697266,73.0
0.0051615238189697266,49.0
0.0051615238189697266,85.0
0.0051615238189697266,73.0
0.0051615238189697266,85.0
0.0051615238189697266,73.0
0.0051615238189697266,106.0
0.0051615238189697266,130.0
0.0051615238189697266,94.0
0.0051615238189697266,130.0
0.0051615238189697266,106.0
0.0051615238189697266,118.0
0.0051615238189697266,82.0
0.0051615238189697266,70.0
0.0051615238189697266,82.0
0.0051615238189697266,70.0
0.0051615238189697266,82.0
0.0051615238189697266,70.0
0.0051615238189697266,82.0
0.0051615238189697266,106.0
0.0051615238189697266,82.0
0.0051615238189697266,106.0
0.0051615238189697266,82.0
0.0051615238189697266,118.0
0.0051615238189697266,81.0
0.0051615238189697266,118.0
0.0051615238189697266,82.0
0.0051615238189697266,70.0
0.0051615238189697266,94.0
0.0051615238189697266,106.0
0.0051615238189697266,94.0
0.0051615238189697266,57.0
0.0051615238189697266,69.0
0.0051615238189697266,45.0
0.0051615238189697266,82.0
0.0051615238189697266,70.0
0.0051615238189697266,106.0
0.0051615238189697266,130.0
0.0051615238189697266,94.0
0.0051615238189697266,130.0
0.0051615238189697266,94.0
0.0051615238189697266,106.0
0.0051615238189697266,82.0
0.0051615238189697266,70.0
0.0051615238189697266,94.0
0.0051615238189697266,106.0
0.0051615238189697266,82.0
0.0051615238189697266,45.0
0.0051615238189697266,33.0
0.0051615238189697266,70.0
0.0051615238189697266,106.0
0.0051615238189697266,69.0
0.0051615238189697266,93.0
0.0051615238189697266,130.0
0.0051615238189697266,106.0
0.0051615238189697266,118.0
0.0051615238189697266,85.0
0.0051615238189697266,118.0
0.0051615238189697266,81.0
0.0051615238189697266,118.0
0.0051615238189697266,82.0
0.0051615238189697266,106.0
0.0051615238189697266,94.0
0.0051615238189697266,130.0
0.0051615238189697266,97.0
0.0051615238189697266,130.0
0.0051615238189697266,106.0
0.0051615238189697266,130.0
0.0051615238189697266,93.0
0.0051615238189697266,57.0
0.0051615238189697266,69.0
0.0051615238189697266,45.0
0.0051615238189697266,69.0
0.0051615238189697266,57.0
0.0051615238189697266,33.0
0.0051615238189697266,70.0
0.0051615238189697266,94.0
0.0051615238189697266,106.0
0.0051615238189697266,94.0
0.0051615238189697266,61.0
0.0051615238189697266,97.0
0.0051615238189697266,73.0
0.0051615238189697266,37.0
0.0051615238189697266,70.0
0.0051615238189697266,106.0
0.0051615238189697266,70.0
0.0051615238189697266,94.0
0.0051615238189697266,106.0
0.0051615238189697266,69.0
0.0051615238189697266,36.0
0.0051615238189697266,69.0
0.0051615238189697266,106.0
0.0051615238189697266,94.0
0.0051615238189697266,106.0
0.0051615238189697266,94.0
0.0051615238189697266,70.0
0.0051615238189697266,94.0
0.0051615238189697266,130.0
0.0051615238189697266,94.0
0.0051615238189697266,57.0
0.0051615238189697266,69.0
0.0051615238189697266,106.0
0.0051615238189697266,73.0
0.0051615238189697266,106.0
0.0051615238189697266,94.0
0.0051615238189697266,70.0
0.0051615238189697266,106.0
0.0051615238189697266,70.0
0.0051615238189697266,94.0
0.0051615238189697266,106.0
0.0051615238189697266,82.0
0.0051615238189697266,70.0
0.0051615238189697266,33.0
0.0051615238189697266,57.0
0.0051615238189697266,93.0
0.0051615238189697266,130.0
0.0051615238189697266,106.0
0.0051615238189697266,130.0
0.0051615238189697266,97.0
0.0051615238189697266,109.0
0.0051615238189697266,85.0
0.0051615238189697266,73.0
0.0051615238189697266,85.0
0.0051615238189697266,109.0
0.0051615238189697266,72.0
0.0051615238189697266,36.0
0.0051615238189697266,72.0
0.0051615238189697266,109.0
0.0051615238189697266,72.0
0.0051615238189697266,109.0
0.0051615238189697266,72.0
0.0051615238189697266,109.0
0.0051615238189697266,97.0
0.0051615238189697266,109.0
0.0051615238189697266,97.0
0.0051615238189697266,130.0
0.0051615238189697266,97.0
0.0051615238189697266,130.0
0.0051615238189697266,97.0
0.0051615238189697266,109.0
0.0051615238189697266,97.0
0.0051615238189697266,130.0
0.0051615238189697266,97.0
0.0051615238189697266,130.0
0.0051615238189697266,106.0
0.0051615238189697266,73.0
0.0051615238189697266,106.0
0.0051615238189697266,118.0
0.0051615238189697266,106.0
0.0051615238189697266,69.0
0.0051615238189697266,81.0
0.0051615238189697266,45.0
0.0051615238189697266,33.0
0.0051615238189697266,57.0
0.0051615238189697266,93.0
0.0051615238189697266,69.0
0.0051615238189697266,36.0
0.0051615238189697266,60.0
0.0051615238189697266,97.0
0.0051615238189697266,60.0
0.0051615238189697266,72.0
0.0051615238189697266,36.0
0.0051615238189697266,72.0
0.0051615238189697266,48.0
0.0051615238189697266,81.0
0.0051615238189697266,118.0
0.0051615238189697266,85.0
0.0051615238189697266,118.0
0.0051615238189697266,81.0
0.0051615238189697266,48.0
0.0051615238189697266,36.0
0.0051615238189697266,48.0
0.0051615238189697266,12.0
0.0051615238189697266,36.0
0.0051615238189697266,12.0
0.0051615238189697266,36.0
0.0051615238189697266,69.0
0.0051615238189697266,57.0
0.0051615238189697266,24.0
0.0051615238189697266,60.0
0.0051615238189697266,97.0
0.0051615238189697266,130.0
0.0051615238189697266,97.0
0.0051615238189697266,130.0
0.0051615238189697266,106.0
0.0051615238189697266,118.0
0.0051615238189697266,85.0
0.0051615238189697266,109.0
0.0051615238189697266,72.0
0.0051615238189697266,48.0
0.0051615238189697266,36.0
0.0051615238189697266,69.0
0.0051615238189697266,81.0
0.0051615238189697266,118.0
0.0051615238189697266,106.0
0.0051615238189697266,118.0
0.0051615238189697266,106.0
0.0051615238189697266,130.0
0.0051615238189697266,106.0
0.0051615238189697266,130.0
0.0051615238189697266,97.0
0.0051615238189697266,130.0
0.0051615238189697266,97.0
0.0051615238189697266,130.0
0.0051615238189697266,93.0
0.0051615238189697266,130.0
0.0051615238189697266,93.0
0.0051615238189697266,69.0
0.0051615238189697266,106.0
0.0051615238189697266,130.0
0.0051615238189697266,93.0
0.0051615238189697266,57.0
0.0051615238189697266,94.0
0.0051615238189697266,106.0
0.0051615238189697266,94.0
0.0051615238189697266,130.0
0.0051615238189697266,106.0
0.0051615238189697266,73.0
0.0051615238189697266,106.0
0.0051615238189697266,130.0
0.0051615238189697266,94.0
0.0051615238189697266,57.0
0.0051615238189697266,94.0
0.0051615238189697266,61.0
0.0051615238189697266,73.0
0.0051615238189697266,106.0
0.0051615238189697266,69.0
0.0051615238189697266,57.0
0.0051615238189697266,94.0
0.0051615238189697266,106.0
0.0051615238189697266,82.0
0.0051615238189697266,106.0
0.0051615238189697266,82.0
0.0051615238189697266,70.0
0.0051615238189697266,94.0
0.0051615238189697266,106.0
0.0051615238189697266,69.0
0.0051615238189697266,106.0
0.0051615238189697266,73.0
0.0051615238189697266,61.0
0.0051615238189697266,97.0
0.0051615238189697266,109.0
0.0051615238189697266,97.0
0.0051615238189697266,109.0
0.0051615238189697266,97.0
0.0051615238189697266,109.0
0.0051615238189697266,72.0
0.0051615238189697266,109.0
0.0051615238189697266,97.0
0.0051615238189697266,130.0
0.0051615238189697266,106.0
0.0051615238189697266,118.0
0.0051615238189697266,85.0
0.0051615238189697266,118.0
0.0051615238189697266,106.0
0.0051615238189697266,70.0
0.0051615238189697266,37.0
0.0051615238189697266,0.0
0.0051615238189697266,24.0
0.0051615238189697266,57.0
0.0051615238189697266,33.0
0.0051615238189697266,45.0
0.0051615238189697266,69.0
0.0051615238189697266,57.0
0.0051615238189697266,93.0
0.0051615238189697266,130.0
0.0051615238189697266,94.0
0.0051615238189697266,130.0
0.0051615238189697266,94.0
0.0051615238189697266,57.0
0.0051615238189697266,69.0
0.0051615238189697266,45.0
0.0051615238189697266,69.0
0.0051615238189697266,45.0
0.0051615238189697266,82.0
0.0051615238189697266,70.0
0.0051615238189697266,106.0
0.0051615238189697266,130.0
0.0051615238189697266,93.0
0.0051615238189697266,130.0
0.0051615238189697266,97.0
0.0051615238189697266,130.0
0.0051615238189697266,106.0
0.0051615238189697266,70.0
0.0051615238189697266,82.0
0.0051615238189697266,106.0
0.0051615238189697266,94.0
0.0051615238189697266,61.0
0.0051615238189697266,97.0
0.0051615238189697266,109.0
0.0051615238189697266,97.0
0.0051615238189697266,130.0
0.0051615238189697266,94.0
0.0051615238189697266,130.0
0.0051615238189697266,106.0
0.0051615238189697266,70.0
0.0051615238189697266,82.0
0.0051615238189697266,118.0
0.0051615238189697266,85.0
0.0051615238189697266,118.0
0.0051615238189697266,85.0
0.0051615238189697266,109.0
0.0051615238189697266,97.0
0.0051615238189697266,130.0
0.0051615238189697266,94.0
0.0051615238189697266,106.0
0.0051615238189697266,94.0
0.0051615238189697266,70.0
0.0051615238189697266,82.0
0.0051615238189697266,118.0
0.0051615238189697266,106.0
0.0051615238189697266,118.0
0.0051615238189697266,106.0
0.0051615238189697266,130.0
0.0051615238189697266,94.0
0.0051615238189697266,70.0
0.0051615238189697266,82.0
0.0051615238189697266,70.0
0.0051615238189697266,37.0
0.0051615238189697266,61.0
0.0051615238189697266,97.0
0.0051615238189697266,130.0
0.0051615238189697266,93.0
0.0051615238189697266,130.0
0.0051615238189697266,106.0
0.0051615238189697266,118.0
0.0051615238189697266,81.0
0.0051615238189697266,118.0
0.0051615238189697266,85.0
0.0051615238189697266,109.0
0.0051615238189697266,73.0
0.0051615238189697266,109.0
0.0051615238189697266,85.0
0.0051615238189697266,49.0
0.0051615238189697266,82.0
0.0051615238189697266,106.0
0.0051615238189697266,94.0
0.0051615238189697266,70.0
0.0051615238189697266,94.0
0.0051615238189697266,106.0
0.0051615238189697266,82.0
0.0051615238189697266,70.0
0.0051615238189697266,94.0
0.0051615238189697266,106.0
0.0051615238189697266,82.0
0.0051615238189697266,106.0
0.0051615238189697266,73.0
0.0051615238189697266,106.0
0.0051615238189697266,94.0
0.0051615238189697266,130.0
0.0051615238189697266,97.0
0.0051615238189697266,130.0
0.0051615238189697266,94.0
0.0051615238189697266,106.0
0.0051615238189697266,94.0
0.0051615238189697266,130.0
0.0051615238189697266,93.0
0.0051615238189697266,69.0
0.0051615238189697266,93.0
0.0051615238189697266,69.0
0.0051615238189697266,81.0
0.0051615238189697266,45.0
0.0051615238189697266,81.0
0.0051615238189697266,118.0
0.0051615238189697266,106.0
0.0051615238189697266,130.0
0.0051615238189697266,97.0
0.0051615238189697266,109.0
0.0051615238189697266,72.0
0.0051615238189697266,109.0
0.0051615238189697266,85.0
0.0051615238189697266,109.0
0.0051615238189697266,97.0
0.0051615238189697266,130.0
0.0051615238189697266,106.0
0.0051615238189697266,70.0
0.0051615238189697266,82.0
0.0051615238189697266,106.0
0.0051615238189697266,94.0
0.0051615238189697266,106.0
0.0051615238189697266,82.0
0.0051615238189697266,118.0
0.0051615238189697266,85.0
0.0051615238189697266,118.0
0.0051615238189697266,85.0
0.0051615238189697266,118.0
0.0051615238189697266,106.0
0.0051615238189697266,118.0
0.0051615238189697266,81.0
0.0051615238189697266,45.0
0.0051615238189697266,82.0
0.0051615238189697266,106.0
0.0051615238189697266,69.0
0.0051615238189697266,57.0
0.0051615238189697266,94.0
0.0051615238189697266,106.0
0.0051615238189697266,73.0
0.0051615238189697266,61.0
0.0051615238189697266,73.0
0.0051615238189697266,109.0
0.0051615238189697266,85.0
0.0051615238189697266,109.0
0.0051615238189697266,97.0
0.0051615238189697266,109.0
0.0051615238189697266,97.0
0.0051615238189697266,109.0
0.0051615238189697266,85.0
0.0051615238189697266,48.0
0.0051615238189697266,72.0
0.0051615238189697266,60.0
0.0051615238189697266,97.0
0.0051615238189697266,73.0
0.0051615238189697266,85.0
0.0051615238189697266,49.0
0.0051615238189697266,73.0
0.0051615238189697266,109.0
0.0051615238189697266,85.0
0.0051615238189697266,118.0
0.0051615238189697266,82.0
0.0051615238189697266,118.0
0.0051615238189697266,106.0
0.0051615238189697266,130.0
0.0051615238189697266,93.0
0.0051615238189697266,60.0
0.0051615238189697266,72.0
0.0051615238189697266,36.0
0.0051615238189697266,69.0
0.0051615238189697266,106.0
0.0051615238189697266,94.0
0.0051615238189697266,106.0
0.0051615238189697266,82.0
0.0051615238189697266,118.0
0.0051615238189697266,85.0
0.0051615238189697266,118.0
0.0051615238189697266,106.0
0.0051615238189697266,130.0
0.0051615238189697266,106.0
0.0051615238189697266,118.0
0.0051615238189697266,85.0
0.0051615238189697266,118.0
0.0051615238189697266,85.0
0.0051615238189697266,118.0
0.0051615238189697266,85.0
0.0051615238189697266,109.0
0.0051615238189697266,97.0
0.0051615238189697266,130.0
0.0051615238189697266,93.0
0.0051615238189697266,130.0
0.0051615238189697266,106.0
0.0051615238189697266,69.0
0.0051615238189697266,93.0
0.0051615238189697266,130.0
0.0051615238189697266,97.0
0.0051615238189697266,73.0
0.0051615238189697266,106.0
0.0051615238189697266,70.0
0.0051615238189697266,106.0
0.0051615238189697266,118.0
0.0051615238189697266,106.0
0.0051615238189697266,118.0
0.0051615238189697266,106.0
0.0051615238189697266,130.0
0.0051615238189697266,106.0
0.0051615238189697266,118.0
0.0051615238189697266,81.0
0.0051615238189697266,118.0
0.0051615238189697266,106.0
0.0051615238189697266,69.0
0.0051615238189697266,81.0
0.0051615238189697266,118.0
0.0051615238189697266,81.0
0.0051615238189697266,45.0
0.0051615238189697266,81.0
0.0051615238189697266,118.0
0.0051615238189697266,85.0
0.0051615238189697266,73.0
0.0051615238189697266,97.0
0.0051615238189697266,130.0
0.0051615238189697266,97.0
0.0051615238189697266,109.0
0.0051615238189697266,85.0
0.0051615238189697266,118.0
0.0051615238189697266,81.0
0.0051615238189697266,118.0
0.0051615238189697266,106.0
0.0051615238189697266,130.0
0.0051615238189697266,94.0
0.0051615238189697266,106.0
0.0051615238189697266,94.0
0.0051615238189697266,130.0
0.0051615238189697266,97.0
0.0051615238189697266,130.0
0.0051615238189697266,106.0
0.0051615238189697266,118.0
0.0051615238189697266,82.0
0.0051615238189697266,118.0
0.0051615238189697266,106.0
0.0051615238189697266,73.0
0.0051615238189697266,97.0
0.0051615238189697266,130.0
0.0051615238189697266,93.0
0.0051615238189697266,130.0
0.0051615238189697266,94.0
0.0051615238189697266,130.0
0.0051615238189697266,97.0
0.0051615238189697266,130.0
0.0051615238189697266,106.0
0.0051615238189697266,130.0
0.0051615238189697266,106.0
0.0051615238189697266,130.0
0.0051615238189697266,106.0
0.0051615238189697266,130.0
0.0051615238189697266,106.0
0.0051615238189697266,130.0
0.0051615238189697266,94.0
0.0051615238189697266,130.0
0.0051615238189697266,106.0
0.0051615238189697266,118.0
0.0051615238189697266,106.0
0.0051615238189697266,130.0
0.0051615238189697266,106.0
0.0051615238189697266,130.0
0.0051615238189697266,106.0
0.0051615238189697266,130.0
0.0051615238189697266,106.0
0.0051615238189697266,118.0
0.0051615238189697266,106.0
0.0051615238189697266,118.0
0.0051615238189697266,82.0
0.0051615238189697266,106.0
0.0051615238189697266,94.0
0.0051615238189697266,106.0
0.0051615238189697266,73.0
0.0051615238189697266,61.0
0.0051615238189697266,97.0
0.0051615238189697266,109.0
0.0051615238189697266,97.0
0.0051615238189697266,130.0
0.0051615238189697266,97.0
0.0051615238189697266,109.0
0.0051615238189697266,85.0
0.0051615238189697266,109.0
0.0051615238189697266,97.0
0.0051615238189697266,109.0
0.0051615238189697266,97.0
0.0051615238189697266,109.0
0.0051615238189697266,97.0
0.0051615238189697266,130.0
0.0051615238189697266,94.0
0.0051615238189697266,130.0
0.0051615238189697266,94.0
0.0051615238189697266,130.0
0.0051615238189697266,97.0
0.0051615238189697266,130.0
0.0051615238189697266,106.0
0.0051615238189697266,118.0
0.0051615238189697266,106.0
0.0051615238189697266,130.0
0.0051615238189697266,106.0
0.0051615238189697266,130.0
0.008162975311279297,106.0
0.008162975311279297,118.0
0.008162975311279297,106.0
0.008162975311279297,130.0
0.008162975311279297,97.0
0.008162975311279297,130.0
0.008162975311279297,106.0
0.008162975311279297,130.0
0.008162975311279297,97.0
0.008162975311279297,109.0
0.008162975311279297,97.0
0.008162975311279297,130.0
0.008162975311279297,94.0
0.008162975311279297,106.0
0.008162975311279297,94.0
0.008162975311279297,106.0
0.008162975311279297,94.0
0.008162975311279297,106.0
0.008162975311279297,94.0
0.008162975311279297,106.0
0.008162975311279297,94.0
0.008162975311279297,106.0
0.008162975311279297,94.0
0.008162975311279297,106.0
0.008162975311279297,94.0
0.008162975311279297,106.0
0.008162975311279297,94.0
0.008162975311279297,106.0
0.008162975311279297,94.0
0.008162975311279297,106.0
0.008162975311279297,94.0
0.008162975311279297,106.0
0.008162975311279297,94.0
0.008162975311279297,130.0
