0.0,910.0
0.0,832.0
0.0,907.0
0.0,985.0
0.0,924.0
0.0,861.0
0.0,832.0
0.0,754.0
0.0,677.0
0.0,637.0
0.0,698.0
0.0,761.0
0.0,670.0
0.0,761.0
0.0,839.0
0.0,778.0
0.0,770.0
0.0,755.0
0.0,720.0
0.0,629.0
0.0,637.0
0.0,562.0
0.0,602.0
0.0,556.0
0.0,585.0
0.0,676.0
0.0,711.0
0.0,751.0
0.0,797.0
0.0,872.0
0.0,794.0
0.0,754.0
0.0,725.0
0.0,742.0
0.0,771.0
0.0,849.0
0.0,832.0
0.0,754.0
0.0,769.0
0.0,847.0
0.0,818.0
0.0,727.0
0.0,744.0
0.0,654.0
0.0,694.0
0.0,619.0
0.0,680.0
0.0,605.0
0.0,530.0
0.0,495.0
0.0,417.0
0.0,446.0
0.0,431.0
0.0,475.0
0.0,553.0
0.0,513.0
0.0,528.0
0.0,467.0
0.0,412.0
0.0,487.0
0.0,479.0
0.0,450.0
0.0,541.0
0.0,549.0
0.0,474.0
0.0,396.0
0.0,381.0
0.0,341.0
0.0,370.0
0.0,445.0
0.0,382.0
0.0,443.0
0.0,498.0
0.0,561.0
0.0,498.0
0.0,561.0
0.0,638.0
0.0,561.0
0.0,638.0
0.0,716.0
0.0,687.0
0.0,727.0
0.0,650.0
0.0,604.0
0.0,549.0
0.0,584.0
0.0,659.0
0.0,598.0
0.0,520.0
0.0,448.0
0.0,520.0
0.0,597.0
0.0,506.0
0.0,535.0
0.0,625.0
0.0,581.0
0.0,659.0
0.0,581.0
0.0,642.0
0.0,552.0
0.0,535.0
0.0,626.0
0.0,701.0
0.0,626.0
0.0,672.0
0.0,632.0
0.0,541.0
0.0,585.0
0.0,577.0
0.0,617.0
0.0,542.0
0.0,597.0
0.0,614.0
0.0,692.0
0.0,767.0
0.0,692.0
0.0,620.0
0.0,591.0
0.0,545.0
0.0,635.0
0.0,595.0
0.0,540.0
0.0,496.0
0.0,525.0
0.0,565.0
0.0,490.0
0.0,565.0
0.0,640.0
0.0,550.0
0.0,515.0
0.0,452.0
0.0,377.0
0.0,299.0
0.0,224.0
0.0,299.0
0.0,282.0
0.0,317.0
0.0,408.0
0.0,331.0
0.0,346.0
0.0,331.0
0.0,348.0
0.0,363.0
0.0,409.0
0.0,464.0
0.0,373.0
0.0,298.0
0.0,375.0
0.0,465.0
0.0,419.0
0.0,497.0
0.0,560.0
0.0,545.0
0.0,528.0
0.0,451.0
0.0,523.0
0.0,494.0
0.0,585.0
0.0,600.0
0.0,675.0
0.0,752.0
0.0,680.0
0.0,752.0
0.0,827.0
0.0,750.0
0.0,827.0
0.0,752.0
0.0,792.0
0.0,717.0
0.0,702.0
0.0,667.0
0.0,604.0
0.0,612.0
0.0,604.0
0.0,514.0
0.0,589.0
0.0,604.0
0.0,648.0
0.0,665.0
0.0,711.0
0.0,620.0
0.0,605.0
0.0,680.0
0.0,603.0
0.0,563.0
0.0,491.0
0.0,445.0
0.0,370.0
0.0,442.0
0.0,402.0
0.0,437.0
0.0,445.0
0.0,460.0
0.0,500.0
0.0,465.0
0.0,555.0
0.0,618.0
0.0,578.0
0.0,563.0
0.0,488.0
0.0,427.0
0.0,473.0
0.0,395.0
0.0,470.0
0.0,485.0
0.0,576.0
0.0,605.0
0.0,680.0
0.0,636.0
0.0,590.0
0.0,651.0
0.0,726.0
0.0,651.0
0.0,728.0
0.0,653.0
0.0,592.0
0.0,653.0
0.0,638.0
0.0,673.0
0.0,688.0
0.0,673.0
0.0,612.0
0.0,549.0
0.0,472.0
0.0,464.0
0.0,504.0
0.0,579.0
0.0,524.0
0.0,599.0
0.0,524.0
0.0,585.0
0.0,663.0
0.0,718.0
0.0,643.0
0.0,614.0
0.0,524.0
0.0,568.0
0.0,493.0
0.0,533.0
0.0,548.0
0.0,577.0
0.0,516.0
0.0,606.0
0.0,681.0
0.0,652.0
0.0,729.0
0.0,652.0
0.0,727.0
0.0,687.0
0.0,733.0
0.0,693.0
0.0,647.0
0.0,724.0
0.0,709.0
0.0,755.0
0.0,795.0
0.0,803.0
0.0,728.0
0.0,711.0
0.0,665.0
0.0,682.0
0.0,757.0
0.0,786.0
0.0,801.0
0.0,766.0
0.0,829.0
0.0,752.0
0.0,744.0
0.0,715.0
0.0,698.0
0.0,654.0
0.0,614.0
0.0,539.0
0.0,547.0
0.0,624.0
0.0,533.0
0.0,573.0
0.0,613.0
0.0,598.0
0.0,627.0
0.0,662.0
0.0,607.0
0.0,567.0
0.0,538.0
0.0,578.0
0.0,669.0
0.0,592.0
0.0,520.0
0.0,442.0
0.0,517.0
0.0,454.0
0.0,526.0
0.0,570.0
0.0,495.0
0.0,570.0
0.0,526.0
0.0,451.0
0.0,376.0
0.0,454.0
0.0,414.0
0.0,443.0
0.0,403.0
0.0,443.0
0.0,403.0
0.0,443.0
0.0,518.0
0.0,443.0
0.0,506.0
0.0,443.0
0.0,352.0
0.0,317.0
0.0,357.0
0.0,279.0
0.0,342.0
0.0,417.0
0.0,432.0
0.0,417.0
0.0,495.0
0.0,510.0
0.0,470.0
0.0,561.0
0.0,607.0
0.0,535.0
0.0,610.0
0.0,520.0
0.0,610.0
0.0,654.0
0.0,694.0
0.0,766.0
0.0,676.0
0.0,737.0
0.0,662.0
0.0,679.0
0.0,769.0
0.0,844.0
0.0,781.0
0.0,856.0
0.0,766.0
0.0,726.0
0.0,682.0
0.0,717.0
0.0,772.0
0.0,726.0
0.0,816.0
0.0,741.0
0.0,816.0
0.0,808.0
0.0,747.0
0.0,672.0
0.0,749.0
0.0,734.0
0.0,749.0
0.0,674.0
0.0,720.0
0.0,705.0
0.0,768.0
0.0,678.0
0.0,603.0
0.0,568.0
0.0,612.0
0.0,627.0
0.0,702.0
0.0,737.0
0.0,722.0
0.0,678.0
0.0,603.0
0.0,563.0
0.0,486.0
0.0,423.0
0.0,463.0
0.0,524.0
0.0,495.0
0.0,570.0
0.0,599.0
0.0,559.0
0.0,530.0
0.0,574.0
0.0,483.0
0.0,574.0
0.0,519.0
0.0,582.0
0.0,507.0
0.0,472.0
0.0,527.0
0.0,602.0
0.0,530.0
0.0,570.0
0.0,509.0
0.0,431.0
0.0,460.0
0.0,369.0
0.0,444.0
0.0,404.0
0.0,465.0
0.0,419.0
0.0,509.0
0.0,465.0
0.0,448.0
0.0,492.0
0.0,570.0
0.0,507.0
0.0,579.0
0.0,670.0
0.0,595.0
0.0,670.0
0.0,745.0
0.0,780.0
0.0,745.0
0.0,785.0
0.0,741.0
0.0,787.0
0.0,712.0
0.0,637.0
0.0,672.0
0.0,611.0
0.0,536.0
0.0,490.0
0.0,498.0
0.0,573.0
0.0,495.0
0.0,466.0
0.0,394.0
0.0,359.0
0.0,376.0
0.0,405.0
0.0,397.0
0.0,472.0
0.0,518.0
0.0,596.0
0.0,657.0
0.0,672.0
0.0,611.0
0.0,672.0
0.0,744.0
0.0,727.0
0.0,649.0
0.0,558.0
0.0,649.0
0.0,609.0
0.0,617.0
0.0,694.0
0.0,617.0
0.0,542.0
0.0,577.0
0.0,516.0
0.0,441.0
0.0,485.0
0.0,450.0
0.0,528.0
0.0,603.0
0.0,595.0
0.0,580.0
0.0,534.0
0.0,459.0
0.0,369.0
0.0,444.0
0.0,369.0
0.0,444.0
0.0,372.0
0.0,380.0
0.0,302.0
0.0,317.0
0.0,226.0
0.0,304.0
0.0,289.0
0.0,352.0
0.0,392.0
0.0,469.0
0.0,461.0
0.0,383.0
0.0,354.0
0.0,445.0
0.0,354.0
0.0,389.0
0.0,429.0
0.0,458.0
0.0,473.0
0.0,398.0
0.0,343.0
0.0,308.0
0.0,268.0
0.0,303.0
0.0,378.0
0.0,424.0
0.0,395.0
0.0,351.0
0.0,423.0
0.0,346.0
0.0,407.0
0.0,451.0
0.0,526.0
0.0,534.0
0.0,459.0
0.0,534.0
0.0,459.0
0.0,415.0
0.0,432.0
0.0,371.0
0.0,308.0
0.0,268.0
0.0,260.0
0.0,268.0
0.0,358.0
0.0,343.0
0.0,418.0
0.0,401.0
0.0,430.0
0.0,355.0
0.0,433.0
0.0,508.0
0.0,473.0
0.0,517.0
0.0,509.0
0.0,526.0
0.0,566.0
0.0,643.0
0.0,568.0
0.0,528.0
0.0,603.0
0.0,531.0
0.0,456.0
0.0,491.0
0.0,531.0
0.0,454.0
0.0,364.0
0.0,372.0
0.0,343.0
0.0,303.0
0.0,358.0
0.0,449.0
0.0,441.0
0.0,513.0
0.0,496.0
0.0,525.0
0.0,600.0
0.0,615.0
0.0,569.0
0.0,494.0
0.0,419.0
0.0,404.0
0.0,467.0
0.0,528.0
0.0,437.0
0.0,408.0
0.0,454.0
0.0,382.0
0.0,338.0
0.0,367.0
0.0,457.0
0.0,532.0
0.0,623.0
0.0,545.0
0.0,589.0
0.0,534.0
0.0,551.0
0.0,522.0
0.0,594.0
0.0,522.0
0.0,461.0
0.0,501.0
0.0,516.0
0.0,481.0
0.0,516.0
0.0,588.0
0.0,548.0
0.0,625.0
0.0,548.0
0.0,609.0
0.0,684.0
0.0,609.0
0.0,684.0
0.0,739.0
0.0,724.0
0.0,799.0
0.0,877.0
0.0,906.0
0.0,860.0
0.0,805.0
0.0,860.0
0.0,799.0
0.0,807.0
0.0,732.0
0.0,807.0
0.0,752.0
0.0,677.0
0.0,752.0
0.0,677.0
0.0,660.0
0.0,721.0
0.0,646.0
0.0,721.0
0.0,713.0
0.0,684.0
0.0,699.0
0.0,684.0
0.0,724.0
0.0,633.0
0.0,555.0
0.0,630.0
0.0,685.0
0.0,700.0
0.0,660.0
0.0,737.0
0.0,777.0
0.0,705.0
0.0,783.0
0.0,708.0
0.0,618.0
0.0,626.0
0.0,551.0
0.0,476.0
0.0,413.0
0.0,398.0
0.0,461.0
0.0,490.0
0.0,536.0
0.0,473.0
0.0,564.0
0.0,486.0
0.0,526.0
0.0,497.0
0.0,514.0
0.0,474.0
0.0,457.0
0.0,486.0
0.0,442.0
0.0,457.0
0.0,501.0
0.0,518.0
0.0,593.0
0.0,518.0
0.0,608.0
0.0,680.0
0.0,758.0
0.0,833.0
0.0,873.0
0.0,795.0
0.0,705.0
0.0,690.0
0.0,650.0
0.0,713.0
0.0,791.0
0.0,713.0
0.0,684.0
0.0,724.0
0.0,633.0
0.0,587.0
0.0,662.0
0.0,601.0
0.0,561.0
0.0,544.0
0.0,481.0
0.0,542.0
0.0,487.0
0.0,527.0
0.0,542.0
0.0,481.0
0.0,571.0
0.0,536.0
0.0,591.0
0.0,682.0
0.0,711.0
0.0,786.0
0.0,864.0
0.0,824.0
0.0,885.0
0.0,810.0
0.0,873.0
0.0,796.0
0.0,813.0
0.0,758.0
0.0,835.0
0.0,772.0
0.0,695.0
0.0,730.0
0.0,715.0
0.0,625.0
0.0,688.0
0.0,653.0
0.0,578.0
0.0,653.0
0.0,581.0
0.0,616.0
0.0,671.0
0.0,580.0
0.0,620.0
0.0,591.0
0.0,516.0
0.0,476.0
0.0,567.0
0.0,644.0
0.0,627.0
0.0,702.0
0.0,774.0
0.0,730.0
0.0,669.0
0.0,606.0
0.0,571.0
0.0,496.0
0.0,586.0
0.0,632.0
0.0,707.0
0.0,629.0
0.0,646.0
0.0,629.0
0.0,583.0
0.0,612.0
0.0,687.0
0.0,610.0
0.0,555.0
0.0,515.0
0.0,550.0
0.0,613.0
0.0,630.0
0.0,691.0
0.0,731.0
0.0,656.0
0.0,671.0
0.0,656.0
0.0,671.0
0.0,656.0
0.0,595.0
0.0,670.0
0.0,731.0
0.0,659.0
0.0,584.0
0.0,567.0
0.0,622.0
0.0,547.0
0.0,539.0
0.0,617.0
0.0,562.0
0.0,471.0
0.0,511.0
0.0,528.0
0.0,574.0
0.0,651.0
0.0,695.0
0.0,660.0
0.0,751.0
0.0,707.0
0.0,630.0
0.0,685.0
0.0,656.0
0.0,728.0
0.0,743.0
0.0,820.0
0.0,780.0
0.0,689.0
0.0,643.0
0.0,683.0
0.0,605.0
0.0,651.0
0.0,680.0
0.0,688.0
0.0,625.0
0.0,570.0
0.0,553.0
0.0,545.0
0.0,530.0
0.0,605.0
0.0,680.0
0.0,590.0
0.0,653.0
0.0,708.0
0.0,668.0
0.0,708.0
0.0,786.0
0.0,731.0
0.0,656.0
0.0,664.0
0.0,586.0
0.0,511.0
0.0,586.0
0.0,641.0
0.0,731.0
0.0,775.0
0.0,714.0
0.0,706.0
0.0,677.0
0.0,637.0
0.0,672.0
0.0,689.0
0.0,614.0
0.0,574.0
0.0,557.0
0.0,494.0
0.0,459.0
0.0,499.0
0.0,455.0
0.0,518.0
0.0,535.0
0.0,543.0
0.0,583.0
0.0,612.0
0.0,627.0
0.0,662.0
0.0,647.0
0.0,738.0
0.0,698.0
0.0,626.0
0.0,591.0
0.0,606.0
0.0,591.0
0.0,635.0
0.0,591.0
0.0,652.0
0.0,635.0
0.0,679.0
0.0,588.0
0.0,679.0
0.0,754.0
0.0,725.0
0.0,760.0
0.0,699.0
0.0,691.0
0.0,731.0
0.0,809.0
0.0,734.0
0.0,694.0
0.0,734.0
0.0,749.0
0.0,810.0
0.0,839.0
0.0,810.0
0.0,764.0
0.0,810.0
0.0,770.0
0.0,724.0
0.0,732.0
0.0,642.0
0.0,607.0
0.0,567.0
0.0,504.0
0.0,539.0
0.0,495.0
0.0,440.0
0.0,515.0
0.0,438.0
0.0,430.0
0.0,476.0
0.0,516.0
0.0,571.0
0.0,615.0
0.0,600.0
0.0,556.0
0.0,501.0
0.0,556.0
0.0,501.0
0.0,461.0
0.0,516.0
0.0,588.0
0.0,497.0
0.0,537.0
0.0,462.0
0.0,502.0
0.0,565.0
0.0,530.0
0.0,545.0
0.0,530.0
0.0,607.0
0.0,651.0
0.0,742.0
0.0,698.0
0.0,643.0
0.0,651.0
0.0,706.0
0.0,666.0
0.0,695.0
0.0,770.0
0.0,860.0
0.0,820.0
0.0,835.0
0.0,875.0
0.0,835.0
0.0,820.0
0.0,837.0
0.0,881.0
0.0,806.0
0.0,841.0
0.0,824.0
0.0,899.0
0.0,939.0
0.0,876.0
0.0,891.0
0.0,800.0
0.0,765.0
0.0,805.0
0.0,759.0
0.0,704.0
0.0,643.0
0.0,603.0
0.0,694.0
0.0,603.0
0.0,526.0
0.0,451.0
0.0,361.0
0.0,407.0
0.0,399.0
0.0,384.0
0.0,340.0
0.0,355.0
0.0,399.0
0.0,476.0
0.0,537.0
0.0,612.0
0.0,534.0
0.0,597.0
0.0,522.0
0.0,612.0
0.0,629.0
0.0,614.0
0.0,568.0
0.0,643.0
0.0,603.0
0.0,531.0
0.0,609.0
0.0,664.0
0.0,574.0
0.0,609.0
0.0,617.0
0.0,609.0
0.0,649.0
0.0,689.0
0.0,626.0
0.0,586.0
0.0,677.0
0.0,692.0
0.0,700.0
0.0,645.0
0.0,691.0
0.0,683.0
0.0,668.0
0.0,740.0
0.0,755.0
0.0,715.0
0.0,790.0
0.0,761.0
0.0,769.0
0.0,694.0
0.0,617.0
0.0,542.0
0.0,507.0
0.0,492.0
0.0,448.0
0.0,357.0
0.0,340.0
0.0,431.0
0.0,466.0
0.0,541.0
0.0,533.0
0.0,588.0
0.0,678.0
0.0,603.0
0.0,618.0
0.0,543.0
0.0,551.0
0.0,614.0
0.0,689.0
0.0,764.0
0.0,756.0
0.0,796.0
0.0,781.0
0.0,741.0
0.0,785.0
0.0,741.0
0.0,706.0
0.0,741.0
0.0,666.0
0.0,576.0
0.0,513.0
0.0,422.0
0.0,437.0
0.0,365.0
0.0,350.0
0.0,365.0
0.0,455.0
0.0,532.0
0.0,517.0
0.0,561.0
0.0,636.0
0.0,592.0
0.0,600.0
0.0,615.0
0.0,600.0
0.0,539.0
0.0,602.0
0.0,642.0
0.0,564.0
0.0,608.0
0.0,545.0
0.0,617.0
0.0,646.0
0.0,709.0
0.0,669.0
0.0,614.0
0.0,539.0
0.0,554.0
0.0,594.0
0.0,669.0
0.0,597.0
0.0,675.0
0.0,600.0
0.0,675.0
0.0,600.0
0.0,560.0
0.0,632.0
0.0,617.0
0.0,692.0
0.0,707.0
0.0,762.0
0.0,802.0
0.0,787.0
0.0,710.0
0.0,638.0
0.0,699.0
0.0,609.0
0.0,686.0
0.0,611.0
0.0,686.0
0.0,761.0
0.0,684.0
0.0,655.0
0.0,745.0
0.0,682.0
0.0,745.0
0.0,690.0
0.0,745.0
0.0,699.0
0.0,609.0
0.0,624.0
0.0,589.0
0.0,534.0
0.0,490.0
0.0,427.0
0.0,456.0
0.0,381.0
0.0,352.0
0.0,396.0
0.0,468.0
0.0,531.0
0.0,468.0
0.0,424.0
0.0,416.0
0.0,462.0
0.0,506.0
0.0,523.0
0.0,614.0
0.0,597.0
0.0,614.0
0.0,643.0
0.0,626.0
0.0,582.0
0.0,672.0
0.0,747.0
0.0,810.0
0.0,732.0
0.0,692.0
0.0,700.0
0.0,777.0
0.0,812.0
0.0,829.0
0.0,907.0
0.0,878.0
0.0,800.0
0.0,792.0
0.0,870.0
0.0,910.0
0.0,833.0
0.0,758.0
0.0,813.0
0.0,821.0
0.0,731.0
0.0,656.0
0.0,648.0
0.0,738.0
0.0,813.0
0.0,890.0
0.0,800.0
0.0,745.0
0.0,682.0
0.0,665.0
0.0,705.0
0.0,614.0
0.0,599.0
0.0,643.0
0.0,566.0
0.0,531.0
0.0,586.0
0.0,546.0
0.0,468.0
0.0,543.0
0.0,468.0
0.0,407.0
0.0,484.0
0.0,562.0
0.0,591.0
0.0,631.0
0.0,639.0
0.0,654.0
0.0,579.0
0.0,654.0
0.0,689.0
0.0,643.0
0.0,566.0
0.0,627.0
0.0,572.0
0.0,557.0
0.0,634.0
0.0,559.0
0.0,614.0
0.0,660.0
0.0,652.0
0.0,574.0
0.0,589.0
0.0,534.0
0.0,494.0
0.0,534.0
0.0,624.0
0.0,578.0
0.0,503.0
0.0,463.0
0.0,538.0
0.0,578.0
0.0,656.0
0.0,673.0
0.0,736.0
0.0,811.0
0.0,776.0
0.0,704.0
0.0,664.0
0.0,587.0
0.0,622.0
0.0,587.0
0.0,524.0
0.0,532.0
0.0,471.0
0.0,454.0
0.0,529.0
0.0,454.0
0.0,410.0
0.0,395.0
0.0,456.0
0.0,471.0
0.0,456.0
0.0,427.0
0.0,502.0
0.0,519.0
0.0,429.0
0.0,444.0
0.0,488.0
0.0,523.0
0.0,563.0
0.0,488.0
0.0,560.0
0.0,606.0
0.0,683.0
0.0,639.0
0.0,624.0
0.0,687.0
0.0,610.0
0.0,570.0
0.0,625.0
0.0,585.0
0.0,568.0
0.0,643.0
0.0,658.0
0.0,595.0
0.0,686.0
0.0,671.0
0.0,688.0
0.0,633.0
0.0,710.0
0.0,675.0
0.0,603.0
0.0,632.0
0.0,722.0
0.0,705.0
0.0,630.0
0.0,665.0
0.0,737.0
0.0,676.0
0.0,585.0
0.0,625.0
0.0,665.0
0.0,756.0
0.0,681.0
0.0,736.0
0.0,690.0
0.0,734.0
0.0,657.0
0.0,720.0
0.0,645.0
0.013611316680908203,555.0
0.013611316680908203,464.0
0.013611316680908203,539.0
0.013611316680908203,614.0
0.013611316680908203,629.0
0.013611316680908203,557.0
0.013611316680908203,502.0
0.013611316680908203,519.0
0.013611316680908203,479.0
0.013611316680908203,569.0
0.013611316680908203,494.0
0.013611316680908203,416.0
0.013611316680908203,381.0
0.013611316680908203,458.0
0.013611316680908203,504.0
0.013611316680908203,559.0
0.013611316680908203,544.0
0.013611316680908203,498.0
0.013611316680908203,423.0
0.013611316680908203,333.0
0.013611316680908203,256.0
0.013611316680908203,334.0
0.013611316680908203,425.0
0.013611316680908203,370.0
0.013611316680908203,326.0
0.013611316680908203,398.0
0.013611316680908203,381.0
0.013611316680908203,456.0
0.013611316680908203,473.0
0.013611316680908203,563.0
0.013611316680908203,534.0
0.013611316680908203,595.0
0.013611316680908203,520.0
0.013611316680908203,512.0
0.013611316680908203,434.0
0.013611316680908203,509.0
0.013611316680908203,492.0
0.013611316680908203,500.0
0.013611316680908203,546.0
0.013611316680908203,538.0
0.013611316680908203,447.0
0.013611316680908203,538.0
0.013611316680908203,475.0
0.013611316680908203,530.0
0.013611316680908203,608.0
0.013611316680908203,553.0
0.013611316680908203,597.0
0.013611316680908203,522.0
0.013611316680908203,562.0
0.013611316680908203,579.0
0.013611316680908203,562.0
0.013611316680908203,625.0
0.013611316680908203,585.0
0.013611316680908203,524.0
0.013611316680908203,553.0
0.013611316680908203,561.0
0.013611316680908203,532.0
0.013611316680908203,469.0
0.013611316680908203,544.0
0.013611316680908203,584.0
0.013611316680908203,494.0
0.013611316680908203,523.0
0.013611316680908203,598.0
0.013611316680908203,659.0
0.013611316680908203,587.0
0.013611316680908203,547.0
0.013611316680908203,469.0
0.013611316680908203,546.0
0.013611316680908203,471.0
0.013611316680908203,534.0
0.013611316680908203,551.0
0.013611316680908203,626.0
0.013611316680908203,535.0
0.013611316680908203,570.0
0.013611316680908203,645.0
0.013611316680908203,736.0
0.013611316680908203,808.0
0.013611316680908203,898.0
0.013611316680908203,823.0
0.013611316680908203,878.0
0.013611316680908203,834.0
0.013611316680908203,874.0
0.013611316680908203,834.0
0.013611316680908203,771.0
0.013611316680908203,742.0
0.013611316680908203,771.0
0.013611316680908203,763.0
0.013611316680908203,807.0
0.013611316680908203,767.0
0.013611316680908203,830.0
0.013611316680908203,813.0
0.013611316680908203,769.0
0.013611316680908203,809.0
0.013611316680908203,737.0
0.013611316680908203,815.0
0.013611316680908203,724.0
0.013611316680908203,689.0
0.013611316680908203,706.0
0.013611316680908203,651.0
0.013611316680908203,634.0
0.013611316680908203,725.0
0.013611316680908203,769.0
0.013611316680908203,740.0
0.013611316680908203,679.0
0.013611316680908203,602.0
0.013611316680908203,642.0
0.013611316680908203,602.0
0.013611316680908203,610.0
0.013611316680908203,627.0
0.013611316680908203,702.0
0.013611316680908203,694.0
0.013611316680908203,749.0
0.013611316680908203,757.0
0.013611316680908203,694.0
0.013611316680908203,639.0
0.013611316680908203,702.0
0.013611316680908203,731.0
0.013611316680908203,656.0
0.013611316680908203,696.0
0.013611316680908203,621.0
0.013611316680908203,696.0
0.013611316680908203,656.0
0.013611316680908203,728.0
0.013611316680908203,805.0
0.013611316680908203,730.0
0.013611316680908203,686.0
0.013611316680908203,701.0
0.013611316680908203,624.0
0.013611316680908203,609.0
0.013611316680908203,569.0
0.013611316680908203,609.0
0.013611316680908203,601.0
0.013611316680908203,676.0
0.013611316680908203,716.0
0.013611316680908203,638.0
0.013611316680908203,673.0
0.013611316680908203,633.0
0.013611316680908203,711.0
0.013611316680908203,755.0
0.013611316680908203,680.0
0.013611316680908203,688.0
0.013611316680908203,642.0
0.013611316680908203,551.0
0.013611316680908203,591.0
0.013611316680908203,547.0
0.013611316680908203,539.0
0.013611316680908203,504.0
0.013611316680908203,539.0
0.013611316680908203,504.0
0.013611316680908203,581.0
0.013611316680908203,506.0
0.013611316680908203,567.0
0.013611316680908203,575.0
0.013611316680908203,512.0
0.013611316680908203,435.0
0.013611316680908203,450.0
0.013611316680908203,410.0
0.013611316680908203,332.0
0.013611316680908203,376.0
0.013611316680908203,454.0
0.013611316680908203,517.0
0.013611316680908203,608.0
0.013611316680908203,564.0
0.013611316680908203,619.0
0.013611316680908203,602.0
0.013611316680908203,679.0
0.013611316680908203,725.0
0.013611316680908203,634.0
0.013611316680908203,669.0
0.013611316680908203,661.0
0.013611316680908203,736.0
0.013611316680908203,696.0
0.013611316680908203,681.0
0.013611316680908203,756.0
0.013611316680908203,796.0
0.013611316680908203,840.0
0.013611316680908203,785.0
0.013611316680908203,707.0
0.013611316680908203,644.0
0.013611316680908203,699.0
0.013611316680908203,655.0
0.013611316680908203,620.0
0.013611316680908203,637.0
0.013611316680908203,562.0
0.013611316680908203,485.0
0.013611316680908203,576.0
0.013611316680908203,639.0
0.013611316680908203,622.0
0.013611316680908203,532.0
0.013611316680908203,547.0
0.013611316680908203,587.0
0.013611316680908203,622.0
0.013611316680908203,607.0
0.013611316680908203,546.0
0.013611316680908203,590.0
0.013611316680908203,667.0
0.013611316680908203,757.0
0.013611316680908203,774.0
0.013611316680908203,719.0
0.013611316680908203,690.0
0.013611316680908203,615.0
0.013611316680908203,690.0
0.013611316680908203,618.0
0.013611316680908203,528.0
0.013611316680908203,488.0
0.013611316680908203,425.0
0.013611316680908203,381.0
0.013611316680908203,444.0
0.013611316680908203,459.0
0.013611316680908203,467.0
0.013611316680908203,421.0
0.013611316680908203,344.0
0.013611316680908203,399.0
0.013611316680908203,489.0
0.013611316680908203,535.0
0.013611316680908203,596.0
0.013611316680908203,579.0
0.013611316680908203,564.0
0.013611316680908203,579.0
0.013611316680908203,596.0
0.013611316680908203,550.0
0.013611316680908203,596.0
0.013611316680908203,640.0
0.013611316680908203,717.0
0.013611316680908203,709.0
0.013611316680908203,749.0
0.013611316680908203,709.0
0.013611316680908203,674.0
0.013611316680908203,628.0
0.013611316680908203,613.0
0.013611316680908203,659.0
0.013611316680908203,737.0
0.013611316680908203,777.0
0.013611316680908203,716.0
0.013611316680908203,791.0
0.013611316680908203,774.0
0.013611316680908203,789.0
0.013611316680908203,824.0
0.013611316680908203,734.0
0.013611316680908203,751.0
0.013611316680908203,660.0
0.013611316680908203,583.0
0.013611316680908203,591.0
0.013611316680908203,663.0
0.013611316680908203,588.0
0.013611316680908203,525.0
0.013611316680908203,479.0
0.013611316680908203,525.0
0.013611316680908203,517.0
0.013611316680908203,594.0
0.013611316680908203,669.0
0.013611316680908203,625.0
0.013611316680908203,570.0
0.013611316680908203,633.0
0.013611316680908203,561.0
0.013611316680908203,498.0
0.013611316680908203,481.0
0.013611316680908203,553.0
0.013611316680908203,475.0
0.013611316680908203,565.0
0.013611316680908203,550.0
0.013611316680908203,567.0
0.013611316680908203,642.0
0.013611316680908203,697.0
0.013611316680908203,705.0
0.013611316680908203,615.0
0.013611316680908203,706.0
0.013611316680908203,784.0
0.013611316680908203,813.0
0.013611316680908203,773.0
0.013611316680908203,695.0
0.013611316680908203,620.0
0.013611316680908203,603.0
0.013611316680908203,681.0
0.013611316680908203,698.0
0.013611316680908203,681.0
0.013611316680908203,652.0
0.013611316680908203,669.0
0.013611316680908203,597.0
0.013611316680908203,557.0
0.013611316680908203,480.0
0.013611316680908203,445.0
0.013611316680908203,399.0
0.013611316680908203,476.0
0.013611316680908203,459.0
0.013611316680908203,494.0
0.013611316680908203,557.0
0.013611316680908203,632.0
0.013611316680908203,624.0
0.013611316680908203,685.0
0.013611316680908203,610.0
0.013611316680908203,625.0
0.013611316680908203,550.0
0.013611316680908203,567.0
0.013611316680908203,490.0
0.013611316680908203,473.0
0.013611316680908203,418.0
0.013611316680908203,447.0
0.013611316680908203,487.0
0.013611316680908203,533.0
0.013611316680908203,487.0
0.013611316680908203,559.0
0.013611316680908203,603.0
0.013611316680908203,693.0
0.013611316680908203,678.0
0.013611316680908203,638.0
0.013611316680908203,566.0
0.013611316680908203,643.0
0.013611316680908203,658.0
0.013611316680908203,698.0
0.013611316680908203,773.0
0.013611316680908203,695.0
0.013611316680908203,770.0
0.013611316680908203,825.0
0.013611316680908203,833.0
0.013611316680908203,879.0
0.013611316680908203,871.0
0.013611316680908203,825.0
0.013611316680908203,764.0
0.013611316680908203,687.0
0.013611316680908203,612.0
0.013611316680908203,557.0
0.013611316680908203,612.0
0.013611316680908203,687.0
0.013611316680908203,733.0
0.013611316680908203,773.0
0.013611316680908203,698.0
0.013611316680908203,770.0
0.013611316680908203,741.0
0.013611316680908203,697.0
0.013611316680908203,741.0
0.013611316680908203,686.0
0.013611316680908203,646.0
0.013611316680908203,571.0
0.013611316680908203,508.0
0.013611316680908203,537.0
0.013611316680908203,491.0
0.013611316680908203,456.0
0.013611316680908203,441.0
0.013611316680908203,504.0
0.013611316680908203,581.0
0.013611316680908203,656.0
0.013611316680908203,711.0
0.013611316680908203,671.0
0.013611316680908203,717.0
0.013611316680908203,734.0
0.013611316680908203,717.0
0.013611316680908203,671.0
0.013611316680908203,711.0
0.013611316680908203,789.0
0.013611316680908203,864.0
0.013611316680908203,899.0
0.013611316680908203,960.0
0.013611316680908203,916.0
0.013611316680908203,962.0
0.013611316680908203,1006.0
0.013611316680908203,971.0
0.013611316680908203,988.0
0.013611316680908203,897.0
0.013611316680908203,834.0
0.013611316680908203,790.0
0.013611316680908203,718.0
0.013611316680908203,733.0
0.013611316680908203,777.0
0.013611316680908203,748.0
0.013611316680908203,671.0
0.013611316680908203,762.0
0.014615297317504883,825.0
0.014615297317504883,902.0
0.014615297317504883,885.0
0.014615297317504883,841.0
0.014615297317504883,849.0
0.014615297317504883,772.0
0.014615297317504883,764.0
0.014615297317504883,793.0
0.014615297317504883,753.0
0.014615297317504883,797.0
0.014615297317504883,814.0
0.014615297317504883,739.0
0.014615297317504883,664.0
0.014615297317504883,704.0
0.014615297317504883,779.0
0.014615297317504883,701.0
0.014615297317504883,779.0
0.014615297317504883,688.0
0.014615297317504883,673.0
0.014615297317504883,644.0
0.014615297317504883,673.0
0.014615297317504883,688.0
0.014615297317504883,728.0
0.014615297317504883,699.0
0.014615297317504883,659.0
0.014615297317504883,688.0
0.014615297317504883,763.0
0.014615297317504883,748.0
0.014615297317504883,756.0
0.014615297317504883,739.0
0.014615297317504883,754.0
0.014615297317504883,725.0
0.014615297317504883,647.0
0.014615297317504883,592.0
0.014615297317504883,531.0
0.014615297317504883,560.0
0.014615297317504883,600.0
0.014615297317504883,592.0
0.014615297317504883,517.0
0.014615297317504883,525.0
0.014615297317504883,479.0
0.014615297317504883,439.0
0.014615297317504883,410.0
0.014615297317504883,465.0
0.014615297317504883,542.0
0.014615297317504883,617.0
0.014615297317504883,689.0
0.014615297317504883,706.0
0.014615297317504883,651.0
0.014615297317504883,634.0
0.014615297317504883,669.0
0.014615297317504883,597.0
0.014615297317504883,522.0
0.014615297317504883,514.0
0.014615297317504883,470.0
0.014615297317504883,487.0
0.014615297317504883,495.0
0.014615297317504883,455.0
0.014615297317504883,533.0
0.014615297317504883,624.0
0.014615297317504883,589.0
0.014615297317504883,581.0
0.014615297317504883,610.0
0.014615297317504883,650.0
0.014615297317504883,635.0
0.014615297317504883,670.0
0.014615297317504883,742.0
0.014615297317504883,670.0
0.014615297317504883,685.0
0.014615297317504883,607.0
0.014615297317504883,668.0
0.014615297317504883,723.0
0.014615297317504883,731.0
0.014615297317504883,691.0
0.014615297317504883,735.0
0.014615297317504883,658.0
0.014615297317504883,650.0
0.014615297317504883,725.0
0.014615297317504883,803.0
0.014615297317504883,728.0
0.014615297317504883,665.0
0.014615297317504883,650.0
0.014615297317504883,725.0
0.014615297317504883,765.0
0.014615297317504883,805.0
0.014615297317504883,765.0
0.014615297317504883,837.0
0.014615297317504883,883.0
0.014615297317504883,843.0
0.014615297317504883,883.0
0.014615297317504883,839.0
0.014615297317504883,778.0
0.014615297317504883,703.0
0.014615297317504883,764.0
0.014615297317504883,686.0
0.014615297317504883,726.0
0.014615297317504883,770.0
0.014615297317504883,847.0
0.014615297317504883,818.0
0.014615297317504883,826.0
0.014615297317504883,818.0
0.014615297317504883,801.0
0.014615297317504883,757.0
0.014615297317504883,772.0
0.014615297317504883,801.0
0.014615297317504883,876.0
0.014615297317504883,836.0
0.014615297317504883,761.0
0.014615297317504883,671.0
0.014615297317504883,636.0
0.014615297317504883,561.0
0.014615297317504883,605.0
0.014615297317504883,645.0
0.014615297317504883,662.0
0.014615297317504883,607.0
0.014615297317504883,685.0
0.014615297317504883,693.0
0.014615297317504883,768.0
0.014615297317504883,693.0
0.014615297317504883,756.0
0.014615297317504883,748.0
0.014615297317504883,704.0
0.014615297317504883,658.0
0.014615297317504883,733.0
0.014615297317504883,768.0
0.014615297317504883,728.0
0.014615297317504883,688.0
0.014615297317504883,734.0
0.014615297317504883,742.0
0.014615297317504883,713.0
0.014615297317504883,803.0
0.014615297317504883,786.0
0.014615297317504883,725.0
0.014615297317504883,769.0
0.014615297317504883,723.0
0.014615297317504883,752.0
0.014615297317504883,717.0
0.014615297317504883,627.0
0.014615297317504883,667.0
0.014615297317504883,722.0
0.014615297317504883,757.0
0.014615297317504883,847.0
0.014615297317504883,839.0
0.014615297317504883,764.0
0.014615297317504883,772.0
0.014615297317504883,764.0
0.014615297317504883,804.0
0.014615297317504883,729.0
0.014615297317504883,638.0
0.014615297317504883,713.0
0.014615297317504883,698.0
0.014615297317504883,669.0
0.014615297317504883,744.0
0.014615297317504883,669.0
0.014615297317504883,744.0
0.014615297317504883,761.0
0.014615297317504883,836.0
0.014615297317504883,773.0
0.014615297317504883,738.0
0.014615297317504883,663.0
0.014615297317504883,623.0
0.014615297317504883,546.0
0.014615297317504883,592.0
0.014615297317504883,575.0
0.014615297317504883,604.0
0.014615297317504883,558.0
0.014615297317504883,593.0
0.014615297317504883,670.0
0.014615297317504883,595.0
0.014615297317504883,603.0
0.014615297317504883,528.0
0.014615297317504883,574.0
0.014615297317504883,502.0
0.014615297317504883,462.0
0.014615297317504883,525.0
0.014615297317504883,448.0
0.014615297317504883,523.0
0.014615297317504883,445.0
0.014615297317504883,485.0
0.014615297317504883,450.0
0.014615297317504883,404.0
0.014615297317504883,479.0
0.014615297317504883,554.0
0.014615297317504883,600.0
0.014615297317504883,672.0
0.014615297317504883,597.0
0.014615297317504883,688.0
0.014615297317504883,598.0
0.014615297317504883,673.0
0.014615297317504883,610.0
0.014615297317504883,570.0
0.014615297317504883,495.0
0.014615297317504883,535.0
0.014615297317504883,598.0
0.014615297317504883,675.0
0.014615297317504883,631.0
0.014615297317504883,568.0
0.014615297317504883,491.0
0.014615297317504883,462.0
0.014615297317504883,422.0
0.014615297317504883,485.0
0.014615297317504883,502.0
0.014615297317504883,546.0
0.014615297317504883,538.0
0.014615297317504883,599.0
0.014615297317504883,527.0
0.014615297317504883,599.0
0.014615297317504883,674.0
0.014615297317504883,630.0
0.014615297317504883,555.0
0.014615297317504883,632.0
0.014615297317504883,647.0
0.014615297317504883,687.0
0.014615297317504883,632.0
0.014615297317504883,571.0
0.014615297317504883,496.0
0.014615297317504883,574.0
0.014615297317504883,582.0
0.014615297317504883,491.0
0.014615297317504883,582.0
0.014615297317504883,504.0
0.014615297317504883,464.0
0.014615297317504883,392.0
0.014615297317504883,432.0
0.014615297317504883,461.0
0.014615297317504883,516.0
0.014615297317504883,487.0
0.014615297317504883,531.0
0.014615297317504883,560.0
0.014615297317504883,650.0
0.014615297317504883,685.0
0.014615297317504883,757.0
0.014615297317504883,667.0
0.014615297317504883,590.0
0.014615297317504883,630.0
0.014615297317504883,622.0
0.014615297317504883,700.0
0.014615297317504883,628.0
0.014615297317504883,599.0
0.014615297317504883,536.0
0.014615297317504883,626.0
0.014615297317504883,689.0
0.014615297317504883,614.0
0.014615297317504883,579.0
0.014615297317504883,656.0
0.014615297317504883,639.0
0.014615297317504883,595.0
0.014615297317504883,639.0
0.014615297317504883,599.0
0.014615297317504883,544.0
0.014615297317504883,481.0
0.014615297317504883,556.0
0.014615297317504883,591.0
0.014615297317504883,652.0
0.014615297317504883,562.0
0.014615297317504883,527.0
0.014615297317504883,535.0
0.014615297317504883,491.0
0.014615297317504883,531.0
0.014615297317504883,548.0
0.014615297317504883,638.0
0.014615297317504883,713.0
0.014615297317504883,635.0
0.014615297317504883,574.0
0.014615297317504883,637.0
0.014615297317504883,597.0
0.014615297317504883,672.0
0.014615297317504883,626.0
0.014615297317504883,670.0
0.014615297317504883,626.0
0.014615297317504883,535.0
0.014615297317504883,613.0
0.014615297317504883,659.0
0.014615297317504883,651.0
0.014615297317504883,659.0
0.014615297317504883,750.0
0.014615297317504883,687.0
0.014615297317504883,679.0
0.014615297317504883,723.0
0.014615297317504883,708.0
0.014615297317504883,771.0
0.014615297317504883,779.0
0.014615297317504883,794.0
0.014615297317504883,750.0
0.014615297317504883,805.0
0.014615297317504883,728.0
0.014615297317504883,713.0
0.014615297317504883,635.0
0.014615297317504883,675.0
0.014615297317504883,753.0
0.014615297317504883,698.0
0.014615297317504883,759.0
0.014615297317504883,698.0
0.014615297317504883,742.0
0.014615297317504883,803.0
0.014615297317504883,728.0
0.014615297317504883,720.0
0.014615297317504883,680.0
0.014615297317504883,757.0
0.014615297317504883,696.0
0.014615297317504883,751.0
0.014615297317504883,711.0
0.014615297317504883,751.0
0.014615297317504883,786.0
0.014615297317504883,769.0
0.014615297317504883,777.0
0.014615297317504883,849.0
0.014615297317504883,841.0
0.014615297317504883,902.0
0.014615297317504883,977.0
0.014615297317504883,942.0
0.014615297317504883,950.0
0.014615297317504883,910.0
0.014615297317504883,847.0
0.014615297317504883,770.0
0.014615297317504883,810.0
0.014615297317504883,732.0
0.014615297317504883,795.0
0.014615297317504883,812.0
0.014615297317504883,795.0
0.014615297317504883,755.0
0.014615297317504883,784.0
0.014615297317504883,709.0
0.014615297317504883,654.0
0.014615297317504883,564.0
0.014615297317504883,599.0
0.014615297317504883,616.0
0.014615297317504883,656.0
0.014615297317504883,593.0
0.014615297317504883,547.0
0.014615297317504883,472.0
0.014615297317504883,397.0
0.014615297317504883,306.0
0.014615297317504883,245.0
0.014615297317504883,228.0
0.014615297317504883,303.0
0.014615297317504883,231.0
0.014615297317504883,286.0
0.014615297317504883,361.0
0.014615297317504883,401.0
0.014615297317504883,473.0
0.014615297317504883,438.0
0.014615297317504883,473.0
0.014615297317504883,465.0
0.014615297317504883,473.0
0.014615297317504883,433.0
0.014615297317504883,393.0
0.014615297317504883,408.0
0.014615297317504883,364.0
0.014615297317504883,404.0
0.014615297317504883,494.0
0.014615297317504883,534.0
0.014615297317504883,519.0
0.014615297317504883,565.0
0.014615297317504883,557.0
0.014615297317504883,635.0
0.014615297317504883,580.0
0.014615297317504883,597.0
0.014615297317504883,658.0
0.014615297317504883,618.0
0.014615297317504883,673.0
0.014615297317504883,688.0
0.014615297317504883,696.0
0.014615297317504883,618.0
0.014615297317504883,557.0
0.014615297317504883,635.0
0.014615297317504883,620.0
0.014615297317504883,697.0
0.014615297317504883,712.0
0.014615297317504883,666.0
0.014615297317504883,729.0
0.014615297317504883,721.0
0.014615297317504883,706.0
0.014615297317504883,752.0
0.014615297317504883,677.0
0.014615297317504883,752.0
0.014615297317504883,697.0
0.014615297317504883,651.0
0.014615297317504883,697.0
0.014615297317504883,712.0
0.014615297317504883,666.0
0.014615297317504883,721.0
0.014615297317504883,767.0
0.014615297317504883,692.0
0.014615297317504883,753.0
0.014615297317504883,844.0
0.015615224838256836,769.0
0.015615224838256836,752.0
0.015615224838256836,827.0
0.015615224838256836,902.0
0.015615224838256836,841.0
0.015615224838256836,764.0
0.015615224838256836,735.0
0.015615224838256836,743.0
0.015615224838256836,804.0
0.015615224838256836,879.0
0.015615224838256836,789.0
0.015615224838256836,728.0
0.015615224838256836,745.0
0.015615224838256836,667.0
0.015615224838256836,696.0
0.015615224838256836,641.0
0.015615224838256836,633.0
0.015615224838256836,673.0
0.015615224838256836,638.0
0.015615224838256836,563.0
0.015615224838256836,641.0
0.015615224838256836,612.0
0.015615224838256836,667.0
0.015615224838256836,728.0
0.015615224838256836,667.0
0.015615224838256836,612.0
0.015615224838256836,595.0
0.015615224838256836,603.0
0.015615224838256836,525.0
0.015615224838256836,580.0
0.015615224838256836,670.0
0.015615224838256836,607.0
0.015615224838256836,552.0
0.015615224838256836,480.0
0.015615224838256836,541.0
0.015615224838256836,619.0
0.015615224838256836,654.0
0.015615224838256836,731.0
0.015615224838256836,670.0
0.015615224838256836,662.0
0.015615224838256836,587.0
0.015615224838256836,547.0
0.015615224838256836,608.0
0.015615224838256836,663.0
0.015615224838256836,585.0
0.015615224838256836,625.0
0.015615224838256836,564.0
0.015615224838256836,524.0
0.015615224838256836,602.0
0.015615224838256836,665.0
0.015615224838256836,587.0
0.015615224838256836,659.0
0.015615224838256836,699.0
0.015615224838256836,728.0
0.015615224838256836,713.0
0.015615224838256836,667.0
0.015615224838256836,745.0
0.015615224838256836,753.0
0.015615224838256836,799.0
0.015615224838256836,843.0
0.015615224838256836,814.0
0.015615224838256836,724.0
0.015615224838256836,716.0
0.015615224838256836,724.0
0.015615224838256836,814.0
0.015615224838256836,829.0
0.015615224838256836,904.0
0.015615224838256836,864.0
0.015615224838256836,789.0
0.015615224838256836,714.0
0.015615224838256836,674.0
0.015615224838256836,735.0
0.015615224838256836,644.0
0.015615224838256836,566.0
0.015615224838256836,641.0
0.015615224838256836,681.0
0.015615224838256836,646.0
0.015615224838256836,681.0
0.015615224838256836,721.0
0.015615224838256836,750.0
0.015615224838256836,687.0
0.015615224838256836,658.0
0.015615224838256836,736.0
0.015615224838256836,811.0
0.015615224838256836,796.0
0.015615224838256836,756.0
0.015615224838256836,819.0
0.015615224838256836,811.0
0.015615224838256836,771.0
0.015615224838256836,725.0
0.015615224838256836,662.0
0.015615224838256836,677.0
0.015615224838256836,599.0
0.015615224838256836,645.0
0.015615224838256836,568.0
0.015615224838256836,597.0
0.015615224838256836,522.0
0.015615224838256836,597.0
0.015615224838256836,614.0
0.015615224838256836,691.0
0.015615224838256836,614.0
0.015615224838256836,597.0
0.015615224838256836,637.0
0.015615224838256836,645.0
0.015615224838256836,637.0
0.015615224838256836,712.0
0.015615224838256836,697.0
0.015615224838256836,775.0
0.015615224838256836,783.0
0.015615224838256836,708.0
0.015615224838256836,748.0
0.015615224838256836,658.0
0.015615224838256836,675.0
0.015615224838256836,629.0
0.015615224838256836,720.0
0.015615224838256836,691.0
0.015615224838256836,720.0
0.015615224838256836,766.0
0.015615224838256836,726.0
0.015615224838256836,651.0
0.015615224838256836,714.0
0.015615224838256836,706.0
0.015615224838256836,781.0
0.015615224838256836,720.0
0.015615224838256836,680.0
0.015615224838256836,625.0
0.015615224838256836,665.0
0.015615224838256836,705.0
0.015615224838256836,627.0
0.015615224838256836,587.0
0.015615224838256836,541.0
0.015615224838256836,501.0
0.015615224838256836,578.0
0.015615224838256836,618.0
0.015615224838256836,664.0
0.015615224838256836,620.0
0.015615224838256836,695.0
0.015615224838256836,785.0
0.015615224838256836,840.0
0.015615224838256836,918.0
0.015615224838256836,926.0
0.015615224838256836,886.0
0.015615224838256836,851.0
0.015615224838256836,912.0
0.015615224838256836,835.0
0.015615224838256836,757.0
0.015615224838256836,696.0
0.015615224838256836,711.0
0.015615224838256836,746.0
0.015615224838256836,824.0
0.015615224838256836,816.0
0.015615224838256836,741.0
0.015615224838256836,686.0
0.015615224838256836,763.0
0.015615224838256836,685.0
0.015615224838256836,610.0
0.015615224838256836,595.0
0.015615224838256836,639.0
0.015615224838256836,564.0
0.015615224838256836,501.0
0.015615224838256836,410.0
0.015615224838256836,485.0
0.015615224838256836,560.0
0.015615224838256836,483.0
0.015615224838256836,538.0
0.015615224838256836,629.0
0.015615224838256836,554.0
0.015615224838256836,562.0
0.015615224838256836,527.0
0.015615224838256836,605.0
0.015615224838256836,666.0
0.015615224838256836,649.0
0.015615224838256836,664.0
0.015615224838256836,699.0
0.015615224838256836,739.0
0.015615224838256836,664.0
0.015615224838256836,681.0
0.015615224838256836,721.0
0.015615224838256836,706.0
0.015615224838256836,783.0
0.015615224838256836,846.0
0.015615224838256836,829.0
0.015615224838256836,783.0
0.015615224838256836,858.0
0.015615224838256836,850.0
0.015615224838256836,925.0
0.015615224838256836,847.0
0.015615224838256836,770.0
0.015615224838256836,787.0
0.015615224838256836,726.0
0.015615224838256836,804.0
0.015615224838256836,865.0
0.015615224838256836,836.0
0.015615224838256836,819.0
0.015615224838256836,834.0
0.015615224838256836,842.0
0.015615224838256836,888.0
0.015615224838256836,873.0
0.015615224838256836,798.0
0.015615224838256836,720.0
0.015615224838256836,735.0
0.015615224838256836,727.0
0.015615224838256836,672.0
0.015615224838256836,632.0
0.015615224838256836,586.0
0.015615224838256836,661.0
0.015615224838256836,739.0
0.015615224838256836,814.0
0.015615224838256836,831.0
0.015615224838256836,814.0
0.015615224838256836,799.0
0.015615224838256836,755.0
0.015615224838256836,763.0
0.015615224838256836,780.0
0.015615224838256836,820.0
0.015615224838256836,864.0
0.015615224838256836,910.0
0.015615224838256836,902.0
0.015615224838256836,885.0
0.015615224838256836,940.0
0.015615224838256836,879.0
0.015615224838256836,816.0
0.015615224838256836,824.0
0.015615224838256836,752.0
0.015615224838256836,781.0
0.015615224838256836,853.0
0.015615224838256836,870.0
0.015615224838256836,824.0
0.015615224838256836,784.0
0.015615224838256836,694.0
0.015615224838256836,654.0
0.015615224838256836,715.0
0.015615224838256836,805.0
0.015615224838256836,730.0
0.015615224838256836,686.0
0.015615224838256836,625.0
0.015615224838256836,550.0
0.015615224838256836,627.0
0.015615224838256836,550.0
0.015615224838256836,594.0
0.015615224838256836,519.0
0.015615224838256836,596.0
0.015615224838256836,552.0
0.015615224838256836,567.0
0.015615224838256836,607.0
0.015615224838256836,653.0
0.015615224838256836,716.0
0.015615224838256836,626.0
0.015615224838256836,611.0
0.015615224838256836,556.0
0.015615224838256836,617.0
0.015615224838256836,692.0
0.015615224838256836,601.0
0.015615224838256836,616.0
0.015615224838256836,555.0
0.015615224838256836,599.0
0.015615224838256836,527.0
0.015615224838256836,599.0
0.015615224838256836,674.0
0.015615224838256836,628.0
0.015615224838256836,719.0
0.015615224838256836,702.0
0.015615224838256836,757.0
0.015615224838256836,832.0
0.015615224838256836,757.0
0.015615224838256836,682.0
0.015615224838256836,667.0
0.015615224838256836,627.0
0.015615224838256836,572.0
0.015615224838256836,612.0
0.015615224838256836,521.0
0.015615224838256836,536.0
0.015615224838256836,597.0
0.015615224838256836,562.0
0.015615224838256836,637.0
0.015615224838256836,654.0
0.015615224838256836,745.0
0.015615224838256836,791.0
0.015615224838256836,716.0
0.015615224838256836,806.0
0.015615224838256836,734.0
0.015615224838256836,705.0
0.015615224838256836,661.0
0.015615224838256836,571.0
0.015615224838256836,531.0
0.015615224838256836,603.0
0.015615224838256836,678.0
0.015615224838256836,617.0
0.015615224838256836,707.0
0.015615224838256836,661.0
0.015615224838256836,701.0
0.015615224838256836,736.0
0.015615224838256836,661.0
0.015615224838256836,716.0
0.015615224838256836,762.0
0.015615224838256836,722.0
0.015615224838256836,714.0
0.015615224838256836,679.0
0.015615224838256836,719.0
0.015615224838256836,704.0
0.015615224838256836,664.0
0.015615224838256836,699.0
0.015615224838256836,621.0
0.015615224838256836,604.0
0.015615224838256836,665.0
0.015615224838256836,682.0
0.015615224838256836,726.0
0.015615224838256836,766.0
0.015615224838256836,675.0
0.015615224838256836,683.0
0.015615224838256836,698.0
0.015615224838256836,738.0
0.015615224838256836,703.0
0.015615224838256836,794.0
0.015615224838256836,786.0
0.015615224838256836,861.0
0.015615224838256836,869.0
0.015615224838256836,808.0
0.015615224838256836,886.0
0.015615224838256836,808.0
0.015615224838256836,768.0
0.015615224838256836,722.0
0.015615224838256836,705.0
0.015615224838256836,722.0
0.015615224838256836,682.0
0.015615224838256836,722.0
0.015615224838256836,647.0
0.015615224838256836,639.0
0.015615224838256836,668.0
0.015615224838256836,714.0
0.015615224838256836,789.0
0.015615224838256836,714.0
0.015615224838256836,659.0
0.015615224838256836,642.0
0.015615224838256836,565.0
0.015615224838256836,475.0
0.015615224838256836,552.0
0.015615224838256836,642.0
0.015615224838256836,717.0
0.015615224838256836,627.0
0.015615224838256836,612.0
0.015615224838256836,690.0
0.015615224838256836,618.0
0.015615224838256836,572.0
0.015615224838256836,580.0
0.015615224838256836,540.0
0.015615224838256836,477.0
0.015615224838256836,492.0
0.015615224838256836,532.0
0.015615224838256836,604.0
0.015615224838256836,639.0
0.015615224838256836,700.0
0.015615224838256836,755.0
0.015615224838256836,830.0
0.015615224838256836,739.0
0.01661515235900879,664.0
0.01661515235900879,609.0
0.01661515235900879,700.0
0.01661515235900879,746.0
0.01661515235900879,674.0
0.01661515235900879,666.0
0.01661515235900879,589.0
0.01661515235900879,652.0
0.01661515235900879,742.0
0.01661515235900879,819.0
0.01661515235900879,790.0
0.01661515235900879,819.0
0.01661515235900879,742.0
0.01661515235900879,727.0
0.01661515235900879,666.0
0.01661515235900879,741.0
0.01661515235900879,706.0
0.01661515235900879,631.0
0.01661515235900879,686.0
0.01661515235900879,694.0
0.01661515235900879,619.0
0.01661515235900879,573.0
0.01661515235900879,590.0
0.01661515235900879,582.0
0.01661515235900879,538.0
0.01661515235900879,613.0
0.01661515235900879,628.0
0.01661515235900879,674.0
0.01661515235900879,714.0
0.01661515235900879,623.0
0.01661515235900879,667.0
0.01661515235900879,650.0
0.01661515235900879,575.0
0.01661515235900879,636.0
0.01661515235900879,596.0
0.01661515235900879,636.0
0.01661515235900879,727.0
0.01661515235900879,687.0
0.01661515235900879,597.0
0.01661515235900879,614.0
0.01661515235900879,553.0
0.01661515235900879,538.0
0.01661515235900879,498.0
0.01661515235900879,573.0
0.01661515235900879,588.0
0.01661515235900879,533.0
0.01661515235900879,458.0
0.01661515235900879,535.0
0.01661515235900879,607.0
0.01661515235900879,563.0
0.01661515235900879,653.0
0.01661515235900879,728.0
0.01661515235900879,768.0
0.01661515235900879,751.0
0.01661515235900879,795.0
0.01661515235900879,749.0
0.01661515235900879,804.0
0.01661515235900879,726.0
0.01661515235900879,787.0
0.01661515235900879,865.0
0.01661515235900879,850.0
0.01661515235900879,775.0
0.01661515235900879,792.0
0.01661515235900879,763.0
0.01661515235900879,803.0
0.01661515235900879,818.0
0.01661515235900879,728.0
0.01661515235900879,774.0
0.01661515235900879,734.0
0.01661515235900879,824.0
0.01661515235900879,746.0
0.01661515235900879,781.0
0.01661515235900879,706.0
0.01661515235900879,735.0
0.01661515235900879,813.0
0.01661515235900879,752.0
0.01661515235900879,723.0
0.01661515235900879,708.0
0.01661515235900879,769.0
0.01661515235900879,777.0
0.01661515235900879,792.0
0.01661515235900879,832.0
0.01661515235900879,824.0
0.01661515235900879,761.0
0.01661515235900879,746.0
0.01661515235900879,706.0
0.01661515235900879,671.0
0.01661515235900879,631.0
0.01661515235900879,585.0
0.01661515235900879,625.0
0.01661515235900879,581.0
0.01661515235900879,564.0
0.01661515235900879,524.0
0.01661515235900879,570.0
0.01661515235900879,605.0
0.01661515235900879,680.0
0.01661515235900879,625.0
0.01661515235900879,640.0
0.01661515235900879,715.0
0.01661515235900879,640.0
0.01661515235900879,680.0
0.01661515235900879,743.0
0.01661515235900879,697.0
0.01661515235900879,705.0
0.01661515235900879,760.0
0.01661515235900879,835.0
0.01661515235900879,827.0
0.01661515235900879,764.0
0.01661515235900879,749.0
0.01661515235900879,778.0
0.01661515235900879,706.0
0.01661515235900879,752.0
0.01661515235900879,796.0
0.01661515235900879,706.0
0.01661515235900879,781.0
0.01661515235900879,798.0
0.01661515235900879,758.0
0.01661515235900879,683.0
0.01661515235900879,608.0
0.01661515235900879,562.0
0.01661515235900879,625.0
0.01661515235900879,562.0
0.01661515235900879,545.0
0.01661515235900879,635.0
0.01661515235900879,681.0
0.01661515235900879,744.0
0.01661515235900879,819.0
0.01661515235900879,859.0
0.01661515235900879,876.0
0.01661515235900879,884.0
0.01661515235900879,876.0
0.01661515235900879,951.0
0.01661515235900879,922.0
0.01661515235900879,951.0
0.01661515235900879,874.0
0.01661515235900879,951.0
0.01661515235900879,916.0
0.01661515235900879,839.0
0.01661515235900879,748.0
0.01661515235900879,708.0
0.01661515235900879,716.0
0.01661515235900879,807.0
0.01661515235900879,790.0
0.01661515235900879,830.0
0.01661515235900879,907.0
0.01661515235900879,979.0
0.01661515235900879,904.0
0.01661515235900879,979.0
0.01661515235900879,916.0
0.01661515235900879,979.0
0.01661515235900879,907.0
0.01661515235900879,852.0
0.01661515235900879,791.0
0.01661515235900879,831.0
0.01661515235900879,848.0
0.01661515235900879,863.0
0.01661515235900879,817.0
0.01661515235900879,788.0
0.01661515235900879,843.0
0.01661515235900879,803.0
0.01661515235900879,728.0
0.01661515235900879,713.0
0.01661515235900879,788.0
0.01661515235900879,828.0
0.01661515235900879,751.0
0.01661515235900879,743.0
0.01661515235900879,699.0
0.01661515235900879,776.0
0.01661515235900879,701.0
0.01661515235900879,730.0
0.01661515235900879,805.0
0.01661515235900879,813.0
0.01661515235900879,857.0
0.01661515235900879,918.0
0.01661515235900879,843.0
0.01661515235900879,889.0
0.01661515235900879,872.0
0.01661515235900879,907.0
0.01661515235900879,832.0
0.01661515235900879,907.0
0.01661515235900879,817.0
0.01661515235900879,742.0
0.01661515235900879,651.0
0.01661515235900879,666.0
0.01661515235900879,631.0
0.01661515235900879,703.0
0.01661515235900879,695.0
0.01661515235900879,770.0
0.01661515235900879,860.0
0.01661515235900879,814.0
0.01661515235900879,822.0
0.01661515235900879,814.0
0.01661515235900879,774.0
0.01661515235900879,759.0
0.01661515235900879,730.0
0.01661515235900879,770.0
0.01661515235900879,695.0
0.01661515235900879,710.0
0.01661515235900879,649.0
0.01661515235900879,678.0
0.01661515235900879,695.0
0.01661515235900879,770.0
0.01661515235900879,695.0
0.01661515235900879,770.0
0.01661515235900879,778.0
0.01661515235900879,738.0
0.01661515235900879,698.0
0.01661515235900879,654.0
0.01661515235900879,700.0
0.01661515235900879,735.0
0.01661515235900879,672.0
0.01661515235900879,712.0
0.01661515235900879,775.0
0.01661515235900879,850.0
0.01661515235900879,821.0
0.01661515235900879,731.0
0.01661515235900879,723.0
0.01661515235900879,767.0
0.01661515235900879,723.0
0.01661515235900879,646.0
0.01661515235900879,631.0
0.01661515235900879,675.0
0.01661515235900879,715.0
0.01661515235900879,675.0
0.01661515235900879,752.0
0.01661515235900879,813.0
0.01661515235900879,738.0
0.01661515235900879,663.0
0.01661515235900879,738.0
0.01661515235900879,703.0
0.01661515235900879,711.0
0.01661515235900879,786.0
0.01661515235900879,801.0
0.01661515235900879,891.0
0.01661515235900879,847.0
0.01661515235900879,832.0
0.01661515235900879,815.0
0.01661515235900879,738.0
0.01661515235900879,829.0
0.01661515235900879,844.0
0.01661515235900879,873.0
0.01661515235900879,890.0
0.01661515235900879,875.0
0.01661515235900879,890.0
0.01661515235900879,861.0
0.01661515235900879,786.0
0.01661515235900879,769.0
0.01661515235900879,844.0
0.01661515235900879,884.0
0.01661515235900879,961.0
0.01661515235900879,946.0
0.01661515235900879,963.0
0.01661515235900879,955.0
0.01661515235900879,963.0
0.01661515235900879,955.0
0.01661515235900879,970.0
0.01661515235900879,955.0
0.01661515235900879,877.0
0.01661515235900879,885.0
0.01661515235900879,963.0
0.01661515235900879,946.0
0.01661515235900879,990.0
0.01661515235900879,946.0
0.01661515235900879,900.0
0.01661515235900879,809.0
0.01661515235900879,801.0
0.01661515235900879,761.0
0.01661515235900879,778.0
0.01661515235900879,869.0
0.01661515235900879,884.0
0.01661515235900879,809.0
0.01661515235900879,844.0
0.01661515235900879,884.0
0.01661515235900879,844.0
0.01661515235900879,766.0
0.01661515235900879,795.0
0.01661515235900879,723.0
0.01761484146118164,688.0
0.01761484146118164,760.0
0.01761484146118164,804.0
0.01761484146118164,882.0
0.01761484146118164,928.0
0.01761484146118164,884.0
0.01761484146118164,867.0
0.01761484146118164,806.0
0.01761484146118164,766.0
0.01761484146118164,827.0
0.01761484146118164,871.0
0.01761484146118164,911.0
0.01761484146118164,836.0
0.01761484146118164,790.0
0.01761484146118164,735.0
0.01761484146118164,810.0
0.01761484146118164,856.0
0.01761484146118164,891.0
0.01761484146118164,856.0
0.01761484146118164,896.0
0.01761484146118164,971.0
0.01761484146118164,925.0
0.01761484146118164,885.0
0.01761484146118164,925.0
0.01761484146118164,885.0
0.01761484146118164,845.0
0.01761484146118164,900.0
0.01761484146118164,940.0
0.01761484146118164,863.0
0.01761484146118164,898.0
0.01761484146118164,823.0
0.01761484146118164,863.0
0.01761484146118164,834.0
0.01761484146118164,790.0
0.01761484146118164,865.0
0.01761484146118164,850.0
0.01761484146118164,810.0
0.01761484146118164,854.0
0.01761484146118164,779.0
0.01761484146118164,825.0
0.01761484146118164,840.0
0.01761484146118164,848.0
0.01761484146118164,785.0
0.01761484146118164,860.0
0.01761484146118164,877.0
0.01761484146118164,816.0
0.01761484146118164,741.0
0.01761484146118164,802.0
0.01761484146118164,831.0
0.01761484146118164,776.0
0.01761484146118164,831.0
0.01761484146118164,823.0
0.01761484146118164,794.0
0.01761484146118164,834.0
0.01761484146118164,744.0
0.01761484146118164,821.0
0.01761484146118164,829.0
0.01761484146118164,785.0
0.01761484146118164,730.0
0.01761484146118164,713.0
0.01761484146118164,742.0
0.01761484146118164,832.0
0.01761484146118164,792.0
0.01761484146118164,836.0
0.01761484146118164,759.0
0.01761484146118164,684.0
0.01761484146118164,676.0
0.01761484146118164,716.0
0.01761484146118164,771.0
0.01761484146118164,788.0
0.01761484146118164,771.0
0.01761484146118164,756.0
0.01761484146118164,695.0
0.01761484146118164,712.0
0.01761484146118164,773.0
0.01761484146118164,729.0
0.01761484146118164,694.0
0.01761484146118164,757.0
0.01761484146118164,717.0
0.01761484146118164,677.0
0.01761484146118164,752.0
0.01761484146118164,787.0
0.01761484146118164,770.0
0.01761484146118164,814.0
0.01761484146118164,822.0
0.01761484146118164,862.0
0.01761484146118164,902.0
0.01761484146118164,873.0
0.01761484146118164,833.0
0.01761484146118164,862.0
0.01761484146118164,939.0
0.01761484146118164,884.0
0.01761484146118164,838.0
0.01761484146118164,775.0
0.01761484146118164,703.0
0.01761484146118164,778.0
0.01761484146118164,850.0
0.01761484146118164,821.0
0.01761484146118164,861.0
0.01761484146118164,853.0
0.01761484146118164,899.0
0.01761484146118164,962.0
0.01761484146118164,991.0
0.01761484146118164,962.0
0.01761484146118164,887.0
0.01761484146118164,812.0
0.01761484146118164,734.0
0.01761484146118164,763.0
0.01761484146118164,778.0
0.01761484146118164,833.0
0.01761484146118164,793.0
0.01761484146118164,801.0
0.01761484146118164,876.0
0.01761484146118164,799.0
0.01761484146118164,770.0
0.01761484146118164,810.0
0.01761484146118164,887.0
0.01761484146118164,916.0
0.01761484146118164,901.0
0.01761484146118164,979.0
0.01761484146118164,889.0
0.01761484146118164,845.0
0.01761484146118164,860.0
0.01761484146118164,852.0
0.01761484146118164,927.0
0.01761484146118164,912.0
0.01761484146118164,920.0
0.01761484146118164,857.0
0.01761484146118164,901.0
0.01761484146118164,826.0
0.01761484146118164,901.0
0.01761484146118164,855.0
0.01761484146118164,826.0
0.01761484146118164,889.0
0.01761484146118164,918.0
0.01761484146118164,964.0
0.01761484146118164,956.0
0.01761484146118164,893.0
0.01761484146118164,853.0
0.01761484146118164,868.0
0.01761484146118164,853.0
0.01761484146118164,916.0
0.01761484146118164,887.0
0.01761484146118164,847.0
0.01761484146118164,775.0
0.01761484146118164,684.0
0.01761484146118164,724.0
0.01761484146118164,732.0
0.01761484146118164,822.0
0.01761484146118164,837.0
0.01761484146118164,928.0
0.01761484146118164,888.0
0.01761484146118164,827.0
0.01761484146118164,867.0
0.01761484146118164,896.0
0.01761484146118164,888.0
0.01761484146118164,873.0
0.01761484146118164,798.0
0.01761484146118164,873.0
0.01761484146118164,934.0
0.01761484146118164,942.0
0.01761484146118164,887.0
0.01761484146118164,942.0
0.01761484146118164,982.0
0.01761484146118164,942.0
0.01761484146118164,907.0
0.01761484146118164,878.0
0.01761484146118164,895.0
0.01761484146118164,887.0
0.01761484146118164,895.0
0.01761484146118164,924.0
0.01761484146118164,916.0
0.01761484146118164,956.0
0.01761484146118164,964.0
0.01761484146118164,924.0
0.01761484146118164,959.0
0.01761484146118164,930.0
0.01761484146118164,913.0
0.01761484146118164,867.0
0.01761484146118164,882.0
0.01761484146118164,922.0
0.01761484146118164,907.0
0.01761484146118164,863.0
0.01761484146118164,892.0
0.01761484146118164,852.0
0.01761484146118164,869.0
0.01761484146118164,909.0
0.01761484146118164,848.0
0.01761484146118164,894.0
0.018614768981933594,955.0
0.018614768981933594,938.0
0.018614768981933594,1010.0
0.018614768981933594,981.0
0.018614768981933594,996.0
0.018614768981933594,935.0
0.018614768981933594,895.0
0.018614768981933594,855.0
0.018614768981933594,895.0
0.018614768981933594,935.0
0.018614768981933594,927.0
0.018614768981933594,892.0
0.018614768981933594,909.0
0.018614768981933594,846.0
0.018614768981933594,875.0
0.018614768981933594,936.0
0.018614768981933594,890.0
0.018614768981933594,936.0
0.018614768981933594,896.0
0.018614768981933594,867.0
0.018614768981933594,907.0
0.018614768981933594,890.0
0.018614768981933594,919.0
0.018614768981933594,982.0
0.018614768981933594,967.0
0.018614768981933594,1002.0
0.018614768981933594,925.0
0.018614768981933594,890.0
0.018614768981933594,934.0
0.018614768981933594,1011.0
0.018614768981933594,1019.0
0.018614768981933594,1011.0
0.018614768981933594,1019.0
0.018614768981933594,1011.0
0.018614768981933594,1019.0
0.018614768981933594,979.0
0.018614768981933594,971.0
0.018614768981933594,880.0
0.018614768981933594,971.0
0.018614768981933594,893.0
0.018614768981933594,910.0
0.018614768981933594,866.0
0.018614768981933594,910.0
0.018614768981933594,835.0
0.018614768981933594,843.0
0.018614768981933594,782.0
0.018614768981933594,860.0
0.018614768981933594,843.0
0.018614768981933594,878.0
0.018614768981933594,843.0
0.018614768981933594,918.0
0.018614768981933594,953.0
0.018614768981933594,945.0
0.018614768981933594,953.0
0.018614768981933594,907.0
0.018614768981933594,953.0
0.018614768981933594,898.0
0.018614768981933594,959.0
0.018614768981933594,951.0
0.018614768981933594,916.0
0.018614768981933594,931.0
0.018614768981933594,971.0
0.018614768981933594,979.0
0.018614768981933594,971.0
0.018614768981933594,925.0
0.018614768981933594,910.0
0.018614768981933594,945.0
0.018614768981933594,953.0
0.018614768981933594,876.0
0.018614768981933594,931.0
0.018614768981933594,977.0
0.018614768981933594,948.0
0.018614768981933594,977.0
0.018614768981933594,969.0
0.018614768981933594,940.0
0.018614768981933594,1017.0
0.019614458084106445,977.0
0.019614458084106445,985.0
0.019614458084106445,1014.0
0.019614458084106445,970.0
0.019614458084106445,987.0
0.019614458084106445,970.0
0.019614458084106445,987.0
0.019614458084106445,979.0
0.019614458084106445,916.0
0.019614458084106445,887.0
0.019614458084106445,895.0
0.019614458084106445,939.0
0.019614458084106445,931.0
0.019614458084106445,939.0
0.019614458084106445,931.0
0.019614458084106445,939.0
0.019614458084106445,904.0
0.019614458084106445,944.0
0.019614458084106445,904.0
0.019614458084106445,939.0
0.019614458084106445,931.0
0.019614458084106445,939.0
0.019614458084106445,931.0
0.019614458084106445,939.0
0.019614458084106445,931.0
0.019614458084106445,939.0
0.019614458084106445,931.0
0.019614458084106445,939.0
0.019614458084106445,922.0
0.019614458084106445,985.0
0.019614458084106445,1014.0
0.019614458084106445,970.0
0.019614458084106445,1010.0
0.019614458084106445,1002.0
0.019614458084106445,1010.0
0.019614458084106445,1002.0
0.019614458084106445,1010.0
0.019614458084106445,1002.0
0.019614458084106445,1010.0
0.019614458084106445,1002.0
0.019614458084106445,1010.0
0.0206146240234375,981.0
0.0206146240234375,1025.0
0.0206146240234375,1017.0
0.0206146240234375,1025.0
0.0206146240234375,981.0
0.0206146240234375,996.0
0.0206146240234375,988.0
0.0206146240234375,953.0
0.0206146240234375,997.0
0.0206146240234375,1005.0
0.0206146240234375,990.0
0.0206146240234375,1019.0
0.0206146240234375,1011.0
0.0206146240234375,1019.0
0.0206146240234375,1011.0
0.0206146240234375,1019.0
0.0206146240234375,1011.0
0.0206146240234375,1019.0
0.0206146240234375,979.0
0.0206146240234375,971.0
0.0206146240234375,979.0
0.0206146240234375,1019.0
0.0206146240234375,1011.0
0.0206146240234375,1019.0
0.0206146240234375,1011.0
0.0206146240234375,1019.0
0.0206146240234375,1011.0
0.0206146240234375,1019.0
0.021614789962768555,1011.0
0.021614789962768555,1019.0
0.021614789962768555,1011.0
0.021614789962768555,1019.0
0.021614789962768555,1011.0
0.021614789962768555,1019.0
0.021614789962768555,1011.0
0.021614789962768555,1019.0
0.021614789962768555,990.0
0.021614789962768555,1005.0
0.021614789962768555,997.0
0.021614789962768555,1005.0
0.021614789962768555,997.0
0.021614789962768555,1005.0
0.021614789962768555,990.0
0.021614789962768555,1005.0
0.022614717483520508,997.0
0.022614717483520508,1005.0
0.022614717483520508,997.0
0.022614717483520508,1005.0
