0.0,950.0
0.0,935.0
0.0,927.0
0.0,887.0
0.0,812.0
0.0,749.0
0.0,672.0
0.0,600.0
0.0,672.0
0.0,597.0
0.0,506.0
0.0,581.0
0.0,509.0
0.0,419.0
0.0,344.0
0.0,379.0
0.0,454.0
0.0,462.0
0.0,477.0
0.0,554.0
0.0,645.0
0.0,599.0
0.0,524.0
0.0,564.0
0.0,608.0
0.0,573.0
0.0,565.0
0.0,490.0
0.0,498.0
0.0,469.0
0.0,414.0
0.0,489.0
0.0,564.0
0.0,604.0
0.0,560.0
0.0,623.0
0.0,713.0
0.0,652.0
0.0,713.0
0.0,698.0
0.0,753.0
0.0,663.0
0.0,692.0
0.0,617.0
0.0,692.0
0.0,631.0
0.0,677.0
0.0,738.0
0.0,813.0
0.0,750.0
0.0,675.0
0.0,614.0
0.0,539.0
0.0,499.0
0.0,422.0
0.0,344.0
0.0,253.0
0.0,288.0
0.0,363.0
0.0,440.0
0.0,365.0
0.0,382.0
0.0,445.0
0.0,506.0
0.0,581.0
0.0,546.0
0.0,621.0
0.0,613.0
0.0,653.0
0.0,624.0
0.0,549.0
0.0,621.0
0.0,699.0
0.0,653.0
0.0,592.0
0.0,627.0
0.0,552.0
0.0,517.0
0.0,608.0
0.0,533.0
0.0,493.0
0.0,528.0
0.0,603.0
0.0,512.0
0.0,573.0
0.0,663.0
0.0,588.0
0.0,510.0
0.0,433.0
0.0,378.0
0.0,469.0
0.0,379.0
0.0,307.0
0.0,246.0
0.0,206.0
0.0,284.0
0.0,374.0
0.0,449.0
0.0,371.0
0.0,280.0
0.0,190.0
0.0,115.0
0.0,206.0
0.0,281.0
0.0,264.0
0.0,339.0
0.0,400.0
0.0,455.0
0.0,400.0
0.0,444.0
0.0,459.0
0.0,537.0
0.0,554.0
0.0,537.0
0.0,459.0
0.0,396.0
0.0,305.0
0.0,351.0
0.0,368.0
0.0,324.0
0.0,368.0
0.0,440.0
0.0,425.0
0.0,433.0
0.0,523.0
0.0,598.0
0.0,627.0
0.0,566.0
0.0,629.0
0.0,539.0
0.0,594.0
0.0,519.0
0.0,596.0
0.0,521.0
0.0,611.0
0.0,539.0
0.0,495.0
0.0,535.0
0.0,489.0
0.0,504.0
0.0,469.0
0.0,513.0
0.0,450.0
0.0,442.0
0.0,365.0
0.0,405.0
0.0,480.0
0.0,571.0
0.0,496.0
0.0,573.0
0.0,619.0
0.0,691.0
0.0,651.0
0.0,574.0
0.0,545.0
0.0,585.0
0.0,646.0
0.0010306835174560547,721.0
0.0010306835174560547,675.0
0.0010306835174560547,600.0
0.0010306835174560547,556.0
0.0010306835174560547,633.0
0.0010306835174560547,542.0
0.0010306835174560547,525.0
0.0010306835174560547,533.0
0.0010306835174560547,608.0
0.0010306835174560547,654.0
0.0010306835174560547,593.0
0.0010306835174560547,503.0
0.0010306835174560547,594.0
0.0010306835174560547,522.0
0.0010306835174560547,431.0
0.0010306835174560547,356.0
0.0010306835174560547,391.0
0.0010306835174560547,466.0
0.0010306835174560547,391.0
0.0010306835174560547,351.0
0.0010306835174560547,368.0
0.0010306835174560547,291.0
0.0010306835174560547,369.0
0.0010306835174560547,460.0
0.0010306835174560547,500.0
0.0010306835174560547,563.0
0.0010306835174560547,638.0
0.0010306835174560547,623.0
0.0010306835174560547,638.0
0.0010306835174560547,547.0
0.0010306835174560547,637.0
0.0010306835174560547,681.0
0.0010306835174560547,641.0
0.0010306835174560547,586.0
0.0010306835174560547,546.0
0.0010306835174560547,601.0
0.0010306835174560547,511.0
0.0010306835174560547,465.0
0.0010306835174560547,410.0
0.0010306835174560547,465.0
0.0010306835174560547,505.0
0.0010306835174560547,534.0
0.0010306835174560547,519.0
0.0010306835174560547,456.0
0.0010306835174560547,517.0
0.0010306835174560547,456.0
0.0010306835174560547,381.0
0.0010306835174560547,444.0
0.0010306835174560547,490.0
0.0010306835174560547,473.0
0.0010306835174560547,488.0
0.0010306835174560547,549.0
0.0010306835174560547,503.0
0.0010306835174560547,580.0
0.0010306835174560547,597.0
0.0010306835174560547,562.0
0.0010306835174560547,554.0
0.0010306835174560547,539.0
0.0010306835174560547,462.0
0.0010306835174560547,477.0
0.0010306835174560547,567.0
0.0010306835174560547,489.0
0.0010306835174560547,524.0
0.0010306835174560547,599.0
0.0010306835174560547,544.0
0.0010306835174560547,584.0
0.0010306835174560547,523.0
0.0010306835174560547,483.0
0.0010306835174560547,454.0
0.0010306835174560547,379.0
0.0010306835174560547,364.0
0.0010306835174560547,320.0
0.0010306835174560547,397.0
0.0010306835174560547,307.0
0.0012061595916748047,272.0
0.0012061595916748047,344.0
0.0012061595916748047,373.0
0.0012061595916748047,388.0
0.0012061595916748047,359.0
0.0012061595916748047,399.0
0.0012061595916748047,359.0
0.0012061595916748047,284.0
0.0012061595916748047,319.0
0.0012061595916748047,365.0
0.0012061595916748047,409.0
0.0012061595916748047,499.0
0.0012061595916748047,507.0
0.0012061595916748047,568.0
0.0012061595916748047,533.0
0.0012061595916748047,456.0
0.0012061595916748047,534.0
0.0012061595916748047,589.0
0.0012061595916748047,629.0
0.0012061595916748047,585.0
0.0012061595916748047,524.0
0.0012061595916748047,559.0
0.0012061595916748047,496.0
0.0012061595916748047,450.0
0.0012061595916748047,442.0
0.0012061595916748047,519.0
0.0012061595916748047,479.0
0.0012061595916748047,554.0
0.0012061595916748047,594.0
0.0012061595916748047,517.0
0.0012061595916748047,592.0
0.0012061595916748047,514.0
0.0012061595916748047,474.0
0.0012061595916748047,482.0
0.0012061595916748047,407.0
0.0012061595916748047,484.0
0.0012061595916748047,545.0
0.0012061595916748047,510.0
0.0012061595916748047,573.0
0.0012061595916748047,558.0
0.0012061595916748047,541.0
0.0012061595916748047,464.0
0.0012061595916748047,539.0
0.0012061595916748047,467.0
0.0012061595916748047,496.0
0.0012061595916748047,574.0
0.0012061595916748047,511.0
0.0012061595916748047,436.0
0.0012061595916748047,499.0
0.0012061595916748047,534.0
0.0012061595916748047,611.0
0.0012061595916748047,626.0
0.0012061595916748047,571.0
0.0012061595916748047,662.0
0.0012061595916748047,654.0
0.0012061595916748047,619.0
0.0012061595916748047,558.0
0.0012061595916748047,604.0
0.0012061595916748047,541.0
0.0012061595916748047,495.0
0.0012061595916748047,466.0
0.0012061595916748047,541.0
0.0012061595916748047,585.0
0.0012061595916748047,657.0
0.0012061595916748047,665.0
0.0012061595916748047,726.0
0.0012061595916748047,761.0
0.0012061595916748047,721.0
0.0012061595916748047,761.0
0.0012061595916748047,686.0
0.0012061595916748047,596.0
0.0012061595916748047,642.0
0.0012061595916748047,567.0
0.0012061595916748047,657.0
0.0012061595916748047,611.0
0.0012061595916748047,603.0
0.0012061595916748047,513.0
0.0012061595916748047,521.0
0.0012061595916748047,430.0
0.0012061595916748047,470.0
0.0012061595916748047,398.0
0.0012061595916748047,337.0
0.0012061595916748047,302.0
0.0012061595916748047,287.0
0.0012061595916748047,243.0
0.0012061595916748047,235.0
0.0012061595916748047,264.0
0.0012061595916748047,224.0
0.0012061595916748047,315.0
0.0012061595916748047,390.0
0.0012061595916748047,425.0
0.0012061595916748047,440.0
0.0012061595916748047,515.0
0.0012061595916748047,570.0
0.0012061595916748047,495.0
0.0012061595916748047,567.0
0.0012061595916748047,538.0
0.0012061595916748047,628.0
0.0012061595916748047,556.0
0.0012061595916748047,478.0
0.0012061595916748047,553.0
0.0012061595916748047,631.0
0.0012061595916748047,706.0
0.0012061595916748047,671.0
0.0012061595916748047,732.0
0.0012061595916748047,657.0
0.0012061595916748047,720.0
0.0012061595916748047,760.0
0.0012061595916748047,670.0
0.0012061595916748047,595.0
0.0012061595916748047,670.0
0.0012061595916748047,699.0
0.0012061595916748047,659.0
0.0012061595916748047,584.0
0.0012061595916748047,630.0
0.0012061595916748047,567.0
0.0012061595916748047,552.0
0.0014641284942626953,615.0
0.0014641284942626953,560.0
0.0014641284942626953,635.0
0.0014641284942626953,574.0
0.0014641284942626953,609.0
0.0014641284942626953,532.0
0.0014641284942626953,607.0
0.0014641284942626953,684.0
0.0014641284942626953,699.0
0.0014641284942626953,622.0
0.0014641284942626953,677.0
0.0014641284942626953,694.0
0.0014641284942626953,659.0
0.0014641284942626953,630.0
0.0014641284942626953,590.0
0.0014641284942626953,515.0
0.0014641284942626953,555.0
0.0014641284942626953,538.0
0.0014641284942626953,599.0
0.0014641284942626953,634.0
0.0014641284942626953,559.0
0.0014641284942626953,519.0
0.0014641284942626953,548.0
0.0014641284942626953,502.0
0.0014641284942626953,424.0
0.0014641284942626953,389.0
0.0014641284942626953,467.0
0.0014641284942626953,438.0
0.0014641284942626953,455.0
0.0014641284942626953,501.0
0.0014641284942626953,576.0
0.0014641284942626953,653.0
0.0014641284942626953,725.0
0.0014641284942626953,800.0
0.0014641284942626953,783.0
0.0014641284942626953,706.0
0.0014641284942626953,723.0
0.0014641284942626953,706.0
0.0014641284942626953,783.0
0.0014641284942626953,706.0
0.0014641284942626953,634.0
0.0014641284942626953,674.0
0.0014641284942626953,634.0
0.0014641284942626953,543.0
0.0014641284942626953,578.0
0.0014641284942626953,517.0
0.0014641284942626953,442.0
0.0014641284942626953,407.0
0.0014641284942626953,436.0
0.0014641284942626953,497.0
0.0014641284942626953,514.0
0.0014641284942626953,497.0
0.0014641284942626953,482.0
0.0014641284942626953,526.0
0.0014641284942626953,566.0
0.0014641284942626953,601.0
0.0014641284942626953,540.0
0.0014641284942626953,631.0
0.0014641284942626953,692.0
0.0014641284942626953,648.0
0.0014641284942626953,613.0
0.0014641284942626953,550.0
0.0014641284942626953,504.0
0.0014641284942626953,443.0
0.0014641284942626953,451.0
0.0014641284942626953,376.0
0.0014641284942626953,301.0
0.0014641284942626953,341.0
0.0014641284942626953,376.0
0.0014641284942626953,451.0
0.0014641284942626953,411.0
0.0014641284942626953,472.0
0.0014641284942626953,443.0
0.0014641284942626953,533.0
0.0014641284942626953,596.0
0.0014641284942626953,613.0
0.0014641284942626953,628.0
0.0014641284942626953,593.0
0.0014641284942626953,670.0
0.0014641284942626953,592.0
0.0014641284942626953,575.0
0.0014641284942626953,500.0
0.0014641284942626953,575.0
0.0014641284942626953,610.0
0.0014641284942626953,549.0
0.0014641284942626953,624.0
0.0014641284942626953,696.0
0.0014641284942626953,713.0
0.0014641284942626953,753.0
0.0014641284942626953,814.0
0.0014641284942626953,739.0
0.0014641284942626953,699.0
0.0014641284942626953,739.0
0.0014641284942626953,676.0
0.0014641284942626953,722.0
0.0014641284942626953,645.0
0.0014641284942626953,720.0
0.0014641284942626953,680.0
0.0014641284942626953,645.0
0.0014641284942626953,680.0
0.0014641284942626953,755.0
0.0014641284942626953,683.0
0.0014641284942626953,608.0
0.0014641284942626953,683.0
0.0014641284942626953,746.0
0.0014641284942626953,685.0
0.0014641284942626953,677.0
0.0014641284942626953,587.0
0.0014641284942626953,547.0
0.0014641284942626953,625.0
0.0014641284942626953,550.0
0.0014641284942626953,579.0
0.0014641284942626953,623.0
0.0014641284942626953,698.0
0.0014641284942626953,759.0
0.0014641284942626953,684.0
0.0014641284942626953,623.0
0.0014641284942626953,606.0
0.0014641284942626953,531.0
0.0014641284942626953,606.0
0.0014641284942626953,571.0
0.0014641284942626953,496.0
0.0014641284942626953,557.0
0.0014641284942626953,482.0
0.0014641284942626953,427.0
0.0014641284942626953,435.0
0.0014641284942626953,510.0
0.0014641284942626953,585.0
0.0014641284942626953,510.0
0.0014641284942626953,585.0
0.0014641284942626953,507.0
0.0014641284942626953,432.0
0.0014641284942626953,467.0
0.0014641284942626953,544.0
0.0014641284942626953,500.0
0.0014641284942626953,555.0
0.0014641284942626953,627.0
0.0014641284942626953,555.0
0.0014641284942626953,630.0
0.0014641284942626953,705.0
0.0014641284942626953,722.0
0.0014641284942626953,794.0
0.0014641284942626953,748.0
0.0014641284942626953,685.0
0.0014641284942626953,610.0
0.0014641284942626953,535.0
0.0014641284942626953,527.0
0.0014641284942626953,590.0
0.0014641284942626953,630.0
0.0014641284942626953,705.0
0.0014641284942626953,644.0
0.0014641284942626953,688.0
0.0014641284942626953,644.0
0.0014641284942626953,604.0
0.0014641284942626953,648.0
0.0014641284942626953,688.0
0.0014641284942626953,696.0
0.0014641284942626953,621.0
0.0014641284942626953,558.0
0.0014641284942626953,543.0
0.0014641284942626953,589.0
0.0014641284942626953,572.0
0.0014641284942626953,587.0
0.0014641284942626953,665.0
0.0014641284942626953,740.0
0.0014641284942626953,757.0
0.0014641284942626953,680.0
0.0014641284942626953,665.0
0.0014641284942626953,625.0
0.0014641284942626953,579.0
0.0014641284942626953,544.0
0.0014641284942626953,469.0
0.0014641284942626953,461.0
0.0014641284942626953,432.0
0.0014641284942626953,522.0
0.0014641284942626953,450.0
0.0014641284942626953,513.0
0.0014641284942626953,542.0
0.0014641284942626953,550.0
0.0014641284942626953,533.0
0.0014641284942626953,579.0
0.0014641284942626953,594.0
0.0014641284942626953,611.0
0.0014641284942626953,594.0
0.0014641284942626953,669.0
0.0014641284942626953,730.0
0.0014641284942626953,684.0
0.0014641284942626953,756.0
0.0014641284942626953,831.0
0.0014641284942626953,866.0
0.0014641284942626953,837.0
0.0014641284942626953,829.0
0.0014641284942626953,754.0
0.0014641284942626953,719.0
0.0014641284942626953,759.0
0.0014641284942626953,687.0
0.0014641284942626953,716.0
0.0014641284942626953,762.0
0.0014641284942626953,797.0
0.0014641284942626953,722.0
0.0014641284942626953,693.0
0.0014641284942626953,603.0
0.0014641284942626953,568.0
0.0014641284942626953,553.0
0.0014641284942626953,513.0
0.0014641284942626953,450.0
0.0014641284942626953,467.0
0.0014641284942626953,392.0
0.0014641284942626953,432.0
0.0014641284942626953,507.0
0.0014641284942626953,522.0
0.0014641284942626953,551.0
0.0014641284942626953,460.0
0.0014641284942626953,420.0
0.0014641284942626953,492.0
0.0014641284942626953,527.0
0.0014641284942626953,481.0
0.0014641284942626953,521.0
0.0014641284942626953,529.0
0.0014641284942626953,620.0
0.0014641284942626953,683.0
0.0014641284942626953,608.0
0.0014641284942626953,545.0
0.0014641284942626953,528.0
0.0014641284942626953,450.0
0.0014641284942626953,490.0
0.0014641284942626953,399.0
0.0014641284942626953,445.0
0.0014641284942626953,405.0
0.0014641284942626953,480.0
0.0014641284942626953,445.0
0.0014641284942626953,480.0
0.0014641284942626953,543.0
0.0014641284942626953,618.0
0.0014641284942626953,709.0
0.0014641284942626953,663.0
0.0014641284942626953,648.0
0.0014641284942626953,663.0
0.0014641284942626953,655.0
0.0014641284942626953,733.0
0.0014641284942626953,808.0
0.0014641284942626953,733.0
0.0014641284942626953,689.0
0.0014641284942626953,766.0
0.0014641284942626953,731.0
0.0014641284942626953,702.0
0.0014641284942626953,687.0
0.0014641284942626953,615.0
0.0014641284942626953,650.0
0.0014641284942626953,690.0
0.0014641284942626953,650.0
0.0014641284942626953,722.0
0.0014641284942626953,645.0
0.0014641284942626953,720.0
0.0014641284942626953,735.0
0.0014641284942626953,720.0
0.0014641284942626953,760.0
0.0014641284942626953,697.0
0.0014641284942626953,622.0
0.0014641284942626953,668.0
0.0014641284942626953,633.0
0.0014641284942626953,593.0
0.0014641284942626953,656.0
0.0014641284942626953,565.0
0.0014641284942626953,493.0
0.0014641284942626953,501.0
0.0014641284942626953,536.0
0.0014641284942626953,475.0
0.0014641284942626953,440.0
0.0014641284942626953,484.0
0.0014641284942626953,559.0
0.0014641284942626953,599.0
0.0014641284942626953,616.0
0.0014641284942626953,688.0
0.0014641284942626953,779.0
0.0014641284942626953,716.0
0.0014641284942626953,641.0
0.0014641284942626953,704.0
0.0014641284942626953,629.0
0.0014641284942626953,704.0
0.0014641284942626953,626.0
0.0014641284942626953,701.0
0.0014641284942626953,693.0
0.0014641284942626953,649.0
0.0014641284942626953,739.0
0.0014641284942626953,774.0
0.0014641284942626953,757.0
0.0014641284942626953,682.0
0.0014641284942626953,607.0
0.0014641284942626953,636.0
0.0014641284942626953,680.0
0.0014641284942626953,636.0
0.0014641284942626953,601.0
0.0014641284942626953,561.0
0.0014641284942626953,596.0
0.0014641284942626953,550.0
0.0014641284942626953,521.0
0.0014641284942626953,536.0
0.0014641284942626953,461.0
0.0014641284942626953,536.0
0.0014641284942626953,496.0
0.0014641284942626953,461.0
0.0014641284942626953,446.0
0.0014641284942626953,524.0
0.0014641284942626953,568.0
0.0014641284942626953,614.0
0.0014641284942626953,643.0
0.0014641284942626953,658.0
0.0014641284942626953,733.0
0.0014641284942626953,643.0
0.002493143081665039,580.0
0.002493143081665039,641.0
0.002493143081665039,681.0
0.002493143081665039,590.0
0.002493143081665039,575.0
0.002493143081665039,500.0
0.002493143081665039,428.0
0.002493143081665039,367.0
0.002493143081665039,428.0
0.002493143081665039,367.0
0.002493143081665039,382.0
0.002493143081665039,422.0
0.002493143081665039,512.0
0.002493143081665039,573.0
0.002493143081665039,636.0
0.002493143081665039,713.0
0.002493143081665039,804.0
0.002493143081665039,713.0
0.002493143081665039,623.0
0.002493143081665039,658.0
0.002493143081665039,675.0
0.002493143081665039,635.0
0.002493143081665039,558.0
0.002493143081665039,598.0
0.002493143081665039,569.0
0.002493143081665039,506.0
0.002493143081665039,596.0
0.002493143081665039,541.0
0.002493143081665039,549.0
0.002493143081665039,505.0
0.002493143081665039,497.0
0.002493143081665039,462.0
0.002493143081665039,372.0
0.002493143081665039,462.0
0.002493143081665039,422.0
0.002493143081665039,405.0
0.002493143081665039,482.0
0.002493143081665039,554.0
0.002493143081665039,645.0
0.002493143081665039,554.0
0.002493143081665039,617.0
0.002493143081665039,625.0
0.002493143081665039,553.0
0.002493143081665039,625.0
0.002493143081665039,579.0
0.002493143081665039,539.0
0.002493143081665039,579.0
0.002493143081665039,634.0
0.002493143081665039,557.0
0.002493143081665039,574.0
0.002493143081665039,513.0
0.002493143081665039,604.0
0.002493143081665039,644.0
0.002493143081665039,554.0
0.002493143081665039,583.0
0.002493143081665039,618.0
0.002493143081665039,679.0
0.002493143081665039,650.0
0.002493143081665039,587.0
0.002493143081665039,579.0
0.002493143081665039,608.0
0.002493143081665039,533.0
0.002493143081665039,472.0
0.002493143081665039,455.0
0.002493143081665039,516.0
0.002493143081665039,438.0
0.002493143081665039,482.0
0.002493143081665039,438.0
0.002493143081665039,423.0
0.002493143081665039,383.0
0.002493143081665039,398.0
0.002493143081665039,343.0
0.002493143081665039,328.0
0.002493143081665039,299.0
0.002493143081665039,316.0
0.002493143081665039,255.0
0.002493143081665039,310.0
0.002493143081665039,270.0
0.002493143081665039,348.0
0.002493143081665039,377.0
0.002493143081665039,385.0
0.002493143081665039,429.0
0.002493143081665039,504.0
0.002493143081665039,519.0
0.002493143081665039,565.0
0.002493143081665039,548.0
0.002493143081665039,611.0
0.002493143081665039,539.0
0.002493143081665039,611.0
0.002493143081665039,686.0
0.002493143081665039,726.0
0.002493143081665039,654.0
0.002493143081665039,646.0
0.002493143081665039,606.0
0.002493143081665039,623.0
0.002493143081665039,695.0
0.002493143081665039,772.0
0.002493143081665039,726.0
0.002493143081665039,671.0
0.002493143081665039,654.0
0.002493143081665039,579.0
0.002493143081665039,619.0
0.002493143081665039,544.0
0.002493143081665039,619.0
0.002493143081665039,694.0
0.002493143081665039,622.0
0.002493143081665039,712.0
0.002493143081665039,621.0
0.002493143081665039,546.0
0.002493143081665039,471.0
0.002493143081665039,442.0
0.002493143081665039,517.0
0.002493143081665039,439.0
0.002493143081665039,530.0
0.002493143081665039,547.0
0.002493143081665039,530.0
0.002493143081665039,585.0
0.002493143081665039,593.0
0.002493143081665039,665.0
0.002493143081665039,740.0
0.002493143081665039,677.0
0.002493143081665039,706.0
0.002493143081665039,662.0
0.002493143081665039,571.0
0.002493143081665039,662.0
0.002493143081665039,585.0
0.002493143081665039,513.0
0.002493143081665039,422.0
0.002493143081665039,367.0
0.002493143081665039,359.0
0.002493143081665039,405.0
0.002493143081665039,482.0
0.002493143081665039,522.0
0.002493143081665039,530.0
0.002493143081665039,585.0
0.002493143081665039,660.0
0.002493143081665039,652.0
0.002493143081665039,713.0
0.002493143081665039,678.0
0.002493143081665039,603.0
0.002493143081665039,638.0
0.002493143081665039,623.0
0.002493143081665039,588.0
0.002493143081665039,511.0
0.002493143081665039,519.0
0.002493143081665039,429.0
0.002493143081665039,354.0
0.002493143081665039,389.0
0.002493143081665039,466.0
0.002493143081665039,391.0
0.002493143081665039,351.0
0.002493143081665039,343.0
0.002493143081665039,314.0
0.002493143081665039,259.0
0.002493143081665039,267.0
0.002493143081665039,342.0
0.002493143081665039,357.0
0.002493143081665039,435.0
0.002493143081665039,358.0
0.002493143081665039,433.0
0.002493143081665039,462.0
0.002493143081665039,525.0
0.002493143081665039,580.0
0.002493143081665039,671.0
0.002493143081665039,715.0
0.002493143081665039,790.0
0.002493143081665039,744.0
0.002493143081665039,834.0
0.002493143081665039,906.0
0.002493143081665039,898.0
0.002493143081665039,823.0
0.002493143081665039,748.0
0.002493143081665039,713.0
0.002493143081665039,730.0
0.002493143081665039,639.0
0.002493143081665039,624.0
0.002493143081665039,664.0
0.002493143081665039,647.0
0.002493143081665039,572.0
0.002493143081665039,532.0
0.002493143081665039,492.0
0.002493143081665039,567.0
0.002493143081665039,489.0
0.002493143081665039,506.0
0.002493143081665039,477.0
0.002493143081665039,492.0
0.002493143081665039,527.0
0.002493143081665039,604.0
0.002493143081665039,679.0
0.002493143081665039,602.0
0.002493143081665039,585.0
0.002493143081665039,495.0
0.002493143081665039,432.0
0.002493143081665039,522.0
0.002493143081665039,539.0
0.002493143081665039,467.0
0.002493143081665039,452.0
0.002493143081665039,435.0
0.002493143081665039,475.0
0.002493143081665039,492.0
0.002493143081665039,569.0
0.002493143081665039,660.0
0.002493143081665039,732.0
0.002493143081665039,692.0
0.002493143081665039,675.0
0.002493143081665039,600.0
0.002493143081665039,675.0
0.002493143081665039,715.0
0.002493143081665039,640.0
0.002493143081665039,669.0
0.002493143081665039,677.0
0.002493143081665039,755.0
0.002493143081665039,715.0
0.002493143081665039,638.0
0.002493143081665039,577.0
0.002493143081665039,594.0
0.002493143081665039,550.0
0.002493143081665039,594.0
0.002493143081665039,577.0
0.002493143081665039,502.0
0.002493143081665039,579.0
0.002493143081665039,625.0
0.002493143081665039,700.0
0.002493143081665039,665.0
0.002493143081665039,682.0
0.002493143081665039,757.0
0.002493143081665039,797.0
0.002493143081665039,725.0
0.002493143081665039,681.0
0.002493143081665039,641.0
0.002493143081665039,681.0
0.002493143081665039,635.0
0.002493143081665039,698.0
0.002493143081665039,744.0
0.002493143081665039,667.0
0.002493143081665039,627.0
0.002493143081665039,699.0
0.002493143081665039,760.0
0.002493143081665039,685.0
0.002493143081665039,760.0
0.002493143081665039,835.0
0.002493143081665039,760.0
0.002493143081665039,669.0
0.002493143081665039,661.0
0.002493143081665039,752.0
0.002493143081665039,792.0
0.002493143081665039,827.0
0.002493143081665039,781.0
0.002493143081665039,703.0
0.002493143081665039,668.0
0.002493143081665039,746.0
0.002493143081665039,754.0
0.002493143081665039,699.0
0.002493143081665039,774.0
0.002493143081665039,814.0
0.002493143081665039,753.0
0.002493143081665039,663.0
0.002493143081665039,709.0
0.002493143081665039,634.0
0.002493143081665039,711.0
0.002493143081665039,648.0
0.002493143081665039,723.0
0.002493143081665039,683.0
0.002493143081665039,654.0
0.002493143081665039,577.0
0.002493143081665039,640.0
0.002493143081665039,680.0
0.002493143081665039,715.0
0.002493143081665039,624.0
0.002493143081665039,578.0
0.002493143081665039,538.0
0.002493143081665039,599.0
0.002493143081665039,628.0
0.002493143081665039,643.0
0.002493143081665039,580.0
0.002493143081665039,502.0
0.002493143081665039,542.0
0.002493143081665039,513.0
0.002493143081665039,590.0
0.002493143081665039,555.0
0.002493143081665039,540.0
0.002493143081665039,584.0
0.002493143081665039,523.0
0.002493143081665039,578.0
0.002493143081665039,523.0
0.002493143081665039,538.0
0.002493143081665039,567.0
0.002493143081665039,613.0
0.002493143081665039,584.0
0.002493143081665039,613.0
0.002493143081665039,704.0
0.002493143081665039,629.0
0.002493143081665039,554.0
0.002493143081665039,609.0
0.002493143081665039,699.0
0.002493143081665039,691.0
0.002493143081665039,769.0
0.002493143081665039,725.0
0.002493143081665039,650.0
0.002493143081665039,711.0
0.002493143081665039,746.0
0.002493143081665039,821.0
0.002493143081665039,896.0
0.002493143081665039,835.0
0.002493143081665039,758.0
0.002493143081665039,667.0
0.002493143081665039,592.0
0.002493143081665039,552.0
0.002493143081665039,596.0
0.002493143081665039,659.0
0.002493143081665039,584.0
0.002493143081665039,567.0
0.002493143081665039,495.0
0.002493143081665039,449.0
0.002493143081665039,434.0
0.002493143081665039,495.0
0.002493143081665039,460.0
0.002493143081665039,397.0
0.002493143081665039,405.0
0.002493143081665039,420.0
0.002493143081665039,511.0
0.002493143081665039,586.0
0.002493143081665039,511.0
0.002493143081665039,586.0
0.002493143081665039,621.0
0.002493143081665039,586.0
0.002493143081665039,495.0
0.002493143081665039,586.0
0.002493143081665039,571.0
0.002493143081665039,648.0
0.002493143081665039,665.0
0.002493143081665039,657.0
0.002493143081665039,617.0
0.002493143081665039,663.0
0.002493143081665039,671.0
0.002493143081665039,580.0
0.002493143081665039,643.0
0.002493143081665039,635.0
0.002493143081665039,707.0
0.002493143081665039,742.0
0.002493143081665039,696.0
0.002493143081665039,661.0
0.002493143081665039,584.0
0.002493143081665039,630.0
0.002493143081665039,601.0
0.002493143081665039,676.0
0.002493143081665039,716.0
0.002493143081665039,756.0
0.002493143081665039,666.0
0.002493143081665039,756.0
0.002493143081665039,785.0
0.002493143081665039,745.0
0.002493143081665039,670.0
0.002493143081665039,595.0
0.002493143081665039,551.0
0.002493143081665039,488.0
0.002493143081665039,551.0
0.002493143081665039,488.0
0.002493143081665039,528.0
0.002493143081665039,591.0
0.002493143081665039,666.0
0.002493143081665039,626.0
0.002493143081665039,609.0
0.002493143081665039,624.0
0.002493143081665039,534.0
0.002493143081665039,609.0
0.002493143081665039,546.0
0.002493143081665039,609.0
0.002493143081665039,626.0
0.002493143081665039,551.0
0.002493143081665039,476.0
0.002493143081665039,447.0
0.002493143081665039,524.0
0.002493143081665039,509.0
0.002493143081665039,446.0
0.002493143081665039,521.0
0.002493143081665039,584.0
0.002493143081665039,521.0
0.002493143081665039,556.0
0.002493143081665039,510.0
0.002493143081665039,539.0
0.002493143081665039,614.0
0.002493143081665039,542.0
0.002493143081665039,588.0
0.002493143081665039,510.0
0.002493143081665039,554.0
0.002493143081665039,632.0
0.002493143081665039,707.0
0.002493143081665039,747.0
0.002493143081665039,672.0
0.002493143081665039,735.0
0.002493143081665039,807.0
0.002493143081665039,744.0
0.002493143081665039,752.0
0.002493143081665039,712.0
0.002493143081665039,637.0
0.002493143081665039,700.0
0.002493143081665039,715.0
0.002493143081665039,686.0
0.002493143081665039,608.0
0.002493143081665039,562.0
0.002493143081665039,640.0
0.002493143081665039,730.0
0.002493143081665039,713.0
0.002493143081665039,759.0
0.002493143081665039,704.0
0.002493143081665039,696.0
0.002493143081665039,618.0
0.002493143081665039,572.0
0.002493143081665039,647.0
0.002493143081665039,725.0
0.002493143081665039,771.0
0.002493143081665039,694.0
0.002493143081665039,679.0
0.002493143081665039,589.0
0.002493143081665039,554.0
0.002493143081665039,514.0
0.002493143081665039,589.0
0.002493143081665039,606.0
0.002493143081665039,661.0
0.002493143081665039,586.0
0.002493143081665039,511.0
0.002493143081665039,551.0
0.002493143081665039,641.0
0.002493143081665039,597.0
0.002493143081665039,641.0
0.002493143081665039,551.0
0.002493143081665039,626.0
0.002493143081665039,586.0
0.002493143081665039,511.0
0.002493143081665039,439.0
0.002493143081665039,393.0
0.002493143081665039,470.0
0.002493143081665039,478.0
0.002493143081665039,550.0
0.002493143081665039,625.0
0.002493143081665039,581.0
0.002493143081665039,625.0
0.002493143081665039,665.0
0.002493143081665039,680.0
0.002493143081665039,663.0
0.002493143081665039,655.0
0.002493143081665039,611.0
0.002493143081665039,702.0
0.002493143081665039,777.0
0.002493143081665039,812.0
0.002493143081665039,777.0
0.002493143081665039,817.0
0.002493143081665039,745.0
0.002493143081665039,690.0
0.002493143081665039,725.0
0.002493143081665039,771.0
0.002493143081665039,696.0
0.002493143081665039,656.0
0.002493143081665039,621.0
0.002493143081665039,629.0
0.002493143081665039,568.0
0.002493143081665039,629.0
0.002493143081665039,669.0
0.002493143081665039,741.0
0.002493143081665039,650.0
0.002493143081665039,573.0
0.002493143081665039,590.0
0.002493143081665039,575.0
0.002493143081665039,604.0
0.002493143081665039,529.0
0.002493143081665039,544.0
0.002493143081665039,515.0
0.002493143081665039,452.0
0.002493143081665039,377.0
0.002493143081665039,362.0
0.002493143081665039,354.0
0.002493143081665039,409.0
0.002493143081665039,424.0
0.002493143081665039,453.0
0.002493143081665039,488.0
0.002493143081665039,563.0
0.002493143081665039,523.0
0.002493143081665039,600.0
0.002493143081665039,539.0
0.002493143081665039,522.0
0.002493143081665039,445.0
0.002493143081665039,535.0
0.002493143081665039,552.0
0.002493143081665039,560.0
0.002493143081665039,531.0
0.002493143081665039,514.0
0.002493143081665039,439.0
0.002493143081665039,361.0
0.002493143081665039,405.0
0.002493143081665039,359.0
0.002493143081665039,319.0
0.002493143081665039,348.0
0.002493143081665039,304.0
0.002493143081665039,367.0
0.002493143081665039,338.0
0.002493143081665039,429.0
0.002493143081665039,475.0
0.002493143081665039,492.0
0.002493143081665039,567.0
0.002493143081665039,642.0
0.002493143081665039,607.0
0.002493143081665039,590.0
0.002493143081665039,607.0
0.002493143081665039,599.0
0.002493143081665039,677.0
0.002493143081665039,599.0
0.002493143081665039,634.0
0.002493143081665039,619.0
0.002493143081665039,573.0
0.002493143081665039,650.0
0.002493143081665039,658.0
0.002493143081665039,581.0
0.002493143081665039,564.0
0.002493143081665039,556.0
0.002493143081665039,521.0
0.002493143081665039,599.0
0.002493143081665039,643.0
0.002493143081665039,678.0
0.002493143081665039,588.0
0.002493143081665039,513.0
0.002493143081665039,553.0
0.002493143081665039,614.0
0.002493143081665039,654.0
0.002493143081665039,614.0
0.002493143081665039,643.0
0.002493143081665039,720.0
0.002493143081665039,680.0
0.002493143081665039,617.0
0.002493143081665039,663.0
0.002493143081665039,572.0
0.002493143081665039,580.0
0.002493143081665039,655.0
0.002493143081665039,746.0
0.002493143081665039,702.0
0.002493143081665039,624.0
0.002493143081665039,664.0
0.002493143081665039,609.0
0.002493143081665039,624.0
0.002493143081665039,699.0
0.002493143081665039,691.0
0.002493143081665039,616.0
0.002493143081665039,706.0
0.002493143081665039,746.0
0.002493143081665039,706.0
0.002493143081665039,645.0
0.002493143081665039,554.0
0.002493143081665039,617.0
0.002493143081665039,678.0
0.002493143081665039,617.0
0.002493143081665039,542.0
0.002493143081665039,633.0
0.002493143081665039,708.0
0.002493143081665039,725.0
0.002493143081665039,679.0
0.002493143081665039,588.0
0.002493143081665039,548.0
0.002493143081665039,592.0
0.002493143081665039,502.0
0.002493143081665039,542.0
0.002493143081665039,617.0
0.002493143081665039,554.0
0.002493143081665039,519.0
0.002493143081665039,475.0
0.002493143081665039,460.0
0.002493143081665039,550.0
0.002493143081665039,460.0
0.002493143081665039,388.0
0.002493143081665039,449.0
0.002493143081665039,527.0
0.002493143081665039,590.0
0.002493143081665039,515.0
0.002493143081665039,438.0
0.002493143081665039,375.0
0.002493143081665039,450.0
0.002493143081665039,433.0
0.002493143081665039,524.0
0.002493143081665039,484.0
0.002493143081665039,556.0
0.002493143081665039,591.0
0.002493143081665039,631.0
0.002493143081665039,721.0
0.002493143081665039,643.0
0.002493143081665039,721.0
0.002493143081665039,761.0
0.002493143081665039,807.0
0.002493143081665039,862.0
0.002493143081665039,870.0
0.002493143081665039,795.0
0.002493143081665039,870.0
0.002493143081665039,824.0
0.002493143081665039,901.0
0.002493143081665039,866.0
0.002493143081665039,791.0
0.002493143081665039,783.0
0.002493143081665039,791.0
0.002493143081665039,854.0
0.002493143081665039,929.0
0.002493143081665039,921.0
0.002493143081665039,967.0
0.002493143081665039,892.0
0.002493143081665039,852.0
0.002493143081665039,806.0
0.002493143081665039,745.0
0.002493143081665039,673.0
0.002493143081665039,610.0
0.002493143081665039,532.0
0.002493143081665039,540.0
0.002493143081665039,485.0
0.002493143081665039,546.0
0.002493143081665039,538.0
0.002493143081665039,613.0
0.002493143081665039,676.0
0.002493143081665039,722.0
0.002493143081665039,794.0
0.002493143081665039,809.0
0.002493143081665039,732.0
0.002493143081665039,749.0
0.002493143081665039,709.0
0.002493143081665039,749.0
0.002493143081665039,674.0
0.002493143081665039,602.0
0.002493143081665039,679.0
0.002493143081665039,602.0
0.002493143081665039,512.0
0.002493143081665039,520.0
0.002493143081665039,555.0
0.002493143081665039,627.0
0.002493143081665039,619.0
0.002493143081665039,697.0
0.002493143081665039,737.0
0.002493143081665039,708.0
0.002493143081665039,636.0
0.002493143081665039,726.0
0.002493143081665039,781.0
0.002493143081665039,720.0
0.002493143081665039,645.0
0.002493143081665039,674.0
0.002493143081665039,583.0
0.002493143081665039,508.0
0.002493143081665039,583.0
0.002493143081665039,658.0
0.002493143081665039,612.0
0.002493143081665039,583.0
0.002493143081665039,566.0
0.002493143081665039,551.0
0.002493143081665039,473.0
0.002493143081665039,433.0
0.002493143081665039,477.0
0.002493143081665039,523.0
0.002493143081665039,601.0
0.002493143081665039,692.0
0.002493143081665039,767.0
0.002493143081665039,689.0
0.002493143081665039,634.0
0.002493143081665039,712.0
0.002493143081665039,789.0
0.002493143081665039,861.0
0.002493143081665039,815.0
0.002493143081665039,861.0
0.002493143081665039,786.0
0.002493143081665039,847.0
0.002493143081665039,876.0
0.002493143081665039,798.0
0.002493143081665039,769.0
0.002493143081665039,729.0
0.002493143081665039,683.0
0.002493143081665039,712.0
0.002493143081665039,727.0
0.002493143081665039,655.0
0.002493143081665039,594.0
0.002493143081665039,559.0
0.002493143081665039,515.0
0.002493143081665039,576.0
0.002493143081665039,501.0
0.002493143081665039,573.0
0.002493143081665039,651.0
0.002493143081665039,686.0
0.002493143081665039,609.0
0.002493143081665039,519.0
0.003520488739013672,559.0
0.003520488739013672,605.0
0.003520488739013672,530.0
0.003520488739013672,570.0
0.003520488739013672,530.0
0.003520488739013672,570.0
0.003520488739013672,645.0
0.003520488739013672,662.0
0.003520488739013672,627.0
0.003520488739013672,702.0
0.003520488739013672,777.0
0.003520488739013672,686.0
0.003520488739013672,741.0
0.003520488739013672,678.0
0.003520488739013672,623.0
0.003520488739013672,606.0
0.003520488739013672,531.0
0.003520488739013672,453.0
0.003520488739013672,392.0
0.003520488739013672,320.0
0.003520488739013672,383.0
0.003520488739013672,337.0
0.003520488739013672,412.0
0.003520488739013672,337.0
0.003520488739013672,428.0
0.003520488739013672,365.0
0.003520488739013672,382.0
0.003520488739013672,417.0
0.003520488739013672,425.0
0.003520488739013672,497.0
0.003520488739013672,560.0
0.003520488739013672,552.0
0.003520488739013672,630.0
0.003520488739013672,615.0
0.003520488739013672,670.0
0.003520488739013672,745.0
0.003520488739013672,753.0
0.003520488739013672,799.0
0.003520488739013672,721.0
0.003520488739013672,658.0
0.003520488739013672,618.0
0.003520488739013672,578.0
0.003520488739013672,618.0
0.003520488739013672,708.0
0.003520488739013672,769.0
0.003520488739013672,740.0
0.003520488739013672,700.0
0.003520488739013672,778.0
0.003520488739013672,793.0
0.003520488739013672,778.0
0.003520488739013672,818.0
0.003520488739013672,881.0
0.003520488739013672,803.0
0.003520488739013672,728.0
0.003520488739013672,743.0
0.003520488739013672,728.0
0.003520488739013672,693.0
0.003520488739013672,737.0
0.003520488739013672,772.0
0.003520488739013672,700.0
0.003520488739013672,639.0
0.003520488739013672,564.0
0.003520488739013672,639.0
0.003520488739013672,564.0
0.003520488739013672,501.0
0.003520488739013672,579.0
0.003520488739013672,640.0
0.003520488739013672,655.0
0.003520488739013672,732.0
0.003520488739013672,697.0
0.003520488739013672,680.0
0.003520488739013672,743.0
0.003520488739013672,688.0
0.003520488739013672,743.0
0.003520488739013672,818.0
0.003520488739013672,810.0
0.003520488739013672,747.0
0.003520488739013672,701.0
0.003520488739013672,741.0
0.003520488739013672,804.0
0.003520488739013672,713.0
0.003520488739013672,669.0
0.003520488739013672,713.0
0.003520488739013672,748.0
0.003520488739013672,765.0
0.003520488739013672,811.0
0.003520488739013672,748.0
0.003520488739013672,673.0
0.003520488739013672,681.0
0.003520488739013672,673.0
0.003520488739013672,583.0
0.003520488739013672,674.0
0.003520488739013672,634.0
0.003520488739013672,706.0
0.003520488739013672,634.0
0.003520488739013672,642.0
0.003520488739013672,625.0
0.003520488739013672,665.0
0.003520488739013672,621.0
0.003520488739013672,711.0
0.003520488739013672,656.0
0.003520488739013672,700.0
0.003520488739013672,775.0
0.003520488739013672,714.0
0.003520488739013672,706.0
0.003520488739013672,723.0
0.003520488739013672,645.0
0.003520488739013672,700.0
0.003520488739013672,729.0
0.003520488739013672,714.0
0.003520488739013672,722.0
0.003520488739013672,667.0
0.003520488739013672,739.0
0.003520488739013672,794.0
0.003520488739013672,759.0
0.003520488739013672,668.0
0.003520488739013672,660.0
0.003520488739013672,631.0
0.003520488739013672,706.0
0.003520488739013672,666.0
0.003520488739013672,576.0
0.003520488739013672,559.0
0.003520488739013672,650.0
0.003520488739013672,685.0
0.003520488739013672,702.0
0.003520488739013672,731.0
0.003520488739013672,656.0
0.003520488739013672,621.0
0.003520488739013672,636.0
0.003520488739013672,596.0
0.003520488739013672,631.0
0.003520488739013672,554.0
0.003520488739013672,519.0
0.003520488739013672,444.0
0.003520488739013672,519.0
0.003520488739013672,428.0
0.003520488739013672,463.0
0.003520488739013672,471.0
0.003520488739013672,425.0
0.003520488739013672,486.0
0.003520488739013672,478.0
0.003520488739013672,417.0
0.003520488739013672,492.0
0.003520488739013672,583.0
0.003520488739013672,661.0
0.003520488739013672,722.0
0.003520488739013672,707.0
0.003520488739013672,770.0
0.003520488739013672,715.0
0.003520488739013672,686.0
0.003520488739013672,715.0
0.003520488739013672,755.0
0.003520488739013672,680.0
0.003520488739013672,589.0
0.003520488739013672,644.0
0.003520488739013672,652.0
0.003520488739013672,667.0
0.003520488739013672,744.0
0.003520488739013672,715.0
0.003520488739013672,744.0
0.003520488739013672,669.0
0.003520488739013672,625.0
0.003520488739013672,669.0
0.003520488739013672,744.0
0.003520488739013672,729.0
0.003520488739013672,804.0
0.003520488739013672,743.0
0.003520488739013672,680.0
0.003520488739013672,743.0
0.003520488739013672,666.0
0.003520488739013672,631.0
0.003520488739013672,553.0
0.003520488739013672,614.0
0.003520488739013672,597.0
0.003520488739013672,525.0
0.003520488739013672,485.0
0.003520488739013672,500.0
0.003520488739013672,546.0
0.003520488739013672,471.0
0.003520488739013672,396.0
0.003520488739013672,471.0
0.003520488739013672,549.0
0.003520488739013672,621.0
0.003520488739013672,592.0
0.003520488739013672,529.0
0.003520488739013672,569.0
0.003520488739013672,632.0
0.003520488739013672,672.0
0.003520488739013672,597.0
0.003520488739013672,632.0
0.003520488739013672,624.0
0.003520488739013672,584.0
0.003520488739013672,592.0
0.003520488739013672,546.0
0.003520488739013672,506.0
0.003520488739013672,597.0
0.003520488739013672,534.0
0.003520488739013672,624.0
0.003520488739013672,546.0
0.003520488739013672,624.0
0.003520488739013672,534.0
0.003520488739013672,456.0
0.003520488739013672,519.0
0.003520488739013672,559.0
0.003520488739013672,519.0
0.003520488739013672,559.0
0.003520488739013672,634.0
0.003520488739013672,594.0
0.003520488739013672,579.0
0.003520488739013672,544.0
0.003520488739013672,559.0
0.003520488739013672,576.0
0.003520488739013672,611.0
0.003520488739013672,520.0
0.003520488739013672,505.0
0.003520488739013672,545.0
0.003520488739013672,620.0
0.003520488739013672,557.0
0.003520488739013672,522.0
0.003520488739013672,600.0
0.003520488739013672,635.0
0.003520488739013672,618.0
0.003520488739013672,610.0
0.003520488739013672,532.0
0.003520488739013672,561.0
0.003520488739013672,517.0
0.003520488739013672,534.0
0.003520488739013672,580.0
0.003520488739013672,620.0
0.003520488739013672,580.0
0.003520488739013672,643.0
0.003520488739013672,603.0
0.003520488739013672,542.0
0.003520488739013672,632.0
0.003520488739013672,672.0
0.003520488739013672,733.0
0.003520488739013672,777.0
0.003520488739013672,855.0
0.003520488739013672,780.0
0.003520488739013672,788.0
0.003520488739013672,713.0
0.003520488739013672,753.0
0.003520488739013672,709.0
0.003520488739013672,669.0
0.003520488739013672,634.0
0.003520488739013672,573.0
0.003520488739013672,533.0
0.003520488739013672,573.0
0.003520488739013672,544.0
0.003520488739013672,489.0
0.003520488739013672,504.0
0.003520488739013672,595.0
0.003520488739013672,520.0
0.003520488739013672,430.0
0.003520488739013672,470.0
0.003520488739013672,547.0
0.003520488739013672,622.0
0.003520488739013672,697.0
0.003520488739013672,758.0
0.003520488739013672,718.0
0.003520488739013672,703.0
0.003520488739013672,686.0
0.003520488739013672,611.0
0.003520488739013672,686.0
0.003520488739013672,761.0
0.003520488739013672,796.0
0.003520488739013672,721.0
0.003520488739013672,776.0
0.003520488739013672,816.0
0.003520488739013672,845.0
0.003520488739013672,860.0
0.003520488739013672,785.0
0.003520488739013672,708.0
0.003520488739013672,700.0
0.003520488739013672,790.0
0.003520488739013672,718.0
0.003520488739013672,643.0
0.003520488739013672,603.0
0.003520488739013672,557.0
0.003520488739013672,502.0
0.003520488739013672,487.0
0.003520488739013672,397.0
0.003520488739013672,441.0
0.003520488739013672,518.0
0.003520488739013672,564.0
0.003520488739013672,487.0
0.003520488739013672,424.0
0.003520488739013672,499.0
0.003520488739013672,507.0
0.003520488739013672,432.0
0.003520488739013672,424.0
0.003520488739013672,514.0
0.003520488739013672,529.0
0.003520488739013672,468.0
0.003520488739013672,439.0
0.003520488739013672,502.0
0.003520488739013672,563.0
0.003520488739013672,638.0
0.003520488739013672,715.0
0.003520488739013672,790.0
0.003520488739013672,819.0
0.003520488739013672,827.0
0.003520488739013672,867.0
0.003520488739013672,922.0
0.003520488739013672,907.0
0.003520488739013672,982.0
0.003520488739013672,907.0
0.003520488739013672,844.0
0.003520488739013672,800.0
0.003520488739013672,723.0
0.003520488739013672,668.0
0.003520488739013672,685.0
0.003520488739013672,624.0
0.003520488739013672,687.0
0.003520488739013672,759.0
0.003520488739013672,774.0
0.003520488739013672,739.0
0.003520488739013672,649.0
0.003520488739013672,574.0
0.003520488739013672,545.0
0.003520488739013672,606.0
0.003520488739013672,515.0
0.003520488739013672,590.0
0.003520488739013672,573.0
0.003520488739013672,663.0
0.003520488739013672,648.0
0.003520488739013672,677.0
0.003520488739013672,694.0
0.003520488739013672,654.0
0.003520488739013672,608.0
0.003520488739013672,536.0
0.003520488739013672,519.0
0.003520488739013672,563.0
0.003520488739013672,618.0
0.003520488739013672,658.0
0.003520488739013672,730.0
0.003520488739013672,690.0
0.003520488739013672,736.0
0.003520488739013672,692.0
0.003520488739013672,646.0
0.003520488739013672,591.0
0.003520488739013672,501.0
0.003520488739013672,591.0
0.003520488739013672,551.0
0.003520488739013672,566.0
0.003520488739013672,558.0
0.003520488739013672,483.0
0.003520488739013672,538.0
0.003520488739013672,523.0
0.003520488739013672,598.0
0.003520488739013672,508.0
0.003520488739013672,543.0
0.003520488739013672,514.0
0.003520488739013672,560.0
0.003520488739013672,637.0
0.003520488739013672,712.0
0.003520488739013672,756.0
0.003520488739013672,684.0
0.003520488739013672,724.0
0.003520488739013672,796.0
0.003520488739013672,735.0
0.003520488739013672,764.0
0.003520488739013672,720.0
0.003520488739013672,764.0
0.003520488739013672,825.0
0.003520488739013672,779.0
0.003520488739013672,718.0
0.003520488739013672,663.0
0.003520488739013672,628.0
0.003520488739013672,645.0
0.003520488739013672,570.0
0.003520488739013672,605.0
0.003520488739013672,660.0
0.003520488739013672,585.0
0.003520488739013672,530.0
0.003520488739013672,621.0
0.003520488739013672,661.0
0.003520488739013672,736.0
0.003520488739013672,659.0
0.003520488739013672,581.0
0.003520488739013672,659.0
0.003520488739013672,581.0
0.003520488739013672,506.0
0.003520488739013672,466.0
0.003520488739013672,481.0
0.003520488739013672,446.0
0.003520488739013672,524.0
0.003520488739013672,509.0
0.003520488739013672,480.0
0.003520488739013672,463.0
0.003520488739013672,540.0
0.003520488739013672,580.0
0.003520488739013672,635.0
0.003520488739013672,652.0
0.003520488739013672,577.0
0.003520488739013672,499.0
0.003520488739013672,444.0
0.003520488739013672,490.0
0.003520488739013672,444.0
0.003520488739013672,490.0
0.003520488739013672,444.0
0.003520488739013672,381.0
0.003520488739013672,436.0
0.003520488739013672,511.0
0.003520488739013672,467.0
0.003520488739013672,475.0
0.003520488739013672,384.0
0.003520488739013672,459.0
0.003520488739013672,503.0
0.003520488739013672,564.0
0.003520488739013672,599.0
0.003520488739013672,662.0
0.003520488739013672,601.0
0.003520488739013672,662.0
0.003520488739013672,752.0
0.003520488739013672,735.0
0.003520488739013672,727.0
0.003520488739013672,773.0
0.003520488739013672,683.0
0.003520488739013672,773.0
0.003520488739013672,802.0
0.003520488739013672,725.0
0.003520488739013672,816.0
0.003520488739013672,753.0
0.003520488739013672,768.0
0.003520488739013672,776.0
0.003520488739013672,854.0
0.003520488739013672,793.0
0.003520488739013672,778.0
0.003520488739013672,723.0
0.003520488739013672,784.0
0.003520488739013672,755.0
0.003520488739013672,784.0
0.003520488739013672,839.0
0.003520488739013672,793.0
0.003520488739013672,753.0
0.003520488739013672,745.0
0.003520488739013672,716.0
0.003520488739013672,791.0
0.003520488739013672,713.0
0.003520488739013672,742.0
0.003520488739013672,788.0
0.003520488739013672,716.0
0.003520488739013672,793.0
0.003520488739013672,865.0
0.003520488739013672,880.0
0.003520488739013672,845.0
0.003520488739013672,830.0
0.003520488739013672,755.0
0.003520488739013672,680.0
0.003520488739013672,603.0
0.003520488739013672,680.0
0.003520488739013672,605.0
0.003520488739013672,561.0
0.003520488739013672,506.0
0.003520488739013672,466.0
0.003520488739013672,541.0
0.003520488739013672,581.0
0.003520488739013672,504.0
0.003520488739013672,458.0
0.003520488739013672,397.0
0.003520488739013672,458.0
0.003520488739013672,493.0
0.003520488739013672,510.0
0.003520488739013672,525.0
0.003520488739013672,496.0
0.003520488739013672,559.0
0.003520488739013672,634.0
0.003520488739013672,594.0
0.003520488739013672,640.0
0.003520488739013672,680.0
0.003520488739013672,605.0
0.003520488739013672,634.0
0.003520488739013672,543.0
0.003520488739013672,583.0
0.003520488739013672,520.0
0.003520488739013672,448.0
0.003520488739013672,408.0
0.003520488739013672,448.0
0.003520488739013672,520.0
0.003520488739013672,459.0
0.003520488739013672,384.0
0.003520488739013672,294.0
0.003520488739013672,357.0
0.003520488739013672,317.0
0.003520488739013672,407.0
0.003520488739013672,451.0
0.003520488739013672,491.0
0.003520488739013672,568.0
0.003520488739013672,659.0
0.003520488739013672,630.0
0.003520488739013672,638.0
0.003520488739013672,623.0
0.003520488739013672,615.0
0.003520488739013672,543.0
0.003520488739013672,621.0
0.003520488739013672,696.0
0.003520488739013672,768.0
0.003520488739013672,696.0
0.003520488739013672,661.0
0.003520488739013672,586.0
0.003520488739013672,546.0
0.003520488739013672,561.0
0.003520488739013672,601.0
0.003520488739013672,676.0
0.003520488739013672,711.0
0.003520488739013672,665.0
0.003520488739013672,740.0
0.003520488739013672,725.0
0.003520488739013672,733.0
0.003520488739013672,788.0
0.003520488739013672,834.0
0.003520488739013672,794.0
0.003520488739013672,704.0
0.003520488739013672,658.0
0.003520488739013672,748.0
0.003520488739013672,809.0
0.003520488739013672,792.0
0.003520488739013672,838.0
0.003520488739013672,798.0
0.003520488739013672,873.0
0.003520488739013672,890.0
0.003520488739013672,812.0
0.003520488739013672,884.0
0.003520488739013672,812.0
0.003520488739013672,852.0
0.003520488739013672,777.0
0.003520488739013672,852.0
0.003520488739013672,777.0
0.003520488739013672,687.0
0.003520488739013672,716.0
0.003520488739013672,625.0
0.003520488739013672,640.0
0.003520488739013672,731.0
0.003520488739013672,654.0
0.003520488739013672,731.0
0.003520488739013672,696.0
0.003520488739013672,736.0
0.003520488739013672,690.0
0.003520488739013672,599.0
0.003520488739013672,559.0
0.003520488739013672,498.0
0.003520488739013672,423.0
0.003520488739013672,498.0
0.003520488739013672,469.0
0.003520488739013672,560.0
0.003520488739013672,638.0
0.003520488739013672,561.0
0.003520488739013672,636.0
0.003520488739013672,596.0
0.003520488739013672,673.0
0.003520488739013672,713.0
0.003520488739013672,673.0
0.003520488739013672,708.0
0.003520488739013672,633.0
0.003520488739013672,705.0
0.003520488739013672,688.0
0.003520488739013672,673.0
0.003520488739013672,629.0
0.003520488739013672,690.0
0.003520488739013672,707.0
0.003520488739013672,690.0
0.003520488739013672,635.0
0.003520488739013672,675.0
0.003520488739013672,750.0
0.003520488739013672,742.0
0.003520488739013672,707.0
0.003520488739013672,722.0
0.003520488739013672,766.0
0.003520488739013672,821.0
0.003520488739013672,749.0
0.003520488739013672,705.0
0.003520488739013672,628.0
0.003520488739013672,550.0
0.003520488739013672,622.0
0.003520488739013672,699.0
0.003520488739013672,728.0
0.003520488739013672,745.0
0.003520488739013672,785.0
0.003520488739013672,708.0
0.003520488739013672,691.0
0.003520488739013672,726.0
0.003520488739013672,635.0
0.003520488739013672,560.0
0.003520488739013672,650.0
0.003520488739013672,635.0
0.003520488739013672,606.0
0.003520488739013672,531.0
0.003520488739013672,456.0
0.003520488739013672,534.0
0.003520488739013672,611.0
0.003520488739013672,686.0
0.003520488739013672,715.0
0.003520488739013672,790.0
0.003520488739013672,881.0
0.003520488739013672,896.0
0.003520488739013672,824.0
0.003520488739013672,733.0
0.003520488739013672,672.0
0.003520488739013672,632.0
0.003520488739013672,672.0
0.003520488739013672,657.0
0.003520488739013672,718.0
0.003520488739013672,726.0
0.003520488739013672,718.0
0.003520488739013672,726.0
0.003520488739013672,770.0
0.003520488739013672,845.0
0.003520488739013672,810.0
0.003520488739013672,856.0
0.003520488739013672,891.0
0.003520488739013672,813.0
0.003520488739013672,738.0
0.003520488739013672,683.0
0.003520488739013672,639.0
0.003520488739013672,604.0
0.003520488739013672,619.0
0.003520488739013672,558.0
0.003520488739013672,529.0
0.003520488739013672,604.0
0.003520488739013672,682.0
0.003520488739013672,607.0
0.003520488739013672,636.0
0.003520488739013672,559.0
0.003520488739013672,634.0
0.003520488739013672,594.0
0.003520488739013672,666.0
0.003520488739013672,626.0
0.003520488739013672,666.0
0.003520488739013672,743.0
0.003520488739013672,653.0
0.003520488739013672,714.0
0.003520488739013672,769.0
0.004538774490356445,786.0
0.004538774490356445,740.0
0.004538774490356445,775.0
0.004538774490356445,700.0
0.004538774490356445,625.0
0.004538774490356445,570.0
0.004538774490356445,614.0
0.004538774490356445,551.0
0.004538774490356445,626.0
0.004538774490356445,717.0
0.004538774490356445,709.0
0.004538774490356445,749.0
0.004538774490356445,734.0
0.004538774490356445,809.0
0.004538774490356445,855.0
0.004538774490356445,815.0
0.004538774490356445,769.0
0.004538774490356445,777.0
0.004538774490356445,769.0
0.004538774490356445,725.0
0.004538774490356445,647.0
0.004538774490356445,572.0
0.004538774490356445,618.0
0.004538774490356445,708.0
0.004538774490356445,763.0
0.004538774490356445,702.0
0.004538774490356445,777.0
0.004538774490356445,742.0
0.004538774490356445,820.0
0.004538774490356445,780.0
0.004538774490356445,705.0
0.004538774490356445,720.0
0.004538774490356445,783.0
0.004538774490356445,858.0
0.004538774490356445,866.0
0.004538774490356445,791.0
0.004538774490356445,774.0
0.004538774490356445,745.0
0.004538774490356445,699.0
0.004538774490356445,636.0
0.004538774490356445,682.0
0.004538774490356445,717.0
0.004538774490356445,640.0
0.004538774490356445,684.0
0.004538774490356445,713.0
0.004538774490356445,753.0
0.004538774490356445,698.0
0.004538774490356445,753.0
0.004538774490356445,793.0
0.004538774490356445,870.0
0.004538774490356445,841.0
0.004538774490356445,797.0
0.004538774490356445,826.0
0.004538774490356445,889.0
0.004538774490356445,826.0
0.004538774490356445,751.0
0.004538774490356445,826.0
0.004538774490356445,791.0
0.004538774490356445,826.0
0.004538774490356445,818.0
0.004538774490356445,879.0
0.004538774490356445,923.0
0.004538774490356445,862.0
0.004538774490356445,827.0
0.004538774490356445,783.0
0.004538774490356445,728.0
0.004538774490356445,763.0
0.004538774490356445,807.0
0.004538774490356445,729.0
0.004538774490356445,652.0
0.004538774490356445,606.0
0.004538774490356445,614.0
0.004538774490356445,660.0
0.004538774490356445,616.0
0.004538774490356445,587.0
0.004538774490356445,650.0
0.004538774490356445,635.0
0.004538774490356445,690.0
0.004538774490356445,655.0
0.004538774490356445,615.0
0.004538774490356445,607.0
0.004538774490356445,684.0
0.004538774490356445,692.0
0.004538774490356445,707.0
0.004538774490356445,652.0
0.004538774490356445,637.0
0.004538774490356445,574.0
0.004538774490356445,635.0
0.004538774490356445,670.0
0.004538774490356445,662.0
0.004538774490356445,616.0
0.004538774490356445,555.0
0.004538774490356445,570.0
0.004538774490356445,599.0
0.004538774490356445,570.0
0.004538774490356445,648.0
0.004538774490356445,576.0
0.004538774490356445,593.0
0.004538774490356445,665.0
0.004538774490356445,648.0
0.004538774490356445,709.0
0.004538774490356445,631.0
0.004538774490356445,591.0
0.004538774490356445,501.0
0.004538774490356445,429.0
0.004538774490356445,446.0
0.004538774490356445,486.0
0.004538774490356445,576.0
0.004538774490356445,584.0
0.004538774490356445,576.0
0.004538774490356445,584.0
0.004538774490356445,630.0
0.004538774490356445,590.0
0.004538774490356445,634.0
0.004538774490356445,674.0
0.004538774490356445,703.0
0.004538774490356445,612.0
0.004538774490356445,551.0
0.004538774490356445,626.0
0.004538774490356445,586.0
0.004538774490356445,677.0
0.004538774490356445,631.0
0.004538774490356445,694.0
0.004538774490356445,734.0
0.004538774490356445,717.0
0.004538774490356445,626.0
0.004538774490356445,672.0
0.004538774490356445,763.0
0.004538774490356445,719.0
0.004538774490356445,759.0
0.004538774490356445,837.0
0.004538774490356445,746.0
0.004538774490356445,738.0
0.004538774490356445,746.0
0.004538774490356445,671.0
0.004538774490356445,631.0
0.004538774490356445,596.0
0.004538774490356445,640.0
0.004538774490356445,625.0
0.004538774490356445,579.0
0.004538774490356445,640.0
0.004538774490356445,596.0
0.004538774490356445,668.0
0.004538774490356445,683.0
0.004538774490356445,758.0
0.004538774490356445,813.0
0.004538774490356445,750.0
0.004538774490356445,660.0
0.004538774490356445,723.0
0.004538774490356445,740.0
0.004538774490356445,723.0
0.004538774490356445,813.0
0.004538774490356445,830.0
0.004538774490356445,876.0
0.004538774490356445,801.0
0.004538774490356445,724.0
0.004538774490356445,759.0
0.004538774490356445,704.0
0.004538774490356445,664.0
0.004538774490356445,647.0
0.004538774490356445,687.0
0.004538774490356445,658.0
0.004538774490356445,702.0
0.004538774490356445,694.0
0.004538774490356445,659.0
0.004538774490356445,569.0
0.004538774490356445,494.0
0.004538774490356445,419.0
0.004538774490356445,494.0
0.004538774490356445,479.0
0.004538774490356445,554.0
0.004538774490356445,569.0
0.004538774490356445,506.0
0.004538774490356445,561.0
0.004538774490356445,601.0
0.004538774490356445,557.0
0.004538774490356445,511.0
0.004538774490356445,602.0
0.004538774490356445,648.0
0.004538774490356445,725.0
0.004538774490356445,815.0
0.004538774490356445,724.0
0.004538774490356445,652.0
0.004538774490356445,577.0
0.004538774490356445,537.0
0.004538774490356445,628.0
0.004538774490356445,553.0
0.004538774490356445,628.0
0.004538774490356445,538.0
0.004538774490356445,613.0
0.004538774490356445,703.0
0.004538774490356445,720.0
0.004538774490356445,755.0
0.004538774490356445,678.0
0.004538774490356445,741.0
0.004538774490356445,816.0
0.004538774490356445,741.0
0.004538774490356445,770.0
0.004538774490356445,845.0
0.004538774490356445,828.0
0.004538774490356445,782.0
0.004538774490356445,727.0
0.004538774490356445,744.0
0.004538774490356445,784.0
0.004538774490356445,767.0
0.004538774490356445,775.0
0.004538774490356445,852.0
0.004538774490356445,869.0
0.004538774490356445,854.0
0.004538774490356445,779.0
0.004538774490356445,716.0
0.004538774490356445,655.0
0.004538774490356445,565.0
0.004538774490356445,548.0
0.004538774490356445,513.0
0.004538774490356445,530.0
0.004538774490356445,605.0
0.004538774490356445,640.0
0.004538774490356445,623.0
0.004538774490356445,588.0
0.004538774490356445,651.0
0.004538774490356445,695.0
0.004538774490356445,620.0
0.004538774490356445,710.0
0.004538774490356445,619.0
0.004538774490356445,579.0
0.004538774490356445,596.0
0.004538774490356445,579.0
0.004538774490356445,489.0
0.004538774490356445,535.0
0.004538774490356445,596.0
0.004538774490356445,611.0
0.004538774490356445,666.0
0.004538774490356445,637.0
0.004538774490356445,728.0
0.004538774490356445,637.0
0.004538774490356445,576.0
0.004538774490356445,648.0
0.004538774490356445,573.0
0.004538774490356445,634.0
0.004538774490356445,709.0
0.004538774490356445,800.0
0.004538774490356445,875.0
0.004538774490356445,803.0
0.004538774490356445,795.0
0.004538774490356445,867.0
0.004538774490356445,795.0
0.004538774490356445,867.0
0.004538774490356445,957.0
0.004538774490356445,917.0
0.004538774490356445,957.0
0.004538774490356445,997.0
0.004538774490356445,922.0
0.004538774490356445,882.0
0.004538774490356445,957.0
0.004538774490356445,882.0
0.004538774490356445,792.0
0.004538774490356445,827.0
0.004538774490356445,835.0
0.004538774490356445,827.0
0.004538774490356445,787.0
0.004538774490356445,696.0
0.004538774490356445,661.0
0.004538774490356445,701.0
0.004538774490356445,741.0
0.004538774490356445,663.0
0.004538774490356445,671.0
0.004538774490356445,631.0
0.004538774490356445,648.0
0.004538774490356445,738.0
0.004538774490356445,730.0
0.004538774490356445,658.0
0.004538774490356445,736.0
0.004538774490356445,771.0
0.004538774490356445,736.0
0.004538774490356445,690.0
0.004538774490356445,673.0
0.004538774490356445,719.0
0.004538774490356445,794.0
0.004538774490356445,866.0
0.004538774490356445,791.0
0.004538774490356445,714.0
0.004538774490356445,743.0
0.004538774490356445,682.0
0.004538774490356445,642.0
0.004538774490356445,596.0
0.004538774490356445,631.0
0.004538774490356445,708.0
0.004538774490356445,679.0
0.004538774490356445,719.0
0.004538774490356445,748.0
0.004538774490356445,794.0
0.004538774490356445,739.0
0.004538774490356445,756.0
0.004538774490356445,681.0
0.004538774490356445,689.0
0.004538774490356445,654.0
0.004538774490356445,637.0
0.004538774490356445,712.0
0.004538774490356445,767.0
0.004538774490356445,759.0
0.004538774490356445,794.0
0.004538774490356445,834.0
0.004538774490356445,842.0
0.004538774490356445,796.0
0.004538774490356445,706.0
0.004538774490356445,767.0
0.004538774490356445,704.0
0.004538774490356445,629.0
0.004538774490356445,614.0
0.004538774490356445,537.0
0.004538774490356445,497.0
0.004538774490356445,453.0
0.004538774490356445,499.0
0.004538774490356445,514.0
0.004538774490356445,506.0
0.004538774490356445,597.0
0.004538774490356445,637.0
0.004538774490356445,712.0
0.004538774490356445,697.0
0.004538774490356445,760.0
0.004538774490356445,720.0
0.004538774490356445,810.0
0.004538774490356445,775.0
0.004538774490356445,790.0
0.004538774490356445,727.0
0.004538774490356445,687.0
0.004538774490356445,764.0
0.004538774490356445,781.0
0.004538774490356445,825.0
0.004538774490356445,770.0
0.004538774490356445,810.0
0.004538774490356445,795.0
0.004538774490356445,850.0
0.004538774490356445,773.0
0.004538774490356445,733.0
0.004538774490356445,658.0
0.004538774490356445,580.0
0.004538774490356445,657.0
0.004538774490356445,732.0
0.004538774490356445,641.0
0.004538774490356445,580.0
0.004538774490356445,525.0
0.004538774490356445,540.0
0.004538774490356445,575.0
0.004538774490356445,650.0
0.004538774490356445,690.0
0.004538774490356445,698.0
0.004538774490356445,690.0
0.004538774490356445,698.0
0.004538774490356445,738.0
0.004538774490356445,663.0
0.004538774490356445,648.0
0.004538774490356445,573.0
0.004538774490356445,648.0
0.004538774490356445,631.0
0.004538774490356445,694.0
0.004538774490356445,749.0
0.004538774490356445,766.0
0.004538774490356445,737.0
0.004538774490356445,665.0
0.004538774490356445,726.0
0.004538774490356445,741.0
0.004538774490356445,666.0
0.004538774490356445,741.0
0.004538774490356445,816.0
0.004538774490356445,761.0
0.004538774490356445,684.0
0.004538774490356445,649.0
0.004538774490356445,740.0
0.004538774490356445,665.0
0.004538774490356445,650.0
0.004538774490356445,610.0
0.004538774490356445,688.0
0.004538774490356445,723.0
0.004538774490356445,798.0
0.004538774490356445,870.0
0.004538774490356445,798.0
0.004538774490356445,838.0
0.004538774490356445,893.0
0.004538774490356445,849.0
0.004538774490356445,774.0
0.004538774490356445,849.0
0.004538774490356445,809.0
0.004538774490356445,853.0
0.004538774490356445,778.0
0.004538774490356445,717.0
0.004538774490356445,732.0
0.004538774490356445,717.0
0.004538774490356445,794.0
0.004538774490356445,869.0
0.004538774490356445,778.0
0.004538774490356445,715.0
0.004538774490356445,730.0
0.004538774490356445,759.0
0.004538774490356445,742.0
0.004538774490356445,833.0
0.004538774490356445,804.0
0.004538774490356445,865.0
0.004538774490356445,825.0
0.004538774490356445,888.0
0.004538774490356445,928.0
0.004538774490356445,865.0
0.004538774490356445,928.0
0.004538774490356445,920.0
0.004538774490356445,885.0
0.004538774490356445,920.0
0.004538774490356445,865.0
0.004538774490356445,819.0
0.004538774490356445,775.0
0.004538774490356445,804.0
0.004538774490356445,850.0
0.004538774490356445,858.0
0.004538774490356445,898.0
0.004538774490356445,852.0
0.004538774490356445,896.0
0.004538774490356445,856.0
0.004538774490356445,902.0
0.004538774490356445,841.0
0.004538774490356445,806.0
0.004538774490356445,846.0
0.004538774490356445,769.0
0.004538774490356445,830.0
0.004538774490356445,786.0
0.004538774490356445,803.0
0.004538774490356445,763.0
0.004538774490356445,723.0
0.004538774490356445,800.0
0.004538774490356445,840.0
0.004538774490356445,912.0
0.004538774490356445,895.0
0.004538774490356445,866.0
0.004538774490356445,921.0
0.004538774490356445,956.0
0.004538774490356445,881.0
0.004538774490356445,898.0
0.004538774490356445,852.0
0.004538774490356445,898.0
0.004538774490356445,835.0
0.004538774490356445,774.0
0.004538774490356445,759.0
0.004538774490356445,820.0
0.004538774490356445,864.0
0.004538774490356445,829.0
0.004538774490356445,751.0
0.004538774490356445,766.0
0.004538774490356445,726.0
0.004538774490356445,709.0
0.004538774490356445,726.0
0.004538774490356445,801.0
0.004538774490356445,786.0
0.004538774490356445,821.0
0.004538774490356445,884.0
0.004538774490356445,849.0
0.004538774490356445,864.0
0.004538774490356445,820.0
0.004538774490356445,805.0
0.004538774490356445,845.0
0.004538774490356445,923.0
0.004538774490356445,967.0
0.004538774490356445,996.0
0.004538774490356445,906.0
0.004538774490356445,898.0
0.004538774490356445,823.0
0.004538774490356445,863.0
0.004538774490356445,823.0
0.004538774490356445,831.0
0.004538774490356445,759.0
0.004538774490356445,696.0
0.004538774490356445,679.0
0.004538774490356445,602.0
0.004538774490356445,617.0
0.004538774490356445,542.0
0.004538774490356445,619.0
0.004538774490356445,604.0
0.004538774490356445,596.0
0.004538774490356445,659.0
0.004538774490356445,694.0
0.004538774490356445,711.0
0.004538774490356445,786.0
0.004538774490356445,826.0
0.004538774490356445,834.0
0.004538774490356445,817.0
0.004538774490356445,773.0
0.004538774490356445,848.0
0.004538774490356445,840.0
0.004538774490356445,811.0
0.004538774490356445,883.0
0.004538774490356445,900.0
0.004538774490356445,865.0
0.004538774490356445,894.0
0.004538774490356445,848.0
0.004538774490356445,831.0
0.004538774490356445,802.0
0.004538774490356445,817.0
0.004538774490356445,846.0
0.004538774490356445,774.0
0.004538774490356445,791.0
0.004538774490356445,863.0
0.004538774490356445,823.0
0.004538774490356445,831.0
0.004538774490356445,791.0
0.004538774490356445,881.0
0.004538774490356445,803.0
0.004538774490356445,728.0
0.004538774490356445,768.0
0.004538774490356445,693.0
0.004538774490356445,768.0
0.004538774490356445,760.0
0.004538774490356445,800.0
0.004538774490356445,760.0
0.004538774490356445,685.0
0.004538774490356445,624.0
0.004538774490356445,670.0
0.004538774490356445,710.0
0.004538774490356445,670.0
0.004538774490356445,731.0
0.004538774490356445,766.0
0.005555868148803711,749.0
0.005555868148803711,824.0
0.005555868148803711,809.0
0.005555868148803711,887.0
0.005555868148803711,797.0
0.005555868148803711,814.0
0.005555868148803711,797.0
0.005555868148803711,887.0
0.005555868148803711,931.0
0.005555868148803711,971.0
0.005555868148803711,927.0
0.005555868148803711,892.0
0.005555868148803711,927.0
0.005555868148803711,971.0
0.005555868148803711,896.0
0.005555868148803711,835.0
0.005555868148803711,910.0
0.005555868148803711,866.0
0.005555868148803711,794.0
0.005555868148803711,855.0
0.005555868148803711,872.0
0.005555868148803711,887.0
0.005555868148803711,824.0
0.005555868148803711,789.0
0.005555868148803711,774.0
0.005555868148803711,849.0
0.005555868148803711,893.0
0.005555868148803711,908.0
0.005555868148803711,916.0
0.005555868148803711,870.0
0.005555868148803711,853.0
0.005555868148803711,888.0
0.005555868148803711,880.0
0.005555868148803711,803.0
0.005555868148803711,728.0
0.005555868148803711,699.0
0.005555868148803711,745.0
0.005555868148803711,808.0
0.005555868148803711,773.0
0.005555868148803711,848.0
0.005555868148803711,877.0
0.005555868148803711,949.0
0.005555868148803711,920.0
0.005555868148803711,928.0
0.005555868148803711,1005.0
0.005555868148803711,965.0
0.005555868148803711,919.0
0.005555868148803711,965.0
0.005555868148803711,950.0
0.005555868148803711,979.0
0.005555868148803711,924.0
0.005555868148803711,861.0
0.005555868148803711,896.0
0.005555868148803711,824.0
0.005555868148803711,896.0
0.005555868148803711,867.0
0.005555868148803711,882.0
0.005555868148803711,838.0
0.005555868148803711,878.0
0.005555868148803711,907.0
0.005555868148803711,962.0
0.005555868148803711,954.0
0.005555868148803711,882.0
0.005555868148803711,827.0
0.005555868148803711,871.0
0.005555868148803711,825.0
0.005555868148803711,833.0
0.005555868148803711,793.0
0.005555868148803711,749.0
0.005555868148803711,789.0
0.005555868148803711,833.0
0.005555868148803711,793.0
0.005555868148803711,715.0
0.005555868148803711,770.0
0.005555868148803711,730.0
0.005555868148803711,776.0
0.005555868148803711,793.0
0.005555868148803711,833.0
0.005555868148803711,793.0
0.005555868148803711,778.0
0.005555868148803711,743.0
0.005555868148803711,778.0
0.005555868148803711,841.0
0.005555868148803711,881.0
0.005555868148803711,837.0
0.005555868148803711,881.0
0.005555868148803711,818.0
0.005555868148803711,801.0
0.005555868148803711,879.0
0.005555868148803711,894.0
0.005555868148803711,934.0
0.005555868148803711,926.0
0.005555868148803711,911.0
0.005555868148803711,928.0
0.005555868148803711,936.0
0.005555868148803711,907.0
0.005555868148803711,829.0
0.005555868148803711,907.0
0.005555868148803711,863.0
0.005555868148803711,855.0
0.005555868148803711,815.0
0.005555868148803711,844.0
0.005555868148803711,852.0
0.005555868148803711,791.0
0.005555868148803711,774.0
0.005555868148803711,745.0
0.005555868148803711,668.0
0.005555868148803711,628.0
0.005555868148803711,657.0
0.005555868148803711,582.0
0.005555868148803711,622.0
0.005555868148803711,683.0
0.005555868148803711,755.0
0.005555868148803711,772.0
0.005555868148803711,764.0
0.005555868148803711,772.0
0.005555868148803711,849.0
0.005555868148803711,774.0
0.005555868148803711,789.0
0.005555868148803711,781.0
0.005555868148803711,856.0
0.005555868148803711,827.0
0.005555868148803711,787.0
0.005555868148803711,827.0
0.005555868148803711,835.0
0.005555868148803711,818.0
0.005555868148803711,835.0
0.005555868148803711,827.0
0.005555868148803711,787.0
0.005555868148803711,862.0
0.005555868148803711,902.0
0.005555868148803711,885.0
0.005555868148803711,893.0
0.005555868148803711,847.0
0.005555868148803711,807.0
0.005555868148803711,870.0
0.005555868148803711,862.0
0.005555868148803711,902.0
0.005555868148803711,946.0
0.005555868148803711,911.0
0.005555868148803711,951.0
0.005555868148803711,911.0
0.005555868148803711,896.0
0.005555868148803711,931.0
0.005555868148803711,971.0
0.005555868148803711,896.0
0.005555868148803711,824.0
0.005555868148803711,870.0
0.005555868148803711,945.0
0.005555868148803711,868.0
0.005555868148803711,822.0
0.005555868148803711,894.0
0.005555868148803711,822.0
0.005555868148803711,782.0
0.005555868148803711,811.0
0.005555868148803711,828.0
0.005555868148803711,811.0
0.005555868148803711,888.0
0.005555868148803711,797.0
0.005555868148803711,814.0
0.005555868148803711,860.0
0.005555868148803711,900.0
0.005555868148803711,908.0
0.005555868148803711,900.0
0.005555868148803711,871.0
0.005555868148803711,879.0
0.005555868148803711,804.0
0.005555868148803711,729.0
0.005555868148803711,744.0
0.005555868148803711,666.0
0.005555868148803711,738.0
0.005555868148803711,661.0
0.005555868148803711,617.0
0.005555868148803711,542.0
0.005555868148803711,534.0
0.005555868148803711,479.0
0.005555868148803711,554.0
0.005555868148803711,519.0
0.005555868148803711,554.0
0.005555868148803711,514.0
0.005555868148803711,569.0
0.005555868148803711,644.0
0.005555868148803711,673.0
0.005555868148803711,748.0
0.005555868148803711,687.0
0.005555868148803711,658.0
0.005555868148803711,687.0
0.005555868148803711,748.0
0.005555868148803711,733.0
0.005555868148803711,748.0
0.005555868148803711,733.0
0.005555868148803711,811.0
0.005555868148803711,888.0
0.005555868148803711,903.0
0.005555868148803711,825.0
0.005555868148803711,810.0
0.005555868148803711,720.0
0.005555868148803711,691.0
0.005555868148803711,720.0
0.005555868148803711,811.0
0.005555868148803711,819.0
0.005555868148803711,811.0
0.005555868148803711,819.0
0.005555868148803711,834.0
0.005555868148803711,799.0
0.005555868148803711,736.0
0.005555868148803711,771.0
0.005555868148803711,756.0
0.005555868148803711,819.0
0.005555868148803711,811.0
0.005555868148803711,889.0
0.005555868148803711,860.0
0.005555868148803711,904.0
0.005555868148803711,860.0
0.005555868148803711,875.0
0.005555868148803711,883.0
0.005555868148803711,837.0
0.005555868148803711,802.0
0.005555868148803711,837.0
0.005555868148803711,774.0
0.005555868148803711,697.0
0.005555868148803711,743.0
0.005555868148803711,783.0
0.005555868148803711,846.0
0.005555868148803711,829.0
0.005555868148803711,906.0
0.005555868148803711,843.0
0.005555868148803711,872.0
0.005555868148803711,800.0
0.005555868148803711,771.0
0.005555868148803711,725.0
0.005555868148803711,769.0
0.005555868148803711,786.0
0.005555868148803711,769.0
0.005555868148803711,832.0
0.005555868148803711,861.0
0.005555868148803711,846.0
0.005555868148803711,861.0
0.005555868148803711,846.0
0.005555868148803711,817.0
0.005555868148803711,863.0
0.005555868148803711,880.0
0.005555868148803711,805.0
0.005555868148803711,820.0
0.005555868148803711,757.0
0.005555868148803711,749.0
0.005555868148803711,821.0
0.005555868148803711,806.0
0.005555868148803711,766.0
0.005555868148803711,841.0
0.005555868148803711,766.0
0.005555868148803711,795.0
0.005555868148803711,835.0
0.005555868148803711,795.0
0.005555868148803711,766.0
0.005555868148803711,781.0
0.005555868148803711,871.0
0.005555868148803711,854.0
0.005555868148803711,917.0
0.005555868148803711,902.0
0.005555868148803711,917.0
0.005555868148803711,845.0
0.005555868148803711,885.0
0.005555868148803711,914.0
0.005555868148803711,853.0
0.005555868148803711,838.0
0.005555868148803711,853.0
0.005555868148803711,838.0
0.005555868148803711,913.0
0.005555868148803711,921.0
0.005555868148803711,982.0
0.005555868148803711,942.0
0.005555868148803711,982.0
0.005555868148803711,974.0
0.005555868148803711,945.0
0.005555868148803711,855.0
0.005555868148803711,794.0
0.005555868148803711,866.0
0.005555868148803711,956.0
0.005555868148803711,912.0
0.005555868148803711,857.0
0.005555868148803711,872.0
0.005555868148803711,809.0
0.005555868148803711,864.0
0.005555868148803711,893.0
0.005555868148803711,847.0
0.005555868148803711,910.0
0.005555868148803711,875.0
0.005555868148803711,936.0
0.005555868148803711,944.0
0.005555868148803711,929.0
0.005555868148803711,944.0
0.005555868148803711,929.0
0.005555868148803711,946.0
0.005555868148803711,929.0
0.005555868148803711,964.0
0.005555868148803711,956.0
0.005555868148803711,1002.0
0.005555868148803711,956.0
0.005555868148803711,916.0
0.0065729618072509766,887.0
0.0065729618072509766,895.0
0.0065729618072509766,855.0
0.0065729618072509766,895.0
0.0065729618072509766,887.0
0.0065729618072509766,931.0
0.0065729618072509766,971.0
0.0065729618072509766,979.0
0.0065729618072509766,901.0
0.0065729618072509766,893.0
0.0065729618072509766,971.0
0.006634950637817383,1017.0
0.006634950637817383,945.0
0.006634950637817383,953.0
0.006634950637817383,1025.0
0.006634950637817383,981.0
0.006634950637817383,996.0
0.006634950637817383,961.0
0.006634950637817383,996.0
0.006634950637817383,981.0
0.006634950637817383,1025.0
0.006634950637817383,985.0
0.006634950637817383,977.0
0.006634950637817383,985.0
0.006634950637817383,1025.0
0.006634950637817383,979.0
0.006634950637817383,918.0
0.006634950637817383,964.0
0.006634950637817383,956.0
0.006634950637817383,964.0
0.006634950637817383,1025.0
0.006634950637817383,1017.0
0.006634950637817383,1025.0
0.006634950637817383,979.0
0.006634950637817383,939.0
0.006634950637817383,979.0
0.006634950637817383,944.0
0.006634950637817383,990.0
0.006634950637817383,1005.0
0.006634950637817383,997.0
0.006634950637817383,1005.0
0.006634950637817383,997.0
0.006634950637817383,1005.0
0.006634950637817383,990.0
0.006634950637817383,1019.0
0.006634950637817383,1011.0
0.006634950637817383,982.0
0.006634950637817383,997.0
0.006634950637817383,982.0
0.006634950637817383,1017.0
0.006634950637817383,982.0
0.006634950637817383,1017.0
0.006634950637817383,954.0
0.006634950637817383,962.0
0.006634950637817383,1025.0
0.006634950637817383,1017.0
0.006634950637817383,977.0
0.006634950637817383,985.0
0.006634950637817383,1014.0
0.006634950637817383,1006.0
0.006634950637817383,1014.0
0.006634950637817383,979.0
0.006634950637817383,1019.0
0.006634950637817383,1011.0
0.006634950637817383,1019.0
0.006634950637817383,942.0
0.006634950637817383,1019.0
0.006634950637817383,1011.0
0.006634950637817383,982.0
0.006634950637817383,997.0
0.006634950637817383,1005.0
0.006634950637817383,997.0
0.006634950637817383,982.0
0.006634950637817383,942.0
0.006634950637817383,957.0
0.006634950637817383,997.0
0.006634950637817383,1005.0
0.006634950637817383,997.0
0.006634950637817383,1005.0
0.006634950637817383,990.0
0.006634950637817383,1019.0
0.006634950637817383,1011.0
0.006634950637817383,1019.0
0.006634950637817383,1011.0
0.006634950637817383,1019.0
0.006634950637817383,990.0
0.006634950637817383,982.0
0.006634950637817383,999.0
0.006634950637817383,982.0
0.006634950637817383,997.0
0.006634950637817383,1005.0
0.006634950637817383,997.0
0.006634950637817383,1005.0
0.006634950637817383,990.0
0.006634950637817383,1019.0
0.006634950637817383,1011.0
0.006634950637817383,1019.0
0.006634950637817383,1011.0
0.006634950637817383,1019.0
0.006634950637817383,1011.0
0.006634950637817383,1019.0
0.006634950637817383,990.0
0.006634950637817383,1005.0
0.006634950637817383,990.0
0.006634950637817383,1025.0
0.006634950637817383,1017.0
0.006634950637817383,1025.0
0.006634950637817383,985.0
0.006634950637817383,1025.0
0.006634950637817383,1017.0
0.006634950637817383,1025.0
0.006634950637817383,1017.0
0.006634950637817383,1025.0
0.006634950637817383,1017.0
0.006634950637817383,1025.0
0.006634950637817383,1017.0
0.006634950637817383,1025.0
0.006634950637817383,1017.0
0.006634950637817383,1025.0
0.006634950637817383,1017.0
0.006634950637817383,1025.0
0.006634950637817383,1017.0
0.006634950637817383,1025.0
0.006634950637817383,1017.0
0.006634950637817383,1025.0
0.006634950637817383,1017.0
0.006634950637817383,1025.0
