0.0,910.0
0.0,870.0
0.0,795.0
0.0,718.0
0.0,795.0
0.0,870.0
0.0,792.0
0.0,737.0
0.0,660.0
0.0,737.0
0.0,781.0
0.0,737.0
0.0,647.0
0.0,570.0
0.0,495.0
0.0,572.0
0.0,511.0
0.0,586.0
0.0,540.0
0.0,511.0
0.0,551.0
0.0,580.0
0.0,635.0
0.0,696.0
0.0,740.0
0.0,705.0
0.0,751.0
0.0,676.0
0.0,630.0
0.0,708.0
0.0,783.0
0.0,858.0
0.0,780.0
0.0,725.0
0.0,742.0
0.0,727.0
0.0,767.0
0.0,750.0
0.0,710.0
0.0,670.0
0.0,748.0
0.0,673.0
0.0,713.0
0.0,759.0
0.0,814.0
0.0,753.0
0.0,828.0
0.0,751.0
0.0,768.0
0.0,858.0
0.0,783.0
0.0,844.0
0.0,827.0
0.0,787.0
0.0,724.0
0.0,787.0
0.0,741.0
0.0,650.0
0.0,690.0
0.0,781.0
0.0,796.0
0.0,873.0
0.0,913.0
0.0,835.0
0.0,760.0
0.0,752.0
0.0,798.0
0.0,708.0
0.0,653.0
0.0,708.0
0.0,617.0
0.0,577.0
0.0,594.0
0.0,522.0
0.0,507.0
0.0,598.0
0.0,543.0
0.0,468.0
0.0,523.0
0.0,598.0
0.0,507.0
0.0,522.0
0.0,445.0
0.0,522.0
0.0,594.0
0.0,539.0
0.0,614.0
0.0,599.0
0.0,553.0
0.0,490.0
0.0,568.0
0.0,614.0
0.0,568.0
0.0,659.0
0.0,705.0
0.0,720.0
0.0,645.0
0.0,584.0
0.0,540.0
0.0,601.0
0.0,526.0
0.0,561.0
0.0,636.0
0.0,621.0
0.0,696.0
0.0,704.0
0.0,629.0
0.0,568.0
0.0,477.0
0.0,469.0
0.0,544.0
0.0,469.0
0.0,391.0
0.0,374.0
0.0,328.0
0.0,251.0
0.0,342.0
0.0,267.0
0.0,342.0
0.0,357.0
0.0,328.0
0.0,406.0
0.0,371.0
0.0,411.0
0.0,501.0
0.0,576.0
0.0,631.0
0.0,677.0
0.0,706.0
0.0,660.0
0.0,668.0
0.0,628.0
0.0,672.0
0.0,600.0
0.0,510.0
0.0,550.0
0.0,613.0
0.0,569.0
0.0,641.0
0.0,578.0
0.0,655.0
0.0,730.0
0.0,776.0
0.0,793.0
0.0,718.0
0.0,689.0
0.0,611.0
0.0,565.0
0.0,611.0
0.0,536.0
0.0,614.0
0.0,523.0
0.0,508.0
0.0,468.0
0.0,531.0
0.0,514.0
0.0,459.0
0.0,494.0
0.0,431.0
0.0,354.0
0.0,431.0
0.0,446.0
0.0,406.0
0.0,481.0
0.0,536.0
0.0,490.0
0.0,412.0
0.0,335.0
0.0,260.0
0.0,338.0
0.0,429.0
0.0,504.0
0.0,469.0
0.0,509.0
0.0,494.0
0.0,523.0
0.0,600.0
0.0,528.0
0.0,545.0
0.0,585.0
0.0,494.0
0.0,454.0
0.0,437.0
0.0,362.0
0.0,406.0
0.0,329.0
0.0,300.0
0.0,335.0
0.0,327.0
0.0,390.0
0.0,419.0
0.0,496.0
0.0,557.0
0.0,597.0
0.0,557.0
0.0,632.0
0.0,704.0
0.0,629.0
0.0,704.0
0.0,750.0
0.0,678.0
0.0,634.0
0.0,605.0
0.0,527.0
0.0,466.0
0.0,527.0
0.0,492.0
0.0,507.0
0.0,551.0
0.0,507.0
0.0,430.0
0.0,390.0
0.0,462.0
0.0,502.0
0.0,592.0
0.0,683.0
0.0,712.0
0.0,697.0
0.0,651.0
0.0,596.0
0.0,671.0
0.0,679.0
0.0,757.0
0.0,774.0
0.0,829.0
0.0,754.0
0.0,663.0
0.0,591.0
0.0,516.0
0.0,499.0
0.0,574.0
0.0,665.0
0.0,657.0
0.0,582.0
0.0,521.0
0.0,481.0
0.0,556.0
0.0,596.0
0.0,567.0
0.0,492.0
0.0,417.0
0.0,478.0
0.0,415.0
0.0,455.0
0.0,530.0
0.0,538.0
0.0,555.0
0.0,630.0
0.0,613.0
0.0,657.0
0.0,579.0
0.0,524.0
0.0,602.0
0.0,648.0
0.0,587.0
0.0,650.0
0.0,667.0
0.0,604.0
0.0,619.0
0.0,573.0
0.0,619.0
0.0,579.0
0.0,571.0
0.0,643.0
0.0,568.0
0.0,478.0
0.0,507.0
0.0,584.0
0.0,506.0
0.0,514.0
0.0,423.0
0.0,346.0
0.0,302.0
0.0,380.0
0.0,308.0
0.0,233.0
0.0,155.0
0.0,138.0
0.0,98.0
0.0,161.0
0.0,153.0
0.0,107.0
0.0,197.0
0.0,182.0
0.0,259.0
0.0,337.0
0.0,354.0
0.0,400.0
0.0,475.0
0.0,429.0
0.0,464.0
0.0,472.0
0.0,443.0
0.0,487.0
0.0,516.0
0.0,588.0
0.0,544.0
0.0,584.0
0.0,639.0
0.0,561.0
0.0,639.0
0.0,714.0
0.0,674.0
0.0,645.0
0.0,628.0
0.0,551.0
0.0,568.0
0.0,513.0
0.0,441.0
0.0,487.0
0.0,502.0
0.0,427.0
0.0,349.0
0.0,332.0
0.0,410.0
0.0,450.0
0.0,404.0
0.0,341.0
0.0,301.0
0.0,293.0
0.0,356.0
0.0,293.0
0.0,370.0
0.0,355.0
0.0,370.0
0.0,414.0
0.0,469.0
0.0,530.0
0.0,452.0
0.0,481.0
0.0,556.0
0.0,628.0
0.0,567.0
0.0,607.0
0.0,578.0
0.0,639.0
0.0,564.0
0.0,487.0
0.0,447.0
0.0,432.0
0.0,510.0
0.0,550.0
0.0,625.0
0.0,700.0
0.0,791.0
0.0,831.0
0.0,908.0
0.0,916.0
0.0009965896606445312,825.0
0.0009965896606445312,785.0
0.0009965896606445312,777.0
0.0009965896606445312,705.0
0.0009965896606445312,615.0
0.0009965896606445312,571.0
0.0009965896606445312,661.0
0.0009965896606445312,705.0
0.0009965896606445312,630.0
0.0009965896606445312,586.0
0.0009965896606445312,603.0
0.0009965896606445312,647.0
0.0009965896606445312,693.0
0.0009965896606445312,676.0
0.0009965896606445312,691.0
0.0009965896606445312,708.0
0.0009965896606445312,799.0
0.0009965896606445312,764.0
0.0009965896606445312,749.0
0.0009965896606445312,694.0
0.0009965896606445312,619.0
0.0009965896606445312,602.0
0.0009965896606445312,642.0
0.0009965896606445312,567.0
0.0009965896606445312,489.0
0.0009965896606445312,564.0
0.0009965896606445312,503.0
0.0009965896606445312,558.0
0.0009965896606445312,512.0
0.0009965896606445312,573.0
0.0009965896606445312,590.0
0.0009965896606445312,513.0
0.0009965896606445312,588.0
0.0009965896606445312,596.0
0.0009965896606445312,556.0
0.0009965896606445312,501.0
0.0009965896606445312,579.0
0.0009965896606445312,504.0
0.0009965896606445312,414.0
0.0009965896606445312,486.0
0.0009965896606445312,526.0
0.0009965896606445312,435.0
0.0009965896606445312,374.0
0.0009965896606445312,302.0
0.0009965896606445312,374.0
0.0009965896606445312,464.0
0.0009965896606445312,447.0
0.0009965896606445312,439.0
0.0009965896606445312,361.0
0.0009965896606445312,289.0
0.0009965896606445312,214.0
0.0009965896606445312,292.0
0.0009965896606445312,367.0
0.0009965896606445312,422.0
0.0009965896606445312,497.0
0.0009965896606445312,532.0
0.0009965896606445312,492.0
0.0009965896606445312,532.0
0.0009965896606445312,457.0
0.0009965896606445312,474.0
0.0009965896606445312,439.0
0.0009965896606445312,361.0
0.0009965896606445312,436.0
0.0009965896606445312,497.0
0.0009965896606445312,575.0
0.0009965896606445312,535.0
0.0009965896606445312,518.0
0.0009965896606445312,609.0
0.0009965896606445312,672.0
0.0009965896606445312,609.0
0.0009965896606445312,626.0
0.0009965896606445312,698.0
0.0009965896606445312,733.0
0.0009965896606445312,689.0
0.0009965896606445312,599.0
0.0009965896606445312,544.0
0.0009965896606445312,559.0
0.0009965896606445312,636.0
0.0009965896606445312,564.0
0.0009965896606445312,487.0
0.0009965896606445312,550.0
0.0009965896606445312,472.0
0.0009965896606445312,512.0
0.0009965896606445312,451.0
0.0009965896606445312,528.0
0.0009965896606445312,606.0
0.0009965896606445312,635.0
0.0009965896606445312,558.0
0.0009965896606445312,495.0
0.0009965896606445312,503.0
0.0009965896606445312,593.0
0.0009965896606445312,585.0
0.0009965896606445312,629.0
0.0009965896606445312,600.0
0.0009965896606445312,663.0
0.0009965896606445312,646.0
0.0009965896606445312,556.0
0.0009965896606445312,521.0
0.0009965896606445312,611.0
0.0009965896606445312,657.0
0.0009965896606445312,579.0
0.0009965896606445312,596.0
0.0009965896606445312,533.0
0.0009965896606445312,493.0
0.0009965896606445312,533.0
0.0009965896606445312,493.0
0.0009965896606445312,568.0
0.0009965896606445312,640.0
0.0009965896606445312,550.0
0.0009965896606445312,605.0
0.0009965896606445312,695.0
0.0009965896606445312,678.0
0.0009965896606445312,623.0
0.0009965896606445312,652.0
0.0009965896606445312,562.0
0.0009965896606445312,570.0
0.0009965896606445312,562.0
0.0009965896606445312,533.0
0.0009965896606445312,493.0
0.0009965896606445312,418.0
0.0009965896606445312,479.0
0.0009965896606445312,496.0
0.0009965896606445312,531.0
0.0009965896606445312,456.0
0.0009965896606445312,546.0
0.0009965896606445312,575.0
0.0009965896606445312,652.0
0.0009965896606445312,692.0
0.0009965896606445312,617.0
0.0009965896606445312,695.0
0.0009965896606445312,750.0
0.0009965896606445312,733.0
0.0009965896606445312,689.0
0.0009965896606445312,634.0
0.0009965896606445312,697.0
0.0009965896606445312,662.0
0.0009965896606445312,572.0
0.0009965896606445312,557.0
0.0009965896606445312,517.0
0.0009965896606445312,439.0
0.0009965896606445312,494.0
0.0009965896606445312,417.0
0.0009965896606445312,457.0
0.0009965896606445312,535.0
0.0009965896606445312,489.0
0.0009965896606445312,417.0
0.0009965896606445312,388.0
0.0009965896606445312,405.0
0.0009965896606445312,344.0
0.0009965896606445312,390.0
0.0009965896606445312,465.0
0.0009965896606445312,555.0
0.0009965896606445312,599.0
0.0009965896606445312,544.0
0.0009965896606445312,466.0
0.0009965896606445312,420.0
0.0009965896606445312,498.0
0.0009965896606445312,407.0
0.0009965896606445312,332.0
0.0009965896606445312,340.0
0.0009965896606445312,262.0
0.0009965896606445312,302.0
0.0009965896606445312,380.0
0.0009965896606445312,336.0
0.0009965896606445312,382.0
0.0009965896606445312,365.0
0.0009965896606445312,382.0
0.0009965896606445312,336.0
0.0009965896606445312,413.0
0.0009965896606445312,373.0
0.0009965896606445312,356.0
0.0009965896606445312,266.0
0.0009965896606445312,281.0
0.0009965896606445312,316.0
0.0009965896606445312,345.0
0.0009965896606445312,268.0
0.0009965896606445312,233.0
0.0009965896606445312,218.0
0.0009965896606445312,233.0
0.0009965896606445312,193.0
0.0009965896606445312,254.0
0.0009965896606445312,271.0
0.0009965896606445312,208.0
0.0009965896606445312,130.0
0.0009965896606445312,174.0
0.0009965896606445312,166.0
0.0009965896606445312,257.0
0.0009965896606445312,240.0
0.0009965896606445312,295.0
0.0009965896606445312,234.0
0.0009965896606445312,306.0
0.0009965896606445312,396.0
0.0009965896606445312,324.0
0.0009965896606445312,332.0
0.0009965896606445312,349.0
0.0009965896606445312,320.0
0.0009965896606445312,395.0
0.0009965896606445312,387.0
0.0009965896606445312,464.0
0.0009965896606445312,527.0
0.0009965896606445312,464.0
0.0009965896606445312,542.0
0.0009965896606445312,617.0
0.0009965896606445312,542.0
0.0009965896606445312,617.0
0.0009965896606445312,526.0
0.0009965896606445312,509.0
0.0009965896606445312,526.0
0.0009965896606445312,566.0
0.0009965896606445312,551.0
0.0009965896606445312,614.0
0.0009965896606445312,686.0
0.0009965896606445312,747.0
0.0009965896606445312,692.0
0.0009965896606445312,738.0
0.0009965896606445312,773.0
0.0009965896606445312,695.0
0.0009965896606445312,735.0
0.0009965896606445312,695.0
0.0009965896606445312,632.0
0.0009965896606445312,615.0
0.0009965896606445312,623.0
0.0009965896606445312,701.0
0.0009965896606445312,741.0
0.0009965896606445312,669.0
0.0009965896606445312,594.0
0.0009965896606445312,669.0
0.0009965896606445312,594.0
0.0009965896606445312,649.0
0.0009965896606445312,605.0
0.0009965896606445312,680.0
0.0009965896606445312,752.0
0.0009965896606445312,697.0
0.0009965896606445312,772.0
0.0009965896606445312,695.0
0.0009965896606445312,710.0
0.0009965896606445312,635.0
0.0009965896606445312,563.0
0.0009965896606445312,502.0
0.0009965896606445312,579.0
0.0009965896606445312,670.0
0.0009965896606445312,655.0
0.0009965896606445312,710.0
0.0009965896606445312,785.0
0.0009965896606445312,802.0
0.0009965896606445312,727.0
0.0009965896606445312,637.0
0.0009965896606445312,700.0
0.0009965896606445312,625.0
0.0009965896606445312,697.0
0.0009965896606445312,619.0
0.0009965896606445312,694.0
0.0009965896606445312,659.0
0.0009965896606445312,651.0
0.0009965896606445312,605.0
0.0009965896606445312,640.0
0.0009965896606445312,686.0
0.0009965896606445312,651.0
0.0009965896606445312,726.0
0.0009965896606445312,761.0
0.0009965896606445312,706.0
0.0009965896606445312,666.0
0.0009965896606445312,591.0
0.0009965896606445312,514.0
0.0009965896606445312,423.0
0.0009965896606445312,360.0
0.0009965896606445312,343.0
0.0009965896606445312,387.0
0.0009965896606445312,462.0
0.0009965896606445312,427.0
0.0009965896606445312,462.0
0.0009965896606445312,479.0
0.0009965896606445312,439.0
0.0009965896606445312,364.0
0.0009965896606445312,289.0
0.0009965896606445312,217.0
0.0009965896606445312,257.0
0.0009965896606445312,217.0
0.0009965896606445312,295.0
0.0009965896606445312,370.0
0.0009965896606445312,461.0
0.0009965896606445312,444.0
0.0009965896606445312,452.0
0.0009965896606445312,492.0
0.0009965896606445312,452.0
0.0009965896606445312,377.0
0.0009965896606445312,331.0
0.0009965896606445312,323.0
0.0009965896606445312,338.0
0.0009965896606445312,399.0
0.0009965896606445312,407.0
0.0009965896606445312,482.0
0.0009965896606445312,522.0
0.0009965896606445312,487.0
0.0009965896606445312,412.0
0.0009965896606445312,487.0
0.0009965896606445312,533.0
0.0009965896606445312,518.0
0.0009965896606445312,593.0
0.0009965896606445312,633.0
0.0009965896606445312,650.0
0.0009965896606445312,685.0
0.0009965896606445312,610.0
0.0009965896606445312,575.0
0.0009965896606445312,590.0
0.0009965896606445312,665.0
0.0009965896606445312,590.0
0.0009965896606445312,546.0
0.0009965896606445312,575.0
0.0009965896606445312,652.0
0.0009965896606445312,561.0
0.0009965896606445312,486.0
0.0009965896606445312,446.0
0.0009965896606445312,417.0
0.0009965896606445312,400.0
0.0009965896606445312,354.0
0.0009965896606445312,276.0
0.0009965896606445312,351.0
0.0009965896606445312,336.0
0.0009965896606445312,391.0
0.0009965896606445312,481.0
0.0009965896606445312,496.0
0.0009965896606445312,419.0
0.0009965896606445312,465.0
0.0009965896606445312,457.0
0.0009965896606445312,367.0
0.0009965896606445312,352.0
0.0009965896606445312,277.0
0.0009965896606445312,340.0
0.0009965896606445312,415.0
0.0009965896606445312,459.0
0.0009965896606445312,476.0
0.0009965896606445312,413.0
0.0009965896606445312,476.0
0.0009965896606445312,554.0
0.0009965896606445312,644.0
0.0009965896606445312,604.0
0.0009965896606445312,644.0
0.0009965896606445312,735.0
0.0009965896606445312,775.0
0.0009965896606445312,720.0
0.0009965896606445312,674.0
0.0009965896606445312,720.0
0.0009965896606445312,630.0
0.0009965896606445312,590.0
0.0009965896606445312,544.0
0.0009965896606445312,527.0
0.0009965896606445312,582.0
0.0009965896606445312,597.0
0.0009965896606445312,553.0
0.0009965896606445312,570.0
0.0009965896606445312,647.0
0.0009965896606445312,676.0
0.0009965896606445312,751.0
0.0009965896606445312,736.0
0.0009965896606445312,681.0
0.0009965896606445312,771.0
0.0009965896606445312,708.0
0.0009965896606445312,691.0
0.0009965896606445312,726.0
0.0009965896606445312,649.0
0.0009965896606445312,726.0
0.0009965896606445312,649.0
0.0009965896606445312,609.0
0.0009965896606445312,649.0
0.0009965896606445312,664.0
0.0009965896606445312,574.0
0.0009965896606445312,620.0
0.0009965896606445312,605.0
0.0009965896606445312,682.0
0.0009965896606445312,636.0
0.0009965896606445312,680.0
0.0009965896606445312,726.0
0.0009965896606445312,789.0
0.0009965896606445312,745.0
0.0009965896606445312,789.0
0.0009965896606445312,844.0
0.0009965896606445312,766.0
0.0009965896606445312,726.0
0.0009965896606445312,741.0
0.0009965896606445312,695.0
0.0009965896606445312,640.0
0.0009965896606445312,565.0
0.0009965896606445312,582.0
0.0009965896606445312,672.0
0.0009965896606445312,611.0
0.0009965896606445312,534.0
0.0009965896606445312,609.0
0.0009965896606445312,518.0
0.0009965896606445312,579.0
0.0009965896606445312,657.0
0.0009965896606445312,665.0
0.0009965896606445312,621.0
0.0009965896606445312,543.0
0.0009965896606445312,526.0
0.0009965896606445312,451.0
0.0009965896606445312,495.0
0.0009965896606445312,480.0
0.0009965896606445312,405.0
0.0009965896606445312,344.0
0.0009965896606445312,269.0
0.0009965896606445312,344.0
0.0009965896606445312,384.0
0.0009965896606445312,309.0
0.0009965896606445312,370.0
0.0009965896606445312,425.0
0.0009965896606445312,417.0
0.0009965896606445312,495.0
0.0009965896606445312,541.0
0.0009965896606445312,613.0
0.0009965896606445312,621.0
0.0009965896606445312,613.0
0.0009965896606445312,688.0
0.0009965896606445312,627.0
0.0009965896606445312,587.0
0.0009965896606445312,497.0
0.0009965896606445312,453.0
0.0009965896606445312,543.0
0.0009965896606445312,618.0
0.0009965896606445312,528.0
0.0009965896606445312,589.0
0.0009965896606445312,543.0
0.0009965896606445312,558.0
0.0009965896606445312,497.0
0.0009965896606445312,468.0
0.0009965896606445312,508.0
0.0009965896606445312,516.0
0.0009965896606445312,545.0
0.0009965896606445312,530.0
0.0009965896606445312,621.0
0.0009965896606445312,586.0
0.0009965896606445312,546.0
0.0009965896606445312,581.0
0.0009965896606445312,573.0
0.0009965896606445312,588.0
0.0009965896606445312,513.0
0.0009965896606445312,590.0
0.0009965896606445312,527.0
0.0009965896606445312,588.0
0.0009965896606445312,533.0
0.0009965896606445312,588.0
0.0009965896606445312,628.0
0.0009965896606445312,613.0
0.0009965896606445312,703.0
0.0009965896606445312,778.0
0.0009965896606445312,853.0
0.0009965896606445312,778.0
0.0009965896606445312,749.0
0.0009965896606445312,812.0
0.0009965896606445312,757.0
0.0009965896606445312,801.0
0.0009965896606445312,816.0
0.0009965896606445312,741.0
0.0009965896606445312,663.0
0.0009965896606445312,586.0
0.0009965896606445312,525.0
0.0009965896606445312,510.0
0.0009965896606445312,419.0
0.0009965896606445312,347.0
0.0009965896606445312,272.0
0.0009965896606445312,287.0
0.0009965896606445312,362.0
0.0009965896606445312,322.0
0.0009965896606445312,287.0
0.0009965896606445312,327.0
0.0009965896606445312,402.0
0.0009965896606445312,474.0
0.0009965896606445312,491.0
0.0009965896606445312,546.0
0.0009965896606445312,581.0
0.0009965896606445312,564.0
0.0009965896606445312,593.0
0.0009965896606445312,684.0
0.0009965896606445312,594.0
0.0009965896606445312,531.0
0.0009965896606445312,502.0
0.0009965896606445312,462.0
0.0009965896606445312,540.0
0.0009965896606445312,465.0
0.0009965896606445312,450.0
0.0009965896606445312,513.0
0.0009965896606445312,458.0
0.0009965896606445312,548.0
0.0009965896606445312,577.0
0.0009965896606445312,638.0
0.0009965896606445312,577.0
0.0009965896606445312,594.0
0.0009965896606445312,531.0
0.0009965896606445312,456.0
0.0009965896606445312,531.0
0.0009965896606445312,441.0
0.0009965896606445312,350.0
0.0009965896606445312,321.0
0.0009965896606445312,398.0
0.0009965896606445312,413.0
0.0009965896606445312,476.0
0.0009965896606445312,567.0
0.0009965896606445312,490.0
0.0009965896606445312,551.0
0.0009965896606445312,473.0
0.0009965896606445312,551.0
0.0009965896606445312,591.0
0.0009965896606445312,528.0
0.0009965896606445312,437.0
0.0009965896606445312,500.0
0.0009965896606445312,456.0
0.0009965896606445312,464.0
0.0009965896606445312,456.0
0.0009965896606445312,393.0
0.0009965896606445312,358.0
0.0009965896606445312,366.0
0.0009965896606445312,443.0
0.0009965896606445312,533.0
0.0009965896606445312,608.0
0.0009965896606445312,568.0
0.0009965896606445312,491.0
0.0009965896606445312,401.0
0.0009965896606445312,384.0
0.0009965896606445312,323.0
0.0009965896606445312,384.0
0.0009965896606445312,413.0
0.0009965896606445312,430.0
0.0009965896606445312,422.0
0.0009965896606445312,485.0
0.0009965896606445312,468.0
0.0009965896606445312,558.0
0.0009965896606445312,598.0
0.0009965896606445312,642.0
0.0009965896606445312,567.0
0.0009965896606445312,552.0
0.0009965896606445312,592.0
0.0009965896606445312,552.0
0.0009965896606445312,474.0
0.0009965896606445312,514.0
0.0009965896606445312,439.0
0.0009965896606445312,456.0
0.0009965896606445312,393.0
0.0009965896606445312,349.0
0.0009965896606445312,384.0
0.0009965896606445312,439.0
0.0009965896606445312,422.0
0.0009965896606445312,497.0
0.0009965896606445312,572.0
0.0009965896606445312,543.0
0.0009965896606445312,488.0
0.0009965896606445312,503.0
0.0009965896606445312,463.0
0.0009965896606445312,423.0
0.0009965896606445312,514.0
0.0009965896606445312,577.0
0.0009965896606445312,621.0
0.0009965896606445312,586.0
0.0009965896606445312,511.0
0.0009965896606445312,439.0
0.0009965896606445312,479.0
0.0009965896606445312,556.0
0.0009965896606445312,591.0
0.0009965896606445312,620.0
0.0009965896606445312,576.0
0.0009965896606445312,561.0
0.0009965896606445312,601.0
0.0009965896606445312,561.0
0.0009965896606445312,578.0
0.0009965896606445312,517.0
0.0009965896606445312,454.0
0.0009965896606445312,462.0
0.0009965896606445312,445.0
0.0009965896606445312,489.0
0.0009965896606445312,535.0
0.0009965896606445312,596.0
0.0009965896606445312,561.0
0.0009965896606445312,471.0
0.0009965896606445312,561.0
0.0009965896606445312,521.0
0.0009965896606445312,477.0
0.0009965896606445312,549.0
0.0009965896606445312,624.0
0.0009965896606445312,563.0
0.0009965896606445312,578.0
0.0009965896606445312,656.0
0.0009965896606445312,717.0
0.0009965896606445312,671.0
0.0009965896606445312,581.0
0.0009965896606445312,566.0
0.0009965896606445312,610.0
0.0009965896606445312,627.0
0.0009965896606445312,667.0
0.0009965896606445312,702.0
0.0009965896606445312,658.0
0.0009965896606445312,641.0
0.0009965896606445312,696.0
0.0009965896606445312,688.0
0.0009965896606445312,627.0
0.0009965896606445312,667.0
0.0009965896606445312,684.0
0.0009965896606445312,745.0
0.0009965896606445312,670.0
0.0009965896606445312,609.0
0.0009965896606445312,653.0
0.0009965896606445312,728.0
0.0009965896606445312,789.0
0.0009965896606445312,734.0
0.0009965896606445312,705.0
0.0009965896606445312,661.0
0.0009965896606445312,626.0
0.0009965896606445312,655.0
0.0009965896606445312,615.0
0.0009965896606445312,540.0
0.0009965896606445312,500.0
0.0009965896606445312,563.0
0.0009965896606445312,472.0
0.0009965896606445312,443.0
0.0009965896606445312,366.0
0.0009965896606445312,303.0
0.0009965896606445312,332.0
0.0009965896606445312,367.0
0.0009965896606445312,407.0
0.0009965896606445312,482.0
0.0009965896606445312,526.0
0.0009965896606445312,486.0
0.0009965896606445312,549.0
0.0009965896606445312,477.0
0.0009965896606445312,549.0
0.0009965896606445312,639.0
0.0009965896606445312,549.0
0.0009965896606445312,505.0
0.0009965896606445312,430.0
0.0009965896606445312,507.0
0.0009965896606445312,597.0
0.0009965896606445312,580.0
0.0009965896606445312,551.0
0.0009965896606445312,642.0
0.0009965896606445312,564.0
0.0009965896606445312,529.0
0.0009965896606445312,569.0
0.0009965896606445312,529.0
0.0009965896606445312,468.0
0.0009965896606445312,497.0
0.0009965896606445312,532.0
0.0009965896606445312,441.0
0.0009965896606445312,351.0
0.0009965896606445312,274.0
0.0009965896606445312,211.0
0.0009965896606445312,226.0
0.0009965896606445312,303.0
0.0009965896606445312,378.0
0.0009965896606445312,343.0
0.0009965896606445312,404.0
0.0009965896606445312,332.0
0.0009965896606445312,372.0
0.0009965896606445312,380.0
0.0009965896606445312,420.0
0.0009965896606445312,437.0
0.0009965896606445312,362.0
0.0009965896606445312,347.0
0.0009965896606445312,391.0
0.0009965896606445312,466.0
0.0009965896606445312,458.0
0.0009965896606445312,513.0
0.0009965896606445312,469.0
0.0009965896606445312,541.0
0.0009965896606445312,587.0
0.0009965896606445312,678.0
0.0009965896606445312,713.0
0.0009965896606445312,638.0
0.0009965896606445312,566.0
0.0009965896606445312,581.0
0.0009965896606445312,520.0
0.0009965896606445312,445.0
0.0009965896606445312,520.0
0.0009965896606445312,583.0
0.0009965896606445312,627.0
0.0009965896606445312,572.0
0.0009965896606445312,662.0
0.0009965896606445312,723.0
0.0009965896606445312,778.0
0.0009965896606445312,761.0
0.0009965896606445312,839.0
0.0009965896606445312,799.0
0.0009965896606445312,874.0
0.0009965896606445312,799.0
0.0009965896606445312,736.0
0.0009965896606445312,707.0
0.0009965896606445312,667.0
0.0009965896606445312,742.0
0.0009965896606445312,651.0
0.0009965896606445312,680.0
0.0009965896606445312,619.0
0.0009965896606445312,659.0
0.0009965896606445312,582.0
0.0009965896606445312,590.0
0.0009965896606445312,667.0
0.0009965896606445312,707.0
0.0009965896606445312,617.0
0.0009965896606445312,609.0
0.0009965896606445312,681.0
0.0009965896606445312,604.0
0.0009965896606445312,589.0
0.0009965896606445312,604.0
0.0009965896606445312,569.0
0.0009965896606445312,491.0
0.0009965896606445312,445.0
0.0009965896606445312,390.0
0.0009965896606445312,350.0
0.0009965896606445312,396.0
0.0009965896606445312,436.0
0.0009965896606445312,407.0
0.0009965896606445312,335.0
0.0009965896606445312,426.0
0.0009965896606445312,335.0
0.0009965896606445312,370.0
0.0009965896606445312,387.0
0.0009965896606445312,448.0
0.0009965896606445312,538.0
0.0009965896606445312,593.0
0.0009965896606445312,538.0
0.0009965896606445312,463.0
0.0009965896606445312,538.0
0.0009965896606445312,616.0
0.0009965896606445312,601.0
0.0009965896606445312,678.0
0.0009965896606445312,638.0
0.0009965896606445312,678.0
0.0009965896606445312,634.0
0.0009965896606445312,663.0
0.0009965896606445312,671.0
0.0009965896606445312,631.0
0.0009965896606445312,556.0
0.0009965896606445312,548.0
0.0009965896606445312,502.0
0.0009965896606445312,577.0
0.0009965896606445312,621.0
0.0009965896606445312,586.0
0.0009965896606445312,626.0
0.0009965896606445312,698.0
0.0009965896606445312,681.0
0.0009965896606445312,744.0
0.0009965896606445312,681.0
0.0009965896606445312,736.0
0.0009965896606445312,782.0
0.0009965896606445312,857.0
0.0009965896606445312,782.0
0.0009965896606445312,692.0
0.0009965896606445312,767.0
0.0009965896606445312,706.0
0.0009965896606445312,797.0
0.0009965896606445312,722.0
0.0009965896606445312,667.0
0.0009965896606445312,675.0
0.0009965896606445312,597.0
0.0009965896606445312,687.0
0.0009965896606445312,612.0
0.0009965896606445312,572.0
0.0009965896606445312,495.0
0.0009965896606445312,510.0
0.0009965896606445312,527.0
0.0009965896606445312,567.0
0.0009965896606445312,552.0
0.0009965896606445312,607.0
0.0009965896606445312,561.0
0.0009965896606445312,636.0
0.0009965896606445312,546.0
0.0009965896606445312,636.0
0.0009965896606445312,699.0
0.0009965896606445312,670.0
0.0009965896606445312,626.0
0.0009965896606445312,641.0
0.0009965896606445312,569.0
0.0009965896606445312,494.0
0.0009965896606445312,540.0
0.0009965896606445312,494.0
0.0009965896606445312,569.0
0.0009965896606445312,644.0
0.0009965896606445312,627.0
0.0009965896606445312,673.0
0.0009965896606445312,708.0
0.0009965896606445312,700.0
0.0009965896606445312,645.0
0.0009965896606445312,630.0
0.0009965896606445312,590.0
0.0009965896606445312,634.0
0.0009965896606445312,706.0
0.0009965896606445312,631.0
0.0009965896606445312,639.0
0.0009965896606445312,548.0
0.0009965896606445312,458.0
0.0009965896606445312,549.0
0.0009965896606445312,458.0
0.0009965896606445312,533.0
0.0009965896606445312,487.0
0.0009965896606445312,504.0
0.0009965896606445312,565.0
0.0009965896606445312,490.0
0.0009965896606445312,505.0
0.0009965896606445312,488.0
0.0009965896606445312,563.0
0.0009965896606445312,641.0
0.0009965896606445312,563.0
0.0009965896606445312,519.0
0.0009965896606445312,504.0
0.0009965896606445312,559.0
0.0009965896606445312,649.0
0.0009965896606445312,574.0
0.0009965896606445312,566.0
0.0009965896606445312,491.0
0.0009965896606445312,419.0
0.0009965896606445312,448.0
0.0009965896606445312,408.0
0.0009965896606445312,483.0
0.0009965896606445312,448.0
0.0009965896606445312,525.0
0.0009965896606445312,569.0
0.0009965896606445312,494.0
0.0009965896606445312,569.0
0.0009965896606445312,660.0
0.0009965896606445312,599.0
0.0009965896606445312,639.0
0.0009965896606445312,654.0
0.0009965896606445312,729.0
0.0009965896606445312,790.0
0.0009965896606445312,862.0
0.0009965896606445312,807.0
0.0009965896606445312,763.0
0.0009965896606445312,688.0
0.0009965896606445312,763.0
0.0009965896606445312,734.0
0.0009965896606445312,694.0
0.0009965896606445312,604.0
0.0009965896606445312,543.0
0.0009965896606445312,633.0
0.0009965896606445312,641.0
0.0009965896606445312,676.0
0.0009965896606445312,754.0
0.0009965896606445312,676.0
0.0009965896606445312,661.0
0.0009965896606445312,598.0
0.0009965896606445312,563.0
0.0009965896606445312,486.0
0.0009965896606445312,526.0
0.0009965896606445312,566.0
0.0009965896606445312,491.0
0.0009965896606445312,416.0
0.0009965896606445312,445.0
0.0009965896606445312,491.0
0.0009965896606445312,451.0
0.0009965896606445312,360.0
0.0009965896606445312,377.0
0.0009965896606445312,440.0
0.0009965896606445312,484.0
0.0009965896606445312,575.0
0.0009965896606445312,636.0
0.0009965896606445312,713.0
0.0009965896606445312,669.0
0.0009965896606445312,709.0
0.0009965896606445312,724.0
0.0009965896606445312,684.0
0.0009965896606445312,594.0
0.0009965896606445312,503.0
0.0009965896606445312,440.0
0.0009965896606445312,530.0
0.0009965896606445312,608.0
0.0009965896606445312,531.0
0.0009965896606445312,606.0
0.0009965896606445312,566.0
0.0009965896606445312,629.0
0.0009965896606445312,669.0
0.0009965896606445312,746.0
0.0009965896606445312,656.0
0.0009965896606445312,641.0
0.0009965896606445312,564.0
0.0009965896606445312,579.0
0.0009965896606445312,614.0
0.0009965896606445312,585.0
0.0009965896606445312,510.0
0.0009965896606445312,539.0
0.0009965896606445312,616.0
0.0009965896606445312,553.0
0.0009965896606445312,507.0
0.0009965896606445312,570.0
0.0009965896606445312,498.0
0.0009965896606445312,570.0
0.0009965896606445312,495.0
0.0009965896606445312,480.0
0.0009965896606445312,463.0
0.0009965896606445312,538.0
0.0009965896606445312,461.0
0.0009965896606445312,551.0
0.0009965896606445312,490.0
0.0009965896606445312,551.0
0.0009965896606445312,543.0
0.0009965896606445312,551.0
0.0009965896606445312,543.0
0.0009965896606445312,618.0
0.0009965896606445312,664.0
0.0009965896606445312,672.0
0.0009965896606445312,626.0
0.0009965896606445312,641.0
0.0009965896606445312,685.0
0.0009965896606445312,776.0
0.0009965896606445312,713.0
0.0009965896606445312,638.0
0.0009965896606445312,713.0
0.0009965896606445312,759.0
0.0009965896606445312,719.0
0.0009965896606445312,774.0
0.0009965896606445312,759.0
0.0009965896606445312,704.0
0.0009965896606445312,632.0
0.0009965896606445312,704.0
0.0009965896606445312,658.0
0.0009965896606445312,623.0
0.0009965896606445312,638.0
0.0009965896606445312,577.0
0.0009965896606445312,502.0
0.0009965896606445312,412.0
0.0009965896606445312,368.0
0.0009965896606445312,296.0
0.0009965896606445312,386.0
0.0009965896606445312,461.0
0.0009965896606445312,383.0
0.0009965896606445312,455.0
0.0009965896606445312,490.0
0.0009965896606445312,545.0
0.0009965896606445312,562.0
0.0009965896606445312,545.0
0.0009965896606445312,589.0
0.0009965896606445312,629.0
0.0009965896606445312,594.0
0.0009965896606445312,579.0
0.0009965896606445312,596.0
0.0009965896606445312,673.0
0.0009965896606445312,582.0
0.0009965896606445312,527.0
0.0009965896606445312,519.0
0.0009965896606445312,594.0
0.0009965896606445312,554.0
0.0009965896606445312,594.0
0.0009965896606445312,522.0
0.0009965896606445312,557.0
0.0009965896606445312,618.0
0.0009965896606445312,633.0
0.0009965896606445312,604.0
0.0009965896606445312,650.0
0.0009965896606445312,741.0
0.0009965896606445312,701.0
0.0009965896606445312,626.0
0.0009965896606445312,666.0
0.0009965896606445312,631.0
0.0009965896606445312,709.0
0.0009965896606445312,764.0
0.0009965896606445312,839.0
0.0009965896606445312,764.0
0.0009965896606445312,772.0
0.0009965896606445312,726.0
0.0009965896606445312,798.0
0.0009965896606445312,861.0
0.0009965896606445312,770.0
0.0009965896606445312,695.0
0.0009965896606445312,724.0
0.0009965896606445312,716.0
0.0009965896606445312,655.0
0.0009965896606445312,730.0
0.0009965896606445312,765.0
0.0009965896606445312,736.0
0.0009965896606445312,776.0
0.0009965896606445312,701.0
0.0009965896606445312,611.0
0.0009965896606445312,548.0
0.0009965896606445312,594.0
0.0009965896606445312,539.0
0.0009965896606445312,629.0
0.0009965896606445312,585.0
0.0009965896606445312,646.0
0.0009965896606445312,701.0
0.0009965896606445312,709.0
0.0009965896606445312,694.0
0.0009965896606445312,639.0
0.0009965896606445312,564.0
0.0009965896606445312,619.0
0.0009965896606445312,694.0
0.0009965896606445312,639.0
0.0009965896606445312,564.0
0.0009965896606445312,524.0
0.0009965896606445312,484.0
0.0009965896606445312,394.0
0.0009965896606445312,348.0
0.0009965896606445312,270.0
0.0009965896606445312,348.0
0.0009965896606445312,388.0
0.0009965896606445312,348.0
0.0009965896606445312,363.0
0.0009965896606445312,418.0
0.0009965896606445312,447.0
0.0009965896606445312,522.0
0.0009965896606445312,505.0
0.0009965896606445312,580.0
0.0009965896606445312,508.0
0.0009965896606445312,525.0
0.0009965896606445312,571.0
0.0009965896606445312,643.0
0.0009965896606445312,565.0
0.0009965896606445312,605.0
0.0009965896606445312,544.0
0.0009965896606445312,584.0
0.0009965896606445312,628.0
0.0009965896606445312,582.0
0.0009965896606445312,542.0
0.0009965896606445312,534.0
0.0009965896606445312,490.0
0.0009965896606445312,581.0
0.0009965896606445312,621.0
0.0009965896606445312,581.0
0.0009965896606445312,506.0
0.0009965896606445312,431.0
0.0009965896606445312,416.0
0.0009965896606445312,344.0
0.0009965896606445312,309.0
0.0009965896606445312,292.0
0.0009965896606445312,309.0
0.0009965896606445312,381.0
0.0009965896606445312,471.0
0.0009965896606445312,381.0
0.0009965896606445312,309.0
0.0009965896606445312,381.0
0.0009965896606445312,326.0
0.0009965896606445312,387.0
0.0009965896606445312,431.0
0.0009965896606445312,387.0
0.0009965896606445312,427.0
0.0009965896606445312,505.0
0.0009965896606445312,549.0
0.0009965896606445312,624.0
0.0009965896606445312,580.0
0.0009965896606445312,505.0
0.0009965896606445312,476.0
0.0009965896606445312,459.0
0.0009965896606445312,549.0
0.0009965896606445312,624.0
0.0009965896606445312,670.0
0.0009965896606445312,725.0
0.0009965896606445312,742.0
0.0009965896606445312,702.0
0.0009965896606445312,662.0
0.0009965896606445312,585.0
0.0009965896606445312,539.0
0.0009965896606445312,585.0
0.0009965896606445312,660.0
0.0009965896606445312,723.0
0.0009965896606445312,651.0
0.0009965896606445312,576.0
0.0009965896606445312,653.0
0.0009965896606445312,562.0
0.0009965896606445312,472.0
0.0009965896606445312,409.0
0.0009965896606445312,392.0
0.0009965896606445312,409.0
0.0009965896606445312,392.0
0.0009965896606445312,432.0
0.0009965896606445312,371.0
0.0009965896606445312,316.0
0.0009965896606445312,391.0
0.0009965896606445312,408.0
0.0009965896606445312,471.0
0.0009965896606445312,561.0
0.0009965896606445312,633.0
0.0009965896606445312,556.0
0.0009965896606445312,481.0
0.0009965896606445312,516.0
0.0009965896606445312,481.0
0.0009965896606445312,403.0
0.0009965896606445312,432.0
0.0009965896606445312,476.0
0.0009965896606445312,436.0
0.0009965896606445312,511.0
0.0009965896606445312,551.0
0.0009965896606445312,476.0
0.0009965896606445312,567.0
0.0009965896606445312,582.0
0.0009965896606445312,590.0
0.0009965896606445312,665.0
0.0009965896606445312,705.0
0.0009965896606445312,642.0
0.0009965896606445312,634.0
0.0009965896606445312,709.0
0.0009965896606445312,634.0
0.0009965896606445312,562.0
0.0009965896606445312,522.0
0.0009965896606445312,478.0
0.0009965896606445312,449.0
0.0009965896606445312,524.0
0.0009965896606445312,585.0
0.0009965896606445312,663.0
0.0009965896606445312,698.0
0.0009965896606445312,608.0
0.0009965896606445312,685.0
0.0009965896606445312,607.0
0.0009965896606445312,679.0
0.0009965896606445312,639.0
0.0009965896606445312,567.0
0.0009965896606445312,552.0
0.0009965896606445312,581.0
0.0009965896606445312,659.0
0.0009965896606445312,642.0
0.0009965896606445312,596.0
0.0009965896606445312,613.0
0.0009965896606445312,668.0
0.0009965896606445312,607.0
0.0009965896606445312,679.0
0.0009965896606445312,719.0
0.0009965896606445312,727.0
0.0009965896606445312,788.0
0.0009965896606445312,834.0
0.0009965896606445312,874.0
0.0009965896606445312,964.0
0.0009965896606445312,889.0
0.0009965896606445312,814.0
0.0009965896606445312,877.0
0.0009965896606445312,831.0
0.0009965896606445312,814.0
0.0009965896606445312,753.0
0.0009965896606445312,713.0
0.0009965896606445312,636.0
0.0009965896606445312,546.0
0.0009965896606445312,586.0
0.0009965896606445312,661.0
0.0009965896606445312,621.0
0.0009965896606445312,586.0
0.0009965896606445312,661.0
0.0009965896606445312,678.0
0.0009965896606445312,638.0
0.0009965896606445312,621.0
0.0009965896606445312,546.0
0.0009965896606445312,636.0
0.0009965896606445312,607.0
0.0009965896606445312,516.0
0.0009965896606445312,545.0
0.0009965896606445312,562.0
0.0009965896606445312,653.0
0.0009965896606445312,562.0
0.0009965896606445312,490.0
0.0009965896606445312,581.0
0.0009965896606445312,564.0
0.0009965896606445312,489.0
0.0009965896606445312,535.0
0.0009965896606445312,445.0
0.0009965896606445312,437.0
0.0009965896606445312,509.0
0.0009965896606445312,517.0
0.0009965896606445312,561.0
0.0009965896606445312,553.0
0.0009965896606445312,524.0
0.0009965896606445312,539.0
0.0009965896606445312,464.0
0.0009965896606445312,525.0
0.0009965896606445312,464.0
0.0009965896606445312,373.0
0.0009965896606445312,448.0
0.0009965896606445312,488.0
0.0009965896606445312,563.0
0.0009965896606445312,592.0
0.0009965896606445312,653.0
0.0009965896606445312,688.0
0.0009965896606445312,627.0
0.0009965896606445312,564.0
0.0009965896606445312,535.0
0.0009965896606445312,612.0
0.0009965896606445312,566.0
0.0009965896606445312,595.0
0.0009965896606445312,658.0
0.0009965896606445312,581.0
0.0009965896606445312,589.0
0.0009965896606445312,581.0
0.0009965896606445312,526.0
0.0009965896606445312,581.0
0.0009965896606445312,546.0
0.0009965896606445312,637.0
0.0009965896606445312,582.0
0.0009965896606445312,643.0
0.0009965896606445312,614.0
0.0009965896606445312,669.0
0.0009965896606445312,759.0
0.0009965896606445312,805.0
0.0009965896606445312,834.0
0.0009965896606445312,842.0
0.0009965896606445312,813.0
0.0009965896606445312,767.0
0.0009965896606445312,759.0
0.0009965896606445312,681.0
0.0009965896606445312,606.0
0.0009965896606445312,591.0
0.0009965896606445312,501.0
0.0009965896606445312,461.0
0.0009965896606445312,539.0
0.0009965896606445312,461.0
0.0009965896606445312,398.0
0.0009965896606445312,473.0
0.0009965896606445312,401.0
0.0009965896606445312,473.0
0.0009965896606445312,513.0
0.0009965896606445312,590.0
0.0009965896606445312,605.0
0.0009965896606445312,528.0
0.0009965896606445312,557.0
0.0009965896606445312,647.0
0.0009965896606445312,575.0
0.0009965896606445312,592.0
0.0009965896606445312,638.0
0.0009965896606445312,583.0
0.0009965896606445312,543.0
0.0009965896606445312,468.0
0.0009965896606445312,377.0
0.0009965896606445312,412.0
0.0009965896606445312,467.0
0.0009965896606445312,412.0
0.0009965896606445312,487.0
0.0009965896606445312,562.0
0.0009965896606445312,653.0
0.0009965896606445312,609.0
0.0009965896606445312,649.0
0.0009965896606445312,588.0
0.0009965896606445312,660.0
0.0009965896606445312,700.0
0.0009965896606445312,683.0
0.0009965896606445312,691.0
0.0009965896606445312,662.0
0.0009965896606445312,590.0
0.0009965896606445312,634.0
0.0009965896606445312,594.0
0.0009965896606445312,519.0
0.0009965896606445312,582.0
0.0009965896606445312,547.0
0.0009965896606445312,608.0
0.0009965896606445312,686.0
0.0009965896606445312,715.0
0.0009965896606445312,686.0
0.0009965896606445312,595.0
0.0009965896606445312,650.0
0.0009965896606445312,690.0
0.0009965896606445312,725.0
0.0009965896606445312,690.0
0.0009965896606445312,725.0
0.0009965896606445312,710.0
0.0009965896606445312,670.0
0.0009965896606445312,615.0
0.0009965896606445312,670.0
0.0009965896606445312,761.0
0.0009965896606445312,790.0
0.0009965896606445312,746.0
0.0009965896606445312,761.0
0.0009965896606445312,838.0
0.0009965896606445312,855.0
0.0009965896606445312,777.0
0.0009965896606445312,852.0
0.0009965896606445312,789.0
0.0009965896606445312,754.0
0.0009965896606445312,679.0
0.0009965896606445312,671.0
0.0009965896606445312,625.0
0.0009965896606445312,703.0
0.0009965896606445312,738.0
0.0009965896606445312,784.0
0.0009965896606445312,744.0
0.0009965896606445312,729.0
0.0009965896606445312,769.0
0.0009965896606445312,734.0
0.0009965896606445312,717.0
0.0009965896606445312,640.0
0.0009965896606445312,675.0
0.0009965896606445312,719.0
0.0009965896606445312,796.0
0.0009965896606445312,813.0
0.0009965896606445312,828.0
0.0009965896606445312,811.0
0.0009965896606445312,782.0
0.0009965896606445312,767.0
0.0009965896606445312,690.0
0.0009965896606445312,730.0
0.0009965896606445312,805.0
0.0009965896606445312,730.0
0.0009965896606445312,738.0
0.0009965896606445312,753.0
0.0009965896606445312,709.0
0.0009965896606445312,654.0
0.0009965896606445312,608.0
0.0009965896606445312,652.0
0.0009965896606445312,729.0
0.0009965896606445312,792.0
0.0009965896606445312,752.0
0.0009965896606445312,661.0
0.0009965896606445312,716.0
0.0009965896606445312,639.0
0.0009965896606445312,584.0
0.0009965896606445312,639.0
0.0009965896606445312,561.0
0.0009965896606445312,590.0
0.0009965896606445312,515.0
0.0009965896606445312,440.0
0.0009965896606445312,480.0
0.0009965896606445312,417.0
0.0009965896606445312,409.0
0.0009965896606445312,500.0
0.0009965896606445312,575.0
0.0009965896606445312,535.0
0.0009965896606445312,610.0
0.0009965896606445312,650.0
0.0009965896606445312,635.0
0.0009965896606445312,707.0
0.0009965896606445312,667.0
0.0009965896606445312,707.0
0.0009965896606445312,663.0
0.0009965896606445312,573.0
0.0009965896606445312,663.0
0.0009965896606445312,726.0
0.0009965896606445312,803.0
0.0009965896606445312,740.0
0.0009965896606445312,757.0
0.0009965896606445312,765.0
0.0009965896606445312,828.0
0.0009965896606445312,843.0
0.0009965896606445312,826.0
0.0009965896606445312,901.0
0.0009965896606445312,840.0
0.0009965896606445312,785.0
0.0009965896606445312,863.0
0.0009965896606445312,823.0
0.0009965896606445312,794.0
0.0009965896606445312,716.0
0.0009965896606445312,794.0
0.0009965896606445312,834.0
0.0009965896606445312,880.0
0.0009965896606445312,840.0
0.0009965896606445312,749.0
0.0009965896606445312,709.0
0.0009965896606445312,726.0
0.0009965896606445312,680.0
0.0009965896606445312,605.0
0.0009965896606445312,634.0
0.0009965896606445312,725.0
0.0009965896606445312,786.0
0.0009965896606445312,723.0
0.0009965896606445312,715.0
0.0009965896606445312,640.0
0.0009965896606445312,611.0
0.0009965896606445312,596.0
0.0009965896606445312,642.0
0.0009965896606445312,682.0
0.0009965896606445312,636.0
0.0009965896606445312,644.0
0.0009965896606445312,688.0
0.0009965896606445312,743.0
0.0009965896606445312,772.0
0.0009965896606445312,737.0
0.0009965896606445312,777.0
0.0009965896606445312,840.0
0.0009965896606445312,796.0
0.0009965896606445312,811.0
0.0009965896606445312,748.0
0.0009965896606445312,792.0
0.0009965896606445312,838.0
0.0009965896606445312,783.0
0.0009965896606445312,743.0
0.0009965896606445312,703.0
0.0009965896606445312,778.0
0.0009965896606445312,688.0
0.0009965896606445312,659.0
0.0009965896606445312,651.0
0.0009965896606445312,659.0
0.0009965896606445312,694.0
0.0009965896606445312,734.0
0.0009965896606445312,643.0
0.0009965896606445312,683.0
0.0009965896606445312,758.0
0.0009965896606445312,743.0
0.0009965896606445312,703.0
0.0009965896606445312,628.0
0.0009965896606445312,683.0
0.0009965896606445312,675.0
0.0009965896606445312,640.0
0.0009965896606445312,730.0
0.0009965896606445312,821.0
0.0009965896606445312,746.0
0.0009965896606445312,729.0
0.0009965896606445312,746.0
0.0009965896606445312,729.0
0.0009965896606445312,758.0
0.0009965896606445312,821.0
0.0009965896606445312,829.0
0.0009965896606445312,844.0
0.0009965896606445312,829.0
0.0009965896606445312,904.0
0.0009965896606445312,829.0
0.0009965896606445312,766.0
0.0009965896606445312,705.0
0.0009965896606445312,633.0
0.0009965896606445312,705.0
0.0009965896606445312,766.0
0.0009965896606445312,675.0
0.0009965896606445312,629.0
0.0009965896606445312,600.0
0.0009965896606445312,617.0
0.0009965896606445312,692.0
0.0009965896606445312,615.0
0.0009965896606445312,655.0
0.0009965896606445312,730.0
0.0009965896606445312,807.0
0.0009965896606445312,836.0
0.0009965896606445312,899.0
0.0009965896606445312,882.0
0.0009965896606445312,810.0
0.0009965896606445312,827.0
0.0009965896606445312,873.0
0.0009965896606445312,827.0
0.0009965896606445312,810.0
0.0009965896606445312,901.0
0.0009965896606445312,826.0
0.0009965896606445312,751.0
0.0009965896606445312,768.0
0.0009965896606445312,728.0
0.0009965896606445312,720.0
0.0009965896606445312,792.0
0.0009965896606445312,714.0
0.0009965896606445312,789.0
0.0009965896606445312,835.0
0.0009965896606445312,758.0
0.0009965896606445312,686.0
0.0009965896606445312,595.0
0.0009965896606445312,534.0
0.0009965896606445312,505.0
0.0009965896606445312,520.0
0.0009965896606445312,597.0
0.0009965896606445312,557.0
0.0009965896606445312,629.0
0.0009965896606445312,707.0
0.0009965896606445312,690.0
0.0009965896606445312,730.0
0.0009965896606445312,686.0
0.0009965896606445312,703.0
0.0009965896606445312,626.0
0.0009965896606445312,670.0
0.0009965896606445312,630.0
0.0009965896606445312,638.0
0.0009965896606445312,583.0
0.0009965896606445312,568.0
0.0009965896606445312,603.0
0.0009965896606445312,694.0
0.0009965896606445312,616.0
0.0009965896606445312,691.0
0.0009965896606445312,628.0
0.0009965896606445312,668.0
0.0009965896606445312,651.0
0.0009965896606445312,560.0
0.0009965896606445312,589.0
0.0009965896606445312,667.0
0.0009965896606445312,627.0
0.0009965896606445312,552.0
0.0009965896606445312,592.0
0.0009965896606445312,653.0
0.0009965896606445312,607.0
0.0009965896606445312,662.0
0.0009965896606445312,590.0
0.0009965896606445312,630.0
0.0009965896606445312,702.0
0.0009965896606445312,694.0
0.0009965896606445312,740.0
0.0009965896606445312,700.0
0.0009965896606445312,645.0
0.0009965896606445312,700.0
0.0009965896606445312,791.0
0.0009965896606445312,866.0
0.0009965896606445312,943.0
0.0009965896606445312,951.0
0.0009965896606445312,907.0
0.0009965896606445312,947.0
0.0009965896606445312,875.0
0.0009965896606445312,947.0
0.0009965896606445312,1010.0
0.0009965896606445312,932.0
0.0009965896606445312,869.0
0.0009965896606445312,913.0
0.0009965896606445312,884.0
0.0009965896606445312,849.0
0.0009965896606445312,809.0
0.0009965896606445312,844.0
0.0009965896606445312,809.0
0.0009965896606445312,824.0
0.0009965896606445312,859.0
0.0009965896606445312,782.0
0.0009965896606445312,859.0
0.0009965896606445312,787.0
0.0009965896606445312,726.0
0.0009965896606445312,680.0
0.0009965896606445312,743.0
0.0009965896606445312,652.0
0.0009965896606445312,644.0
0.0009965896606445312,629.0
0.0009965896606445312,646.0
0.0009965896606445312,718.0
0.0009965896606445312,764.0
0.0009965896606445312,729.0
0.0009965896606445312,758.0
0.0009965896606445312,836.0
0.0009965896606445312,897.0
0.0009965896606445312,834.0
0.0009965896606445312,759.0
0.0009965896606445312,704.0
0.0009965896606445312,779.0
0.0009965896606445312,750.0
0.0009965896606445312,779.0
0.0009965896606445312,819.0
0.0009965896606445312,758.0
0.0009965896606445312,773.0
0.0009965896606445312,695.0
0.0009965896606445312,623.0
0.0009965896606445312,608.0
0.0009965896606445312,671.0
0.0009965896606445312,642.0
0.0009965896606445312,714.0
0.0009965896606445312,674.0
0.0009965896606445312,682.0
0.0009965896606445312,737.0
0.0009965896606445312,828.0
0.0009965896606445312,857.0
0.0009965896606445312,840.0
0.0009965896606445312,918.0
0.0009965896606445312,846.0
0.0009965896606445312,881.0
0.0009965896606445312,806.0
0.0009965896606445312,798.0
0.0009965896606445312,859.0
0.0009965896606445312,899.0
0.0009965896606445312,864.0
0.0009965896606445312,881.0
0.0009965896606445312,837.0
0.0009965896606445312,759.0
0.0009965896606445312,834.0
0.0009965896606445312,759.0
0.0009965896606445312,794.0
0.0009965896606445312,739.0
0.0009965896606445312,699.0
0.0009965896606445312,754.0
0.0009965896606445312,798.0
0.0009965896606445312,806.0
0.0009965896606445312,884.0
0.0009965896606445312,823.0
0.0009965896606445312,768.0
0.0009965896606445312,693.0
0.0009965896606445312,603.0
0.0009965896606445312,557.0
0.0009965896606445312,540.0
0.0009965896606445312,595.0
0.0009965896606445312,612.0
0.0009965896606445312,687.0
0.0009965896606445312,762.0
0.0009965896606445312,687.0
0.0009965896606445312,643.0
0.0009965896606445312,635.0
0.0009965896606445312,606.0
0.0009965896606445312,635.0
0.0009965896606445312,707.0
0.0009965896606445312,747.0
0.0009965896606445312,684.0
0.0009965896606445312,629.0
0.0009965896606445312,690.0
0.0009965896606445312,753.0
0.0009965896606445312,799.0
0.0009965896606445312,854.0
0.0009965896606445312,825.0
0.0009965896606445312,762.0
0.0009965896606445312,722.0
0.0009965896606445312,647.0
0.0009965896606445312,722.0
0.0009965896606445312,797.0
0.0009965896606445312,762.0
0.0009965896606445312,777.0
0.0009965896606445312,812.0
0.0009965896606445312,795.0
0.0009965896606445312,885.0
0.0009965896606445312,824.0
0.0009965896606445312,885.0
0.0009965896606445312,948.0
0.0009965896606445312,893.0
0.0009965896606445312,933.0
0.0009965896606445312,858.0
0.0009965896606445312,786.0
0.0009965896606445312,861.0
0.0009965896606445312,826.0
0.0009965896606445312,861.0
0.0009965896606445312,846.0
0.0009965896606445312,771.0
0.0009965896606445312,846.0
0.0009965896606445312,861.0
0.0009965896606445312,821.0
0.0009965896606445312,758.0
0.0009965896606445312,681.0
0.0009965896606445312,736.0
0.0009965896606445312,808.0
0.0009965896606445312,730.0
0.0009965896606445312,793.0
0.0009965896606445312,778.0
0.0009965896606445312,688.0
0.0009965896606445312,597.0
0.0009965896606445312,551.0
0.0009965896606445312,597.0
0.0009965896606445312,562.0
0.0009965896606445312,577.0
0.0009965896606445312,531.0
0.0009965896606445312,577.0
0.0009965896606445312,621.0
0.0009965896606445312,546.0
0.0009965896606445312,623.0
0.0009965896606445312,548.0
0.0009965896606445312,487.0
0.0009965896606445312,472.0
0.0009965896606445312,426.0
0.0009965896606445312,461.0
0.0009965896606445312,469.0
0.0009965896606445312,560.0
0.0009965896606445312,516.0
0.0009965896606445312,533.0
0.0009965896606445312,577.0
0.0009965896606445312,505.0
0.0009965896606445312,551.0
0.0009965896606445312,566.0
0.0009965896606445312,522.0
0.0009965896606445312,476.0
0.0009965896606445312,554.0
0.0009965896606445312,600.0
0.0009965896606445312,672.0
0.0009965896606445312,664.0
0.0009965896606445312,609.0
0.0009965896606445312,653.0
0.0009965896606445312,743.0
0.0009965896606445312,671.0
0.0009965896606445312,743.0
0.0009965896606445312,728.0
0.0009965896606445312,789.0
0.0009965896606445312,745.0
0.0009965896606445312,785.0
0.0009965896606445312,829.0
0.0009965896606445312,768.0
0.0009965896606445312,843.0
0.0009965896606445312,872.0
0.0009965896606445312,782.0
0.0009965896606445312,790.0
0.0009965896606445312,727.0
0.0009965896606445312,650.0
0.0009965896606445312,610.0
0.0009965896606445312,575.0
0.0009965896606445312,630.0
0.0009965896606445312,720.0
0.0009965896606445312,703.0
0.0009965896606445312,663.0
0.0009965896606445312,698.0
0.0009965896606445312,738.0
0.0009965896606445312,660.0
0.0009965896606445312,585.0
0.0009965896606445312,577.0
0.0009965896606445312,654.0
0.0009965896606445312,564.0
0.0009965896606445312,518.0
0.0009965896606445312,441.0
0.0009965896606445312,519.0
0.0009965896606445312,596.0
0.0009965896606445312,671.0
0.0009965896606445312,679.0
0.0009965896606445312,588.0
0.0009965896606445312,634.0
0.0009965896606445312,562.0
0.0009965896606445312,487.0
0.0009965896606445312,504.0
0.0009965896606445312,464.0
0.0009965896606445312,447.0
0.0009965896606445312,508.0
0.0009965896606445312,473.0
0.0009965896606445312,488.0
0.0009965896606445312,528.0
0.0009965896606445312,450.0
0.0009965896606445312,485.0
0.0009965896606445312,445.0
0.0009965896606445312,390.0
0.0009965896606445312,453.0
0.0009965896606445312,531.0
0.0009965896606445312,606.0
0.0009965896606445312,529.0
0.0009965896606445312,620.0
0.0009965896606445312,660.0
0.0009965896606445312,750.0
0.0009965896606445312,742.0
0.0009965896606445312,696.0
0.0009965896606445312,742.0
0.0009965896606445312,727.0
0.0009965896606445312,767.0
0.0009965896606445312,732.0
0.0009965896606445312,804.0
0.0009965896606445312,726.0
0.0009965896606445312,686.0
0.0009965896606445312,694.0
0.0009965896606445312,622.0
0.0009965896606445312,699.0
0.0009965896606445312,754.0
0.0009965896606445312,677.0
0.0009965896606445312,648.0
0.0009965896606445312,663.0
0.0009965896606445312,608.0
0.0009965896606445312,600.0
0.0009965896606445312,556.0
0.0009965896606445312,573.0
0.0009965896606445312,581.0
0.0009965896606445312,616.0
0.0009965896606445312,555.0
0.0009965896606445312,610.0
0.0009965896606445312,682.0
0.0009965896606445312,759.0
0.0009965896606445312,742.0
0.0009965896606445312,820.0
0.0009965896606445312,742.0
0.0009965896606445312,782.0
0.0009965896606445312,747.0
0.0009965896606445312,808.0
0.0009965896606445312,733.0
0.0009965896606445312,808.0
0.0009965896606445312,800.0
0.0009965896606445312,835.0
0.0009965896606445312,763.0
0.0009965896606445312,835.0
0.0009965896606445312,910.0
0.0009965896606445312,918.0
0.0009965896606445312,996.0
0.0009965896606445312,906.0
0.0009965896606445312,898.0
0.0009965896606445312,823.0
0.0009965896606445312,745.0
0.0009965896606445312,654.0
0.0009965896606445312,614.0
0.0009965896606445312,631.0
0.0009965896606445312,616.0
0.0009965896606445312,624.0
0.0009965896606445312,653.0
0.0009965896606445312,636.0
0.0009965896606445312,607.0
0.0009965896606445312,552.0
0.0009965896606445312,517.0
0.0009965896606445312,608.0
0.0009965896606445312,637.0
0.0009965896606445312,574.0
0.0009965896606445312,528.0
0.0009965896606445312,543.0
0.0009965896606445312,560.0
0.0009965896606445312,488.0
0.0009965896606445312,523.0
0.0009965896606445312,462.0
0.0009965896606445312,385.0
0.0009965896606445312,310.0
0.0009965896606445312,350.0
0.0009965896606445312,422.0
0.0009965896606445312,500.0
0.0009965896606445312,409.0
0.0009965896606445312,453.0
0.0009965896606445312,516.0
0.0009965896606445312,472.0
0.0009965896606445312,563.0
0.0009965896606445312,488.0
0.0009965896606445312,473.0
0.0009965896606445312,517.0
0.0009965896606445312,592.0
0.0009965896606445312,529.0
0.0009965896606445312,604.0
0.0009965896606445312,619.0
0.0009965896606445312,674.0
0.0009965896606445312,657.0
0.0009965896606445312,732.0
0.0009965896606445312,697.0
0.0009965896606445312,743.0
0.0009965896606445312,735.0
0.0009965896606445312,660.0
0.0009965896606445312,620.0
0.0009965896606445312,637.0
0.0009965896606445312,700.0
0.0009965896606445312,735.0
0.0009965896606445312,691.0
0.0009965896606445312,651.0
0.0009965896606445312,728.0
0.0009965896606445312,768.0
0.0009965896606445312,728.0
0.0009965896606445312,711.0
0.0009965896606445312,755.0
0.0009965896606445312,830.0
0.0009965896606445312,870.0
0.0009965896606445312,835.0
0.0009965896606445312,875.0
0.0009965896606445312,803.0
0.0009965896606445312,811.0
0.0009965896606445312,883.0
0.0009965896606445312,944.0
0.0009965896606445312,869.0
0.0009965896606445312,797.0
0.0009965896606445312,757.0
0.0009965896606445312,742.0
0.0009965896606445312,702.0
0.0009965896606445312,627.0
0.0009965896606445312,699.0
0.0009965896606445312,739.0
0.0009965896606445312,648.0
0.0009965896606445312,570.0
0.004466056823730469,587.0
0.004466056823730469,602.0
0.004466056823730469,539.0
0.004466056823730469,614.0
0.004466056823730469,606.0
0.004466056823730469,681.0
0.004466056823730469,716.0
0.004466056823730469,641.0
0.004466056823730469,732.0
0.004466056823730469,715.0
0.004466056823730469,790.0
0.004466056823730469,830.0
0.004466056823730469,838.0
0.004466056823730469,761.0
0.004466056823730469,753.0
0.004466056823730469,692.0
0.004466056823730469,770.0
0.004466056823730469,695.0
0.004466056823730469,649.0
0.004466056823730469,634.0
0.004466056823730469,651.0
0.004466056823730469,576.0
0.004466056823730469,541.0
0.004466056823730469,602.0
0.004466056823730469,573.0
0.004466056823730469,482.0
0.004466056823730469,545.0
0.004466056823730469,501.0
0.004466056823730469,423.0
0.004466056823730469,431.0
0.004466056823730469,508.0
0.004466056823730469,537.0
0.004466056823730469,474.0
0.004466056823730469,489.0
0.004466056823730469,564.0
0.004466056823730469,655.0
0.004466056823730469,594.0
0.004466056823730469,539.0
0.004466056823730469,574.0
0.004466056823730469,637.0
0.004466056823730469,562.0
0.004466056823730469,527.0
0.004466056823730469,571.0
0.004466056823730469,531.0
0.004466056823730469,468.0
0.004466056823730469,424.0
0.004466056823730469,470.0
0.004466056823730469,548.0
0.004466056823730469,638.0
0.004466056823730469,598.0
0.004466056823730469,661.0
0.004466056823730469,701.0
0.004466056823730469,741.0
0.004466056823730469,726.0
0.004466056823730469,741.0
0.004466056823730469,816.0
0.004466056823730469,891.0
0.004466056823730469,851.0
0.004466056823730469,891.0
0.004466056823730469,862.0
0.004466056823730469,787.0
0.004466056823730469,831.0
0.004466056823730469,886.0
0.004466056823730469,809.0
0.004466056823730469,794.0
0.004466056823730469,869.0
0.004466056823730469,946.0
0.004466056823730469,869.0
0.004466056823730469,829.0
0.004466056823730469,751.0
0.004466056823730469,780.0
0.004466056823730469,857.0
0.004466056823730469,785.0
0.004466056823730469,741.0
0.004466056823730469,813.0
0.004466056823730469,773.0
0.004466056823730469,765.0
0.004466056823730469,675.0
0.004466056823730469,690.0
0.004466056823730469,644.0
0.004466056823730469,627.0
0.004466056823730469,671.0
0.004466056823730469,749.0
0.004466056823730469,839.0
0.004466056823730469,824.0
0.004466056823730469,864.0
0.004466056823730469,774.0
0.004466056823730469,814.0
0.004466056823730469,774.0
0.004466056823730469,782.0
0.004466056823730469,797.0
0.004466056823730469,789.0
0.004466056823730469,879.0
0.004466056823730469,887.0
0.004466056823730469,872.0
0.004466056823730469,797.0
0.004466056823730469,768.0
0.004466056823730469,728.0
0.004466056823730469,745.0
0.004466056823730469,667.0
0.004466056823730469,707.0
0.004466056823730469,782.0
0.004466056823730469,817.0
0.004466056823730469,863.0
0.004466056823730469,846.0
0.004466056823730469,861.0
0.004466056823730469,771.0
0.004466056823730469,832.0
0.004466056823730469,922.0
0.004466056823730469,878.0
0.004466056823730469,870.0
0.004466056823730469,910.0
0.004466056823730469,833.0
0.004466056823730469,910.0
0.004466056823730469,875.0
0.004466056823730469,803.0
0.004466056823730469,763.0
0.004466056823730469,780.0
0.004466056823730469,763.0
0.004466056823730469,807.0
0.004466056823730469,746.0
0.004466056823730469,818.0
0.004466056823730469,772.0
0.004466056823730469,717.0
0.004466056823730469,746.0
0.004466056823730469,807.0
0.004466056823730469,735.0
0.004466056823730469,770.0
0.004466056823730469,810.0
0.004466056823730469,888.0
0.004466056823730469,873.0
0.004466056823730469,919.0
0.004466056823730469,875.0
0.004466056823730469,892.0
0.004466056823730469,907.0
0.004466056823730469,832.0
0.004466056823730469,771.0
0.004466056823730469,756.0
0.004466056823730469,831.0
0.004466056823730469,892.0
0.004466056823730469,900.0
0.004466056823730469,825.0
0.004466056823730469,790.0
0.004466056823730469,715.0
0.004466056823730469,790.0
0.004466056823730469,750.0
0.004466056823730469,765.0
0.004466056823730469,750.0
0.004466056823730469,675.0
0.004466056823730469,658.0
0.004466056823730469,713.0
0.004466056823730469,684.0
0.004466056823730469,607.0
0.004466056823730469,561.0
0.004466056823730469,553.0
0.004466056823730469,625.0
0.004466056823730469,671.0
0.004466056823730469,700.0
0.004466056823730469,777.0
0.004466056823730469,812.0
0.004466056823730469,887.0
0.004466056823730469,832.0
0.004466056823730469,887.0
0.004466056823730469,797.0
0.004466056823730469,837.0
0.004466056823730469,808.0
0.004466056823730469,745.0
0.004466056823730469,774.0
0.004466056823730469,745.0
0.004466056823730469,774.0
0.004466056823730469,837.0
0.004466056823730469,746.0
0.004466056823730469,763.0
0.004466056823730469,771.0
0.004466056823730469,861.0
0.004466056823730469,806.0
0.004466056823730469,881.0
0.004466056823730469,835.0
0.004466056823730469,806.0
0.004466056823730469,771.0
0.004466056823730469,862.0
0.004466056823730469,784.0
0.004466056823730469,830.0
0.004466056823730469,739.0
0.004466056823730469,830.0
0.004466056823730469,755.0
0.004466056823730469,770.0
0.004466056823730469,814.0
0.004466056823730469,799.0
0.004466056823730469,828.0
0.004466056823730469,788.0
0.004466056823730469,698.0
0.004466056823730469,733.0
0.004466056823730469,773.0
0.004466056823730469,756.0
0.004466056823730469,716.0
0.004466056823730469,676.0
0.004466056823730469,731.0
0.004466056823730469,659.0
0.004466056823730469,699.0
0.004466056823730469,716.0
0.004466056823730469,699.0
0.004466056823730469,716.0
0.004466056823730469,676.0
0.004466056823730469,691.0
0.004466056823730469,763.0
0.004466056823730469,719.0
0.004466056823730469,644.0
0.004466056823730469,719.0
0.004466056823730469,759.0
0.004466056823730469,744.0
0.004466056823730469,784.0
0.004466056823730469,859.0
0.004466056823730469,782.0
0.004466056823730469,691.0
0.004466056823730469,782.0
0.004466056823730469,707.0
0.004466056823730469,782.0
0.004466056823730469,860.0
0.004466056823730469,852.0
0.004466056823730469,797.0
0.004466056823730469,780.0
0.004466056823730469,705.0
0.004466056823730469,780.0
0.004466056823730469,795.0
0.004466056823730469,839.0
0.004466056823730469,824.0
0.004466056823730469,839.0
0.004466056823730469,799.0
0.004466056823730469,807.0
0.004466056823730469,732.0
0.004466056823730469,787.0
0.004466056823730469,877.0
0.004466056823730469,833.0
0.004466056823730469,761.0
0.004466056823730469,671.0
0.004466056823730469,743.0
0.004466056823730469,703.0
0.004466056823730469,780.0
0.004466056823730469,689.0
0.004466056823730469,733.0
0.004466056823730469,687.0
0.004466056823730469,679.0
0.004466056823730469,719.0
0.004466056823730469,727.0
0.004466056823730469,773.0
0.004466056823730469,765.0
0.004466056823730469,773.0
0.004466056823730469,738.0
0.004466056823730469,730.0
0.004466056823730469,820.0
0.004466056823730469,860.0
0.004466056823730469,935.0
0.004466056823730469,860.0
0.004466056823730469,805.0
0.004466056823730469,765.0
0.004466056823730469,725.0
0.004466056823730469,780.0
0.004466056823730469,708.0
0.004466056823730469,748.0
0.004466056823730469,685.0
0.004466056823730469,776.0
0.004466056823730469,701.0
0.004466056823730469,764.0
0.004466056823730469,772.0
0.004466056823730469,717.0
0.004466056823730469,640.0
0.004466056823730469,715.0
0.004466056823730469,707.0
0.004466056823730469,762.0
0.004466056823730469,707.0
0.004466056823730469,678.0
0.004466056823730469,750.0
0.004466056823730469,785.0
0.004466056823730469,862.0
0.004466056823730469,790.0
0.004466056823730469,865.0
0.004466056823730469,894.0
0.004466056823730469,902.0
0.004466056823730469,827.0
0.004466056823730469,781.0
0.004466056823730469,853.0
0.004466056823730469,778.0
0.004466056823730469,833.0
0.004466056823730469,873.0
0.004466056823730469,818.0
0.004466056823730469,783.0
0.004466056823730469,743.0
0.004466056823730469,818.0
0.004466056823730469,873.0
0.004466056823730469,782.0
0.004466056823730469,822.0
0.004466056823730469,897.0
0.004466056823730469,822.0
0.004466056823730469,767.0
0.004466056823730469,802.0
0.004466056823730469,758.0
0.004466056823730469,718.0
0.004466056823730469,683.0
0.004466056823730469,608.0
0.004466056823730469,536.0
0.004466056823730469,611.0
0.004466056823730469,657.0
0.004466056823730469,611.0
0.004466056823730469,683.0
0.004466056823730469,774.0
0.004466056823730469,745.0
0.004466056823730469,670.0
0.004466056823730469,630.0
0.004466056823730469,659.0
0.004466056823730469,705.0
0.004466056823730469,697.0
0.004466056823730469,714.0
0.004466056823730469,769.0
0.004466056823730469,813.0
0.004466056823730469,853.0
0.004466056823730469,861.0
0.004466056823730469,771.0
0.004466056823730469,725.0
0.004466056823730469,765.0
0.004466056823730469,748.0
0.004466056823730469,670.0
0.004466056823730469,748.0
0.004466056823730469,823.0
0.004466056823730469,779.0
0.004466056823730469,771.0
0.004466056823730469,699.0
0.004466056823730469,624.0
0.004466056823730469,547.0
0.004466056823730469,492.0
0.004466056823730469,452.0
0.004466056823730469,469.0
0.004466056823730469,509.0
0.004466056823730469,480.0
0.004466056823730469,555.0
0.004466056823730469,538.0
0.004466056823730469,613.0
0.004466056823730469,621.0
0.004466056823730469,530.0
0.004466056823730469,490.0
0.004466056823730469,525.0
0.004466056823730469,542.0
0.004466056823730469,464.0
0.004466056823730469,449.0
0.004466056823730469,521.0
0.004466056823730469,561.0
0.004466056823730469,486.0
0.004466056823730469,478.0
0.004466056823730469,533.0
0.004466056823730469,623.0
0.004466056823730469,700.0
0.004466056823730469,746.0
0.004466056823730469,821.0
0.004466056823730469,829.0
0.004466056823730469,739.0
0.004466056823730469,830.0
0.004466056823730469,755.0
0.004466056823730469,845.0
0.004466056823730469,837.0
0.004466056823730469,845.0
0.004466056823730469,782.0
0.004466056823730469,747.0
0.004466056823730469,730.0
0.004466056823730469,793.0
0.004466056823730469,785.0
0.004466056823730469,820.0
0.004466056823730469,759.0
0.004466056823730469,834.0
0.004466056823730469,878.0
0.004466056823730469,886.0
0.004466056823730469,964.0
0.004466056823730469,956.0
0.004466056823730469,912.0
0.004466056823730469,927.0
0.004466056823730469,912.0
0.004466056823730469,920.0
0.004466056823730469,874.0
0.004466056823730469,935.0
0.004466056823730469,895.0
0.004466056823730469,860.0
0.004466056823730469,852.0
0.004466056823730469,892.0
0.004466056823730469,801.0
0.004466056823730469,818.0
0.004466056823730469,862.0
0.004466056823730469,953.0
0.004466056823730469,862.0
0.004466056823730469,807.0
0.004466056823730469,898.0
0.004466056823730469,906.0
0.004466056823730469,889.0
0.004466056823730469,904.0
0.004466056823730469,896.0
0.004466056823730469,818.0
0.004466056823730469,826.0
0.004466056823730469,881.0
0.004466056823730469,959.0
0.004466056823730469,1005.0
0.004466056823730469,997.0
0.004466056823730469,982.0
0.004466056823730469,1011.0
0.004466056823730469,936.0
0.004466056823730469,944.0
0.004466056823730469,867.0
0.004466056823730469,804.0
0.004466056823730469,775.0
0.004466056823730469,838.0
0.004466056823730469,915.0
0.004466056823730469,875.0
0.004466056823730469,890.0
0.004466056823730469,846.0
0.004466056823730469,881.0
0.004466056823730469,866.0
0.004466056823730469,883.0
0.004466056823730469,958.0
0.004466056823730469,903.0
0.004466056823730469,863.0
0.004466056823730469,903.0
0.004466056823730469,895.0
0.004466056823730469,878.0
0.004466056823730469,895.0
0.004466056823730469,910.0
0.004466056823730469,820.0
0.004466056823730469,860.0
0.004466056823730469,785.0
0.004466056823730469,814.0
0.004466056823730469,774.0
0.004466056823730469,699.0
0.005288362503051758,743.0
0.005288362503051758,714.0
0.005288362503051758,679.0
0.005288362503051758,708.0
0.005288362503051758,693.0
0.005288362503051758,649.0
0.005288362503051758,724.0
0.005288362503051758,814.0
0.005288362503051758,869.0
0.005288362503051758,779.0
0.005288362503051758,787.0
0.005288362503051758,862.0
0.005288362503051758,822.0
0.005288362503051758,912.0
0.005288362503051758,947.0
0.005288362503051758,939.0
0.005288362503051758,878.0
0.005288362503051758,918.0
0.005288362503051758,828.0
0.005288362503051758,872.0
0.005288362503051758,809.0
0.005288362503051758,731.0
0.005288362503051758,687.0
0.005288362503051758,777.0
0.005288362503051758,748.0
0.005288362503051758,713.0
0.005288362503051758,638.0
0.005288362503051758,716.0
0.005288362503051758,724.0
0.005288362503051758,785.0
0.005288362503051758,800.0
0.005288362503051758,829.0
0.005288362503051758,904.0
0.005288362503051758,864.0
0.005288362503051758,856.0
0.005288362503051758,919.0
0.005288362503051758,959.0
0.005288362503051758,884.0
0.005288362503051758,928.0
0.005288362503051758,936.0
0.005288362503051758,928.0
0.005288362503051758,888.0
0.005288362503051758,896.0
0.005288362503051758,850.0
0.005288362503051758,775.0
0.005288362503051758,760.0
0.005288362503051758,806.0
0.005288362503051758,745.0
0.005288362503051758,760.0
0.005288362503051758,743.0
0.005288362503051758,818.0
0.005288362503051758,858.0
0.005288362503051758,875.0
0.005288362503051758,820.0
0.005288362503051758,812.0
0.005288362503051758,783.0
0.005288362503051758,858.0
0.005288362503051758,814.0
0.005288362503051758,849.0
0.005288362503051758,904.0
0.005288362503051758,858.0
0.005288362503051758,768.0
0.005288362503051758,797.0
0.005288362503051758,734.0
0.005288362503051758,795.0
0.005288362503051758,723.0
0.005288362503051758,763.0
0.005288362503051758,826.0
0.005288362503051758,791.0
0.005288362503051758,716.0
0.005288362503051758,762.0
0.005288362503051758,770.0
0.005288362503051758,845.0
0.005288362503051758,767.0
0.005288362503051758,706.0
0.005288362503051758,741.0
0.005288362503051758,819.0
0.005288362503051758,790.0
0.005288362503051758,744.0
0.005288362503051758,736.0
0.005288362503051758,797.0
0.005288362503051758,805.0
0.005288362503051758,788.0
0.005288362503051758,817.0
0.005288362503051758,861.0
0.005288362503051758,798.0
0.005288362503051758,754.0
0.005288362503051758,800.0
0.005288362503051758,785.0
0.005288362503051758,802.0
0.005288362503051758,874.0
0.005288362503051758,834.0
0.005288362503051758,874.0
0.005288362503051758,964.0
0.005288362503051758,947.0
0.005288362503051758,964.0
0.005288362503051758,886.0
0.005288362503051758,846.0
0.005288362503051758,924.0
0.005288362503051758,849.0
0.005288362503051758,841.0
0.005288362503051758,885.0
0.005288362503051758,824.0
0.005288362503051758,885.0
0.005288362503051758,925.0
0.005288362503051758,896.0
0.005288362503051758,959.0
0.005288362503051758,967.0
0.005288362503051758,876.0
0.005288362503051758,905.0
0.005288362503051758,865.0
0.005288362503051758,804.0
0.005288362503051758,865.0
0.005288362503051758,793.0
0.005288362503051758,884.0
0.005288362503051758,924.0
0.005288362503051758,849.0
0.005288362503051758,864.0
0.005288362503051758,809.0
0.005288362503051758,769.0
0.005288362503051758,708.0
0.005288362503051758,769.0
0.005288362503051758,844.0
0.005288362503051758,899.0
0.005288362503051758,864.0
0.005288362503051758,939.0
0.005288362503051758,876.0
0.005288362503051758,916.0
0.005288362503051758,901.0
0.005288362503051758,936.0
0.005288362503051758,875.0
0.005288362503051758,797.0
0.005288362503051758,860.0
0.005288362503051758,843.0
0.005288362503051758,814.0
0.005288362503051758,829.0
0.005288362503051758,907.0
0.005288362503051758,872.0
0.005288362503051758,832.0
0.005288362503051758,824.0
0.005288362503051758,832.0
0.005288362503051758,893.0
0.005288362503051758,838.0
0.005288362503051758,823.0
0.005288362503051758,783.0
0.005288362503051758,800.0
0.005288362503051758,835.0
0.005288362503051758,760.0
0.005288362503051758,800.0
0.005288362503051758,855.0
0.005288362503051758,895.0
0.005288362503051758,855.0
0.005288362503051758,809.0
0.005288362503051758,792.0
0.005288362503051758,757.0
0.005288362503051758,829.0
0.005288362503051758,875.0
0.005288362503051758,910.0
0.005288362503051758,870.0
0.005288362503051758,826.0
0.005288362503051758,870.0
0.005288362503051758,862.0
0.005288362503051758,827.0
0.005288362503051758,862.0
0.005288362503051758,902.0
0.005288362503051758,919.0
0.005288362503051758,884.0
0.005288362503051758,959.0
0.005288362503051758,919.0
0.005288362503051758,954.0
0.005288362503051758,910.0
0.005288362503051758,950.0
0.005288362503051758,990.0
0.005288362503051758,998.0
0.005288362503051758,981.0
0.005288362503051758,998.0
0.005288362503051758,937.0
0.005288362503051758,929.0
0.005288362503051758,990.0
0.005288362503051758,998.0
0.005288362503051758,920.0
0.005288362503051758,903.0
0.005288362503051758,981.0
0.005288362503051758,973.0
0.005288362503051758,1002.0
0.005288362503051758,967.0
0.005288362503051758,927.0
0.005288362503051758,942.0
0.005288362503051758,896.0
0.005288362503051758,867.0
0.005288362503051758,911.0
0.005288362503051758,896.0
0.005288362503051758,911.0
0.005288362503051758,836.0
0.005288362503051758,876.0
0.005288362503051758,836.0
0.005288362503051758,911.0
0.005288362503051758,896.0
0.005288362503051758,856.0
0.005288362503051758,885.0
0.005288362503051758,925.0
0.005288362503051758,971.0
0.005288362503051758,988.0
0.005288362503051758,996.0
0.005288362503051758,935.0
0.005288362503051758,863.0
0.005288362503051758,935.0
0.005288362503051758,927.0
0.005288362503051758,988.0
0.005288362503051758,971.0
0.005288362503051758,1006.0
0.005288362503051758,951.0
0.005288362503051758,916.0
0.005288362503051758,956.0
0.005288362503051758,971.0
0.005288362503051758,931.0
0.005288362503051758,971.0
0.005288362503051758,979.0
0.005288362503051758,971.0
0.005288362503051758,956.0
0.005288362503051758,927.0
0.005288362503051758,887.0
0.005288362503051758,902.0
0.005288362503051758,931.0
0.005288362503051758,887.0
0.005288362503051758,872.0
0.005288362503051758,927.0
0.005288362503051758,944.0
0.005288362503051758,889.0
0.005288362503051758,944.0
0.005288362503051758,952.0
0.005288362503051758,992.0
0.005288362503051758,917.0
0.005288362503051758,840.0
0.005288362503051758,917.0
0.005288362503051758,992.0
0.005288362503051758,984.0
0.005288362503051758,909.0
0.005288362503051758,917.0
0.005288362503051758,992.0
0.005288362503051758,920.0
0.005288362503051758,935.0
0.005288362503051758,895.0
0.005288362503051758,866.0
0.005288362503051758,901.0
0.005288362503051758,930.0
0.005288362503051758,855.0
0.005288362503051758,820.0
0.005288362503051758,791.0
0.005288362503051758,783.0
0.005288362503051758,737.0
0.005288362503051758,766.0
0.005288362503051758,806.0
0.005288362503051758,814.0
0.005288362503051758,860.0
0.005288362503051758,935.0
0.005288362503051758,927.0
0.005288362503051758,935.0
0.005288362503051758,920.0
0.005288362503051758,992.0
0.005288362503051758,963.0
0.005288362503051758,992.0
0.005288362503051758,984.0
0.005288362503051758,938.0
0.005288362503051758,946.0
0.005288362503051758,938.0
0.005288362503051758,909.0
0.005288362503051758,924.0
0.005288362503051758,932.0
0.005288362503051758,924.0
0.005288362503051758,907.0
0.005288362503051758,915.0
0.005288362503051758,961.0
0.005288362503051758,921.0
0.005288362503051758,956.0
0.005288362503051758,985.0
0.005288362503051758,970.0
0.005288362503051758,1010.0
0.005288362503051758,970.0
0.005288362503051758,1010.0
0.005288362503051758,1002.0
0.005288362503051758,1010.0
0.005288362503051758,970.0
0.005288362503051758,1010.0
0.005288362503051758,975.0
0.005288362503051758,1019.0
0.005288362503051758,990.0
0.005288362503051758,1025.0
0.005288362503051758,990.0
0.005288362503051758,1019.0
0.005288362503051758,944.0
0.005288362503051758,898.0
0.006499528884887695,973.0
0.006499528884887695,918.0
0.006499528884887695,933.0
0.006499528884887695,979.0
0.006499528884887695,964.0
0.006499528884887695,956.0
0.006499528884887695,1011.0
0.006499528884887695,933.0
0.006499528884887695,1011.0
0.006499528884887695,971.0
0.006499528884887695,942.0
0.006499528884887695,982.0
0.006499528884887695,1011.0
0.006499528884887695,1019.0
0.006499528884887695,1011.0
0.006499528884887695,1019.0
0.006499528884887695,979.0
0.006499528884887695,904.0
0.006499528884887695,921.0
0.006499528884887695,892.0
0.006499528884887695,907.0
0.006499528884887695,936.0
0.006499528884887695,907.0
0.006499528884887695,890.0
0.006499528884887695,919.0
0.006499528884887695,936.0
0.006499528884887695,919.0
0.006499528884887695,959.0
0.006499528884887695,919.0
0.006499528884887695,954.0
0.006499528884887695,939.0
0.006499528884887695,956.0
0.006499528884887695,948.0
0.006499528884887695,956.0
0.006499528884887695,912.0
0.006499528884887695,952.0
0.006499528884887695,912.0
0.006499528884887695,927.0
0.006499528884887695,910.0
0.006499528884887695,985.0
0.006499528884887695,977.0
0.006499528884887695,985.0
0.006499528884887695,970.0
0.006499528884887695,941.0
0.006499528884887695,985.0
0.006499528884887695,1025.0
0.006499528884887695,1017.0
0.006499528884887695,1025.0
0.006499528884887695,1017.0
0.006499528884887695,1025.0
0.006499528884887695,985.0
0.006499528884887695,1025.0
0.006499528884887695,1017.0
0.006499528884887695,1025.0
0.006499528884887695,1017.0
0.006499528884887695,1025.0
0.006499528884887695,1017.0
0.006499528884887695,1025.0
0.006499528884887695,1017.0
0.006499528884887695,1025.0
0.0073299407958984375,1017.0
0.0073299407958984375,1025.0
0.0073299407958984375,1017.0
0.0073299407958984375,1025.0
0.0073299407958984375,1017.0
0.0073299407958984375,1025.0
0.0073299407958984375,981.0
0.0073299407958984375,998.0
0.0073299407958984375,990.0
0.0073299407958984375,998.0
0.0073299407958984375,990.0
0.0073299407958984375,998.0
0.0073299407958984375,990.0
0.0073299407958984375,998.0
0.008180618286132812,990.0
0.008180618286132812,998.0
0.008180618286132812,981.0
0.008180618286132812,996.0
0.008180618286132812,981.0
0.008180618286132812,996.0
0.008180618286132812,988.0
0.008180618286132812,973.0
0.008180618286132812,990.0
0.008180618286132812,998.0
0.008180618286132812,990.0
0.008180618286132812,973.0
0.008180618286132812,988.0
0.008180618286132812,996.0
