0.0,895.0
0.0,849.0
0.0,771.0
0.0,699.0
0.0,638.0
0.0,710.0
0.0,788.0
0.0,805.0
0.0,730.0
0.0,774.0
0.0,759.0
0.0,696.0
0.0,641.0
0.0,704.0
0.0,627.0
0.0,688.0
0.0,644.0
0.0,569.0
0.0,613.0
0.0,578.0
0.0,668.0
0.0,708.0
0.0,647.0
0.0,569.0
0.0,646.0
0.0,707.0
0.0,667.0
0.0,623.0
0.0,548.0
0.0,626.0
0.0,535.0
0.0010075569152832031,590.0
0.0010075569152832031,681.0
0.0010075569152832031,716.0
0.0010075569152832031,626.0
0.0010075569152832031,641.0
0.0010075569152832031,731.0
0.0010075569152832031,659.0
0.0010075569152832031,619.0
0.0010075569152832031,691.0
0.0010075569152832031,766.0
0.0010075569152832031,689.0
0.0010075569152832031,764.0
0.0010075569152832031,729.0
0.0010075569152832031,714.0
0.0010075569152832031,706.0
0.0010075569152832031,783.0
0.0010075569152832031,829.0
0.0010075569152832031,783.0
0.0010075569152832031,708.0
0.0010075569152832031,752.0
0.0010075569152832031,662.0
0.0010075569152832031,737.0
0.0010075569152832031,662.0
0.0010075569152832031,645.0
0.0010075569152832031,554.0
0.0010843276977539062,594.0
0.0010843276977539062,554.0
0.0010843276977539062,510.0
0.0010843276977539062,556.0
0.0010843276977539062,564.0
0.0010843276977539062,604.0
0.0010843276977539062,543.0
0.0010843276977539062,468.0
0.0010843276977539062,508.0
0.0010843276977539062,525.0
0.0010843276977539062,470.0
0.0010843276977539062,424.0
0.0010843276977539062,395.0
0.0010843276977539062,355.0
0.0010843276977539062,292.0
0.0010843276977539062,353.0
0.0010843276977539062,336.0
0.0010843276977539062,380.0
0.0010843276977539062,420.0
0.0010843276977539062,437.0
0.0010843276977539062,420.0
0.0010843276977539062,495.0
0.0010843276977539062,586.0
0.0010843276977539062,511.0
0.0010843276977539062,601.0
0.0010843276977539062,676.0
0.0010843276977539062,705.0
0.0010843276977539062,627.0
0.0010843276977539062,702.0
0.0010843276977539062,719.0
0.0010843276977539062,658.0
0.0010843276977539062,629.0
0.0010843276977539062,538.0
0.0010843276977539062,599.0
0.0010843276977539062,662.0
0.0010843276977539062,654.0
0.0010843276977539062,614.0
0.0010843276977539062,622.0
0.0010843276977539062,697.0
0.0010843276977539062,653.0
0.0010843276977539062,613.0
0.0010843276977539062,541.0
0.0010843276977539062,613.0
0.0010843276977539062,659.0
0.0010843276977539062,642.0
0.0010843276977539062,677.0
0.0010843276977539062,694.0
0.0010843276977539062,659.0
0.0010843276977539062,674.0
0.0010843276977539062,597.0
0.0010843276977539062,688.0
0.0010843276977539062,673.0
0.0010843276977539062,708.0
0.0010843276977539062,763.0
0.0010843276977539062,840.0
0.0010843276977539062,765.0
0.0010843276977539062,719.0
0.0010843276977539062,642.0
0.0010843276977539062,567.0
0.0010843276977539062,642.0
0.0010843276977539062,570.0
0.0010843276977539062,495.0
0.0010843276977539062,434.0
0.0010843276977539062,379.0
0.0010843276977539062,457.0
0.0010843276977539062,503.0
0.0010843276977539062,578.0
0.0010843276977539062,488.0
0.0010843276977539062,413.0
0.0010843276977539062,338.0
0.0010843276977539062,413.0
0.0010843276977539062,442.0
0.0010843276977539062,519.0
0.0010843276977539062,559.0
0.0010843276977539062,524.0
0.0010843276977539062,596.0
0.0010843276977539062,588.0
0.0010843276977539062,559.0
0.0010843276977539062,649.0
0.0010843276977539062,678.0
0.0010843276977539062,753.0
0.0010843276977539062,828.0
0.0010843276977539062,883.0
0.0010843276977539062,792.0
0.0010843276977539062,720.0
0.0010843276977539062,811.0
0.0010843276977539062,826.0
0.0010843276977539062,834.0
0.0010843276977539062,771.0
0.0010843276977539062,763.0
0.0010843276977539062,686.0
0.0010843276977539062,595.0
0.0010843276977539062,520.0
0.0010843276977539062,581.0
0.0010843276977539062,506.0
0.0010843276977539062,569.0
0.0010843276977539062,554.0
0.0010843276977539062,598.0
0.0010843276977539062,673.0
0.0010843276977539062,629.0
0.0010843276977539062,554.0
0.0010843276977539062,569.0
0.0010843276977539062,644.0
0.0010843276977539062,615.0
0.0010843276977539062,537.0
0.0010843276977539062,474.0
0.0010843276977539062,546.0
0.0010843276977539062,590.0
0.0010843276977539062,598.0
0.0010843276977539062,689.0
0.0010843276977539062,767.0
0.0010843276977539062,695.0
0.0010843276977539062,680.0
0.0010843276977539062,663.0
0.0010843276977539062,619.0
0.0010843276977539062,544.0
0.0010843276977539062,619.0
0.0012466907501220703,529.0
0.0012466907501220703,454.0
0.0012466907501220703,529.0
0.0012466907501220703,454.0
0.0012466907501220703,471.0
0.0012466907501220703,431.0
0.0012466907501220703,370.0
0.0012466907501220703,445.0
0.0012466907501220703,370.0
0.0012466907501220703,385.0
0.0012466907501220703,429.0
0.0012466907501220703,492.0
0.0012466907501220703,532.0
0.0012466907501220703,607.0
0.0012466907501220703,516.0
0.0012466907501220703,438.0
0.0012466907501220703,421.0
0.0012466907501220703,512.0
0.0012466907501220703,547.0
0.0012466907501220703,456.0
0.0012466907501220703,441.0
0.0012466907501220703,481.0
0.0012466907501220703,418.0
0.0012466907501220703,343.0
0.0012466907501220703,335.0
0.0012466907501220703,352.0
0.0012466907501220703,277.0
0.0012466907501220703,242.0
0.0012466907501220703,320.0
0.0012466907501220703,276.0
0.0012466907501220703,367.0
0.0012466907501220703,289.0
0.0012466907501220703,350.0
0.0012466907501220703,304.0
0.0012466907501220703,264.0
0.0012466907501220703,341.0
0.0012466907501220703,264.0
0.0012466907501220703,247.0
0.0012466907501220703,262.0
0.0012466907501220703,325.0
0.0012466907501220703,403.0
0.0012466907501220703,342.0
0.0012466907501220703,279.0
0.0012466907501220703,308.0
0.0012466907501220703,383.0
0.0012466907501220703,427.0
0.0012466907501220703,387.0
0.0012466907501220703,372.0
0.0012466907501220703,449.0
0.0012466907501220703,420.0
0.0012466907501220703,342.0
0.0012466907501220703,298.0
0.0012466907501220703,338.0
0.0012466907501220703,353.0
0.0012466907501220703,388.0
0.0012466907501220703,451.0
0.0012466907501220703,374.0
0.0012466907501220703,464.0
0.0012466907501220703,541.0
0.0012466907501220703,464.0
0.0012466907501220703,481.0
0.0012466907501220703,426.0
0.0012466907501220703,498.0
0.0012466907501220703,544.0
0.0012466907501220703,481.0
0.0012466907501220703,521.0
0.0012466907501220703,431.0
0.0012466907501220703,391.0
0.0012466907501220703,345.0
0.0012466907501220703,389.0
0.0012466907501220703,467.0
0.0012466907501220703,544.0
0.0012466907501220703,605.0
0.0012466907501220703,544.0
0.0012466907501220703,453.0
0.0012466907501220703,409.0
0.0012466907501220703,332.0
0.0012466907501220703,407.0
0.0012466907501220703,372.0
0.0012466907501220703,447.0
0.0012466907501220703,482.0
0.0012466907501220703,407.0
0.0012466907501220703,447.0
0.0012466907501220703,502.0
0.0012466907501220703,467.0
0.0012466907501220703,513.0
0.0012466907501220703,458.0
0.0012466907501220703,443.0
0.0012466907501220703,506.0
0.0012466907501220703,434.0
0.0012466907501220703,506.0
0.0012466907501220703,550.0
0.001348733901977539,510.0
0.001348733901977539,493.0
0.001348733901977539,570.0
0.001348733901977539,493.0
0.001348733901977539,418.0
0.001348733901977539,343.0
0.001348733901977539,418.0
0.001348733901977539,355.0
0.001348733901977539,277.0
0.001348733901977539,332.0
0.001348733901977539,410.0
0.001348733901977539,427.0
0.001348733901977539,435.0
0.001348733901977539,470.0
0.001348733901977539,426.0
0.001348733901977539,371.0
0.001348733901977539,462.0
0.001348733901977539,416.0
0.001348733901977539,471.0
0.001348733901977539,511.0
0.001348733901977539,456.0
0.001348733901977539,533.0
0.001348733901977539,577.0
0.001348733901977539,667.0
0.001348733901977539,595.0
0.001348733901977539,578.0
0.001348733901977539,639.0
0.001348733901977539,694.0
0.001348733901977539,619.0
0.001348733901977539,584.0
0.001348733901977539,493.0
0.001348733901977539,568.0
0.001348733901977539,603.0
0.001348733901977539,548.0
0.001348733901977539,508.0
0.001348733901977539,548.0
0.001348733901977539,508.0
0.001348733901977539,580.0
0.001348733901977539,540.0
0.001348733901977539,603.0
0.001348733901977539,525.0
0.001348733901977539,481.0
0.001348733901977539,498.0
0.001348733901977539,408.0
0.001348733901977539,336.0
0.001348733901977539,426.0
0.001348733901977539,418.0
0.001348733901977539,447.0
0.001348733901977539,493.0
0.001348733901977539,548.0
0.001348733901977539,620.0
0.001348733901977539,585.0
0.001348733901977539,495.0
0.001348733901977539,510.0
0.001348733901977539,449.0
0.001348733901977539,539.0
0.001348733901977539,464.0
0.001348733901977539,392.0
0.001348733901977539,346.0
0.001348733901977539,437.0
0.001348733901977539,509.0
0.001348733901977539,584.0
0.001348733901977539,624.0
0.001348733901977539,664.0
0.001348733901977539,739.0
0.001348733901977539,814.0
0.001348733901977539,739.0
0.001348733901977539,662.0
0.001348733901977539,706.0
0.001348733901977539,677.0
0.001348733901977539,752.0
0.001348733901977539,697.0
0.001348733901977539,775.0
0.001348733901977539,703.0
0.001348733901977539,625.0
0.001348733901977539,550.0
0.001348733901977539,460.0
0.001348733901977539,489.0
0.001348733901977539,474.0
0.001348733901977539,434.0
0.001348733901977539,390.0
0.001348733901977539,425.0
0.001348733901977539,440.0
0.001348733901977539,377.0
0.001348733901977539,467.0
0.001348733901977539,530.0
0.001348733901977539,455.0
0.001348733901977539,392.0
0.001348733901977539,363.0
0.001348733901977539,273.0
0.001348733901977539,336.0
0.001348733901977539,414.0
0.001348733901977539,336.0
0.001348733901977539,391.0
0.001348733901977539,376.0
0.001348733901977539,313.0
0.001348733901977539,328.0
0.001348733901977539,288.0
0.001348733901977539,273.0
0.001348733901977539,350.0
0.001348733901977539,295.0
0.001348733901977539,278.0
0.001348733901977539,295.0
0.001348733901977539,278.0
0.001348733901977539,187.0
0.001348733901977539,231.0
0.001348733901977539,156.0
0.001348733901977539,173.0
0.001348733901977539,181.0
0.001348733901977539,227.0
0.001348733901977539,290.0
0.001348733901977539,351.0
0.001348733901977539,426.0
0.001348733901977539,380.0
0.001348733901977539,426.0
0.001348733901977539,517.0
0.001348733901977539,473.0
0.001348733901977539,548.0
0.001348733901977539,487.0
0.001348733901977539,452.0
0.001348733901977539,487.0
0.001348733901977539,531.0
0.001348733901977539,606.0
0.001348733901977539,621.0
0.001348733901977539,661.0
0.001348733901977539,733.0
0.001348733901977539,811.0
0.001348733901977539,748.0
0.001348733901977539,838.0
0.001348733901977539,766.0
0.001348733901977539,827.0
0.001348733901977539,783.0
0.001348733901977539,737.0
0.001348733901977539,792.0
0.001348733901977539,702.0
0.001348733901977539,625.0
0.001348733901977539,610.0
0.001348733901977539,532.0
0.001348733901977539,515.0
0.001348733901977539,587.0
0.001348733901977539,602.0
0.001348733901977539,642.0
0.001348733901977539,581.0
0.001348733901977539,506.0
0.001348733901977539,596.0
0.001348733901977539,613.0
0.001348733901977539,578.0
0.001348733901977539,488.0
0.001348733901977539,532.0
0.001348733901977539,524.0
0.001348733901977539,614.0
0.001348733901977539,574.0
0.001348733901977539,652.0
0.001348733901977539,681.0
0.001348733901977539,637.0
0.001348733901977539,565.0
0.001348733901977539,628.0
0.001348733901977539,565.0
0.001348733901977539,573.0
0.001348733901977539,556.0
0.001348733901977539,619.0
0.001348733901977539,556.0
0.001348733901977539,633.0
0.001348733901977539,558.0
0.001348733901977539,630.0
0.001348733901977539,553.0
0.001348733901977539,462.0
0.001348733901977539,384.0
0.001348733901977539,430.0
0.001348733901977539,508.0
0.001348733901977539,430.0
0.001348733901977539,415.0
0.001348733901977539,490.0
0.001348733901977539,551.0
0.001348733901977539,522.0
0.001348733901977539,447.0
0.001348733901977539,476.0
0.001348733901977539,447.0
0.001348733901977539,407.0
0.001348733901977539,447.0
0.001348733901977539,439.0
0.001348733901977539,530.0
0.001348733901977539,469.0
0.001348733901977539,513.0
0.001348733901977539,530.0
0.001348733901977539,608.0
0.001348733901977539,616.0
0.001348733901977539,561.0
0.001348733901977539,553.0
0.001348733901977539,588.0
0.001348733901977539,628.0
0.001348733901977539,584.0
0.001348733901977539,494.0
0.001348733901977539,569.0
0.001348733901977539,494.0
0.001348733901977539,502.0
0.001348733901977539,577.0
0.001348733901977539,560.0
0.001348733901977539,485.0
0.001348733901977539,575.0
0.001348733901977539,650.0
0.001348733901977539,727.0
0.001348733901977539,756.0
0.001348733901977539,811.0
0.001348733901977539,855.0
0.001348733901977539,820.0
0.001348733901977539,791.0
0.001348733901977539,820.0
0.001348733901977539,742.0
0.001348733901977539,667.0
0.001348733901977539,684.0
0.001348733901977539,759.0
0.001348733901977539,684.0
0.001348733901977539,699.0
0.001348733901977539,670.0
0.001348733901977539,593.0
0.001348733901977539,668.0
0.001348733901977539,578.0
0.001348733901977539,561.0
0.001348733901977539,553.0
0.001348733901977539,498.0
0.001348733901977539,423.0
0.001348733901977539,486.0
0.001348733901977539,563.0
0.001348733901977539,618.0
0.001348733901977539,693.0
0.001348733901977539,783.0
0.001348733901977539,818.0
0.001348733901977539,803.0
0.001348733901977539,864.0
0.001348733901977539,872.0
0.001348733901977539,797.0
0.001348733901977539,826.0
0.001348733901977539,763.0
0.001348733901977539,708.0
0.001348733901977539,679.0
0.001348733901977539,588.0
0.001348733901977539,542.0
0.001348733901977539,597.0
0.001348733901977539,614.0
0.002457857131958008,692.0
0.002457857131958008,675.0
0.002457857131958008,614.0
0.002457857131958008,559.0
0.002457857131958008,622.0
0.002457857131958008,651.0
0.002457857131958008,574.0
0.002457857131958008,530.0
0.002457857131958008,585.0
0.002457857131958008,545.0
0.002457857131958008,620.0
0.002457857131958008,591.0
0.002457857131958008,536.0
0.002457857131958008,551.0
0.002457857131958008,476.0
0.002457857131958008,413.0
0.002457857131958008,474.0
0.002457857131958008,399.0
0.002457857131958008,490.0
0.002457857131958008,429.0
0.002457857131958008,490.0
0.002457857131958008,565.0
0.002457857131958008,487.0
0.002457857131958008,531.0
0.002457857131958008,516.0
0.002457857131958008,481.0
0.002457857131958008,558.0
0.002457857131958008,598.0
0.002457857131958008,507.0
0.002457857131958008,467.0
0.002457857131958008,530.0
0.002457857131958008,440.0
0.002457857131958008,432.0
0.002457857131958008,360.0
0.002457857131958008,415.0
0.002457857131958008,338.0
0.002457857131958008,429.0
0.002457857131958008,389.0
0.002457857131958008,345.0
0.002457857131958008,389.0
0.002457857131958008,461.0
0.002457857131958008,386.0
0.002457857131958008,426.0
0.002457857131958008,386.0
0.002457857131958008,476.0
0.002457857131958008,554.0
0.002457857131958008,562.0
0.002457857131958008,579.0
0.002457857131958008,594.0
0.002457857131958008,533.0
0.002457857131958008,573.0
0.002457857131958008,648.0
0.002457857131958008,723.0
0.002457857131958008,633.0
0.002457857131958008,561.0
0.002457857131958008,633.0
0.002457857131958008,673.0
0.002457857131958008,748.0
0.002457857131958008,670.0
0.002457857131958008,747.0
0.002457857131958008,707.0
0.002457857131958008,768.0
0.002457857131958008,707.0
0.002457857131958008,652.0
0.002457857131958008,561.0
0.002457857131958008,651.0
0.002457857131958008,636.0
0.002457857131958008,561.0
0.002457857131958008,622.0
0.002457857131958008,578.0
0.002457857131958008,593.0
0.002457857131958008,585.0
0.002457857131958008,522.0
0.002457857131958008,597.0
0.002457857131958008,525.0
0.002457857131958008,448.0
0.002457857131958008,520.0
0.002457857131958008,611.0
0.002457857131958008,571.0
0.002457857131958008,496.0
0.002457857131958008,481.0
0.002457857131958008,406.0
0.002457857131958008,331.0
0.002457857131958008,270.0
0.002457857131958008,347.0
0.002457857131958008,422.0
0.002457857131958008,477.0
0.002457857131958008,506.0
0.002457857131958008,552.0
0.002457857131958008,535.0
0.002457857131958008,550.0
0.002457857131958008,535.0
0.002457857131958008,575.0
0.002457857131958008,535.0
0.002457857131958008,550.0
0.002457857131958008,611.0
0.002457857131958008,646.0
0.002457857131958008,611.0
0.002457857131958008,565.0
0.002457857131958008,600.0
0.002457857131958008,523.0
0.002457857131958008,601.0
0.002457857131958008,529.0
0.002457857131958008,601.0
0.002457857131958008,529.0
0.002457857131958008,604.0
0.002457857131958008,612.0
0.002457857131958008,597.0
0.002457857131958008,637.0
0.002457857131958008,562.0
0.002457857131958008,527.0
0.002457857131958008,567.0
0.002457857131958008,492.0
0.002457857131958008,414.0
0.002457857131958008,429.0
0.002457857131958008,446.0
0.002457857131958008,406.0
0.002457857131958008,484.0
0.002457857131958008,519.0
0.002457857131958008,511.0
0.002457857131958008,551.0
0.002457857131958008,511.0
0.002457857131958008,482.0
0.002457857131958008,465.0
0.002457857131958008,450.0
0.002457857131958008,415.0
0.002457857131958008,430.0
0.002457857131958008,505.0
0.002457857131958008,582.0
0.002457857131958008,505.0
0.002457857131958008,415.0
0.002457857131958008,400.0
0.002457857131958008,309.0
0.002457857131958008,344.0
0.002457857131958008,435.0
0.002457857131958008,400.0
0.002457857131958008,446.0
0.002457857131958008,461.0
0.002457857131958008,536.0
0.002457857131958008,613.0
0.002457857131958008,688.0
0.002457857131958008,642.0
0.002457857131958008,682.0
0.002457857131958008,604.0
0.002457857131958008,694.0
0.002457857131958008,740.0
0.002457857131958008,812.0
0.002457857131958008,766.0
0.002457857131958008,711.0
0.002457857131958008,634.0
0.002457857131958008,573.0
0.002457857131958008,636.0
0.002457857131958008,561.0
0.002457857131958008,639.0
0.002457857131958008,548.0
0.002457857131958008,639.0
0.002457857131958008,716.0
0.002457857131958008,641.0
0.002457857131958008,702.0
0.002457857131958008,746.0
0.002457857131958008,801.0
0.002457857131958008,729.0
0.002457857131958008,764.0
0.002457857131958008,836.0
0.002457857131958008,796.0
0.002457857131958008,724.0
0.002457857131958008,770.0
0.002457857131958008,778.0
0.002457857131958008,715.0
0.002457857131958008,790.0
0.002457857131958008,807.0
0.002457857131958008,790.0
0.002457857131958008,735.0
0.002457857131958008,764.0
0.002457857131958008,749.0
0.002457857131958008,703.0
0.002457857131958008,642.0
0.002457857131958008,567.0
0.002457857131958008,477.0
0.002457857131958008,442.0
0.002457857131958008,517.0
0.002457857131958008,532.0
0.002457857131958008,492.0
0.002457857131958008,555.0
0.002457857131958008,492.0
0.002457857131958008,547.0
0.002457857131958008,587.0
0.002457857131958008,510.0
0.002457857131958008,600.0
0.002457857131958008,592.0
0.002457857131958008,669.0
0.002457857131958008,592.0
0.002457857131958008,667.0
0.002457857131958008,576.0
0.002457857131958008,501.0
0.002457857131958008,457.0
0.002457857131958008,442.0
0.002457857131958008,367.0
0.002457857131958008,430.0
0.002457857131958008,476.0
0.002457857131958008,516.0
0.002457857131958008,551.0
0.002457857131958008,568.0
0.002457857131958008,513.0
0.002457857131958008,604.0
0.002457857131958008,558.0
0.002457857131958008,480.0
0.002457857131958008,558.0
0.002457857131958008,467.0
0.002457857131958008,427.0
0.002457857131958008,502.0
0.002457857131958008,427.0
0.002457857131958008,352.0
0.002457857131958008,262.0
0.002457857131958008,353.0
0.002457857131958008,428.0
0.002457857131958008,399.0
0.002457857131958008,489.0
0.002457857131958008,504.0
0.002457857131958008,413.0
0.002457857131958008,459.0
0.002457857131958008,499.0
0.002457857131958008,436.0
0.002457857131958008,346.0
0.002457857131958008,354.0
0.002457857131958008,276.0
0.002457857131958008,268.0
0.002457857131958008,228.0
0.002457857131958008,305.0
0.002457857131958008,380.0
0.002457857131958008,458.0
0.002457857131958008,549.0
0.002457857131958008,474.0
0.002457857131958008,549.0
0.002457857131958008,621.0
0.002457857131958008,696.0
0.002457857131958008,759.0
0.002457857131958008,724.0
0.002457857131958008,779.0
0.002457857131958008,814.0
0.002457857131958008,875.0
0.002457857131958008,829.0
0.002457857131958008,754.0
0.002457857131958008,844.0
0.002457857131958008,890.0
0.002457857131958008,835.0
0.002457857131958008,864.0
0.002457857131958008,803.0
0.002457857131958008,728.0
0.002457857131958008,656.0
0.002457857131958008,711.0
0.002457857131958008,636.0
0.002457857131958008,581.0
0.002457857131958008,656.0
0.002457857131958008,664.0
0.002457857131958008,601.0
0.002457857131958008,662.0
0.002457857131958008,737.0
0.002457857131958008,702.0
0.002457857131958008,687.0
0.002457857131958008,658.0
0.002457857131958008,581.0
0.002457857131958008,610.0
0.002457857131958008,564.0
0.002457857131958008,503.0
0.002457857131958008,580.0
0.002457857131958008,641.0
0.002457857131958008,713.0
0.002457857131958008,748.0
0.002457857131958008,788.0
0.002457857131958008,834.0
0.002457857131958008,826.0
0.002457857131958008,834.0
0.002457857131958008,762.0
0.002457857131958008,754.0
0.002457857131958008,676.0
0.002457857131958008,751.0
0.002457857131958008,734.0
0.002457857131958008,659.0
0.002457857131958008,731.0
0.002457857131958008,775.0
0.002457857131958008,735.0
0.002457857131958008,810.0
0.002457857131958008,735.0
0.002457857131958008,700.0
0.002457857131958008,775.0
0.002457857131958008,830.0
0.002457857131958008,786.0
0.002457857131958008,864.0
0.002457857131958008,879.0
0.002457857131958008,864.0
0.002457857131958008,908.0
0.002457857131958008,879.0
0.002457857131958008,896.0
0.002457857131958008,819.0
0.002457857131958008,729.0
0.002457857131958008,744.0
0.002457857131958008,689.0
0.002457857131958008,674.0
0.002457857131958008,737.0
0.002457857131958008,693.0
0.002457857131958008,722.0
0.002457857131958008,647.0
0.002457857131958008,691.0
0.002457857131958008,726.0
0.002457857131958008,680.0
0.002457857131958008,636.0
0.002457857131958008,726.0
0.002457857131958008,654.0
0.002457857131958008,591.0
0.002457857131958008,556.0
0.002457857131958008,602.0
0.002457857131958008,524.0
0.002457857131958008,449.0
0.002457857131958008,527.0
0.002457857131958008,510.0
0.002457857131958008,449.0
0.002457857131958008,493.0
0.002457857131958008,548.0
0.002457857131958008,470.0
0.002457857131958008,485.0
0.002457857131958008,563.0
0.002457857131958008,485.0
0.002457857131958008,502.0
0.002457857131958008,563.0
0.002457857131958008,472.0
0.002457857131958008,397.0
0.002457857131958008,437.0
0.002457857131958008,408.0
0.002457857131958008,480.0
0.002457857131958008,440.0
0.002457857131958008,469.0
0.002457857131958008,544.0
0.002457857131958008,607.0
0.002457857131958008,567.0
0.002457857131958008,642.0
0.002457857131958008,682.0
0.002457857131958008,690.0
0.002457857131958008,675.0
0.002457857131958008,766.0
0.002457857131958008,691.0
0.002457857131958008,630.0
0.002457857131958008,558.0
0.002457857131958008,503.0
0.002457857131958008,412.0
0.002457857131958008,503.0
0.002457857131958008,457.0
0.002457857131958008,440.0
0.002457857131958008,518.0
0.002457857131958008,558.0
0.002457857131958008,518.0
0.002457857131958008,489.0
0.002457857131958008,506.0
0.002457857131958008,567.0
0.002457857131958008,582.0
0.002457857131958008,659.0
0.002457857131958008,644.0
0.002457857131958008,583.0
0.002457857131958008,493.0
0.002457857131958008,565.0
0.002457857131958008,521.0
0.002457857131958008,550.0
0.002457857131958008,475.0
0.002457857131958008,458.0
0.002457857131958008,533.0
0.002457857131958008,577.0
0.002457857131958008,632.0
0.002457857131958008,624.0
0.002457857131958008,714.0
0.002457857131958008,760.0
0.002457857131958008,720.0
0.002457857131958008,795.0
0.002457857131958008,812.0
0.002457857131958008,847.0
0.002457857131958008,756.0
0.002457857131958008,681.0
0.002457857131958008,689.0
0.002457857131958008,729.0
0.002457857131958008,652.0
0.002457857131958008,727.0
0.002457857131958008,649.0
0.002457857131958008,620.0
0.002457857131958008,649.0
0.002457857131958008,664.0
0.002457857131958008,592.0
0.002457857131958008,584.0
0.002457857131958008,645.0
0.002457857131958008,610.0
0.002457857131958008,682.0
0.002457857131958008,607.0
0.002457857131958008,561.0
0.002457857131958008,596.0
0.002457857131958008,673.0
0.002457857131958008,748.0
0.002457857131958008,733.0
0.002457857131958008,678.0
0.002457857131958008,718.0
0.002457857131958008,641.0
0.002457857131958008,566.0
0.002457857131958008,526.0
0.002457857131958008,486.0
0.002457857131958008,564.0
0.002457857131958008,604.0
0.002457857131958008,526.0
0.002457857131958008,601.0
0.002457857131958008,511.0
0.002457857131958008,494.0
0.002457857131958008,584.0
0.002457857131958008,601.0
0.002457857131958008,572.0
0.002457857131958008,500.0
0.002457857131958008,577.0
0.002457857131958008,502.0
0.002457857131958008,577.0
0.002457857131958008,592.0
0.002457857131958008,577.0
0.002457857131958008,487.0
0.002457857131958008,533.0
0.002457857131958008,623.0
0.002457857131958008,560.0
0.002457857131958008,575.0
0.002457857131958008,529.0
0.002457857131958008,485.0
0.002457857131958008,450.0
0.002457857131958008,513.0
0.002457857131958008,585.0
0.002457857131958008,522.0
0.002457857131958008,557.0
0.002457857131958008,635.0
0.002457857131958008,620.0
0.002457857131958008,548.0
0.002457857131958008,508.0
0.002457857131958008,433.0
0.002457857131958008,473.0
0.002457857131958008,433.0
0.002457857131958008,343.0
0.002457857131958008,433.0
0.002457857131958008,355.0
0.002457857131958008,294.0
0.002457857131958008,366.0
0.002457857131958008,395.0
0.002457857131958008,305.0
0.002457857131958008,313.0
0.002457857131958008,357.0
0.002457857131958008,372.0
0.002457857131958008,463.0
0.002457857131958008,503.0
0.002457857131958008,412.0
0.002457857131958008,452.0
0.002457857131958008,375.0
0.002457857131958008,367.0
0.002457857131958008,352.0
0.002457857131958008,360.0
0.002457857131958008,375.0
0.002457857131958008,466.0
0.002457857131958008,541.0
0.002457857131958008,602.0
0.002457857131958008,677.0
0.002457857131958008,637.0
0.002457857131958008,683.0
0.002457857131958008,746.0
0.002457857131958008,717.0
0.002457857131958008,746.0
0.002457857131958008,711.0
0.002457857131958008,682.0
0.002457857131958008,722.0
0.002457857131958008,800.0
0.002457857131958008,737.0
0.002457857131958008,720.0
0.002457857131958008,775.0
0.002457857131958008,700.0
0.002457857131958008,656.0
0.002457857131958008,616.0
0.002457857131958008,691.0
0.002457857131958008,683.0
0.002457857131958008,668.0
0.002457857131958008,685.0
0.002457857131958008,639.0
0.002457857131958008,647.0
0.002457857131958008,575.0
0.002457857131958008,590.0
0.002457857131958008,630.0
0.002457857131958008,707.0
0.002457857131958008,753.0
0.002457857131958008,675.0
0.002457857131958008,635.0
0.002457857131958008,595.0
0.002457857131958008,504.0
0.002457857131958008,576.0
0.002457857131958008,611.0
0.002457857131958008,674.0
0.002457857131958008,764.0
0.002457857131958008,756.0
0.002457857131958008,739.0
0.002457857131958008,704.0
0.002457857131958008,721.0
0.002457857131958008,675.0
0.002457857131958008,715.0
0.002457857131958008,700.0
0.002457857131958008,683.0
0.002457857131958008,643.0
0.002457857131958008,678.0
0.002457857131958008,718.0
0.002457857131958008,796.0
0.002457857131958008,887.0
0.002457857131958008,916.0
0.002457857131958008,841.0
0.002457857131958008,764.0
0.002457857131958008,839.0
0.002457857131958008,883.0
0.002457857131958008,929.0
0.002457857131958008,874.0
0.002457857131958008,799.0
0.002457857131958008,764.0
0.002457857131958008,701.0
0.002457857131958008,776.0
0.002457857131958008,736.0
0.002457857131958008,661.0
0.002457857131958008,615.0
0.002457857131958008,661.0
0.002457857131958008,586.0
0.002457857131958008,514.0
0.002457857131958008,468.0
0.002457857131958008,514.0
0.002457857131958008,589.0
0.002457857131958008,597.0
0.002457857131958008,551.0
0.002457857131958008,476.0
0.002457857131958008,401.0
0.002457857131958008,441.0
0.002457857131958008,516.0
0.002457857131958008,591.0
0.002457857131958008,606.0
0.002457857131958008,641.0
0.002457857131958008,713.0
0.002457857131958008,638.0
0.002457857131958008,701.0
0.002457857131958008,741.0
0.002457857131958008,680.0
0.002457857131958008,755.0
0.002457857131958008,692.0
0.002457857131958008,767.0
0.002457857131958008,677.0
0.002457857131958008,754.0
0.002457857131958008,746.0
0.002457857131958008,717.0
0.002457857131958008,642.0
0.002457857131958008,688.0
0.002457857131958008,653.0
0.002457857131958008,562.0
0.002457857131958008,579.0
0.002457857131958008,670.0
0.002457857131958008,745.0
0.002457857131958008,808.0
0.002457857131958008,764.0
0.002457857131958008,689.0
0.002457857131958008,614.0
0.002457857131958008,537.0
0.002457857131958008,545.0
0.002457857131958008,470.0
0.002457857131958008,407.0
0.002457857131958008,399.0
0.002457857131958008,489.0
0.002457857131958008,497.0
0.002457857131958008,572.0
0.002457857131958008,494.0
0.002457857131958008,419.0
0.002457857131958008,347.0
0.002457857131958008,330.0
0.002457857131958008,290.0
0.002457857131958008,362.0
0.002457857131958008,437.0
0.002457857131958008,472.0
0.002457857131958008,535.0
0.002457857131958008,596.0
0.002457857131958008,524.0
0.002457857131958008,599.0
0.002457857131958008,676.0
0.002457857131958008,716.0
0.002457857131958008,676.0
0.002457857131958008,613.0
0.002457857131958008,691.0
0.002457857131958008,754.0
0.002457857131958008,677.0
0.002457857131958008,616.0
0.002457857131958008,677.0
0.002457857131958008,706.0
0.002457857131958008,671.0
0.002457857131958008,580.0
0.002457857131958008,657.0
0.002457857131958008,580.0
0.002457857131958008,505.0
0.002457857131958008,459.0
0.002457857131958008,503.0
0.002457857131958008,463.0
0.002457857131958008,498.0
0.002457857131958008,408.0
0.002457857131958008,463.0
0.002457857131958008,428.0
0.002457857131958008,474.0
0.002457857131958008,459.0
0.002457857131958008,396.0
0.002457857131958008,468.0
0.002457857131958008,460.0
0.002457857131958008,495.0
0.002457857131958008,460.0
0.002457857131958008,550.0
0.002457857131958008,521.0
0.002457857131958008,561.0
0.002457857131958008,569.0
0.002457857131958008,644.0
0.002457857131958008,659.0
0.002457857131958008,722.0
0.002457857131958008,676.0
0.002457857131958008,711.0
0.002457857131958008,648.0
0.002457857131958008,739.0
0.002457857131958008,802.0
0.002457857131958008,848.0
0.002457857131958008,813.0
0.002457857131958008,750.0
0.002457857131958008,813.0
0.002457857131958008,758.0
0.002457857131958008,743.0
0.002457857131958008,668.0
0.002457857131958008,723.0
0.002457857131958008,683.0
0.002457857131958008,723.0
0.002457857131958008,763.0
0.002457857131958008,673.0
0.002457857131958008,612.0
0.002457857131958008,702.0
0.002457857131958008,777.0
0.002457857131958008,731.0
0.002457857131958008,748.0
0.002457857131958008,809.0
0.002457857131958008,844.0
0.002457857131958008,783.0
0.002457857131958008,708.0
0.002457857131958008,668.0
0.002457857131958008,708.0
0.002457857131958008,783.0
0.002457857131958008,739.0
0.002457857131958008,676.0
0.002457857131958008,753.0
0.002457857131958008,678.0
0.002457857131958008,603.0
0.002457857131958008,531.0
0.002457857131958008,546.0
0.002457857131958008,575.0
0.002457857131958008,567.0
0.002457857131958008,642.0
0.002457857131958008,625.0
0.002457857131958008,671.0
0.002457857131958008,631.0
0.002457857131958008,591.0
0.002457857131958008,666.0
0.002457857131958008,674.0
0.002457857131958008,599.0
0.002457857131958008,674.0
0.002457857131958008,714.0
0.002457857131958008,679.0
0.002457857131958008,719.0
0.002457857131958008,794.0
0.002457857131958008,866.0
0.002457857131958008,791.0
0.002457857131958008,852.0
0.002457857131958008,812.0
0.002457857131958008,766.0
0.002457857131958008,688.0
0.002457857131958008,734.0
0.002457857131958008,726.0
0.002457857131958008,636.0
0.002457857131958008,575.0
0.002457857131958008,529.0
0.002457857131958008,474.0
0.002457857131958008,434.0
0.002457857131958008,497.0
0.002457857131958008,514.0
0.002457857131958008,589.0
0.002457857131958008,514.0
0.002457857131958008,569.0
0.002457857131958008,492.0
0.002457857131958008,477.0
0.002457857131958008,402.0
0.002457857131958008,448.0
0.002457857131958008,483.0
0.002457857131958008,561.0
0.002457857131958008,506.0
0.002457857131958008,460.0
0.002457857131958008,443.0
0.002457857131958008,483.0
0.002457857131958008,560.0
0.002457857131958008,635.0
0.002457857131958008,725.0
0.002457857131958008,648.0
0.002457857131958008,619.0
0.002457857131958008,696.0
0.002457857131958008,740.0
0.002457857131958008,700.0
0.002457857131958008,610.0
0.002457857131958008,575.0
0.002457857131958008,590.0
0.002457857131958008,630.0
0.002457857131958008,691.0
0.002457857131958008,731.0
0.002457857131958008,659.0
0.002457857131958008,615.0
0.002457857131958008,524.0
0.002457857131958008,532.0
0.002457857131958008,607.0
0.002457857131958008,544.0
0.002457857131958008,616.0
0.002457857131958008,555.0
0.002457857131958008,584.0
0.002457857131958008,639.0
0.002457857131958008,700.0
0.002457857131958008,625.0
0.002457857131958008,553.0
0.002457857131958008,538.0
0.002457857131958008,613.0
0.002457857131958008,628.0
0.002457857131958008,718.0
0.002457857131958008,643.0
0.002457857131958008,635.0
0.002457857131958008,595.0
0.002457857131958008,670.0
0.002457857131958008,716.0
0.002457857131958008,779.0
0.002457857131958008,819.0
0.002457857131958008,863.0
0.002457857131958008,819.0
0.002457857131958008,756.0
0.002457857131958008,800.0
0.002457857131958008,872.0
0.002457857131958008,857.0
0.002457857131958008,796.0
0.002457857131958008,831.0
0.002457857131958008,846.0
0.002457857131958008,756.0
0.002457857131958008,817.0
0.002457857131958008,825.0
0.002457857131958008,750.0
0.002457857131958008,678.0
0.002457857131958008,750.0
0.002457857131958008,721.0
0.002457857131958008,643.0
0.002457857131958008,582.0
0.002457857131958008,673.0
0.002457857131958008,736.0
0.002457857131958008,681.0
0.002457857131958008,618.0
0.002457857131958008,603.0
0.002457857131958008,658.0
0.002457857131958008,614.0
0.002457857131958008,542.0
0.002457857131958008,620.0
0.00337982177734375,637.0
0.00337982177734375,666.0
0.00337982177734375,756.0
0.00337982177734375,701.0
0.00337982177734375,623.0
0.00337982177734375,546.0
0.00337982177734375,456.0
0.00337982177734375,528.0
0.00337982177734375,572.0
0.00337982177734375,649.0
0.00337982177734375,574.0
0.00337982177734375,637.0
0.00337982177734375,652.0
0.00337982177734375,589.0
0.00337982177734375,574.0
0.00337982177734375,649.0
0.00337982177734375,739.0
0.00337982177734375,794.0
0.00337982177734375,759.0
0.00337982177734375,668.0
0.00337982177734375,660.0
0.00337982177734375,751.0
0.00337982177734375,826.0
0.00337982177734375,749.0
0.00337982177734375,709.0
0.00337982177734375,749.0
0.00337982177734375,674.0
0.00337982177734375,628.0
0.00337982177734375,705.0
0.00337982177734375,783.0
0.00337982177734375,829.0
0.00337982177734375,837.0
0.00337982177734375,760.0
0.00337982177734375,821.0
0.00337982177734375,749.0
0.00337982177734375,709.0
0.00337982177734375,784.0
0.00337982177734375,776.0
0.00337982177734375,747.0
0.00337982177734375,787.0
0.00337982177734375,747.0
0.00337982177734375,824.0
0.00337982177734375,749.0
0.00337982177734375,688.0
0.00337982177734375,723.0
0.00337982177734375,731.0
0.00337982177734375,641.0
0.00337982177734375,681.0
0.00337982177734375,673.0
0.00337982177734375,627.0
0.00337982177734375,592.0
0.00337982177734375,575.0
0.00337982177734375,520.0
0.00337982177734375,566.0
0.00337982177734375,656.0
0.00337982177734375,731.0
0.00337982177734375,687.0
0.00337982177734375,695.0
0.00337982177734375,620.0
0.00337982177734375,612.0
0.00337982177734375,566.0
0.00337982177734375,526.0
0.00337982177734375,581.0
0.00337982177734375,596.0
0.00337982177734375,581.0
0.00337982177734375,506.0
0.00337982177734375,451.0
0.00337982177734375,491.0
0.00337982177734375,451.0
0.00337982177734375,374.0
0.00337982177734375,449.0
0.00337982177734375,521.0
0.00337982177734375,584.0
0.00337982177734375,619.0
0.00337982177734375,579.0
0.00337982177734375,634.0
0.00337982177734375,562.0
0.00337982177734375,606.0
0.00337982177734375,531.0
0.00337982177734375,571.0
0.00337982177734375,586.0
0.00337982177734375,571.0
0.00337982177734375,481.0
0.00337982177734375,556.0
0.00337982177734375,481.0
0.00337982177734375,406.0
0.00337982177734375,371.0
0.00337982177734375,446.0
0.00337982177734375,492.0
0.00337982177734375,509.0
0.00337982177734375,418.0
0.00337982177734375,458.0
0.00337982177734375,535.0
0.00337982177734375,626.0
0.00337982177734375,586.0
0.00337982177734375,542.0
0.00337982177734375,557.0
0.00337982177734375,482.0
0.00337982177734375,543.0
0.00337982177734375,488.0
0.00337982177734375,397.0
0.00337982177734375,488.0
0.00337982177734375,473.0
0.00337982177734375,502.0
0.00337982177734375,411.0
0.00337982177734375,446.0
0.00337982177734375,486.0
0.00337982177734375,425.0
0.00337982177734375,348.0
0.00337982177734375,403.0
0.00337982177734375,418.0
0.00337982177734375,401.0
0.00337982177734375,445.0
0.00337982177734375,462.0
0.00337982177734375,470.0
0.00337982177734375,560.0
0.00337982177734375,505.0
0.00337982177734375,488.0
0.00337982177734375,480.0
0.00337982177734375,436.0
0.00337982177734375,511.0
0.00337982177734375,586.0
0.00337982177734375,540.0
0.00337982177734375,557.0
0.00337982177734375,648.0
0.00337982177734375,613.0
0.00337982177734375,573.0
0.00337982177734375,498.0
0.00337982177734375,533.0
0.00337982177734375,442.0
0.00337982177734375,425.0
0.00337982177734375,433.0
0.00337982177734375,508.0
0.00337982177734375,500.0
0.00337982177734375,555.0
0.00337982177734375,540.0
0.00337982177734375,548.0
0.00337982177734375,540.0
0.00337982177734375,462.0
0.00337982177734375,506.0
0.00337982177734375,584.0
0.00337982177734375,675.0
0.00337982177734375,635.0
0.00337982177734375,600.0
0.00337982177734375,608.0
0.00337982177734375,654.0
0.00337982177734375,576.0
0.00337982177734375,653.0
0.00337982177734375,578.0
0.00337982177734375,618.0
0.00337982177734375,555.0
0.00337982177734375,595.0
0.00337982177734375,555.0
0.00337982177734375,595.0
0.00337982177734375,518.0
0.00337982177734375,427.0
0.00337982177734375,462.0
0.00337982177734375,416.0
0.00337982177734375,477.0
0.00337982177734375,552.0
0.00337982177734375,477.0
0.00337982177734375,437.0
0.00337982177734375,477.0
0.00337982177734375,469.0
0.00337982177734375,425.0
0.00337982177734375,440.0
0.00337982177734375,400.0
0.00337982177734375,408.0
0.00337982177734375,483.0
0.00337982177734375,574.0
0.00337982177734375,652.0
0.00337982177734375,727.0
0.00337982177734375,767.0
0.00337982177734375,784.0
0.00337982177734375,709.0
0.00337982177734375,669.0
0.00337982177734375,591.0
0.00337982177734375,516.0
0.00337982177734375,588.0
0.00337982177734375,516.0
0.00337982177734375,461.0
0.00337982177734375,453.0
0.00337982177734375,525.0
0.00337982177734375,510.0
0.00337982177734375,449.0
0.00337982177734375,359.0
0.00337982177734375,367.0
0.00337982177734375,430.0
0.00337982177734375,470.0
0.00337982177734375,441.0
0.00337982177734375,401.0
0.00337982177734375,479.0
0.00337982177734375,569.0
0.00337982177734375,624.0
0.00337982177734375,701.0
0.00337982177734375,626.0
0.00337982177734375,701.0
0.00337982177734375,629.0
0.00337982177734375,589.0
0.00337982177734375,581.0
0.00337982177734375,564.0
0.00337982177734375,473.0
0.00337982177734375,534.0
0.00337982177734375,542.0
0.00337982177734375,582.0
0.00337982177734375,574.0
0.00337982177734375,534.0
0.00337982177734375,580.0
0.00337982177734375,597.0
0.00337982177734375,520.0
0.00337982177734375,465.0
0.00337982177734375,390.0
0.00337982177734375,373.0
0.00337982177734375,417.0
0.00337982177734375,425.0
0.00337982177734375,442.0
0.00337982177734375,425.0
0.00337982177734375,442.0
0.00337982177734375,482.0
0.00337982177734375,442.0
0.00337982177734375,398.0
0.00337982177734375,453.0
0.00337982177734375,525.0
0.00337982177734375,447.0
0.00337982177734375,357.0
0.00337982177734375,397.0
0.00337982177734375,487.0
0.00337982177734375,527.0
0.00337982177734375,464.0
0.00337982177734375,539.0
0.00337982177734375,602.0
0.00337982177734375,617.0
0.00337982177734375,646.0
0.00337982177734375,629.0
0.00337982177734375,707.0
0.00337982177734375,751.0
0.00337982177734375,705.0
0.00337982177734375,782.0
0.00337982177734375,704.0
0.00337982177734375,782.0
0.00337982177734375,692.0
0.00337982177734375,767.0
0.00337982177734375,727.0
0.00337982177734375,672.0
0.00337982177734375,643.0
0.00337982177734375,734.0
0.00337982177734375,789.0
0.00337982177734375,749.0
0.00337982177734375,714.0
0.00337982177734375,636.0
0.00337982177734375,561.0
0.00337982177734375,607.0
0.00337982177734375,552.0
0.00337982177734375,581.0
0.00337982177734375,504.0
0.00337982177734375,475.0
0.00337982177734375,552.0
0.00337982177734375,461.0
0.00337982177734375,516.0
0.00337982177734375,607.0
0.00337982177734375,561.0
0.00337982177734375,636.0
0.00337982177734375,561.0
0.00337982177734375,484.0
0.00337982177734375,440.0
0.00337982177734375,480.0
0.00337982177734375,555.0
0.00337982177734375,632.0
0.00337982177734375,541.0
0.00337982177734375,466.0
0.00337982177734375,483.0
0.00337982177734375,527.0
0.00337982177734375,618.0
0.00337982177734375,664.0
0.00337982177734375,620.0
0.00337982177734375,557.0
0.00337982177734375,632.0
0.00337982177734375,624.0
0.00337982177734375,578.0
0.00337982177734375,517.0
0.00337982177734375,477.0
0.00337982177734375,517.0
0.00337982177734375,445.0
0.00337982177734375,485.0
0.00337982177734375,410.0
0.00337982177734375,473.0
0.00337982177734375,382.0
0.00337982177734375,457.0
0.00337982177734375,492.0
0.00337982177734375,417.0
0.00337982177734375,489.0
0.00337982177734375,535.0
0.00337982177734375,518.0
0.00337982177734375,608.0
0.00337982177734375,531.0
0.00337982177734375,606.0
0.00337982177734375,614.0
0.00337982177734375,675.0
0.00337982177734375,766.0
0.00337982177734375,783.0
0.00337982177734375,743.0
0.00337982177734375,735.0
0.00337982177734375,645.0
0.00337982177734375,653.0
0.00337982177734375,592.0
0.00337982177734375,653.0
0.00337982177734375,730.0
0.00337982177734375,684.0
0.00337982177734375,669.0
0.00337982177734375,608.0
0.00337982177734375,573.0
0.00337982177734375,498.0
0.00337982177734375,527.0
0.00337982177734375,542.0
0.00337982177734375,586.0
0.00337982177734375,676.0
0.00337982177734375,586.0
0.00337982177734375,571.0
0.00337982177734375,531.0
0.00337982177734375,502.0
0.00337982177734375,517.0
0.00337982177734375,442.0
0.00337982177734375,477.0
0.00337982177734375,517.0
0.00337982177734375,454.0
0.00337982177734375,437.0
0.00337982177734375,512.0
0.00337982177734375,440.0
0.00337982177734375,400.0
0.00337982177734375,475.0
0.00337982177734375,400.0
0.00337982177734375,365.0
0.00337982177734375,405.0
0.00337982177734375,480.0
0.00337982177734375,526.0
0.00337982177734375,482.0
0.00337982177734375,405.0
0.00337982177734375,445.0
0.00337982177734375,517.0
0.00337982177734375,502.0
0.00337982177734375,427.0
0.00337982177734375,381.0
0.00337982177734375,396.0
0.00337982177734375,474.0
0.00337982177734375,383.0
0.00337982177734375,444.0
0.00337982177734375,383.0
0.00337982177734375,343.0
0.00337982177734375,418.0
0.00337982177734375,462.0
0.00337982177734375,552.0
0.00337982177734375,569.0
0.00337982177734375,529.0
0.00337982177734375,451.0
0.00337982177734375,526.0
0.00337982177734375,566.0
0.00337982177734375,511.0
0.00337982177734375,572.0
0.00337982177734375,612.0
0.00337982177734375,647.0
0.00337982177734375,693.0
0.00337982177734375,647.0
0.00337982177734375,693.0
0.00337982177734375,771.0
0.00337982177734375,756.0
0.00337982177734375,771.0
0.00337982177734375,725.0
0.00337982177734375,771.0
0.00337982177734375,696.0
0.00337982177734375,656.0
0.00337982177734375,747.0
0.00337982177734375,730.0
0.00337982177734375,770.0
0.00337982177734375,735.0
0.00337982177734375,812.0
0.00337982177734375,772.0
0.00337982177734375,812.0
0.00337982177734375,887.0
0.00337982177734375,847.0
0.00337982177734375,902.0
0.00337982177734375,887.0
0.00337982177734375,812.0
0.00337982177734375,829.0
0.00337982177734375,768.0
0.00337982177734375,722.0
0.00337982177734375,705.0
0.00337982177734375,722.0
0.00337982177734375,768.0
0.00337982177734375,678.0
0.00337982177734375,661.0
0.00337982177734375,586.0
0.00337982177734375,603.0
0.00337982177734375,618.0
0.00337982177734375,541.0
0.00337982177734375,581.0
0.00337982177734375,656.0
0.00337982177734375,616.0
0.00337982177734375,576.0
0.00337982177734375,611.0
0.00337982177734375,576.0
0.00337982177734375,616.0
0.00337982177734375,645.0
0.00337982177734375,706.0
0.00337982177734375,631.0
0.00337982177734375,570.0
0.00337982177734375,610.0
0.00337982177734375,581.0
0.00337982177734375,610.0
0.00337982177734375,645.0
0.00337982177734375,630.0
0.00337982177734375,584.0
0.00337982177734375,659.0
0.00337982177734375,651.0
0.00337982177734375,728.0
0.00337982177734375,693.0
0.00337982177734375,701.0
0.00337982177734375,624.0
0.00337982177734375,699.0
0.00337982177734375,682.0
0.00337982177734375,772.0
0.00337982177734375,700.0
0.00337982177734375,717.0
0.00337982177734375,673.0
0.00337982177734375,688.0
0.00337982177734375,648.0
0.00337982177734375,631.0
0.00337982177734375,648.0
0.00337982177734375,608.0
0.00337982177734375,553.0
0.00337982177734375,593.0
0.00337982177734375,585.0
0.00337982177734375,556.0
0.00337982177734375,465.0
0.00337982177734375,390.0
0.00337982177734375,375.0
0.00337982177734375,415.0
0.00337982177734375,325.0
0.00337982177734375,247.0
0.00337982177734375,230.0
0.00337982177734375,190.0
0.00337982177734375,280.0
0.00337982177734375,343.0
0.00337982177734375,420.0
0.00337982177734375,435.0
0.00337982177734375,372.0
0.00337982177734375,412.0
0.00337982177734375,447.0
0.00337982177734375,407.0
0.00337982177734375,436.0
0.00337982177734375,514.0
0.00337982177734375,586.0
0.00337982177734375,630.0
0.00337982177734375,552.0
0.00337982177734375,569.0
0.00337982177734375,624.0
0.00337982177734375,687.0
0.00337982177734375,615.0
0.00337982177734375,706.0
0.00337982177734375,689.0
0.00337982177734375,645.0
0.00337982177734375,555.0
0.00337982177734375,520.0
0.00337982177734375,528.0
0.00337982177734375,488.0
0.00337982177734375,563.0
0.00337982177734375,641.0
0.00337982177734375,658.0
0.00337982177734375,643.0
0.00337982177734375,635.0
0.00337982177734375,572.0
0.00337982177734375,543.0
0.00337982177734375,587.0
0.00337982177734375,543.0
0.00337982177734375,583.0
0.00337982177734375,543.0
0.00337982177734375,578.0
0.00337982177734375,561.0
0.00337982177734375,486.0
0.00337982177734375,395.0
0.00337982177734375,441.0
0.00337982177734375,516.0
0.00337982177734375,588.0
0.00337982177734375,516.0
0.00337982177734375,579.0
0.00337982177734375,533.0
0.00337982177734375,624.0
0.00337982177734375,632.0
0.00337982177734375,647.0
0.00337982177734375,612.0
0.00337982177734375,537.0
0.00337982177734375,566.0
0.00337982177734375,638.0
0.00337982177734375,728.0
0.00337982177734375,656.0
0.00337982177734375,731.0
0.00337982177734375,641.0
0.00337982177734375,685.0
0.00337982177734375,775.0
0.00337982177734375,810.0
0.00337982177734375,755.0
0.00337982177734375,801.0
0.00337982177734375,873.0
0.00337982177734375,838.0
0.00337982177734375,748.0
0.00337982177734375,803.0
0.00337982177734375,759.0
0.00337982177734375,820.0
0.00337982177734375,805.0
0.00337982177734375,776.0
0.00337982177734375,866.0
0.00337982177734375,858.0
0.00337982177734375,898.0
0.00337982177734375,820.0
0.00337982177734375,745.0
0.00337982177734375,668.0
0.00337982177734375,712.0
0.00337982177734375,668.0
0.00337982177734375,685.0
0.00337982177734375,639.0
0.00337982177734375,668.0
0.00337982177734375,743.0
0.00337982177734375,778.0
0.00337982177734375,824.0
0.00337982177734375,769.0
0.00337982177734375,723.0
0.00337982177734375,767.0
0.00337982177734375,750.0
0.00337982177734375,689.0
0.00337982177734375,614.0
0.00337982177734375,669.0
0.00337982177734375,744.0
0.00337982177734375,653.0
0.00337982177734375,699.0
0.00337982177734375,790.0
0.00337982177734375,715.0
0.00337982177734375,776.0
0.00337982177734375,701.0
0.00337982177734375,646.0
0.00337982177734375,574.0
0.00337982177734375,499.0
0.00337982177734375,516.0
0.00337982177734375,455.0
0.00337982177734375,533.0
0.00337982177734375,608.0
0.00337982177734375,568.0
0.00337982177734375,608.0
0.00337982177734375,533.0
0.00337982177734375,443.0
0.00337982177734375,518.0
0.00337982177734375,593.0
0.00337982177734375,670.0
0.00337982177734375,725.0
0.00337982177734375,815.0
0.00337982177734375,798.0
0.00337982177734375,838.0
0.00337982177734375,910.0
0.00337982177734375,864.0
0.00337982177734375,774.0
0.00337982177734375,791.0
0.00337982177734375,747.0
0.00337982177734375,762.0
0.00337982177734375,727.0
0.00337982177734375,687.0
0.00337982177734375,727.0
0.00337982177734375,788.0
0.00337982177734375,796.0
0.00337982177734375,886.0
0.00337982177734375,878.0
0.00337982177734375,863.0
0.00337982177734375,772.0
0.00337982177734375,863.0
0.00337982177734375,788.0
0.00337982177734375,796.0
0.00337982177734375,840.0
0.00337982177734375,777.0
0.00337982177734375,733.0
0.00337982177734375,779.0
0.00337982177734375,724.0
0.00337982177734375,707.0
0.00337982177734375,632.0
0.00337982177734375,647.0
0.00337982177734375,722.0
0.00337982177734375,650.0
0.00337982177734375,713.0
0.00337982177734375,673.0
0.00337982177734375,583.0
0.00337982177734375,618.0
0.00337982177734375,572.0
0.00337982177734375,627.0
0.00337982177734375,536.0
0.00337982177734375,473.0
0.00337982177734375,564.0
0.00337982177734375,654.0
0.00337982177734375,698.0
0.00337982177734375,663.0
0.00337982177734375,709.0
0.00337982177734375,726.0
0.00337982177734375,789.0
0.00337982177734375,864.0
0.00337982177734375,904.0
0.00337982177734375,896.0
0.00337982177734375,821.0
0.00337982177734375,760.0
0.00337982177734375,682.0
0.00337982177734375,638.0
0.00337982177734375,598.0
0.00337982177734375,676.0
0.00337982177734375,711.0
0.00337982177734375,751.0
0.00337982177734375,711.0
0.00337982177734375,786.0
0.00337982177734375,861.0
0.00337982177734375,846.0
0.00337982177734375,829.0
0.00337982177734375,794.0
0.00337982177734375,834.0
0.00337982177734375,757.0
0.00337982177734375,765.0
0.00337982177734375,725.0
0.00337982177734375,650.0
0.00337982177734375,667.0
0.00337982177734375,592.0
0.00337982177734375,669.0
0.00337982177734375,704.0
0.00337982177734375,627.0
0.00337982177734375,587.0
0.00337982177734375,558.0
0.00337982177734375,598.0
0.00337982177734375,670.0
0.00337982177734375,745.0
0.00337982177734375,670.0
0.00337982177734375,699.0
0.00337982177734375,644.0
0.00337982177734375,598.0
0.00337982177734375,673.0
0.00337982177734375,644.0
0.00337982177734375,699.0
0.00337982177734375,774.0
0.00337982177734375,699.0
0.00337982177734375,644.0
0.00337982177734375,609.0
0.00337982177734375,649.0
0.00337982177734375,726.0
0.00337982177734375,649.0
0.00337982177734375,710.0
0.00337982177734375,785.0
0.00337982177734375,777.0
0.00337982177734375,785.0
0.00337982177734375,820.0
0.00337982177734375,757.0
0.00337982177734375,682.0
0.00337982177734375,726.0
0.00337982177734375,803.0
0.00337982177734375,763.0
0.00337982177734375,746.0
0.00337982177734375,702.0
0.00337982177734375,748.0
0.00337982177734375,740.0
0.00337982177734375,784.0
0.00337982177734375,738.0
0.00337982177734375,694.0
0.00337982177734375,616.0
0.00337982177734375,645.0
0.00337982177734375,689.0
0.00337982177734375,706.0
0.00337982177734375,662.0
0.00337982177734375,702.0
0.00337982177734375,765.0
0.00337982177734375,736.0
0.00337982177734375,782.0
0.00337982177734375,797.0
0.00337982177734375,780.0
0.00337982177734375,745.0
0.00337982177734375,699.0
0.00337982177734375,743.0
0.00337982177734375,778.0
0.00337982177734375,687.0
0.00337982177734375,762.0
0.00337982177734375,791.0
0.00337982177734375,756.0
0.00337982177734375,773.0
0.00337982177734375,698.0
0.00337982177734375,773.0
0.00337982177734375,712.0
0.00337982177734375,697.0
0.00337982177734375,705.0
0.00337982177734375,630.0
0.00337982177734375,708.0
0.00337982177734375,679.0
0.00337982177734375,662.0
0.00337982177734375,587.0
0.00337982177734375,622.0
0.00337982177734375,614.0
0.00337982177734375,631.0
0.00337982177734375,554.0
0.00337982177734375,583.0
0.00337982177734375,591.0
0.00337982177734375,606.0
0.00337982177734375,683.0
0.00337982177734375,654.0
0.00337982177734375,639.0
0.00337982177734375,730.0
0.00337982177734375,655.0
0.00337982177734375,611.0
0.00337982177734375,686.0
0.00337982177734375,595.0
0.00337982177734375,639.0
0.00337982177734375,561.0
0.00337982177734375,484.0
0.00337982177734375,476.0
0.00337982177734375,459.0
0.00337982177734375,520.0
0.00337982177734375,611.0
0.00337982177734375,550.0
0.00337982177734375,460.0
0.00337982177734375,416.0
0.00337982177734375,424.0
0.00337982177734375,384.0
0.00337982177734375,459.0
0.00337982177734375,476.0
0.00337982177734375,522.0
0.00337982177734375,577.0
0.00337982177734375,621.0
0.00337982177734375,699.0
0.00337982177734375,739.0
0.00337982177734375,731.0
0.00337982177734375,714.0
0.00337982177734375,775.0
0.00337982177734375,790.0
0.00337982177734375,880.0
0.00337982177734375,840.0
0.00337982177734375,917.0
0.00337982177734375,842.0
0.00337982177734375,764.0
0.00337982177734375,804.0
0.00337982177734375,882.0
0.00337982177734375,821.0
0.00337982177734375,775.0
0.00337982177734375,850.0
0.00337982177734375,778.0
0.00337982177734375,795.0
0.00337982177734375,780.0
0.00337982177734375,740.0
0.00337982177734375,748.0
0.00337982177734375,763.0
0.00337982177734375,792.0
0.00337982177734375,714.0
0.00337982177734375,639.0
0.00337982177734375,700.0
0.00337982177734375,683.0
0.00337982177734375,758.0
0.00337982177734375,775.0
0.00337982177734375,746.0
0.00337982177734375,711.0
0.00337982177734375,703.0
0.00337982177734375,640.0
0.00337982177734375,715.0
0.00337982177734375,778.0
0.00337982177734375,703.0
0.00337982177734375,743.0
0.00337982177734375,818.0
0.00337982177734375,896.0
0.00337982177734375,856.0
0.00337982177734375,841.0
0.00337982177734375,797.0
0.00337982177734375,837.0
0.00337982177734375,881.0
0.00337982177734375,864.0
0.00337982177734375,809.0
0.00337982177734375,844.0
0.00337982177734375,861.0
0.00337982177734375,916.0
0.00337982177734375,853.0
0.00337982177734375,916.0
0.00337982177734375,861.0
0.00337982177734375,800.0
0.00337982177734375,861.0
0.00337982177734375,817.0
0.00337982177734375,756.0
0.00337982177734375,665.0
0.00337982177734375,726.0
0.00337982177734375,709.0
0.00337982177734375,674.0
0.00337982177734375,746.0
0.00337982177734375,683.0
0.00337982177734375,729.0
0.00337982177734375,764.0
0.00337982177734375,687.0
0.00337982177734375,695.0
0.00337982177734375,750.0
0.00337982177734375,660.0
0.00337982177734375,585.0
0.00337982177734375,629.0
0.00337982177734375,551.0
0.00337982177734375,642.0
0.00337982177734375,671.0
0.00337982177734375,631.0
0.00337982177734375,623.0
0.00337982177734375,594.0
0.00337982177734375,672.0
0.00337982177734375,701.0
0.00337982177734375,661.0
0.00337982177734375,738.0
0.00337982177734375,755.0
0.00337982177734375,726.0
0.00337982177734375,734.0
0.00337982177734375,688.0
0.00337982177734375,728.0
0.00337982177734375,684.0
0.00337982177734375,724.0
0.00337982177734375,768.0
0.00337982177734375,858.0
0.00337982177734375,781.0
0.004457235336303711,726.0
0.004457235336303711,648.0
0.004457235336303711,723.0
0.004457235336303711,786.0
0.004457235336303711,695.0
0.004457235336303711,678.0
0.004457235336303711,606.0
0.004457235336303711,684.0
0.004457235336303711,739.0
0.004457235336303711,816.0
0.004457235336303711,833.0
0.004457235336303711,778.0
0.004457235336303711,688.0
0.004457235336303711,627.0
0.004457235336303711,587.0
0.004457235336303711,570.0
0.004457235336303711,493.0
0.004457235336303711,508.0
0.004457235336303711,563.0
0.004457235336303711,500.0
0.004457235336303711,563.0
0.004457235336303711,500.0
0.004457235336303711,577.0
0.004457235336303711,562.0
0.004457235336303711,602.0
0.004457235336303711,594.0
0.004457235336303711,519.0
0.004457235336303711,594.0
0.004457235336303711,539.0
0.004457235336303711,611.0
0.004457235336303711,626.0
0.004457235336303711,586.0
0.004457235336303711,632.0
0.004457235336303711,586.0
0.004457235336303711,603.0
0.004457235336303711,568.0
0.004457235336303711,631.0
0.004457235336303711,616.0
0.004457235336303711,572.0
0.004457235336303711,616.0
0.004457235336303711,662.0
0.004457235336303711,723.0
0.004457235336303711,645.0
0.004457235336303711,568.0
0.004457235336303711,505.0
0.004457235336303711,430.0
0.004457235336303711,355.0
0.004457235336303711,384.0
0.004457235336303711,447.0
0.004457235336303711,522.0
0.004457235336303711,599.0
0.004457235336303711,555.0
0.004457235336303711,492.0
0.004457235336303711,446.0
0.004457235336303711,481.0
0.004457235336303711,572.0
0.004457235336303711,497.0
0.004457235336303711,468.0
0.004457235336303711,377.0
0.004457235336303711,337.0
0.004457235336303711,265.0
0.004457235336303711,248.0
0.004457235336303711,265.0
0.004457235336303711,273.0
0.004457235336303711,198.0
0.004457235336303711,273.0
0.004457235336303711,196.0
0.004457235336303711,225.0
0.004457235336303711,269.0
0.004457235336303711,309.0
0.004457235336303711,265.0
0.004457235336303711,355.0
0.004457235336303711,430.0
0.004457235336303711,445.0
0.004457235336303711,384.0
0.004457235336303711,430.0
0.004457235336303711,355.0
0.004457235336303711,338.0
0.004457235336303711,413.0
0.004457235336303711,398.0
0.004457235336303711,442.0
0.004457235336303711,413.0
0.004457235336303711,323.0
0.004457235336303711,395.0
0.004457235336303711,458.0
0.004457235336303711,533.0
0.004457235336303711,611.0
0.004457235336303711,701.0
0.004457235336303711,626.0
0.004457235336303711,618.0
0.004457235336303711,543.0
0.004457235336303711,480.0
0.004457235336303711,541.0
0.004457235336303711,632.0
0.004457235336303711,640.0
0.004457235336303711,715.0
0.004457235336303711,640.0
0.004457235336303711,600.0
0.004457235336303711,675.0
0.004457235336303711,585.0
0.004457235336303711,600.0
0.004457235336303711,556.0
0.004457235336303711,600.0
0.004457235336303711,655.0
0.004457235336303711,580.0
0.004457235336303711,657.0
0.004457235336303711,613.0
0.004457235336303711,541.0
0.004457235336303711,466.0
0.004457235336303711,458.0
0.004457235336303711,466.0
0.004457235336303711,556.0
0.004457235336303711,541.0
0.004457235336303711,463.0
0.004457235336303711,526.0
0.004457235336303711,601.0
0.004457235336303711,526.0
0.004457235336303711,601.0
0.004457235336303711,510.0
0.004457235336303711,588.0
0.004457235336303711,663.0
0.004457235336303711,588.0
0.004457235336303711,617.0
0.004457235336303711,554.0
0.004457235336303711,546.0
0.004457235336303711,563.0
0.004457235336303711,571.0
0.004457235336303711,643.0
0.004457235336303711,626.0
0.004457235336303711,549.0
0.004457235336303711,564.0
0.004457235336303711,556.0
0.004457235336303711,573.0
0.004457235336303711,664.0
0.004457235336303711,739.0
0.004457235336303711,722.0
0.004457235336303711,785.0
0.004457235336303711,770.0
0.004457235336303711,778.0
0.004457235336303711,723.0
0.004457235336303711,763.0
0.004457235336303711,685.0
0.004457235336303711,656.0
0.004457235336303711,616.0
0.004457235336303711,660.0
0.004457235336303711,737.0
0.004457235336303711,662.0
0.004457235336303711,679.0
0.004457235336303711,607.0
0.004457235336303711,647.0
0.004457235336303711,662.0
0.004457235336303711,572.0
0.004457235336303711,650.0
0.004457235336303711,575.0
0.004457235336303711,484.0
0.004457235336303711,449.0
0.004457235336303711,521.0
0.004457235336303711,612.0
0.004457235336303711,652.0
0.004457235336303711,727.0
0.004457235336303711,655.0
0.004457235336303711,727.0
0.004457235336303711,719.0
0.004457235336303711,675.0
0.004457235336303711,765.0
0.004457235336303711,809.0
0.004457235336303711,884.0
0.004457235336303711,913.0
0.004457235336303711,898.0
0.004457235336303711,913.0
0.004457235336303711,852.0
0.004457235336303711,860.0
0.004457235336303711,820.0
0.004457235336303711,805.0
0.004457235336303711,776.0
0.004457235336303711,730.0
0.004457235336303711,785.0
0.004457235336303711,846.0
0.004457235336303711,829.0
0.004457235336303711,846.0
0.004457235336303711,829.0
0.004457235336303711,821.0
0.004457235336303711,861.0
0.004457235336303711,896.0
0.004457235336303711,942.0
0.004457235336303711,907.0
0.004457235336303711,922.0
0.004457235336303711,907.0
0.004457235336303711,915.0
0.004457235336303711,860.0
0.004457235336303711,816.0
0.004457235336303711,831.0
0.004457235336303711,860.0
0.004457235336303711,820.0
0.004457235336303711,860.0
0.004457235336303711,785.0
0.004457235336303711,756.0
0.004457235336303711,831.0
0.004457235336303711,906.0
0.004457235336303711,898.0
0.004457235336303711,906.0
0.004457235336303711,961.0
0.004457235336303711,978.0
0.004457235336303711,903.0
0.004457235336303711,888.0
0.004457235336303711,816.0
0.004457235336303711,888.0
0.004457235336303711,827.0
0.004457235336303711,819.0
0.004457235336303711,894.0
0.004457235336303711,816.0
0.004457235336303711,741.0
0.004457235336303711,770.0
0.004457235336303711,753.0
0.004457235336303711,724.0
0.004457235336303711,661.0
0.004457235336303711,586.0
0.004457235336303711,531.0
0.004457235336303711,575.0
0.004457235336303711,610.0
0.004457235336303711,665.0
0.004457235336303711,680.0
0.004457235336303711,603.0
0.004457235336303711,559.0
0.004457235336303711,588.0
0.004457235336303711,663.0
0.004457235336303711,648.0
0.004457235336303711,725.0
0.004457235336303711,742.0
0.004457235336303711,696.0
0.004457235336303711,667.0
0.004457235336303711,632.0
0.004457235336303711,693.0
0.004457235336303711,771.0
0.004457235336303711,699.0
0.004457235336303711,734.0
0.004457235336303711,763.0
0.004457235336303711,723.0
0.004457235336303711,795.0
0.004457235336303711,858.0
0.004457235336303711,829.0
0.004457235336303711,754.0
0.004457235336303711,783.0
0.004457235336303711,798.0
0.004457235336303711,844.0
0.004457235336303711,829.0
0.004457235336303711,904.0
0.004457235336303711,869.0
0.004457235336303711,840.0
0.004457235336303711,762.0
0.004457235336303711,671.0
0.004457235336303711,686.0
0.004457235336303711,726.0
0.004457235336303711,709.0
0.004457235336303711,632.0
0.004457235336303711,592.0
0.004457235336303711,609.0
0.004457235336303711,687.0
0.004457235336303711,632.0
0.004457235336303711,672.0
0.004457235336303711,632.0
0.004457235336303711,672.0
0.004457235336303711,727.0
0.004457235336303711,756.0
0.004457235336303711,833.0
0.004457235336303711,841.0
0.004457235336303711,766.0
0.004457235336303711,694.0
0.004457235336303711,617.0
0.004457235336303711,600.0
0.004457235336303711,585.0
0.004457235336303711,620.0
0.004457235336303711,695.0
0.004457235336303711,660.0
0.004457235336303711,677.0
0.004457235336303711,721.0
0.004457235336303711,681.0
0.004457235336303711,696.0
0.004457235336303711,679.0
0.004457235336303711,696.0
0.004457235336303711,736.0
0.004457235336303711,808.0
0.004457235336303711,843.0
0.004457235336303711,814.0
0.004457235336303711,779.0
0.004457235336303711,856.0
0.004457235336303711,947.0
0.004457235336303711,907.0
0.004457235336303711,829.0
0.004457235336303711,858.0
0.004457235336303711,786.0
0.004457235336303711,723.0
0.004457235336303711,763.0
0.004457235336303711,688.0
0.004457235336303711,723.0
0.004457235336303711,688.0
0.004457235336303711,659.0
0.004457235336303711,651.0
0.004457235336303711,680.0
0.004457235336303711,640.0
0.004457235336303711,712.0
0.004457235336303711,787.0
0.004457235336303711,732.0
0.004457235336303711,810.0
0.004457235336303711,766.0
0.004457235336303711,806.0
0.004457235336303711,789.0
0.004457235336303711,714.0
0.004457235336303711,722.0
0.004457235336303711,797.0
0.004457235336303711,860.0
0.004457235336303711,877.0
0.004457235336303711,869.0
0.004457235336303711,854.0
0.004457235336303711,889.0
0.004457235336303711,849.0
0.004457235336303711,786.0
0.004457235336303711,757.0
0.004457235336303711,772.0
0.004457235336303711,697.0
0.004457235336303711,651.0
0.004457235336303711,726.0
0.004457235336303711,801.0
0.004457235336303711,864.0
0.004457235336303711,803.0
0.004457235336303711,864.0
0.004457235336303711,789.0
0.004457235336303711,797.0
0.004457235336303711,872.0
0.004457235336303711,918.0
0.004457235336303711,903.0
0.004457235336303711,842.0
0.004457235336303711,886.0
0.004457235336303711,796.0
0.004457235336303711,752.0
0.004457235336303711,807.0
0.004457235336303711,847.0
0.004457235336303711,830.0
0.004457235336303711,874.0
0.004457235336303711,799.0
0.004457235336303711,889.0
0.004457235336303711,834.0
0.004457235336303711,757.0
0.004457235336303711,774.0
0.004457235336303711,789.0
0.004457235336303711,711.0
0.004457235336303711,772.0
0.004457235336303711,737.0
0.004457235336303711,720.0
0.004457235336303711,674.0
0.004457235336303711,752.0
0.004457235336303711,691.0
0.004457235336303711,726.0
0.004457235336303711,781.0
0.004457235336303711,858.0
0.004457235336303711,818.0
0.004457235336303711,741.0
0.004457235336303711,666.0
0.004457235336303711,695.0
0.004457235336303711,680.0
0.004457235336303711,602.0
0.004457235336303711,648.0
0.004457235336303711,665.0
0.004457235336303711,630.0
0.004457235336303711,705.0
0.004457235336303711,676.0
0.004457235336303711,691.0
0.004457235336303711,645.0
0.004457235336303711,680.0
0.004457235336303711,726.0
0.004457235336303711,711.0
0.004457235336303711,788.0
0.004457235336303711,866.0
0.004457235336303711,794.0
0.004457235336303711,777.0
0.004457235336303711,731.0
0.004457235336303711,792.0
0.004457235336303711,784.0
0.004457235336303711,801.0
0.004457235336303711,809.0
0.004457235336303711,765.0
0.004457235336303711,757.0
0.004457235336303711,772.0
0.004457235336303711,694.0
0.004457235336303711,702.0
0.004457235336303711,731.0
0.004457235336303711,716.0
0.004457235336303711,791.0
0.004457235336303711,783.0
0.004457235336303711,754.0
0.004457235336303711,762.0
0.004457235336303711,699.0
0.004457235336303711,624.0
0.004457235336303711,687.0
0.004457235336303711,733.0
0.004457235336303711,716.0
0.004457235336303711,655.0
0.004457235336303711,695.0
0.004457235336303711,649.0
0.004457235336303711,614.0
0.004457235336303711,629.0
0.004457235336303711,621.0
0.004457235336303711,650.0
0.004457235336303711,658.0
0.004457235336303711,650.0
0.004457235336303711,658.0
0.004457235336303711,704.0
0.004457235336303711,721.0
0.004457235336303711,793.0
0.004457235336303711,764.0
0.004457235336303711,808.0
0.004457235336303711,886.0
0.004457235336303711,795.0
0.004457235336303711,830.0
0.004457235336303711,891.0
0.004457235336303711,851.0
0.004457235336303711,807.0
0.004457235336303711,752.0
0.004457235336303711,706.0
0.004457235336303711,629.0
0.004457235336303711,684.0
0.004457235336303711,713.0
0.004457235336303711,673.0
0.004457235336303711,665.0
0.004457235336303711,673.0
0.004457235336303711,713.0
0.004457235336303711,788.0
0.004457235336303711,759.0
0.004457235336303711,744.0
0.004457235336303711,835.0
0.004457235336303711,912.0
0.004457235336303711,952.0
0.004457235336303711,880.0
0.004457235336303711,819.0
0.004457235336303711,728.0
0.004457235336303711,638.0
0.004457235336303711,561.0
0.004457235336303711,622.0
0.004457235336303711,666.0
0.004457235336303711,756.0
0.004457235336303711,771.0
0.004457235336303711,848.0
0.004457235336303711,840.0
0.004457235336303711,800.0
0.004457235336303711,722.0
0.004457235336303711,751.0
0.004457235336303711,716.0
0.004457235336303711,807.0
0.004457235336303711,763.0
0.004457235336303711,734.0
0.004457235336303711,806.0
0.004457235336303711,731.0
0.004457235336303711,760.0
0.004457235336303711,731.0
0.004457235336303711,714.0
0.004457235336303711,754.0
0.004457235336303711,739.0
0.004457235336303711,814.0
0.004457235336303711,858.0
0.004457235336303711,768.0
0.004457235336303711,797.0
0.004457235336303711,843.0
0.004457235336303711,921.0
0.004457235336303711,936.0
0.004457235336303711,944.0
0.004457235336303711,883.0
0.004457235336303711,944.0
0.004457235336303711,929.0
0.004457235336303711,838.0
0.004457235336303711,792.0
0.004457235336303711,883.0
0.004457235336303711,843.0
0.004457235336303711,814.0
0.004457235336303711,751.0
0.004457235336303711,780.0
0.004457235336303711,826.0
0.004457235336303711,861.0
0.004457235336303711,924.0
0.004457235336303711,916.0
0.004457235336303711,887.0
0.004457235336303711,977.0
0.004457235336303711,905.0
0.004457235336303711,945.0
0.004457235336303711,910.0
0.004457235336303711,835.0
0.004457235336303711,852.0
0.004457235336303711,860.0
0.004457235336303711,782.0
0.004457235336303711,765.0
0.004457235336303711,840.0
0.004457235336303711,765.0
0.004457235336303711,725.0
0.004457235336303711,662.0
0.004457235336303711,691.0
0.004457235336303711,731.0
0.004457235336303711,691.0
0.004457235336303711,708.0
0.004457235336303711,786.0
0.004457235336303711,849.0
0.004457235336303711,884.0
0.004457235336303711,838.0
0.004457235336303711,878.0
0.004457235336303711,803.0
0.004457235336303711,878.0
0.004457235336303711,924.0
0.004457235336303711,895.0
0.004457235336303711,851.0
0.004457235336303711,895.0
0.004457235336303711,817.0
0.004457235336303711,895.0
0.004457235336303711,887.0
0.004457235336303711,959.0
0.004457235336303711,884.0
0.004457235336303711,807.0
0.004457235336303711,882.0
0.004457235336303711,842.0
0.004457235336303711,882.0
0.004457235336303711,911.0
0.004457235336303711,836.0
0.004457235336303711,801.0
0.004457235336303711,746.0
0.004457235336303711,781.0
0.004457235336303711,746.0
0.004457235336303711,729.0
0.004457235336303711,784.0
0.004457235336303711,755.0
0.004457235336303711,770.0
0.004457235336303711,730.0
0.004457235336303711,639.0
0.004457235336303711,564.0
0.004457235336303711,604.0
0.004457235336303711,695.0
0.0053784847259521484,770.0
0.0053784847259521484,847.0
0.0053784847259521484,882.0
0.0053784847259521484,890.0
0.0053784847259521484,844.0
0.0053784847259521484,804.0
0.0053784847259521484,789.0
0.0053784847259521484,818.0
0.0053784847259521484,858.0
0.0053784847259521484,933.0
0.0053784847259521484,870.0
0.0053784847259521484,885.0
0.0053784847259521484,807.0
0.0053784847259521484,799.0
0.0053784847259521484,845.0
0.0053784847259521484,816.0
0.0053784847259521484,776.0
0.0053784847259521484,805.0
0.0053784847259521484,733.0
0.0053784847259521484,750.0
0.0053784847259521484,790.0
0.0053784847259521484,761.0
0.0053784847259521484,721.0
0.0053784847259521484,704.0
0.0053784847259521484,733.0
0.0053784847259521484,808.0
0.0053784847259521484,764.0
0.0053784847259521484,703.0
0.0053784847259521484,747.0
0.0053784847259521484,808.0
0.0053784847259521484,779.0
0.0053784847259521484,724.0
0.0053784847259521484,633.0
0.0053784847259521484,673.0
0.0053784847259521484,764.0
0.0053784847259521484,793.0
0.0053784847259521484,848.0
0.0053784847259521484,856.0
0.0053784847259521484,821.0
0.0053784847259521484,838.0
0.0053784847259521484,916.0
0.0053784847259521484,870.0
0.0053784847259521484,855.0
0.0053784847259521484,780.0
0.0053784847259521484,772.0
0.0053784847259521484,743.0
0.0053784847259521484,758.0
0.0053784847259521484,766.0
0.0053784847259521484,841.0
0.0053784847259521484,780.0
0.0053784847259521484,809.0
0.0053784847259521484,780.0
0.0053784847259521484,772.0
0.0053784847259521484,780.0
0.0053784847259521484,843.0
0.0053784847259521484,799.0
0.0053784847259521484,843.0
0.0053784847259521484,753.0
0.0053784847259521484,745.0
0.0053784847259521484,728.0
0.0053784847259521484,713.0
0.0053784847259521484,785.0
0.0053784847259521484,710.0
0.0053784847259521484,655.0
0.0053784847259521484,745.0
0.0053784847259521484,774.0
0.0053784847259521484,789.0
0.0053784847259521484,797.0
0.0053784847259521484,789.0
0.0053784847259521484,844.0
0.0053784847259521484,829.0
0.0053784847259521484,904.0
0.0053784847259521484,864.0
0.0053784847259521484,881.0
0.0053784847259521484,806.0
0.0053784847259521484,729.0
0.0053784847259521484,689.0
0.0053784847259521484,724.0
0.0053784847259521484,770.0
0.0053784847259521484,753.0
0.0053784847259521484,814.0
0.0053784847259521484,822.0
0.0053784847259521484,839.0
0.0053784847259521484,822.0
0.0053784847259521484,776.0
0.0053784847259521484,822.0
0.0053784847259521484,839.0
0.0053784847259521484,914.0
0.0053784847259521484,868.0
0.0053784847259521484,914.0
0.0053784847259521484,879.0
0.0053784847259521484,956.0
0.0053784847259521484,948.0
0.0053784847259521484,904.0
0.0053784847259521484,832.0
0.0053784847259521484,840.0
0.0053784847259521484,811.0
0.0053784847259521484,840.0
0.0053784847259521484,811.0
0.0053784847259521484,846.0
0.0053784847259521484,875.0
0.0053784847259521484,814.0
0.0053784847259521484,858.0
0.0053784847259521484,812.0
0.0053784847259521484,852.0
0.0053784847259521484,913.0
0.0053784847259521484,878.0
0.0053784847259521484,918.0
0.0053784847259521484,878.0
0.0053784847259521484,950.0
0.0053784847259521484,910.0
0.0053784847259521484,902.0
0.0053784847259521484,910.0
0.0053784847259521484,838.0
0.0053784847259521484,794.0
0.0053784847259521484,829.0
0.0053784847259521484,869.0
0.0053784847259521484,829.0
0.0053784847259521484,754.0
0.0053784847259521484,746.0
0.0053784847259521484,691.0
0.0053784847259521484,766.0
0.0053784847259521484,749.0
0.0053784847259521484,789.0
0.0053784847259521484,804.0
0.0053784847259521484,844.0
0.0053784847259521484,852.0
0.0053784847259521484,907.0
0.0053784847259521484,830.0
0.0053784847259521484,775.0
0.0053784847259521484,852.0
0.0053784847259521484,869.0
0.0053784847259521484,852.0
0.0053784847259521484,898.0
0.0053784847259521484,953.0
0.0053784847259521484,924.0
0.0053784847259521484,941.0
0.0053784847259521484,926.0
0.0053784847259521484,998.0
0.0053784847259521484,958.0
0.0053784847259521484,998.0
0.0053784847259521484,981.0
0.0053784847259521484,1025.0
0.0053784847259521484,1017.0
0.0053784847259521484,982.0
0.0053784847259521484,997.0
0.0053784847259521484,951.0
0.0053784847259521484,907.0
0.0053784847259521484,951.0
0.0053784847259521484,997.0
0.0053784847259521484,936.0
0.0053784847259521484,896.0
0.0053784847259521484,957.0
0.0053784847259521484,965.0
0.0053784847259521484,1005.0
0.0053784847259521484,965.0
0.0053784847259521484,957.0
0.0053784847259521484,942.0
0.0053784847259521484,957.0
0.0053784847259521484,894.0
0.0053784847259521484,957.0
0.0053784847259521484,882.0
0.0053784847259521484,917.0
0.0053784847259521484,925.0
0.0053784847259521484,864.0
0.0053784847259521484,925.0
0.0053784847259521484,890.0
0.0053784847259521484,965.0
0.0053784847259521484,1005.0
0.0053784847259521484,997.0
0.0053784847259521484,953.0
0.0053784847259521484,982.0
0.0053784847259521484,942.0
0.0053784847259521484,950.0
0.0053784847259521484,985.0
0.0053784847259521484,895.0
0.0053784847259521484,834.0
0.0053784847259521484,851.0
0.0053784847259521484,816.0
0.0053784847259521484,770.0
0.0053784847259521484,762.0
0.0053784847259521484,806.0
0.0053784847259521484,762.0
0.0053784847259521484,823.0
0.0053784847259521484,869.0
0.0053784847259521484,909.0
0.0053784847259521484,869.0
0.0053784847259521484,840.0
0.0053784847259521484,884.0
0.0053784847259521484,869.0
0.0053784847259521484,909.0
0.0053784847259521484,869.0
0.0053784847259521484,959.0
0.0053784847259521484,988.0
0.0053784847259521484,996.0
0.0053784847259521484,950.0
0.0053784847259521484,887.0
0.0053784847259521484,933.0
0.0053784847259521484,916.0
0.0053784847259521484,956.0
0.0053784847259521484,1019.0
0.0053784847259521484,1011.0
0.0053784847259521484,971.0
0.0053784847259521484,1011.0
0.0053784847259521484,1019.0
0.0053784847259521484,1011.0
0.0053784847259521484,1019.0
0.0053784847259521484,1011.0
0.0053784847259521484,971.0
0.0053784847259521484,1011.0
0.0053784847259521484,982.0
0.0053784847259521484,921.0
0.0053784847259521484,950.0
0.0053784847259521484,958.0
0.0053784847259521484,950.0
0.0053784847259521484,875.0
0.0053784847259521484,890.0
0.0053784847259521484,861.0
0.0053784847259521484,890.0
0.0053784847259521484,827.0
0.0053784847259521484,888.0
0.0053784847259521484,848.0
0.0053784847259521484,888.0
0.0053784847259521484,833.0
0.0053784847259521484,896.0
0.0053784847259521484,904.0
0.0053784847259521484,979.0
0.0053784847259521484,971.0
0.0053784847259521484,927.0
0.0053784847259521484,962.0
0.0053784847259521484,970.0
0.0053784847259521484,962.0
0.0053784847259521484,947.0
0.0053784847259521484,962.0
0.0053784847259521484,922.0
0.0053784847259521484,977.0
0.0053784847259521484,985.0
0.0053784847259521484,956.0
0.0053784847259521484,985.0
0.0053784847259521484,930.0
0.0053784847259521484,970.0
0.0053784847259521484,962.0
0.0053784847259521484,933.0
0.0053784847259521484,988.0
0.0053784847259521484,996.0
0.0053784847259521484,988.0
0.0053784847259521484,973.0
0.0053784847259521484,981.0
0.0053784847259521484,996.0
0.0053784847259521484,981.0
0.0053784847259521484,1010.0
0.0053784847259521484,1002.0
0.0053784847259521484,1010.0
0.006379604339599609,981.0
0.006379604339599609,996.0
0.006379604339599609,988.0
0.006379604339599609,973.0
0.006379604339599609,1017.0
0.006379604339599609,1025.0
0.006379604339599609,1017.0
0.006379604339599609,1025.0
0.006379604339599609,1017.0
0.0065152645111083984,977.0
0.0065152645111083984,985.0
0.0065152645111083984,977.0
0.0065152645111083984,1017.0
0.0065152645111083984,1025.0
0.0065152645111083984,1017.0
0.0065152645111083984,1025.0
0.0065152645111083984,1017.0
0.0065152645111083984,1025.0
0.0065152645111083984,953.0
0.0065152645111083984,968.0
0.0065152645111083984,953.0
0.0065152645111083984,982.0
0.0065152645111083984,974.0
0.0065152645111083984,945.0
0.0065152645111083984,960.0
0.0065152645111083984,968.0
0.0065152645111083984,960.0
0.0065152645111083984,968.0
0.0065152645111083984,960.0
0.0065152645111083984,968.0
0.0065152645111083984,953.0
0.0065152645111083984,1025.0
0.0065152645111083984,1017.0
0.0065152645111083984,1025.0
0.0065152645111083984,985.0
0.0065152645111083984,1025.0
0.0065152645111083984,1017.0
0.0065152645111083984,977.0
0.0065152645111083984,1017.0
0.0065152645111083984,1025.0
0.0065152645111083984,1017.0
0.0065152645111083984,1025.0
0.0065152645111083984,1017.0
0.0065152645111083984,1025.0
0.0065152645111083984,1017.0
0.0065152645111083984,1025.0
0.0065152645111083984,1017.0
0.0065152645111083984,1025.0
0.0065152645111083984,1017.0
0.0065152645111083984,1025.0
0.0065152645111083984,1017.0
0.0065152645111083984,1025.0
0.0065152645111083984,1017.0
0.0065152645111083984,1025.0
0.0065152645111083984,1017.0
0.0065152645111083984,1025.0
