0.0,94.0
0.0,106.0
0.0,69.0
0.0,57.0
0.0,69.0
0.0,36.0
0.0,69.0
0.0,36.0
0.0,73.0
0.0,61.0
0.0,97.0
0.0,109.0
0.0,72.0
0.0,60.0
0.0,97.0
0.0,73.0
0.0,37.0
0.0,73.0
0.0,85.0
0.0,49.0
0.0,73.0
0.0,49.0
0.0,82.0
0.0,106.0
0.0,73.0
0.0,36.0
0.0,72.0
0.0,48.0
0.0,12.0
0.0,45.0
0.0,82.0
0.0,70.0
0.0,106.0
0.0,130.0
0.0,94.0
0.0,106.0
0.0,73.0
0.0,61.0
0.0,97.0
0.0,109.0
0.0,85.0
0.0,109.0
0.0,72.0
0.0,60.0
0.0,72.0
0.0,48.0
0.0,72.0
0.0,60.0
0.0,93.0
0.0,60.0
0.0,72.0
0.0,60.0
0.0,97.0
0.0,61.0
0.0,94.0
0.0,106.0
0.0,94.0
0.0,57.0
0.0,93.0
0.0,60.0
0.0,36.0
0.0,60.0
0.0,36.0
0.0,60.0
0.0,36.0
0.0,48.0
0.0,12.0
0.0,45.0
0.0,81.0
0.0,118.0
0.0,85.0
0.0,48.0
0.0,81.0
0.0,45.0
0.0,69.0
0.0,57.0
0.0,33.0
0.0,70.0
0.0,82.0
0.0,45.0
0.0,12.0
0.0,36.0
0.0,12.0
0.0,48.0
0.0,81.0
0.0,69.0
0.0,36.0
0.0,69.0
0.0,36.0
0.0,48.0
0.0,12.0
0.0,0.0
0.0,12.0
0.0,48.0
0.0,36.0
0.0,48.0
0.0,81.0
0.0,69.0
0.0,81.0
0.0,48.0
0.0,85.0
0.0,48.0
0.0,12.0
0.0,49.0
0.0,37.0
0.0,49.0
0.0,82.0
0.0,45.0
0.0,82.0
0.0,49.0
0.0,37.0
0.0,70.0
0.0,106.0
0.0,69.0
0.0,93.0
0.0,57.0
0.0,33.0
0.0,45.0
0.0,12.0
0.0,49.0
0.0,85.0
0.0,73.0
0.0,106.0
0.0,118.0
0.0,82.0
0.0,118.0
0.0,106.0
0.0,73.0
0.0,106.0
0.0,118.0
0.0,106.0
0.0,118.0
0.0,82.0
0.0,45.0
0.0,69.0
0.0,36.0
0.0,72.0
0.0,109.0
0.0,73.0
0.0,109.0
0.0,97.0
0.0,61.0
0.0,73.0
0.0,106.0
0.0,69.0
0.0,45.0
0.0010323524475097656,82.0
0.0010323524475097656,118.0
0.0010323524475097656,81.0
0.0010323524475097656,118.0
0.0010323524475097656,82.0
0.0010323524475097656,49.0
0.0010323524475097656,12.0
0.0010323524475097656,49.0
0.0010323524475097656,12.0
0.0010323524475097656,0.0
0.0010323524475097656,36.0
0.0010323524475097656,0.0
0.0010323524475097656,33.0
0.0010323524475097656,57.0
0.0010323524475097656,94.0
0.0010323524475097656,130.0
0.0010323524475097656,93.0
0.0010323524475097656,69.0
0.0010323524475097656,81.0
0.0010323524475097656,45.0
0.0010323524475097656,12.0
0.0010323524475097656,49.0
0.0010323524475097656,37.0
0.0010323524475097656,49.0
0.0010323524475097656,37.0
0.0010323524475097656,49.0
0.0010323524475097656,37.0
0.0010323524475097656,0.0
0.0010323524475097656,24.0
0.0010323524475097656,36.0
0.0010323524475097656,12.0
0.0010323524475097656,49.0
0.0010323524475097656,12.0
0.0010323524475097656,49.0
0.0010323524475097656,73.0
0.0010323524475097656,61.0
0.0010323524475097656,73.0
0.0010323524475097656,49.0
0.0010323524475097656,37.0
0.0010323524475097656,0.0
0.0010323524475097656,37.0
0.0010323524475097656,73.0
0.0010323524475097656,106.0
0.0010323524475097656,118.0
0.0010323524475097656,81.0
0.0010323524475097656,118.0
0.0010323524475097656,81.0
0.0010323524475097656,69.0
0.0010323524475097656,81.0
0.0010323524475097656,118.0
0.0010323524475097656,81.0
0.0010323524475097656,48.0
0.0010323524475097656,36.0
0.0010323524475097656,60.0
0.0010323524475097656,24.0
0.0010323524475097656,57.0
0.0010323524475097656,33.0
0.0010323524475097656,70.0
0.0010323524475097656,106.0
0.0010323524475097656,73.0
0.0010323524475097656,106.0
0.0010323524475097656,69.0
0.0010323524475097656,36.0
0.0010323524475097656,48.0
0.0010323524475097656,72.0
0.0010323524475097656,60.0
0.0010323524475097656,24.0
0.0010323524475097656,57.0
0.0010323524475097656,69.0
0.0010323524475097656,36.0
0.0010323524475097656,12.0
0.0010323524475097656,36.0
0.0010323524475097656,73.0
0.0010323524475097656,61.0
0.0010323524475097656,73.0
0.0010323524475097656,36.0
0.0010323524475097656,24.0
0.0010323524475097656,57.0
0.0010323524475097656,93.0
0.0010323524475097656,60.0
0.0010323524475097656,93.0
0.0010323524475097656,69.0
0.0010323524475097656,93.0
0.0010323524475097656,60.0
0.0010323524475097656,36.0
0.0010323524475097656,69.0
0.0010323524475097656,36.0
0.0010323524475097656,73.0
0.0010323524475097656,37.0
0.0010323524475097656,0.0
0.0010323524475097656,24.0
0.0010323524475097656,60.0
0.0010323524475097656,93.0
0.0010323524475097656,57.0
0.0010323524475097656,33.0
0.0010323524475097656,57.0
0.0010323524475097656,93.0
0.0010323524475097656,60.0
0.0010323524475097656,97.0
0.0010323524475097656,109.0
0.0010323524475097656,97.0
0.0010323524475097656,61.0
0.0010323524475097656,73.0
0.0010323524475097656,36.0
0.0010323524475097656,73.0
0.0010323524475097656,36.0
0.0010323524475097656,69.0
0.0010323524475097656,45.0
0.0010323524475097656,12.0
0.0010323524475097656,49.0
0.0010323524475097656,82.0
0.0010323524475097656,45.0
0.0010323524475097656,12.0
0.0010323524475097656,48.0
0.0010323524475097656,85.0
0.0010323524475097656,118.0
0.0010323524475097656,81.0
0.0010323524475097656,69.0
0.0010323524475097656,81.0
0.0010323524475097656,48.0
0.0010323524475097656,72.0
0.0010323524475097656,48.0
0.0010323524475097656,36.0
0.0010323524475097656,60.0
0.0010323524475097656,36.0
0.0010323524475097656,69.0
0.0010323524475097656,36.0
0.0010323524475097656,48.0
0.0010323524475097656,12.0
0.0010323524475097656,0.0
0.0010323524475097656,33.0
0.0010323524475097656,69.0
0.0010323524475097656,33.0
0.0010323524475097656,45.0
0.0010323524475097656,69.0
0.0010323524475097656,45.0
0.0010323524475097656,82.0
0.0010323524475097656,70.0
0.0010323524475097656,106.0
0.0010323524475097656,118.0
0.0010323524475097656,82.0
0.0010323524475097656,45.0
0.0010323524475097656,81.0
0.0010323524475097656,118.0
0.0010323524475097656,82.0
0.0010323524475097656,70.0
0.0010323524475097656,33.0
0.0010323524475097656,70.0
0.0010323524475097656,37.0
0.0010323524475097656,0.0
0.0010323524475097656,37.0
0.0010323524475097656,73.0
0.0010323524475097656,85.0
0.0010323524475097656,118.0
0.0010323524475097656,82.0
0.0010323524475097656,118.0
0.0010323524475097656,81.0
0.0010323524475097656,45.0
0.0010323524475097656,69.0
0.0010323524475097656,45.0
0.0010323524475097656,82.0
0.0010323524475097656,45.0
0.0010323524475097656,81.0
0.0010323524475097656,48.0
0.0010323524475097656,36.0
0.0010323524475097656,0.0
0.0010323524475097656,12.0
0.0010323524475097656,48.0
0.0010323524475097656,85.0
0.0010323524475097656,109.0
0.0010323524475097656,73.0
0.0010323524475097656,106.0
0.0010323524475097656,94.0
0.0010323524475097656,106.0
0.0010323524475097656,73.0
0.0010323524475097656,109.0
0.0010323524475097656,97.0
0.0010323524475097656,109.0
0.0010323524475097656,97.0
0.0010323524475097656,109.0
0.0010323524475097656,97.0
0.0010323524475097656,60.0
0.0010323524475097656,24.0
0.0010323524475097656,61.0
0.0010323524475097656,73.0
0.0010323524475097656,109.0
0.0010323524475097656,73.0
0.0010323524475097656,109.0
0.0010323524475097656,97.0
0.0010323524475097656,60.0
0.0010323524475097656,24.0
0.0010323524475097656,60.0
0.0010323524475097656,97.0
0.0010323524475097656,61.0
0.0010323524475097656,24.0
0.0010323524475097656,60.0
0.0010323524475097656,93.0
0.0010323524475097656,60.0
0.0010323524475097656,72.0
0.0010323524475097656,48.0
0.0010323524475097656,72.0
0.0010323524475097656,109.0
0.0010323524475097656,72.0
0.0010323524475097656,109.0
0.0010323524475097656,97.0
0.0010323524475097656,73.0
0.0010323524475097656,36.0
0.0010323524475097656,73.0
0.0010323524475097656,37.0
0.0010323524475097656,61.0
0.0010323524475097656,94.0
0.0010323524475097656,61.0
0.0010323524475097656,73.0
0.0010323524475097656,49.0
0.0010323524475097656,82.0
0.0010323524475097656,106.0
0.0010323524475097656,73.0
0.0010323524475097656,49.0
0.0010323524475097656,85.0
0.0010323524475097656,73.0
0.0010323524475097656,36.0
0.0010323524475097656,73.0
0.0010323524475097656,85.0
0.0010323524475097656,73.0
0.0010323524475097656,97.0
0.0010323524475097656,109.0
0.0010323524475097656,97.0
0.0010323524475097656,73.0
0.0010323524475097656,106.0
0.0010323524475097656,130.0
0.0010323524475097656,94.0
0.0010323524475097656,57.0
0.0010323524475097656,69.0
0.0010323524475097656,106.0
0.0010323524475097656,69.0
0.0010323524475097656,36.0
0.0010323524475097656,73.0
0.0010323524475097656,36.0
0.0010323524475097656,72.0
0.0010323524475097656,36.0
0.0010323524475097656,72.0
0.0010323524475097656,109.0
0.0010323524475097656,72.0
0.0010323524475097656,60.0
0.0010323524475097656,97.0
0.0010323524475097656,60.0
0.0010323524475097656,93.0
0.0010323524475097656,60.0
0.0010323524475097656,24.0
0.0010323524475097656,36.0
0.0010323524475097656,12.0
0.0010323524475097656,48.0
0.0010323524475097656,72.0
0.0010323524475097656,60.0
0.0010323524475097656,97.0
0.0010323524475097656,60.0
0.0010323524475097656,36.0
0.0010323524475097656,0.0
0.0010323524475097656,33.0
0.0010323524475097656,57.0
0.0010323524475097656,33.0
0.0010323524475097656,57.0
0.0010323524475097656,93.0
0.0010323524475097656,69.0
0.0010323524475097656,81.0
0.0010323524475097656,45.0
0.0010323524475097656,33.0
0.0010323524475097656,57.0
0.0010323524475097656,33.0
0.0010323524475097656,57.0
0.0010323524475097656,69.0
0.0010323524475097656,57.0
0.0010323524475097656,93.0
0.0010323524475097656,69.0
0.0010323524475097656,93.0
0.0010323524475097656,60.0
0.0010323524475097656,97.0
0.0010323524475097656,73.0
0.0010323524475097656,97.0
0.0010323524475097656,73.0
0.0010323524475097656,106.0
0.0010323524475097656,69.0
0.0010323524475097656,81.0
0.0010323524475097656,48.0
0.0010323524475097656,72.0
0.0010323524475097656,60.0
0.0010323524475097656,36.0
0.0010323524475097656,73.0
0.0010323524475097656,106.0
0.0010323524475097656,70.0
0.0010323524475097656,37.0
0.0010323524475097656,49.0
0.0010323524475097656,73.0
0.0010323524475097656,109.0
0.0010323524475097656,73.0
0.0010323524475097656,61.0
0.0010323524475097656,24.0
0.0010323524475097656,60.0
0.0010323524475097656,93.0
0.0010323524475097656,69.0
0.0010323524475097656,33.0
0.0010323524475097656,0.0
0.0010323524475097656,33.0
0.0010323524475097656,69.0
0.0010323524475097656,81.0
0.0010323524475097656,118.0
0.0010323524475097656,81.0
0.0010323524475097656,48.0
0.0010323524475097656,36.0
0.0010323524475097656,73.0
0.0010323524475097656,37.0
0.0010323524475097656,0.0
0.0010323524475097656,33.0
0.0010323524475097656,57.0
0.0010323524475097656,33.0
0.0010323524475097656,45.0
0.0010323524475097656,82.0
0.0010323524475097656,118.0
0.0010323524475097656,82.0
0.0010323524475097656,49.0
0.0010323524475097656,85.0
0.0010323524475097656,48.0
0.0010323524475097656,81.0
0.0010323524475097656,48.0
0.0010323524475097656,12.0
0.0010323524475097656,49.0
0.0010323524475097656,73.0
0.0010323524475097656,106.0
0.0010323524475097656,69.0
0.0010323524475097656,57.0
0.0010323524475097656,93.0
0.0010323524475097656,130.0
0.0010323524475097656,106.0
0.0010323524475097656,69.0
0.0010323524475097656,106.0
0.0010323524475097656,118.0
0.0010323524475097656,106.0
0.0010323524475097656,70.0
0.0010323524475097656,94.0
0.0010323524475097656,106.0
0.0010323524475097656,82.0
0.0010323524475097656,49.0
0.0010323524475097656,37.0
0.0010323524475097656,49.0
0.0010323524475097656,85.0
0.0010323524475097656,73.0
0.0010323524475097656,97.0
0.0010323524475097656,61.0
0.0010323524475097656,73.0
0.0010323524475097656,61.0
0.0010323524475097656,37.0
0.0010323524475097656,73.0
0.0010323524475097656,37.0
0.0010323524475097656,0.0
0.0010323524475097656,37.0
0.0010323524475097656,0.0
0.0010323524475097656,37.0
0.0010323524475097656,73.0
0.0010323524475097656,85.0
0.0010323524475097656,118.0
0.0010323524475097656,81.0
0.0010323524475097656,45.0
0.0010323524475097656,69.0
0.0010323524475097656,106.0
0.0010323524475097656,73.0
0.0010323524475097656,36.0
0.0010323524475097656,72.0
0.0010323524475097656,48.0
0.0010323524475097656,12.0
0.0010323524475097656,48.0
0.0010323524475097656,81.0
0.0010323524475097656,69.0
0.0010323524475097656,33.0
0.0010323524475097656,69.0
0.0010323524475097656,33.0
0.0010323524475097656,45.0
0.0010323524475097656,69.0
0.0010323524475097656,106.0
0.0010323524475097656,69.0
0.0010323524475097656,36.0
0.0010323524475097656,73.0
0.0010323524475097656,36.0
0.0010323524475097656,69.0
0.0010323524475097656,106.0
0.0010323524475097656,69.0
0.0010323524475097656,36.0
0.0010323524475097656,24.0
0.0010323524475097656,61.0
0.0010323524475097656,73.0
0.0010323524475097656,49.0
0.0010323524475097656,85.0
0.0010323524475097656,109.0
0.0010323524475097656,97.0
0.0010323524475097656,60.0
0.0010323524475097656,24.0
0.0010323524475097656,60.0
0.0010323524475097656,72.0
0.0010323524475097656,48.0
0.0010323524475097656,12.0
0.0010323524475097656,36.0
0.0010323524475097656,69.0
0.0010323524475097656,45.0
0.0010323524475097656,82.0
0.0010323524475097656,49.0
0.0010323524475097656,37.0
0.0010323524475097656,61.0
0.0010323524475097656,97.0
0.0010323524475097656,130.0
0.0010323524475097656,94.0
0.0010323524475097656,130.0
0.0010323524475097656,106.0
0.0010323524475097656,130.0
0.0010323524475097656,97.0
0.0010323524475097656,109.0
0.0010323524475097656,85.0
0.0010323524475097656,73.0
0.0010323524475097656,106.0
0.0010323524475097656,70.0
0.0010323524475097656,106.0
0.0010323524475097656,130.0
0.0010323524475097656,97.0
0.0010323524475097656,130.0
0.0010323524475097656,94.0
0.0010323524475097656,57.0
0.0010323524475097656,33.0
0.0010323524475097656,57.0
0.0010323524475097656,33.0
0.0010323524475097656,57.0
0.0010323524475097656,69.0
0.0010323524475097656,106.0
0.0010323524475097656,73.0
0.0010323524475097656,49.0
0.0010323524475097656,82.0
0.0010323524475097656,45.0
0.0010323524475097656,82.0
0.0010323524475097656,106.0
0.0010323524475097656,69.0
0.0010323524475097656,45.0
0.0010323524475097656,69.0
0.0010323524475097656,45.0
0.0010323524475097656,12.0
0.0010323524475097656,0.0
0.0010323524475097656,36.0
0.0010323524475097656,0.0
0.0010323524475097656,36.0
0.0010323524475097656,60.0
0.0010323524475097656,93.0
0.0010323524475097656,130.0
0.0010323524475097656,94.0
0.0010323524475097656,57.0
0.0010323524475097656,69.0
0.0010323524475097656,106.0
0.0010323524475097656,94.0
0.0010323524475097656,130.0
0.0010323524475097656,97.0
0.0010323524475097656,130.0
0.0010323524475097656,93.0
0.0010323524475097656,130.0
0.0010323524475097656,106.0
0.0010323524475097656,118.0
0.0010323524475097656,106.0
0.0010323524475097656,69.0
0.0010323524475097656,93.0
0.0010323524475097656,57.0
0.0010323524475097656,93.0
0.0010323524475097656,60.0
0.0010323524475097656,36.0
0.0010323524475097656,73.0
0.0010323524475097656,97.0
0.0010323524475097656,73.0
0.0010323524475097656,85.0
0.0010323524475097656,118.0
0.0010323524475097656,82.0
0.0010323524475097656,70.0
0.0010323524475097656,94.0
0.0010323524475097656,130.0
0.0010323524475097656,97.0
0.0010323524475097656,73.0
0.0010323524475097656,37.0
0.0010323524475097656,0.0
0.0010323524475097656,12.0
0.0010323524475097656,48.0
0.0010323524475097656,72.0
0.0010323524475097656,36.0
0.0010323524475097656,69.0
0.0010323524475097656,57.0
0.0010323524475097656,33.0
0.0010323524475097656,45.0
0.0010323524475097656,69.0
0.0010323524475097656,57.0
0.0010323524475097656,33.0
0.0010323524475097656,57.0
0.0010323524475097656,93.0
0.0010323524475097656,130.0
0.0010323524475097656,97.0
0.0010323524475097656,61.0
0.0010323524475097656,37.0
0.0010323524475097656,61.0
0.0010323524475097656,94.0
0.0010323524475097656,130.0
0.0010323524475097656,93.0
0.0010323524475097656,69.0
0.0010323524475097656,93.0
0.0010323524475097656,130.0
0.0010323524475097656,93.0
0.0010323524475097656,57.0
0.0010323524475097656,93.0
0.0010323524475097656,60.0
0.0010323524475097656,24.0
0.0010323524475097656,36.0
0.0010323524475097656,12.0
0.0010323524475097656,36.0
0.0010323524475097656,12.0
0.0010323524475097656,49.0
0.0010323524475097656,37.0
0.0010323524475097656,61.0
0.0010323524475097656,94.0
0.0010323524475097656,70.0
0.0010323524475097656,106.0
0.0010323524475097656,130.0
0.0010323524475097656,94.0
0.0010323524475097656,70.0
0.0010323524475097656,94.0
0.0010323524475097656,57.0
0.0010323524475097656,69.0
0.0010323524475097656,57.0
0.0010323524475097656,24.0
0.0010323524475097656,61.0
0.0010323524475097656,37.0
0.0010323524475097656,70.0
0.0010323524475097656,33.0
0.0010323524475097656,0.0
0.0010323524475097656,37.0
0.0010323524475097656,61.0
0.0010323524475097656,94.0
0.0010323524475097656,70.0
0.0010323524475097656,37.0
0.0010323524475097656,73.0
0.0010323524475097656,36.0
0.0010323524475097656,48.0
0.0010323524475097656,36.0
0.0010323524475097656,48.0
0.0010323524475097656,85.0
0.0010323524475097656,73.0
0.0010323524475097656,106.0
0.0010323524475097656,130.0
0.0010323524475097656,106.0
0.0010323524475097656,118.0
0.0010323524475097656,81.0
0.0010323524475097656,118.0
0.0010323524475097656,106.0
0.0010323524475097656,69.0
0.0010323524475097656,81.0
0.0010323524475097656,45.0
0.0010323524475097656,12.0
0.0010323524475097656,48.0
0.0010323524475097656,36.0
0.0010323524475097656,69.0
0.0010323524475097656,93.0
0.0010323524475097656,60.0
0.0010323524475097656,24.0
0.0010323524475097656,36.0
0.0010323524475097656,72.0
0.0010323524475097656,48.0
0.0010323524475097656,36.0
0.0010323524475097656,60.0
0.0010323524475097656,36.0
0.0010323524475097656,60.0
0.0010323524475097656,24.0
0.0010323524475097656,0.0
0.0010323524475097656,24.0
0.0010323524475097656,61.0
0.0010323524475097656,97.0
0.0010323524475097656,109.0
0.0010323524475097656,97.0
0.0010323524475097656,73.0
0.0010323524475097656,97.0
0.0020554065704345703,61.0
0.0020554065704345703,73.0
0.0020554065704345703,109.0
0.0020554065704345703,73.0
0.0020554065704345703,106.0
0.0020554065704345703,94.0
0.0020554065704345703,130.0
0.0020554065704345703,93.0
0.0020554065704345703,130.0
0.0020554065704345703,106.0
0.0020554065704345703,130.0
0.0020554065704345703,97.0
0.0020554065704345703,60.0
0.0020554065704345703,72.0
0.0020554065704345703,60.0
0.0020554065704345703,24.0
0.0020554065704345703,0.0
0.0020554065704345703,24.0
0.0020554065704345703,61.0
0.0020554065704345703,24.0
0.0020554065704345703,61.0
0.0020554065704345703,37.0
0.0020554065704345703,73.0
0.0020554065704345703,85.0
0.0020554065704345703,109.0
0.0020554065704345703,72.0
0.0020554065704345703,48.0
0.0020554065704345703,72.0
0.0020554065704345703,48.0
0.0020554065704345703,81.0
0.0020554065704345703,69.0
0.0020554065704345703,93.0
0.0020554065704345703,130.0
0.0020554065704345703,106.0
0.0020554065704345703,69.0
0.0020554065704345703,81.0
0.0020554065704345703,118.0
0.0020554065704345703,85.0
0.0020554065704345703,48.0
0.0020554065704345703,81.0
0.0020554065704345703,69.0
0.0020554065704345703,81.0
0.0020554065704345703,48.0
0.0020554065704345703,72.0
0.0020554065704345703,60.0
0.0020554065704345703,72.0
0.0020554065704345703,36.0
0.0020554065704345703,72.0
0.0020554065704345703,36.0
0.0020554065704345703,72.0
0.0020554065704345703,60.0
0.0020554065704345703,97.0
0.0020554065704345703,73.0
0.0020554065704345703,37.0
0.0020554065704345703,70.0
0.0020554065704345703,33.0
0.0020554065704345703,70.0
0.0020554065704345703,37.0
0.0020554065704345703,61.0
0.0020554065704345703,97.0
0.0020554065704345703,73.0
0.0020554065704345703,85.0
0.0020554065704345703,109.0
0.0020554065704345703,85.0
0.0020554065704345703,118.0
0.0020554065704345703,82.0
0.0020554065704345703,70.0
0.0020554065704345703,37.0
0.0020554065704345703,0.0
0.0020554065704345703,24.0
0.0020554065704345703,36.0
0.0020554065704345703,72.0
0.0020554065704345703,48.0
0.0020554065704345703,72.0
0.0020554065704345703,36.0
0.0020554065704345703,24.0
0.0020554065704345703,0.0
0.0020554065704345703,37.0
0.0020554065704345703,0.0
0.0020554065704345703,36.0
0.0020554065704345703,60.0
0.0020554065704345703,72.0
0.0020554065704345703,109.0
0.0020554065704345703,72.0
0.0020554065704345703,48.0
0.0020554065704345703,81.0
0.0020554065704345703,118.0
0.0020554065704345703,85.0
0.0020554065704345703,118.0
0.0020554065704345703,85.0
0.0020554065704345703,109.0
0.0020554065704345703,85.0
0.0020554065704345703,109.0
0.0020554065704345703,72.0
0.0020554065704345703,60.0
0.0020554065704345703,36.0
0.0020554065704345703,48.0
0.0020554065704345703,85.0
0.0020554065704345703,73.0
0.0020554065704345703,106.0
0.0020554065704345703,70.0
0.0020554065704345703,106.0
0.0020554065704345703,130.0
0.0020554065704345703,97.0
0.0020554065704345703,130.0
0.0020554065704345703,106.0
0.0020554065704345703,118.0
0.0020554065704345703,82.0
0.0020554065704345703,118.0
0.0020554065704345703,85.0
0.0020554065704345703,73.0
0.0020554065704345703,97.0
0.0020554065704345703,109.0
0.0020554065704345703,85.0
0.0020554065704345703,118.0
0.0020554065704345703,106.0
0.0020554065704345703,69.0
0.0020554065704345703,33.0
0.0020554065704345703,0.0
0.0020554065704345703,33.0
0.0020554065704345703,69.0
0.0020554065704345703,81.0
0.0020554065704345703,118.0
0.0020554065704345703,85.0
0.0020554065704345703,49.0
0.0020554065704345703,85.0
0.0020554065704345703,118.0
0.0020554065704345703,106.0
0.0020554065704345703,69.0
0.0020554065704345703,106.0
0.0020554065704345703,118.0
0.0020554065704345703,82.0
0.0020554065704345703,118.0
0.0020554065704345703,81.0
0.0020554065704345703,69.0
0.0020554065704345703,93.0
0.0020554065704345703,60.0
0.0020554065704345703,93.0
0.0020554065704345703,69.0
0.0020554065704345703,33.0
0.0020554065704345703,70.0
0.0020554065704345703,33.0
0.0020554065704345703,57.0
0.0020554065704345703,69.0
0.0020554065704345703,36.0
0.0020554065704345703,24.0
0.0020554065704345703,36.0
0.0020554065704345703,69.0
0.0020554065704345703,45.0
0.0020554065704345703,12.0
0.0020554065704345703,45.0
0.0020554065704345703,82.0
0.0020554065704345703,70.0
0.0020554065704345703,106.0
0.0020554065704345703,118.0
0.0020554065704345703,81.0
0.0020554065704345703,45.0
0.0020554065704345703,82.0
0.0020554065704345703,70.0
0.0020554065704345703,94.0
0.0020554065704345703,61.0
0.0020554065704345703,97.0
0.0020554065704345703,60.0
0.0020554065704345703,36.0
0.0020554065704345703,0.0
0.0020554065704345703,12.0
0.0020554065704345703,36.0
0.0020554065704345703,24.0
0.0020554065704345703,60.0
0.0020554065704345703,36.0
0.0020554065704345703,69.0
0.0020554065704345703,93.0
0.0020554065704345703,69.0
0.0020554065704345703,81.0
0.0020554065704345703,69.0
0.0020554065704345703,33.0
0.0020554065704345703,45.0
0.0020554065704345703,33.0
0.0020554065704345703,57.0
0.0020554065704345703,69.0
0.0020554065704345703,36.0
0.0020554065704345703,24.0
0.0020554065704345703,36.0
0.0020554065704345703,72.0
0.0020554065704345703,109.0
0.0020554065704345703,97.0
0.0020554065704345703,61.0
0.0020554065704345703,37.0
0.0020554065704345703,73.0
0.0020554065704345703,36.0
0.0020554065704345703,0.0
0.0020554065704345703,24.0
0.0020554065704345703,0.0
0.0020554065704345703,12.0
0.0020554065704345703,45.0
0.0020554065704345703,82.0
0.0020554065704345703,106.0
0.0020554065704345703,94.0
0.0020554065704345703,57.0
0.0020554065704345703,24.0
0.0020554065704345703,36.0
0.0020554065704345703,12.0
0.0020554065704345703,49.0
0.0020554065704345703,82.0
0.0020554065704345703,106.0
0.0020554065704345703,69.0
0.0020554065704345703,57.0
0.0020554065704345703,24.0
0.0020554065704345703,36.0
0.0020554065704345703,12.0
0.0020554065704345703,36.0
0.0020554065704345703,24.0
0.0020554065704345703,60.0
0.0020554065704345703,36.0
0.0020554065704345703,60.0
0.0020554065704345703,97.0
0.0020554065704345703,61.0
0.0020554065704345703,24.0
0.0020554065704345703,61.0
0.0020554065704345703,94.0
0.0020554065704345703,70.0
0.0020554065704345703,106.0
0.0020554065704345703,118.0
0.0020554065704345703,106.0
0.0020554065704345703,130.0
0.0020554065704345703,97.0
0.0020554065704345703,130.0
0.0020554065704345703,106.0
0.0020554065704345703,130.0
0.0020554065704345703,97.0
0.0020554065704345703,130.0
0.0020554065704345703,94.0
0.0020554065704345703,130.0
0.0020554065704345703,93.0
0.0020554065704345703,69.0
0.0020554065704345703,106.0
0.0020554065704345703,130.0
0.0020554065704345703,106.0
0.0020554065704345703,69.0
0.0020554065704345703,93.0
0.0020554065704345703,130.0
0.0020554065704345703,106.0
0.0020554065704345703,70.0
0.0020554065704345703,82.0
0.0020554065704345703,45.0
0.0020554065704345703,69.0
0.0020554065704345703,57.0
0.0020554065704345703,93.0
0.0020554065704345703,130.0
0.0020554065704345703,106.0
0.0020554065704345703,73.0
0.0020554065704345703,85.0
0.0020554065704345703,109.0
0.0020554065704345703,85.0
0.0020554065704345703,48.0
0.0020554065704345703,72.0
0.0020554065704345703,36.0
0.0020554065704345703,69.0
0.0020554065704345703,106.0
0.0020554065704345703,73.0
0.0020554065704345703,106.0
0.0020554065704345703,69.0
0.0020554065704345703,45.0
0.0020554065704345703,12.0
0.0020554065704345703,36.0
0.0020554065704345703,12.0
0.0020554065704345703,48.0
0.0020554065704345703,72.0
0.0020554065704345703,109.0
0.0020554065704345703,97.0
0.0020554065704345703,60.0
0.0020554065704345703,97.0
0.0020554065704345703,60.0
0.0020554065704345703,97.0
0.0020554065704345703,109.0
0.0020554065704345703,85.0
0.0020554065704345703,118.0
0.0020554065704345703,81.0
0.0020554065704345703,69.0
0.0020554065704345703,106.0
0.0020554065704345703,70.0
0.0020554065704345703,94.0
0.0020554065704345703,106.0
0.0020554065704345703,94.0
0.0020554065704345703,57.0
0.0020554065704345703,24.0
0.0020554065704345703,60.0
0.0020554065704345703,72.0
0.0020554065704345703,48.0
0.0020554065704345703,72.0
0.0020554065704345703,48.0
0.0020554065704345703,85.0
0.0020554065704345703,73.0
0.0020554065704345703,106.0
0.0020554065704345703,130.0
0.0020554065704345703,94.0
0.0020554065704345703,106.0
0.0020554065704345703,82.0
0.0020554065704345703,49.0
0.0020554065704345703,85.0
0.0020554065704345703,73.0
0.0020554065704345703,37.0
0.0020554065704345703,0.0
0.0020554065704345703,33.0
0.0020554065704345703,45.0
0.0020554065704345703,33.0
0.0020554065704345703,0.0
0.0020554065704345703,36.0
0.0020554065704345703,48.0
0.0020554065704345703,12.0
0.0020554065704345703,45.0
0.0020554065704345703,12.0
0.0020554065704345703,48.0
0.0020554065704345703,85.0
0.0020554065704345703,49.0
0.0020554065704345703,85.0
0.0020554065704345703,49.0
0.0020554065704345703,12.0
0.0020554065704345703,0.0
0.0020554065704345703,24.0
0.0020554065704345703,36.0
0.0020554065704345703,24.0
0.0020554065704345703,60.0
0.0020554065704345703,72.0
0.0020554065704345703,109.0
0.0020554065704345703,73.0
0.0020554065704345703,61.0
0.0020554065704345703,73.0
0.0020554065704345703,61.0
0.0020554065704345703,73.0
0.0020554065704345703,106.0
0.0020554065704345703,69.0
0.0020554065704345703,57.0
0.0020554065704345703,94.0
0.0020554065704345703,70.0
0.0020554065704345703,33.0
0.0020554065704345703,70.0
0.0020554065704345703,37.0
0.0020554065704345703,0.0
0.0020554065704345703,36.0
0.0020554065704345703,0.0
0.0020554065704345703,12.0
0.0020554065704345703,0.0
0.0020554065704345703,33.0
0.0020554065704345703,45.0
0.0020554065704345703,12.0
0.0020554065704345703,48.0
0.0020554065704345703,12.0
0.0020554065704345703,36.0
0.0020554065704345703,24.0
0.0020554065704345703,0.0
0.0020554065704345703,12.0
0.0020554065704345703,36.0
0.0020554065704345703,73.0
0.0020554065704345703,49.0
0.0020554065704345703,82.0
0.0020554065704345703,106.0
0.0020554065704345703,73.0
0.0020554065704345703,36.0
0.0020554065704345703,24.0
0.0020554065704345703,0.0
0.0020554065704345703,24.0
0.0020554065704345703,57.0
0.0020554065704345703,33.0
0.0020554065704345703,45.0
0.0020554065704345703,69.0
0.0020554065704345703,106.0
0.0020554065704345703,94.0
0.0020554065704345703,57.0
0.0020554065704345703,69.0
0.0020554065704345703,45.0
0.0020554065704345703,33.0
0.0020554065704345703,69.0
0.0020554065704345703,36.0
0.0020554065704345703,73.0
0.0020554065704345703,36.0
0.0020554065704345703,60.0
0.0020554065704345703,97.0
0.0020554065704345703,73.0
0.0020554065704345703,85.0
0.0020554065704345703,109.0
0.0020554065704345703,72.0
0.0020554065704345703,60.0
0.0020554065704345703,72.0
0.0020554065704345703,48.0
0.0020554065704345703,81.0
0.0020554065704345703,69.0
0.0020554065704345703,93.0
0.0020554065704345703,69.0
0.0020554065704345703,106.0
0.0020554065704345703,118.0
0.0020554065704345703,106.0
0.0020554065704345703,118.0
0.0020554065704345703,81.0
0.0020554065704345703,69.0
0.0020554065704345703,81.0
0.0020554065704345703,48.0
0.0020554065704345703,36.0
0.0020554065704345703,73.0
0.0020554065704345703,37.0
0.0020554065704345703,0.0
0.0020554065704345703,36.0
0.0020554065704345703,0.0
0.0020554065704345703,12.0
0.0020554065704345703,0.0
0.0020554065704345703,36.0
0.0020554065704345703,48.0
0.0020554065704345703,12.0
0.0020554065704345703,36.0
0.0020554065704345703,69.0
0.0020554065704345703,57.0
0.0020554065704345703,94.0
0.0020554065704345703,106.0
0.0020554065704345703,69.0
0.0020554065704345703,106.0
0.0020554065704345703,73.0
0.0020554065704345703,106.0
0.0020554065704345703,82.0
0.0020554065704345703,118.0
0.0020554065704345703,106.0
0.0020554065704345703,70.0
0.0020554065704345703,94.0
0.0020554065704345703,57.0
0.0020554065704345703,93.0
0.0020554065704345703,69.0
0.0020554065704345703,33.0
0.0020554065704345703,70.0
0.0020554065704345703,37.0
0.0020554065704345703,70.0
0.0020554065704345703,37.0
0.0020554065704345703,61.0
0.0020554065704345703,24.0
0.0020554065704345703,0.0
0.0020554065704345703,33.0
0.0020554065704345703,57.0
0.0020554065704345703,24.0
0.0020554065704345703,61.0
0.0020554065704345703,37.0
0.0020554065704345703,61.0
0.0020554065704345703,24.0
0.0020554065704345703,57.0
0.0020554065704345703,33.0
0.0020554065704345703,69.0
0.0020554065704345703,36.0
0.0020554065704345703,73.0
0.0020554065704345703,85.0
0.0020554065704345703,48.0
0.0020554065704345703,36.0
0.0020554065704345703,60.0
0.0020554065704345703,24.0
0.0020554065704345703,60.0
0.0020554065704345703,93.0
0.0020554065704345703,69.0
0.0020554065704345703,36.0
0.0020554065704345703,0.0
0.0020554065704345703,24.0
0.0020554065704345703,36.0
0.0020554065704345703,73.0
0.0020554065704345703,61.0
0.0020554065704345703,37.0
0.0020554065704345703,49.0
0.0020554065704345703,82.0
0.0020554065704345703,106.0
0.0020554065704345703,69.0
0.0020554065704345703,57.0
0.0020554065704345703,69.0
0.0020554065704345703,106.0
0.0020554065704345703,69.0
0.0020554065704345703,57.0
0.0020554065704345703,69.0
0.0020554065704345703,45.0
0.0020554065704345703,81.0
0.0020554065704345703,118.0
0.0020554065704345703,85.0
0.0020554065704345703,49.0
0.0020554065704345703,73.0
0.0020554065704345703,36.0
0.0020554065704345703,69.0
0.0020554065704345703,45.0
0.0020554065704345703,33.0
0.0020554065704345703,69.0
0.0020554065704345703,33.0
0.0020554065704345703,69.0
0.0020554065704345703,81.0
0.0020554065704345703,48.0
0.0020554065704345703,81.0
0.0020554065704345703,69.0
0.0020554065704345703,36.0
0.0020554065704345703,69.0
0.0020554065704345703,36.0
0.0020554065704345703,69.0
0.0020554065704345703,81.0
0.0020554065704345703,48.0
0.0020554065704345703,72.0
0.0020554065704345703,36.0
0.0020554065704345703,24.0
0.0020554065704345703,57.0
0.0020554065704345703,69.0
0.0020554065704345703,57.0
0.0020554065704345703,69.0
0.0020554065704345703,106.0
0.0020554065704345703,82.0
0.0020554065704345703,118.0
0.0020554065704345703,85.0
0.0020554065704345703,73.0
0.0020554065704345703,106.0
0.0020554065704345703,73.0
0.0020554065704345703,36.0
0.0020554065704345703,73.0
0.0020554065704345703,36.0
0.0020554065704345703,69.0
0.0020554065704345703,81.0
0.0020554065704345703,118.0
0.0020554065704345703,82.0
0.0020554065704345703,106.0
0.0020554065704345703,69.0
0.0020554065704345703,106.0
0.0020554065704345703,94.0
0.0020554065704345703,57.0
0.0020554065704345703,94.0
0.0020554065704345703,106.0
0.0020554065704345703,69.0
0.0020554065704345703,106.0
0.0020554065704345703,73.0
0.0020554065704345703,49.0
0.0020554065704345703,85.0
0.0020554065704345703,109.0
0.0020554065704345703,73.0
0.0020554065704345703,36.0
0.0020554065704345703,72.0
0.0020554065704345703,109.0
0.0020554065704345703,85.0
0.0020554065704345703,49.0
0.0020554065704345703,73.0
0.0020554065704345703,106.0
0.0020554065704345703,73.0
0.0020554065704345703,61.0
0.0020554065704345703,73.0
0.0020554065704345703,109.0
0.0020554065704345703,72.0
0.0020554065704345703,109.0
0.0020554065704345703,73.0
0.0020554065704345703,36.0
0.0020554065704345703,72.0
0.0020554065704345703,36.0
0.0020554065704345703,24.0
0.0020554065704345703,0.0
0.0020554065704345703,36.0
0.0020554065704345703,0.0
0.0020554065704345703,12.0
0.0020554065704345703,49.0
0.0020554065704345703,85.0
0.0020554065704345703,48.0
0.0020554065704345703,81.0
0.0020554065704345703,69.0
0.0020554065704345703,81.0
0.0020554065704345703,69.0
0.0020554065704345703,36.0
0.0020554065704345703,60.0
0.0020554065704345703,72.0
0.0020554065704345703,109.0
0.0020554065704345703,97.0
0.0020554065704345703,109.0
0.0020554065704345703,85.0
0.0020554065704345703,73.0
0.0020554065704345703,85.0
0.0020554065704345703,48.0
0.0020554065704345703,85.0
0.0020554065704345703,49.0
0.0020554065704345703,85.0
0.0020554065704345703,48.0
0.0020554065704345703,72.0
0.0020554065704345703,109.0
0.0020554065704345703,73.0
0.0020554065704345703,61.0
0.0020554065704345703,97.0
0.0020554065704345703,60.0
0.0020554065704345703,36.0
0.0020554065704345703,69.0
0.0020554065704345703,81.0
0.0020554065704345703,69.0
0.0020554065704345703,36.0
0.0020554065704345703,73.0
0.0020554065704345703,36.0
0.0020554065704345703,60.0
0.0020554065704345703,24.0
0.0020554065704345703,60.0
0.0020554065704345703,93.0
0.0020554065704345703,60.0
0.0020554065704345703,97.0
0.0020554065704345703,60.0
0.0020554065704345703,97.0
0.0020554065704345703,61.0
0.0020554065704345703,97.0
0.0020554065704345703,60.0
0.0020554065704345703,72.0
0.0020554065704345703,48.0
0.0020554065704345703,81.0
0.0020554065704345703,45.0
0.0020554065704345703,33.0
0.0020554065704345703,57.0
0.0020554065704345703,69.0
0.0020554065704345703,36.0
0.0020554065704345703,24.0
0.0020554065704345703,61.0
0.0020554065704345703,24.0
0.0020554065704345703,61.0
0.0020554065704345703,97.0
0.0020554065704345703,109.0
0.0020554065704345703,85.0
0.0020554065704345703,48.0
0.0020554065704345703,72.0
0.0020554065704345703,109.0
0.0020554065704345703,73.0
0.0020554065704345703,36.0
0.0020554065704345703,72.0
0.0020554065704345703,48.0
0.0020554065704345703,81.0
0.0020554065704345703,118.0
0.0020554065704345703,82.0
0.0020554065704345703,106.0
0.0020554065704345703,69.0
0.0020554065704345703,57.0
0.0020554065704345703,93.0
0.0020554065704345703,130.0
0.0020554065704345703,93.0
0.0020554065704345703,57.0
0.0020554065704345703,93.0
0.0020554065704345703,57.0
0.0020554065704345703,93.0
0.0020554065704345703,130.0
0.0020554065704345703,97.0
0.0020554065704345703,73.0
0.0020554065704345703,85.0
0.0020554065704345703,118.0
0.0020554065704345703,106.0
0.0020554065704345703,130.0
0.0020554065704345703,93.0
0.0020554065704345703,130.0
0.0020554065704345703,97.0
0.0020554065704345703,130.0
0.0020554065704345703,106.0
0.0020554065704345703,130.0
0.0020554065704345703,93.0
0.0020554065704345703,130.0
0.0020554065704345703,97.0
0.0020554065704345703,60.0
0.0020554065704345703,97.0
0.0020554065704345703,109.0
0.0020554065704345703,97.0
0.0020554065704345703,61.0
0.0020554065704345703,94.0
0.0020554065704345703,70.0
0.0020554065704345703,37.0
0.0020554065704345703,0.0
0.0020554065704345703,37.0
0.0020554065704345703,61.0
0.0020554065704345703,97.0
0.0020554065704345703,130.0
0.0020554065704345703,93.0
0.0020554065704345703,57.0
0.0020554065704345703,69.0
0.0020554065704345703,57.0
0.0020554065704345703,33.0
0.0020554065704345703,69.0
0.0020554065704345703,36.0
0.0020554065704345703,0.0
0.0020554065704345703,24.0
0.0020554065704345703,0.0
0.0020554065704345703,37.0
0.0020554065704345703,61.0
0.0020554065704345703,37.0
0.0020554065704345703,49.0
0.0020554065704345703,12.0
0.0020554065704345703,48.0
0.0020554065704345703,81.0
0.0020554065704345703,45.0
0.0020554065704345703,82.0
0.0020554065704345703,45.0
0.0020554065704345703,69.0
0.0020554065704345703,36.0
0.0020554065704345703,69.0
0.0020554065704345703,57.0
0.0020554065704345703,33.0
0.0020554065704345703,70.0
0.0020554065704345703,106.0
0.0020554065704345703,69.0
0.0020554065704345703,106.0
0.0020554065704345703,73.0
0.0020554065704345703,85.0
0.0020554065704345703,109.0
0.0020554065704345703,73.0
0.0020554065704345703,106.0
0.0020554065704345703,94.0
0.0020554065704345703,61.0
0.0020554065704345703,73.0
0.0020554065704345703,106.0
0.0020554065704345703,94.0
0.0020554065704345703,70.0
0.0020554065704345703,82.0
0.0020554065704345703,118.0
0.0020554065704345703,81.0
0.0020554065704345703,118.0
0.0020554065704345703,82.0
0.0020554065704345703,45.0
0.0020554065704345703,81.0
0.0020554065704345703,48.0
0.0020554065704345703,81.0
0.0020554065704345703,118.0
0.0020554065704345703,106.0
0.0020554065704345703,70.0
0.0020554065704345703,37.0
0.0020554065704345703,61.0
0.0020554065704345703,24.0
0.0020554065704345703,57.0
0.0020554065704345703,33.0
0.0020554065704345703,69.0
0.0020554065704345703,93.0
0.0020554065704345703,130.0
0.0020554065704345703,93.0
0.0020554065704345703,130.0
0.0020554065704345703,94.0
0.0020554065704345703,106.0
0.0020554065704345703,69.0
0.0020554065704345703,36.0
0.0020554065704345703,72.0
0.0020554065704345703,48.0
0.0020554065704345703,72.0
0.0020554065704345703,109.0
0.0020554065704345703,73.0
0.0020554065704345703,61.0
0.0020554065704345703,97.0
0.0020554065704345703,60.0
0.0020554065704345703,36.0
0.0020554065704345703,69.0
0.0020554065704345703,93.0
0.0020554065704345703,130.0
0.0020554065704345703,97.0
0.0020554065704345703,61.0
0.0020554065704345703,94.0
0.0020554065704345703,106.0
0.0020554065704345703,94.0
0.0020554065704345703,61.0
0.0020554065704345703,73.0
0.0020554065704345703,36.0
0.0020554065704345703,72.0
0.0020554065704345703,48.0
0.0020554065704345703,72.0
0.0020554065704345703,48.0
0.0020554065704345703,72.0
0.0020554065704345703,48.0
0.0020554065704345703,81.0
0.0020554065704345703,45.0
0.0020554065704345703,82.0
0.0020554065704345703,45.0
0.0020554065704345703,82.0
0.0020554065704345703,106.0
0.0020554065704345703,82.0
0.0020554065704345703,118.0
0.0020554065704345703,106.0
0.0020554065704345703,130.0
0.0020554065704345703,93.0
0.0020554065704345703,69.0
0.0020554065704345703,36.0
0.0020554065704345703,69.0
0.0020554065704345703,36.0
0.0020554065704345703,69.0
0.0020554065704345703,93.0
0.0020554065704345703,69.0
0.0020554065704345703,106.0
0.0020554065704345703,70.0
0.0020554065704345703,37.0
0.0020554065704345703,61.0
0.0020554065704345703,94.0
0.0020554065704345703,130.0
0.0020554065704345703,93.0
0.0020554065704345703,57.0
0.0020554065704345703,69.0
0.0020554065704345703,45.0
0.0020554065704345703,81.0
0.0020554065704345703,45.0
0.0020554065704345703,12.0
0.0020554065704345703,0.0
0.0020554065704345703,24.0
0.0020554065704345703,60.0
0.0020554065704345703,93.0
0.0020554065704345703,57.0
0.0020554065704345703,94.0
0.0020554065704345703,106.0
0.0020554065704345703,82.0
0.0020554065704345703,49.0
0.0020554065704345703,85.0
0.0020554065704345703,118.0
0.0020554065704345703,106.0
0.0020554065704345703,73.0
0.0020554065704345703,85.0
0.0020554065704345703,48.0
0.0020554065704345703,72.0
0.0020554065704345703,48.0
0.0020554065704345703,72.0
0.0020554065704345703,109.0
0.0020554065704345703,97.0
0.0020554065704345703,130.0
0.0020554065704345703,93.0
0.0020554065704345703,60.0
0.0020554065704345703,72.0
0.0020554065704345703,36.0
0.0020554065704345703,24.0
0.0020554065704345703,57.0
0.0020554065704345703,24.0
0.0020554065704345703,57.0
0.0020554065704345703,94.0
0.0020554065704345703,57.0
0.0020554065704345703,33.0
0.0020554065704345703,69.0
0.0020554065704345703,36.0
0.0020554065704345703,73.0
0.0020554065704345703,36.0
0.0020554065704345703,69.0
0.0020554065704345703,81.0
0.0020554065704345703,48.0
0.0020554065704345703,12.0
0.0020554065704345703,45.0
0.0020554065704345703,12.0
0.0020554065704345703,45.0
0.0020554065704345703,12.0
0.0020554065704345703,0.0
0.0020554065704345703,36.0
0.0020554065704345703,69.0
0.0020554065704345703,106.0
0.0020554065704345703,69.0
0.0020554065704345703,33.0
0.0020554065704345703,69.0
0.0020554065704345703,93.0
0.0020554065704345703,69.0
0.0020554065704345703,36.0
0.0020554065704345703,69.0
0.0020554065704345703,106.0
0.0020554065704345703,130.0
0.0020554065704345703,106.0
0.0020554065704345703,118.0
0.0020554065704345703,82.0
0.0020554065704345703,118.0
0.0020554065704345703,81.0
0.0020554065704345703,45.0
0.0020554065704345703,33.0
0.0020554065704345703,0.0
0.0020554065704345703,12.0
0.0020554065704345703,48.0
0.0020554065704345703,36.0
0.0020554065704345703,69.0
0.0020554065704345703,81.0
0.0020554065704345703,118.0
0.0020554065704345703,81.0
0.0020554065704345703,45.0
0.0020554065704345703,81.0
0.0020554065704345703,118.0
0.0020554065704345703,82.0
0.0020554065704345703,70.0
0.0020554065704345703,106.0
0.0020554065704345703,130.0
0.0020554065704345703,97.0
0.0020554065704345703,73.0
0.0020554065704345703,85.0
0.0020554065704345703,49.0
0.0020554065704345703,12.0
0.0020554065704345703,45.0
0.0020554065704345703,69.0
0.0020554065704345703,45.0
0.0020554065704345703,12.0
0.0020554065704345703,36.0
0.0020554065704345703,24.0
0.0020554065704345703,60.0
0.0020554065704345703,97.0
0.0020554065704345703,130.0
0.0020554065704345703,94.0
0.0020554065704345703,61.0
0.0020554065704345703,73.0
0.0020554065704345703,61.0
0.0020554065704345703,73.0
0.0020554065704345703,36.0
0.0020554065704345703,72.0
0.0020554065704345703,36.0
0.0020554065704345703,72.0
0.0020554065704345703,60.0
0.0020554065704345703,93.0
0.0020554065704345703,60.0
0.0020554065704345703,97.0
0.0020554065704345703,60.0
0.0020554065704345703,97.0
0.0020554065704345703,109.0
0.0020554065704345703,73.0
0.0020554065704345703,49.0
0.0020554065704345703,73.0
0.0020554065704345703,49.0
0.0020554065704345703,85.0
0.0020554065704345703,48.0
0.0020554065704345703,85.0
0.0020554065704345703,48.0
0.0030684471130371094,72.0
0.0030684471130371094,36.0
0.0030684471130371094,72.0
0.0030684471130371094,60.0
0.0030684471130371094,93.0
0.0030684471130371094,60.0
0.0030684471130371094,72.0
0.0030684471130371094,109.0
0.0030684471130371094,97.0
0.0030684471130371094,109.0
0.0030684471130371094,97.0
0.0030684471130371094,60.0
0.0030684471130371094,72.0
0.0030684471130371094,60.0
0.0030684471130371094,24.0
0.0030684471130371094,60.0
0.0030684471130371094,93.0
0.0030684471130371094,130.0
0.0030684471130371094,106.0
0.0030684471130371094,130.0
0.0030684471130371094,94.0
0.0030684471130371094,70.0
0.0030684471130371094,94.0
0.0030684471130371094,57.0
0.0030684471130371094,24.0
0.0030684471130371094,61.0
0.0030684471130371094,73.0
0.0030684471130371094,109.0
0.0030684471130371094,73.0
0.0030684471130371094,106.0
0.0030684471130371094,73.0
0.0030684471130371094,49.0
0.0030684471130371094,37.0
0.0030684471130371094,61.0
0.0030684471130371094,24.0
0.0030684471130371094,61.0
0.0030684471130371094,94.0
0.0030684471130371094,130.0
0.0030684471130371094,106.0
0.0030684471130371094,130.0
0.0030684471130371094,93.0
0.0030684471130371094,57.0
0.0030684471130371094,93.0
0.0030684471130371094,60.0
0.0030684471130371094,24.0
0.0030684471130371094,61.0
0.0030684471130371094,37.0
0.0030684471130371094,70.0
0.0030684471130371094,82.0
0.0030684471130371094,70.0
0.0030684471130371094,106.0
0.0030684471130371094,130.0
0.0030684471130371094,97.0
0.0030684471130371094,73.0
0.0030684471130371094,97.0
0.0030684471130371094,60.0
0.0030684471130371094,72.0
0.0030684471130371094,109.0
0.0030684471130371094,85.0
0.0030684471130371094,109.0
0.0030684471130371094,73.0
0.0030684471130371094,109.0
0.0030684471130371094,85.0
0.0030684471130371094,49.0
0.0030684471130371094,82.0
0.0030684471130371094,106.0
0.0030684471130371094,73.0
0.0030684471130371094,49.0
0.0030684471130371094,82.0
0.0030684471130371094,70.0
0.0030684471130371094,106.0
0.0030684471130371094,118.0
0.0030684471130371094,85.0
0.0030684471130371094,118.0
0.0030684471130371094,82.0
0.0030684471130371094,70.0
0.0030684471130371094,33.0
0.0030684471130371094,57.0
0.0030684471130371094,93.0
0.0030684471130371094,130.0
0.0030684471130371094,94.0
0.0030684471130371094,70.0
0.0030684471130371094,82.0
0.0030684471130371094,70.0
0.0030684471130371094,33.0
0.0030684471130371094,70.0
0.0030684471130371094,106.0
0.0030684471130371094,118.0
0.0030684471130371094,82.0
0.0030684471130371094,118.0
0.0030684471130371094,106.0
0.0030684471130371094,118.0
0.0030684471130371094,85.0
0.0030684471130371094,118.0
0.0030684471130371094,106.0
0.0030684471130371094,69.0
0.0030684471130371094,81.0
0.0030684471130371094,45.0
0.0030684471130371094,33.0
0.0030684471130371094,45.0
0.0030684471130371094,33.0
0.0030684471130371094,0.0
0.0030684471130371094,24.0
0.0030684471130371094,60.0
0.0030684471130371094,93.0
0.0030684471130371094,57.0
0.0030684471130371094,93.0
0.0030684471130371094,130.0
0.0030684471130371094,97.0
0.0030684471130371094,73.0
0.0030684471130371094,85.0
0.0030684471130371094,48.0
0.0030684471130371094,81.0
0.0030684471130371094,118.0
0.0030684471130371094,106.0
0.0030684471130371094,73.0
0.0030684471130371094,106.0
0.0030684471130371094,70.0
0.0030684471130371094,37.0
0.0030684471130371094,73.0
0.0030684471130371094,36.0
0.0030684471130371094,60.0
0.0030684471130371094,93.0
0.0030684471130371094,60.0
0.0030684471130371094,97.0
0.0030684471130371094,130.0
0.0030684471130371094,93.0
0.0030684471130371094,130.0
0.0030684471130371094,94.0
0.0030684471130371094,61.0
0.0030684471130371094,37.0
0.0030684471130371094,73.0
0.0030684471130371094,37.0
0.0030684471130371094,49.0
0.0030684471130371094,12.0
0.0030684471130371094,49.0
0.0030684471130371094,12.0
0.0030684471130371094,49.0
0.0030684471130371094,12.0
0.0030684471130371094,0.0
0.0030684471130371094,33.0
0.0030684471130371094,70.0
0.0030684471130371094,94.0
0.0030684471130371094,61.0
0.0030684471130371094,97.0
0.0030684471130371094,61.0
0.0030684471130371094,94.0
0.0030684471130371094,130.0
0.0030684471130371094,97.0
0.0030684471130371094,130.0
0.0030684471130371094,93.0
0.0030684471130371094,69.0
0.0030684471130371094,93.0
0.0030684471130371094,130.0
0.0030684471130371094,106.0
0.0030684471130371094,130.0
0.0030684471130371094,94.0
0.0030684471130371094,70.0
0.0030684471130371094,94.0
0.0030684471130371094,70.0
0.0030684471130371094,94.0
0.0030684471130371094,106.0
0.0030684471130371094,69.0
0.0030684471130371094,106.0
0.0030684471130371094,82.0
0.0030684471130371094,106.0
0.0030684471130371094,94.0
0.0030684471130371094,70.0
0.0030684471130371094,94.0
0.0030684471130371094,70.0
0.0030684471130371094,82.0
0.0030684471130371094,118.0
0.0030684471130371094,81.0
0.0030684471130371094,48.0
0.0030684471130371094,81.0
0.0030684471130371094,118.0
0.0030684471130371094,82.0
0.0030684471130371094,70.0
0.0030684471130371094,82.0
0.0030684471130371094,70.0
0.0030684471130371094,82.0
0.0030684471130371094,106.0
0.0030684471130371094,94.0
0.0030684471130371094,106.0
0.0030684471130371094,73.0
0.0030684471130371094,49.0
0.0030684471130371094,37.0
0.0030684471130371094,70.0
0.0030684471130371094,106.0
0.0030684471130371094,69.0
0.0030684471130371094,93.0
0.0030684471130371094,130.0
0.0030684471130371094,106.0
0.0030684471130371094,70.0
0.0030684471130371094,82.0
0.0030684471130371094,70.0
0.0030684471130371094,82.0
0.0030684471130371094,118.0
0.0030684471130371094,82.0
0.0030684471130371094,70.0
0.0030684471130371094,94.0
0.0030684471130371094,130.0
0.0030684471130371094,106.0
0.0030684471130371094,73.0
0.0030684471130371094,36.0
0.0030684471130371094,69.0
0.0030684471130371094,81.0
0.0030684471130371094,48.0
0.0030684471130371094,36.0
0.0030684471130371094,48.0
0.0030684471130371094,81.0
0.0030684471130371094,48.0
0.0030684471130371094,81.0
0.0030684471130371094,118.0
0.0030684471130371094,106.0
0.0030684471130371094,130.0
0.0030684471130371094,93.0
0.0030684471130371094,69.0
0.0030684471130371094,93.0
0.0030684471130371094,130.0
0.0030684471130371094,93.0
0.0030684471130371094,69.0
0.0030684471130371094,93.0
0.0030684471130371094,130.0
0.0030684471130371094,93.0
0.0030684471130371094,69.0
0.0030684471130371094,93.0
0.0030684471130371094,57.0
0.0030684471130371094,69.0
0.0030684471130371094,45.0
0.0030684471130371094,81.0
0.0030684471130371094,48.0
0.0030684471130371094,36.0
0.0030684471130371094,0.0
0.0030684471130371094,36.0
0.0030684471130371094,60.0
0.0030684471130371094,36.0
0.0030684471130371094,48.0
0.0030684471130371094,72.0
0.0030684471130371094,60.0
0.0030684471130371094,24.0
0.0030684471130371094,36.0
0.0030684471130371094,72.0
0.0030684471130371094,109.0
0.0030684471130371094,73.0
0.0030684471130371094,61.0
0.0030684471130371094,97.0
0.0030684471130371094,130.0
0.0030684471130371094,93.0
0.0030684471130371094,69.0
0.0030684471130371094,36.0
0.0030684471130371094,48.0
0.0030684471130371094,12.0
0.0030684471130371094,45.0
0.0030684471130371094,81.0
0.0030684471130371094,118.0
0.0030684471130371094,81.0
0.0030684471130371094,118.0
0.0030684471130371094,82.0
0.0030684471130371094,118.0
0.0030684471130371094,81.0
0.0030684471130371094,69.0
0.0030684471130371094,36.0
0.0030684471130371094,60.0
0.0030684471130371094,97.0
0.0030684471130371094,109.0
0.0030684471130371094,97.0
0.0030684471130371094,60.0
0.0030684471130371094,97.0
0.0030684471130371094,73.0
0.0030684471130371094,37.0
0.0030684471130371094,49.0
0.0030684471130371094,82.0
0.0030684471130371094,49.0
0.0030684471130371094,73.0
0.0030684471130371094,109.0
0.0030684471130371094,73.0
0.0030684471130371094,61.0
0.0030684471130371094,24.0
0.0030684471130371094,60.0
0.0030684471130371094,97.0
0.0030684471130371094,73.0
0.0030684471130371094,106.0
0.0030684471130371094,130.0
0.0030684471130371094,97.0
0.0030684471130371094,61.0
0.0030684471130371094,94.0
0.0030684471130371094,57.0
0.0030684471130371094,69.0
0.0030684471130371094,45.0
0.0030684471130371094,12.0
0.0030684471130371094,45.0
0.0030684471130371094,81.0
0.0030684471130371094,45.0
0.0030684471130371094,82.0
0.0030684471130371094,70.0
0.0030684471130371094,94.0
0.0030684471130371094,106.0
0.0030684471130371094,69.0
0.0030684471130371094,106.0
0.0030684471130371094,73.0
0.0030684471130371094,109.0
0.0030684471130371094,97.0
0.0030684471130371094,130.0
0.0030684471130371094,94.0
0.0030684471130371094,106.0
0.0030684471130371094,94.0
0.0030684471130371094,106.0
0.0030684471130371094,94.0
0.0030684471130371094,130.0
0.0030684471130371094,93.0
0.0030684471130371094,60.0
0.0030684471130371094,72.0
0.0030684471130371094,60.0
0.0030684471130371094,24.0
0.0030684471130371094,0.0
0.0030684471130371094,36.0
0.0030684471130371094,73.0
0.0030684471130371094,106.0
0.0030684471130371094,70.0
0.0030684471130371094,106.0
0.0030684471130371094,70.0
0.0030684471130371094,94.0
0.0030684471130371094,70.0
0.0030684471130371094,37.0
0.0030684471130371094,70.0
0.0030684471130371094,33.0
0.0030684471130371094,0.0
0.0030684471130371094,33.0
0.0030684471130371094,0.0
0.0030684471130371094,24.0
0.0030684471130371094,0.0
0.0030684471130371094,37.0
0.0030684471130371094,73.0
0.0030684471130371094,97.0
0.0030684471130371094,73.0
0.0030684471130371094,85.0
0.0030684471130371094,118.0
0.0030684471130371094,82.0
0.0030684471130371094,106.0
0.0030684471130371094,82.0
0.0030684471130371094,49.0
0.0030684471130371094,12.0
0.0030684471130371094,45.0
0.0030684471130371094,33.0
0.0030684471130371094,45.0
0.0030684471130371094,82.0
0.0030684471130371094,70.0
0.0030684471130371094,37.0
0.0030684471130371094,49.0
0.0030684471130371094,82.0
0.0030684471130371094,70.0
0.0030684471130371094,106.0
0.0030684471130371094,69.0
0.0030684471130371094,33.0
0.0030684471130371094,70.0
0.0030684471130371094,82.0
0.0030684471130371094,49.0
0.0030684471130371094,37.0
0.0030684471130371094,0.0
0.0030684471130371094,12.0
0.0030684471130371094,0.0
0.0030684471130371094,24.0
0.0030684471130371094,60.0
0.0030684471130371094,97.0
0.0030684471130371094,60.0
0.0030684471130371094,72.0
0.0030684471130371094,109.0
0.0030684471130371094,73.0
0.0030684471130371094,49.0
0.0030684471130371094,85.0
0.0030684471130371094,73.0
0.0030684471130371094,36.0
0.0030684471130371094,60.0
0.0030684471130371094,97.0
0.0030684471130371094,130.0
0.0030684471130371094,94.0
0.0030684471130371094,130.0
0.0030684471130371094,106.0
0.0030684471130371094,69.0
0.0030684471130371094,106.0
0.0030684471130371094,118.0
0.0030684471130371094,82.0
0.0030684471130371094,118.0
0.0030684471130371094,106.0
0.0030684471130371094,130.0
0.0030684471130371094,94.0
0.0030684471130371094,57.0
0.0030684471130371094,94.0
0.0030684471130371094,57.0
0.0030684471130371094,33.0
0.0030684471130371094,69.0
0.0030684471130371094,33.0
0.0030684471130371094,57.0
0.0030684471130371094,93.0
0.0030684471130371094,57.0
0.0030684471130371094,69.0
0.0030684471130371094,57.0
0.0030684471130371094,94.0
0.0030684471130371094,70.0
0.0030684471130371094,37.0
0.0030684471130371094,49.0
0.0030684471130371094,85.0
0.0030684471130371094,73.0
0.0030684471130371094,97.0
0.0030684471130371094,109.0
0.0030684471130371094,72.0
0.0030684471130371094,48.0
0.0030684471130371094,81.0
0.0030684471130371094,69.0
0.0030684471130371094,33.0
0.0030684471130371094,69.0
0.0030684471130371094,36.0
0.0030684471130371094,73.0
0.0030684471130371094,37.0
0.0030684471130371094,0.0
0.0030684471130371094,37.0
0.0030684471130371094,0.0
0.0030684471130371094,12.0
0.0030684471130371094,36.0
0.0030684471130371094,12.0
0.0030684471130371094,49.0
0.0030684471130371094,37.0
0.0030684471130371094,49.0
0.0030684471130371094,73.0
0.0030684471130371094,49.0
0.0030684471130371094,82.0
0.0030684471130371094,70.0
0.0030684471130371094,37.0
0.0030684471130371094,70.0
0.0030684471130371094,37.0
0.0030684471130371094,73.0
0.0030684471130371094,36.0
0.0030684471130371094,69.0
0.0030684471130371094,106.0
0.0030684471130371094,70.0
0.0030684471130371094,82.0
0.0030684471130371094,49.0
0.0030684471130371094,37.0
0.0030684471130371094,0.0
0.0030684471130371094,36.0
0.0030684471130371094,69.0
0.0030684471130371094,106.0
0.0030684471130371094,73.0
0.0030684471130371094,97.0
0.0030684471130371094,130.0
0.0030684471130371094,97.0
0.0030684471130371094,109.0
0.0030684471130371094,73.0
0.0030684471130371094,36.0
0.0030684471130371094,12.0
0.0030684471130371094,36.0
0.0030684471130371094,73.0
0.0030684471130371094,109.0
0.0030684471130371094,85.0
0.0030684471130371094,73.0
0.0030684471130371094,85.0
0.0030684471130371094,118.0
0.0030684471130371094,82.0
0.0030684471130371094,45.0
0.0030684471130371094,12.0
0.0030684471130371094,36.0
0.0030684471130371094,24.0
0.0030684471130371094,61.0
0.0030684471130371094,97.0
0.0030684471130371094,60.0
0.0030684471130371094,36.0
0.0030684471130371094,60.0
0.0030684471130371094,24.0
0.0030684471130371094,0.0
0.0030684471130371094,37.0
0.0030684471130371094,49.0
0.0030684471130371094,73.0
0.0030684471130371094,49.0
0.0030684471130371094,12.0
0.0030684471130371094,36.0
0.0030684471130371094,72.0
0.0030684471130371094,48.0
0.0030684471130371094,72.0
0.0030684471130371094,48.0
0.0030684471130371094,85.0
0.0030684471130371094,48.0
0.0030684471130371094,72.0
0.0030684471130371094,109.0
0.0030684471130371094,72.0
0.0030684471130371094,48.0
0.0030684471130371094,72.0
0.0030684471130371094,60.0
0.0030684471130371094,97.0
0.0030684471130371094,61.0
0.0030684471130371094,37.0
0.0030684471130371094,70.0
0.0030684471130371094,33.0
0.0030684471130371094,70.0
0.0030684471130371094,82.0
0.0030684471130371094,70.0
0.0030684471130371094,37.0
0.0030684471130371094,70.0
0.0030684471130371094,94.0
0.0030684471130371094,106.0
0.0030684471130371094,94.0
0.0030684471130371094,57.0
0.0030684471130371094,69.0
0.0030684471130371094,106.0
0.0030684471130371094,94.0
0.0030684471130371094,70.0
0.0030684471130371094,106.0
0.0030684471130371094,73.0
0.0030684471130371094,37.0
0.0030684471130371094,49.0
0.0030684471130371094,37.0
0.0030684471130371094,0.0
0.0030684471130371094,24.0
0.0030684471130371094,57.0
0.0030684471130371094,24.0
0.0030684471130371094,61.0
0.0030684471130371094,94.0
0.0030684471130371094,130.0
0.0030684471130371094,106.0
0.0030684471130371094,118.0
0.0030684471130371094,82.0
0.0030684471130371094,118.0
0.0030684471130371094,82.0
0.0030684471130371094,118.0
0.0030684471130371094,82.0
0.0030684471130371094,118.0
0.0030684471130371094,82.0
0.0030684471130371094,70.0
0.0030684471130371094,82.0
0.0030684471130371094,70.0
0.0030684471130371094,106.0
0.0030684471130371094,73.0
0.0030684471130371094,97.0
0.0030684471130371094,130.0
0.0030684471130371094,97.0
0.0030684471130371094,130.0
0.0030684471130371094,97.0
0.0030684471130371094,130.0
0.0030684471130371094,93.0
0.0030684471130371094,60.0
0.0030684471130371094,72.0
0.0030684471130371094,48.0
0.0030684471130371094,36.0
0.0030684471130371094,60.0
0.0030684471130371094,93.0
0.0030684471130371094,57.0
0.0030684471130371094,93.0
0.0030684471130371094,69.0
0.0030684471130371094,93.0
0.0030684471130371094,69.0
0.0030684471130371094,33.0
0.0030684471130371094,57.0
0.0030684471130371094,94.0
0.0030684471130371094,106.0
0.0030684471130371094,94.0
0.0030684471130371094,61.0
0.0030684471130371094,97.0
0.0030684471130371094,61.0
0.0030684471130371094,73.0
0.0030684471130371094,36.0
0.0030684471130371094,72.0
0.0030684471130371094,60.0
0.0030684471130371094,97.0
0.0030684471130371094,73.0
0.0030684471130371094,97.0
0.0030684471130371094,73.0
0.0030684471130371094,97.0
0.0030684471130371094,109.0
0.0030684471130371094,85.0
0.0030684471130371094,73.0
0.0030684471130371094,37.0
0.0030684471130371094,61.0
0.0030684471130371094,37.0
0.0030684471130371094,0.0
0.0030684471130371094,24.0
0.0030684471130371094,0.0
0.0030684471130371094,12.0
0.0030684471130371094,45.0
0.0030684471130371094,12.0
0.0030684471130371094,45.0
0.0030684471130371094,81.0
0.0030684471130371094,118.0
0.0030684471130371094,106.0
0.0030684471130371094,130.0
0.0030684471130371094,97.0
0.0030684471130371094,61.0
0.0030684471130371094,97.0
0.0030684471130371094,60.0
0.0030684471130371094,72.0
0.0030684471130371094,60.0
0.0030684471130371094,93.0
0.0030684471130371094,57.0
0.0030684471130371094,93.0
0.0030684471130371094,130.0
0.0030684471130371094,94.0
0.0030684471130371094,57.0
0.0030684471130371094,69.0
0.0030684471130371094,45.0
0.0030684471130371094,69.0
0.0030684471130371094,57.0
0.0030684471130371094,69.0
0.0030684471130371094,106.0
0.0030684471130371094,94.0
0.0030684471130371094,130.0
0.0030684471130371094,97.0
0.0030684471130371094,109.0
0.0030684471130371094,73.0
0.0030684471130371094,61.0
0.0030684471130371094,24.0
0.0030684471130371094,36.0
0.0030684471130371094,12.0
0.0030684471130371094,48.0
0.0030684471130371094,72.0
0.0030684471130371094,36.0
0.0030684471130371094,69.0
0.0030684471130371094,36.0
0.0030684471130371094,24.0
0.0030684471130371094,57.0
0.0030684471130371094,24.0
0.0030684471130371094,60.0
0.0030684471130371094,72.0
0.0030684471130371094,48.0
0.0030684471130371094,81.0
0.0030684471130371094,118.0
0.0030684471130371094,85.0
0.0030684471130371094,49.0
0.0030684471130371094,37.0
0.0030684471130371094,61.0
0.0030684471130371094,37.0
0.0030684471130371094,73.0
0.0030684471130371094,106.0
0.0030684471130371094,70.0
0.0030684471130371094,37.0
0.0030684471130371094,49.0
0.0030684471130371094,73.0
0.0030684471130371094,109.0
0.0030684471130371094,97.0
0.0030684471130371094,61.0
0.0030684471130371094,94.0
0.0030684471130371094,70.0
0.0030684471130371094,94.0
0.0030684471130371094,57.0
0.0030684471130371094,33.0
0.0030684471130371094,45.0
0.0030684471130371094,33.0
0.0030684471130371094,69.0
0.0030684471130371094,106.0
0.0030684471130371094,118.0
0.0030684471130371094,85.0
0.0030684471130371094,73.0
0.0030684471130371094,37.0
0.0030684471130371094,61.0
0.0030684471130371094,73.0
0.0030684471130371094,106.0
0.0030684471130371094,94.0
0.0030684471130371094,106.0
0.0030684471130371094,82.0
0.0030684471130371094,118.0
0.0030684471130371094,106.0
0.0030684471130371094,70.0
0.0030684471130371094,106.0
0.0030684471130371094,118.0
0.0030684471130371094,82.0
0.0030684471130371094,118.0
0.0030684471130371094,81.0
0.0030684471130371094,118.0
0.0030684471130371094,85.0
0.0030684471130371094,73.0
0.0030684471130371094,97.0
0.0030684471130371094,130.0
0.0030684471130371094,93.0
0.0030684471130371094,57.0
0.0030684471130371094,24.0
0.0030684471130371094,36.0
0.0030684471130371094,12.0
0.0030684471130371094,45.0
0.0030684471130371094,12.0
0.0030684471130371094,36.0
0.0030684471130371094,12.0
0.0030684471130371094,45.0
0.0030684471130371094,69.0
0.0030684471130371094,57.0
0.0030684471130371094,24.0
0.0030684471130371094,36.0
0.0030684471130371094,12.0
0.0030684471130371094,36.0
0.0030684471130371094,24.0
0.0030684471130371094,60.0
0.0030684471130371094,93.0
0.0030684471130371094,69.0
0.0030684471130371094,106.0
0.0030684471130371094,130.0
0.0030684471130371094,93.0
0.0030684471130371094,69.0
0.0030684471130371094,106.0
0.0030684471130371094,70.0
0.0030684471130371094,37.0
0.0030684471130371094,0.0
0.0030684471130371094,36.0
0.0030684471130371094,0.0
0.0030684471130371094,37.0
0.0030684471130371094,70.0
0.0030684471130371094,82.0
0.0030684471130371094,106.0
0.0030684471130371094,94.0
0.0030684471130371094,130.0
0.0030684471130371094,97.0
0.0030684471130371094,130.0
0.0030684471130371094,93.0
0.0030684471130371094,130.0
0.0030684471130371094,97.0
0.0030684471130371094,109.0
0.0030684471130371094,85.0
0.0030684471130371094,109.0
0.0030684471130371094,97.0
0.0030684471130371094,109.0
0.0030684471130371094,97.0
0.0030684471130371094,109.0
0.0030684471130371094,97.0
0.0030684471130371094,61.0
0.0030684471130371094,73.0
0.0030684471130371094,61.0
0.0030684471130371094,24.0
0.0030684471130371094,36.0
0.0030684471130371094,72.0
0.0030684471130371094,48.0
0.0030684471130371094,36.0
0.0030684471130371094,48.0
0.0030684471130371094,72.0
0.0030684471130371094,60.0
0.0030684471130371094,93.0
0.0030684471130371094,60.0
0.0030684471130371094,36.0
0.0030684471130371094,60.0
0.0030684471130371094,24.0
0.0030684471130371094,36.0
0.0030684471130371094,72.0
0.0030684471130371094,60.0
0.0030684471130371094,36.0
0.0030684471130371094,69.0
0.0030684471130371094,93.0
0.0030684471130371094,57.0
0.0030684471130371094,24.0
0.0030684471130371094,0.0
0.0030684471130371094,37.0
0.0030684471130371094,49.0
0.0030684471130371094,73.0
0.0030684471130371094,106.0
0.0030684471130371094,94.0
0.0030684471130371094,130.0
0.0030684471130371094,94.0
0.0030684471130371094,106.0
0.0030684471130371094,82.0
0.0030684471130371094,118.0
0.0030684471130371094,106.0
0.0030684471130371094,118.0
0.0030684471130371094,81.0
0.0030684471130371094,45.0
0.0030684471130371094,69.0
0.0030684471130371094,106.0
0.0030684471130371094,82.0
0.0030684471130371094,49.0
0.0030684471130371094,82.0
0.0030684471130371094,118.0
0.0030684471130371094,85.0
0.0030684471130371094,48.0
0.0030684471130371094,36.0
0.0030684471130371094,0.0
0.0030684471130371094,24.0
0.0030684471130371094,0.0
0.0030684471130371094,12.0
0.0030684471130371094,36.0
0.0030684471130371094,69.0
0.0030684471130371094,106.0
0.0030684471130371094,82.0
0.0030684471130371094,106.0
0.0030684471130371094,69.0
0.0030684471130371094,106.0
0.0030684471130371094,82.0
0.0030684471130371094,106.0
0.0030684471130371094,94.0
0.0030684471130371094,106.0
0.0030684471130371094,94.0
0.0030684471130371094,130.0
0.0030684471130371094,94.0
0.0030684471130371094,57.0
0.0030684471130371094,33.0
0.0030684471130371094,45.0
0.0030684471130371094,33.0
0.0030684471130371094,0.0
0.0030684471130371094,37.0
0.0030684471130371094,61.0
0.0030684471130371094,97.0
0.0030684471130371094,73.0
0.0030684471130371094,97.0
0.0030684471130371094,61.0
0.0030684471130371094,24.0
0.0030684471130371094,36.0
0.0030684471130371094,72.0
0.0030684471130371094,109.0
0.0030684471130371094,97.0
0.0030684471130371094,60.0
0.0030684471130371094,36.0
0.0030684471130371094,0.0
0.0030684471130371094,12.0
0.0030684471130371094,0.0
0.0030684471130371094,36.0
0.0030684471130371094,69.0
0.0030684471130371094,106.0
0.0030684471130371094,70.0
0.0030684471130371094,33.0
0.0030684471130371094,45.0
0.0030684471130371094,69.0
0.0030684471130371094,36.0
0.0030684471130371094,24.0
0.0030684471130371094,57.0
0.0030684471130371094,33.0
0.0030684471130371094,0.0
0.0030684471130371094,24.0
0.0030684471130371094,60.0
0.0030684471130371094,72.0
0.0030684471130371094,60.0
0.0030684471130371094,72.0
0.0030684471130371094,60.0
0.0030684471130371094,24.0
0.0030684471130371094,57.0
0.0030684471130371094,33.0
0.0030684471130371094,45.0
0.0030684471130371094,81.0
0.0030684471130371094,45.0
0.0030684471130371094,82.0
0.0030684471130371094,70.0
0.0030684471130371094,106.0
0.0030684471130371094,130.0
0.0030684471130371094,97.0
0.0030684471130371094,73.0
0.0030684471130371094,85.0
0.0030684471130371094,118.0
0.0030684471130371094,106.0
0.0030684471130371094,130.0
0.0030684471130371094,94.0
0.0030684471130371094,70.0
0.0030684471130371094,37.0
0.0030684471130371094,70.0
0.0030684471130371094,106.0
0.0030684471130371094,118.0
0.0030684471130371094,81.0
0.0030684471130371094,48.0
0.0030684471130371094,85.0
0.0030684471130371094,118.0
0.0030684471130371094,82.0
0.0030684471130371094,106.0
0.0030684471130371094,94.0
0.0030684471130371094,106.0
0.0030684471130371094,69.0
0.0030684471130371094,106.0
0.0030684471130371094,69.0
0.0030684471130371094,106.0
0.0030684471130371094,69.0
0.0030684471130371094,106.0
0.0030684471130371094,82.0
0.0030684471130371094,70.0
0.0030684471130371094,33.0
0.0030684471130371094,69.0
0.0030684471130371094,36.0
0.0030684471130371094,48.0
0.0030684471130371094,85.0
0.0030684471130371094,118.0
0.0040781497955322266,106.0
0.0040781497955322266,130.0
0.0040781497955322266,94.0
0.0040781497955322266,70.0
0.0040781497955322266,106.0
0.0040781497955322266,130.0
0.0040781497955322266,97.0
0.0040781497955322266,73.0
0.0040781497955322266,36.0
0.0040781497955322266,60.0
0.0040781497955322266,93.0
0.0040781497955322266,69.0
0.0040781497955322266,81.0
0.0040781497955322266,69.0
0.0040781497955322266,93.0
0.0040781497955322266,130.0
0.0040781497955322266,94.0
0.0040781497955322266,130.0
0.0040781497955322266,97.0
0.0040781497955322266,130.0
0.0040781497955322266,93.0
0.0040781497955322266,130.0
0.0040781497955322266,93.0
0.0040781497955322266,69.0
0.0040781497955322266,36.0
0.0040781497955322266,60.0
0.0040781497955322266,93.0
0.0040781497955322266,130.0
0.0040781497955322266,93.0
0.0040781497955322266,69.0
0.0040781497955322266,81.0
0.0040781497955322266,118.0
0.0040781497955322266,85.0
0.0040781497955322266,109.0
0.0040781497955322266,72.0
0.0040781497955322266,109.0
0.0040781497955322266,72.0
0.0040781497955322266,109.0
0.0040781497955322266,85.0
0.0040781497955322266,118.0
0.0040781497955322266,82.0
0.0040781497955322266,118.0
0.0040781497955322266,81.0
0.0040781497955322266,69.0
0.0040781497955322266,106.0
0.0040781497955322266,70.0
0.0040781497955322266,94.0
0.0040781497955322266,57.0
0.0040781497955322266,69.0
0.0040781497955322266,106.0
0.0040781497955322266,82.0
0.0040781497955322266,49.0
0.0040781497955322266,82.0
0.0040781497955322266,118.0
0.0040781497955322266,82.0
0.0040781497955322266,49.0
0.0040781497955322266,85.0
0.0040781497955322266,118.0
0.0040781497955322266,85.0
0.0040781497955322266,118.0
0.0040781497955322266,85.0
0.0040781497955322266,109.0
0.0040781497955322266,73.0
0.0040781497955322266,109.0
0.0040781497955322266,85.0
0.0040781497955322266,48.0
0.0040781497955322266,72.0
0.0040781497955322266,60.0
0.0040781497955322266,93.0
0.0040781497955322266,60.0
0.0040781497955322266,93.0
0.0040781497955322266,60.0
0.0040781497955322266,72.0
0.0040781497955322266,109.0
0.0040781497955322266,72.0
0.0040781497955322266,60.0
0.0040781497955322266,36.0
0.0040781497955322266,73.0
0.0040781497955322266,97.0
0.0040781497955322266,73.0
0.0040781497955322266,85.0
0.0040781497955322266,118.0
0.0040781497955322266,82.0
0.0040781497955322266,118.0
0.0040781497955322266,106.0
0.0040781497955322266,69.0
0.0040781497955322266,93.0
0.0040781497955322266,60.0
0.0040781497955322266,36.0
0.0040781497955322266,48.0
0.0040781497955322266,85.0
0.0040781497955322266,48.0
0.0040781497955322266,12.0
0.0040781497955322266,49.0
0.0040781497955322266,82.0
0.0040781497955322266,106.0
0.0040781497955322266,94.0
0.0040781497955322266,70.0
0.0040781497955322266,82.0
0.0040781497955322266,49.0
0.0040781497955322266,82.0
0.0040781497955322266,106.0
0.0040781497955322266,69.0
0.0040781497955322266,106.0
0.0040781497955322266,69.0
0.0040781497955322266,45.0
0.0040781497955322266,69.0
0.0040781497955322266,106.0
0.0040781497955322266,69.0
0.0040781497955322266,57.0
0.0040781497955322266,69.0
0.0040781497955322266,45.0
0.0040781497955322266,82.0
0.0040781497955322266,106.0
0.0040781497955322266,73.0
0.0040781497955322266,49.0
0.0040781497955322266,12.0
0.0040781497955322266,0.0
0.0040781497955322266,37.0
0.0040781497955322266,73.0
0.0040781497955322266,97.0
0.0040781497955322266,73.0
0.0040781497955322266,36.0
0.0040781497955322266,48.0
0.0040781497955322266,36.0
0.0040781497955322266,73.0
0.0040781497955322266,106.0
0.0040781497955322266,70.0
0.0040781497955322266,106.0
0.0040781497955322266,118.0
0.0040781497955322266,85.0
0.0040781497955322266,49.0
0.0040781497955322266,82.0
0.0040781497955322266,45.0
0.0040781497955322266,69.0
0.0040781497955322266,106.0
0.0040781497955322266,73.0
0.0040781497955322266,49.0
0.0040781497955322266,85.0
0.0040781497955322266,48.0
0.0040781497955322266,81.0
0.0040781497955322266,118.0
0.0040781497955322266,106.0
0.0040781497955322266,118.0
0.0040781497955322266,81.0
0.0040781497955322266,48.0
0.0040781497955322266,12.0
0.0040781497955322266,48.0
0.0040781497955322266,36.0
0.0040781497955322266,69.0
0.0040781497955322266,106.0
0.0040781497955322266,118.0
0.0040781497955322266,106.0
0.0040781497955322266,118.0
0.0040781497955322266,106.0
0.0040781497955322266,69.0
0.0040781497955322266,93.0
0.0040781497955322266,60.0
0.0040781497955322266,36.0
0.0040781497955322266,73.0
0.0040781497955322266,85.0
0.0040781497955322266,109.0
0.0040781497955322266,97.0
0.0040781497955322266,73.0
0.0040781497955322266,85.0
0.0040781497955322266,49.0
0.0040781497955322266,82.0
0.0040781497955322266,49.0
0.0040781497955322266,85.0
0.0040781497955322266,118.0
0.0040781497955322266,82.0
0.0040781497955322266,118.0
0.0040781497955322266,106.0
0.0040781497955322266,69.0
0.0040781497955322266,93.0
0.0040781497955322266,130.0
0.0040781497955322266,94.0
0.0040781497955322266,70.0
0.0040781497955322266,94.0
0.0040781497955322266,70.0
0.0040781497955322266,106.0
0.0040781497955322266,73.0
0.0040781497955322266,97.0
0.0040781497955322266,109.0
0.0040781497955322266,97.0
0.0040781497955322266,130.0
0.0040781497955322266,97.0
0.0040781497955322266,109.0
0.0040781497955322266,72.0
0.0040781497955322266,109.0
0.0040781497955322266,97.0
0.0040781497955322266,73.0
0.0040781497955322266,97.0
0.0040781497955322266,61.0
0.0040781497955322266,94.0
0.0040781497955322266,130.0
0.0040781497955322266,93.0
0.0040781497955322266,57.0
0.0040781497955322266,69.0
0.0040781497955322266,45.0
0.0040781497955322266,12.0
0.0040781497955322266,48.0
0.0040781497955322266,36.0
0.0040781497955322266,73.0
0.0040781497955322266,37.0
0.0040781497955322266,49.0
0.0040781497955322266,73.0
0.0040781497955322266,61.0
0.0040781497955322266,97.0
0.0040781497955322266,60.0
0.0040781497955322266,97.0
0.0040781497955322266,73.0
0.0040781497955322266,85.0
0.0040781497955322266,118.0
0.0040781497955322266,106.0
0.0040781497955322266,130.0
0.0040781497955322266,94.0
0.0040781497955322266,130.0
0.0040781497955322266,97.0
0.0040781497955322266,60.0
0.0040781497955322266,93.0
0.0040781497955322266,57.0
0.0040781497955322266,93.0
0.0040781497955322266,60.0
0.0040781497955322266,93.0
0.0040781497955322266,60.0
0.0040781497955322266,97.0
0.0040781497955322266,109.0
0.0040781497955322266,97.0
0.0040781497955322266,109.0
0.0040781497955322266,72.0
0.0040781497955322266,109.0
0.0040781497955322266,97.0
0.0040781497955322266,109.0
0.0040781497955322266,73.0
0.0040781497955322266,109.0
0.0040781497955322266,73.0
0.0040781497955322266,109.0
0.0040781497955322266,97.0
0.0040781497955322266,109.0
0.0040781497955322266,73.0
0.0040781497955322266,61.0
0.0040781497955322266,73.0
0.0040781497955322266,61.0
0.0040781497955322266,24.0
0.0040781497955322266,57.0
0.0040781497955322266,93.0
0.0040781497955322266,57.0
0.0040781497955322266,69.0
0.0040781497955322266,106.0
0.0040781497955322266,94.0
0.0040781497955322266,70.0
0.0040781497955322266,106.0
0.0040781497955322266,130.0
0.0040781497955322266,97.0
0.0040781497955322266,130.0
0.0040781497955322266,93.0
0.0040781497955322266,69.0
0.0040781497955322266,106.0
0.0040781497955322266,130.0
0.0040781497955322266,93.0
0.0040781497955322266,60.0
0.0040781497955322266,72.0
0.0040781497955322266,109.0
0.0040781497955322266,97.0
0.0040781497955322266,109.0
0.0040781497955322266,73.0
0.0040781497955322266,109.0
0.0040781497955322266,85.0
0.0040781497955322266,118.0
0.0040781497955322266,82.0
0.0040781497955322266,70.0
0.0040781497955322266,37.0
0.0040781497955322266,73.0
0.0040781497955322266,106.0
0.0040781497955322266,69.0
0.0040781497955322266,33.0
0.0040781497955322266,57.0
0.0040781497955322266,94.0
0.0040781497955322266,106.0
0.0040781497955322266,94.0
0.0040781497955322266,57.0
0.0040781497955322266,24.0
0.0040781497955322266,36.0
0.0040781497955322266,73.0
0.0040781497955322266,61.0
0.0040781497955322266,94.0
0.0040781497955322266,57.0
0.0040781497955322266,69.0
0.0040781497955322266,106.0
0.0040781497955322266,69.0
0.0040781497955322266,45.0
0.0040781497955322266,81.0
0.0040781497955322266,69.0
0.0040781497955322266,33.0
0.0040781497955322266,45.0
0.0040781497955322266,69.0
0.0040781497955322266,57.0
0.0040781497955322266,69.0
0.0040781497955322266,57.0
0.0040781497955322266,24.0
0.0040781497955322266,60.0
0.0040781497955322266,24.0
0.0040781497955322266,61.0
0.0040781497955322266,37.0
0.0040781497955322266,70.0
0.0040781497955322266,94.0
0.0040781497955322266,57.0
0.0040781497955322266,69.0
0.0040781497955322266,45.0
0.0040781497955322266,82.0
0.0040781497955322266,106.0
0.0040781497955322266,94.0
0.0040781497955322266,130.0
0.0040781497955322266,93.0
0.0040781497955322266,69.0
0.0040781497955322266,106.0
0.0040781497955322266,130.0
0.0040781497955322266,106.0
0.0040781497955322266,130.0
0.0040781497955322266,97.0
0.0040781497955322266,109.0
0.0040781497955322266,97.0
0.0040781497955322266,109.0
0.0040781497955322266,85.0
0.0040781497955322266,73.0
0.0040781497955322266,97.0
0.0040781497955322266,109.0
0.0040781497955322266,97.0
0.0040781497955322266,109.0
0.0040781497955322266,72.0
0.0040781497955322266,109.0
0.0040781497955322266,97.0
0.0040781497955322266,109.0
0.0040781497955322266,97.0
0.0040781497955322266,73.0
0.0040781497955322266,106.0
0.0040781497955322266,130.0
0.0040781497955322266,94.0
0.0040781497955322266,70.0
0.0040781497955322266,82.0
0.0040781497955322266,45.0
0.0040781497955322266,33.0
0.0040781497955322266,70.0
0.0040781497955322266,94.0
0.0040781497955322266,106.0
0.0040781497955322266,73.0
0.0040781497955322266,106.0
0.0040781497955322266,82.0
0.0040781497955322266,106.0
0.0040781497955322266,94.0
0.0040781497955322266,130.0
0.0040781497955322266,93.0
0.0040781497955322266,130.0
0.0040781497955322266,93.0
0.0040781497955322266,60.0
0.0040781497955322266,24.0
0.0040781497955322266,36.0
0.0040781497955322266,72.0
0.0040781497955322266,109.0
0.0040781497955322266,85.0
0.0040781497955322266,49.0
0.0040781497955322266,82.0
0.0040781497955322266,70.0
0.0040781497955322266,94.0
0.0040781497955322266,70.0
0.0040781497955322266,94.0
0.0040781497955322266,61.0
0.0040781497955322266,94.0
0.0040781497955322266,106.0
0.0040781497955322266,82.0
0.0040781497955322266,70.0
0.0040781497955322266,37.0
0.0040781497955322266,70.0
0.0040781497955322266,82.0
0.0040781497955322266,70.0
0.0040781497955322266,82.0
0.0040781497955322266,70.0
0.0040781497955322266,33.0
0.0040781497955322266,70.0
0.0040781497955322266,82.0
0.0040781497955322266,70.0
0.0040781497955322266,94.0
0.0040781497955322266,130.0
0.0040781497955322266,94.0
0.0040781497955322266,106.0
0.0040781497955322266,94.0
0.0040781497955322266,61.0
0.0040781497955322266,94.0
0.0040781497955322266,57.0
0.0040781497955322266,69.0
0.0040781497955322266,45.0
0.0040781497955322266,81.0
0.0040781497955322266,45.0
0.0040781497955322266,12.0
0.0040781497955322266,45.0
0.0040781497955322266,82.0
0.0040781497955322266,45.0
0.0040781497955322266,69.0
0.0040781497955322266,36.0
0.0040781497955322266,72.0
0.0040781497955322266,109.0
0.0040781497955322266,97.0
0.0040781497955322266,61.0
0.0040781497955322266,97.0
0.0040781497955322266,109.0
0.0040781497955322266,97.0
0.0040781497955322266,60.0
0.0040781497955322266,93.0
0.0040781497955322266,60.0
0.0040781497955322266,36.0
0.0040781497955322266,48.0
0.0040781497955322266,81.0
0.0040781497955322266,118.0
0.0040781497955322266,85.0
0.0040781497955322266,118.0
0.0040781497955322266,106.0
0.0040781497955322266,118.0
0.0040781497955322266,82.0
0.0040781497955322266,49.0
0.0040781497955322266,82.0
0.0040781497955322266,49.0
0.0040781497955322266,73.0
0.0040781497955322266,36.0
0.0040781497955322266,73.0
0.0040781497955322266,49.0
0.0040781497955322266,82.0
0.0040781497955322266,106.0
0.0040781497955322266,82.0
0.0040781497955322266,118.0
0.0040781497955322266,82.0
0.0040781497955322266,49.0
0.0040781497955322266,37.0
0.0040781497955322266,70.0
0.0040781497955322266,106.0
0.0040781497955322266,130.0
0.0040781497955322266,106.0
0.0040781497955322266,130.0
0.0040781497955322266,97.0
0.0040781497955322266,109.0
0.0040781497955322266,72.0
0.0040781497955322266,109.0
0.0040781497955322266,97.0
0.0040781497955322266,130.0
0.0040781497955322266,106.0
0.0040781497955322266,130.0
0.0040781497955322266,94.0
0.0040781497955322266,61.0
0.0040781497955322266,97.0
0.0040781497955322266,109.0
0.0040781497955322266,85.0
0.0040781497955322266,118.0
0.0040781497955322266,106.0
0.0040781497955322266,130.0
0.0040781497955322266,93.0
0.0040781497955322266,57.0
0.0040781497955322266,69.0
0.0040781497955322266,36.0
0.0040781497955322266,73.0
0.0040781497955322266,109.0
0.0040781497955322266,73.0
0.0040781497955322266,109.0
0.0040781497955322266,85.0
0.0040781497955322266,109.0
0.0040781497955322266,97.0
0.0040781497955322266,109.0
0.0040781497955322266,97.0
0.0040781497955322266,109.0
0.0040781497955322266,73.0
0.0040781497955322266,106.0
0.0040781497955322266,82.0
0.0040781497955322266,70.0
0.0040781497955322266,94.0
0.0040781497955322266,106.0
0.0040781497955322266,69.0
0.0040781497955322266,57.0
0.0040781497955322266,94.0
0.0040781497955322266,106.0
0.0040781497955322266,69.0
0.0040781497955322266,45.0
0.0040781497955322266,82.0
0.0040781497955322266,49.0
0.0040781497955322266,82.0
0.0040781497955322266,106.0
0.0040781497955322266,73.0
0.0040781497955322266,109.0
0.0040781497955322266,73.0
0.0040781497955322266,61.0
0.0040781497955322266,73.0
0.0040781497955322266,61.0
0.0040781497955322266,97.0
0.0040781497955322266,73.0
0.0040781497955322266,85.0
0.0040781497955322266,109.0
0.0040781497955322266,97.0
0.0040781497955322266,73.0
0.0040781497955322266,85.0
0.0040781497955322266,118.0
0.0040781497955322266,82.0
0.0040781497955322266,118.0
0.0040781497955322266,106.0
0.0040781497955322266,130.0
0.0040781497955322266,93.0
0.0040781497955322266,57.0
0.0040781497955322266,93.0
0.0040781497955322266,57.0
0.0040781497955322266,93.0
0.0040781497955322266,60.0
0.0040781497955322266,97.0
0.0040781497955322266,109.0
0.0040781497955322266,97.0
0.0040781497955322266,109.0
0.0040781497955322266,72.0
0.0040781497955322266,48.0
0.0040781497955322266,81.0
0.0040781497955322266,118.0
0.0040781497955322266,106.0
0.0040781497955322266,73.0
0.0040781497955322266,85.0
0.0040781497955322266,118.0
0.0040781497955322266,85.0
0.0040781497955322266,109.0
0.0040781497955322266,97.0
0.0040781497955322266,130.0
0.0040781497955322266,106.0
0.0040781497955322266,118.0
0.0040781497955322266,85.0
0.0040781497955322266,109.0
0.0040781497955322266,97.0
0.0040781497955322266,130.0
0.0040781497955322266,97.0
0.0040781497955322266,109.0
0.0040781497955322266,97.0
0.0040781497955322266,109.0
0.0040781497955322266,97.0
0.0040781497955322266,73.0
0.0040781497955322266,97.0
0.0040781497955322266,109.0
0.0040781497955322266,85.0
0.0040781497955322266,109.0
0.0040781497955322266,97.0
0.0040781497955322266,109.0
0.0040781497955322266,97.0
0.0040781497955322266,109.0
0.0040781497955322266,97.0
0.0040781497955322266,130.0
0.0040781497955322266,106.0
0.0040781497955322266,70.0
0.0040781497955322266,82.0
0.0040781497955322266,118.0
0.0040781497955322266,81.0
0.0040781497955322266,69.0
0.0040781497955322266,33.0
0.0040781497955322266,69.0
0.0040781497955322266,106.0
0.0040781497955322266,70.0
0.0040781497955322266,106.0
0.0040781497955322266,130.0
0.0040781497955322266,97.0
0.0040781497955322266,109.0
0.0040781497955322266,97.0
0.0040781497955322266,73.0
0.0040781497955322266,106.0
0.0040781497955322266,70.0
0.0040781497955322266,94.0
0.0040781497955322266,70.0
0.0040781497955322266,37.0
0.0040781497955322266,49.0
0.0040781497955322266,82.0
0.0040781497955322266,106.0
0.0040781497955322266,69.0
0.0040781497955322266,106.0
0.0040781497955322266,82.0
0.0040781497955322266,70.0
0.0040781497955322266,106.0
0.0040781497955322266,69.0
0.0040781497955322266,81.0
0.0040781497955322266,48.0
0.0040781497955322266,72.0
0.0040781497955322266,36.0
0.0040781497955322266,24.0
0.0040781497955322266,57.0
0.0040781497955322266,94.0
0.0040781497955322266,61.0
0.0040781497955322266,73.0
0.0040781497955322266,106.0
0.0040781497955322266,69.0
0.0040781497955322266,45.0
0.0040781497955322266,81.0
0.0040781497955322266,118.0
0.0040781497955322266,85.0
0.0040781497955322266,118.0
0.0040781497955322266,85.0
0.0040781497955322266,118.0
0.0040781497955322266,82.0
0.0040781497955322266,106.0
0.0040781497955322266,82.0
0.0040781497955322266,106.0
0.0040781497955322266,82.0
0.0040781497955322266,70.0
0.0040781497955322266,37.0
0.0040781497955322266,70.0
0.0040781497955322266,106.0
0.0040781497955322266,118.0
0.0040781497955322266,106.0
0.0040781497955322266,118.0
0.0040781497955322266,106.0
0.0040781497955322266,130.0
0.0040781497955322266,93.0
0.0040781497955322266,130.0
0.0040781497955322266,97.0
0.0040781497955322266,109.0
0.0040781497955322266,85.0
0.0040781497955322266,109.0
0.0040781497955322266,85.0
0.0040781497955322266,118.0
0.0040781497955322266,106.0
0.0040781497955322266,69.0
0.0040781497955322266,93.0
0.0040781497955322266,60.0
0.0040781497955322266,36.0
0.0040781497955322266,69.0
0.0040781497955322266,81.0
0.0040781497955322266,45.0
0.0040781497955322266,69.0
0.0040781497955322266,106.0
0.0040781497955322266,73.0
0.0040781497955322266,61.0
0.0040781497955322266,73.0
0.0040781497955322266,106.0
0.0040781497955322266,94.0
0.0040781497955322266,130.0
0.0040781497955322266,93.0
0.0040781497955322266,130.0
0.0040781497955322266,106.0
0.0040781497955322266,118.0
0.0040781497955322266,106.0
0.0040781497955322266,69.0
0.0040781497955322266,81.0
0.0040781497955322266,69.0
0.0040781497955322266,106.0
0.0040781497955322266,69.0
0.0040781497955322266,93.0
0.0040781497955322266,57.0
0.0040781497955322266,69.0
0.0040781497955322266,57.0
0.0040781497955322266,69.0
0.0040781497955322266,45.0
0.0040781497955322266,81.0
0.0040781497955322266,69.0
0.0040781497955322266,36.0
0.0040781497955322266,73.0
0.0040781497955322266,85.0
0.0040781497955322266,49.0
0.0040781497955322266,85.0
0.0040781497955322266,48.0
0.0040781497955322266,85.0
0.0040781497955322266,73.0
0.0040781497955322266,85.0
0.005092620849609375,118.0
0.005092620849609375,106.0
0.005092620849609375,118.0
0.005092620849609375,82.0
0.005092620849609375,70.0
0.005092620849609375,82.0
0.005092620849609375,45.0
0.005092620849609375,12.0
0.005092620849609375,36.0
0.005092620849609375,72.0
0.005092620849609375,109.0
0.005092620849609375,73.0
0.005092620849609375,61.0
0.005092620849609375,94.0
0.005092620849609375,106.0
0.005092620849609375,82.0
0.005092620849609375,70.0
0.005092620849609375,106.0
0.005092620849609375,118.0
0.005092620849609375,106.0
0.005092620849609375,118.0
0.005092620849609375,81.0
0.005092620849609375,69.0
0.005092620849609375,106.0
0.005092620849609375,118.0
0.005092620849609375,85.0
0.005092620849609375,73.0
0.005092620849609375,97.0
0.005092620849609375,130.0
0.005092620849609375,106.0
0.005092620849609375,130.0
0.005092620849609375,106.0
0.005092620849609375,130.0
0.005092620849609375,106.0
0.005092620849609375,70.0
0.005092620849609375,94.0
0.005092620849609375,130.0
0.005092620849609375,97.0
0.005092620849609375,130.0
0.005092620849609375,94.0
0.005092620849609375,106.0
0.005092620849609375,82.0
0.005092620849609375,118.0
0.005092620849609375,106.0
0.005092620849609375,130.0
0.005092620849609375,106.0
0.005092620849609375,118.0
0.005092620849609375,106.0
0.005092620849609375,118.0
0.005092620849609375,106.0
0.005092620849609375,118.0
0.005092620849609375,82.0
0.005092620849609375,106.0
0.005092620849609375,94.0
0.005092620849609375,106.0
0.005092620849609375,82.0
0.005092620849609375,118.0
0.005092620849609375,81.0
0.005092620849609375,69.0
0.005092620849609375,106.0
0.005092620849609375,130.0
0.005092620849609375,94.0
0.005092620849609375,57.0
0.005092620849609375,69.0
0.005092620849609375,36.0
0.005092620849609375,69.0
0.005092620849609375,57.0
0.005092620849609375,69.0
0.005092620849609375,106.0
0.005092620849609375,82.0
0.005092620849609375,70.0
0.005092620849609375,94.0
0.005092620849609375,130.0
0.005092620849609375,93.0
0.005092620849609375,130.0
0.005092620849609375,97.0
0.005092620849609375,130.0
0.005092620849609375,93.0
0.005092620849609375,130.0
0.005092620849609375,97.0
0.005092620849609375,61.0
0.005092620849609375,73.0
0.005092620849609375,109.0
0.005092620849609375,97.0
0.005092620849609375,109.0
0.005092620849609375,97.0
0.005092620849609375,109.0
0.005092620849609375,85.0
0.005092620849609375,109.0
0.005092620849609375,72.0
0.005092620849609375,109.0
0.005092620849609375,85.0
0.005092620849609375,109.0
0.005092620849609375,97.0
0.005092620849609375,109.0
0.005092620849609375,85.0
0.005092620849609375,73.0
0.005092620849609375,97.0
0.005092620849609375,130.0
0.005092620849609375,97.0
0.005092620849609375,109.0
0.005092620849609375,97.0
0.005092620849609375,130.0
0.005092620849609375,93.0
0.005092620849609375,130.0
0.005092620849609375,94.0
0.005092620849609375,130.0
0.005092620849609375,93.0
0.005092620849609375,130.0
0.005092620849609375,106.0
0.005092620849609375,73.0
0.005092620849609375,106.0
0.005092620849609375,70.0
0.005092620849609375,94.0
0.005092620849609375,106.0
0.005092620849609375,82.0
0.005092620849609375,106.0
0.005092620849609375,73.0
0.005092620849609375,109.0
0.005092620849609375,97.0
0.005092620849609375,109.0
0.005092620849609375,97.0
0.005092620849609375,109.0
0.005092620849609375,72.0
0.005092620849609375,60.0
0.005092620849609375,93.0
0.005092620849609375,130.0
0.005092620849609375,97.0
0.005092620849609375,109.0
0.005092620849609375,73.0
0.005092620849609375,106.0
0.005092620849609375,94.0
0.005092620849609375,130.0
0.005092620849609375,106.0
0.005092620849609375,70.0
0.005092620849609375,106.0
0.005092620849609375,130.0
0.005092620849609375,93.0
0.005092620849609375,130.0
0.005092620849609375,106.0
0.005092620849609375,130.0
0.005092620849609375,97.0
0.005092620849609375,130.0
0.005092620849609375,97.0
0.005092620849609375,109.0
0.005092620849609375,85.0
0.005092620849609375,118.0
0.005092620849609375,106.0
0.005092620849609375,118.0
0.005092620849609375,106.0
0.005092620849609375,73.0
0.005092620849609375,97.0
0.005092620849609375,130.0
0.005092620849609375,94.0
0.005092620849609375,106.0
0.005092620849609375,69.0
0.005092620849609375,106.0
0.005092620849609375,94.0
0.005092620849609375,106.0
0.005092620849609375,94.0
0.005092620849609375,57.0
0.005092620849609375,24.0
0.005092620849609375,36.0
0.005092620849609375,12.0
0.005092620849609375,49.0
0.005092620849609375,85.0
0.005092620849609375,118.0
0.005092620849609375,106.0
0.005092620849609375,118.0
0.005092620849609375,106.0
0.005092620849609375,130.0
0.005092620849609375,97.0
0.005092620849609375,130.0
0.005092620849609375,94.0
0.005092620849609375,106.0
0.005092620849609375,82.0
0.005092620849609375,70.0
0.005092620849609375,106.0
0.005092620849609375,118.0
0.005092620849609375,106.0
0.005092620849609375,130.0
0.005092620849609375,94.0
0.005092620849609375,57.0
0.005092620849609375,94.0
0.005092620849609375,130.0
0.005092620849609375,97.0
0.005092620849609375,73.0
0.005092620849609375,85.0
0.005092620849609375,118.0
0.005092620849609375,82.0
0.005092620849609375,49.0
0.005092620849609375,82.0
0.005092620849609375,49.0
0.005092620849609375,85.0
0.005092620849609375,109.0
0.005092620849609375,85.0
0.005092620849609375,73.0
0.005092620849609375,97.0
0.005092620849609375,73.0
0.005092620849609375,85.0
0.005092620849609375,109.0
0.005092620849609375,85.0
0.005092620849609375,118.0
0.005092620849609375,82.0
0.005092620849609375,70.0
0.005092620849609375,94.0
0.005092620849609375,106.0
0.005092620849609375,94.0
0.005092620849609375,57.0
0.005092620849609375,94.0
0.005092620849609375,106.0
0.005092620849609375,82.0
0.005092620849609375,106.0
0.005092620849609375,94.0
0.005092620849609375,106.0
0.005092620849609375,73.0
0.005092620849609375,106.0
0.005092620849609375,82.0
0.005092620849609375,106.0
0.005092620849609375,82.0
0.005092620849609375,106.0
0.005092620849609375,94.0
0.005092620849609375,106.0
0.005092620849609375,94.0
0.005092620849609375,106.0
0.005092620849609375,82.0
0.005092620849609375,118.0
0.005092620849609375,106.0
0.005092620849609375,118.0
0.005092620849609375,106.0
0.005092620849609375,130.0
0.005092620849609375,106.0
0.005092620849609375,130.0
0.005092620849609375,97.0
0.005092620849609375,73.0
0.005092620849609375,106.0
0.005092620849609375,118.0
0.005092620849609375,106.0
0.005092620849609375,130.0
0.005092620849609375,106.0
0.005092620849609375,118.0
0.005092620849609375,106.0
0.005092620849609375,118.0
0.005092620849609375,106.0
0.005092620849609375,118.0
0.005092620849609375,106.0
0.005092620849609375,130.0
0.005092620849609375,97.0
0.005092620849609375,73.0
0.005092620849609375,97.0
0.005092620849609375,109.0
0.005092620849609375,85.0
0.005092620849609375,118.0
0.005092620849609375,85.0
0.005092620849609375,109.0
0.005092620849609375,97.0
0.005092620849609375,109.0
0.005092620849609375,97.0
0.005092620849609375,109.0
0.005092620849609375,85.0
0.005092620849609375,73.0
0.005092620849609375,106.0
0.005092620849609375,118.0
0.005092620849609375,106.0
0.005092620849609375,130.0
0.005092620849609375,106.0
0.005092620849609375,130.0
0.005092620849609375,106.0
0.005092620849609375,130.0
0.005092620849609375,97.0
0.005092620849609375,109.0
0.005092620849609375,97.0
0.005092620849609375,109.0
0.005092620849609375,97.0
0.005092620849609375,109.0
0.005092620849609375,97.0
0.005092620849609375,109.0
0.005092620849609375,72.0
0.005092620849609375,109.0
0.005092620849609375,97.0
0.005092620849609375,109.0
0.005092620849609375,97.0
0.005092620849609375,109.0
0.0059833526611328125,85.0
0.0059833526611328125,109.0
0.0059833526611328125,97.0
0.0059833526611328125,130.0
0.0059833526611328125,97.0
0.0059833526611328125,130.0
0.0059833526611328125,106.0
0.0059833526611328125,130.0
0.0059833526611328125,106.0
0.0059833526611328125,118.0
0.0059833526611328125,106.0
0.0059833526611328125,118.0
0.0059833526611328125,106.0
0.0059833526611328125,130.0
0.0059833526611328125,106.0
0.0059833526611328125,118.0
0.0059833526611328125,106.0
0.0059833526611328125,118.0
0.0059833526611328125,106.0
0.0059833526611328125,118.0
0.0059833526611328125,106.0
0.0059833526611328125,118.0
0.0059833526611328125,81.0
0.0059833526611328125,69.0
0.0059833526611328125,81.0
0.0059833526611328125,118.0
0.0059833526611328125,106.0
0.0059833526611328125,130.0
0.0059833526611328125,106.0
0.0059833526611328125,130.0
0.0059833526611328125,106.0
0.0059833526611328125,130.0
0.0059833526611328125,106.0
0.0059833526611328125,130.0
0.0059833526611328125,106.0
0.0059833526611328125,130.0
0.0059833526611328125,97.0
0.0059833526611328125,130.0
0.0059833526611328125,106.0
0.0059833526611328125,118.0
0.0059833526611328125,106.0
0.0059833526611328125,118.0
0.0059833526611328125,106.0
0.0059833526611328125,130.0
