0.0,93.0
0.0,57.0
0.0,33.0
0.0,69.0
0.0,36.0
0.0,60.0
0.0,72.0
0.0,48.0
0.0,81.0
0.0,45.0
0.0,69.0
0.0,57.0
0.0,94.0
0.0,61.0
0.0,94.0
0.0,106.0
0.0,69.0
0.0,106.0
0.0,73.0
0.0,36.0
0.0,24.0
0.0,60.0
0.0,72.0
0.0,48.0
0.0,81.0
0.0,118.0
0.0,106.0
0.0,73.0
0.0,85.0
0.0,48.0
0.0,36.0
0.0,60.0
0.0,97.0
0.0,109.0
0.0,97.0
0.0,61.0
0.0,37.0
0.0,70.0
0.0,82.0
0.0,45.0
0.0,33.0
0.0,57.0
0.0,33.0
0.0,0.0
0.0,36.0
0.0,73.0
0.0,97.0
0.0,61.0
0.0,73.0
0.0,106.0
0.0,73.0
0.0,109.0
0.0,97.0
0.0,109.0
0.0,72.0
0.0,109.0
0.0,72.0
0.0,36.0
0.0,69.0
0.0,36.0
0.0,24.0
0.0,60.0
0.0,24.0
0.0,36.0
0.0,73.0
0.0,106.0
0.0,82.0
0.0,49.0
0.0,82.0
0.0,106.0
0.0,82.0
0.0,106.0
0.0,73.0
0.0,109.0
0.0,85.0
0.0,109.0
0.0,97.0
0.0,61.0
0.0,94.0
0.0,70.0
0.0,33.0
0.0,57.0
0.0,33.0
0.0,45.0
0.0,33.0
0.0,69.0
0.0,106.0
0.001430511474609375,70.0
0.001430511474609375,82.0
0.001430511474609375,45.0
0.001430511474609375,12.0
0.001430511474609375,49.0
0.001430511474609375,85.0
0.001430511474609375,73.0
0.001430511474609375,106.0
0.001430511474609375,118.0
0.001430511474609375,85.0
0.001430511474609375,49.0
0.001430511474609375,12.0
0.001430511474609375,0.0
0.001430511474609375,36.0
0.001430511474609375,60.0
0.001430511474609375,72.0
0.001430511474609375,48.0
0.001430511474609375,72.0
0.001430511474609375,60.0
0.001430511474609375,36.0
0.001430511474609375,0.0
0.001430511474609375,33.0
0.001430511474609375,69.0
0.001430511474609375,81.0
0.001430511474609375,48.0
0.001430511474609375,85.0
0.001430511474609375,109.0
0.001430511474609375,72.0
0.001430511474609375,60.0
0.001430511474609375,72.0
0.001430511474609375,36.0
0.001430511474609375,12.0
0.001430511474609375,48.0
0.001430511474609375,36.0
0.001430511474609375,60.0
0.001430511474609375,36.0
0.001430511474609375,0.0
0.001430511474609375,37.0
0.001430511474609375,49.0
0.001430511474609375,37.0
0.001430511474609375,61.0
0.001430511474609375,94.0
0.001430511474609375,130.0
0.001430511474609375,97.0
0.001430511474609375,130.0
0.001430511474609375,93.0
0.001430511474609375,130.0
0.001430511474609375,106.0
0.001430511474609375,69.0
0.001430511474609375,36.0
0.001430511474609375,0.0
0.001430511474609375,33.0
0.001430511474609375,0.0
0.001430511474609375,12.0
0.001430511474609375,48.0
0.001430511474609375,85.0
0.001430511474609375,118.0
0.001430511474609375,106.0
0.001430511474609375,130.0
0.001430511474609375,93.0
0.001430511474609375,60.0
0.001430511474609375,93.0
0.001430511474609375,69.0
0.001430511474609375,81.0
0.001430511474609375,48.0
0.001430511474609375,12.0
0.001430511474609375,0.0
0.001430511474609375,12.0
0.001430511474609375,0.0
0.001430511474609375,24.0
0.001430511474609375,36.0
0.001430511474609375,12.0
0.001430511474609375,36.0
0.001430511474609375,73.0
0.001430511474609375,36.0
0.001430511474609375,72.0
0.001430511474609375,36.0
0.001430511474609375,72.0
0.001430511474609375,109.0
0.001430511474609375,85.0
0.001430511474609375,118.0
0.001430511474609375,106.0
0.001430511474609375,70.0
0.001430511474609375,33.0
0.001430511474609375,45.0
0.001430511474609375,12.0
0.001430511474609375,36.0
0.001430511474609375,24.0
0.001430511474609375,60.0
0.001430511474609375,97.0
0.001430511474609375,61.0
0.001430511474609375,37.0
0.001430511474609375,61.0
0.001430511474609375,73.0
0.001430511474609375,109.0
0.001430511474609375,73.0
0.001430511474609375,61.0
0.001430511474609375,24.0
0.001430511474609375,36.0
0.001430511474609375,72.0
0.001430511474609375,109.0
0.001430511474609375,73.0
0.001430511474609375,49.0
0.001430511474609375,12.0
0.001430511474609375,49.0
0.001430511474609375,85.0
0.001430511474609375,49.0
0.001430511474609375,37.0
0.001430511474609375,0.0
0.001430511474609375,37.0
0.001430511474609375,73.0
0.001430511474609375,97.0
0.001430511474609375,130.0
0.001430511474609375,97.0
0.001430511474609375,109.0
0.001430511474609375,72.0
0.001430511474609375,60.0
0.001430511474609375,24.0
0.001430511474609375,60.0
0.001430511474609375,36.0
0.001430511474609375,0.0
0.001430511474609375,33.0
0.001430511474609375,69.0
0.001430511474609375,36.0
0.001430511474609375,0.0
0.001430511474609375,36.0
0.001430511474609375,69.0
0.001430511474609375,36.0
0.001430511474609375,48.0
0.001430511474609375,12.0
0.001430511474609375,45.0
0.001430511474609375,69.0
0.001430511474609375,106.0
0.001430511474609375,69.0
0.001430511474609375,57.0
0.001430511474609375,33.0
0.001430511474609375,0.0
0.001430511474609375,33.0
0.001430511474609375,69.0
0.001430511474609375,106.0
0.001430511474609375,69.0
0.001430511474609375,81.0
0.001430511474609375,48.0
0.001430511474609375,72.0
0.001430511474609375,36.0
0.001430511474609375,72.0
0.001430511474609375,36.0
0.001430511474609375,12.0
0.001430511474609375,0.0
0.001430511474609375,37.0
0.001430511474609375,61.0
0.001430511474609375,73.0
0.001430511474609375,36.0
0.001430511474609375,72.0
0.001430511474609375,109.0
0.001430511474609375,97.0
0.001430511474609375,73.0
0.001430511474609375,97.0
0.001430511474609375,109.0
0.001430511474609375,72.0
0.001430511474609375,60.0
0.001430511474609375,72.0
0.001430511474609375,48.0
0.001430511474609375,72.0
0.001430511474609375,60.0
0.001430511474609375,72.0
0.001430511474609375,36.0
0.001430511474609375,73.0
0.001430511474609375,61.0
0.001430511474609375,37.0
0.001430511474609375,73.0
0.001430511474609375,106.0
0.001430511474609375,70.0
0.001430511474609375,94.0
0.001430511474609375,61.0
0.001430511474609375,37.0
0.001430511474609375,70.0
0.001430511474609375,82.0
0.001430511474609375,45.0
0.001430511474609375,81.0
0.001430511474609375,48.0
0.001430511474609375,12.0
0.001430511474609375,0.0
0.001430511474609375,12.0
0.001430511474609375,45.0
0.001430511474609375,33.0
0.001430511474609375,70.0
0.001430511474609375,82.0
0.001430511474609375,49.0
0.001430511474609375,85.0
0.001430511474609375,73.0
0.001430511474609375,36.0
0.001430511474609375,69.0
0.001430511474609375,106.0
0.001430511474609375,70.0
0.001430511474609375,106.0
0.001430511474609375,69.0
0.001430511474609375,81.0
0.001430511474609375,48.0
0.001430511474609375,81.0
0.001430511474609375,118.0
0.001430511474609375,106.0
0.001430511474609375,118.0
0.001430511474609375,82.0
0.001430511474609375,70.0
0.001430511474609375,82.0
0.001430511474609375,45.0
0.001430511474609375,82.0
0.001430511474609375,118.0
0.001430511474609375,81.0
0.001430511474609375,69.0
0.001430511474609375,33.0
0.001430511474609375,45.0
0.001430511474609375,69.0
0.001430511474609375,36.0
0.001430511474609375,69.0
0.001430511474609375,106.0
0.001430511474609375,82.0
0.001430511474609375,45.0
0.001430511474609375,33.0
0.001430511474609375,70.0
0.001430511474609375,37.0
0.001430511474609375,0.0
0.001430511474609375,12.0
0.001430511474609375,0.0
0.001430511474609375,24.0
0.001430511474609375,61.0
0.001430511474609375,24.0
0.001430511474609375,60.0
0.001430511474609375,24.0
0.001430511474609375,60.0
0.001430511474609375,72.0
0.001430511474609375,48.0
0.001430511474609375,12.0
0.001430511474609375,49.0
0.001430511474609375,82.0
0.001430511474609375,118.0
0.001430511474609375,81.0
0.001430511474609375,118.0
0.001430511474609375,85.0
0.001430511474609375,49.0
0.001430511474609375,73.0
0.001430511474609375,109.0
0.001430511474609375,85.0
0.001430511474609375,109.0
0.001430511474609375,73.0
0.001430511474609375,61.0
0.001430511474609375,73.0
0.001430511474609375,49.0
0.001430511474609375,85.0
0.001430511474609375,49.0
0.001430511474609375,82.0
0.001430511474609375,45.0
0.001430511474609375,12.0
0.001430511474609375,0.0
0.001430511474609375,33.0
0.001430511474609375,45.0
0.001430511474609375,33.0
0.001430511474609375,70.0
0.001430511474609375,82.0
0.001430511474609375,118.0
0.001430511474609375,85.0
0.001430511474609375,48.0
0.001430511474609375,36.0
0.001430511474609375,48.0
0.001430511474609375,36.0
0.001430511474609375,69.0
0.001430511474609375,81.0
0.001430511474609375,45.0
0.001430511474609375,81.0
0.001430511474609375,69.0
0.001430511474609375,36.0
0.001430511474609375,69.0
0.001430511474609375,33.0
0.001430511474609375,69.0
0.001430511474609375,106.0
0.001430511474609375,70.0
0.001430511474609375,82.0
0.001430511474609375,45.0
0.001430511474609375,33.0
0.001430511474609375,45.0
0.001430511474609375,69.0
0.001430511474609375,57.0
0.001430511474609375,69.0
0.001430511474609375,45.0
0.001430511474609375,12.0
0.001430511474609375,45.0
0.001430511474609375,81.0
0.001430511474609375,45.0
0.001430511474609375,69.0
0.001430511474609375,36.0
0.001430511474609375,72.0
0.001430511474609375,48.0
0.001430511474609375,81.0
0.001430511474609375,118.0
0.001430511474609375,106.0
0.001430511474609375,69.0
0.001430511474609375,33.0
0.001430511474609375,0.0
0.001430511474609375,36.0
0.001430511474609375,48.0
0.001430511474609375,81.0
0.001430511474609375,48.0
0.001430511474609375,36.0
0.001430511474609375,60.0
0.001430511474609375,72.0
0.001430511474609375,109.0
0.001430511474609375,72.0
0.001430511474609375,60.0
0.001430511474609375,36.0
0.001430511474609375,48.0
0.001430511474609375,12.0
0.001430511474609375,49.0
0.001430511474609375,12.0
0.001430511474609375,36.0
0.001430511474609375,69.0
0.001430511474609375,36.0
0.001430511474609375,24.0
0.001430511474609375,60.0
0.001430511474609375,72.0
0.001430511474609375,60.0
0.001430511474609375,72.0
0.001430511474609375,36.0
0.001430511474609375,73.0
0.001430511474609375,36.0
0.001430511474609375,24.0
0.001430511474609375,57.0
0.001430511474609375,33.0
0.001430511474609375,0.0
0.001430511474609375,24.0
0.001430511474609375,0.0
0.001430511474609375,36.0
0.001430511474609375,69.0
0.001430511474609375,33.0
0.001430511474609375,70.0
0.001430511474609375,82.0
0.001430511474609375,45.0
0.001430511474609375,81.0
0.001430511474609375,118.0
0.001430511474609375,82.0
0.001430511474609375,45.0
0.001430511474609375,82.0
0.001430511474609375,118.0
0.001430511474609375,85.0
0.001430511474609375,49.0
0.001430511474609375,12.0
0.001430511474609375,49.0
0.001430511474609375,37.0
0.001430511474609375,70.0
0.001430511474609375,94.0
0.001430511474609375,57.0
0.001430511474609375,24.0
0.001430511474609375,36.0
0.001430511474609375,72.0
0.001430511474609375,109.0
0.001430511474609375,72.0
0.001430511474609375,109.0
0.001430511474609375,85.0
0.001430511474609375,48.0
0.001430511474609375,81.0
0.001430511474609375,48.0
0.001430511474609375,72.0
0.001430511474609375,109.0
0.001430511474609375,72.0
0.001430511474609375,60.0
0.001430511474609375,36.0
0.001430511474609375,73.0
0.001430511474609375,106.0
0.001430511474609375,118.0
0.001430511474609375,81.0
0.0024576187133789062,48.0
0.0024576187133789062,85.0
0.0024576187133789062,48.0
0.0024576187133789062,12.0
0.0024576187133789062,36.0
0.0024576187133789062,69.0
0.0024576187133789062,106.0
0.0024576187133789062,69.0
0.0024576187133789062,57.0
0.0024576187133789062,33.0
0.0024576187133789062,45.0
0.0024576187133789062,81.0
0.0024576187133789062,118.0
0.0024576187133789062,81.0
0.0024576187133789062,118.0
0.0024576187133789062,106.0
0.0024576187133789062,70.0
0.0024576187133789062,82.0
0.0024576187133789062,106.0
0.0024576187133789062,73.0
0.0024576187133789062,109.0
0.0024576187133789062,97.0
0.0024576187133789062,109.0
0.0024576187133789062,72.0
0.0024576187133789062,109.0
0.0024576187133789062,97.0
0.0024576187133789062,130.0
0.0024576187133789062,97.0
0.0024576187133789062,130.0
0.0024576187133789062,106.0
0.0024576187133789062,118.0
0.0024576187133789062,85.0
0.0024576187133789062,48.0
0.0024576187133789062,72.0
0.0024576187133789062,48.0
0.0024576187133789062,72.0
0.0024576187133789062,60.0
0.0024576187133789062,72.0
0.0024576187133789062,60.0
0.0024576187133789062,97.0
0.0024576187133789062,130.0
0.0024576187133789062,106.0
0.0024576187133789062,73.0
0.0024576187133789062,37.0
0.0024576187133789062,70.0
0.0024576187133789062,82.0
0.0024576187133789062,49.0
0.0024576187133789062,82.0
0.0024576187133789062,45.0
0.0024576187133789062,81.0
0.0024576187133789062,69.0
0.0024576187133789062,93.0
0.0024576187133789062,130.0
0.0024576187133789062,94.0
0.0024576187133789062,70.0
0.0024576187133789062,106.0
0.0024576187133789062,70.0
0.0024576187133789062,33.0
0.0024576187133789062,45.0
0.0024576187133789062,82.0
0.0024576187133789062,118.0
0.0024576187133789062,82.0
0.0024576187133789062,70.0
0.0024576187133789062,82.0
0.0024576187133789062,106.0
0.0024576187133789062,94.0
0.0024576187133789062,106.0
0.0024576187133789062,69.0
0.0024576187133789062,36.0
0.0024576187133789062,69.0
0.0024576187133789062,57.0
0.0024576187133789062,69.0
0.0024576187133789062,106.0
0.0024576187133789062,82.0
0.0024576187133789062,106.0
0.0024576187133789062,82.0
0.0024576187133789062,118.0
0.0024576187133789062,81.0
0.0024576187133789062,69.0
0.0024576187133789062,106.0
0.0024576187133789062,69.0
0.0024576187133789062,33.0
0.0024576187133789062,45.0
0.0024576187133789062,33.0
0.0024576187133789062,69.0
0.0024576187133789062,36.0
0.0024576187133789062,73.0
0.0024576187133789062,106.0
0.0024576187133789062,70.0
0.0024576187133789062,37.0
0.0024576187133789062,49.0
0.0024576187133789062,37.0
0.0024576187133789062,49.0
0.0024576187133789062,85.0
0.0024576187133789062,109.0
0.0024576187133789062,72.0
0.0024576187133789062,60.0
0.0024576187133789062,36.0
0.0024576187133789062,48.0
0.0024576187133789062,12.0
0.0024576187133789062,49.0
0.0024576187133789062,82.0
0.0024576187133789062,70.0
0.0024576187133789062,82.0
0.0024576187133789062,106.0
0.0024576187133789062,69.0
0.0024576187133789062,45.0
0.0024576187133789062,33.0
0.0024576187133789062,70.0
0.0024576187133789062,37.0
0.0024576187133789062,0.0
0.0024576187133789062,37.0
0.0024576187133789062,73.0
0.0024576187133789062,36.0
0.0024576187133789062,69.0
0.0024576187133789062,93.0
0.0024576187133789062,57.0
0.0024576187133789062,93.0
0.0024576187133789062,60.0
0.0024576187133789062,36.0
0.0024576187133789062,48.0
0.0024576187133789062,85.0
0.0024576187133789062,73.0
0.0024576187133789062,106.0
0.0024576187133789062,118.0
0.0024576187133789062,81.0
0.0024576187133789062,48.0
0.0024576187133789062,85.0
0.0024576187133789062,48.0
0.0024576187133789062,85.0
0.0024576187133789062,109.0
0.0024576187133789062,85.0
0.0024576187133789062,48.0
0.0024576187133789062,72.0
0.0024576187133789062,48.0
0.0024576187133789062,85.0
0.0024576187133789062,109.0
0.0024576187133789062,85.0
0.0024576187133789062,49.0
0.0024576187133789062,12.0
0.0024576187133789062,48.0
0.0024576187133789062,81.0
0.0024576187133789062,48.0
0.0024576187133789062,85.0
0.0024576187133789062,73.0
0.0024576187133789062,36.0
0.0024576187133789062,60.0
0.0024576187133789062,72.0
0.0024576187133789062,48.0
0.0024576187133789062,36.0
0.0024576187133789062,60.0
0.0024576187133789062,93.0
0.0024576187133789062,130.0
0.0024576187133789062,97.0
0.0024576187133789062,61.0
0.0024576187133789062,37.0
0.0024576187133789062,0.0
0.0024576187133789062,24.0
0.0024576187133789062,36.0
0.0024576187133789062,24.0
0.0024576187133789062,61.0
0.0024576187133789062,94.0
0.0024576187133789062,61.0
0.0024576187133789062,94.0
0.0024576187133789062,70.0
0.0024576187133789062,106.0
0.0024576187133789062,70.0
0.0024576187133789062,94.0
0.0024576187133789062,57.0
0.0024576187133789062,33.0
0.0024576187133789062,70.0
0.0024576187133789062,33.0
0.0024576187133789062,70.0
0.0024576187133789062,37.0
0.0024576187133789062,73.0
0.0024576187133789062,97.0
0.0024576187133789062,109.0
0.0024576187133789062,97.0
0.0024576187133789062,60.0
0.0024576187133789062,36.0
0.0024576187133789062,73.0
0.0024576187133789062,37.0
0.0024576187133789062,0.0
0.0024576187133789062,33.0
0.0024576187133789062,70.0
0.0024576187133789062,82.0
0.0024576187133789062,70.0
0.0024576187133789062,33.0
0.0024576187133789062,45.0
0.0024576187133789062,82.0
0.0024576187133789062,49.0
0.0024576187133789062,37.0
0.0024576187133789062,0.0
0.0024576187133789062,24.0
0.0024576187133789062,57.0
0.0024576187133789062,33.0
0.0024576187133789062,69.0
0.0024576187133789062,33.0
0.0024576187133789062,0.0
0.0024576187133789062,37.0
0.0024576187133789062,61.0
0.0024576187133789062,94.0
0.0024576187133789062,70.0
0.0024576187133789062,33.0
0.0024576187133789062,70.0
0.0024576187133789062,33.0
0.0024576187133789062,45.0
0.0024576187133789062,33.0
0.0024576187133789062,0.0
0.0024576187133789062,33.0
0.0024576187133789062,69.0
0.0024576187133789062,33.0
0.0024576187133789062,70.0
0.0024576187133789062,106.0
0.0024576187133789062,73.0
0.0024576187133789062,85.0
0.0024576187133789062,109.0
0.0024576187133789062,97.0
0.0024576187133789062,130.0
0.0024576187133789062,97.0
0.0024576187133789062,60.0
0.0024576187133789062,97.0
0.0024576187133789062,109.0
0.0024576187133789062,85.0
0.0024576187133789062,49.0
0.0024576187133789062,37.0
0.0024576187133789062,49.0
0.0024576187133789062,85.0
0.0024576187133789062,48.0
0.0024576187133789062,72.0
0.0024576187133789062,48.0
0.0024576187133789062,81.0
0.0024576187133789062,48.0
0.0024576187133789062,85.0
0.0024576187133789062,109.0
0.0024576187133789062,97.0
0.0024576187133789062,60.0
0.0024576187133789062,24.0
0.0024576187133789062,60.0
0.0024576187133789062,97.0
0.0024576187133789062,109.0
0.0024576187133789062,72.0
0.0024576187133789062,36.0
0.0024576187133789062,69.0
0.0024576187133789062,57.0
0.0024576187133789062,24.0
0.0024576187133789062,60.0
0.0024576187133789062,93.0
0.0024576187133789062,60.0
0.0024576187133789062,36.0
0.0024576187133789062,48.0
0.0024576187133789062,72.0
0.0024576187133789062,60.0
0.0024576187133789062,24.0
0.0024576187133789062,60.0
0.0024576187133789062,93.0
0.0024576187133789062,57.0
0.0024576187133789062,33.0
0.0024576187133789062,70.0
0.0024576187133789062,94.0
0.0024576187133789062,70.0
0.0024576187133789062,37.0
0.0024576187133789062,70.0
0.0024576187133789062,106.0
0.0024576187133789062,73.0
0.0024576187133789062,36.0
0.0024576187133789062,48.0
0.0024576187133789062,12.0
0.0024576187133789062,36.0
0.0024576187133789062,24.0
0.0024576187133789062,36.0
0.0024576187133789062,72.0
0.0024576187133789062,60.0
0.0024576187133789062,36.0
0.0024576187133789062,48.0
0.0024576187133789062,12.0
0.0024576187133789062,49.0
0.0024576187133789062,12.0
0.0024576187133789062,36.0
0.0024576187133789062,73.0
0.0024576187133789062,106.0
0.0024576187133789062,73.0
0.0024576187133789062,36.0
0.0024576187133789062,72.0
0.0024576187133789062,48.0
0.0024576187133789062,72.0
0.0024576187133789062,48.0
0.0024576187133789062,81.0
0.0024576187133789062,48.0
0.0024576187133789062,12.0
0.0024576187133789062,48.0
0.0024576187133789062,72.0
0.0024576187133789062,109.0
0.0024576187133789062,85.0
0.0024576187133789062,73.0
0.0024576187133789062,97.0
0.0024576187133789062,130.0
0.0024576187133789062,97.0
0.0024576187133789062,130.0
0.0024576187133789062,94.0
0.0024576187133789062,130.0
0.0024576187133789062,93.0
0.0024576187133789062,69.0
0.0024576187133789062,33.0
0.0024576187133789062,0.0
0.0024576187133789062,12.0
0.0024576187133789062,0.0
0.0024576187133789062,24.0
0.0024576187133789062,0.0
0.0024576187133789062,36.0
0.0024576187133789062,73.0
0.0024576187133789062,36.0
0.0024576187133789062,0.0
0.0024576187133789062,36.0
0.0024576187133789062,0.0
0.0024576187133789062,36.0
0.0024576187133789062,60.0
0.0024576187133789062,24.0
0.0024576187133789062,0.0
0.0024576187133789062,37.0
0.0024576187133789062,0.0
0.0024576187133789062,12.0
0.0024576187133789062,49.0
0.0024576187133789062,12.0
0.0024576187133789062,45.0
0.0024576187133789062,82.0
0.0024576187133789062,45.0
0.0024576187133789062,82.0
0.0024576187133789062,106.0
0.0024576187133789062,73.0
0.0024576187133789062,109.0
0.0024576187133789062,85.0
0.0024576187133789062,73.0
0.0024576187133789062,37.0
0.0024576187133789062,73.0
0.0024576187133789062,97.0
0.0024576187133789062,61.0
0.0024576187133789062,94.0
0.0024576187133789062,106.0
0.0024576187133789062,73.0
0.0024576187133789062,36.0
0.0024576187133789062,72.0
0.0024576187133789062,109.0
0.0024576187133789062,73.0
0.0024576187133789062,49.0
0.0024576187133789062,37.0
0.0024576187133789062,49.0
0.0024576187133789062,73.0
0.0024576187133789062,49.0
0.0024576187133789062,37.0
0.0024576187133789062,0.0
0.0024576187133789062,24.0
0.0024576187133789062,57.0
0.0024576187133789062,93.0
0.0024576187133789062,130.0
0.0024576187133789062,93.0
0.0024576187133789062,57.0
0.0024576187133789062,93.0
0.0024576187133789062,130.0
0.0024576187133789062,94.0
0.0024576187133789062,106.0
0.0024576187133789062,82.0
0.0024576187133789062,106.0
0.0024576187133789062,73.0
0.0024576187133789062,109.0
0.0024576187133789062,97.0
0.0024576187133789062,109.0
0.0024576187133789062,72.0
0.0024576187133789062,48.0
0.0024576187133789062,85.0
0.0024576187133789062,118.0
0.0024576187133789062,85.0
0.0024576187133789062,48.0
0.0024576187133789062,12.0
0.0024576187133789062,45.0
0.0024576187133789062,81.0
0.0024576187133789062,45.0
0.0024576187133789062,81.0
0.0024576187133789062,69.0
0.0024576187133789062,81.0
0.0024576187133789062,69.0
0.0024576187133789062,36.0
0.0024576187133789062,73.0
0.0024576187133789062,85.0
0.0024576187133789062,109.0
0.0024576187133789062,72.0
0.0024576187133789062,36.0
0.0024576187133789062,24.0
0.0024576187133789062,60.0
0.0024576187133789062,93.0
0.0024576187133789062,130.0
0.0024576187133789062,106.0
0.0024576187133789062,118.0
0.0024576187133789062,82.0
0.0024576187133789062,70.0
0.0024576187133789062,106.0
0.0024576187133789062,130.0
0.0024576187133789062,94.0
0.0024576187133789062,57.0
0.0024576187133789062,33.0
0.0024576187133789062,70.0
0.0024576187133789062,82.0
0.0024576187133789062,49.0
0.0024576187133789062,37.0
0.0024576187133789062,0.0
0.0024576187133789062,36.0
0.0024576187133789062,0.0
0.0024576187133789062,12.0
0.0024576187133789062,48.0
0.0024576187133789062,12.0
0.0024576187133789062,0.0
0.0024576187133789062,36.0
0.0024576187133789062,48.0
0.0024576187133789062,36.0
0.0024576187133789062,60.0
0.0024576187133789062,72.0
0.0024576187133789062,48.0
0.0024576187133789062,72.0
0.0024576187133789062,109.0
0.0024576187133789062,72.0
0.0024576187133789062,60.0
0.0024576187133789062,24.0
0.0024576187133789062,36.0
0.0024576187133789062,12.0
0.0024576187133789062,0.0
0.0024576187133789062,24.0
0.0024576187133789062,61.0
0.0024576187133789062,94.0
0.0024576187133789062,106.0
0.0024576187133789062,73.0
0.0024576187133789062,61.0
0.0024576187133789062,24.0
0.0024576187133789062,36.0
0.0024576187133789062,72.0
0.0024576187133789062,48.0
0.0024576187133789062,12.0
0.0024576187133789062,48.0
0.0024576187133789062,81.0
0.0024576187133789062,48.0
0.0024576187133789062,85.0
0.0024576187133789062,73.0
0.0024576187133789062,85.0
0.0024576187133789062,73.0
0.0024576187133789062,37.0
0.0024576187133789062,70.0
0.0024576187133789062,37.0
0.0024576187133789062,70.0
0.0024576187133789062,82.0
0.0024576187133789062,106.0
0.0024576187133789062,73.0
0.0024576187133789062,61.0
0.0024576187133789062,97.0
0.0024576187133789062,73.0
0.0024576187133789062,85.0
0.0024576187133789062,49.0
0.0024576187133789062,12.0
0.0024576187133789062,45.0
0.0024576187133789062,81.0
0.0024576187133789062,118.0
0.0024576187133789062,82.0
0.0024576187133789062,70.0
0.0024576187133789062,82.0
0.0024576187133789062,70.0
0.0024576187133789062,106.0
0.0024576187133789062,73.0
0.0024576187133789062,106.0
0.0024576187133789062,69.0
0.0024576187133789062,81.0
0.0024576187133789062,45.0
0.0024576187133789062,33.0
0.0024576187133789062,69.0
0.0024576187133789062,93.0
0.0024576187133789062,130.0
0.0024576187133789062,94.0
0.0024576187133789062,106.0
0.0024576187133789062,69.0
0.0024576187133789062,45.0
0.0024576187133789062,82.0
0.0024576187133789062,70.0
0.0024576187133789062,106.0
0.0024576187133789062,73.0
0.0024576187133789062,36.0
0.0024576187133789062,60.0
0.0024576187133789062,97.0
0.0024576187133789062,60.0
0.0024576187133789062,24.0
0.0024576187133789062,61.0
0.0024576187133789062,94.0
0.0024576187133789062,57.0
0.0024576187133789062,94.0
0.0024576187133789062,130.0
0.0024576187133789062,94.0
0.0024576187133789062,57.0
0.0024576187133789062,94.0
0.0024576187133789062,70.0
0.0024576187133789062,82.0
0.0024576187133789062,118.0
0.0024576187133789062,81.0
0.0024576187133789062,48.0
0.0024576187133789062,81.0
0.0024576187133789062,48.0
0.0024576187133789062,36.0
0.0024576187133789062,73.0
0.0024576187133789062,85.0
0.0024576187133789062,109.0
0.0024576187133789062,73.0
0.0024576187133789062,109.0
0.0024576187133789062,72.0
0.0024576187133789062,60.0
0.0024576187133789062,36.0
0.0024576187133789062,48.0
0.0024576187133789062,36.0
0.0024576187133789062,0.0
0.0024576187133789062,37.0
0.0024576187133789062,61.0
0.0024576187133789062,94.0
0.0024576187133789062,130.0
0.0024576187133789062,97.0
0.0024576187133789062,130.0
0.0024576187133789062,97.0
0.0024576187133789062,109.0
0.0024576187133789062,72.0
0.0024576187133789062,109.0
0.0024576187133789062,73.0
0.0024576187133789062,109.0
0.0024576187133789062,72.0
0.0024576187133789062,36.0
0.0024576187133789062,72.0
0.0024576187133789062,36.0
0.0024576187133789062,24.0
0.0024576187133789062,60.0
0.0024576187133789062,72.0
0.0024576187133789062,60.0
0.0024576187133789062,36.0
0.0024576187133789062,0.0
0.0024576187133789062,12.0
0.0024576187133789062,45.0
0.0024576187133789062,69.0
0.0024576187133789062,36.0
0.0024576187133789062,69.0
0.0024576187133789062,45.0
0.0024576187133789062,81.0
0.0024576187133789062,48.0
0.0024576187133789062,81.0
0.0024576187133789062,118.0
0.0024576187133789062,85.0
0.0024576187133789062,49.0
0.0024576187133789062,85.0
0.0024576187133789062,49.0
0.0024576187133789062,73.0
0.0024576187133789062,109.0
0.0024576187133789062,72.0
0.0024576187133789062,109.0
0.0024576187133789062,97.0
0.0024576187133789062,130.0
0.0024576187133789062,94.0
0.0024576187133789062,106.0
0.0024576187133789062,82.0
0.0024576187133789062,118.0
0.0024576187133789062,82.0
0.0024576187133789062,45.0
0.0024576187133789062,82.0
0.0024576187133789062,106.0
0.0024576187133789062,69.0
0.0024576187133789062,106.0
0.0024576187133789062,94.0
0.0024576187133789062,106.0
0.0024576187133789062,69.0
0.0024576187133789062,106.0
0.0024576187133789062,73.0
0.0024576187133789062,36.0
0.0024576187133789062,24.0
0.0024576187133789062,36.0
0.0024576187133789062,73.0
0.0024576187133789062,109.0
0.0024576187133789062,72.0
0.0024576187133789062,60.0
0.0024576187133789062,93.0
0.0024576187133789062,69.0
0.0024576187133789062,36.0
0.0024576187133789062,73.0
0.0024576187133789062,37.0
0.0024576187133789062,73.0
0.0024576187133789062,97.0
0.0024576187133789062,109.0
0.0024576187133789062,72.0
0.0024576187133789062,109.0
0.0024576187133789062,85.0
0.0024576187133789062,49.0
0.0024576187133789062,82.0
0.0024576187133789062,118.0
0.0024576187133789062,81.0
0.0024576187133789062,48.0
0.0024576187133789062,81.0
0.0024576187133789062,48.0
0.0024576187133789062,72.0
0.0024576187133789062,48.0
0.0024576187133789062,85.0
0.0024576187133789062,48.0
0.0024576187133789062,85.0
0.0024576187133789062,73.0
0.0024576187133789062,37.0
0.0024576187133789062,49.0
0.0024576187133789062,85.0
0.0024576187133789062,118.0
0.0024576187133789062,106.0
0.0024576187133789062,69.0
0.0024576187133789062,106.0
0.0024576187133789062,73.0
0.0024576187133789062,37.0
0.0024576187133789062,49.0
0.0024576187133789062,73.0
0.0024576187133789062,61.0
0.0024576187133789062,94.0
0.0024576187133789062,106.0
0.0024576187133789062,73.0
0.0024576187133789062,36.0
0.0024576187133789062,73.0
0.0024576187133789062,49.0
0.0024576187133789062,73.0
0.0024576187133789062,106.0
0.0024576187133789062,82.0
0.0024576187133789062,45.0
0.0024576187133789062,81.0
0.0024576187133789062,48.0
0.0024576187133789062,72.0
0.0024576187133789062,60.0
0.0024576187133789062,97.0
0.0024576187133789062,130.0
0.0024576187133789062,106.0
0.0024576187133789062,130.0
0.0024576187133789062,93.0
0.0024576187133789062,130.0
0.0024576187133789062,97.0
0.0024576187133789062,61.0
0.0024576187133789062,97.0
0.0024576187133789062,61.0
0.0024576187133789062,73.0
0.0024576187133789062,109.0
0.0024576187133789062,73.0
0.0024576187133789062,49.0
0.0024576187133789062,82.0
0.0024576187133789062,106.0
0.0024576187133789062,82.0
0.0024576187133789062,118.0
0.0024576187133789062,85.0
0.0024576187133789062,48.0
0.0024576187133789062,36.0
0.0024576187133789062,73.0
0.0024576187133789062,37.0
0.0024576187133789062,70.0
0.0024576187133789062,82.0
0.0024576187133789062,106.0
0.0024576187133789062,69.0
0.0024576187133789062,36.0
0.0024576187133789062,24.0
0.0024576187133789062,0.0
0.0024576187133789062,33.0
0.0024576187133789062,57.0
0.0024576187133789062,33.0
0.0024576187133789062,57.0
0.0024576187133789062,33.0
0.0024576187133789062,69.0
0.0024576187133789062,36.0
0.0024576187133789062,60.0
0.0024576187133789062,72.0
0.0024576187133789062,109.0
0.0024576187133789062,73.0
0.0024576187133789062,49.0
0.0024576187133789062,82.0
0.0024576187133789062,106.0
0.0024576187133789062,73.0
0.0024576187133789062,36.0
0.0024576187133789062,24.0
0.0024576187133789062,61.0
0.0024576187133789062,94.0
0.0024576187133789062,130.0
0.0024576187133789062,93.0
0.0024576187133789062,57.0
0.0024576187133789062,94.0
0.0024576187133789062,57.0
0.0024576187133789062,94.0
0.0024576187133789062,106.0
0.0024576187133789062,94.0
0.0024576187133789062,106.0
0.0024576187133789062,94.0
0.0024576187133789062,57.0
0.0024576187133789062,24.0
0.0024576187133789062,61.0
0.0024576187133789062,37.0
0.0024576187133789062,61.0
0.0024576187133789062,97.0
0.0024576187133789062,109.0
0.0024576187133789062,72.0
0.0024576187133789062,36.0
0.0024576187133789062,73.0
0.0024576187133789062,109.0
0.0024576187133789062,73.0
0.0024576187133789062,36.0
0.0024576187133789062,12.0
0.0024576187133789062,49.0
0.0024576187133789062,37.0
0.0024576187133789062,70.0
0.0024576187133789062,106.0
0.0024576187133789062,70.0
0.0024576187133789062,94.0
0.0024576187133789062,130.0
0.0024576187133789062,93.0
0.0024576187133789062,57.0
0.0024576187133789062,93.0
0.0024576187133789062,60.0
0.0024576187133789062,72.0
0.0024576187133789062,60.0
0.0024576187133789062,97.0
0.0024576187133789062,130.0
0.0024576187133789062,94.0
0.0024576187133789062,61.0
0.0024576187133789062,97.0
0.0024576187133789062,61.0
0.0024576187133789062,37.0
0.0024576187133789062,49.0
0.0024576187133789062,37.0
0.0024576187133789062,73.0
0.0024576187133789062,85.0
0.0024576187133789062,48.0
0.0024576187133789062,72.0
0.0024576187133789062,36.0
0.0024576187133789062,12.0
0.0024576187133789062,48.0
0.0024576187133789062,36.0
0.0024576187133789062,48.0
0.0024576187133789062,85.0
0.0024576187133789062,118.0
0.0024576187133789062,85.0
0.0024576187133789062,73.0
0.0024576187133789062,106.0
0.0024576187133789062,118.0
0.0024576187133789062,81.0
0.0024576187133789062,48.0
0.0024576187133789062,36.0
0.0024576187133789062,0.0
0.0024576187133789062,36.0
0.0024576187133789062,73.0
0.0024576187133789062,85.0
0.0024576187133789062,118.0
0.0024576187133789062,106.0
0.0024576187133789062,73.0
0.0024576187133789062,106.0
0.0024576187133789062,73.0
0.0024576187133789062,97.0
0.0024576187133789062,61.0
0.0024576187133789062,73.0
0.0024576187133789062,109.0
0.0024576187133789062,73.0
0.0024576187133789062,109.0
0.0024576187133789062,85.0
0.0024576187133789062,109.0
0.0024576187133789062,72.0
0.0024576187133789062,109.0
0.0024576187133789062,97.0
0.0024576187133789062,61.0
0.0024576187133789062,94.0
0.0024576187133789062,70.0
0.0024576187133789062,82.0
0.0024576187133789062,70.0
0.0024576187133789062,106.0
0.0024576187133789062,73.0
0.0024576187133789062,106.0
0.0024576187133789062,69.0
0.0024576187133789062,81.0
0.0024576187133789062,45.0
0.0024576187133789062,69.0
0.0024576187133789062,45.0
0.0024576187133789062,12.0
0.0024576187133789062,48.0
0.0024576187133789062,72.0
0.0024576187133789062,36.0
0.0024576187133789062,69.0
0.0024576187133789062,45.0
0.0034837722778320312,82.0
0.0034837722778320312,49.0
0.0034837722778320312,37.0
0.0034837722778320312,73.0
0.0034837722778320312,85.0
0.0034837722778320312,118.0
0.0034837722778320312,82.0
0.0034837722778320312,70.0
0.0034837722778320312,106.0
0.0034837722778320312,69.0
0.0034837722778320312,81.0
0.0034837722778320312,45.0
0.0034837722778320312,81.0
0.0034837722778320312,69.0
0.0034837722778320312,36.0
0.0034837722778320312,69.0
0.0034837722778320312,93.0
0.0034837722778320312,130.0
0.0034837722778320312,106.0
0.0034837722778320312,70.0
0.0034837722778320312,106.0
0.0034837722778320312,70.0
0.0034837722778320312,33.0
0.0034837722778320312,0.0
0.0034837722778320312,12.0
0.0034837722778320312,49.0
0.0034837722778320312,73.0
0.0034837722778320312,106.0
0.0034837722778320312,82.0
0.0034837722778320312,106.0
0.0034837722778320312,73.0
0.0034837722778320312,49.0
0.0034837722778320312,37.0
0.0034837722778320312,61.0
0.0034837722778320312,73.0
0.0034837722778320312,61.0
0.0034837722778320312,97.0
0.0034837722778320312,73.0
0.0034837722778320312,85.0
0.0034837722778320312,49.0
0.0034837722778320312,82.0
0.0034837722778320312,118.0
0.0034837722778320312,81.0
0.0034837722778320312,69.0
0.0034837722778320312,81.0
0.0034837722778320312,118.0
0.0034837722778320312,82.0
0.0034837722778320312,118.0
0.0034837722778320312,81.0
0.0034837722778320312,48.0
0.0034837722778320312,36.0
0.0034837722778320312,60.0
0.0034837722778320312,93.0
0.0034837722778320312,69.0
0.0034837722778320312,81.0
0.0034837722778320312,118.0
0.0034837722778320312,81.0
0.0034837722778320312,48.0
0.0034837722778320312,81.0
0.0034837722778320312,69.0
0.0034837722778320312,106.0
0.0034837722778320312,73.0
0.0034837722778320312,97.0
0.0034837722778320312,130.0
0.0034837722778320312,93.0
0.0034837722778320312,57.0
0.0034837722778320312,94.0
0.0034837722778320312,106.0
0.0034837722778320312,94.0
0.0034837722778320312,70.0
0.0034837722778320312,33.0
0.0034837722778320312,69.0
0.0034837722778320312,33.0
0.0034837722778320312,70.0
0.0034837722778320312,37.0
0.0034837722778320312,0.0
0.0034837722778320312,33.0
0.0034837722778320312,45.0
0.0034837722778320312,69.0
0.0034837722778320312,36.0
0.0034837722778320312,24.0
0.0034837722778320312,60.0
0.0034837722778320312,36.0
0.0034837722778320312,0.0
0.0034837722778320312,24.0
0.0034837722778320312,57.0
0.0034837722778320312,94.0
0.0034837722778320312,61.0
0.0034837722778320312,37.0
0.0034837722778320312,61.0
0.0034837722778320312,73.0
0.0034837722778320312,61.0
0.0034837722778320312,97.0
0.0034837722778320312,109.0
0.0034837722778320312,97.0
0.0034837722778320312,130.0
0.0034837722778320312,106.0
0.0034837722778320312,70.0
0.0034837722778320312,106.0
0.0034837722778320312,130.0
0.0034837722778320312,93.0
0.0034837722778320312,60.0
0.0034837722778320312,72.0
0.0034837722778320312,60.0
0.0034837722778320312,72.0
0.0034837722778320312,36.0
0.0034837722778320312,72.0
0.0034837722778320312,36.0
0.0034837722778320312,73.0
0.0034837722778320312,61.0
0.0034837722778320312,37.0
0.0034837722778320312,49.0
0.0034837722778320312,85.0
0.0034837722778320312,49.0
0.0034837722778320312,37.0
0.0034837722778320312,0.0
0.0034837722778320312,24.0
0.0034837722778320312,61.0
0.0034837722778320312,73.0
0.0034837722778320312,109.0
0.0034837722778320312,85.0
0.0034837722778320312,118.0
0.0034837722778320312,106.0
0.0034837722778320312,73.0
0.0034837722778320312,85.0
0.0034837722778320312,73.0
0.0034837722778320312,106.0
0.0034837722778320312,73.0
0.0034837722778320312,106.0
0.0034837722778320312,69.0
0.0034837722778320312,93.0
0.0034837722778320312,60.0
0.0034837722778320312,24.0
0.0034837722778320312,60.0
0.0034837722778320312,97.0
0.0034837722778320312,109.0
0.0034837722778320312,97.0
0.0034837722778320312,60.0
0.0034837722778320312,93.0
0.0034837722778320312,130.0
0.0034837722778320312,97.0
0.0034837722778320312,60.0
0.0034837722778320312,72.0
0.0034837722778320312,109.0
0.0034837722778320312,85.0
0.0034837722778320312,49.0
0.0034837722778320312,85.0
0.0034837722778320312,73.0
0.0034837722778320312,37.0
0.0034837722778320312,70.0
0.0034837722778320312,82.0
0.0034837722778320312,45.0
0.0034837722778320312,82.0
0.0034837722778320312,49.0
0.0034837722778320312,12.0
0.0034837722778320312,48.0
0.0034837722778320312,81.0
0.0034837722778320312,118.0
0.0034837722778320312,81.0
0.0034837722778320312,118.0
0.0034837722778320312,81.0
0.0034837722778320312,69.0
0.0034837722778320312,81.0
0.0034837722778320312,69.0
0.0034837722778320312,81.0
0.0034837722778320312,45.0
0.0034837722778320312,69.0
0.0034837722778320312,106.0
0.0034837722778320312,69.0
0.0034837722778320312,45.0
0.0034837722778320312,69.0
0.0034837722778320312,45.0
0.0034837722778320312,33.0
0.0034837722778320312,70.0
0.0034837722778320312,82.0
0.0034837722778320312,70.0
0.0034837722778320312,33.0
0.0034837722778320312,69.0
0.0034837722778320312,36.0
0.0034837722778320312,60.0
0.0034837722778320312,36.0
0.0034837722778320312,48.0
0.0034837722778320312,72.0
0.0034837722778320312,109.0
0.0034837722778320312,72.0
0.0034837722778320312,36.0
0.0034837722778320312,24.0
0.0034837722778320312,61.0
0.0034837722778320312,24.0
0.0034837722778320312,60.0
0.0034837722778320312,72.0
0.0034837722778320312,60.0
0.0034837722778320312,36.0
0.0034837722778320312,69.0
0.0034837722778320312,81.0
0.0034837722778320312,45.0
0.0034837722778320312,12.0
0.0034837722778320312,48.0
0.0034837722778320312,81.0
0.0034837722778320312,45.0
0.0034837722778320312,82.0
0.0034837722778320312,70.0
0.0034837722778320312,33.0
0.0034837722778320312,70.0
0.0034837722778320312,82.0
0.0034837722778320312,106.0
0.0034837722778320312,94.0
0.0034837722778320312,130.0
0.0034837722778320312,97.0
0.0034837722778320312,61.0
0.0034837722778320312,37.0
0.0034837722778320312,0.0
0.0034837722778320312,24.0
0.0034837722778320312,60.0
0.0034837722778320312,97.0
0.0034837722778320312,73.0
0.0034837722778320312,85.0
0.0034837722778320312,118.0
0.0034837722778320312,82.0
0.0034837722778320312,118.0
0.0034837722778320312,106.0
0.0034837722778320312,70.0
0.0034837722778320312,37.0
0.0034837722778320312,73.0
0.0034837722778320312,97.0
0.0034837722778320312,61.0
0.0034837722778320312,37.0
0.0034837722778320312,0.0
0.0034837722778320312,12.0
0.0034837722778320312,0.0
0.0034837722778320312,24.0
0.0034837722778320312,61.0
0.0034837722778320312,94.0
0.0034837722778320312,57.0
0.0034837722778320312,24.0
0.0034837722778320312,61.0
0.0034837722778320312,73.0
0.0034837722778320312,106.0
0.0034837722778320312,73.0
0.0034837722778320312,106.0
0.0034837722778320312,82.0
0.0034837722778320312,106.0
0.0034837722778320312,82.0
0.0034837722778320312,45.0
0.0034837722778320312,12.0
0.0034837722778320312,45.0
0.0034837722778320312,69.0
0.0034837722778320312,36.0
0.0034837722778320312,24.0
0.0034837722778320312,0.0
0.0034837722778320312,33.0
0.0034837722778320312,57.0
0.0034837722778320312,94.0
0.0034837722778320312,130.0
0.0034837722778320312,106.0
0.0034837722778320312,69.0
0.0034837722778320312,33.0
0.0034837722778320312,69.0
0.0034837722778320312,33.0
0.0034837722778320312,0.0
0.0034837722778320312,37.0
0.0034837722778320312,49.0
0.0034837722778320312,73.0
0.0034837722778320312,49.0
0.0034837722778320312,37.0
0.0034837722778320312,0.0
0.0034837722778320312,36.0
0.0034837722778320312,69.0
0.0034837722778320312,36.0
0.0034837722778320312,73.0
0.0034837722778320312,36.0
0.0034837722778320312,0.0
0.0034837722778320312,24.0
0.0034837722778320312,0.0
0.0034837722778320312,24.0
0.0034837722778320312,60.0
0.0034837722778320312,97.0
0.0034837722778320312,73.0
0.0034837722778320312,85.0
0.0034837722778320312,118.0
0.0034837722778320312,82.0
0.0034837722778320312,106.0
0.0034837722778320312,82.0
0.0034837722778320312,49.0
0.0034837722778320312,82.0
0.0034837722778320312,45.0
0.0034837722778320312,82.0
0.0034837722778320312,49.0
0.0034837722778320312,82.0
0.0034837722778320312,70.0
0.0034837722778320312,82.0
0.0034837722778320312,45.0
0.0034837722778320312,81.0
0.0034837722778320312,118.0
0.0034837722778320312,85.0
0.0034837722778320312,73.0
0.0034837722778320312,106.0
0.0034837722778320312,130.0
0.0034837722778320312,93.0
0.0034837722778320312,130.0
0.0034837722778320312,97.0
0.0034837722778320312,130.0
0.0034837722778320312,94.0
0.0034837722778320312,57.0
0.0034837722778320312,94.0
0.0034837722778320312,61.0
0.0034837722778320312,73.0
0.0034837722778320312,106.0
0.0034837722778320312,82.0
0.0034837722778320312,70.0
0.0034837722778320312,33.0
0.0034837722778320312,0.0
0.0034837722778320312,24.0
0.0034837722778320312,0.0
0.0034837722778320312,37.0
0.0034837722778320312,0.0
0.0034837722778320312,37.0
0.0034837722778320312,70.0
0.0034837722778320312,33.0
0.0034837722778320312,69.0
0.0034837722778320312,81.0
0.0034837722778320312,45.0
0.0034837722778320312,12.0
0.0034837722778320312,36.0
0.0034837722778320312,12.0
0.0034837722778320312,48.0
0.0034837722778320312,81.0
0.0034837722778320312,69.0
0.0034837722778320312,106.0
0.0034837722778320312,73.0
0.0034837722778320312,97.0
0.0034837722778320312,60.0
0.0034837722778320312,24.0
0.0034837722778320312,61.0
0.0034837722778320312,73.0
0.0034837722778320312,61.0
0.0034837722778320312,94.0
0.0034837722778320312,61.0
0.0034837722778320312,37.0
0.0034837722778320312,49.0
0.0034837722778320312,73.0
0.0034837722778320312,49.0
0.0034837722778320312,73.0
0.0034837722778320312,109.0
0.0034837722778320312,72.0
0.0034837722778320312,36.0
0.0034837722778320312,12.0
0.0034837722778320312,36.0
0.0034837722778320312,69.0
0.0034837722778320312,106.0
0.0034837722778320312,94.0
0.0034837722778320312,130.0
0.0034837722778320312,94.0
0.0034837722778320312,106.0
0.0034837722778320312,82.0
0.0034837722778320312,70.0
0.0034837722778320312,82.0
0.0034837722778320312,106.0
0.0034837722778320312,69.0
0.0034837722778320312,45.0
0.0034837722778320312,12.0
0.0034837722778320312,0.0
0.0034837722778320312,24.0
0.0034837722778320312,57.0
0.0034837722778320312,69.0
0.0034837722778320312,57.0
0.0034837722778320312,93.0
0.0034837722778320312,130.0
0.0034837722778320312,94.0
0.0034837722778320312,57.0
0.0034837722778320312,93.0
0.0034837722778320312,57.0
0.0034837722778320312,93.0
0.0034837722778320312,69.0
0.0034837722778320312,81.0
0.0034837722778320312,45.0
0.0034837722778320312,33.0
0.0034837722778320312,70.0
0.0034837722778320312,106.0
0.0034837722778320312,73.0
0.0034837722778320312,37.0
0.0034837722778320312,73.0
0.0034837722778320312,37.0
0.0034837722778320312,49.0
0.0034837722778320312,12.0
0.0034837722778320312,36.0
0.0034837722778320312,12.0
0.0034837722778320312,0.0
0.0034837722778320312,12.0
0.0034837722778320312,45.0
0.0034837722778320312,33.0
0.0034837722778320312,69.0
0.0034837722778320312,106.0
0.0034837722778320312,70.0
0.0034837722778320312,37.0
0.0034837722778320312,61.0
0.0034837722778320312,97.0
0.0034837722778320312,73.0
0.0034837722778320312,85.0
0.0034837722778320312,48.0
0.0034837722778320312,85.0
0.0034837722778320312,48.0
0.0034837722778320312,85.0
0.0034837722778320312,48.0
0.0034837722778320312,12.0
0.0034837722778320312,36.0
0.0034837722778320312,69.0
0.0034837722778320312,36.0
0.0034837722778320312,24.0
0.0034837722778320312,61.0
0.0034837722778320312,94.0
0.0034837722778320312,106.0
0.0034837722778320312,94.0
0.0034837722778320312,57.0
0.0034837722778320312,69.0
0.0034837722778320312,57.0
0.0034837722778320312,69.0
0.0034837722778320312,36.0
0.0034837722778320312,69.0
0.0034837722778320312,106.0
0.0034837722778320312,69.0
0.0034837722778320312,57.0
0.0034837722778320312,69.0
0.0034837722778320312,36.0
0.0034837722778320312,24.0
0.0034837722778320312,0.0
0.0034837722778320312,12.0
0.0034837722778320312,0.0
0.0034837722778320312,24.0
0.0034837722778320312,61.0
0.0034837722778320312,73.0
0.0034837722778320312,61.0
0.0034837722778320312,73.0
0.0034837722778320312,61.0
0.0034837722778320312,97.0
0.0034837722778320312,73.0
0.0034837722778320312,85.0
0.0034837722778320312,48.0
0.0034837722778320312,12.0
0.0034837722778320312,45.0
0.0034837722778320312,82.0
0.0034837722778320312,118.0
0.0034837722778320312,82.0
0.0034837722778320312,70.0
0.0034837722778320312,37.0
0.0034837722778320312,61.0
0.0034837722778320312,37.0
0.0034837722778320312,70.0
0.0034837722778320312,106.0
0.0034837722778320312,69.0
0.0034837722778320312,93.0
0.0034837722778320312,60.0
0.0034837722778320312,36.0
0.0034837722778320312,0.0
0.0034837722778320312,33.0
0.0034837722778320312,69.0
0.0034837722778320312,93.0
0.0034837722778320312,60.0
0.0034837722778320312,36.0
0.0034837722778320312,60.0
0.0034837722778320312,97.0
0.0034837722778320312,73.0
0.0034837722778320312,37.0
0.0034837722778320312,49.0
0.0034837722778320312,12.0
0.0034837722778320312,45.0
0.0034837722778320312,69.0
0.0034837722778320312,106.0
0.0034837722778320312,94.0
0.0034837722778320312,106.0
0.0034837722778320312,94.0
0.0034837722778320312,70.0
0.0034837722778320312,37.0
0.0034837722778320312,73.0
0.0034837722778320312,97.0
0.0034837722778320312,73.0
0.0034837722778320312,97.0
0.0034837722778320312,60.0
0.0034837722778320312,97.0
0.0034837722778320312,60.0
0.0034837722778320312,93.0
0.0034837722778320312,130.0
0.0034837722778320312,106.0
0.0034837722778320312,130.0
0.0034837722778320312,97.0
0.0034837722778320312,73.0
0.0034837722778320312,97.0
0.0034837722778320312,109.0
0.0034837722778320312,73.0
0.0034837722778320312,49.0
0.0034837722778320312,82.0
0.0034837722778320312,70.0
0.0034837722778320312,94.0
0.0034837722778320312,70.0
0.0034837722778320312,94.0
0.0034837722778320312,70.0
0.0034837722778320312,94.0
0.0034837722778320312,106.0
0.0034837722778320312,73.0
0.0034837722778320312,106.0
0.0034837722778320312,73.0
0.0034837722778320312,36.0
0.0034837722778320312,69.0
0.0034837722778320312,36.0
0.0034837722778320312,24.0
0.0034837722778320312,61.0
0.0034837722778320312,94.0
0.0034837722778320312,106.0
0.0034837722778320312,69.0
0.0034837722778320312,45.0
0.0034837722778320312,33.0
0.0034837722778320312,0.0
0.0034837722778320312,36.0
0.0034837722778320312,0.0
0.0034837722778320312,36.0
0.0034837722778320312,60.0
0.0034837722778320312,93.0
0.0034837722778320312,130.0
0.0034837722778320312,97.0
0.0034837722778320312,130.0
0.0034837722778320312,106.0
0.0034837722778320312,70.0
0.0034837722778320312,37.0
0.0034837722778320312,61.0
0.0034837722778320312,97.0
0.0034837722778320312,130.0
0.0034837722778320312,93.0
0.0034837722778320312,57.0
0.0034837722778320312,69.0
0.0034837722778320312,57.0
0.0034837722778320312,33.0
0.0034837722778320312,45.0
0.0034837722778320312,69.0
0.0034837722778320312,57.0
0.0034837722778320312,69.0
0.0034837722778320312,57.0
0.0034837722778320312,94.0
0.0034837722778320312,130.0
0.0034837722778320312,97.0
0.0034837722778320312,130.0
0.0034837722778320312,94.0
0.0034837722778320312,106.0
0.0034837722778320312,73.0
0.0034837722778320312,61.0
0.0034837722778320312,94.0
0.0034837722778320312,106.0
0.0034837722778320312,94.0
0.0034837722778320312,57.0
0.0034837722778320312,69.0
0.0034837722778320312,57.0
0.0034837722778320312,93.0
0.0034837722778320312,69.0
0.0034837722778320312,36.0
0.0034837722778320312,0.0
0.0034837722778320312,37.0
0.0034837722778320312,0.0
0.0034837722778320312,33.0
0.0034837722778320312,69.0
0.0034837722778320312,106.0
0.0034837722778320312,130.0
0.0034837722778320312,97.0
0.0034837722778320312,130.0
0.0034837722778320312,94.0
0.0034837722778320312,70.0
0.0034837722778320312,106.0
0.0034837722778320312,73.0
0.0034837722778320312,85.0
0.0034837722778320312,118.0
0.0034837722778320312,81.0
0.0034837722778320312,69.0
0.0034837722778320312,36.0
0.0034837722778320312,48.0
0.0034837722778320312,85.0
0.0034837722778320312,73.0
0.0034837722778320312,85.0
0.0034837722778320312,118.0
0.0034837722778320312,106.0
0.0034837722778320312,70.0
0.0034837722778320312,37.0
0.0034837722778320312,73.0
0.0034837722778320312,97.0
0.0034837722778320312,73.0
0.0034837722778320312,37.0
0.0034837722778320312,61.0
0.0034837722778320312,94.0
0.0034837722778320312,106.0
0.0034837722778320312,69.0
0.0034837722778320312,106.0
0.0034837722778320312,94.0
0.0034837722778320312,106.0
0.0034837722778320312,69.0
0.0034837722778320312,45.0
0.0034837722778320312,12.0
0.0034837722778320312,0.0
0.0034837722778320312,36.0
0.0034837722778320312,73.0
0.0034837722778320312,97.0
0.0034837722778320312,60.0
0.0034837722778320312,72.0
0.0034837722778320312,109.0
0.0034837722778320312,73.0
0.0034837722778320312,109.0
0.0034837722778320312,73.0
0.0034837722778320312,106.0
0.0034837722778320312,82.0
0.0034837722778320312,49.0
0.0034837722778320312,73.0
0.0034837722778320312,49.0
0.0034837722778320312,73.0
0.0034837722778320312,106.0
0.0034837722778320312,69.0
0.0034837722778320312,57.0
0.0034837722778320312,69.0
0.0034837722778320312,106.0
0.0034837722778320312,94.0
0.0034837722778320312,106.0
0.0034837722778320312,73.0
0.0034837722778320312,109.0
0.0034837722778320312,72.0
0.0034837722778320312,109.0
0.0034837722778320312,97.0
0.0034837722778320312,60.0
0.0034837722778320312,72.0
0.0034837722778320312,109.0
0.0034837722778320312,97.0
0.0034837722778320312,109.0
0.0034837722778320312,85.0
0.0034837722778320312,118.0
0.0034837722778320312,82.0
0.0034837722778320312,118.0
0.0034837722778320312,85.0
0.0034837722778320312,49.0
0.0034837722778320312,82.0
0.0034837722778320312,45.0
0.0034837722778320312,81.0
0.0034837722778320312,69.0
0.0034837722778320312,81.0
0.0034837722778320312,48.0
0.0034837722778320312,85.0
0.0034837722778320312,48.0
0.0034837722778320312,81.0
0.0034837722778320312,118.0
0.0034837722778320312,106.0
0.0034837722778320312,130.0
0.0034837722778320312,94.0
0.0034837722778320312,61.0
0.0034837722778320312,73.0
0.0034837722778320312,49.0
0.0034837722778320312,37.0
0.0034837722778320312,0.0
0.0034837722778320312,36.0
0.0034837722778320312,0.0
0.0034837722778320312,36.0
0.0034837722778320312,73.0
0.0034837722778320312,37.0
0.0034837722778320312,61.0
0.0034837722778320312,94.0
0.0034837722778320312,61.0
0.0034837722778320312,24.0
0.0034837722778320312,57.0
0.0034837722778320312,93.0
0.0034837722778320312,69.0
0.0034837722778320312,36.0
0.0034837722778320312,60.0
0.0034837722778320312,36.0
0.0034837722778320312,73.0
0.0034837722778320312,85.0
0.0034837722778320312,73.0
0.0034837722778320312,106.0
0.0034837722778320312,130.0
0.0034837722778320312,93.0
0.0034837722778320312,69.0
0.0034837722778320312,33.0
0.0034837722778320312,45.0
0.0034837722778320312,81.0
0.0034837722778320312,69.0
0.0034837722778320312,81.0
0.0034837722778320312,69.0
0.0034837722778320312,106.0
0.0034837722778320312,130.0
0.0034837722778320312,94.0
0.0034837722778320312,57.0
0.0034837722778320312,33.0
0.0034837722778320312,69.0
0.0034837722778320312,81.0
0.0034837722778320312,118.0
0.0034837722778320312,106.0
0.0034837722778320312,118.0
0.0034837722778320312,82.0
0.0034837722778320312,118.0
0.0034837722778320312,81.0
0.0034837722778320312,118.0
0.0034837722778320312,81.0
0.0034837722778320312,48.0
0.0034837722778320312,81.0
0.0034837722778320312,45.0
0.0034837722778320312,12.0
0.0034837722778320312,36.0
0.0034837722778320312,73.0
0.0034837722778320312,36.0
0.0034837722778320312,73.0
0.0034837722778320312,61.0
0.0034837722778320312,37.0
0.0034837722778320312,0.0
0.0034837722778320312,37.0
0.0034837722778320312,70.0
0.0034837722778320312,94.0
0.0034837722778320312,70.0
0.0034837722778320312,106.0
0.0034837722778320312,69.0
0.0034837722778320312,36.0
0.0034837722778320312,60.0
0.0034837722778320312,93.0
0.0034837722778320312,69.0
0.0034837722778320312,106.0
0.0034837722778320312,118.0
0.0034837722778320312,81.0
0.0034837722778320312,45.0
0.0034837722778320312,82.0
0.0034837722778320312,45.0
0.0034837722778320312,82.0
0.0034837722778320312,70.0
0.0034837722778320312,33.0
0.0034837722778320312,69.0
0.0034837722778320312,33.0
0.0034837722778320312,45.0
0.0034837722778320312,12.0
0.0034837722778320312,48.0
0.0034837722778320312,72.0
0.0034837722778320312,36.0
0.0034837722778320312,12.0
0.0034837722778320312,48.0
0.0034837722778320312,36.0
0.0034837722778320312,73.0
0.0034837722778320312,106.0
0.0034837722778320312,118.0
0.0034837722778320312,85.0
0.004506587982177734,109.0
0.004506587982177734,85.0
0.004506587982177734,109.0
0.004506587982177734,73.0
0.004506587982177734,36.0
0.004506587982177734,73.0
0.004506587982177734,109.0
0.004506587982177734,73.0
0.004506587982177734,36.0
0.004506587982177734,24.0
0.004506587982177734,61.0
0.004506587982177734,24.0
0.004506587982177734,60.0
0.004506587982177734,97.0
0.004506587982177734,73.0
0.004506587982177734,97.0
0.004506587982177734,73.0
0.004506587982177734,85.0
0.004506587982177734,49.0
0.004506587982177734,12.0
0.004506587982177734,45.0
0.004506587982177734,12.0
0.004506587982177734,45.0
0.004506587982177734,69.0
0.004506587982177734,36.0
0.004506587982177734,69.0
0.004506587982177734,36.0
0.004506587982177734,12.0
0.004506587982177734,48.0
0.004506587982177734,81.0
0.004506587982177734,118.0
0.004506587982177734,106.0
0.004506587982177734,130.0
0.004506587982177734,106.0
0.004506587982177734,70.0
0.004506587982177734,106.0
0.004506587982177734,73.0
0.004506587982177734,106.0
0.004506587982177734,130.0
0.004506587982177734,106.0
0.004506587982177734,73.0
0.004506587982177734,97.0
0.004506587982177734,109.0
0.004506587982177734,73.0
0.004506587982177734,61.0
0.004506587982177734,73.0
0.004506587982177734,106.0
0.004506587982177734,69.0
0.004506587982177734,57.0
0.004506587982177734,24.0
0.004506587982177734,36.0
0.004506587982177734,69.0
0.004506587982177734,36.0
0.004506587982177734,24.0
0.004506587982177734,0.0
0.004506587982177734,24.0
0.004506587982177734,57.0
0.004506587982177734,69.0
0.004506587982177734,106.0
0.004506587982177734,73.0
0.004506587982177734,109.0
0.004506587982177734,97.0
0.004506587982177734,61.0
0.004506587982177734,97.0
0.004506587982177734,109.0
0.004506587982177734,97.0
0.004506587982177734,130.0
0.004506587982177734,97.0
0.004506587982177734,60.0
0.004506587982177734,93.0
0.004506587982177734,60.0
0.004506587982177734,36.0
0.004506587982177734,0.0
0.004506587982177734,36.0
0.004506587982177734,73.0
0.004506587982177734,97.0
0.004506587982177734,60.0
0.004506587982177734,72.0
0.004506587982177734,60.0
0.004506587982177734,72.0
0.004506587982177734,48.0
0.004506587982177734,85.0
0.004506587982177734,73.0
0.004506587982177734,85.0
0.004506587982177734,109.0
0.004506587982177734,72.0
0.004506587982177734,109.0
0.004506587982177734,72.0
0.004506587982177734,48.0
0.004506587982177734,36.0
0.004506587982177734,69.0
0.004506587982177734,33.0
0.004506587982177734,69.0
0.004506587982177734,81.0
0.004506587982177734,48.0
0.004506587982177734,12.0
0.004506587982177734,36.0
0.004506587982177734,24.0
0.004506587982177734,60.0
0.004506587982177734,24.0
0.004506587982177734,0.0
0.004506587982177734,33.0
0.004506587982177734,69.0
0.004506587982177734,36.0
0.004506587982177734,48.0
0.004506587982177734,72.0
0.004506587982177734,109.0
0.004506587982177734,97.0
0.004506587982177734,60.0
0.004506587982177734,72.0
0.004506587982177734,60.0
0.004506587982177734,36.0
0.004506587982177734,0.0
0.004506587982177734,12.0
0.004506587982177734,45.0
0.004506587982177734,82.0
0.004506587982177734,106.0
0.004506587982177734,69.0
0.004506587982177734,45.0
0.004506587982177734,82.0
0.004506587982177734,70.0
0.004506587982177734,33.0
0.004506587982177734,69.0
0.004506587982177734,36.0
0.004506587982177734,60.0
0.004506587982177734,93.0
0.004506587982177734,60.0
0.004506587982177734,93.0
0.004506587982177734,57.0
0.004506587982177734,69.0
0.004506587982177734,45.0
0.004506587982177734,12.0
0.004506587982177734,45.0
0.004506587982177734,33.0
0.004506587982177734,69.0
0.004506587982177734,93.0
0.004506587982177734,60.0
0.004506587982177734,36.0
0.004506587982177734,0.0
0.004506587982177734,33.0
0.004506587982177734,57.0
0.004506587982177734,94.0
0.004506587982177734,130.0
0.004506587982177734,106.0
0.004506587982177734,130.0
0.004506587982177734,97.0
0.004506587982177734,130.0
0.004506587982177734,94.0
0.004506587982177734,70.0
0.004506587982177734,37.0
0.004506587982177734,73.0
0.004506587982177734,85.0
0.004506587982177734,118.0
0.004506587982177734,106.0
0.004506587982177734,73.0
0.004506587982177734,37.0
0.004506587982177734,73.0
0.004506587982177734,97.0
0.004506587982177734,130.0
0.004506587982177734,93.0
0.004506587982177734,69.0
0.004506587982177734,106.0
0.004506587982177734,73.0
0.004506587982177734,97.0
0.004506587982177734,109.0
0.004506587982177734,72.0
0.004506587982177734,48.0
0.004506587982177734,72.0
0.004506587982177734,60.0
0.004506587982177734,72.0
0.004506587982177734,109.0
0.004506587982177734,73.0
0.004506587982177734,109.0
0.004506587982177734,72.0
0.004506587982177734,48.0
0.004506587982177734,36.0
0.004506587982177734,69.0
0.004506587982177734,93.0
0.004506587982177734,69.0
0.004506587982177734,33.0
0.004506587982177734,57.0
0.004506587982177734,94.0
0.004506587982177734,106.0
0.004506587982177734,69.0
0.004506587982177734,36.0
0.004506587982177734,73.0
0.004506587982177734,106.0
0.004506587982177734,69.0
0.004506587982177734,57.0
0.004506587982177734,93.0
0.004506587982177734,57.0
0.004506587982177734,94.0
0.004506587982177734,57.0
0.004506587982177734,24.0
0.004506587982177734,57.0
0.004506587982177734,24.0
0.004506587982177734,36.0
0.004506587982177734,72.0
0.004506587982177734,60.0
0.004506587982177734,97.0
0.004506587982177734,130.0
0.004506587982177734,106.0
0.004506587982177734,118.0
0.004506587982177734,85.0
0.004506587982177734,48.0
0.004506587982177734,85.0
0.004506587982177734,118.0
0.004506587982177734,106.0
0.004506587982177734,118.0
0.004506587982177734,85.0
0.004506587982177734,73.0
0.004506587982177734,85.0
0.004506587982177734,48.0
0.004506587982177734,36.0
0.004506587982177734,69.0
0.004506587982177734,93.0
0.004506587982177734,60.0
0.004506587982177734,72.0
0.004506587982177734,48.0
0.004506587982177734,85.0
0.004506587982177734,49.0
0.004506587982177734,85.0
0.004506587982177734,109.0
0.004506587982177734,97.0
0.004506587982177734,60.0
0.004506587982177734,97.0
0.004506587982177734,73.0
0.004506587982177734,106.0
0.004506587982177734,130.0
0.004506587982177734,93.0
0.004506587982177734,130.0
0.004506587982177734,93.0
0.004506587982177734,69.0
0.004506587982177734,81.0
0.004506587982177734,69.0
0.004506587982177734,33.0
0.004506587982177734,57.0
0.004506587982177734,69.0
0.004506587982177734,57.0
0.004506587982177734,69.0
0.004506587982177734,57.0
0.004506587982177734,93.0
0.004506587982177734,57.0
0.004506587982177734,94.0
0.004506587982177734,106.0
0.004506587982177734,73.0
0.004506587982177734,49.0
0.004506587982177734,12.0
0.004506587982177734,49.0
0.004506587982177734,37.0
0.004506587982177734,61.0
0.004506587982177734,73.0
0.004506587982177734,106.0
0.004506587982177734,82.0
0.004506587982177734,49.0
0.004506587982177734,37.0
0.004506587982177734,70.0
0.004506587982177734,37.0
0.004506587982177734,0.0
0.004506587982177734,33.0
0.004506587982177734,69.0
0.004506587982177734,36.0
0.004506587982177734,48.0
0.004506587982177734,72.0
0.004506587982177734,109.0
0.004506587982177734,85.0
0.004506587982177734,49.0
0.004506587982177734,12.0
0.004506587982177734,36.0
0.004506587982177734,73.0
0.004506587982177734,49.0
0.004506587982177734,82.0
0.004506587982177734,106.0
0.004506587982177734,82.0
0.004506587982177734,106.0
0.004506587982177734,94.0
0.004506587982177734,70.0
0.004506587982177734,82.0
0.004506587982177734,118.0
0.004506587982177734,81.0
0.004506587982177734,45.0
0.004506587982177734,69.0
0.004506587982177734,45.0
0.004506587982177734,69.0
0.004506587982177734,57.0
0.004506587982177734,24.0
0.004506587982177734,61.0
0.004506587982177734,97.0
0.004506587982177734,73.0
0.004506587982177734,106.0
0.004506587982177734,73.0
0.004506587982177734,37.0
0.004506587982177734,49.0
0.004506587982177734,73.0
0.004506587982177734,109.0
0.004506587982177734,85.0
0.004506587982177734,73.0
0.004506587982177734,106.0
0.004506587982177734,70.0
0.004506587982177734,82.0
0.004506587982177734,70.0
0.004506587982177734,37.0
0.004506587982177734,73.0
0.004506587982177734,97.0
0.004506587982177734,61.0
0.004506587982177734,24.0
0.004506587982177734,60.0
0.004506587982177734,72.0
0.004506587982177734,109.0
0.004506587982177734,72.0
0.004506587982177734,36.0
0.004506587982177734,12.0
0.004506587982177734,36.0
0.004506587982177734,73.0
0.004506587982177734,36.0
0.004506587982177734,12.0
0.004506587982177734,49.0
0.004506587982177734,37.0
0.004506587982177734,49.0
0.004506587982177734,85.0
0.004506587982177734,48.0
0.004506587982177734,36.0
0.004506587982177734,69.0
0.004506587982177734,81.0
0.004506587982177734,69.0
0.004506587982177734,106.0
0.004506587982177734,70.0
0.004506587982177734,37.0
0.004506587982177734,73.0
0.004506587982177734,97.0
0.004506587982177734,109.0
0.004506587982177734,73.0
0.004506587982177734,109.0
0.004506587982177734,73.0
0.004506587982177734,109.0
0.004506587982177734,72.0
0.004506587982177734,109.0
0.004506587982177734,97.0
0.004506587982177734,73.0
0.004506587982177734,36.0
0.004506587982177734,0.0
0.004506587982177734,12.0
0.004506587982177734,49.0
0.004506587982177734,82.0
0.004506587982177734,106.0
0.004506587982177734,82.0
0.004506587982177734,118.0
0.004506587982177734,81.0
0.004506587982177734,118.0
0.004506587982177734,82.0
0.004506587982177734,70.0
0.004506587982177734,82.0
0.004506587982177734,106.0
0.004506587982177734,69.0
0.004506587982177734,36.0
0.004506587982177734,69.0
0.004506587982177734,106.0
0.004506587982177734,94.0
0.004506587982177734,61.0
0.004506587982177734,94.0
0.004506587982177734,130.0
0.004506587982177734,97.0
0.004506587982177734,109.0
0.004506587982177734,73.0
0.004506587982177734,109.0
0.004506587982177734,73.0
0.004506587982177734,106.0
0.004506587982177734,73.0
0.004506587982177734,61.0
0.004506587982177734,94.0
0.004506587982177734,130.0
0.004506587982177734,97.0
0.004506587982177734,109.0
0.004506587982177734,97.0
0.004506587982177734,60.0
0.004506587982177734,36.0
0.004506587982177734,69.0
0.004506587982177734,81.0
0.004506587982177734,118.0
0.004506587982177734,85.0
0.004506587982177734,48.0
0.004506587982177734,36.0
0.004506587982177734,48.0
0.004506587982177734,36.0
0.004506587982177734,0.0
0.004506587982177734,37.0
0.004506587982177734,61.0
0.004506587982177734,37.0
0.004506587982177734,70.0
0.004506587982177734,94.0
0.004506587982177734,61.0
0.004506587982177734,97.0
0.004506587982177734,130.0
0.004506587982177734,94.0
0.004506587982177734,130.0
0.004506587982177734,94.0
0.004506587982177734,130.0
0.004506587982177734,106.0
0.004506587982177734,73.0
0.004506587982177734,85.0
0.004506587982177734,49.0
0.004506587982177734,37.0
0.004506587982177734,0.0
0.004506587982177734,12.0
0.004506587982177734,48.0
0.004506587982177734,85.0
0.004506587982177734,118.0
0.004506587982177734,85.0
0.004506587982177734,109.0
0.004506587982177734,85.0
0.004506587982177734,73.0
0.004506587982177734,36.0
0.004506587982177734,60.0
0.004506587982177734,93.0
0.004506587982177734,69.0
0.004506587982177734,33.0
0.004506587982177734,0.0
0.004506587982177734,12.0
0.004506587982177734,0.0
0.004506587982177734,33.0
0.004506587982177734,69.0
0.004506587982177734,106.0
0.004506587982177734,70.0
0.004506587982177734,106.0
0.004506587982177734,73.0
0.004506587982177734,36.0
0.004506587982177734,60.0
0.004506587982177734,36.0
0.004506587982177734,48.0
0.004506587982177734,81.0
0.004506587982177734,118.0
0.004506587982177734,82.0
0.004506587982177734,106.0
0.004506587982177734,82.0
0.004506587982177734,118.0
0.004506587982177734,82.0
0.004506587982177734,45.0
0.004506587982177734,33.0
0.004506587982177734,57.0
0.004506587982177734,94.0
0.004506587982177734,130.0
0.004506587982177734,97.0
0.004506587982177734,60.0
0.004506587982177734,97.0
0.004506587982177734,130.0
0.004506587982177734,93.0
0.004506587982177734,60.0
0.004506587982177734,36.0
0.004506587982177734,73.0
0.004506587982177734,37.0
0.004506587982177734,73.0
0.004506587982177734,97.0
0.004506587982177734,60.0
0.004506587982177734,97.0
0.004506587982177734,130.0
0.004506587982177734,106.0
0.004506587982177734,130.0
0.004506587982177734,97.0
0.004506587982177734,61.0
0.004506587982177734,73.0
0.004506587982177734,106.0
0.004506587982177734,69.0
0.004506587982177734,106.0
0.004506587982177734,69.0
0.004506587982177734,36.0
0.004506587982177734,69.0
0.004506587982177734,57.0
0.004506587982177734,94.0
0.004506587982177734,130.0
0.004506587982177734,97.0
0.004506587982177734,109.0
0.004506587982177734,85.0
0.004506587982177734,48.0
0.004506587982177734,85.0
0.004506587982177734,48.0
0.004506587982177734,85.0
0.004506587982177734,109.0
0.004506587982177734,85.0
0.004506587982177734,73.0
0.004506587982177734,106.0
0.004506587982177734,73.0
0.004506587982177734,106.0
0.004506587982177734,69.0
0.004506587982177734,106.0
0.004506587982177734,130.0
0.004506587982177734,93.0
0.004506587982177734,57.0
0.004506587982177734,94.0
0.004506587982177734,106.0
0.004506587982177734,73.0
0.004506587982177734,49.0
0.004506587982177734,12.0
0.004506587982177734,0.0
0.004506587982177734,12.0
0.004506587982177734,48.0
0.004506587982177734,36.0
0.004506587982177734,0.0
0.004506587982177734,33.0
0.004506587982177734,69.0
0.004506587982177734,93.0
0.004506587982177734,60.0
0.004506587982177734,72.0
0.004506587982177734,60.0
0.004506587982177734,36.0
0.004506587982177734,60.0
0.004506587982177734,97.0
0.004506587982177734,109.0
0.004506587982177734,85.0
0.004506587982177734,118.0
0.004506587982177734,81.0
0.004506587982177734,69.0
0.004506587982177734,106.0
0.004506587982177734,69.0
0.004506587982177734,106.0
0.004506587982177734,118.0
0.004506587982177734,81.0
0.004506587982177734,69.0
0.004506587982177734,33.0
0.004506587982177734,69.0
0.004506587982177734,81.0
0.004506587982177734,118.0
0.004506587982177734,85.0
0.004506587982177734,118.0
0.004506587982177734,81.0
0.004506587982177734,48.0
0.004506587982177734,81.0
0.004506587982177734,118.0
0.004506587982177734,82.0
0.004506587982177734,70.0
0.004506587982177734,106.0
0.004506587982177734,130.0
0.004506587982177734,94.0
0.004506587982177734,70.0
0.004506587982177734,82.0
0.004506587982177734,106.0
0.004506587982177734,73.0
0.004506587982177734,49.0
0.004506587982177734,85.0
0.004506587982177734,109.0
0.004506587982177734,73.0
0.004506587982177734,109.0
0.004506587982177734,97.0
0.004506587982177734,109.0
0.004506587982177734,73.0
0.004506587982177734,36.0
0.004506587982177734,72.0
0.004506587982177734,60.0
0.004506587982177734,97.0
0.004506587982177734,73.0
0.004506587982177734,106.0
0.004506587982177734,118.0
0.004506587982177734,106.0
0.004506587982177734,130.0
0.004506587982177734,106.0
0.004506587982177734,130.0
0.004506587982177734,106.0
0.004506587982177734,130.0
0.004506587982177734,97.0
0.004506587982177734,61.0
0.004506587982177734,37.0
0.004506587982177734,49.0
0.004506587982177734,37.0
0.004506587982177734,70.0
0.004506587982177734,94.0
0.004506587982177734,130.0
0.004506587982177734,94.0
0.004506587982177734,106.0
0.004506587982177734,73.0
0.004506587982177734,106.0
0.004506587982177734,82.0
0.004506587982177734,106.0
0.004506587982177734,82.0
0.004506587982177734,45.0
0.004506587982177734,69.0
0.004506587982177734,36.0
0.004506587982177734,73.0
0.004506587982177734,61.0
0.004506587982177734,94.0
0.004506587982177734,130.0
0.004506587982177734,93.0
0.004506587982177734,130.0
0.004506587982177734,93.0
0.004506587982177734,57.0
0.004506587982177734,94.0
0.004506587982177734,57.0
0.004506587982177734,33.0
0.004506587982177734,69.0
0.004506587982177734,93.0
0.004506587982177734,69.0
0.004506587982177734,81.0
0.004506587982177734,45.0
0.004506587982177734,81.0
0.004506587982177734,118.0
0.004506587982177734,82.0
0.004506587982177734,106.0
0.004506587982177734,82.0
0.004506587982177734,118.0
0.004506587982177734,85.0
0.004506587982177734,109.0
0.004506587982177734,85.0
0.004506587982177734,73.0
0.004506587982177734,37.0
0.004506587982177734,61.0
0.004506587982177734,37.0
0.004506587982177734,49.0
0.004506587982177734,82.0
0.004506587982177734,118.0
0.004506587982177734,82.0
0.004506587982177734,45.0
0.004506587982177734,82.0
0.004506587982177734,118.0
0.004506587982177734,85.0
0.004506587982177734,109.0
0.004506587982177734,72.0
0.004506587982177734,48.0
0.004506587982177734,36.0
0.004506587982177734,69.0
0.004506587982177734,81.0
0.004506587982177734,48.0
0.004506587982177734,85.0
0.004506587982177734,109.0
0.004506587982177734,97.0
0.004506587982177734,130.0
0.004506587982177734,97.0
0.004506587982177734,109.0
0.004506587982177734,97.0
0.004506587982177734,109.0
0.004506587982177734,85.0
0.004506587982177734,109.0
0.004506587982177734,97.0
0.004506587982177734,73.0
0.004506587982177734,106.0
0.004506587982177734,70.0
0.004506587982177734,37.0
0.004506587982177734,61.0
0.004506587982177734,94.0
0.004506587982177734,70.0
0.004506587982177734,37.0
0.004506587982177734,49.0
0.004506587982177734,73.0
0.004506587982177734,61.0
0.004506587982177734,73.0
0.004506587982177734,106.0
0.004506587982177734,82.0
0.004506587982177734,106.0
0.004506587982177734,73.0
0.004506587982177734,109.0
0.004506587982177734,97.0
0.004506587982177734,130.0
0.004506587982177734,93.0
0.004506587982177734,69.0
0.004506587982177734,33.0
0.004506587982177734,70.0
0.004506587982177734,37.0
0.004506587982177734,49.0
0.004506587982177734,82.0
0.004506587982177734,106.0
0.004506587982177734,69.0
0.004506587982177734,57.0
0.004506587982177734,33.0
0.004506587982177734,45.0
0.004506587982177734,33.0
0.004506587982177734,57.0
0.004506587982177734,69.0
0.004506587982177734,106.0
0.004506587982177734,94.0
0.004506587982177734,130.0
0.005530834197998047,97.0
0.005530834197998047,130.0
0.005530834197998047,97.0
0.005530834197998047,109.0
0.005530834197998047,97.0
0.005530834197998047,109.0
0.005530834197998047,97.0
0.005530834197998047,130.0
0.005530834197998047,94.0
0.005530834197998047,57.0
0.005530834197998047,33.0
0.005530834197998047,45.0
0.005530834197998047,82.0
0.005530834197998047,45.0
0.005530834197998047,81.0
0.005530834197998047,45.0
0.005530834197998047,82.0
0.005530834197998047,49.0
0.005530834197998047,85.0
0.005530834197998047,109.0
0.005530834197998047,97.0
0.005530834197998047,109.0
0.005530834197998047,72.0
0.005530834197998047,109.0
0.005530834197998047,97.0
0.005530834197998047,60.0
0.005530834197998047,36.0
0.005530834197998047,69.0
0.005530834197998047,36.0
0.005530834197998047,60.0
0.005530834197998047,72.0
0.005530834197998047,48.0
0.005530834197998047,36.0
0.005530834197998047,0.0
0.005530834197998047,36.0
0.005530834197998047,0.0
0.005530834197998047,12.0
0.005530834197998047,36.0
0.005530834197998047,12.0
0.005530834197998047,45.0
0.005530834197998047,12.0
0.005530834197998047,36.0
0.005530834197998047,69.0
0.005530834197998047,36.0
0.005530834197998047,69.0
0.005530834197998047,45.0
0.005530834197998047,69.0
0.005530834197998047,36.0
0.005530834197998047,73.0
0.005530834197998047,61.0
0.005530834197998047,37.0
0.005530834197998047,70.0
0.005530834197998047,94.0
0.005530834197998047,106.0
0.005530834197998047,73.0
0.005530834197998047,36.0
0.005530834197998047,72.0
0.005530834197998047,48.0
0.005530834197998047,81.0
0.005530834197998047,118.0
0.005530834197998047,81.0
0.005530834197998047,118.0
0.005530834197998047,106.0
0.005530834197998047,69.0
0.005530834197998047,36.0
0.005530834197998047,73.0
0.005530834197998047,97.0
0.005530834197998047,61.0
0.005530834197998047,37.0
0.005530834197998047,49.0
0.005530834197998047,73.0
0.005530834197998047,49.0
0.005530834197998047,82.0
0.005530834197998047,70.0
0.005530834197998047,33.0
0.005530834197998047,45.0
0.005530834197998047,81.0
0.005530834197998047,45.0
0.005530834197998047,82.0
0.005530834197998047,118.0
0.005530834197998047,82.0
0.005530834197998047,118.0
0.005530834197998047,85.0
0.005530834197998047,49.0
0.005530834197998047,82.0
0.005530834197998047,118.0
0.005530834197998047,106.0
0.005530834197998047,130.0
0.005530834197998047,97.0
0.005530834197998047,130.0
0.005530834197998047,93.0
0.005530834197998047,130.0
0.005530834197998047,97.0
0.005530834197998047,130.0
0.005530834197998047,94.0
0.005530834197998047,61.0
0.005530834197998047,37.0
0.005530834197998047,73.0
0.005530834197998047,97.0
0.005530834197998047,60.0
0.005530834197998047,93.0
0.005530834197998047,130.0
0.005530834197998047,97.0
0.005530834197998047,61.0
0.005530834197998047,94.0
0.005530834197998047,106.0
0.005530834197998047,82.0
0.005530834197998047,106.0
0.005530834197998047,82.0
0.005530834197998047,106.0
0.005530834197998047,82.0
0.005530834197998047,49.0
0.005530834197998047,73.0
0.005530834197998047,109.0
0.005530834197998047,97.0
0.005530834197998047,109.0
0.005530834197998047,72.0
0.005530834197998047,36.0
0.005530834197998047,69.0
0.005530834197998047,106.0
0.005530834197998047,69.0
0.005530834197998047,57.0
0.005530834197998047,94.0
0.005530834197998047,130.0
0.005530834197998047,106.0
0.005530834197998047,130.0
0.005530834197998047,94.0
0.005530834197998047,70.0
0.005530834197998047,106.0
0.005530834197998047,118.0
0.005530834197998047,82.0
0.005530834197998047,70.0
0.005530834197998047,106.0
0.005530834197998047,73.0
0.005530834197998047,106.0
0.005530834197998047,118.0
0.005530834197998047,106.0
0.005530834197998047,130.0
0.005530834197998047,97.0
0.005530834197998047,61.0
0.005530834197998047,37.0
0.005530834197998047,73.0
0.005530834197998047,85.0
0.005530834197998047,118.0
0.005530834197998047,82.0
0.005530834197998047,106.0
0.005530834197998047,94.0
0.005530834197998047,106.0
0.005530834197998047,73.0
0.005530834197998047,36.0
0.005530834197998047,73.0
0.005530834197998047,109.0
0.005530834197998047,73.0
0.005530834197998047,36.0
0.005530834197998047,73.0
0.005530834197998047,61.0
0.005530834197998047,97.0
0.005530834197998047,109.0
0.005530834197998047,72.0
0.005530834197998047,109.0
0.005530834197998047,85.0
0.005530834197998047,48.0
0.005530834197998047,85.0
0.005530834197998047,73.0
0.005530834197998047,106.0
0.005530834197998047,130.0
0.005530834197998047,97.0
0.005530834197998047,130.0
0.005530834197998047,97.0
0.005530834197998047,109.0
0.005530834197998047,85.0
0.005530834197998047,109.0
0.005530834197998047,97.0
0.005530834197998047,130.0
0.005530834197998047,93.0
0.005530834197998047,130.0
0.005530834197998047,106.0
0.005530834197998047,130.0
0.005530834197998047,106.0
0.005530834197998047,118.0
0.005530834197998047,85.0
0.005530834197998047,73.0
0.005530834197998047,106.0
0.005530834197998047,130.0
0.005530834197998047,97.0
0.005530834197998047,60.0
0.005530834197998047,72.0
0.005530834197998047,48.0
0.005530834197998047,85.0
0.005530834197998047,49.0
0.005530834197998047,85.0
0.005530834197998047,109.0
0.005530834197998047,97.0
0.005530834197998047,130.0
0.005530834197998047,93.0
0.005530834197998047,60.0
0.005530834197998047,24.0
0.005530834197998047,36.0
0.005530834197998047,12.0
0.005530834197998047,48.0
0.005530834197998047,85.0
0.005530834197998047,109.0
0.005530834197998047,97.0
0.005530834197998047,61.0
0.005530834197998047,94.0
0.005530834197998047,70.0
0.005530834197998047,37.0
0.005530834197998047,70.0
0.005530834197998047,82.0
0.005530834197998047,45.0
0.005530834197998047,81.0
0.005530834197998047,48.0
0.005530834197998047,85.0
0.005530834197998047,118.0
0.005530834197998047,82.0
0.005530834197998047,118.0
0.005530834197998047,106.0
0.005530834197998047,69.0
0.005530834197998047,81.0
0.005530834197998047,118.0
0.005530834197998047,106.0
0.005530834197998047,118.0
0.005530834197998047,82.0
0.005530834197998047,45.0
0.005530834197998047,81.0
0.005530834197998047,69.0
0.005530834197998047,81.0
0.005530834197998047,118.0
0.005530834197998047,106.0
0.005530834197998047,130.0
0.005530834197998047,106.0
0.005530834197998047,130.0
0.005530834197998047,93.0
0.005530834197998047,60.0
0.005530834197998047,93.0
0.005530834197998047,130.0
0.005530834197998047,97.0
0.005530834197998047,109.0
0.005530834197998047,85.0
0.005530834197998047,109.0
0.005530834197998047,72.0
0.005530834197998047,60.0
0.005530834197998047,36.0
0.005530834197998047,69.0
0.005530834197998047,93.0
0.005530834197998047,130.0
0.005530834197998047,93.0
0.005530834197998047,69.0
0.005530834197998047,33.0
0.005530834197998047,57.0
0.005530834197998047,94.0
0.005530834197998047,106.0
0.005530834197998047,69.0
0.005530834197998047,57.0
0.005530834197998047,94.0
0.005530834197998047,130.0
0.005530834197998047,97.0
0.005530834197998047,73.0
0.005530834197998047,106.0
0.005530834197998047,130.0
0.005530834197998047,94.0
0.005530834197998047,70.0
0.005530834197998047,106.0
0.005530834197998047,118.0
0.005530834197998047,106.0
0.005530834197998047,69.0
0.005530834197998047,93.0
0.005530834197998047,130.0
0.005530834197998047,97.0
0.005530834197998047,109.0
0.005530834197998047,97.0
0.005530834197998047,60.0
0.005530834197998047,93.0
0.005530834197998047,57.0
0.005530834197998047,69.0
0.005530834197998047,57.0
0.005530834197998047,93.0
0.005530834197998047,130.0
0.005530834197998047,97.0
0.005530834197998047,73.0
0.005530834197998047,97.0
0.005530834197998047,61.0
0.005530834197998047,94.0
0.005530834197998047,61.0
0.005530834197998047,73.0
0.005530834197998047,106.0
0.005530834197998047,69.0
0.005530834197998047,36.0
0.005530834197998047,72.0
0.005530834197998047,36.0
0.005530834197998047,69.0
0.005530834197998047,57.0
0.005530834197998047,93.0
0.005530834197998047,130.0
0.005530834197998047,106.0
0.005530834197998047,118.0
0.005530834197998047,106.0
0.005530834197998047,130.0
0.005530834197998047,97.0
0.005530834197998047,60.0
0.005530834197998047,72.0
0.005530834197998047,36.0
0.005530834197998047,69.0
0.005530834197998047,106.0
0.005530834197998047,82.0
0.005530834197998047,49.0
0.005530834197998047,82.0
0.005530834197998047,106.0
0.005530834197998047,73.0
0.005530834197998047,106.0
0.005530834197998047,73.0
0.005530834197998047,106.0
0.005530834197998047,94.0
0.005530834197998047,130.0
0.005530834197998047,94.0
0.005530834197998047,130.0
0.005530834197998047,93.0
0.005530834197998047,60.0
0.005530834197998047,93.0
0.005530834197998047,57.0
0.005530834197998047,93.0
0.005530834197998047,60.0
0.005530834197998047,72.0
0.005530834197998047,48.0
0.005530834197998047,81.0
0.005530834197998047,69.0
0.005530834197998047,33.0
0.005530834197998047,45.0
0.005530834197998047,82.0
0.005530834197998047,118.0
0.005530834197998047,106.0
0.005530834197998047,69.0
0.005530834197998047,93.0
0.005530834197998047,57.0
0.005530834197998047,33.0
0.005530834197998047,45.0
0.005530834197998047,81.0
0.005530834197998047,45.0
0.005530834197998047,12.0
0.005530834197998047,49.0
0.005530834197998047,82.0
0.005530834197998047,70.0
0.005530834197998047,106.0
0.005530834197998047,118.0
0.005530834197998047,106.0
0.005530834197998047,118.0
0.005530834197998047,106.0
0.005530834197998047,130.0
0.005530834197998047,94.0
0.005530834197998047,57.0
0.005530834197998047,93.0
0.005530834197998047,60.0
0.005530834197998047,24.0
0.005530834197998047,61.0
0.005530834197998047,94.0
0.005530834197998047,130.0
0.005530834197998047,93.0
0.005530834197998047,69.0
0.005530834197998047,81.0
0.005530834197998047,48.0
0.005530834197998047,72.0
0.005530834197998047,48.0
0.005530834197998047,12.0
0.005530834197998047,45.0
0.005530834197998047,81.0
0.005530834197998047,118.0
0.005530834197998047,82.0
0.005530834197998047,45.0
0.005530834197998047,81.0
0.005530834197998047,118.0
0.005530834197998047,106.0
0.005530834197998047,118.0
0.005530834197998047,106.0
0.005530834197998047,130.0
0.005530834197998047,93.0
0.005530834197998047,130.0
0.005530834197998047,106.0
0.005530834197998047,73.0
0.005530834197998047,97.0
0.005530834197998047,109.0
0.005530834197998047,97.0
0.005530834197998047,109.0
0.005530834197998047,97.0
0.005530834197998047,130.0
0.005530834197998047,106.0
0.005530834197998047,130.0
0.005530834197998047,94.0
0.005530834197998047,106.0
0.005530834197998047,82.0
0.005530834197998047,106.0
0.005530834197998047,82.0
0.005530834197998047,106.0
0.005530834197998047,82.0
0.005530834197998047,106.0
0.005530834197998047,94.0
0.005530834197998047,130.0
0.005530834197998047,97.0
0.005530834197998047,130.0
0.005530834197998047,106.0
0.005530834197998047,69.0
0.005530834197998047,81.0
0.005530834197998047,48.0
0.005530834197998047,72.0
0.005530834197998047,36.0
0.005530834197998047,73.0
0.005530834197998047,109.0
0.005530834197998047,97.0
0.005530834197998047,130.0
0.005530834197998047,93.0
0.005530834197998047,130.0
0.005530834197998047,94.0
0.005530834197998047,130.0
0.005530834197998047,97.0
0.005530834197998047,109.0
0.005530834197998047,72.0
0.005530834197998047,109.0
0.005530834197998047,97.0
0.005530834197998047,130.0
0.005530834197998047,97.0
0.005530834197998047,130.0
0.005530834197998047,94.0
0.005530834197998047,57.0
0.005530834197998047,93.0
0.005530834197998047,60.0
0.005530834197998047,72.0
0.005530834197998047,36.0
0.005530834197998047,12.0
0.005530834197998047,36.0
0.005530834197998047,24.0
0.005530834197998047,36.0
0.005530834197998047,12.0
0.005530834197998047,48.0
0.005530834197998047,72.0
0.005530834197998047,48.0
0.005530834197998047,85.0
0.005530834197998047,73.0
0.005530834197998047,85.0
0.005530834197998047,118.0
0.005530834197998047,106.0
0.005530834197998047,118.0
0.005530834197998047,82.0
0.005530834197998047,106.0
0.005530834197998047,82.0
0.005530834197998047,106.0
0.005530834197998047,94.0
0.005530834197998047,106.0
0.005530834197998047,69.0
0.005530834197998047,57.0
0.005530834197998047,93.0
0.005530834197998047,130.0
0.005530834197998047,97.0
0.005530834197998047,60.0
0.005530834197998047,24.0
0.005530834197998047,36.0
0.005530834197998047,72.0
0.005530834197998047,48.0
0.005530834197998047,85.0
0.005530834197998047,118.0
0.005530834197998047,85.0
0.005530834197998047,73.0
0.005530834197998047,36.0
0.005530834197998047,48.0
0.005530834197998047,12.0
0.005530834197998047,49.0
0.005530834197998047,12.0
0.005530834197998047,49.0
0.005530834197998047,73.0
0.005530834197998047,61.0
0.005530834197998047,37.0
0.005530834197998047,73.0
0.005530834197998047,106.0
0.005530834197998047,73.0
0.005530834197998047,106.0
0.005530834197998047,130.0
0.005530834197998047,94.0
0.005530834197998047,106.0
0.005530834197998047,94.0
0.005530834197998047,61.0
0.005530834197998047,97.0
0.005530834197998047,130.0
0.005530834197998047,106.0
0.005530834197998047,130.0
0.005530834197998047,93.0
0.005530834197998047,60.0
0.005530834197998047,72.0
0.005530834197998047,109.0
0.005530834197998047,97.0
0.005530834197998047,130.0
0.005530834197998047,106.0
0.005530834197998047,130.0
0.005530834197998047,94.0
0.005530834197998047,106.0
0.005530834197998047,94.0
0.005530834197998047,106.0
0.005530834197998047,73.0
0.005530834197998047,109.0
0.005530834197998047,73.0
0.005530834197998047,61.0
0.005530834197998047,94.0
0.005530834197998047,130.0
0.005530834197998047,93.0
0.005530834197998047,60.0
0.005530834197998047,72.0
0.005530834197998047,109.0
0.005530834197998047,72.0
0.005530834197998047,48.0
0.005530834197998047,85.0
0.005530834197998047,118.0
0.005530834197998047,106.0
0.005530834197998047,130.0
0.005530834197998047,94.0
0.005530834197998047,61.0
0.005530834197998047,97.0
0.005530834197998047,109.0
0.005530834197998047,97.0
0.005530834197998047,61.0
0.005530834197998047,73.0
0.005530834197998047,109.0
0.005530834197998047,97.0
0.005530834197998047,130.0
0.005530834197998047,94.0
0.005530834197998047,130.0
0.005530834197998047,106.0
0.005530834197998047,130.0
0.005530834197998047,97.0
0.005530834197998047,60.0
0.005530834197998047,24.0
0.005530834197998047,61.0
0.005530834197998047,97.0
0.005530834197998047,130.0
0.0065555572509765625,94.0
0.0065555572509765625,106.0
0.0065555572509765625,73.0
0.0065555572509765625,109.0
0.0065555572509765625,97.0
0.0065555572509765625,73.0
0.0065555572509765625,106.0
0.0065555572509765625,118.0
0.0065555572509765625,106.0
0.0065555572509765625,130.0
0.0065555572509765625,106.0
0.0065555572509765625,69.0
0.0065555572509765625,106.0
0.0065555572509765625,73.0
0.0065555572509765625,97.0
0.0065555572509765625,130.0
0.0065555572509765625,106.0
0.0065555572509765625,118.0
0.0065555572509765625,81.0
0.0065555572509765625,118.0
0.0065555572509765625,85.0
0.0065555572509765625,48.0
0.0065555572509765625,81.0
0.0065555572509765625,118.0
0.0065555572509765625,106.0
0.0065555572509765625,69.0
0.0065555572509765625,81.0
0.0065555572509765625,48.0
0.0065555572509765625,81.0
0.0065555572509765625,69.0
0.0065555572509765625,106.0
0.0065555572509765625,118.0
0.0065555572509765625,82.0
0.0065555572509765625,118.0
0.0065555572509765625,85.0
0.0065555572509765625,49.0
0.0065555572509765625,73.0
0.0065555572509765625,61.0
0.0065555572509765625,94.0
0.0065555572509765625,106.0
0.0065555572509765625,94.0
0.0065555572509765625,106.0
0.0065555572509765625,69.0
0.0065555572509765625,106.0
0.0065555572509765625,69.0
0.0065555572509765625,106.0
0.0065555572509765625,69.0
0.0065555572509765625,106.0
0.0065555572509765625,94.0
0.0065555572509765625,106.0
0.0065555572509765625,73.0
0.0065555572509765625,49.0
0.0065555572509765625,12.0
0.0065555572509765625,48.0
0.0065555572509765625,36.0
0.0065555572509765625,60.0
0.0065555572509765625,97.0
0.0065555572509765625,109.0
0.0065555572509765625,85.0
0.0065555572509765625,118.0
0.0065555572509765625,82.0
0.0065555572509765625,106.0
0.0065555572509765625,73.0
0.0065555572509765625,36.0
0.0065555572509765625,69.0
0.0065555572509765625,45.0
0.0065555572509765625,82.0
0.0065555572509765625,106.0
0.0065555572509765625,94.0
0.0065555572509765625,57.0
0.0065555572509765625,69.0
0.0065555572509765625,106.0
0.0065555572509765625,94.0
0.0065555572509765625,70.0
0.0065555572509765625,106.0
0.0065555572509765625,130.0
0.0065555572509765625,97.0
0.0065555572509765625,130.0
0.0065555572509765625,94.0
0.0065555572509765625,70.0
0.0065555572509765625,82.0
0.0065555572509765625,118.0
0.0065555572509765625,106.0
0.0065555572509765625,130.0
0.0065555572509765625,93.0
0.0065555572509765625,130.0
0.0065555572509765625,93.0
0.0065555572509765625,130.0
0.0065555572509765625,93.0
0.0065555572509765625,60.0
0.0065555572509765625,93.0
0.0065555572509765625,130.0
0.0065555572509765625,93.0
0.0065555572509765625,130.0
0.0065555572509765625,94.0
0.0065555572509765625,57.0
0.0065555572509765625,69.0
0.0065555572509765625,45.0
0.0065555572509765625,81.0
0.0065555572509765625,69.0
0.0065555572509765625,81.0
0.0065555572509765625,69.0
0.0065555572509765625,81.0
0.0065555572509765625,69.0
0.0065555572509765625,33.0
0.0065555572509765625,70.0
0.0065555572509765625,106.0
0.0065555572509765625,130.0
0.0065555572509765625,97.0
0.0065555572509765625,130.0
0.0065555572509765625,106.0
0.0065555572509765625,118.0
0.0065555572509765625,106.0
0.0065555572509765625,130.0
0.0065555572509765625,106.0
0.0065555572509765625,130.0
0.0065555572509765625,106.0
0.0065555572509765625,118.0
0.0065555572509765625,81.0
0.0065555572509765625,69.0
0.0065555572509765625,81.0
0.0065555572509765625,118.0
0.0065555572509765625,85.0
0.0065555572509765625,109.0
0.0065555572509765625,97.0
0.0065555572509765625,109.0
0.0065555572509765625,97.0
0.0065555572509765625,109.0
0.0065555572509765625,97.0
0.0065555572509765625,130.0
0.0065555572509765625,94.0
0.0065555572509765625,106.0
0.0065555572509765625,82.0
0.0065555572509765625,106.0
0.0065555572509765625,73.0
0.0065555572509765625,106.0
0.0065555572509765625,94.0
0.0065555572509765625,106.0
0.0065555572509765625,94.0
0.0065555572509765625,106.0
0.0065555572509765625,94.0
0.0065555572509765625,61.0
0.0065555572509765625,97.0
0.0065555572509765625,130.0
0.0065555572509765625,97.0
0.0065555572509765625,130.0
0.0065555572509765625,106.0
0.0065555572509765625,130.0
0.0065555572509765625,94.0
0.0065555572509765625,106.0
0.0065555572509765625,94.0
0.0065555572509765625,70.0
0.0065555572509765625,106.0
0.0065555572509765625,130.0
0.0065555572509765625,106.0
0.0065555572509765625,118.0
0.0065555572509765625,85.0
0.0065555572509765625,73.0
0.0065555572509765625,85.0
0.0065555572509765625,109.0
0.0065555572509765625,97.0
0.0065555572509765625,109.0
0.0065555572509765625,85.0
0.0065555572509765625,118.0
0.0065555572509765625,82.0
0.0065555572509765625,118.0
0.0065555572509765625,81.0
0.0065555572509765625,48.0
0.0065555572509765625,81.0
0.0065555572509765625,118.0
0.0065555572509765625,85.0
0.0065555572509765625,109.0
0.0065555572509765625,97.0
0.0065555572509765625,109.0
0.0065555572509765625,85.0
0.0065555572509765625,109.0
0.0065555572509765625,97.0
0.0065555572509765625,130.0
0.0065555572509765625,97.0
0.0065555572509765625,109.0
0.0065555572509765625,97.0
0.0065555572509765625,61.0
0.0065555572509765625,73.0
0.0065555572509765625,49.0
0.0065555572509765625,85.0
0.0065555572509765625,48.0
0.0065555572509765625,85.0
0.0065555572509765625,109.0
0.0065555572509765625,73.0
0.0065555572509765625,106.0
0.0065555572509765625,94.0
0.0065555572509765625,106.0
0.0065555572509765625,94.0
0.0065555572509765625,106.0
0.0065555572509765625,94.0
0.0065555572509765625,130.0
0.0065555572509765625,93.0
0.0065555572509765625,130.0
0.0065555572509765625,106.0
0.0065555572509765625,130.0
0.0065555572509765625,97.0
0.0065555572509765625,130.0
0.0065555572509765625,93.0
0.0065555572509765625,57.0
0.0065555572509765625,94.0
0.0065555572509765625,106.0
0.0065555572509765625,94.0
0.0065555572509765625,106.0
0.0065555572509765625,94.0
0.0065555572509765625,106.0
0.0065555572509765625,94.0
0.0065555572509765625,130.0
0.0065555572509765625,94.0
0.0065555572509765625,130.0
0.0065555572509765625,106.0
0.0065555572509765625,118.0
0.0065555572509765625,85.0
0.0065555572509765625,48.0
0.0065555572509765625,81.0
0.0065555572509765625,118.0
0.0065555572509765625,106.0
0.0065555572509765625,118.0
0.0065555572509765625,85.0
0.0065555572509765625,73.0
0.0065555572509765625,85.0
0.0065555572509765625,118.0
0.0065555572509765625,81.0
0.0065555572509765625,118.0
0.0065555572509765625,106.0
0.0065555572509765625,118.0
0.0065555572509765625,106.0
0.0065555572509765625,118.0
0.0065555572509765625,106.0
0.0065555572509765625,130.0
0.0065555572509765625,106.0
0.0065555572509765625,130.0
0.0065555572509765625,97.0
0.0065555572509765625,130.0
0.0065555572509765625,106.0
0.0065555572509765625,69.0
0.0065555572509765625,106.0
0.0065555572509765625,118.0
0.0065555572509765625,106.0
0.0065555572509765625,118.0
0.0065555572509765625,106.0
0.0065555572509765625,130.0
0.0065555572509765625,106.0
0.0065555572509765625,130.0
0.0065555572509765625,106.0
0.0065555572509765625,130.0
0.0065555572509765625,94.0
0.0065555572509765625,130.0
0.0065555572509765625,106.0
0.0065555572509765625,118.0
0.0065555572509765625,81.0
0.0065555572509765625,118.0
0.0065555572509765625,106.0
0.0065555572509765625,118.0
0.0065555572509765625,106.0
0.0065555572509765625,130.0
0.0065555572509765625,106.0
0.007607221603393555,130.0
0.007607221603393555,97.0
0.007607221603393555,109.0
0.007607221603393555,72.0
0.007607221603393555,109.0
0.007607221603393555,97.0
0.007607221603393555,130.0
0.007607221603393555,106.0
0.007607221603393555,118.0
0.007607221603393555,106.0
0.007607221603393555,69.0
0.007607221603393555,93.0
0.007607221603393555,130.0
0.007607221603393555,97.0
0.007607221603393555,130.0
0.007607221603393555,97.0
0.007607221603393555,130.0
0.007607221603393555,97.0
0.007607221603393555,109.0
0.007607221603393555,97.0
0.007607221603393555,109.0
0.007607221603393555,97.0
0.007607221603393555,130.0
0.007607221603393555,97.0
0.007607221603393555,130.0
0.007607221603393555,106.0
0.007607221603393555,130.0
0.007607221603393555,97.0
0.007607221603393555,130.0
0.007607221603393555,106.0
0.007607221603393555,118.0
0.007607221603393555,106.0
0.007607221603393555,130.0
0.007607221603393555,106.0
0.007607221603393555,118.0
0.007607221603393555,106.0
0.007607221603393555,118.0
0.007607221603393555,82.0
0.007607221603393555,106.0
0.007607221603393555,94.0
0.007607221603393555,106.0
0.007607221603393555,94.0
0.007607221603393555,106.0
0.007607221603393555,94.0
0.007607221603393555,130.0
0.007607221603393555,106.0
0.007607221603393555,130.0
0.007607221603393555,106.0
0.007607221603393555,130.0
0.007607221603393555,106.0
0.007607221603393555,130.0
