0.0,950.0
0.0,967.0
0.0,927.0
0.0,836.0
0.0,764.0
0.0,804.0
0.0,749.0
0.0,821.0
0.0,813.0
0.0,738.0
0.0,813.0
0.0,868.0
0.0,813.0
0.0,736.0
0.0,664.0
0.0,719.0
0.0,629.0
0.0,551.0
0.0,496.0
0.0,467.0
0.0,392.0
0.0,352.0
0.0,277.0
0.0,367.0
0.0,439.0
0.0,393.0
0.0,321.0
0.0,258.0
0.0,197.0
0.0,260.0
0.0,185.0
0.0,193.0
0.0,228.0
0.0,306.0
0.0,383.0
0.0,423.0
0.0,388.0
0.0,371.0
0.0,331.0
0.0,366.0
0.0,410.0
0.0,395.0
0.0,470.0
0.0,380.0
0.0,470.0
0.0,485.0
0.0,540.0
0.0,477.0
0.0,506.0
0.0,462.0
0.0,447.0
0.0,491.0
0.0,566.0
0.0,491.0
0.0,483.0
0.0,405.0
0.0,413.0
0.0,474.0
0.0,445.0
0.0,370.0
0.0,461.0
0.0,536.0
0.0,576.0
0.0,486.0
0.0,564.0
0.0,627.0
0.0,667.0
0.0,606.0
0.0,667.0
0.0,627.0
0.0,550.0
0.0,542.0
0.0,464.0
0.0,424.0
0.0,502.0
0.0,439.0
0.0,348.0
0.0,423.0
0.0,345.0
0.0,290.0
0.0,353.0
0.0,318.0
0.0,358.0
0.0,430.0
0.0,355.0
0.0,433.0
0.0,524.0
0.0,541.0
0.0,450.0
0.0,540.0
0.0,477.0
0.0,517.0
0.0,445.0
0.0,517.0
0.0,445.0
0.0,367.0
0.0,439.0
0.0,514.0
0.0,497.0
0.0,514.0
0.0,560.0
0.0,623.0
0.0,548.0
0.0,639.0
0.0,714.0
0.0,792.0
0.0,717.0
0.0,639.0
0.0,576.0
0.0,611.0
0.0,666.0
0.0,744.0
0.0,807.0
0.0,772.0
0.0,728.0
0.0,803.0
0.0,731.0
0.0,668.0
0.0,703.0
0.0,766.0
0.0,781.0
0.0,810.0
0.0,770.0
0.0,845.0
0.0,816.0
0.0,761.0
0.0,805.0
0.0,730.0
0.0,684.0
0.0,759.0
0.0,684.0
0.0,623.0
0.0,700.0
0.0,708.0
0.0,668.0
0.0,653.0
0.0,590.0
0.0,636.0
0.0,708.0
0.0,662.0
0.0,702.0
0.0,611.0
0.0,626.0
0.0,689.0
0.0,729.0
0.0,784.0
0.0,749.0
0.0,659.0
0.0,596.0
0.0,588.0
0.0,544.0
0.0,552.0
0.0,643.0
0.0,588.0
0.0,634.0
0.0,724.0
0.0,647.0
0.0,630.0
0.0,558.0
0.0,619.0
0.0,558.0
0.0,621.0
0.0,546.0
0.0,483.0
0.0,500.0
0.0,529.0
0.0,592.0
0.0,636.0
0.0,708.0
0.0,618.0
0.0,693.0
0.0,728.0
0.0,720.0
0.0,680.0
0.0,688.0
0.0,659.0
0.0,596.0
0.0,671.0
0.0,596.0
0.0,521.0
0.0,449.0
0.0,512.0
0.0,504.0
0.0,487.0
0.0,542.0
0.0,619.0
0.0,573.0
0.0,645.0
0.0,685.0
0.0,731.0
0.0,806.0
0.0,729.0
0.0,685.0
0.0,639.0
0.0,599.0
0.0,628.0
0.0,668.0
0.0,729.0
0.0,689.0
0.0,649.0
0.0,574.0
0.0,651.0
0.0,579.0
0.0,488.0
0.0,410.0
0.0,333.0
0.0,379.0
0.0,387.0
0.0,427.0
0.0,444.0
0.0,436.0
0.0,514.0
0.0,459.0
0.0,534.0
0.0,459.0
0.0,531.0
0.0,456.0
0.0,511.0
0.0,433.0
0.0,370.0
0.0,448.0
0.0,492.0
0.0,567.0
0.0,495.0
0.0,558.0
0.0,512.0
0.0,457.0
0.0,379.0
0.0,339.0
0.0,414.0
0.0,454.0
0.0,439.0
0.0,376.0
0.0,451.0
0.0,528.0
0.0,591.0
0.0,631.0
0.0,721.0
0.0,646.0
0.0,569.0
0.0,525.0
0.0,462.0
0.0,517.0
0.0,532.0
0.0,492.0
0.0,567.0
0.0,492.0
0.0,569.0
0.0,660.0
0.0,645.0
0.0,628.0
0.0,674.0
0.0,645.0
0.0,653.0
0.0,670.0
0.0,745.0
0.0,670.0
0.0,595.0
0.0,549.0
0.0,458.0
0.0,502.0
0.0,574.0
0.0,530.0
0.0,475.0
0.0,458.0
0.0,423.0
0.0,469.0
0.0,461.0
0.0,386.0
0.0,464.0
0.0,403.0
0.0,438.0
0.0,513.0
0.0,588.0
0.0,516.0
0.0,476.0
0.0,551.0
0.0,568.0
0.0,629.0
0.0,692.0
0.0,646.0
0.0,569.0
0.0,491.0
0.0,520.0
0.0,560.0
0.0,497.0
0.0,407.0
0.0,479.0
0.0,534.0
0.0,624.0
0.0,549.0
0.0,589.0
0.0,499.0
0.0,576.0
0.0,504.0
0.0,519.0
0.0,444.0
0.0,404.0
0.0,495.0
0.0,535.0
0.0,518.0
0.0,564.0
0.0,639.0
0.0,548.0
0.0,556.0
0.0,481.0
0.0,559.0
0.0,622.0
0.0,582.0
0.0,567.0
0.0,658.0
0.0,733.0
0.0,777.0
0.0,867.0
0.0,806.0
0.0,846.0
0.0,771.0
0.0,731.0
0.0,640.0
0.0,562.0
0.0,527.0
0.0,605.0
0.0,640.0
0.0,577.0
0.0,649.0
0.0,603.0
0.0,666.0
0.0,589.0
0.0,554.0
0.0,589.0
0.0,606.0
0.0,516.0
0.0,591.0
0.0,583.0
0.0,548.0
0.0,594.0
0.0,609.0
0.0,670.0
0.0,641.0
0.0,601.0
0.0,691.0
0.0,720.0
0.0,811.0
0.0,736.0
0.0,776.0
0.0,811.0
0.0,888.0
0.0,848.0
0.0,804.0
0.0,879.0
0.0,816.0
0.0,738.0
0.0,677.0
0.0015151500701904297,662.0
0.0015151500701904297,590.0
0.0015151500701904297,665.0
0.0015151500701904297,705.0
0.0015151500701904297,768.0
0.0015151500701904297,751.0
0.0015151500701904297,661.0
0.0015151500701904297,669.0
0.0015151500701904297,623.0
0.0015151500701904297,560.0
0.0015151500701904297,525.0
0.0015151500701904297,569.0
0.0015151500701904297,514.0
0.0015151500701904297,575.0
0.0015151500701904297,535.0
0.0015151500701904297,575.0
0.0015151500701904297,500.0
0.0015151500701904297,515.0
0.0015151500701904297,550.0
0.0015151500701904297,622.0
0.0015151500701904297,712.0
0.0015151500701904297,668.0
0.0015151500701904297,746.0
0.0015151500701904297,668.0
0.0015151500701904297,633.0
0.0015151500701904297,625.0
0.0015151500701904297,550.0
0.0015151500701904297,475.0
0.0015151500701904297,521.0
0.0015151500701904297,449.0
0.0015151500701904297,527.0
0.0015151500701904297,582.0
0.0015151500701904297,654.0
0.0015151500701904297,729.0
0.0015151500701904297,804.0
0.0015151500701904297,749.0
0.0015151500701904297,784.0
0.0015151500701904297,738.0
0.0015151500701904297,755.0
0.0015151500701904297,720.0
0.0015151500701904297,703.0
0.0015151500701904297,663.0
0.0015151500701904297,709.0
0.0015151500701904297,717.0
0.0015151500701904297,656.0
0.0015151500701904297,673.0
0.0015151500701904297,713.0
0.0015151500701904297,673.0
0.0015151500701904297,734.0
0.0015151500701904297,659.0
0.0015151500701904297,598.0
0.0015151500701904297,661.0
0.0015151500701904297,653.0
0.0015151500701904297,708.0
0.0015151500701904297,783.0
0.0015151500701904297,737.0
0.0015151500701904297,660.0
0.0015151500701904297,585.0
0.0015151500701904297,625.0
0.0015151500701904297,610.0
0.0015151500701904297,687.0
0.0015151500701904297,609.0
0.0015151500701904297,519.0
0.0015151500701904297,428.0
0.0015151500701904297,411.0
0.0015151500701904297,356.0
0.0015151500701904297,293.0
0.0015151500701904297,348.0
0.0015151500701904297,356.0
0.0015151500701904297,373.0
0.0015151500701904297,448.0
0.0015151500701904297,371.0
0.0015151500701904297,342.0
0.0015151500701904297,334.0
0.0015151500701904297,378.0
0.0015151500701904297,453.0
0.0015151500701904297,482.0
0.0015151500701904297,427.0
0.0015151500701904297,410.0
0.0015151500701904297,418.0
0.0015151500701904297,389.0
0.0015151500701904297,317.0
0.0015151500701904297,408.0
0.0015151500701904297,437.0
0.0015151500701904297,527.0
0.0015151500701904297,567.0
0.0015151500701904297,630.0
0.0015151500701904297,676.0
0.0015151500701904297,693.0
0.0015151500701904297,676.0
0.0015151500701904297,693.0
0.0015151500701904297,630.0
0.0015151500701904297,645.0
0.0015151500701904297,555.0
0.0015151500701904297,480.0
0.0015151500701904297,436.0
0.0015151500701904297,480.0
0.0015151500701904297,541.0
0.0015151500701904297,512.0
0.0015151500701904297,547.0
0.0015151500701904297,501.0
0.0015151500701904297,556.0
0.0015151500701904297,481.0
0.0015151500701904297,559.0
0.0015151500701904297,634.0
0.0015151500701904297,573.0
0.0015151500701904297,648.0
0.0015151500701904297,677.0
0.0015151500701904297,602.0
0.0015151500701904297,648.0
0.0015151500701904297,557.0
0.0015151500701904297,542.0
0.0015151500701904297,502.0
0.0015151500701904297,593.0
0.0015151500701904297,576.0
0.0015151500701904297,593.0
0.0015151500701904297,538.0
0.0015151500701904297,463.0
0.0015151500701904297,419.0
0.0015151500701904297,328.0
0.0015151500701904297,400.0
0.0015151500701904297,477.0
0.0015151500701904297,405.0
0.0015151500701904297,445.0
0.0015151500701904297,508.0
0.0015151500701904297,500.0
0.0015151500701904297,454.0
0.0015151500701904297,509.0
0.0015151500701904297,469.0
0.0015151500701904297,440.0
0.0015151500701904297,515.0
0.0015151500701904297,480.0
0.0015151500701904297,524.0
0.0015151500701904297,599.0
0.0015151500701904297,671.0
0.0015151500701904297,706.0
0.0015151500701904297,689.0
0.0015151500701904297,634.0
0.0015151500701904297,559.0
0.0015151500701904297,482.0
0.0015151500701904297,572.0
0.0015151500701904297,494.0
0.0015151500701904297,404.0
0.0015151500701904297,465.0
0.0015151500701904297,520.0
0.0015151500701904297,445.0
0.0015151500701904297,520.0
0.0015151500701904297,560.0
0.0015151500701904297,485.0
0.0015151500701904297,493.0
0.0015151500701904297,430.0
0.0015151500701904297,390.0
0.0015151500701904297,436.0
0.0015151500701904297,451.0
0.0015151500701904297,541.0
0.0015151500701904297,497.0
0.0015151500701904297,588.0
0.0015151500701904297,580.0
0.0015151500701904297,490.0
0.0015151500701904297,429.0
0.0015151500701904297,357.0
0.0015151500701904297,432.0
0.0015151500701904297,509.0
0.0015151500701904297,463.0
0.0015151500701904297,541.0
0.0015151500701904297,450.0
0.0015151500701904297,467.0
0.0015151500701904297,392.0
0.0015151500701904297,337.0
0.0015151500701904297,302.0
0.0015151500701904297,262.0
0.0015151500701904297,308.0
0.0015151500701904297,371.0
0.0015151500701904297,411.0
0.0015151500701904297,334.0
0.0015151500701904297,342.0
0.0015151500701904297,414.0
0.0015151500701904297,336.0
0.0015151500701904297,426.0
0.0015151500701904297,409.0
0.0015151500701904297,500.0
0.0015151500701904297,428.0
0.0015151500701904297,457.0
0.0015151500701904297,532.0
0.0015151500701904297,492.0
0.0015151500701904297,429.0
0.0015151500701904297,473.0
0.0015151500701904297,513.0
0.0015151500701904297,548.0
0.0015151500701904297,519.0
0.0015151500701904297,429.0
0.0015151500701904297,446.0
0.0015151500701904297,507.0
0.0015151500701904297,446.0
0.0015151500701904297,406.0
0.0015151500701904297,331.0
0.0015151500701904297,392.0
0.0015151500701904297,464.0
0.0015151500701904297,554.0
0.0015151500701904297,508.0
0.0015151500701904297,563.0
0.0015151500701904297,626.0
0.0015151500701904297,582.0
0.0015151500701904297,660.0
0.0015151500701904297,625.0
0.0015151500701904297,671.0
0.0015151500701904297,748.0
0.0015151500701904297,733.0
0.0015151500701904297,762.0
0.0015151500701904297,837.0
0.0015151500701904297,791.0
0.0015151500701904297,736.0
0.0015151500701904297,658.0
0.0015151500701904297,583.0
0.0015151500701904297,598.0
0.0015151500701904297,638.0
0.0015151500701904297,684.0
0.0015151500701904297,676.0
0.0015151500701904297,586.0
0.0015151500701904297,571.0
0.0015151500701904297,496.0
0.0015151500701904297,536.0
0.0015151500701904297,611.0
0.0015151500701904297,550.0
0.0015151500701904297,625.0
0.0015151500701904297,640.0
0.0015151500701904297,730.0
0.0015151500701904297,684.0
0.0015151500701904297,728.0
0.0015151500701904297,653.0
0.0015151500701904297,576.0
0.0015151500701904297,654.0
0.0015151500701904297,625.0
0.0015151500701904297,535.0
0.0015151500701904297,543.0
0.0015151500701904297,465.0
0.0015151500701904297,555.0
0.0015151500701904297,630.0
0.0015151500701904297,567.0
0.0015151500701904297,596.0
0.0015151500701904297,659.0
0.0015151500701904297,619.0
0.0015151500701904297,544.0
0.0015151500701904297,622.0
0.0015151500701904297,605.0
0.0015151500701904297,515.0
0.0015151500701904297,437.0
0.0015151500701904297,515.0
0.0015151500701904297,532.0
0.0015151500701904297,492.0
0.0015151500701904297,582.0
0.0015151500701904297,565.0
0.0015151500701904297,605.0
0.0015151500701904297,622.0
0.0015151500701904297,547.0
0.0015151500701904297,622.0
0.0015151500701904297,582.0
0.0015151500701904297,628.0
0.0015151500701904297,668.0
0.0015151500701904297,708.0
0.0015151500701904297,633.0
0.0015151500701904297,561.0
0.0015151500701904297,517.0
0.0015151500701904297,426.0
0.0015151500701904297,487.0
0.0015151500701904297,470.0
0.0015151500701904297,545.0
0.0015151500701904297,537.0
0.0015151500701904297,612.0
0.0015151500701904297,551.0
0.0015151500701904297,511.0
0.0015151500701904297,448.0
0.0015151500701904297,419.0
0.0015151500701904297,373.0
0.0015151500701904297,419.0
0.0015151500701904297,344.0
0.0015151500701904297,388.0
0.0015151500701904297,348.0
0.0015151500701904297,333.0
0.0015151500701904297,408.0
0.0015151500701904297,485.0
0.0015151500701904297,441.0
0.0015151500701904297,449.0
0.0015151500701904297,466.0
0.0015151500701904297,376.0
0.0015151500701904297,467.0
0.0015151500701904297,542.0
0.0015151500701904297,603.0
0.0015151500701904297,528.0
0.0015151500701904297,572.0
0.0015151500701904297,555.0
0.0015151500701904297,627.0
0.0015151500701904297,717.0
0.0015151500701904297,626.0
0.0015151500701904297,582.0
0.0015151500701904297,611.0
0.0015151500701904297,651.0
0.0015151500701904297,726.0
0.0015151500701904297,766.0
0.0015151500701904297,737.0
0.0015151500701904297,766.0
0.0015151500701904297,694.0
0.0015151500701904297,654.0
0.0015151500701904297,726.0
0.0015151500701904297,648.0
0.0015151500701904297,587.0
0.0015151500701904297,541.0
0.0015151500701904297,469.0
0.0015151500701904297,560.0
0.0015151500701904297,485.0
0.0015151500701904297,410.0
0.0015151500701904297,454.0
0.0015151500701904297,515.0
0.0015151500701904297,530.0
0.0015151500701904297,501.0
0.0015151500701904297,424.0
0.0015151500701904297,496.0
0.0015151500701904297,574.0
0.0015151500701904297,559.0
0.0015151500701904297,634.0
0.0015151500701904297,709.0
0.0015151500701904297,755.0
0.0015151500701904297,683.0
0.0015151500701904297,712.0
0.0015151500701904297,666.0
0.0015151500701904297,591.0
0.0015151500701904297,516.0
0.0015151500701904297,588.0
0.0015151500701904297,548.0
0.0015151500701904297,623.0
0.0015151500701904297,700.0
0.0015151500701904297,628.0
0.0015151500701904297,567.0
0.0015151500701904297,584.0
0.0015151500701904297,555.0
0.0015151500701904297,511.0
0.0015151500701904297,572.0
0.0015151500701904297,616.0
0.0015151500701904297,662.0
0.0015151500701904297,587.0
0.0015151500701904297,662.0
0.0015151500701904297,587.0
0.0015151500701904297,662.0
0.0015151500701904297,717.0
0.0015151500701904297,757.0
0.0015151500701904297,680.0
0.0015151500701904297,752.0
0.0015151500701904297,677.0
0.0015151500701904297,717.0
0.0015151500701904297,709.0
0.0015151500701904297,669.0
0.0015151500701904297,591.0
0.0015151500701904297,668.0
0.0015151500701904297,591.0
0.0015151500701904297,668.0
0.0015151500701904297,708.0
0.0015151500701904297,783.0
0.0015151500701904297,739.0
0.0015151500701904297,667.0
0.0015151500701904297,612.0
0.0015151500701904297,627.0
0.0015151500701904297,552.0
0.0015151500701904297,581.0
0.0015151500701904297,566.0
0.0015151500701904297,641.0
0.0015151500701904297,676.0
0.0015151500701904297,586.0
0.0015151500701904297,601.0
0.0015151500701904297,673.0
0.0015151500701904297,763.0
0.0015151500701904297,748.0
0.0015151500701904297,756.0
0.0015151500701904297,681.0
0.0015151500701904297,604.0
0.0015151500701904297,543.0
0.0015151500701904297,618.0
0.0015151500701904297,528.0
0.0015151500701904297,591.0
0.0015151500701904297,516.0
0.0015151500701904297,606.0
0.0015151500701904297,543.0
0.0015151500701904297,558.0
0.0015151500701904297,602.0
0.0015151500701904297,562.0
0.0015151500701904297,533.0
0.0015151500701904297,493.0
0.0015151500701904297,554.0
0.0015151500701904297,583.0
0.0015151500701904297,661.0
0.0015151500701904297,586.0
0.0015151500701904297,641.0
0.0015151500701904297,681.0
0.0015151500701904297,758.0
0.0015151500701904297,714.0
0.0015151500701904297,754.0
0.0015151500701904297,664.0
0.0015151500701904297,635.0
0.0015151500701904297,679.0
0.0015151500701904297,742.0
0.0015151500701904297,702.0
0.0015151500701904297,656.0
0.0015151500701904297,612.0
0.0015151500701904297,595.0
0.0015151500701904297,639.0
0.0015151500701904297,595.0
0.0015151500701904297,540.0
0.0015151500701904297,505.0
0.0015151500701904297,560.0
0.0015151500701904297,635.0
0.0015151500701904297,710.0
0.0015151500701904297,638.0
0.0015151500701904297,682.0
0.0015151500701904297,621.0
0.0015151500701904297,566.0
0.0015151500701904297,526.0
0.0015151500701904297,555.0
0.0015151500701904297,464.0
0.0015151500701904297,456.0
0.0015151500701904297,441.0
0.0015151500701904297,458.0
0.0015151500701904297,395.0
0.0015151500701904297,378.0
0.0015151500701904297,453.0
0.0015151500701904297,468.0
0.0015151500701904297,393.0
0.0015151500701904297,484.0
0.0015151500701904297,407.0
0.0015151500701904297,442.0
0.0015151500701904297,413.0
0.0015151500701904297,453.0
0.0015151500701904297,493.0
0.0015151500701904297,539.0
0.0015151500701904297,611.0
0.0015151500701904297,628.0
0.0015151500701904297,636.0
0.0015151500701904297,713.0
0.0015151500701904297,669.0
0.0015151500701904297,591.0
0.0015151500701904297,551.0
0.0015151500701904297,505.0
0.0015151500701904297,583.0
0.0015151500701904297,644.0
0.0015151500701904297,569.0
0.0015151500701904297,554.0
0.0015151500701904297,594.0
0.0015151500701904297,586.0
0.0015151500701904297,601.0
0.0015151500701904297,676.0
0.0015151500701904297,615.0
0.0015151500701904297,678.0
0.0015151500701904297,603.0
0.0015151500701904297,586.0
0.0015151500701904297,603.0
0.0015151500701904297,611.0
0.0015151500701904297,534.0
0.0015151500701904297,462.0
0.0015151500701904297,523.0
0.0015151500701904297,567.0
0.0015151500701904297,552.0
0.0015151500701904297,489.0
0.0015151500701904297,504.0
0.0015151500701904297,576.0
0.0015151500701904297,653.0
0.0015151500701904297,638.0
0.0015151500701904297,566.0
0.0015151500701904297,522.0
0.0015151500701904297,514.0
0.0015151500701904297,558.0
0.0015151500701904297,481.0
0.0015151500701904297,510.0
0.0015151500701904297,470.0
0.0015151500701904297,545.0
0.0015151500701904297,620.0
0.0015151500701904297,591.0
0.0015151500701904297,637.0
0.0015151500701904297,700.0
0.0015151500701904297,654.0
0.0015151500701904297,669.0
0.0015151500701904297,608.0
0.0015151500701904297,593.0
0.0015151500701904297,665.0
0.0015151500701904297,680.0
0.0015151500701904297,720.0
0.0015151500701904297,648.0
0.0015151500701904297,677.0
0.0015151500701904297,642.0
0.0015151500701904297,677.0
0.0015151500701904297,648.0
0.0015151500701904297,703.0
0.0015151500701904297,749.0
0.0015151500701904297,705.0
0.0015151500701904297,659.0
0.0015151500701904297,667.0
0.0015151500701904297,632.0
0.0015151500701904297,569.0
0.0015151500701904297,494.0
0.0015151500701904297,439.0
0.0015151500701904297,485.0
0.0015151500701904297,470.0
0.0015151500701904297,542.0
0.0015151500701904297,525.0
0.0015151500701904297,450.0
0.0015151500701904297,410.0
0.0015151500701904297,335.0
0.0015151500701904297,398.0
0.0015151500701904297,358.0
0.0015151500701904297,295.0
0.0015151500701904297,335.0
0.0015151500701904297,263.0
0.0015151500701904297,340.0
0.0015151500701904297,401.0
0.0015151500701904297,441.0
0.0015151500701904297,513.0
0.0015151500701904297,452.0
0.0015151500701904297,469.0
0.0015151500701904297,544.0
0.0015151500701904297,599.0
0.0015151500701904297,508.0
0.0015151500701904297,543.0
0.0015151500701904297,503.0
0.0015151500701904297,578.0
0.0015151500701904297,607.0
0.0015151500701904297,529.0
0.0015151500701904297,474.0
0.0015151500701904297,565.0
0.0015151500701904297,490.0
0.0015151500701904297,482.0
0.0015151500701904297,557.0
0.0015151500701904297,528.0
0.0015151500701904297,493.0
0.0015151500701904297,533.0
0.0015151500701904297,493.0
0.0015151500701904297,556.0
0.0015151500701904297,516.0
0.0015151500701904297,453.0
0.0015151500701904297,493.0
0.0015151500701904297,416.0
0.0015151500701904297,424.0
0.0015151500701904297,514.0
0.0015151500701904297,468.0
0.0015151500701904297,503.0
0.0015151500701904297,532.0
0.0015151500701904297,497.0
0.0015151500701904297,532.0
0.0015151500701904297,457.0
0.0015151500701904297,382.0
0.0015151500701904297,426.0
0.0015151500701904297,472.0
0.0015151500701904297,487.0
0.0015151500701904297,564.0
0.0015151500701904297,492.0
0.0015151500701904297,564.0
0.0015151500701904297,639.0
0.0015151500701904297,562.0
0.0015151500701904297,637.0
0.0015151500701904297,608.0
0.0015151500701904297,533.0
0.0015151500701904297,562.0
0.0015151500701904297,527.0
0.0015151500701904297,519.0
0.0015151500701904297,582.0
0.0015151500701904297,659.0
0.002332925796508789,587.0
0.002332925796508789,648.0
0.002332925796508789,688.0
0.002332925796508789,696.0
0.002332925796508789,771.0
0.002332925796508789,731.0
0.002332925796508789,809.0
0.002332925796508789,734.0
0.002332925796508789,657.0
0.002332925796508789,566.0
0.002332925796508789,549.0
0.002332925796508789,503.0
0.002332925796508789,543.0
0.002332925796508789,528.0
0.002332925796508789,499.0
0.002332925796508789,528.0
0.002332925796508789,603.0
0.002332925796508789,540.0
0.002332925796508789,603.0
0.002332925796508789,528.0
0.002332925796508789,545.0
0.002332925796508789,516.0
0.002332925796508789,426.0
0.002332925796508789,461.0
0.002332925796508789,398.0
0.002332925796508789,358.0
0.002332925796508789,280.0
0.002332925796508789,245.0
0.002332925796508789,228.0
0.002332925796508789,243.0
0.002332925796508789,289.0
0.002332925796508789,318.0
0.002332925796508789,272.0
0.002332925796508789,232.0
0.002332925796508789,217.0
0.002332925796508789,257.0
0.002332925796508789,334.0
0.002332925796508789,351.0
0.002332925796508789,414.0
0.002332925796508789,492.0
0.002332925796508789,538.0
0.002332925796508789,578.0
0.002332925796508789,633.0
0.002332925796508789,625.0
0.002332925796508789,550.0
0.002332925796508789,510.0
0.002332925796508789,449.0
0.002332925796508789,457.0
0.002332925796508789,394.0
0.002332925796508789,339.0
0.002332925796508789,400.0
0.002332925796508789,339.0
0.002332925796508789,394.0
0.002332925796508789,386.0
0.002332925796508789,309.0
0.002332925796508789,254.0
0.002332925796508789,214.0
0.002332925796508789,249.0
0.002332925796508789,321.0
0.002332925796508789,396.0
0.002332925796508789,367.0
0.002332925796508789,407.0
0.002332925796508789,372.0
0.002332925796508789,380.0
0.002332925796508789,443.0
0.002332925796508789,483.0
0.002332925796508789,560.0
0.002332925796508789,516.0
0.002332925796508789,545.0
0.002332925796508789,606.0
0.002332925796508789,534.0
0.002332925796508789,569.0
0.002332925796508789,584.0
0.002332925796508789,544.0
0.002332925796508789,619.0
0.002332925796508789,709.0
0.002332925796508789,648.0
0.002332925796508789,688.0
0.002332925796508789,732.0
0.002332925796508789,807.0
0.002332925796508789,767.0
0.002332925796508789,704.0
0.002332925796508789,629.0
0.002332925796508789,551.0
0.002332925796508789,614.0
0.002332925796508789,686.0
0.002332925796508789,671.0
0.002332925796508789,711.0
0.002332925796508789,789.0
0.002332925796508789,749.0
0.002332925796508789,824.0
0.002332925796508789,752.0
0.002332925796508789,662.0
0.002332925796508789,734.0
0.002332925796508789,699.0
0.002332925796508789,734.0
0.002332925796508789,699.0
0.002332925796508789,691.0
0.002332925796508789,781.0
0.002332925796508789,752.0
0.002332925796508789,674.0
0.002332925796508789,597.0
0.002332925796508789,688.0
0.002332925796508789,671.0
0.002332925796508789,711.0
0.002332925796508789,671.0
0.002332925796508789,596.0
0.002332925796508789,506.0
0.002332925796508789,462.0
0.002332925796508789,537.0
0.002332925796508789,462.0
0.002332925796508789,399.0
0.002332925796508789,454.0
0.002332925796508789,363.0
0.002332925796508789,308.0
0.002332925796508789,363.0
0.002332925796508789,438.0
0.002332925796508789,499.0
0.002332925796508789,577.0
0.002332925796508789,537.0
0.002332925796508789,614.0
0.002332925796508789,658.0
0.002332925796508789,698.0
0.002332925796508789,713.0
0.002332925796508789,776.0
0.002332925796508789,704.0
0.002332925796508789,733.0
0.002332925796508789,658.0
0.002332925796508789,698.0
0.002332925796508789,623.0
0.002332925796508789,594.0
0.002332925796508789,602.0
0.002332925796508789,677.0
0.002332925796508789,694.0
0.002332925796508789,633.0
0.002332925796508789,662.0
0.002332925796508789,587.0
0.002332925796508789,547.0
0.002332925796508789,530.0
0.002332925796508789,565.0
0.002332925796508789,557.0
0.002332925796508789,618.0
0.002332925796508789,603.0
0.002332925796508789,611.0
0.002332925796508789,702.0
0.002332925796508789,717.0
0.002332925796508789,656.0
0.002332925796508789,627.0
0.002332925796508789,702.0
0.002332925796508789,656.0
0.002332925796508789,578.0
0.002332925796508789,618.0
0.002332925796508789,690.0
0.002332925796508789,736.0
0.002332925796508789,721.0
0.002332925796508789,811.0
0.002332925796508789,828.0
0.002332925796508789,811.0
0.002332925796508789,840.0
0.002332925796508789,794.0
0.002332925796508789,731.0
0.002332925796508789,794.0
0.002332925796508789,809.0
0.002332925796508789,746.0
0.002332925796508789,717.0
0.002332925796508789,792.0
0.002332925796508789,777.0
0.002332925796508789,737.0
0.002332925796508789,766.0
0.002332925796508789,691.0
0.002332925796508789,706.0
0.002332925796508789,631.0
0.002332925796508789,596.0
0.002332925796508789,556.0
0.002332925796508789,619.0
0.002332925796508789,556.0
0.002332925796508789,541.0
0.002332925796508789,512.0
0.002332925796508789,504.0
0.002332925796508789,449.0
0.002332925796508789,489.0
0.002332925796508789,550.0
0.002332925796508789,473.0
0.002332925796508789,433.0
0.002332925796508789,508.0
0.002332925796508789,548.0
0.002332925796508789,556.0
0.002332925796508789,481.0
0.002332925796508789,558.0
0.002332925796508789,550.0
0.002332925796508789,510.0
0.002332925796508789,550.0
0.002332925796508789,613.0
0.002332925796508789,569.0
0.002332925796508789,492.0
0.002332925796508789,567.0
0.002332925796508789,607.0
0.002332925796508789,662.0
0.002332925796508789,739.0
0.002332925796508789,662.0
0.002332925796508789,737.0
0.002332925796508789,783.0
0.002332925796508789,708.0
0.002332925796508789,725.0
0.002332925796508789,634.0
0.002332925796508789,712.0
0.002332925796508789,672.0
0.002332925796508789,597.0
0.002332925796508789,632.0
0.002332925796508789,592.0
0.002332925796508789,632.0
0.002332925796508789,707.0
0.002332925796508789,782.0
0.002332925796508789,859.0
0.002332925796508789,874.0
0.002332925796508789,834.0
0.002332925796508789,863.0
0.002332925796508789,802.0
0.002332925796508789,727.0
0.002332925796508789,767.0
0.002332925796508789,842.0
0.002332925796508789,787.0
0.002332925796508789,848.0
0.002332925796508789,831.0
0.002332925796508789,875.0
0.002332925796508789,803.0
0.002332925796508789,811.0
0.002332925796508789,883.0
0.002332925796508789,805.0
0.002332925796508789,728.0
0.002332925796508789,713.0
0.002332925796508789,753.0
0.002332925796508789,745.0
0.002332925796508789,673.0
0.002332925796508789,633.0
0.002332925796508789,705.0
0.002332925796508789,665.0
0.002332925796508789,621.0
0.002332925796508789,712.0
0.002332925796508789,637.0
0.002332925796508789,608.0
0.002332925796508789,686.0
0.002332925796508789,763.0
0.002332925796508789,691.0
0.002332925796508789,731.0
0.002332925796508789,760.0
0.002332925796508789,800.0
0.002332925796508789,875.0
0.002332925796508789,800.0
0.002332925796508789,872.0
0.002332925796508789,843.0
0.002332925796508789,918.0
0.002332925796508789,843.0
0.002332925796508789,858.0
0.002332925796508789,786.0
0.002332925796508789,794.0
0.002332925796508789,703.0
0.002332925796508789,778.0
0.002332925796508789,869.0
0.002332925796508789,794.0
0.002332925796508789,703.0
0.002332925796508789,695.0
0.002332925796508789,620.0
0.002332925796508789,695.0
0.002332925796508789,712.0
0.002332925796508789,637.0
0.002332925796508789,712.0
0.002332925796508789,787.0
0.002332925796508789,878.0
0.002332925796508789,832.0
0.002332925796508789,792.0
0.002332925796508789,838.0
0.002332925796508789,763.0
0.002332925796508789,688.0
0.002332925796508789,598.0
0.002332925796508789,670.0
0.002332925796508789,678.0
0.002332925796508789,670.0
0.002332925796508789,598.0
0.002332925796508789,521.0
0.002332925796508789,506.0
0.002332925796508789,443.0
0.002332925796508789,518.0
0.002332925796508789,440.0
0.002332925796508789,455.0
0.002332925796508789,364.0
0.002332925796508789,427.0
0.002332925796508789,352.0
0.002332925796508789,337.0
0.002332925796508789,291.0
0.002332925796508789,366.0
0.002332925796508789,412.0
0.002332925796508789,456.0
0.002332925796508789,393.0
0.002332925796508789,349.0
0.002332925796508789,421.0
0.002332925796508789,346.0
0.002332925796508789,409.0
0.002332925796508789,453.0
0.002332925796508789,381.0
0.002332925796508789,396.0
0.002332925796508789,487.0
0.002332925796508789,470.0
0.002332925796508789,424.0
0.002332925796508789,333.0
0.002332925796508789,293.0
0.002332925796508789,365.0
0.002332925796508789,321.0
0.002332925796508789,306.0
0.002332925796508789,314.0
0.002332925796508789,405.0
0.002332925796508789,370.0
0.002332925796508789,309.0
0.002332925796508789,349.0
0.002332925796508789,378.0
0.002332925796508789,418.0
0.002332925796508789,433.0
0.002332925796508789,358.0
0.002332925796508789,448.0
0.002332925796508789,523.0
0.002332925796508789,600.0
0.002332925796508789,523.0
0.002332925796508789,578.0
0.002332925796508789,570.0
0.0028564929962158203,507.0
0.0028564929962158203,478.0
0.0028564929962158203,423.0
0.0028564929962158203,383.0
0.0028564929962158203,311.0
0.0028564929962158203,357.0
0.0028564929962158203,317.0
0.0028564929962158203,378.0
0.0028564929962158203,395.0
0.0028564929962158203,458.0
0.0028564929962158203,395.0
0.0028564929962158203,380.0
0.0028564929962158203,319.0
0.0028564929962158203,334.0
0.0028564929962158203,378.0
0.0028564929962158203,456.0
0.0028564929962158203,378.0
0.0028564929962158203,455.0
0.0028564929962158203,495.0
0.0028564929962158203,573.0
0.0028564929962158203,533.0
0.0028564929962158203,541.0
0.0028564929962158203,497.0
0.0028564929962158203,419.0
0.0028564929962158203,454.0
0.0028564929962158203,379.0
0.0028564929962158203,419.0
0.0028564929962158203,448.0
0.0028564929962158203,488.0
0.0028564929962158203,543.0
0.0028564929962158203,526.0
0.0028564929962158203,543.0
0.0028564929962158203,503.0
0.0028564929962158203,448.0
0.0028564929962158203,488.0
0.0028564929962158203,471.0
0.0028564929962158203,425.0
0.0028564929962158203,469.0
0.0028564929962158203,429.0
0.0028564929962158203,421.0
0.0028564929962158203,377.0
0.0028564929962158203,452.0
0.0028564929962158203,496.0
0.0028564929962158203,536.0
0.0028564929962158203,608.0
0.0028564929962158203,564.0
0.0028564929962158203,473.0
0.0028564929962158203,438.0
0.0028564929962158203,398.0
0.0028564929962158203,473.0
0.0028564929962158203,490.0
0.0028564929962158203,415.0
0.0028564929962158203,386.0
0.0028564929962158203,346.0
0.0028564929962158203,354.0
0.0028564929962158203,432.0
0.0028564929962158203,424.0
0.0028564929962158203,334.0
0.0028564929962158203,262.0
0.0028564929962158203,353.0
0.0028564929962158203,393.0
0.0028564929962158203,428.0
0.0028564929962158203,413.0
0.0028564929962158203,474.0
0.0028564929962158203,457.0
0.0028564929962158203,366.0
0.0028564929962158203,438.0
0.0028564929962158203,467.0
0.0028564929962158203,522.0
0.0028564929962158203,562.0
0.0028564929962158203,522.0
0.0028564929962158203,447.0
0.0028564929962158203,510.0
0.0028564929962158203,481.0
0.0028564929962158203,571.0
0.0028564929962158203,510.0
0.0028564929962158203,470.0
0.0028564929962158203,392.0
0.0028564929962158203,302.0
0.0028564929962158203,317.0
0.0028564929962158203,392.0
0.0028564929962158203,482.0
0.0028564929962158203,511.0
0.0028564929962158203,456.0
0.0028564929962158203,500.0
0.0028564929962158203,517.0
0.0028564929962158203,502.0
0.0028564929962158203,557.0
0.0028564929962158203,603.0
0.0028564929962158203,694.0
0.0028564929962158203,755.0
0.0028564929962158203,738.0
0.0028564929962158203,753.0
0.0028564929962158203,738.0
0.0028564929962158203,647.0
0.0028564929962158203,612.0
0.0028564929962158203,540.0
0.0028564929962158203,496.0
0.0028564929962158203,467.0
0.0028564929962158203,507.0
0.0028564929962158203,547.0
0.0028564929962158203,484.0
0.0028564929962158203,547.0
0.0028564929962158203,507.0
0.0028564929962158203,467.0
0.0028564929962158203,542.0
0.0028564929962158203,467.0
0.0028564929962158203,475.0
0.0028564929962158203,553.0
0.0028564929962158203,570.0
0.0028564929962158203,515.0
0.0028564929962158203,555.0
0.0028564929962158203,570.0
0.0028564929962158203,492.0
0.0028564929962158203,570.0
0.0028564929962158203,493.0
0.0028564929962158203,565.0
0.0028564929962158203,594.0
0.0028564929962158203,669.0
0.0028564929962158203,579.0
0.0028564929962158203,504.0
0.0028564929962158203,489.0
0.0028564929962158203,544.0
0.0028564929962158203,466.0
0.0028564929962158203,506.0
0.0028564929962158203,498.0
0.0028564929962158203,588.0
0.0028564929962158203,663.0
0.0028564929962158203,698.0
0.0028564929962158203,669.0
0.0028564929962158203,760.0
0.0028564929962158203,837.0
0.0028564929962158203,762.0
0.0028564929962158203,837.0
0.0028564929962158203,866.0
0.0028564929962158203,831.0
0.0028564929962158203,785.0
0.0028564929962158203,745.0
0.0028564929962158203,728.0
0.0028564929962158203,653.0
0.0028564929962158203,613.0
0.0028564929962158203,653.0
0.0028564929962158203,697.0
0.0028564929962158203,772.0
0.0028564929962158203,789.0
0.0028564929962158203,829.0
0.0028564929962158203,789.0
0.0028564929962158203,797.0
0.0028564929962158203,832.0
0.0028564929962158203,792.0
0.0028564929962158203,717.0
0.0028564929962158203,642.0
0.0028564929962158203,720.0
0.0028564929962158203,657.0
0.0028564929962158203,697.0
0.0028564929962158203,607.0
0.0028564929962158203,622.0
0.0028564929962158203,614.0
0.0028564929962158203,553.0
0.0028564929962158203,462.0
0.0028564929962158203,407.0
0.0028564929962158203,378.0
0.0028564929962158203,300.0
0.0028564929962158203,340.0
0.0028564929962158203,403.0
0.0028564929962158203,363.0
0.0028564929962158203,454.0
0.0028564929962158203,419.0
0.0028564929962158203,342.0
0.0028564929962158203,350.0
0.0028564929962158203,333.0
0.0028564929962158203,289.0
0.0028564929962158203,274.0
0.0028564929962158203,202.0
0.0028564929962158203,139.0
0.0028564929962158203,99.0
0.0028564929962158203,114.0
0.0028564929962158203,169.0
0.0028564929962158203,215.0
0.0028564929962158203,287.0
0.0028564929962158203,364.0
0.0028564929962158203,393.0
0.0028564929962158203,456.0
0.0028564929962158203,393.0
0.0028564929962158203,410.0
0.0028564929962158203,395.0
0.0028564929962158203,439.0
0.0028564929962158203,474.0
0.0028564929962158203,514.0
0.0028564929962158203,589.0
0.0028564929962158203,604.0
0.0028564929962158203,564.0
0.0028564929962158203,556.0
0.0028564929962158203,617.0
0.0028564929962158203,556.0
0.0028564929962158203,596.0
0.0028564929962158203,657.0
0.0028564929962158203,622.0
0.0028564929962158203,605.0
0.0028564929962158203,613.0
0.0028564929962158203,676.0
0.0028564929962158203,615.0
0.0028564929962158203,690.0
0.0028564929962158203,675.0
0.0028564929962158203,715.0
0.0028564929962158203,640.0
0.0028564929962158203,563.0
0.0028564929962158203,472.0
0.0028564929962158203,487.0
0.0028564929962158203,458.0
0.0028564929962158203,403.0
0.0028564929962158203,478.0
0.0028564929962158203,553.0
0.0028564929962158203,644.0
0.0028564929962158203,679.0
0.0028564929962158203,604.0
0.0028564929962158203,694.0
0.0028564929962158203,771.0
0.0028564929962158203,708.0
0.0028564929962158203,617.0
0.0028564929962158203,695.0
0.0028564929962158203,770.0
0.0028564929962158203,825.0
0.0028564929962158203,750.0
0.0028564929962158203,672.0
0.0028564929962158203,637.0
0.0028564929962158203,622.0
0.0028564929962158203,685.0
0.0028564929962158203,700.0
0.0028564929962158203,685.0
0.0028564929962158203,645.0
0.0028564929962158203,573.0
0.0028564929962158203,565.0
0.0028564929962158203,488.0
0.0028564929962158203,517.0
0.0028564929962158203,442.0
0.0028564929962158203,387.0
0.0028564929962158203,422.0
0.0028564929962158203,387.0
0.0028564929962158203,465.0
0.0028564929962158203,500.0
0.0028564929962158203,561.0
0.0028564929962158203,532.0
0.0028564929962158203,587.0
0.0028564929962158203,526.0
0.0028564929962158203,491.0
0.0028564929962158203,520.0
0.0028564929962158203,581.0
0.0028564929962158203,598.0
0.0028564929962158203,613.0
0.0028564929962158203,596.0
0.0028564929962158203,556.0
0.0028564929962158203,596.0
0.0028564929962158203,671.0
0.0028564929962158203,706.0
0.0028564929962158203,660.0
0.0028564929962158203,737.0
0.0028564929962158203,754.0
0.0028564929962158203,725.0
0.0028564929962158203,662.0
0.0028564929962158203,587.0
0.0028564929962158203,552.0
0.0028564929962158203,477.0
0.0028564929962158203,437.0
0.0028564929962158203,422.0
0.0028564929962158203,345.0
0.0028564929962158203,417.0
0.0028564929962158203,480.0
0.0028564929962158203,555.0
0.0028564929962158203,630.0
0.0028564929962158203,567.0
0.0028564929962158203,575.0
0.0028564929962158203,514.0
0.0028564929962158203,589.0
0.0028564929962158203,618.0
0.0028564929962158203,653.0
0.0028564929962158203,578.0
0.0028564929962158203,624.0
0.0028564929962158203,687.0
0.0028564929962158203,679.0
0.0028564929962158203,756.0
0.0028564929962158203,847.0
0.0028564929962158203,887.0
0.0028564929962158203,824.0
0.0028564929962158203,746.0
0.0028564929962158203,691.0
0.0028564929962158203,706.0
0.0028564929962158203,714.0
0.0028564929962158203,775.0
0.0028564929962158203,731.0
0.0028564929962158203,794.0
0.0028564929962158203,731.0
0.0028564929962158203,794.0
0.0028564929962158203,759.0
0.0028564929962158203,684.0
0.0028564929962158203,759.0
0.0028564929962158203,684.0
0.0028564929962158203,593.0
0.0028564929962158203,637.0
0.0028564929962158203,715.0
0.0028564929962158203,625.0
0.0028564929962158203,547.0
0.0028564929962158203,486.0
0.0028564929962158203,446.0
0.0028564929962158203,537.0
0.0028564929962158203,615.0
0.0028564929962158203,600.0
0.0028564929962158203,661.0
0.0028564929962158203,584.0
0.0028564929962158203,639.0
0.0028564929962158203,595.0
0.0028564929962158203,587.0
0.0028564929962158203,558.0
0.0028564929962158203,497.0
0.0028564929962158203,537.0
0.0028564929962158203,577.0
0.0028564929962158203,667.0
0.0028564929962158203,696.0
0.0028564929962158203,711.0
0.0028564929962158203,786.0
0.0028564929962158203,723.0
0.0028564929962158203,706.0
0.0028564929962158203,628.0
0.0028564929962158203,706.0
0.0028564929962158203,783.0
0.0028564929962158203,706.0
0.0028564929962158203,767.0
0.0028564929962158203,842.0
0.0028564929962158203,764.0
0.0028564929962158203,827.0
0.0028564929962158203,787.0
0.0028564929962158203,827.0
0.0028564929962158203,787.0
0.0028564929962158203,865.0
0.0028564929962158203,790.0
0.0028564929962158203,727.0
0.0028564929962158203,687.0
0.0028564929962158203,615.0
0.0028564929962158203,650.0
0.0028564929962158203,575.0
0.0028564929962158203,520.0
0.0028564929962158203,560.0
0.0028564929962158203,604.0
0.0028564929962158203,621.0
0.0028564929962158203,581.0
0.0028564929962158203,535.0
0.0028564929962158203,506.0
0.0028564929962158203,581.0
0.0028564929962158203,589.0
0.0028564929962158203,581.0
0.0028564929962158203,621.0
0.0028564929962158203,546.0
0.0028564929962158203,506.0
0.0028564929962158203,569.0
0.0028564929962158203,479.0
0.0028564929962158203,525.0
0.0028564929962158203,554.0
0.0028564929962158203,594.0
0.0028564929962158203,669.0
0.0028564929962158203,578.0
0.0028564929962158203,563.0
0.0028564929962158203,578.0
0.0028564929962158203,503.0
0.0028564929962158203,578.0
0.0028564929962158203,653.0
0.0028564929962158203,661.0
0.0028564929962158203,646.0
0.0028564929962158203,571.0
0.0028564929962158203,493.0
0.0028564929962158203,453.0
0.0028564929962158203,544.0
0.0028564929962158203,527.0
0.0028564929962158203,567.0
0.0028564929962158203,582.0
0.0028564929962158203,637.0
0.0028564929962158203,562.0
0.0028564929962158203,501.0
0.0028564929962158203,410.0
0.0028564929962158203,370.0
0.0028564929962158203,410.0
0.0028564929962158203,364.0
0.0028564929962158203,439.0
0.0028564929962158203,516.0
0.0028564929962158203,487.0
0.0028564929962158203,565.0
0.0028564929962158203,655.0
0.0028564929962158203,640.0
0.0028564929962158203,712.0
0.0028564929962158203,727.0
0.0028564929962158203,767.0
0.0028564929962158203,759.0
0.0028564929962158203,719.0
0.0028564929962158203,656.0
0.0028564929962158203,717.0
0.0028564929962158203,642.0
0.0028564929962158203,581.0
0.0028564929962158203,644.0
0.0028564929962158203,684.0
0.0028564929962158203,649.0
0.0028564929962158203,684.0
0.0028564929962158203,629.0
0.0028564929962158203,720.0
0.0028564929962158203,705.0
0.0028564929962158203,734.0
0.0028564929962158203,705.0
0.0028564929962158203,734.0
0.0028564929962158203,809.0
0.0028564929962158203,780.0
0.0028564929962158203,740.0
0.0028564929962158203,662.0
0.0028564929962158203,670.0
0.0028564929962158203,593.0
0.0028564929962158203,639.0
0.0028564929962158203,679.0
0.0028564929962158203,757.0
0.0028564929962158203,832.0
0.0028564929962158203,847.0
0.0028564929962158203,775.0
0.0028564929962158203,804.0
0.0028564929962158203,769.0
0.0028564929962158203,691.0
0.0028564929962158203,763.0
0.0028564929962158203,688.0
0.0028564929962158203,598.0
0.0028564929962158203,558.0
0.0028564929962158203,633.0
0.0028564929962158203,589.0
0.0028564929962158203,679.0
0.0028564929962158203,671.0
0.0028564929962158203,608.0
0.0028564929962158203,686.0
0.0028564929962158203,749.0
0.0028564929962158203,804.0
0.0028564929962158203,844.0
0.0028564929962158203,829.0
0.0028564929962158203,844.0
0.0028564929962158203,888.0
0.0028564929962158203,844.0
0.0028564929962158203,804.0
0.0028564929962158203,844.0
0.0028564929962158203,798.0
0.0028564929962158203,743.0
0.0028564929962158203,787.0
0.0028564929962158203,747.0
0.0028564929962158203,703.0
0.0028564929962158203,747.0
0.0028564929962158203,669.0
0.0028564929962158203,715.0
0.0028564929962158203,776.0
0.0028564929962158203,811.0
0.0028564929962158203,889.0
0.0028564929962158203,814.0
0.0028564929962158203,770.0
0.0028564929962158203,787.0
0.0028564929962158203,724.0
0.0028564929962158203,678.0
0.0028564929962158203,718.0
0.0028564929962158203,773.0
0.0028564929962158203,695.0
0.0028564929962158203,678.0
0.0028564929962158203,686.0
0.0028564929962158203,671.0
0.0028564929962158203,636.0
0.0028564929962158203,564.0
0.0028564929962158203,608.0
0.0028564929962158203,685.0
0.0028564929962158203,677.0
0.0028564929962158203,712.0
0.0028564929962158203,758.0
0.0028564929962158203,714.0
0.0028564929962158203,623.0
0.0028564929962158203,562.0
0.0028564929962158203,653.0
0.0028564929962158203,624.0
0.0028564929962158203,589.0
0.0028564929962158203,650.0
0.0028564929962158203,604.0
0.0028564929962158203,639.0
0.0028564929962158203,654.0
0.0028564929962158203,599.0
0.0028564929962158203,508.0
0.0028564929962158203,516.0
0.0028564929962158203,579.0
0.0028564929962158203,670.0
0.0028564929962158203,655.0
0.0028564929962158203,684.0
0.0028564929962158203,609.0
0.0028564929962158203,684.0
0.0028564929962158203,762.0
0.0028564929962158203,727.0
0.0028564929962158203,773.0
0.0028564929962158203,698.0
0.0028564929962158203,658.0
0.0028564929962158203,702.0
0.0028564929962158203,673.0
0.0028564929962158203,708.0
0.0028564929962158203,618.0
0.0028564929962158203,557.0
0.0028564929962158203,522.0
0.0028564929962158203,597.0
0.0028564929962158203,534.0
0.0028564929962158203,459.0
0.0028564929962158203,534.0
0.0028564929962158203,457.0
0.0028564929962158203,449.0
0.0028564929962158203,457.0
0.0028564929962158203,411.0
0.0028564929962158203,336.0
0.0028564929962158203,382.0
0.0028564929962158203,422.0
0.0028564929962158203,414.0
0.0028564929962158203,431.0
0.0028564929962158203,492.0
0.0028564929962158203,521.0
0.0028564929962158203,556.0
0.0028564929962158203,521.0
0.0028564929962158203,446.0
0.0028564929962158203,355.0
0.0028564929962158203,432.0
0.0028564929962158203,403.0
0.0028564929962158203,478.0
0.0028564929962158203,434.0
0.0028564929962158203,469.0
0.0028564929962158203,544.0
0.0028564929962158203,588.0
0.0028564929962158203,678.0
0.0028564929962158203,769.0
0.0028564929962158203,692.0
0.0028564929962158203,675.0
0.0028564929962158203,692.0
0.0028564929962158203,652.0
0.0028564929962158203,617.0
0.0028564929962158203,657.0
0.0028564929962158203,712.0
0.0028564929962158203,695.0
0.0028564929962158203,655.0
0.0028564929962158203,600.0
0.0028564929962158203,655.0
0.0028564929962158203,663.0
0.0028564929962158203,726.0
0.0028564929962158203,686.0
0.0028564929962158203,642.0
0.0028564929962158203,686.0
0.0028564929962158203,631.0
0.0028564929962158203,660.0
0.0028564929962158203,616.0
0.0028564929962158203,693.0
0.0028564929962158203,647.0
0.0028564929962158203,586.0
0.0028564929962158203,509.0
0.0028564929962158203,549.0
0.0028564929962158203,474.0
0.0028564929962158203,445.0
0.0028564929962158203,522.0
0.0028564929962158203,568.0
0.0028564929962158203,643.0
0.0028564929962158203,597.0
0.0028564929962158203,612.0
0.0028564929962158203,656.0
0.0028564929962158203,581.0
0.0028564929962158203,541.0
0.0028564929962158203,533.0
0.0028564929962158203,568.0
0.0028564929962158203,643.0
0.0028564929962158203,660.0
0.0028564929962158203,689.0
0.0028564929962158203,744.0
0.0028564929962158203,727.0
0.0028564929962158203,692.0
0.0028564929962158203,753.0
0.0028564929962158203,793.0
0.0028564929962158203,810.0
0.0028564929962158203,770.0
0.0028564929962158203,816.0
0.0028564929962158203,856.0
0.0028564929962158203,839.0
0.0028564929962158203,810.0
0.0028564929962158203,749.0
0.0028564929962158203,734.0
0.0028564929962158203,671.0
0.0028564929962158203,732.0
0.0028564929962158203,671.0
0.0028564929962158203,627.0
0.0028564929962158203,536.0
0.0028564929962158203,597.0
0.0028564929962158203,688.0
0.0028564929962158203,705.0
0.0028564929962158203,644.0
0.0028564929962158203,719.0
0.0028564929962158203,727.0
0.0028564929962158203,672.0
0.0028564929962158203,687.0
0.0028564929962158203,612.0
0.0028564929962158203,572.0
0.0028564929962158203,612.0
0.0028564929962158203,595.0
0.0028564929962158203,549.0
0.0028564929962158203,474.0
0.0028564929962158203,549.0
0.0028564929962158203,621.0
0.0028564929962158203,606.0
0.0028564929962158203,681.0
0.0028564929962158203,606.0
0.0028564929962158203,635.0
0.0028564929962158203,560.0
0.0028564929962158203,621.0
0.0028564929962158203,544.0
0.0028564929962158203,579.0
0.0028564929962158203,544.0
0.0028564929962158203,536.0
0.0028564929962158203,576.0
0.0028564929962158203,620.0
0.0028564929962158203,559.0
0.0028564929962158203,481.0
0.0028564929962158203,542.0
0.0028564929962158203,588.0
0.0028564929962158203,498.0
0.0028564929962158203,423.0
0.0028564929962158203,498.0
0.0028564929962158203,407.0
0.0028564929962158203,462.0
0.0028564929962158203,470.0
0.0028564929962158203,426.0
0.0028564929962158203,516.0
0.0028564929962158203,579.0
0.0028564929962158203,504.0
0.0028564929962158203,579.0
0.0028564929962158203,654.0
0.0028564929962158203,745.0
0.0028564929962158203,737.0
0.0028564929962158203,754.0
0.0028564929962158203,832.0
0.0028564929962158203,786.0
0.0028564929962158203,723.0
0.0028564929962158203,786.0
0.0028564929962158203,711.0
0.0028564929962158203,648.0
0.0028564929962158203,694.0
0.0028564929962158203,709.0
0.0028564929962158203,669.0
0.0028564929962158203,744.0
0.0028564929962158203,715.0
0.0028564929962158203,778.0
0.0028564929962158203,687.0
0.0028564929962158203,695.0
0.0028564929962158203,620.0
0.0028564929962158203,612.0
0.0028564929962158203,540.0
0.0028564929962158203,584.0
0.0028564929962158203,613.0
0.0028564929962158203,685.0
0.0028564929962158203,656.0
0.0028564929962158203,595.0
0.0028564929962158203,549.0
0.0028564929962158203,595.0
0.0028564929962158203,672.0
0.0028564929962158203,617.0
0.0028564929962158203,577.0
0.0028564929962158203,562.0
0.0028564929962158203,623.0
0.0028564929962158203,698.0
0.0028564929962158203,623.0
0.0028564929962158203,579.0
0.0028564929962158203,608.0
0.0028564929962158203,531.0
0.0028564929962158203,586.0
0.0028564929962158203,557.0
0.0028564929962158203,597.0
0.0028564929962158203,551.0
0.0028564929962158203,626.0
0.0028564929962158203,641.0
0.0028564929962158203,676.0
0.0028564929962158203,636.0
0.0028564929962158203,676.0
0.0028564929962158203,722.0
0.0028564929962158203,751.0
0.0028564929962158203,679.0
0.0028564929962158203,601.0
0.0028564929962158203,678.0
0.0028564929962158203,756.0
0.0028564929962158203,764.0
0.0028564929962158203,686.0
0.0028564929962158203,611.0
0.0028564929962158203,686.0
0.0028564929962158203,777.0
0.0028564929962158203,731.0
0.0028564929962158203,716.0
0.0028564929962158203,791.0
0.0028564929962158203,762.0
0.0028564929962158203,808.0
0.0028564929962158203,852.0
0.0028564929962158203,808.0
0.0028564929962158203,718.0
0.0028564929962158203,808.0
0.0028564929962158203,880.0
0.0028564929962158203,958.0
0.0028564929962158203,950.0
0.0028564929962158203,910.0
0.0028564929962158203,950.0
0.0028564929962158203,990.0
0.0028564929962158203,955.0
0.0028564929962158203,963.0
0.0028564929962158203,978.0
0.0028564929962158203,903.0
0.0028564929962158203,812.0
0.0028564929962158203,841.0
0.0028564929962158203,876.0
0.0028564929962158203,786.0
0.0028564929962158203,757.0
0.0028564929962158203,848.0
0.0028564929962158203,773.0
0.0028564929962158203,756.0
0.0028564929962158203,721.0
0.0028564929962158203,811.0
0.0028564929962158203,855.0
0.0028564929962158203,847.0
0.0028564929962158203,864.0
0.0028564929962158203,803.0
0.0028564929962158203,788.0
0.0028564929962158203,711.0
0.0028564929962158203,620.0
0.0028564929962158203,635.0
0.0028564929962158203,710.0
0.0028564929962158203,771.0
0.0028564929962158203,727.0
0.0028564929962158203,687.0
0.0028564929962158203,722.0
0.0028564929962158203,766.0
0.0028564929962158203,857.0
0.0028564929962158203,766.0
0.0028564929962158203,703.0
0.0028564929962158203,668.0
0.0028564929962158203,743.0
0.0028564929962158203,703.0
0.0028564929962158203,711.0
0.0028564929962158203,636.0
0.0028564929962158203,711.0
0.0028564929962158203,788.0
0.0028564929962158203,771.0
0.0028564929962158203,725.0
0.0028564929962158203,765.0
0.0028564929962158203,688.0
0.0028564929962158203,616.0
0.0028564929962158203,645.0
0.0028564929962158203,717.0
0.0028564929962158203,757.0
0.0028564929962158203,820.0
0.0028564929962158203,837.0
0.0028564929962158203,822.0
0.0028564929962158203,782.0
0.0028564929962158203,873.0
0.0028564929962158203,919.0
0.0028564929962158203,911.0
0.0028564929962158203,871.0
0.0028564929962158203,781.0
0.0028564929962158203,706.0
0.0028564929962158203,714.0
0.0028564929962158203,749.0
0.0028564929962158203,674.0
0.0028564929962158203,749.0
0.0028564929962158203,732.0
0.0028564929962158203,660.0
0.0028564929962158203,675.0
0.0028564929962158203,614.0
0.0028564929962158203,551.0
0.0028564929962158203,568.0
0.0028564929962158203,631.0
0.0028564929962158203,616.0
0.0028564929962158203,561.0
0.0028564929962158203,636.0
0.0028564929962158203,726.0
0.0028564929962158203,781.0
0.0028564929962158203,773.0
0.0028564929962158203,781.0
0.0028564929962158203,764.0
0.0028564929962158203,779.0
0.0028564929962158203,819.0
0.0028564929962158203,756.0
0.0028564929962158203,712.0
0.0028564929962158203,657.0
0.0028564929962158203,628.0
0.0028564929962158203,613.0
0.0028564929962158203,605.0
0.0028564929962158203,515.0
0.0028564929962158203,469.0
0.0028564929962158203,513.0
0.0028564929962158203,469.0
0.0028564929962158203,546.0
0.0028564929962158203,469.0
0.0028564929962158203,546.0
0.0028564929962158203,601.0
0.0028564929962158203,662.0
0.0028564929962158203,734.0
0.0028564929962158203,656.0
0.0028564929962158203,595.0
0.0028564929962158203,641.0
0.0028564929962158203,649.0
0.0028564929962158203,614.0
0.0028564929962158203,559.0
0.0028564929962158203,551.0
0.0028564929962158203,476.0
0.0028564929962158203,539.0
0.0028564929962158203,556.0
0.0028564929962158203,479.0
0.0028564929962158203,557.0
0.0028564929962158203,586.0
0.0028564929962158203,514.0
0.0028564929962158203,554.0
0.0028564929962158203,589.0
0.0028564929962158203,633.0
0.0028564929962158203,705.0
0.0028564929962158203,676.0
0.0028564929962158203,636.0
0.0028564929962158203,691.0
0.0028564929962158203,674.0
0.0028564929962158203,749.0
0.0028564929962158203,839.0
0.0028564929962158203,854.0
0.0028564929962158203,894.0
0.0028564929962158203,816.0
0.0028564929962158203,877.0
0.0028564929962158203,786.0
0.0028564929962158203,711.0
0.0028564929962158203,719.0
0.0028564929962158203,810.0
0.0028564929962158203,738.0
0.0028564929962158203,816.0
0.0028564929962158203,801.0
0.0028564929962158203,818.0
0.0028564929962158203,778.0
0.0028564929962158203,717.0
0.0028564929962158203,677.0
0.0028564929962158203,752.0
0.0028564929962158203,824.0
0.0028564929962158203,885.0
0.0028564929962158203,810.0
0.0028564929962158203,755.0
0.0028564929962158203,795.0
0.0028564929962158203,732.0
0.0028564929962158203,795.0
0.0028564929962158203,732.0
0.0028564929962158203,657.0
0.0028564929962158203,579.0
0.0028564929962158203,654.0
0.0028564929962158203,579.0
0.0028564929962158203,594.0
0.0028564929962158203,634.0
0.0028564929962158203,619.0
0.0028564929962158203,682.0
0.0028564929962158203,636.0
0.0028564929962158203,665.0
0.0028564929962158203,740.0
0.0028564929962158203,723.0
0.0028564929962158203,694.0
0.0028564929962158203,603.0
0.0028564929962158203,694.0
0.0028564929962158203,633.0
0.0028564929962158203,558.0
0.0028564929962158203,613.0
0.0028564929962158203,630.0
0.0028564929962158203,555.0
0.0028564929962158203,500.0
0.0028564929962158203,515.0
0.0028564929962158203,544.0
0.0028564929962158203,599.0
0.0028564929962158203,676.0
0.0028564929962158203,668.0
0.0028564929962158203,624.0
0.0028564929962158203,607.0
0.0028564929962158203,668.0
0.0028564929962158203,676.0
0.0028564929962158203,754.0
0.0028564929962158203,800.0
0.0028564929962158203,875.0
0.0028564929962158203,840.0
0.0028564929962158203,779.0
0.0028564929962158203,739.0
0.0028564929962158203,783.0
0.0028564929962158203,737.0
0.0028564929962158203,812.0
0.0028564929962158203,721.0
0.0028564929962158203,767.0
0.0028564929962158203,807.0
0.0028564929962158203,792.0
0.0028564929962158203,729.0
0.0028564929962158203,721.0
0.0028564929962158203,666.0
0.0028564929962158203,721.0
0.0028564929962158203,784.0
0.0028564929962158203,819.0
0.0028564929962158203,894.0
0.0028564929962158203,865.0
0.0028564929962158203,894.0
0.0028564929962158203,819.0
0.0028564929962158203,744.0
0.0028564929962158203,819.0
0.0028564929962158203,880.0
0.0028564929962158203,845.0
0.0028564929962158203,816.0
0.0028564929962158203,738.0
0.0028564929962158203,746.0
0.0028564929962158203,761.0
0.0028564929962158203,852.0
0.0028564929962158203,808.0
0.0028564929962158203,886.0
0.0028564929962158203,811.0
0.0028564929962158203,886.0
0.0028564929962158203,808.0
0.0028564929962158203,717.0
0.0028564929962158203,752.0
0.0028564929962158203,843.0
0.0028564929962158203,788.0
0.0028564929962158203,725.0
0.0028564929962158203,717.0
0.0028564929962158203,772.0
0.0028564929962158203,697.0
0.0028564929962158203,772.0
0.0028564929962158203,732.0
0.0028564929962158203,810.0
0.0028564929962158203,775.0
0.0028564929962158203,838.0
0.0028564929962158203,913.0
0.0028564929962158203,921.0
0.0028564929962158203,961.0
0.0028564929962158203,996.0
0.0028564929962158203,921.0
0.0028564929962158203,913.0
0.0028564929962158203,988.0
0.0028564929962158203,996.0
0.0028564929962158203,906.0
0.0028564929962158203,845.0
0.0028564929962158203,830.0
0.0028564929962158203,795.0
0.0028564929962158203,720.0
0.0028564929962158203,737.0
0.0028564929962158203,772.0
0.0028564929962158203,697.0
0.0028564929962158203,741.0
0.0028564929962158203,770.0
0.0028564929962158203,845.0
0.0028564929962158203,770.0
0.0028564929962158203,753.0
0.0028564929962158203,709.0
0.0028564929962158203,784.0
0.0028564929962158203,721.0
0.0028564929962158203,765.0
0.0028564929962158203,721.0
0.0028564929962158203,666.0
0.0028564929962158203,710.0
0.0028564929962158203,702.0
0.0028564929962158203,763.0
0.0028564929962158203,853.0
0.0028564929962158203,778.0
0.0028564929962158203,853.0
0.0028564929962158203,762.0
0.0028564929962158203,690.0
0.0028564929962158203,745.0
0.0028564929962158203,699.0
0.0028564929962158203,659.0
0.0028564929962158203,699.0
0.0028564929962158203,774.0
0.0028564929962158203,719.0
0.0028564929962158203,791.0
0.0028564929962158203,713.0
0.0028564929962158203,684.0
0.0028564929962158203,730.0
0.0028564929962158203,655.0
0.0028564929962158203,733.0
0.0028564929962158203,689.0
0.0028564929962158203,697.0
0.0028564929962158203,788.0
0.0028564929962158203,748.0
0.0028564929962158203,823.0
0.0028564929962158203,867.0
0.0028564929962158203,806.0
0.0028564929962158203,731.0
0.0028564929962158203,806.0
0.0028564929962158203,715.0
0.0028564929962158203,806.0
0.0028564929962158203,869.0
0.0028564929962158203,825.0
0.0028564929962158203,886.0
0.0028564929962158203,941.0
0.0028564929962158203,866.0
0.0028564929962158203,803.0
0.0028564929962158203,832.0
0.0028564929962158203,792.0
0.0028564929962158203,720.0
0.0028564929962158203,764.0
0.0028564929962158203,804.0
0.0028564929962158203,796.0
0.0028564929962158203,767.0
0.0028564929962158203,807.0
0.0028564929962158203,767.0
0.0028564929962158203,796.0
0.0028564929962158203,868.0
0.0028564929962158203,876.0
0.0028564929962158203,939.0
0.0028564929962158203,864.0
0.0028564929962158203,939.0
0.0028564929962158203,878.0
0.0028564929962158203,843.0
0.0028564929962158203,771.0
0.0028564929962158203,786.0
0.0028564929962158203,771.0
0.0028564929962158203,788.0
0.0028564929962158203,698.0
0.0028564929962158203,654.0
0.0028564929962158203,646.0
0.0028564929962158203,681.0
0.0028564929962158203,689.0
0.0028564929962158203,681.0
0.0028564929962158203,771.0
0.0028564929962158203,811.0
0.0028564929962158203,771.0
0.0028564929962158203,786.0
0.0028564929962158203,771.0
0.0028564929962158203,725.0
0.0028564929962158203,685.0
0.0028564929962158203,693.0
0.0028564929962158203,676.0
0.0028564929962158203,647.0
0.0028564929962158203,676.0
0.0028564929962158203,691.0
0.0028564929962158203,613.0
0.0028564929962158203,674.0
0.0028564929962158203,752.0
0.0028564929962158203,796.0
0.0028564929962158203,842.0
0.0028564929962158203,827.0
0.0028564929962158203,867.0
0.0028564929962158203,859.0
0.0028564929962158203,796.0
0.0028564929962158203,761.0
0.0028564929962158203,769.0
0.0028564929962158203,761.0
0.0028564929962158203,721.0
0.0028564929962158203,729.0
0.0028564929962158203,674.0
0.0028564929962158203,597.0
0.0028564929962158203,614.0
0.0028564929962158203,689.0
0.0028564929962158203,729.0
0.0028564929962158203,769.0
0.0028564929962158203,694.0
0.0028564929962158203,686.0
0.0028564929962158203,611.0
0.0028564929962158203,550.0
0.0028564929962158203,533.0
0.0028564929962158203,493.0
0.0028564929962158203,447.0
0.0028564929962158203,522.0
0.0028564929962158203,530.0
0.0028564929962158203,439.0
0.0028564929962158203,530.0
0.0028564929962158203,565.0
0.0028564929962158203,626.0
0.0028564929962158203,565.0
0.0028564929962158203,580.0
0.0028564929962158203,620.0
0.0028564929962158203,666.0
0.0028564929962158203,622.0
0.0028564929962158203,582.0
0.0028564929962158203,637.0
0.0028564929962158203,622.0
0.0028564929962158203,662.0
0.0028564929962158203,734.0
0.0028564929962158203,726.0
0.0028564929962158203,691.0
0.0028564929962158203,651.0
0.0028564929962158203,611.0
0.0028564929962158203,565.0
0.0028564929962158203,600.0
0.0028564929962158203,565.0
0.0028564929962158203,605.0
0.0028564929962158203,668.0
0.0028564929962158203,708.0
0.0028564929962158203,633.0
0.0028564929962158203,708.0
0.0028564929962158203,679.0
0.0028564929962158203,687.0
0.0028564929962158203,615.0
0.0028564929962158203,661.0
0.0028564929962158203,676.0
0.0028564929962158203,598.0
0.0028564929962158203,633.0
0.0028564929962158203,710.0
0.0028564929962158203,788.0
0.0028564929962158203,748.0
0.0028564929962158203,702.0
0.0028564929962158203,742.0
0.0028564929962158203,788.0
0.0028564929962158203,860.0
0.0028564929962158203,814.0
0.0028564929962158203,889.0
0.0028564929962158203,881.0
0.0028564929962158203,804.0
0.0028564929962158203,833.0
0.0028564929962158203,798.0
0.0028564929962158203,806.0
0.0028564929962158203,852.0
0.0028564929962158203,806.0
0.0028564929962158203,841.0
0.0028564929962158203,766.0
0.0028564929962158203,675.0
0.0028564929962158203,640.0
0.0028564929962158203,715.0
0.0028564929962158203,637.0
0.0028564929962158203,582.0
0.0028564929962158203,626.0
0.0028564929962158203,582.0
0.0028564929962158203,643.0
0.0028564929962158203,720.0
0.0028564929962158203,737.0
0.0028564929962158203,815.0
0.0028564929962158203,850.0
0.0028564929962158203,815.0
0.0028564929962158203,861.0
0.0028564929962158203,853.0
0.0028564929962158203,836.0
0.0028564929962158203,796.0
0.0028564929962158203,887.0
0.0028564929962158203,809.0
0.0028564929962158203,887.0
0.0028564929962158203,841.0
0.0028564929962158203,885.0
0.0028564929962158203,795.0
0.0028564929962158203,755.0
0.0028564929962158203,772.0
0.0028564929962158203,818.0
0.0028564929962158203,774.0
0.0028564929962158203,699.0
0.0028564929962158203,684.0
0.0028564929962158203,719.0
0.0028564929962158203,727.0
0.0028564929962158203,767.0
0.0028564929962158203,807.0
0.0028564929962158203,761.0
0.0028564929962158203,721.0
0.0028564929962158203,736.0
0.0028564929962158203,776.0
0.0028564929962158203,831.0
0.0028564929962158203,823.0
0.0028564929962158203,869.0
0.0028564929962158203,877.0
0.0028564929962158203,860.0
0.0028564929962158203,814.0
0.0028564929962158203,736.0
0.0028564929962158203,780.0
0.0028564929962158203,717.0
0.0028564929962158203,795.0
0.0028564929962158203,760.0
0.0028564929962158203,795.0
0.0028564929962158203,841.0
0.0028564929962158203,904.0
0.0028564929962158203,813.0
0.0028564929962158203,784.0
0.0028564929962158203,801.0
0.0028564929962158203,726.0
0.0028564929962158203,663.0
0.0028564929962158203,753.0
0.0028564929962158203,738.0
0.0028564929962158203,730.0
0.0028564929962158203,738.0
0.0028564929962158203,813.0
0.0028564929962158203,741.0
0.0028564929962158203,813.0
0.0028564929962158203,736.0
0.0028564929962158203,661.0
0.0028564929962158203,736.0
0.0028564929962158203,681.0
0.0028564929962158203,772.0
0.0028564929962158203,827.0
0.0028564929962158203,819.0
0.0028564929962158203,834.0
0.0028564929962158203,794.0
0.0028564929962158203,834.0
0.0028564929962158203,788.0
0.0028564929962158203,834.0
0.0028564929962158203,842.0
0.0028564929962158203,770.0
0.0028564929962158203,799.0
0.0028564929962158203,862.0
0.0028564929962158203,854.0
0.0028564929962158203,862.0
0.0028564929962158203,787.0
0.0028564929962158203,732.0
0.0028564929962158203,669.0
0.0028564929962158203,744.0
0.0028564929962158203,727.0
0.0028564929962158203,790.0
0.0028564929962158203,845.0
0.0028564929962158203,805.0
0.0028564929962158203,730.0
0.0028564929962158203,747.0
0.0028564929962158203,787.0
0.0028564929962158203,747.0
0.0028564929962158203,824.0
0.0028564929962158203,789.0
0.0028564929962158203,824.0
0.0028564929962158203,864.0
0.0028564929962158203,824.0
0.0028564929962158203,816.0
0.0028564929962158203,856.0
0.0028564929962158203,816.0
0.0028564929962158203,824.0
0.0028564929962158203,778.0
0.0028564929962158203,770.0
0.0028564929962158203,735.0
0.0028564929962158203,743.0
0.0028564929962158203,699.0
0.0028564929962158203,682.0
0.0028564929962158203,726.0
0.0028564929962158203,743.0
0.0028564929962158203,735.0
0.0028564929962158203,695.0
0.0028564929962158203,703.0
0.0028564929962158203,695.0
0.0028564929962158203,703.0
0.0028564929962158203,778.0
0.0028564929962158203,770.0
0.0028564929962158203,709.0
0.0028564929962158203,717.0
0.0028564929962158203,688.0
0.0028564929962158203,734.0
0.0028564929962158203,656.0
0.0028564929962158203,731.0
0.0028564929962158203,676.0
0.0028564929962158203,585.0
0.0028564929962158203,625.0
0.0028564929962158203,697.0
0.0028564929962158203,634.0
0.0028564929962158203,689.0
0.0028564929962158203,780.0
0.0028564929962158203,841.0
0.0028564929962158203,881.0
0.0028564929962158203,791.0
0.0028564929962158203,700.0
0.0028564929962158203,778.0
0.0028564929962158203,869.0
0.0028564929962158203,794.0
0.0028564929962158203,748.0
0.0028564929962158203,693.0
0.0028564929962158203,768.0
0.0028564929962158203,814.0
0.0028564929962158203,774.0
0.0028564929962158203,766.0
0.0028564929962158203,691.0
0.0028564929962158203,619.0
0.0028564929962158203,602.0
0.0028564929962158203,677.0
0.0028564929962158203,732.0
0.0028564929962158203,749.0
0.0028564929962158203,812.0
0.0028564929962158203,820.0
0.0028564929962158203,910.0
0.0028564929962158203,902.0
0.0028564929962158203,887.0
0.0028564929962158203,922.0
0.0028564929962158203,876.0
0.0028564929962158203,841.0
0.0028564929962158203,881.0
0.0028564929962158203,910.0
0.0028564929962158203,918.0
0.0028564929962158203,889.0
0.0028564929962158203,828.0
0.0028564929962158203,900.0
0.0028564929962158203,837.0
0.0028564929962158203,759.0
0.0028564929962158203,684.0
0.0028564929962158203,762.0
0.0028564929962158203,823.0
0.0028564929962158203,783.0
0.0028564929962158203,775.0
0.0028564929962158203,810.0
0.0028564929962158203,818.0
0.0028564929962158203,864.0
0.0028564929962158203,818.0
0.0028564929962158203,810.0
0.0028564929962158203,885.0
0.0028564929962158203,868.0
0.0028564929962158203,813.0
0.0028564929962158203,738.0
0.0028564929962158203,767.0
0.0028564929962158203,784.0
0.0028564929962158203,744.0
0.0028564929962158203,653.0
0.0028564929962158203,693.0
0.0028564929962158203,603.0
0.0028564929962158203,649.0
0.0028564929962158203,614.0
0.0028564929962158203,704.0
0.0028564929962158203,660.0
0.0028564929962158203,675.0
0.0028564929962158203,710.0
0.0028564929962158203,638.0
0.0028564929962158203,682.0
0.0028564929962158203,653.0
0.0028564929962158203,618.0
0.0028564929962158203,543.0
0.0028564929962158203,598.0
0.0028564929962158203,552.0
0.0028564929962158203,624.0
0.0028564929962158203,699.0
0.0028564929962158203,774.0
0.0028564929962158203,734.0
0.0028564929962158203,825.0
0.0028564929962158203,781.0
0.0028564929962158203,766.0
0.0028564929962158203,781.0
0.0028564929962158203,706.0
0.0028564929962158203,628.0
0.0028564929962158203,663.0
0.0028564929962158203,703.0
0.0028564929962158203,732.0
0.0028564929962158203,703.0
0.0028564929962158203,711.0
0.0028564929962158203,636.0
0.0028564929962158203,628.0
0.0028564929962158203,538.0
0.0028564929962158203,613.0
0.0028564929962158203,688.0
0.0028564929962158203,734.0
0.0028564929962158203,717.0
0.0028564929962158203,725.0
0.0028564929962158203,803.0
0.0028564929962158203,748.0
0.0028564929962158203,713.0
0.0028564929962158203,742.0
0.0028564929962158203,759.0
0.0028564929962158203,803.0
0.0028564929962158203,774.0
0.0028564929962158203,829.0
0.0028564929962158203,789.0
0.0028564929962158203,774.0
0.0028564929962158203,789.0
0.0028564929962158203,743.0
0.0028564929962158203,789.0
0.0028564929962158203,879.0
0.0028564929962158203,789.0
0.0028564929962158203,829.0
0.0028564929962158203,751.0
0.0028564929962158203,791.0
0.0028564929962158203,869.0
0.0028564929962158203,823.0
0.0028564929962158203,806.0
0.0028564929962158203,835.0
0.0028564929962158203,806.0
0.0028564929962158203,841.0
0.0028564929962158203,887.0
0.0028564929962158203,810.0
0.0028564929962158203,764.0
0.0028564929962158203,689.0
0.0028564929962158203,735.0
0.0028564929962158203,727.0
0.0028564929962158203,804.0
0.0028564929962158203,769.0
0.0028564929962158203,777.0
0.0028564929962158203,769.0
0.0028564929962158203,804.0
0.0028564929962158203,812.0
0.0028564929962158203,797.0
0.0028564929962158203,757.0
0.0028564929962158203,820.0
0.0028564929962158203,895.0
0.0028564929962158203,924.0
0.0028564929962158203,880.0
0.0028564929962158203,970.0
0.0028564929962158203,895.0
0.0028564929962158203,935.0
0.0028564929962158203,880.0
0.0028564929962158203,840.0
0.0028564929962158203,855.0
0.0028564929962158203,895.0
0.0028564929962158203,832.0
0.0028564929962158203,907.0
0.0028564929962158203,872.0
0.0028564929962158203,857.0
0.0028564929962158203,892.0
0.0028564929962158203,947.0
0.0028564929962158203,991.0
0.0028564929962158203,936.0
0.0028564929962158203,999.0
0.0028564929962158203,908.0
0.0028564929962158203,999.0
0.0028564929962158203,959.0
0.0028564929962158203,999.0
0.0028564929962158203,991.0
0.0028564929962158203,928.0
0.0028564929962158203,936.0
0.0028564929962158203,907.0
0.0028564929962158203,962.0
0.0028564929962158203,922.0
0.0028564929962158203,951.0
0.0028564929962158203,943.0
0.0028564929962158203,853.0
0.0028564929962158203,824.0
0.0028564929962158203,853.0
0.0028564929962158203,943.0
0.0028564929962158203,983.0
0.0028564929962158203,943.0
0.0028564929962158203,903.0
0.0028564929962158203,868.0
0.0028564929962158203,883.0
0.0028564929962158203,891.0
0.0028564929962158203,931.0
0.0028564929962158203,916.0
0.0028564929962158203,841.0
0.0028564929962158203,881.0
0.0028564929962158203,916.0
0.0028564929962158203,881.0
0.0028564929962158203,873.0
0.0028564929962158203,812.0
0.0028564929962158203,820.0
0.0028564929962158203,883.0
0.0028564929962158203,808.0
0.0028564929962158203,768.0
0.0028564929962158203,808.0
0.0028564929962158203,883.0
0.0028564929962158203,958.0
0.0028564929962158203,918.0
0.0028564929962158203,958.0
0.0028564929962158203,950.0
0.0028564929962158203,904.0
0.0028564929962158203,912.0
0.0028564929962158203,849.0
0.0028564929962158203,794.0
0.0028564929962158203,809.0
0.0028564929962158203,844.0
0.0028564929962158203,829.0
0.0028564929962158203,892.0
0.0028564929962158203,814.0
0.0028564929962158203,892.0
0.0028564929962158203,953.0
0.0028564929962158203,918.0
0.0028564929962158203,933.0
0.0028564929962158203,925.0
0.0028564929962158203,971.0
0.0028564929962158203,925.0
0.0028564929962158203,971.0
0.0028564929962158203,908.0
0.0028564929962158203,893.0
0.0028564929962158203,910.0
0.0028564929962158203,918.0
0.0028564929962158203,901.0
0.0028564929962158203,956.0
0.0028564929962158203,865.0
0.0028564929962158203,956.0
0.0028564929962158203,973.0
0.0028564929962158203,965.0
0.0028564929962158203,890.0
0.0028564929962158203,850.0
0.0028564929962158203,865.0
0.0028564929962158203,850.0
0.0028564929962158203,810.0
0.0028564929962158203,850.0
0.0028564929962158203,913.0
0.0028564929962158203,896.0
0.0028564929962158203,931.0
0.0028564929962158203,902.0
0.0028564929962158203,917.0
0.0028564929962158203,873.0
0.0028564929962158203,913.0
0.0028564929962158203,921.0
0.0028564929962158203,875.0
0.0028564929962158203,950.0
0.0028564929962158203,915.0
0.0028564929962158203,950.0
0.0028564929962158203,996.0
0.0028564929962158203,988.0
0.0028564929962158203,948.0
0.0028564929962158203,977.0
0.0028564929962158203,948.0
0.0028564929962158203,988.0
0.0028564929962158203,948.0
0.0028564929962158203,885.0
0.0028564929962158203,902.0
0.0028564929962158203,867.0
0.0028564929962158203,875.0
0.0028564929962158203,915.0
0.0028564929962158203,900.0
0.0028564929962158203,825.0
0.0028564929962158203,750.0
0.0028564929962158203,794.0
0.0028564929962158203,829.0
0.0028564929962158203,858.0
0.0028564929962158203,818.0
0.0028564929962158203,801.0
0.0028564929962158203,746.0
0.0028564929962158203,669.0
0.0028564929962158203,686.0
0.0028564929962158203,701.0
0.0028564929962158203,693.0
0.0028564929962158203,664.0
0.0028564929962158203,739.0
0.0028564929962158203,648.0
0.0028564929962158203,631.0
0.0028564929962158203,671.0
0.0028564929962158203,688.0
0.0028564929962158203,696.0
0.0028564929962158203,656.0
0.0028564929962158203,711.0
0.0028564929962158203,788.0
0.0028564929962158203,773.0
0.0028564929962158203,727.0
0.0028564929962158203,790.0
0.0028564929962158203,700.0
0.0028564929962158203,660.0
0.0028564929962158203,643.0
0.0028564929962158203,683.0
0.0028564929962158203,675.0
0.0028564929962158203,750.0
0.0028564929962158203,790.0
0.0028564929962158203,807.0
0.0028564929962158203,836.0
0.0028564929962158203,801.0
0.0028564929962158203,847.0
0.0028564929962158203,855.0
0.0028564929962158203,945.0
0.0028564929962158203,905.0
0.0028564929962158203,897.0
0.0028564929962158203,905.0
0.0028564929962158203,945.0
0.0028564929962158203,928.0
0.0028564929962158203,1019.0
0.0028564929962158203,941.0
0.0028564929962158203,866.0
0.0028564929962158203,837.0
0.0028564929962158203,797.0
0.0028564929962158203,826.0
0.0028564929962158203,866.0
0.0028564929962158203,901.0
0.0028564929962158203,916.0
0.0028564929962158203,901.0
0.0028564929962158203,840.0
0.0028564929962158203,811.0
0.0028564929962158203,872.0
0.0028564929962158203,826.0
0.0028564929962158203,841.0
0.0028564929962158203,887.0
0.0028564929962158203,879.0
0.0028564929962158203,887.0
0.0028564929962158203,879.0
0.0028564929962158203,957.0
0.0028564929962158203,896.0
0.0028564929962158203,925.0
0.0028564929962158203,885.0
0.0028564929962158203,870.0
0.0028564929962158203,841.0
0.0028564929962158203,870.0
0.0028564929962158203,910.0
0.0028564929962158203,971.0
0.0028564929962158203,896.0
0.0028564929962158203,971.0
0.0028564929962158203,936.0
0.0028564929962158203,896.0
0.0028564929962158203,856.0
0.0028564929962158203,864.0
0.0028564929962158203,904.0
0.0028564929962158203,939.0
0.0028564929962158203,979.0
0.0028564929962158203,971.0
0.0028564929962158203,936.0
0.0028564929962158203,951.0
0.0028564929962158203,936.0
0.0028564929962158203,896.0
0.0028564929962158203,911.0
0.0028564929962158203,986.0
0.0028564929962158203,971.0
0.0028564929962158203,1011.0
0.0028564929962158203,982.0
0.0028564929962158203,1011.0
0.0028564929962158203,1019.0
0.0028564929962158203,1011.0
0.0028564929962158203,1019.0
0.0028564929962158203,1011.0
0.0028564929962158203,1019.0
0.0028564929962158203,990.0
0.0028564929962158203,950.0
0.0028564929962158203,942.0
0.0028564929962158203,982.0
0.0028564929962158203,999.0
0.0028564929962158203,955.0
0.0028564929962158203,990.0
0.0028564929962158203,944.0
0.0028564929962158203,904.0
0.0028564929962158203,869.0
0.0028564929962158203,915.0
0.0028564929962158203,959.0
0.0028564929962158203,913.0
0.0028564929962158203,959.0
0.0028564929962158203,967.0
0.0028564929962158203,959.0
0.0028564929962158203,942.0
0.0028564929962158203,977.0
0.0028564929962158203,942.0
0.0028564929962158203,971.0
0.0028564929962158203,979.0
0.0028564929962158203,1019.0
0.0028564929962158203,990.0
0.0028564929962158203,1005.0
0.0028564929962158203,997.0
0.0028564929962158203,951.0
0.0028564929962158203,959.0
0.0028564929962158203,1005.0
0.0028564929962158203,997.0
0.0028564929962158203,1005.0
0.0028564929962158203,997.0
0.0028564929962158203,982.0
0.0028564929962158203,997.0
0.0028564929962158203,982.0
0.0028564929962158203,999.0
0.0028564929962158203,982.0
0.0028564929962158203,990.0
0.0028564929962158203,1025.0
0.0028564929962158203,985.0
0.0028564929962158203,1025.0
0.0028564929962158203,985.0
0.0028564929962158203,1014.0
0.0028564929962158203,1006.0
0.0028564929962158203,960.0
0.0028564929962158203,1006.0
0.0028564929962158203,1014.0
0.0028564929962158203,979.0
0.0028564929962158203,994.0
0.0028564929962158203,954.0
0.0028564929962158203,946.0
0.0028564929962158203,986.0
0.0028564929962158203,994.0
0.0028564929962158203,965.0
0.0028564929962158203,1005.0
0.0028564929962158203,997.0
0.0028564929962158203,1005.0
0.0028564929962158203,997.0
0.0028564929962158203,1005.0
0.0028564929962158203,997.0
0.0028564929962158203,1005.0
0.0028564929962158203,965.0
0.0028564929962158203,950.0
0.0028564929962158203,979.0
0.0028564929962158203,1019.0
0.0028564929962158203,1011.0
0.0028564929962158203,1019.0
0.0028564929962158203,1011.0
0.0028564929962158203,1019.0
0.0028564929962158203,958.0
0.0028564929962158203,914.0
0.0028564929962158203,975.0
0.0028564929962158203,990.0
0.0028564929962158203,982.0
0.0028564929962158203,953.0
0.0028564929962158203,970.0
0.0028564929962158203,978.0
0.0028564929962158203,970.0
0.0028564929962158203,978.0
0.0028564929962158203,970.0
0.0028564929962158203,978.0
0.0028564929962158203,963.0
0.0028564929962158203,978.0
0.0028564929962158203,970.0
0.0028564929962158203,978.0
0.0028564929962158203,970.0
0.0028564929962158203,978.0
0.0028564929962158203,970.0
0.0028564929962158203,978.0
0.0028564929962158203,970.0
0.0028564929962158203,978.0
0.0028564929962158203,970.0
0.0028564929962158203,978.0
0.0028564929962158203,970.0
0.0028564929962158203,978.0
0.0028564929962158203,961.0
0.0028564929962158203,978.0
0.0028564929962158203,970.0
0.0028564929962158203,978.0
0.0028564929962158203,970.0
0.0028564929962158203,978.0
0.0028564929962158203,970.0
0.0028564929962158203,955.0
0.0028564929962158203,970.0
0.0028564929962158203,953.0
0.0028564929962158203,997.0
0.0028564929962158203,1005.0
0.0028564929962158203,997.0
0.0028564929962158203,1005.0
0.0028564929962158203,990.0
0.0028564929962158203,1005.0
0.0028564929962158203,997.0
0.0028564929962158203,1005.0
0.0028564929962158203,997.0
0.0028564929962158203,982.0
0.0028564929962158203,1011.0
0.0028564929962158203,1019.0
0.0028564929962158203,1011.0
0.0028564929962158203,1019.0
0.0028564929962158203,1011.0
0.0028564929962158203,1019.0
0.0028564929962158203,1011.0
0.0028564929962158203,1019.0
