0.0,930.0
0.0,915.0
0.0,840.0
0.0,811.0
0.0,748.0
0.0,713.0
0.0,641.0
0.0,563.0
0.0,473.0
0.0,490.0
0.0,505.0
0.0,430.0
0.0,485.0
0.0,514.0
0.0,554.0
0.0,626.0
0.0,689.0
0.0,598.0
0.0,689.0
0.0,614.0
0.0,606.0
0.0,551.0
0.0,460.0
0.0,431.0
0.0,439.0
0.0,468.0
0.0,543.0
0.0,468.0
0.0,559.0
0.0,634.0
0.0,712.0
0.0,787.0
0.0,862.0
0.0,787.0
0.0,747.0
0.0,672.0
0.0,643.0
0.0,683.0
0.0,758.0
0.0,743.0
0.0,671.0
0.0,700.0
0.0,625.0
0.0,617.0
0.0,542.0
0.0,525.0
0.0,464.0
0.0,536.0
0.0,490.0
0.0,427.0
0.0,490.0
0.0,545.0
0.0,620.0
0.0,580.0
0.0,505.0
0.0,465.0
0.0,410.0
0.0,333.0
0.0,394.0
0.0,438.0
0.0,493.0
0.0,568.0
0.0,645.0
0.0,584.0
0.0,529.0
0.0,451.0
0.0,466.0
0.0,451.0
0.0,497.0
0.0,532.0
0.0,572.0
0.0,526.0
0.0,601.0
0.0,679.0
0.0,740.0
0.0,795.0
0.0,760.0
0.0,683.0
0.0,718.0
0.0,726.0
0.0,651.0
0.0,741.0
0.0,758.0
0.0,686.0
0.0,678.0
0.0,649.0
0.0,726.0
0.0,755.0
0.0,678.0
0.0,603.0
0.0,586.0
0.0,594.0
0.0,559.0
0.0,530.0
0.0,490.0
0.0,530.0
0.0,605.0
0.0,620.0
0.0,660.0
0.0,732.0
0.0,654.0
0.0,591.0
0.0,536.0
0.0,553.0
0.0,628.0
0.0,537.0
0.0,529.0
0.0,454.0
0.0,545.0
0.0,591.0
0.0,599.0
0.0,538.0
0.0,599.0
0.0,677.0
0.0,605.0
0.0,515.0
0.0,550.0
0.0,579.0
0.0,488.0
0.0,565.0
0.0,640.0
0.0,712.0
0.0,775.0
0.0,697.0
0.0,620.0
0.0,580.0
0.0,540.0
0.0,465.0
0.0,430.0
0.0,384.0
0.0,309.0
0.0,294.0
0.0,329.0
0.0,369.0
0.0,352.0
0.0,280.0
0.0,295.0
0.0,255.0
0.0,295.0
0.0,251.0
0.0,188.0
0.0,205.0
0.0,197.0
0.0,136.0
0.0,191.0
0.0,237.0
0.0,300.0
0.0,254.0
0.0,298.0
0.0,388.0
0.0,463.0
0.0,509.0
0.0,587.0
0.0,627.0
0.0,635.0
0.0,707.0
0.0,663.0
0.0,628.0
0.0,703.0
0.0,625.0
0.0,535.0
0.0,495.0
0.0,570.0
0.0,555.0
0.0,526.0
0.0,604.0
0.0,532.0
0.0,457.0
0.0,532.0
0.0,469.0
0.0,414.0
0.0,454.0
0.0,526.0
0.0,541.0
0.0,533.0
0.0,568.0
0.0,493.0
0.0,568.0
0.0,528.0
0.0,605.0
0.0,565.0
0.0,548.0
0.0009937286376953125,638.0
0.0009937286376953125,699.0
0.0009937286376953125,624.0
0.0009937286376953125,632.0
0.0009937286376953125,557.0
0.0009937286376953125,612.0
0.0009937286376953125,537.0
0.0009937286376953125,612.0
0.0009937286376953125,641.0
0.0009937286376953125,716.0
0.0009937286376953125,638.0
0.0009937286376953125,623.0
0.0009937286376953125,568.0
0.0009937286376953125,583.0
0.0009937286376953125,537.0
0.0009937286376953125,628.0
0.0009937286376953125,620.0
0.0009937286376953125,545.0
0.0009937286376953125,589.0
0.0009937286376953125,514.0
0.0009937286376953125,453.0
0.0009937286376953125,516.0
0.0009937286376953125,562.0
0.0009937286376953125,471.0
0.0009937286376953125,399.0
0.0009937286376953125,474.0
0.0009937286376953125,514.0
0.0009937286376953125,589.0
0.0009937286376953125,514.0
0.0009937286376953125,554.0
0.0009937286376953125,626.0
0.0009937286376953125,582.0
0.0009937286376953125,542.0
0.0009937286376953125,467.0
0.0009937286376953125,438.0
0.0009937286376953125,392.0
0.0009937286376953125,400.0
0.0009937286376953125,360.0
0.0009937286376953125,400.0
0.0009937286376953125,328.0
0.0009937286376953125,389.0
0.0009937286376953125,433.0
0.0009937286376953125,508.0
0.0009937286376953125,468.0
0.0009937286376953125,424.0
0.0009937286376953125,464.0
0.0009937286376953125,539.0
0.0009937286376953125,462.0
0.0009937286376953125,502.0
0.0009937286376953125,441.0
0.0009937286376953125,485.0
0.0009937286376953125,410.0
0.0009937286376953125,488.0
0.0009937286376953125,448.0
0.0009937286376953125,413.0
0.0009937286376953125,488.0
0.0009937286376953125,528.0
0.0009937286376953125,563.0
0.0009937286376953125,618.0
0.0009937286376953125,574.0
0.0009937286376953125,559.0
0.0009937286376953125,631.0
0.0009937286376953125,660.0
0.0009937286376953125,751.0
0.0009937286376953125,688.0
0.0009937286376953125,633.0
0.0009937286376953125,593.0
0.0009937286376953125,648.0
0.0009937286376953125,573.0
0.0009937286376953125,619.0
0.0009937286376953125,528.0
0.0009937286376953125,488.0
0.0009937286376953125,459.0
0.0009937286376953125,476.0
0.0009937286376953125,520.0
0.0009937286376953125,581.0
0.0009937286376953125,596.0
0.0009937286376953125,636.0
0.0009937286376953125,558.0
0.0009937286376953125,598.0
0.0009937286376953125,673.0
0.0009937286376953125,629.0
0.0009937286376953125,614.0
0.0009937286376953125,658.0
0.0009937286376953125,735.0
0.0009937286376953125,813.0
0.0009937286376953125,736.0
0.0009937286376953125,696.0
0.0009937286376953125,606.0
0.0009937286376953125,696.0
0.0009937286376953125,661.0
0.0009937286376953125,701.0
0.0009937286376953125,778.0
0.0009937286376953125,732.0
0.0009937286376953125,747.0
0.0009937286376953125,675.0
0.0009937286376953125,635.0
0.0009937286376953125,675.0
0.0009937286376953125,660.0
0.0009937286376953125,643.0
0.0009937286376953125,718.0
0.0009937286376953125,663.0
0.0009937286376953125,680.0
0.0009937286376953125,672.0
0.0009937286376953125,680.0
0.0009937286376953125,619.0
0.0009937286376953125,611.0
0.0009937286376953125,536.0
0.0009937286376953125,599.0
0.0009937286376953125,555.0
0.0009937286376953125,478.0
0.0009937286376953125,493.0
0.0009937286376953125,415.0
0.0009937286376953125,492.0
0.0009937286376953125,475.0
0.0009937286376953125,566.0
0.0009937286376953125,641.0
0.0009937286376953125,551.0
0.0009937286376953125,568.0
0.0009937286376953125,528.0
0.0009937286376953125,572.0
0.0009937286376953125,557.0
0.0009937286376953125,618.0
0.0009937286376953125,557.0
0.0009937286376953125,572.0
0.0009937286376953125,509.0
0.0009937286376953125,517.0
0.0009937286376953125,502.0
0.0009937286376953125,425.0
0.0009937286376953125,460.0
0.0009937286376953125,385.0
0.0009937286376953125,310.0
0.0009937286376953125,339.0
0.0009937286376953125,394.0
0.0009937286376953125,484.0
0.0009937286376953125,440.0
0.0009937286376953125,365.0
0.0009937286376953125,310.0
0.0009937286376953125,385.0
0.0009937286376953125,350.0
0.0009937286376953125,390.0
0.0009937286376953125,299.0
0.0009937286376953125,343.0
0.0009937286376953125,335.0
0.0009937286376953125,410.0
0.0009937286376953125,370.0
0.0009937286376953125,353.0
0.0009937286376953125,444.0
0.0009937286376953125,484.0
0.0009937286376953125,561.0
0.0009937286376953125,576.0
0.0009937286376953125,536.0
0.0009937286376953125,445.0
0.0009937286376953125,508.0
0.0009937286376953125,563.0
0.0009937286376953125,548.0
0.0009937286376953125,493.0
0.0009937286376953125,403.0
0.0009937286376953125,458.0
0.0009937286376953125,383.0
0.0009937286376953125,343.0
0.0009937286376953125,360.0
0.0009937286376953125,451.0
0.0009937286376953125,526.0
0.0009937286376953125,572.0
0.0009937286376953125,644.0
0.0009937286376953125,684.0
0.0009937286376953125,699.0
0.0009937286376953125,622.0
0.0009937286376953125,550.0
0.0009937286376953125,585.0
0.0009937286376953125,568.0
0.0009937286376953125,553.0
0.0009937286376953125,524.0
0.0009937286376953125,532.0
0.0009937286376953125,488.0
0.0009937286376953125,565.0
0.0009937286376953125,474.0
0.0009937286376953125,399.0
0.0009937286376953125,443.0
0.0009937286376953125,460.0
0.0009937286376953125,397.0
0.0009937286376953125,353.0
0.0009937286376953125,414.0
0.0009937286376953125,477.0
0.0009937286376953125,460.0
0.0009937286376953125,397.0
0.0009937286376953125,475.0
0.0009937286376953125,429.0
0.0009937286376953125,389.0
0.0009937286376953125,464.0
0.0009937286376953125,409.0
0.0009937286376953125,500.0
0.0009937286376953125,492.0
0.0009937286376953125,555.0
0.0009937286376953125,601.0
0.0009937286376953125,641.0
0.0009937286376953125,681.0
0.0009937286376953125,603.0
0.0009937286376953125,620.0
0.0009937286376953125,664.0
0.0009937286376953125,736.0
0.0009937286376953125,696.0
0.0009937286376953125,704.0
0.0009937286376953125,643.0
0.0009937286376953125,571.0
0.0009937286376953125,508.0
0.0009937286376953125,433.0
0.0009937286376953125,398.0
0.0009937286376953125,381.0
0.0009937286376953125,396.0
0.0009937286376953125,486.0
0.0009937286376953125,395.0
0.0009937286376953125,351.0
0.0009937286376953125,442.0
0.0009937286376953125,367.0
0.0009937286376953125,411.0
0.0009937286376953125,446.0
0.0009937286376953125,431.0
0.0009937286376953125,506.0
0.0009937286376953125,578.0
0.0009937286376953125,593.0
0.0009937286376953125,516.0
0.0009937286376953125,579.0
0.0009937286376953125,544.0
0.0009937286376953125,481.0
0.0009937286376953125,542.0
0.0009937286376953125,577.0
0.0009937286376953125,606.0
0.0009937286376953125,545.0
0.0009937286376953125,530.0
0.0009937286376953125,570.0
0.0009937286376953125,585.0
0.0009937286376953125,640.0
0.0009937286376953125,550.0
0.0009937286376953125,515.0
0.0009937286376953125,469.0
0.0009937286376953125,546.0
0.0009937286376953125,455.0
0.0009937286376953125,545.0
0.0009937286376953125,591.0
0.0009937286376953125,666.0
0.0009937286376953125,757.0
0.0009937286376953125,835.0
0.0009937286376953125,806.0
0.0009937286376953125,728.0
0.0009937286376953125,688.0
0.0009937286376953125,611.0
0.0009937286376953125,672.0
0.0009937286376953125,626.0
0.0009937286376953125,551.0
0.0009937286376953125,629.0
0.0009937286376953125,574.0
0.0009937286376953125,649.0
0.0009937286376953125,684.0
0.0009937286376953125,649.0
0.0009937286376953125,605.0
0.0009937286376953125,651.0
0.0009937286376953125,695.0
0.0009937286376953125,655.0
0.0009937286376953125,580.0
0.0009937286376953125,635.0
0.0009937286376953125,591.0
0.0009937286376953125,631.0
0.0009937286376953125,660.0
0.0009937286376953125,704.0
0.0009937286376953125,629.0
0.0009937286376953125,706.0
0.0009937286376953125,666.0
0.0009937286376953125,620.0
0.0009937286376953125,666.0
0.0009937286376953125,651.0
0.0009937286376953125,726.0
0.0009937286376953125,766.0
0.0009937286376953125,705.0
0.0009937286376953125,630.0
0.0009937286376953125,665.0
0.0009937286376953125,705.0
0.0009937286376953125,768.0
0.0009937286376953125,677.0
0.0009937286376953125,738.0
0.0009937286376953125,753.0
0.0009937286376953125,681.0
0.0009937286376953125,604.0
0.0009937286376953125,575.0
0.0009937286376953125,535.0
0.0009937286376953125,610.0
0.0009937286376953125,566.0
0.0009937286376953125,491.0
0.0009937286376953125,401.0
0.0009937286376953125,492.0
0.0009937286376953125,446.0
0.0009937286376953125,438.0
0.0009937286376953125,360.0
0.0009937286376953125,297.0
0.0009937286376953125,305.0
0.0009937286376953125,351.0
0.0009937286376953125,305.0
0.0009937286376953125,395.0
0.0009937286376953125,387.0
0.0009937286376953125,462.0
0.0009937286376953125,537.0
0.0009937286376953125,614.0
0.0009937286376953125,574.0
0.0009937286376953125,603.0
0.0009937286376953125,528.0
0.0009937286376953125,603.0
0.0009937286376953125,643.0
0.0009937286376953125,552.0
0.0009937286376953125,462.0
0.0009937286376953125,422.0
0.0009937286376953125,407.0
0.0009937286376953125,447.0
0.0009937286376953125,407.0
0.0009937286376953125,497.0
0.0009937286376953125,572.0
0.0009937286376953125,618.0
0.0009937286376953125,658.0
0.0009937286376953125,749.0
0.0009937286376953125,821.0
0.0009937286376953125,865.0
0.0009937286376953125,873.0
0.0009937286376953125,783.0
0.0009937286376953125,754.0
0.0009937286376953125,679.0
0.0009937286376953125,742.0
0.0009937286376953125,757.0
0.0009937286376953125,797.0
0.0009937286376953125,757.0
0.0009937286376953125,685.0
0.0009937286376953125,670.0
0.0009937286376953125,607.0
0.0009937286376953125,516.0
0.0009937286376953125,508.0
0.0009937286376953125,537.0
0.0009937286376953125,462.0
0.0009937286376953125,433.0
0.0009937286376953125,372.0
0.0009937286376953125,463.0
0.0009937286376953125,535.0
0.0009937286376953125,625.0
0.0009937286376953125,548.0
0.0009937286376953125,609.0
0.0009937286376953125,574.0
0.0009937286376953125,582.0
0.0009937286376953125,617.0
0.0009937286376953125,527.0
0.0009937286376953125,436.0
0.0009937286376953125,453.0
0.0009937286376953125,530.0
0.0009937286376953125,458.0
0.0009937286376953125,414.0
0.0009937286376953125,379.0
0.0009937286376953125,408.0
0.0009937286376953125,480.0
0.0009937286376953125,495.0
0.0009937286376953125,420.0
0.0009937286376953125,365.0
0.0009937286376953125,357.0
0.0009937286376953125,420.0
0.0009937286376953125,511.0
0.0009937286376953125,546.0
0.0009937286376953125,601.0
0.0009937286376953125,566.0
0.0009937286376953125,641.0
0.0009937286376953125,612.0
0.0009937286376953125,687.0
0.0009937286376953125,722.0
0.0009937286376953125,705.0
0.0009937286376953125,670.0
0.0009937286376953125,699.0
0.0009937286376953125,622.0
0.0009937286376953125,699.0
0.0009937286376953125,659.0
0.0009937286376953125,737.0
0.0009937286376953125,676.0
0.0009937286376953125,585.0
0.0009937286376953125,510.0
0.0009937286376953125,495.0
0.0009937286376953125,418.0
0.0009937286376953125,340.0
0.0009937286376953125,357.0
0.0009937286376953125,365.0
0.0009937286376953125,455.0
0.0009937286376953125,447.0
0.0009937286376953125,487.0
0.0009937286376953125,564.0
0.0009937286376953125,599.0
0.0009937286376953125,536.0
0.0009937286376953125,544.0
0.0009937286376953125,469.0
0.0009937286376953125,513.0
0.0009937286376953125,591.0
0.0009937286376953125,583.0
0.0009937286376953125,623.0
0.0009937286376953125,568.0
0.0009937286376953125,539.0
0.0009937286376953125,630.0
0.0009937286376953125,590.0
0.0009937286376953125,513.0
0.0009937286376953125,441.0
0.0009937286376953125,502.0
0.0009937286376953125,456.0
0.0009937286376953125,416.0
0.0009937286376953125,456.0
0.0009937286376953125,528.0
0.0009937286376953125,591.0
0.0009937286376953125,646.0
0.0009937286376953125,606.0
0.0009937286376953125,543.0
0.0009937286376953125,583.0
0.0009937286376953125,548.0
0.0009937286376953125,476.0
0.0009937286376953125,516.0
0.0009937286376953125,476.0
0.0009937286376953125,539.0
0.0009937286376953125,614.0
0.0009937286376953125,539.0
0.0009937286376953125,484.0
0.0009937286376953125,492.0
0.0009937286376953125,475.0
0.0009937286376953125,521.0
0.0009937286376953125,477.0
0.0009937286376953125,414.0
0.0009937286376953125,454.0
0.0009937286376953125,414.0
0.0009937286376953125,406.0
0.0009937286376953125,328.0
0.0009937286376953125,282.0
0.0009937286376953125,311.0
0.0009937286376953125,386.0
0.0009937286376953125,403.0
0.0009937286376953125,478.0
0.0009937286376953125,550.0
0.0009937286376953125,475.0
0.0009937286376953125,400.0
0.0009937286376953125,328.0
0.0009937286376953125,400.0
0.0009937286376953125,475.0
0.0009937286376953125,414.0
0.0009937286376953125,449.0
0.0009937286376953125,464.0
0.0009937286376953125,392.0
0.0009937286376953125,467.0
0.0009937286376953125,544.0
0.0009937286376953125,599.0
0.0009937286376953125,643.0
0.0009937286376953125,651.0
0.0009937286376953125,574.0
0.0019941329956054688,566.0
0.0019941329956054688,511.0
0.0019941329956054688,551.0
0.0019941329956054688,460.0
0.0019941329956054688,535.0
0.0019941329956054688,495.0
0.0019941329956054688,558.0
0.0019941329956054688,543.0
0.0019941329956054688,508.0
0.0019941329956054688,586.0
0.0019941329956054688,496.0
0.0019941329956054688,421.0
0.0019941329956054688,436.0
0.0019941329956054688,497.0
0.0019941329956054688,572.0
0.0019941329956054688,532.0
0.0019941329956054688,503.0
0.0019941329956054688,593.0
0.0019941329956054688,622.0
0.0019941329956054688,694.0
0.0019941329956054688,679.0
0.0019941329956054688,662.0
0.0019941329956054688,670.0
0.0019941329956054688,609.0
0.0019941329956054688,519.0
0.0019941329956054688,475.0
0.0019941329956054688,510.0
0.0019941329956054688,571.0
0.0019941329956054688,499.0
0.0019941329956054688,421.0
0.0019941329956054688,461.0
0.0019941329956054688,539.0
0.0019941329956054688,554.0
0.0019941329956054688,514.0
0.0019941329956054688,499.0
0.0019941329956054688,424.0
0.0019941329956054688,395.0
0.0019941329956054688,486.0
0.0019941329956054688,451.0
0.0019941329956054688,491.0
0.0019941329956054688,563.0
0.0019941329956054688,488.0
0.0019941329956054688,517.0
0.0019941329956054688,607.0
0.0019941329956054688,647.0
0.0019941329956054688,556.0
0.0019941329956054688,600.0
0.0019941329956054688,617.0
0.0019941329956054688,600.0
0.0019941329956054688,525.0
0.0019941329956054688,542.0
0.0019941329956054688,617.0
0.0019941329956054688,632.0
0.0019941329956054688,723.0
0.0019941329956054688,683.0
0.0019941329956054688,639.0
0.0019941329956054688,599.0
0.0019941329956054688,645.0
0.0019941329956054688,628.0
0.0019941329956054688,668.0
0.0019941329956054688,628.0
0.0019941329956054688,645.0
0.0019941329956054688,616.0
0.0019941329956054688,601.0
0.0019941329956054688,676.0
0.0019941329956054688,604.0
0.0019941329956054688,619.0
0.0019941329956054688,654.0
0.0019941329956054688,576.0
0.0019941329956054688,513.0
0.0019941329956054688,467.0
0.0019941329956054688,511.0
0.0019941329956054688,450.0
0.0019941329956054688,375.0
0.0019941329956054688,450.0
0.0019941329956054688,527.0
0.0019941329956054688,510.0
0.0019941329956054688,582.0
0.0019941329956054688,547.0
0.0019941329956054688,539.0
0.0019941329956054688,579.0
0.0019941329956054688,539.0
0.0019941329956054688,464.0
0.0019941329956054688,504.0
0.0019941329956054688,521.0
0.0019941329956054688,529.0
0.0019941329956054688,607.0
0.0019941329956054688,647.0
0.0019941329956054688,710.0
0.0019941329956054688,666.0
0.0019941329956054688,589.0
0.0019941329956054688,514.0
0.0019941329956054688,591.0
0.0019941329956054688,652.0
0.0019941329956054688,612.0
0.0019941329956054688,647.0
0.0019941329956054688,556.0
0.0019941329956054688,478.0
0.0019941329956054688,524.0
0.0019941329956054688,516.0
0.0019941329956054688,607.0
0.0019941329956054688,590.0
0.0019941329956054688,513.0
0.0019941329956054688,423.0
0.0019941329956054688,498.0
0.0019941329956054688,553.0
0.0019941329956054688,513.0
0.0019941329956054688,498.0
0.0019941329956054688,506.0
0.0019941329956054688,535.0
0.0019941329956054688,550.0
0.0019941329956054688,625.0
0.0019941329956054688,570.0
0.0019941329956054688,648.0
0.0019941329956054688,688.0
0.0019941329956054688,765.0
0.0019941329956054688,782.0
0.0019941329956054688,704.0
0.0019941329956054688,794.0
0.0019941329956054688,834.0
0.0019941329956054688,771.0
0.0019941329956054688,834.0
0.0019941329956054688,757.0
0.0019941329956054688,740.0
0.0019941329956054688,784.0
0.0019941329956054688,769.0
0.0019941329956054688,740.0
0.0019941329956054688,700.0
0.0019941329956054688,656.0
0.0019941329956054688,610.0
0.0019941329956054688,520.0
0.0019941329956054688,597.0
0.0019941329956054688,522.0
0.0019941329956054688,577.0
0.0019941329956054688,621.0
0.0019941329956054688,560.0
0.0019941329956054688,525.0
0.0019941329956054688,542.0
0.0019941329956054688,620.0
0.0019941329956054688,545.0
0.0019941329956054688,501.0
0.0019941329956054688,423.0
0.0019941329956054688,467.0
0.0019941329956054688,545.0
0.0019941329956054688,606.0
0.0019941329956054688,621.0
0.0019941329956054688,543.0
0.0019941329956054688,633.0
0.0019941329956054688,561.0
0.0019941329956054688,639.0
0.0019941329956054688,631.0
0.0019941329956054688,660.0
0.0019941329956054688,582.0
0.0019941329956054688,542.0
0.0019941329956054688,577.0
0.0019941329956054688,562.0
0.0019941329956054688,637.0
0.0019941329956054688,620.0
0.0019941329956054688,557.0
0.0019941329956054688,574.0
0.0019941329956054688,484.0
0.0019941329956054688,574.0
0.0019941329956054688,513.0
0.0019941329956054688,438.0
0.0019941329956054688,394.0
0.0019941329956054688,469.0
0.0019941329956054688,378.0
0.0019941329956054688,453.0
0.0019941329956054688,424.0
0.0019941329956054688,347.0
0.0019941329956054688,387.0
0.0019941329956054688,312.0
0.0019941329956054688,390.0
0.0019941329956054688,335.0
0.0019941329956054688,364.0
0.0019941329956054688,439.0
0.0019941329956054688,483.0
0.0019941329956054688,574.0
0.0019941329956054688,499.0
0.0019941329956054688,424.0
0.0019941329956054688,479.0
0.0019941329956054688,554.0
0.0019941329956054688,631.0
0.0019941329956054688,639.0
0.0019941329956054688,610.0
0.0019941329956054688,575.0
0.0019941329956054688,485.0
0.0019941329956054688,430.0
0.0019941329956054688,339.0
0.0019941329956054688,331.0
0.0019941329956054688,406.0
0.0019941329956054688,329.0
0.0019941329956054688,375.0
0.0019941329956054688,465.0
0.0019941329956054688,421.0
0.0019941329956054688,484.0
0.0019941329956054688,545.0
0.0019941329956054688,528.0
0.0019941329956054688,465.0
0.0019941329956054688,542.0
0.0019941329956054688,582.0
0.0019941329956054688,542.0
0.0019941329956054688,577.0
0.0019941329956054688,531.0
0.0019941329956054688,456.0
0.0019941329956054688,381.0
0.0019941329956054688,436.0
0.0019941329956054688,480.0
0.0019941329956054688,488.0
0.0019941329956054688,534.0
0.0019941329956054688,456.0
0.0019941329956054688,421.0
0.0019941329956054688,461.0
0.0019941329956054688,552.0
0.0019941329956054688,462.0
0.0019941329956054688,534.0
0.0019941329956054688,488.0
0.0019941329956054688,411.0
0.0019941329956054688,426.0
0.0019941329956054688,501.0
0.0019941329956054688,576.0
0.0019941329956054688,654.0
0.0019941329956054688,610.0
0.0019941329956054688,570.0
0.0019941329956054688,495.0
0.0019941329956054688,530.0
0.0019941329956054688,607.0
0.0019941329956054688,647.0
0.0019941329956054688,639.0
0.0019941329956054688,562.0
0.0019941329956054688,637.0
0.0019941329956054688,681.0
0.0019941329956054688,646.0
0.0019941329956054688,675.0
0.0019941329956054688,710.0
0.0019941329956054688,800.0
0.0019941329956054688,808.0
0.0019941329956054688,717.0
0.0019941329956054688,677.0
0.0019941329956054688,642.0
0.0019941329956054688,598.0
0.0019941329956054688,526.0
0.0019941329956054688,566.0
0.0019941329956054688,491.0
0.0019941329956054688,568.0
0.0019941329956054688,659.0
0.0019941329956054688,604.0
0.0019941329956054688,679.0
0.0019941329956054688,604.0
0.0019941329956054688,667.0
0.0019941329956054688,627.0
0.0019941329956054688,566.0
0.0019941329956054688,627.0
0.0019941329956054688,537.0
0.0019941329956054688,529.0
0.0019941329956054688,452.0
0.0019941329956054688,391.0
0.0019941329956054688,446.0
0.0019941329956054688,383.0
0.0019941329956054688,427.0
0.0019941329956054688,372.0
0.0019941329956054688,343.0
0.0019941329956054688,378.0
0.0019941329956054688,418.0
0.0019941329956054688,481.0
0.0019941329956054688,441.0
0.0019941329956054688,481.0
0.0019941329956054688,403.0
0.0019941329956054688,464.0
0.0019941329956054688,424.0
0.0019941329956054688,502.0
0.0019941329956054688,439.0
0.0019941329956054688,485.0
0.0019941329956054688,424.0
0.0019941329956054688,479.0
0.0019941329956054688,444.0
0.0019941329956054688,519.0
0.0019941329956054688,441.0
0.0019941329956054688,458.0
0.0019941329956054688,414.0
0.0019941329956054688,475.0
0.0019941329956054688,460.0
0.0019941329956054688,523.0
0.0019941329956054688,531.0
0.0019941329956054688,575.0
0.0019941329956054688,652.0
0.0019941329956054688,591.0
0.0019941329956054688,669.0
0.0019941329956054688,661.0
0.0019941329956054688,586.0
0.0019941329956054688,508.0
0.0019941329956054688,516.0
0.0019941329956054688,472.0
0.0019941329956054688,455.0
0.0019941329956054688,378.0
0.0019941329956054688,303.0
0.0019941329956054688,240.0
0.0019941329956054688,275.0
0.0019941329956054688,350.0
0.0019941329956054688,425.0
0.0019941329956054688,515.0
0.0019941329956054688,578.0
0.0019941329956054688,618.0
0.0019941329956054688,633.0
0.0019941329956054688,710.0
0.0019941329956054688,754.0
0.0019941329956054688,663.0
0.0019941329956054688,617.0
0.0019941329956054688,562.0
0.0019941329956054688,527.0
0.0019941329956054688,573.0
0.0019941329956054688,664.0
0.0019941329956054688,624.0
0.0019941329956054688,549.0
0.0019941329956054688,604.0
0.0019941329956054688,549.0
0.0019941329956054688,578.0
0.0019941329956054688,563.0
0.0019941329956054688,523.0
0.0019941329956054688,598.0
0.0019941329956054688,535.0
0.0019941329956054688,460.0
0.0019941329956054688,500.0
0.0019941329956054688,575.0
0.0019941329956054688,485.0
0.0019941329956054688,557.0
0.0019941329956054688,511.0
0.0019941329956054688,589.0
0.0019941329956054688,635.0
0.0019941329956054688,560.0
0.0019941329956054688,520.0
0.0019941329956054688,575.0
0.0019941329956054688,650.0
0.0019941329956054688,713.0
0.0019941329956054688,730.0
0.0019941329956054688,770.0
0.0019941329956054688,679.0
0.0019941329956054688,604.0
0.0019941329956054688,679.0
0.0019941329956054688,769.0
0.0019941329956054688,679.0
0.0019941329956054688,635.0
0.0019941329956054688,560.0
0.0019941329956054688,635.0
0.0019941329956054688,726.0
0.0019941329956054688,654.0
0.0019941329956054688,637.0
0.0019941329956054688,597.0
0.0019941329956054688,658.0
0.0019941329956054688,733.0
0.0019941329956054688,655.0
0.0019941329956054688,727.0
0.0019941329956054688,666.0
0.0019941329956054688,706.0
0.0019941329956054688,660.0
0.0019941329956054688,677.0
0.0019941329956054688,648.0
0.0019941329956054688,585.0
0.0019941329956054688,620.0
0.0019941329956054688,548.0
0.0019941329956054688,588.0
0.0019941329956054688,651.0
0.0019941329956054688,712.0
0.0019941329956054688,758.0
0.0019941329956054688,836.0
0.0019941329956054688,745.0
0.0019941329956054688,835.0
0.0019941329956054688,745.0
0.0019941329956054688,670.0
0.0019941329956054688,761.0
0.0019941329956054688,790.0
0.0019941329956054688,865.0
0.0019941329956054688,802.0
0.0019941329956054688,794.0
0.0019941329956054688,733.0
0.0019941329956054688,704.0
0.0019941329956054688,712.0
0.0019941329956054688,657.0
0.0019941329956054688,582.0
0.0019941329956054688,491.0
0.0019941329956054688,414.0
0.0019941329956054688,336.0
0.0019941329956054688,426.0
0.0019941329956054688,470.0
0.0019941329956054688,499.0
0.0019941329956054688,453.0
0.0019941329956054688,418.0
0.0019941329956054688,473.0
0.0019941329956054688,398.0
0.0019941329956054688,459.0
0.0019941329956054688,415.0
0.0019941329956054688,461.0
0.0019941329956054688,421.0
0.0019941329956054688,375.0
0.0019941329956054688,452.0
0.0019941329956054688,444.0
0.0019941329956054688,427.0
0.0019941329956054688,462.0
0.0019941329956054688,407.0
0.0019941329956054688,462.0
0.0019941329956054688,508.0
0.0019941329956054688,516.0
0.0019941329956054688,594.0
0.0019941329956054688,539.0
0.0019941329956054688,611.0
0.0019941329956054688,674.0
0.0019941329956054688,584.0
0.0019941329956054688,523.0
0.0019941329956054688,567.0
0.0019941329956054688,527.0
0.0019941329956054688,449.0
0.0019941329956054688,466.0
0.0019941329956054688,437.0
0.0019941329956054688,402.0
0.0019941329956054688,339.0
0.0019941329956054688,379.0
0.0019941329956054688,419.0
0.0019941329956054688,347.0
0.0019941329956054688,382.0
0.0019941329956054688,460.0
0.0019941329956054688,489.0
0.0019941329956054688,552.0
0.0019941329956054688,567.0
0.0019941329956054688,639.0
0.0019941329956054688,564.0
0.0019941329956054688,625.0
0.0019941329956054688,700.0
0.0019941329956054688,639.0
0.0019941329956054688,599.0
0.0019941329956054688,570.0
0.0019941329956054688,524.0
0.0019941329956054688,564.0
0.0019941329956054688,556.0
0.0019941329956054688,564.0
0.0019941329956054688,639.0
0.0019941329956054688,595.0
0.0019941329956054688,560.0
0.0019941329956054688,520.0
0.0019941329956054688,610.0
0.0019941329956054688,538.0
0.0019941329956054688,582.0
0.0019941329956054688,504.0
0.0019941329956054688,539.0
0.0019941329956054688,611.0
0.0019941329956054688,657.0
0.0019941329956054688,582.0
0.0019941329956054688,657.0
0.0019941329956054688,732.0
0.0019941329956054688,657.0
0.0019941329956054688,613.0
0.0019941329956054688,598.0
0.0019941329956054688,590.0
0.0019941329956054688,651.0
0.0019941329956054688,576.0
0.0019941329956054688,504.0
0.0019941329956054688,487.0
0.0019941329956054688,502.0
0.0019941329956054688,519.0
0.0019941329956054688,563.0
0.0019941329956054688,603.0
0.0019941329956054688,526.0
0.0019941329956054688,555.0
0.0019941329956054688,633.0
0.0019941329956054688,555.0
0.0019941329956054688,520.0
0.0019941329956054688,480.0
0.0019941329956054688,419.0
0.0019941329956054688,373.0
0.0019941329956054688,448.0
0.0019941329956054688,509.0
0.0019941329956054688,517.0
0.0019941329956054688,502.0
0.0019941329956054688,517.0
0.0019941329956054688,589.0
0.0019941329956054688,624.0
0.0019941329956054688,664.0
0.0019941329956054688,624.0
0.0019941329956054688,563.0
0.0019941329956054688,488.0
0.0019941329956054688,528.0
0.0019941329956054688,465.0
0.0019941329956054688,540.0
0.0019941329956054688,500.0
0.0019941329956054688,591.0
0.0019941329956054688,631.0
0.0019941329956054688,677.0
0.0019941329956054688,648.0
0.0019941329956054688,558.0
0.0019941329956054688,512.0
0.0019941329956054688,504.0
0.0019941329956054688,429.0
0.0019941329956054688,504.0
0.0019941329956054688,460.0
0.0019941329956054688,506.0
0.0019941329956054688,535.0
0.0019941329956054688,460.0
0.0019941329956054688,385.0
0.0019941329956054688,429.0
0.0019941329956054688,400.0
0.0019941329956054688,309.0
0.0019941329956054688,399.0
0.0019941329956054688,477.0
0.0019941329956054688,433.0
0.0019941329956054688,355.0
0.0019941329956054688,320.0
0.0019941329956054688,383.0
0.0019941329956054688,368.0
0.0019941329956054688,351.0
0.0019941329956054688,359.0
0.0019941329956054688,434.0
0.0019941329956054688,511.0
0.0019941329956054688,434.0
0.0019941329956054688,359.0
0.0019941329956054688,437.0
0.0019941329956054688,397.0
0.0019941329956054688,441.0
0.0019941329956054688,516.0
0.0019941329956054688,531.0
0.0019941329956054688,487.0
0.0019941329956054688,447.0
0.0019941329956054688,524.0
0.0019941329956054688,585.0
0.0019941329956054688,614.0
0.0019941329956054688,658.0
0.0019941329956054688,675.0
0.0019941329956054688,658.0
0.0019941329956054688,597.0
0.0019941329956054688,652.0
0.0019941329956054688,692.0
0.0019941329956054688,767.0
0.0019941329956054688,723.0
0.0019941329956054688,646.0
0.0019941329956054688,591.0
0.0019941329956054688,635.0
0.0019941329956054688,627.0
0.0019941329956054688,718.0
0.0019941329956054688,672.0
0.0019941329956054688,628.0
0.0019941329956054688,663.0
0.0019941329956054688,588.0
0.0019941329956054688,513.0
0.0019941329956054688,435.0
0.0019941329956054688,490.0
0.0019941329956054688,565.0
0.0019941329956054688,609.0
0.0019941329956054688,686.0
0.0019941329956054688,732.0
0.0019941329956054688,641.0
0.0019941329956054688,551.0
0.0019941329956054688,536.0
0.0019941329956054688,597.0
0.0019941329956054688,553.0
0.0019941329956054688,524.0
0.0019941329956054688,463.0
0.0019941329956054688,391.0
0.0019941329956054688,351.0
0.0019941329956054688,368.0
0.0019941329956054688,291.0
0.0019941329956054688,369.0
0.0019941329956054688,409.0
0.0019941329956054688,417.0
0.0019941329956054688,446.0
0.0019941329956054688,417.0
0.0019941329956054688,478.0
0.0019941329956054688,417.0
0.0019941329956054688,507.0
0.0019941329956054688,432.0
0.0019941329956054688,386.0
0.0019941329956054688,447.0
0.0019941329956054688,491.0
0.0019941329956054688,566.0
0.0019941329956054688,581.0
0.0019941329956054688,537.0
0.0019941329956054688,474.0
0.0019941329956054688,419.0
0.0019941329956054688,411.0
0.0019941329956054688,455.0
0.0019941329956054688,438.0
0.0019941329956054688,513.0
0.0019941329956054688,521.0
0.0019941329956054688,567.0
0.0019941329956054688,658.0
0.0019941329956054688,614.0
0.0019941329956054688,574.0
0.0019941329956054688,528.0
0.0019941329956054688,572.0
0.0019941329956054688,644.0
0.0019941329956054688,684.0
0.0019941329956054688,609.0
0.0019941329956054688,601.0
0.0019941329956054688,676.0
0.0019941329956054688,716.0
0.0019941329956054688,779.0
0.0019941329956054688,739.0
0.0019941329956054688,695.0
0.0019941329956054688,735.0
0.0019941329956054688,810.0
0.0019941329956054688,735.0
0.0019941329956054688,645.0
0.0019941329956054688,689.0
0.0019941329956054688,598.0
0.0019941329956054688,653.0
0.0019941329956054688,613.0
0.0019941329956054688,558.0
0.0019941329956054688,518.0
0.0019941329956054688,455.0
0.0019941329956054688,440.0
0.0019941329956054688,469.0
0.0019941329956054688,486.0
0.0019941329956054688,457.0
0.0019941329956054688,503.0
0.0019941329956054688,558.0
0.0019941329956054688,523.0
0.0019941329956054688,531.0
0.0019941329956054688,606.0
0.0019941329956054688,531.0
0.0019941329956054688,571.0
0.0019941329956054688,499.0
0.0019941329956054688,539.0
0.0019941329956054688,531.0
0.0019941329956054688,487.0
0.0019941329956054688,409.0
0.0019941329956054688,363.0
0.0019941329956054688,440.0
0.0019941329956054688,530.0
0.0019941329956054688,453.0
0.0019941329956054688,378.0
0.0019941329956054688,338.0
0.0019941329956054688,353.0
0.0019941329956054688,336.0
0.0019941329956054688,371.0
0.0019941329956054688,448.0
0.0019941329956054688,539.0
0.0019941329956054688,484.0
0.0019941329956054688,530.0
0.0019941329956054688,574.0
0.0019941329956054688,513.0
0.0019941329956054688,585.0
0.0019941329956054688,539.0
0.0019941329956054688,462.0
0.0019941329956054688,523.0
0.0019941329956054688,448.0
0.0019941329956054688,488.0
0.0019941329956054688,534.0
0.0019941329956054688,462.0
0.0019941329956054688,422.0
0.0019941329956054688,462.0
0.0019941329956054688,537.0
0.0019941329956054688,502.0
0.0019941329956054688,456.0
0.0019941329956054688,519.0
0.0019941329956054688,591.0
0.0019941329956054688,599.0
0.0019941329956054688,559.0
0.0019941329956054688,469.0
0.0019941329956054688,486.0
0.0019941329956054688,532.0
0.0019941329956054688,524.0
0.0019941329956054688,461.0
0.0019941329956054688,417.0
0.0019941329956054688,371.0
0.0019941329956054688,446.0
0.0019941329956054688,454.0
0.0019941329956054688,393.0
0.0019941329956054688,422.0
0.0019941329956054688,466.0
0.0019941329956054688,544.0
0.0019941329956054688,621.0
0.0019941329956054688,581.0
0.0019941329956054688,616.0
0.0019941329956054688,572.0
0.0019941329956054688,537.0
0.0019941329956054688,583.0
0.0019941329956054688,566.0
0.0019941329956054688,583.0
0.0019941329956054688,554.0
0.0019941329956054688,594.0
0.0019941329956054688,519.0
0.0019941329956054688,447.0
0.0019941329956054688,482.0
0.0019941329956054688,407.0
0.0019941329956054688,447.0
0.0019941329956054688,430.0
0.0019941329956054688,395.0
0.0019941329956054688,430.0
0.0019941329956054688,415.0
0.0019941329956054688,490.0
0.0019941329956054688,551.0
0.0019941329956054688,568.0
0.0019941329956054688,491.0
0.0019941329956054688,566.0
0.0019941329956054688,558.0
0.0019941329956054688,621.0
0.0019941329956054688,636.0
0.0019941329956054688,561.0
0.0019941329956054688,521.0
0.0019941329956054688,446.0
0.0019941329956054688,429.0
0.0019941329956054688,469.0
0.0019941329956054688,454.0
0.0019941329956054688,483.0
0.0019941329956054688,443.0
0.0019941329956054688,533.0
0.0019941329956054688,493.0
0.0019941329956054688,570.0
0.0019941329956054688,492.0
0.0019941329956054688,401.0
0.0019941329956054688,324.0
0.0019941329956054688,364.0
0.0019941329956054688,381.0
0.0019941329956054688,436.0
0.0019941329956054688,375.0
0.0019941329956054688,390.0
0.0019941329956054688,465.0
0.0019941329956054688,436.0
0.0019941329956054688,396.0
0.0019941329956054688,436.0
0.0019941329956054688,511.0
0.0019941329956054688,586.0
0.0019941329956054688,511.0
0.0019941329956054688,586.0
0.0019941329956054688,540.0
0.0019941329956054688,505.0
0.0019941329956054688,583.0
0.0019941329956054688,508.0
0.0019941329956054688,599.0
0.0019941329956054688,643.0
0.0019941329956054688,588.0
0.0019941329956054688,548.0
0.0019941329956054688,623.0
0.0019941329956054688,663.0
0.0019941329956054688,698.0
0.0019941329956054688,753.0
0.0019941329956054688,690.0
0.0019941329956054688,612.0
0.0019941329956054688,658.0
0.0019941329956054688,583.0
0.0019941329956054688,623.0
0.0019941329956054688,608.0
0.0019941329956054688,533.0
0.0019941329956054688,541.0
0.0019941329956054688,616.0
0.0019941329956054688,677.0
0.0019941329956054688,586.0
0.0019941329956054688,658.0
0.0019941329956054688,733.0
0.0019941329956054688,824.0
0.0019941329956054688,769.0
0.0019941329956054688,679.0
0.0019941329956054688,757.0
0.0019941329956054688,696.0
0.0019941329956054688,618.0
0.0019941329956054688,574.0
0.0019941329956054688,589.0
0.0019941329956054688,667.0
0.0019941329956054688,592.0
0.0019941329956054688,577.0
0.0019941329956054688,592.0
0.0019941329956054688,621.0
0.0019941329956054688,682.0
0.0019941329956054688,610.0
0.0019941329956054688,682.0
0.0019941329956054688,674.0
0.0019941329956054688,596.0
0.0019941329956054688,556.0
0.0019941329956054688,495.0
0.0019941329956054688,535.0
0.0019941329956054688,610.0
0.0019941329956054688,570.0
0.0019941329956054688,625.0
0.0019941329956054688,550.0
0.0019941329956054688,611.0
0.0019941329956054688,520.0
0.0019941329956054688,595.0
0.0019941329956054688,540.0
0.0019941329956054688,525.0
0.0019941329956054688,580.0
0.0019941329956054688,595.0
0.0019941329956054688,603.0
0.0019941329956054688,557.0
0.0019941329956054688,620.0
0.0019941329956054688,603.0
0.0019941329956054688,548.0
0.0019941329956054688,519.0
0.0019941329956054688,444.0
0.0019941329956054688,490.0
0.0019941329956054688,444.0
0.0019941329956054688,429.0
0.0019941329956054688,354.0
0.0019941329956054688,445.0
0.0019941329956054688,522.0
0.0019941329956054688,568.0
0.0019941329956054688,643.0
0.0019941329956054688,568.0
0.0019941329956054688,560.0
0.0019941329956054688,589.0
0.0019941329956054688,526.0
0.0019941329956054688,570.0
0.0019941329956054688,625.0
0.0019941329956054688,564.0
0.0019941329956054688,627.0
0.0019941329956054688,688.0
0.0019941329956054688,705.0
0.0019941329956054688,713.0
0.0019941329956054688,705.0
0.0019941329956054688,661.0
0.0019941329956054688,676.0
0.0019941329956054688,621.0
0.0019941329956054688,558.0
0.0019941329956054688,621.0
0.0019941329956054688,581.0
0.0019941329956054688,518.0
0.0019941329956054688,427.0
0.0019941329956054688,410.0
0.0019941329956054688,454.0
0.0019941329956054688,377.0
0.0019941329956054688,452.0
0.0019941329956054688,408.0
0.0019941329956054688,452.0
0.0019941329956054688,542.0
0.002993345260620117,582.0
0.002993345260620117,659.0
0.002993345260620117,624.0
0.002993345260620117,549.0
0.002993345260620117,472.0
0.002993345260620117,457.0
0.002993345260620117,474.0
0.002993345260620117,551.0
0.002993345260620117,507.0
0.002993345260620117,478.0
0.002993345260620117,461.0
0.002993345260620117,536.0
0.002993345260620117,571.0
0.002993345260620117,600.0
0.002993345260620117,608.0
0.002993345260620117,573.0
0.002993345260620117,544.0
0.002993345260620117,579.0
0.002993345260620117,489.0
0.002993345260620117,529.0
0.002993345260620117,454.0
0.002993345260620117,483.0
0.002993345260620117,527.0
0.002993345260620117,602.0
0.002993345260620117,692.0
0.002993345260620117,747.0
0.002993345260620117,707.0
0.002993345260620117,724.0
0.002993345260620117,649.0
0.002993345260620117,614.0
0.002993345260620117,585.0
0.002993345260620117,541.0
0.002993345260620117,556.0
0.002993345260620117,516.0
0.002993345260620117,591.0
0.002993345260620117,501.0
0.002993345260620117,545.0
0.002993345260620117,635.0
0.002993345260620117,675.0
0.002993345260620117,753.0
0.002993345260620117,709.0
0.002993345260620117,634.0
0.002993345260620117,594.0
0.002993345260620117,634.0
0.002993345260620117,544.0
0.002993345260620117,469.0
0.002993345260620117,544.0
0.002993345260620117,498.0
0.002993345260620117,589.0
0.002993345260620117,514.0
0.002993345260620117,453.0
0.002993345260620117,413.0
0.002993345260620117,488.0
0.002993345260620117,528.0
0.002993345260620117,618.0
0.002993345260620117,679.0
0.002993345260620117,719.0
0.002993345260620117,679.0
0.002993345260620117,714.0
0.002993345260620117,789.0
0.002993345260620117,835.0
0.002993345260620117,910.0
0.002993345260620117,833.0
0.002993345260620117,816.0
0.002993345260620117,741.0
0.002993345260620117,816.0
0.002993345260620117,781.0
0.002993345260620117,726.0
0.002993345260620117,635.0
0.002993345260620117,560.0
0.002993345260620117,589.0
0.002993345260620117,666.0
0.002993345260620117,594.0
0.002993345260620117,533.0
0.002993345260620117,458.0
0.002993345260620117,498.0
0.002993345260620117,515.0
0.002993345260620117,587.0
0.002993345260620117,579.0
0.002993345260620117,623.0
0.002993345260620117,684.0
0.002993345260620117,669.0
0.002993345260620117,704.0
0.002993345260620117,759.0
0.002993345260620117,682.0
0.002993345260620117,759.0
0.002993345260620117,822.0
0.002993345260620117,778.0
0.002993345260620117,853.0
0.002993345260620117,861.0
0.002993345260620117,936.0
0.002993345260620117,907.0
0.002993345260620117,832.0
0.002993345260620117,797.0
0.002993345260620117,872.0
0.002993345260620117,794.0
0.002993345260620117,754.0
0.002993345260620117,746.0
0.002993345260620117,754.0
0.002993345260620117,679.0
0.002993345260620117,604.0
0.002993345260620117,541.0
0.002993345260620117,576.0
0.002993345260620117,530.0
0.002993345260620117,574.0
0.002993345260620117,665.0
0.002993345260620117,630.0
0.002993345260620117,665.0
0.002993345260620117,593.0
0.002993345260620117,668.0
0.002993345260620117,577.0
0.002993345260620117,502.0
0.002993345260620117,580.0
0.002993345260620117,540.0
0.002993345260620117,580.0
0.002993345260620117,540.0
0.002993345260620117,479.0
0.002993345260620117,471.0
0.002993345260620117,546.0
0.002993345260620117,607.0
0.002993345260620117,563.0
0.002993345260620117,546.0
0.002993345260620117,491.0
0.002993345260620117,430.0
0.002993345260620117,438.0
0.002993345260620117,484.0
0.002993345260620117,575.0
0.002993345260620117,498.0
0.002993345260620117,538.0
0.002993345260620117,578.0
0.002993345260620117,595.0
0.002993345260620117,639.0
0.002993345260620117,604.0
0.002993345260620117,665.0
0.002993345260620117,619.0
0.002993345260620117,529.0
0.002993345260620117,512.0
0.002993345260620117,472.0
0.002993345260620117,394.0
0.002993345260620117,333.0
0.002993345260620117,379.0
0.002993345260620117,304.0
0.002993345260620117,264.0
0.002993345260620117,342.0
0.002993345260620117,267.0
0.002993345260620117,342.0
0.002993345260620117,382.0
0.002993345260620117,411.0
0.002993345260620117,382.0
0.002993345260620117,399.0
0.002993345260620117,321.0
0.002993345260620117,246.0
0.002993345260620117,324.0
0.002993345260620117,387.0
0.002993345260620117,464.0
0.002993345260620117,373.0
0.002993345260620117,296.0
0.002993345260620117,386.0
0.002993345260620117,378.0
0.002993345260620117,413.0
0.002993345260620117,421.0
0.002993345260620117,343.0
0.002993345260620117,308.0
0.002993345260620117,369.0
0.002993345260620117,352.0
0.002993345260620117,427.0
0.002993345260620117,462.0
0.002993345260620117,502.0
0.002993345260620117,579.0
0.002993345260620117,516.0
0.002993345260620117,571.0
0.002993345260620117,588.0
0.002993345260620117,548.0
0.002993345260620117,611.0
0.002993345260620117,576.0
0.002993345260620117,667.0
0.002993345260620117,682.0
0.002993345260620117,605.0
0.002993345260620117,559.0
0.002993345260620117,504.0
0.002993345260620117,443.0
0.002993345260620117,489.0
0.002993345260620117,564.0
0.002993345260620117,599.0
0.002993345260620117,676.0
0.002993345260620117,632.0
0.002993345260620117,541.0
0.002993345260620117,613.0
0.002993345260620117,691.0
0.002993345260620117,651.0
0.002993345260620117,691.0
0.002993345260620117,628.0
0.002993345260620117,689.0
0.002993345260620117,729.0
0.002993345260620117,689.0
0.002993345260620117,672.0
0.002993345260620117,763.0
0.002993345260620117,826.0
0.002993345260620117,866.0
0.002993345260620117,831.0
0.002993345260620117,740.0
0.002993345260620117,725.0
0.002993345260620117,650.0
0.002993345260620117,679.0
0.002993345260620117,650.0
0.002993345260620117,725.0
0.002993345260620117,742.0
0.002993345260620117,702.0
0.002993345260620117,656.0
0.002993345260620117,616.0
0.002993345260620117,608.0
0.002993345260620117,518.0
0.002993345260620117,609.0
0.002993345260620117,546.0
0.002993345260620117,592.0
0.002993345260620117,636.0
0.002993345260620117,559.0
0.002993345260620117,487.0
0.002993345260620117,409.0
0.002993345260620117,484.0
0.002993345260620117,524.0
0.002993345260620117,539.0
0.002993345260620117,617.0
0.002993345260620117,571.0
0.002993345260620117,531.0
0.002993345260620117,577.0
0.002993345260620117,667.0
0.002993345260620117,707.0
0.002993345260620117,667.0
0.002993345260620117,730.0
0.002993345260620117,655.0
0.002993345260620117,611.0
0.002993345260620117,686.0
0.002993345260620117,640.0
0.002993345260620117,712.0
0.002993345260620117,741.0
0.002993345260620117,724.0
0.002993345260620117,759.0
0.002993345260620117,696.0
0.002993345260620117,667.0
0.002993345260620117,730.0
0.002993345260620117,770.0
0.002993345260620117,787.0
0.002993345260620117,696.0
0.002993345260620117,740.0
0.002993345260620117,725.0
0.002993345260620117,765.0
0.002993345260620117,690.0
0.002993345260620117,673.0
0.002993345260620117,690.0
0.002993345260620117,600.0
0.002993345260620117,691.0
0.002993345260620117,616.0
0.002993345260620117,576.0
0.002993345260620117,653.0
0.002993345260620117,668.0
0.002993345260620117,723.0
0.002993345260620117,651.0
0.002993345260620117,680.0
0.002993345260620117,688.0
0.002993345260620117,597.0
0.002993345260620117,519.0
0.002993345260620117,464.0
0.002993345260620117,435.0
0.002993345260620117,464.0
0.002993345260620117,542.0
0.002993345260620117,481.0
0.002993345260620117,527.0
0.002993345260620117,498.0
0.002993345260620117,458.0
0.002993345260620117,412.0
0.002993345260620117,487.0
0.002993345260620117,479.0
0.002993345260620117,444.0
0.002993345260620117,534.0
0.002993345260620117,542.0
0.002993345260620117,534.0
0.002993345260620117,609.0
0.002993345260620117,531.0
0.002993345260620117,487.0
0.002993345260620117,542.0
0.002993345260620117,525.0
0.002993345260620117,560.0
0.002993345260620117,600.0
0.002993345260620117,608.0
0.002993345260620117,652.0
0.002993345260620117,743.0
0.002993345260620117,666.0
0.002993345260620117,712.0
0.002993345260620117,637.0
0.002993345260620117,574.0
0.002993345260620117,649.0
0.002993345260620117,609.0
0.002993345260620117,534.0
0.002993345260620117,459.0
0.002993345260620117,537.0
0.002993345260620117,529.0
0.002993345260620117,604.0
0.002993345260620117,612.0
0.002993345260620117,629.0
0.002993345260620117,551.0
0.002993345260620117,612.0
0.002993345260620117,537.0
0.002993345260620117,612.0
0.002993345260620117,684.0
0.002993345260620117,676.0
0.002993345260620117,604.0
0.002993345260620117,633.0
0.002993345260620117,604.0
0.002993345260620117,560.0
0.002993345260620117,525.0
0.002993345260620117,450.0
0.002993345260620117,404.0
0.002993345260620117,481.0
0.002993345260620117,556.0
0.002993345260620117,619.0
0.002993345260620117,663.0
0.002993345260620117,741.0
0.002993345260620117,666.0
0.002993345260620117,622.0
0.002993345260620117,605.0
0.002993345260620117,530.0
0.002993345260620117,570.0
0.002993345260620117,610.0
0.002993345260620117,549.0
0.002993345260620117,566.0
0.002993345260620117,641.0
0.002993345260620117,566.0
0.002993345260620117,610.0
0.002993345260620117,671.0
0.002993345260620117,743.0
0.002993345260620117,818.0
0.002993345260620117,778.0
0.002993345260620117,807.0
0.002993345260620117,847.0
0.002993345260620117,830.0
0.002993345260620117,755.0
0.002993345260620117,677.0
0.002993345260620117,605.0
0.002993345260620117,542.0
0.002993345260620117,513.0
0.002993345260620117,588.0
0.002993345260620117,663.0
0.002993345260620117,671.0
0.002993345260620117,656.0
0.002993345260620117,734.0
0.002993345260620117,643.0
0.002993345260620117,603.0
0.002993345260620117,563.0
0.002993345260620117,578.0
0.002993345260620117,613.0
0.002993345260620117,630.0
0.002993345260620117,659.0
0.002993345260620117,582.0
0.002993345260620117,645.0
0.002993345260620117,637.0
0.002993345260620117,709.0
0.002993345260620117,692.0
0.002993345260620117,769.0
0.002993345260620117,809.0
0.002993345260620117,855.0
0.002993345260620117,826.0
0.002993345260620117,855.0
0.002993345260620117,783.0
0.002993345260620117,728.0
0.002993345260620117,819.0
0.002993345260620117,790.0
0.002993345260620117,712.0
0.002993345260620117,635.0
0.002993345260620117,595.0
0.002993345260620117,612.0
0.002993345260620117,620.0
0.002993345260620117,697.0
0.002993345260620117,662.0
0.002993345260620117,717.0
0.002993345260620117,702.0
0.002993345260620117,647.0
0.002993345260620117,603.0
0.002993345260620117,586.0
0.002993345260620117,615.0
0.002993345260620117,632.0
0.002993345260620117,676.0
0.002993345260620117,668.0
0.002993345260620117,591.0
0.002993345260620117,500.0
0.002993345260620117,535.0
0.002993345260620117,612.0
0.002993345260620117,537.0
0.002993345260620117,577.0
0.002993345260620117,502.0
0.002993345260620117,458.0
0.002993345260620117,533.0
0.002993345260620117,608.0
0.002993345260620117,531.0
0.002993345260620117,575.0
0.002993345260620117,615.0
0.002993345260620117,554.0
0.002993345260620117,508.0
0.002993345260620117,479.0
0.002993345260620117,494.0
0.002993345260620117,419.0
0.002993345260620117,491.0
0.002993345260620117,566.0
0.002993345260620117,491.0
0.002993345260620117,456.0
0.002993345260620117,531.0
0.002993345260620117,539.0
0.002993345260620117,585.0
0.002993345260620117,663.0
0.002993345260620117,754.0
0.002993345260620117,714.0
0.002993345260620117,670.0
0.002993345260620117,731.0
0.002993345260620117,656.0
0.002993345260620117,648.0
0.002993345260620117,723.0
0.002993345260620117,798.0
0.002993345260620117,783.0
0.002993345260620117,766.0
0.002993345260620117,703.0
0.002993345260620117,718.0
0.002993345260620117,627.0
0.002993345260620117,704.0
0.002993345260620117,748.0
0.002993345260620117,733.0
0.002993345260620117,687.0
0.002993345260620117,695.0
0.002993345260620117,651.0
0.002993345260620117,706.0
0.002993345260620117,752.0
0.002993345260620117,697.0
0.002993345260620117,625.0
0.002993345260620117,697.0
0.002993345260620117,620.0
0.002993345260620117,697.0
0.002993345260620117,737.0
0.002993345260620117,660.0
0.002993345260620117,715.0
0.002993345260620117,640.0
0.002993345260620117,703.0
0.002993345260620117,794.0
0.002993345260620117,748.0
0.002993345260620117,823.0
0.002993345260620117,869.0
0.002993345260620117,814.0
0.002993345260620117,891.0
0.002993345260620117,814.0
0.002993345260620117,768.0
0.002993345260620117,803.0
0.002993345260620117,728.0
0.002993345260620117,688.0
0.002993345260620117,616.0
0.002993345260620117,645.0
0.002993345260620117,616.0
0.002993345260620117,662.0
0.002993345260620117,739.0
0.002993345260620117,662.0
0.002993345260620117,616.0
0.002993345260620117,526.0
0.002993345260620117,601.0
0.002993345260620117,561.0
0.002993345260620117,500.0
0.002993345260620117,572.0
0.002993345260620117,662.0
0.002993345260620117,691.0
0.002993345260620117,656.0
0.002993345260620117,584.0
0.002993345260620117,599.0
0.002993345260620117,591.0
0.002993345260620117,599.0
0.002993345260620117,676.0
0.002993345260620117,711.0
0.002993345260620117,755.0
0.002993345260620117,677.0
0.002993345260620117,648.0
0.002993345260620117,726.0
0.002993345260620117,711.0
0.002993345260620117,676.0
0.002993345260620117,748.0
0.002993345260620117,765.0
0.002993345260620117,780.0
0.002993345260620117,820.0
0.002993345260620117,745.0
0.002993345260620117,705.0
0.002993345260620117,734.0
0.002993345260620117,657.0
0.002993345260620117,613.0
0.002993345260620117,653.0
0.002993345260620117,699.0
0.002993345260620117,760.0
0.002993345260620117,800.0
0.002993345260620117,785.0
0.002993345260620117,695.0
0.002993345260620117,649.0
0.002993345260620117,609.0
0.002993345260620117,580.0
0.002993345260620117,519.0
0.002993345260620117,502.0
0.002993345260620117,592.0
0.002993345260620117,638.0
0.002993345260620117,598.0
0.002993345260620117,590.0
0.002993345260620117,607.0
0.002993345260620117,532.0
0.002993345260620117,572.0
0.002993345260620117,612.0
0.002993345260620117,641.0
0.002993345260620117,718.0
0.002993345260620117,689.0
0.002993345260620117,626.0
0.002993345260620117,701.0
0.002993345260620117,624.0
0.002993345260620117,639.0
0.002993345260620117,683.0
0.002993345260620117,639.0
0.002993345260620117,599.0
0.002993345260620117,639.0
0.002993345260620117,714.0
0.002993345260620117,674.0
0.002993345260620117,628.0
0.002993345260620117,613.0
0.002993345260620117,657.0
0.002993345260620117,665.0
0.002993345260620117,590.0
0.002993345260620117,499.0
0.002993345260620117,514.0
0.002993345260620117,560.0
0.002993345260620117,514.0
0.002993345260620117,569.0
0.002993345260620117,552.0
0.002993345260620117,512.0
0.002993345260620117,504.0
0.002993345260620117,429.0
0.002993345260620117,504.0
0.002993345260620117,489.0
0.002993345260620117,414.0
0.002993345260620117,336.0
0.002993345260620117,292.0
0.002993345260620117,332.0
0.002993345260620117,378.0
0.002993345260620117,456.0
0.002993345260620117,384.0
0.002993345260620117,419.0
0.002993345260620117,496.0
0.002993345260620117,511.0
0.002993345260620117,496.0
0.002993345260620117,525.0
0.002993345260620117,569.0
0.002993345260620117,529.0
0.002993345260620117,592.0
0.002993345260620117,548.0
0.002993345260620117,502.0
0.002993345260620117,542.0
0.002993345260620117,603.0
0.002993345260620117,540.0
0.002993345260620117,505.0
0.002993345260620117,549.0
0.002993345260620117,566.0
0.002993345260620117,606.0
0.002993345260620117,589.0
0.002993345260620117,635.0
0.002993345260620117,595.0
0.002993345260620117,603.0
0.002993345260620117,694.0
0.002993345260620117,665.0
0.002993345260620117,705.0
0.002993345260620117,665.0
0.002993345260620117,657.0
0.002993345260620117,602.0
0.002993345260620117,642.0
0.002993345260620117,567.0
0.002993345260620117,489.0
0.002993345260620117,443.0
0.002993345260620117,521.0
0.002993345260620117,529.0
0.002993345260620117,564.0
0.002993345260620117,636.0
0.002993345260620117,711.0
0.002993345260620117,703.0
0.002993345260620117,778.0
0.002993345260620117,853.0
0.002993345260620117,818.0
0.002993345260620117,778.0
0.002993345260620117,841.0
0.002993345260620117,797.0
0.002993345260620117,812.0
0.002993345260620117,737.0
0.002993345260620117,754.0
0.002993345260620117,783.0
0.002993345260620117,754.0
0.002993345260620117,762.0
0.002993345260620117,701.0
0.002993345260620117,684.0
0.002993345260620117,606.0
0.002993345260620117,543.0
0.002993345260620117,604.0
0.002993345260620117,650.0
0.002993345260620117,679.0
0.002993345260620117,589.0
0.002993345260620117,606.0
0.002993345260620117,531.0
0.002993345260620117,440.0
0.002993345260620117,365.0
0.002993345260620117,405.0
0.002993345260620117,480.0
0.002993345260620117,555.0
0.002993345260620117,645.0
0.002993345260620117,723.0
0.002993345260620117,677.0
0.002993345260620117,723.0
0.002993345260620117,683.0
0.002993345260620117,718.0
0.002993345260620117,758.0
0.002993345260620117,680.0
0.002993345260620117,605.0
0.002993345260620117,565.0
0.002993345260620117,643.0
0.002993345260620117,614.0
0.002993345260620117,599.0
0.002993345260620117,628.0
0.002993345260620117,593.0
0.002993345260620117,628.0
0.002993345260620117,593.0
0.002993345260620117,648.0
0.002993345260620117,683.0
0.002993345260620117,774.0
0.002993345260620117,814.0
0.002993345260620117,829.0
0.002993345260620117,800.0
0.002993345260620117,765.0
0.002993345260620117,719.0
0.002993345260620117,782.0
0.002993345260620117,828.0
0.002993345260620117,756.0
0.002993345260620117,800.0
0.002993345260620117,792.0
0.002993345260620117,864.0
0.002993345260620117,824.0
0.002993345260620117,752.0
0.002993345260620117,706.0
0.002993345260620117,781.0
0.002993345260620117,821.0
0.002993345260620117,744.0
0.002993345260620117,700.0
0.002993345260620117,625.0
0.002993345260620117,534.0
0.002993345260620117,609.0
0.002993345260620117,684.0
0.002993345260620117,669.0
0.002993345260620117,614.0
0.002993345260620117,553.0
0.002993345260620117,597.0
0.002993345260620117,519.0
0.002993345260620117,479.0
0.002993345260620117,514.0
0.002993345260620117,591.0
0.002993345260620117,547.0
0.002993345260620117,530.0
0.002993345260620117,545.0
0.002993345260620117,606.0
0.002993345260620117,650.0
0.002993345260620117,658.0
0.002993345260620117,675.0
0.002993345260620117,600.0
0.002993345260620117,585.0
0.002993345260620117,545.0
0.002993345260620117,510.0
0.002993345260620117,545.0
0.002993345260620117,560.0
0.002993345260620117,651.0
0.002993345260620117,576.0
0.002993345260620117,541.0
0.002993345260620117,570.0
0.002993345260620117,562.0
0.002993345260620117,471.0
0.002993345260620117,562.0
0.002993345260620117,617.0
0.002993345260620117,652.0
0.002993345260620117,692.0
0.002993345260620117,675.0
0.002993345260620117,620.0
0.002993345260620117,628.0
0.002993345260620117,674.0
0.002993345260620117,659.0
0.002993345260620117,699.0
0.002993345260620117,716.0
0.002993345260620117,788.0
0.002993345260620117,744.0
0.002993345260620117,819.0
0.002993345260620117,779.0
0.002993345260620117,794.0
0.002993345260620117,754.0
0.002993345260620117,739.0
0.002993345260620117,783.0
0.002993345260620117,858.0
0.002993345260620117,783.0
0.002993345260620117,711.0
0.002993345260620117,703.0
0.002993345260620117,743.0
0.002993345260620117,726.0
0.002993345260620117,741.0
0.002993345260620117,749.0
0.002993345260620117,789.0
0.002993345260620117,745.0
0.002993345260620117,817.0
0.002993345260620117,726.0
0.002993345260620117,711.0
0.002993345260620117,682.0
0.002993345260620117,642.0
0.002993345260620117,657.0
0.002993345260620117,686.0
0.002993345260620117,614.0
0.002993345260620117,686.0
0.002993345260620117,611.0
0.002993345260620117,571.0
0.002993345260620117,508.0
0.002993345260620117,431.0
0.002993345260620117,506.0
0.002993345260620117,546.0
0.002993345260620117,586.0
0.002993345260620117,664.0
0.003992795944213867,592.0
0.003992795944213867,636.0
0.003992795944213867,558.0
0.003992795944213867,649.0
0.003992795944213867,609.0
0.003992795944213867,574.0
0.003992795944213867,530.0
0.003992795944213867,484.0
0.003992795944213867,547.0
0.003992795944213867,625.0
0.003992795944213867,535.0
0.003992795944213867,570.0
0.003992795944213867,492.0
0.003992795944213867,457.0
0.003992795944213867,501.0
0.003992795944213867,493.0
0.003992795944213867,453.0
0.003992795944213867,461.0
0.003992795944213867,501.0
0.003992795944213867,536.0
0.003992795944213867,582.0
0.003992795944213867,519.0
0.003992795944213867,475.0
0.003992795944213867,553.0
0.003992795944213867,625.0
0.003992795944213867,669.0
0.003992795944213867,661.0
0.003992795944213867,724.0
0.003992795944213867,646.0
0.003992795944213867,723.0
0.003992795944213867,731.0
0.003992795944213867,685.0
0.003992795944213867,725.0
0.003992795944213867,662.0
0.003992795944213867,752.0
0.003992795944213867,798.0
0.003992795944213867,763.0
0.003992795944213867,719.0
0.003992795944213867,673.0
0.003992795944213867,717.0
0.003992795944213867,677.0
0.003992795944213867,755.0
0.003992795944213867,740.0
0.004065275192260742,663.0
0.004065275192260742,718.0
0.004065275192260742,689.0
0.004065275192260742,724.0
0.004065275192260742,669.0
0.004065275192260742,746.0
0.004065275192260742,738.0
0.004065275192260742,666.0
0.004065275192260742,741.0
0.004065275192260742,796.0
0.004065275192260742,752.0
0.004065275192260742,792.0
0.004065275192260742,702.0
0.004065275192260742,765.0
0.004065275192260742,690.0
0.004065275192260742,780.0
0.004065275192260742,719.0
0.004065275192260742,748.0
0.004065275192260742,708.0
0.004065275192260742,783.0
0.004065275192260742,728.0
0.004065275192260742,783.0
0.004065275192260742,743.0
0.004065275192260742,783.0
0.004065275192260742,791.0
0.004065275192260742,783.0
0.004065275192260742,827.0
0.004065275192260742,764.0
0.004065275192260742,825.0
0.004065275192260742,796.0
0.004065275192260742,804.0
0.004065275192260742,764.0
0.004065275192260742,703.0
0.004065275192260742,732.0
0.004065275192260742,778.0
0.004065275192260742,841.0
0.004065275192260742,806.0
0.004065275192260742,762.0
0.004065275192260742,779.0
0.004065275192260742,819.0
0.004065275192260742,854.0
0.004065275192260742,915.0
0.004065275192260742,840.0
0.004065275192260742,880.0
0.004065275192260742,955.0
0.004065275192260742,909.0
0.004065275192260742,955.0
0.004065275192260742,880.0
0.004065275192260742,952.0
0.004065275192260742,935.0
0.004065275192260742,895.0
0.004065275192260742,939.0
0.004065275192260742,954.0
0.004065275192260742,914.0
0.004065275192260742,954.0
0.004065275192260742,899.0
0.004065275192260742,824.0
0.004065275192260742,899.0
0.004065275192260742,822.0
0.004065275192260742,877.0
0.004065275192260742,848.0
0.004065275192260742,787.0
0.004065275192260742,862.0
0.004065275192260742,784.0
0.004065275192260742,740.0
0.004065275192260742,694.0
0.004065275192260742,603.0
0.004065275192260742,632.0
0.004065275192260742,693.0
0.004065275192260742,664.0
0.004065275192260742,649.0
0.004065275192260742,693.0
0.004065275192260742,771.0
0.004065275192260742,716.0
0.004065275192260742,731.0
0.004065275192260742,716.0
0.004065275192260742,771.0
0.004065275192260742,848.0
0.004065275192260742,865.0
0.004065275192260742,775.0
0.004065275192260742,697.0
0.004065275192260742,787.0
0.004065275192260742,770.0
0.004065275192260742,762.0
0.004065275192260742,779.0
0.004065275192260742,819.0
0.004065275192260742,827.0
0.004065275192260742,772.0
0.004065275192260742,850.0
0.004065275192260742,775.0
0.004065275192260742,758.0
0.004065275192260742,849.0
0.004065275192260742,895.0
0.004065275192260742,834.0
0.004065275192260742,909.0
0.004065275192260742,938.0
0.004065275192260742,898.0
0.004065275192260742,852.0
0.004065275192260742,761.0
0.004065275192260742,726.0
0.004065275192260742,663.0
0.004065275192260742,709.0
0.004065275192260742,800.0
0.004065275192260742,855.0
0.004065275192260742,890.0
0.004065275192260742,930.0
0.004065275192260742,901.0
0.004065275192260742,893.0
0.004065275192260742,803.0
0.004065275192260742,759.0
0.004065275192260742,803.0
0.004065275192260742,726.0
0.004065275192260742,789.0
0.004065275192260742,818.0
0.004065275192260742,789.0
0.004065275192260742,754.0
0.004065275192260742,676.0
0.004065275192260742,604.0
0.004065275192260742,681.0
0.004065275192260742,604.0
0.004065275192260742,682.0
0.004065275192260742,699.0
0.004065275192260742,760.0
0.004065275192260742,716.0
0.004065275192260742,751.0
0.004065275192260742,823.0
0.004065275192260742,913.0
0.004065275192260742,921.0
0.004065275192260742,866.0
0.004065275192260742,881.0
0.004065275192260742,846.0
0.004065275192260742,875.0
0.004065275192260742,867.0
0.004065275192260742,944.0
0.004065275192260742,915.0
0.004065275192260742,875.0
0.004065275192260742,904.0
0.004065275192260742,864.0
0.004065275192260742,787.0
0.004065275192260742,842.0
0.004065275192260742,882.0
0.004065275192260742,836.0
0.004065275192260742,781.0
0.004065275192260742,706.0
0.004065275192260742,781.0
0.004065275192260742,816.0
0.004065275192260742,787.0
0.004065275192260742,726.0
0.004065275192260742,803.0
0.004065275192260742,849.0
0.004065275192260742,834.0
0.004065275192260742,849.0
0.004065275192260742,786.0
0.004065275192260742,711.0
0.004065275192260742,766.0
0.004065275192260742,774.0
0.004065275192260742,835.0
0.004065275192260742,789.0
0.004065275192260742,714.0
0.004065275192260742,777.0
0.004065275192260742,705.0
0.004065275192260742,780.0
0.004065275192260742,719.0
0.004065275192260742,679.0
0.004065275192260742,719.0
0.004065275192260742,628.0
0.004065275192260742,668.0
0.004065275192260742,743.0
0.004065275192260742,815.0
0.004065275192260742,861.0
0.004065275192260742,786.0
0.004065275192260742,751.0
0.004065275192260742,743.0
0.004065275192260742,703.0
0.004065275192260742,738.0
0.004065275192260742,721.0
0.004065275192260742,750.0
0.004065275192260742,695.0
0.004065275192260742,660.0
0.004065275192260742,751.0
0.004065275192260742,759.0
0.004065275192260742,730.0
0.004065275192260742,667.0
0.004065275192260742,684.0
0.004065275192260742,606.0
0.004065275192260742,591.0
0.004065275192260742,635.0
0.004065275192260742,589.0
0.004065275192260742,604.0
0.004065275192260742,659.0
0.004065275192260742,651.0
0.004065275192260742,680.0
0.004065275192260742,741.0
0.004065275192260742,680.0
0.004065275192260742,743.0
0.004065275192260742,703.0
0.004065275192260742,764.0
0.004065275192260742,687.0
0.004065275192260742,672.0
0.004065275192260742,747.0
0.004065275192260742,782.0
0.004065275192260742,860.0
0.004065275192260742,799.0
0.004065275192260742,845.0
0.004065275192260742,885.0
0.004065275192260742,810.0
0.004065275192260742,764.0
0.004065275192260742,701.0
0.004065275192260742,778.0
0.004065275192260742,839.0
0.004065275192260742,885.0
0.004065275192260742,893.0
0.004065275192260742,802.0
0.004065275192260742,877.0
0.004065275192260742,917.0
0.004065275192260742,877.0
0.004065275192260742,837.0
0.004065275192260742,928.0
0.004065275192260742,899.0
0.004065275192260742,928.0
0.004065275192260742,837.0
0.004065275192260742,877.0
0.004065275192260742,831.0
0.004065275192260742,823.0
0.004065275192260742,886.0
0.004065275192260742,857.0
0.004065275192260742,813.0
0.004065275192260742,735.0
0.004065275192260742,750.0
0.004065275192260742,790.0
0.004065275192260742,836.0
0.004065275192260742,844.0
0.004065275192260742,754.0
0.004065275192260742,783.0
0.004065275192260742,708.0
0.004065275192260742,752.0
0.004065275192260742,706.0
0.004065275192260742,666.0
0.004065275192260742,741.0
0.004065275192260742,733.0
0.004065275192260742,704.0
0.004065275192260742,660.0
0.004065275192260742,643.0
0.004065275192260742,733.0
0.004065275192260742,658.0
0.004065275192260742,698.0
0.004065275192260742,789.0
0.004065275192260742,749.0
0.004065275192260742,714.0
0.004065275192260742,642.0
0.004065275192260742,688.0
0.004065275192260742,717.0
0.004065275192260742,654.0
0.004065275192260742,729.0
0.004065275192260742,654.0
0.004065275192260742,717.0
0.004065275192260742,795.0
0.004065275192260742,870.0
0.004065275192260742,809.0
0.004065275192260742,794.0
0.004065275192260742,829.0
0.004065275192260742,739.0
0.004065275192260742,779.0
0.004065275192260742,840.0
0.004065275192260742,785.0
0.004065275192260742,750.0
0.004065275192260742,822.0
0.004065275192260742,839.0
0.004065275192260742,883.0
0.004065275192260742,891.0
0.004065275192260742,828.0
0.004065275192260742,863.0
0.004065275192260742,823.0
0.004065275192260742,863.0
0.004065275192260742,823.0
0.004065275192260742,806.0
0.004065275192260742,896.0
0.004065275192260742,959.0
0.004065275192260742,951.0
0.004065275192260742,959.0
0.004065275192260742,882.0
0.004065275192260742,937.0
0.004065275192260742,882.0
0.004065275192260742,807.0
0.004065275192260742,824.0
0.004065275192260742,789.0
0.004065275192260742,717.0
0.004065275192260742,709.0
0.004065275192260742,784.0
0.004065275192260742,755.0
0.004065275192260742,763.0
0.004065275192260742,792.0
0.004065275192260742,832.0
0.004065275192260742,792.0
0.004065275192260742,784.0
0.004065275192260742,819.0
0.004065275192260742,896.0
0.004065275192260742,879.0
0.004065275192260742,789.0
0.004065275192260742,714.0
0.004065275192260742,769.0
0.004065275192260742,777.0
0.004065275192260742,852.0
0.004065275192260742,924.0
0.004065275192260742,847.0
0.004065275192260742,937.0
0.004065275192260742,882.0
0.004065275192260742,937.0
0.004065275192260742,952.0
0.004065275192260742,891.0
0.004065275192260742,851.0
0.004065275192260742,776.0
0.004065275192260742,837.0
0.004065275192260742,822.0
0.004065275192260742,899.0
0.004065275192260742,822.0
0.004065275192260742,776.0
0.004065275192260742,793.0
0.004065275192260742,718.0
0.004065275192260742,689.0
0.004065275192260742,729.0
0.004065275192260742,804.0
0.004065275192260742,850.0
0.004065275192260742,833.0
0.004065275192260742,850.0
0.004065275192260742,842.0
0.004065275192260742,752.0
0.004065275192260742,781.0
0.004065275192260742,752.0
0.004065275192260742,717.0
0.004065275192260742,794.0
0.004065275192260742,802.0
0.004065275192260742,877.0
0.004065275192260742,906.0
0.004065275192260742,898.0
0.004065275192260742,823.0
0.004065275192260742,898.0
0.004065275192260742,835.0
0.004065275192260742,806.0
0.004065275192260742,896.0
0.004065275192260742,835.0
0.004065275192260742,789.0
0.004065275192260742,772.0
0.004065275192260742,789.0
0.004065275192260742,824.0
0.004065275192260742,746.0
0.004065275192260742,792.0
0.004065275192260742,752.0
0.004065275192260742,781.0
0.004065275192260742,764.0
0.004065275192260742,779.0
0.004065275192260742,857.0
0.004065275192260742,865.0
0.004065275192260742,905.0
0.004065275192260742,861.0
0.004065275192260742,783.0
0.004065275192260742,861.0
0.004065275192260742,878.0
0.004065275192260742,832.0
0.004065275192260742,878.0
0.004065275192260742,843.0
0.004065275192260742,883.0
0.004065275192260742,843.0
0.004065275192260742,906.0
0.004065275192260742,889.0
0.004065275192260742,924.0
0.004065275192260742,916.0
0.004065275192260742,956.0
0.004065275192260742,884.0
0.004065275192260742,855.0
0.004065275192260742,840.0
0.004065275192260742,848.0
0.004065275192260742,920.0
0.004065275192260742,912.0
0.004065275192260742,877.0
0.004065275192260742,894.0
0.004065275192260742,955.0
0.004065275192260742,970.0
0.004065275192260742,978.0
0.004065275192260742,901.0
0.004065275192260742,884.0
0.004065275192260742,901.0
0.004065275192260742,826.0
0.004065275192260742,903.0
0.004065275192260742,978.0
0.004065275192260742,903.0
0.004065275192260742,932.0
0.004065275192260742,841.0
0.004065275192260742,795.0
0.004065275192260742,830.0
0.004065275192260742,813.0
0.004065275192260742,773.0
0.004065275192260742,758.0
0.004065275192260742,775.0
0.004065275192260742,790.0
0.004065275192260742,881.0
0.004065275192260742,804.0
0.004065275192260742,796.0
0.004065275192260742,781.0
0.004065275192260742,856.0
0.004065275192260742,781.0
0.004065275192260742,789.0
0.004065275192260742,866.0
0.004065275192260742,831.0
0.004065275192260742,754.0
0.004065275192260742,798.0
0.004065275192260742,875.0
0.004065275192260742,858.0
0.004065275192260742,904.0
0.004065275192260742,921.0
0.004065275192260742,844.0
0.004065275192260742,836.0
0.004065275192260742,807.0
0.004065275192260742,884.0
0.004065275192260742,919.0
0.004065275192260742,948.0
0.004065275192260742,956.0
0.004065275192260742,881.0
0.004065275192260742,956.0
0.004065275192260742,893.0
0.004065275192260742,933.0
0.004065275192260742,878.0
0.004065275192260742,933.0
0.004065275192260742,893.0
0.004065275192260742,885.0
0.004065275192260742,845.0
0.004065275192260742,767.0
0.004065275192260742,842.0
0.004065275192260742,850.0
0.004065275192260742,928.0
0.004065275192260742,884.0
0.004065275192260742,876.0
0.004065275192260742,847.0
0.004065275192260742,770.0
0.004065275192260742,814.0
0.004065275192260742,822.0
0.004065275192260742,899.0
0.004065275192260742,928.0
0.004065275192260742,856.0
0.004065275192260742,871.0
0.004065275192260742,856.0
0.004065275192260742,896.0
0.004065275192260742,936.0
0.004065275192260742,928.0
0.004065275192260742,853.0
0.004065275192260742,925.0
0.004065275192260742,834.0
0.004065275192260742,762.0
0.004065275192260742,777.0
0.004065275192260742,762.0
0.004065275192260742,837.0
0.004065275192260742,808.0
0.004065275192260742,733.0
0.004065275192260742,762.0
0.004065275192260742,770.0
0.004065275192260742,785.0
0.004065275192260742,860.0
0.004065275192260742,785.0
0.004065275192260742,860.0
0.004065275192260742,843.0
0.004065275192260742,860.0
0.004065275192260742,845.0
0.004065275192260742,908.0
0.004065275192260742,833.0
0.004065275192260742,798.0
0.004065275192260742,790.0
0.004065275192260742,825.0
0.004065275192260742,808.0
0.004065275192260742,768.0
0.004065275192260742,840.0
0.004065275192260742,915.0
0.004065275192260742,886.0
0.004065275192260742,894.0
0.004065275192260742,911.0
0.004065275192260742,903.0
0.004065275192260742,911.0
0.004065275192260742,894.0
0.004065275192260742,909.0
0.004065275192260742,901.0
0.004065275192260742,826.0
0.004065275192260742,736.0
0.004065275192260742,664.0
0.004065275192260742,672.0
0.004065275192260742,762.0
0.004065275192260742,853.0
0.004065275192260742,893.0
0.004065275192260742,818.0
0.004065275192260742,847.0
0.004065275192260742,922.0
0.004065275192260742,893.0
0.004065275192260742,815.0
0.004065275192260742,887.0
0.004065275192260742,872.0
0.004065275192260742,826.0
0.004065275192260742,786.0
0.004065275192260742,778.0
0.004065275192260742,786.0
0.004065275192260742,864.0
0.004065275192260742,904.0
0.004065275192260742,860.0
0.004065275192260742,935.0
0.004065275192260742,979.0
0.004065275192260742,902.0
0.004065275192260742,894.0
0.004065275192260742,923.0
0.004065275192260742,969.0
0.004065275192260742,977.0
0.004065275192260742,916.0
0.004065275192260742,977.0
0.004065275192260742,902.0
0.004065275192260742,873.0
0.004065275192260742,865.0
0.004065275192260742,942.0
0.004065275192260742,902.0
0.004065275192260742,825.0
0.004065275192260742,854.0
0.004065275192260742,862.0
0.004065275192260742,833.0
0.004065275192260742,850.0
0.004065275192260742,842.0
0.004065275192260742,850.0
0.004065275192260742,810.0
0.004065275192260742,850.0
0.004065275192260742,833.0
0.004065275192260742,848.0
0.004065275192260742,813.0
0.004065275192260742,853.0
0.004065275192260742,882.0
0.004065275192260742,827.0
0.004065275192260742,819.0
0.004065275192260742,741.0
0.004065275192260742,695.0
0.004065275192260742,712.0
0.004065275192260742,668.0
0.004065275192260742,745.0
0.004065275192260742,728.0
0.004065275192260742,774.0
0.004065275192260742,791.0
0.004065275192260742,776.0
0.004065275192260742,831.0
0.004065275192260742,906.0
0.004065275192260742,851.0
0.004065275192260742,886.0
0.004065275192260742,894.0
0.004065275192260742,833.0
0.004065275192260742,894.0
0.004065275192260742,886.0
0.004065275192260742,869.0
0.004065275192260742,877.0
0.004065275192260742,837.0
0.004065275192260742,915.0
0.004065275192260742,955.0
0.004065275192260742,972.0
0.004065275192260742,964.0
0.004065275192260742,972.0
0.004065275192260742,943.0
0.004065275192260742,998.0
0.004065275192260742,990.0
0.004065275192260742,935.0
0.004065275192260742,990.0
0.004065275192260742,955.0
0.004065275192260742,938.0
0.004065275192260742,967.0
0.004065275192260742,982.0
0.004065275192260742,967.0
0.004065275192260742,984.0
0.004065275192260742,992.0
0.004065275192260742,975.0
0.004065275192260742,990.0
0.004065275192260742,975.0
0.004065275192260742,992.0
0.004065275192260742,984.0
0.004065275192260742,955.0
0.004065275192260742,984.0
0.004065275192260742,992.0
0.004065275192260742,952.0
0.004065275192260742,923.0
0.004065275192260742,958.0
0.004065275192260742,950.0
0.004065275192260742,958.0
0.004065275192260742,895.0
0.004065275192260742,935.0
0.004065275192260742,895.0
0.004065275192260742,935.0
0.004065275192260742,964.0
0.004065275192260742,886.0
0.004065275192260742,964.0
0.004065275192260742,956.0
0.004065275192260742,927.0
0.004065275192260742,935.0
0.004065275192260742,889.0
0.004065275192260742,854.0
0.004065275192260742,900.0
0.004065275192260742,944.0
0.004065275192260742,973.0
0.004065275192260742,965.0
0.004065275192260742,948.0
0.004065275192260742,1011.0
0.004065275192260742,1019.0
0.004065275192260742,973.0
0.004065275192260742,965.0
0.004065275192260742,973.0
0.004065275192260742,1019.0
0.004065275192260742,1011.0
0.004065275192260742,1019.0
0.004065275192260742,1011.0
0.004065275192260742,1019.0
0.004065275192260742,1011.0
0.004065275192260742,1019.0
0.004065275192260742,990.0
0.004065275192260742,1005.0
0.004065275192260742,997.0
0.004065275192260742,957.0
0.004065275192260742,965.0
0.004065275192260742,1005.0
0.004065275192260742,997.0
0.004065275192260742,1005.0
0.004065275192260742,997.0
0.004065275192260742,1005.0
0.004065275192260742,990.0
0.004065275192260742,1005.0
0.004065275192260742,997.0
0.004065275192260742,1005.0
0.004065275192260742,990.0
0.004065275192260742,1019.0
0.004065275192260742,1011.0
0.004065275192260742,1019.0
0.004065275192260742,990.0
0.004065275192260742,1019.0
0.004065275192260742,973.0
0.004065275192260742,1019.0
0.004065275192260742,1011.0
0.004065275192260742,1019.0
0.004065275192260742,1011.0
0.004065275192260742,1019.0
0.004065275192260742,1011.0
0.004065275192260742,1019.0
0.004065275192260742,1011.0
0.004065275192260742,1019.0
0.004065275192260742,1011.0
0.004065275192260742,1019.0
0.004065275192260742,1011.0
0.004065275192260742,1019.0
0.004065275192260742,1011.0
0.004065275192260742,1019.0
0.004065275192260742,1011.0
0.004065275192260742,1019.0
0.004065275192260742,1011.0
0.004065275192260742,1019.0
0.004065275192260742,1011.0
0.004065275192260742,1019.0
0.004065275192260742,1011.0
0.004065275192260742,1019.0
