0.0,-255553.0
0.0,-254097.0
0.0,-252772.0
0.0,-252542.0
0.0,-251770.0
0.0010001659393310547,-251754.0
0.0010001659393310547,-250826.0
0.0010001659393310547,-249987.0
0.0010001659393310547,-248340.0
0.0010001659393310547,-247871.0
0.0010001659393310547,-247823.0
0.0010001659393310547,-247355.0
0.002000093460083008,-247137.0
0.002000093460083008,-245534.0
0.002000093460083008,-243741.0
0.002000093460083008,-243650.0
0.002000093460083008,-243162.0
0.002000093460083008,-241279.0
0.002000093460083008,-240997.0
0.002000093460083008,-240787.0
0.002000093460083008,-240088.0
0.003000020980834961,-238619.0
0.003000020980834961,-237123.0
0.003000020980834961,-235788.0
0.003000020980834961,-234961.0
0.003000020980834961,-233512.0
0.003000020980834961,-233253.0
0.003000020980834961,-232775.0
0.003000020980834961,-231994.0
0.003999948501586914,-230960.0
0.003999948501586914,-230933.0
0.003999948501586914,-230832.0
0.003999948501586914,-230256.0
0.003999948501586914,-229491.0
0.003999948501586914,-228091.0
0.003999948501586914,-226399.0
0.004999876022338867,-225662.0
0.004999876022338867,-225180.0
0.004999876022338867,-224409.0
0.004999876022338867,-223620.0
0.004999876022338867,-223504.0
0.006000041961669922,-222569.0
0.006000041961669922,-222349.0
0.006000041961669922,-220762.0
0.006000041961669922,-220067.0
0.006000041961669922,-219767.0
0.006000041961669922,-219265.0
0.006999969482421875,-218828.0
0.006999969482421875,-218395.0
0.006999969482421875,-218062.0
0.006999969482421875,-217312.0
0.006999969482421875,-216941.0
0.006999969482421875,-216934.0
0.006999969482421875,-216080.0
0.006999969482421875,-216057.0
0.007999897003173828,-215144.0
0.007999897003173828,-213892.0
0.007999897003173828,-213199.0
0.007999897003173828,-212287.0
0.007999897003173828,-211873.0
0.009000062942504883,-211393.0
0.009000062942504883,-210925.0
0.009000062942504883,-210410.0
0.009000062942504883,-208979.0
0.009000062942504883,-207631.0
0.009000062942504883,-207148.0
0.009000062942504883,-206783.0
0.009000062942504883,-205155.0
0.010000228881835938,-203695.0
0.010000228881835938,-203148.0
0.010000228881835938,-203112.0
0.010000228881835938,-201608.0
0.010000228881835938,-201126.0
0.010999917984008789,-200813.0
0.010999917984008789,-200473.0
0.010999917984008789,-199745.0
0.010999917984008789,-199507.0
0.010999917984008789,-199183.0
0.011999130249023438,-197856.0
0.011999130249023438,-196821.0
0.011999130249023438,-196107.0
0.011999130249023438,-195153.0
0.011999130249023438,-194470.0
0.011999130249023438,-194345.0
0.011999130249023438,-193285.0
0.012999534606933594,-192365.0
0.012999534606933594,-191712.0
0.012999534606933594,-190966.0
0.012999534606933594,-190528.0
0.013999223709106445,-189977.0
0.013999223709106445,-189917.0
0.013999223709106445,-189554.0
0.013999223709106445,-188871.0
0.014999151229858398,-187604.0
0.014999151229858398,-187214.0
0.015999317169189453,-186802.0
0.015999317169189453,-186247.0
0.015999317169189453,-185883.0
0.016999483108520508,-185073.0
0.016999483108520508,-184609.0
0.016999483108520508,-184479.0
0.01799917221069336,-184411.0
0.01799917221069336,-183630.0
0.01799917221069336,-182778.0
0.019001245498657227,-182108.0
0.019001245498657227,-182043.0
0.019001245498657227,-181069.0
0.019001245498657227,-180316.0
0.019001245498657227,-179488.0
0.020001649856567383,-178449.0
0.020001649856567383,-178039.0
0.020001649856567383,-177391.0
0.020001649856567383,-177150.0
0.021001338958740234,-177139.0
0.021001338958740234,-176208.0
0.021001338958740234,-175304.0
0.021001338958740234,-175173.0
0.022001266479492188,-174303.0
0.022001266479492188,-173375.0
0.02300119400024414,-172825.0
0.02300119400024414,-172584.0
0.02300119400024414,-171314.0
0.024001359939575195,-170748.0
0.024001359939575195,-169721.0
0.024001359939575195,-169570.0
0.024001359939575195,-168568.0
0.02500128746032715,-168514.0
0.02500128746032715,-168358.0
0.02500128746032715,-168051.0
0.0260012149810791,-167639.0
0.0260012149810791,-167486.0
0.02700209617614746,-167102.0
0.02700209617614746,-165511.0
0.02700209617614746,-164758.0
0.02700209617614746,-164686.0
0.02800130844116211,-164229.0
0.02800130844116211,-164058.0
0.02800130844116211,-162872.0
0.02800130844116211,-162523.0
0.02800130844116211,-162439.0
0.02800130844116211,-160846.0
0.02800130844116211,-160680.0
0.029001235961914062,-159279.0
0.029001235961914062,-158679.0
0.029001235961914062,-157553.0
0.029001235961914062,-156726.0
0.030001401901245117,-156030.0
0.030001401901245117,-156010.0
0.030001401901245117,-155867.0
0.030001401901245117,-154307.0
0.03100109100341797,-153362.0
0.03100109100341797,-153011.0
0.03100109100341797,-151779.0
0.03200125694274902,-150951.0
0.03200125694274902,-150540.0
0.03200125694274902,-150521.0
0.03200125694274902,-149880.0
0.03200125694274902,-149121.0
0.03200125694274902,-148191.0
0.03200125694274902,-147857.0
0.03350329399108887,-147240.0
0.03350329399108887,-146929.0
0.034505367279052734,-146874.0
0.034505367279052734,-146241.0
0.034505367279052734,-146129.0
0.034505367279052734,-145315.0
0.035505056381225586,-145104.0
0.035505056381225586,-145036.0
0.035505056381225586,-144471.0
0.035505056381225586,-144199.0
0.035505056381225586,-144152.0
0.03650546073913574,-143961.0
0.03650546073913574,-143897.0
0.037505388259887695,-143822.0
0.037505388259887695,-143617.0
0.037505388259887695,-142837.0
0.037505388259887695,-142655.0
0.03850531578063965,-142328.0
0.03850531578063965,-140787.0
0.03850531578063965,-140219.0
0.03850531578063965,-140216.0
0.0395052433013916,-138851.0
0.0395052433013916,-138092.0
0.04050564765930176,-137599.0
0.04050564765930176,-137442.0
0.04150509834289551,-136373.0
0.04150509834289551,-135315.0
0.04250645637512207,-134722.0
0.04250645637512207,-134085.0
0.04250645637512207,-132946.0
0.04250645637512207,-132530.0
0.04250645637512207,-132089.0
0.04250645637512207,-132029.0
0.04250645637512207,-131943.0
0.04250645637512207,-131865.0
0.04350614547729492,-131516.0
0.04350614547729492,-130332.0
0.04350614547729492,-130028.0
0.044506072998046875,-129616.0
0.044506072998046875,-129121.0
0.044506072998046875,-128505.0
0.044506072998046875,-128389.0
0.04550647735595703,-127963.0
0.04550647735595703,-127937.0
0.04550647735595703,-127572.0
0.04550647735595703,-126491.0
0.04650616645812988,-126423.0
0.04650616645812988,-126379.0
0.04650616645812988,-125649.0
0.04650616645812988,-125404.0
0.047506093978881836,-125241.0
0.047506093978881836,-124018.0
0.047506093978881836,-123506.0
0.047506093978881836,-123482.0
0.047506093978881836,-122867.0
0.04850602149963379,-122535.0
0.04850602149963379,-121792.0
0.04850602149963379,-120749.0
0.04850602149963379,-120499.0
0.04850602149963379,-119690.0
0.04950594902038574,-119607.0
0.04950594902038574,-119193.0
0.04950594902038574,-119070.0
0.04950594902038574,-118833.0
0.04950594902038574,-118073.0
0.05150604248046875,-117997.0
0.05150604248046875,-116380.0
0.0525059700012207,-116002.0
0.0525059700012207,-115454.0
0.05350613594055176,-115349.0
0.05350613594055176,-115212.0
0.05350613594055176,-113616.0
0.05450630187988281,-112619.0
0.055505990982055664,-112327.0
0.055505990982055664,-111046.0
0.055505990982055664,-110902.0
0.05650591850280762,-110830.0
0.05650591850280762,-109637.0
0.05650591850280762,-109468.0
0.05650591850280762,-108341.0
0.05750608444213867,-108045.0
0.05850648880004883,-107982.0
0.059505462646484375,-107958.0
0.059505462646484375,-107844.0
0.06050539016723633,-106776.0
0.06050539016723633,-106618.0
0.06050539016723633,-106327.0
0.06050539016723633,-106101.0
0.06150531768798828,-104887.0
0.06150531768798828,-104488.0
0.06150531768798828,-103492.0
0.06150531768798828,-102058.0
0.06250524520874023,-101522.0
0.06250524520874023,-101357.0
0.06250524520874023,-101186.0
0.06250524520874023,-100854.0
0.06250524520874023,-100687.0
0.06450510025024414,-99628.0
0.0655050277709961,-98403.0
0.0655050277709961,-98295.0
0.0655050277709961,-97817.0
0.06650519371032715,-97707.0
0.06650519371032715,-97681.0
0.06650519371032715,-97650.0
0.06650519371032715,-97481.0
0.0675051212310791,-96549.0
0.06850504875183105,-96131.0
0.06850504875183105,-95645.0
0.06950497627258301,-95373.0
0.06950497627258301,-95082.0
0.06950497627258301,-94956.0
0.07150506973266602,-94156.0
0.07150506973266602,-93762.0
0.07250547409057617,-92957.0
0.07350707054138184,-92458.0
0.07350707054138184,-92081.0
0.07350707054138184,-91967.0
0.07350707054138184,-91360.0
0.07450628280639648,-91140.0
0.07450628280639648,-90846.0
0.07550549507141113,-90555.0
0.07550549507141113,-89711.0
0.07651734352111816,-89668.0
0.07651734352111816,-89099.0
0.07651734352111816,-87803.0
0.07750511169433594,-87515.0
0.07750511169433594,-87481.0
0.07750511169433594,-87338.0
0.07850527763366699,-86965.0
0.07850527763366699,-86667.0
0.07850527763366699,-86639.0
0.07950520515441895,-86012.0
0.07950520515441895,-85394.0
0.0805051326751709,-85342.0
0.0825052261352539,-84606.0
0.08350515365600586,-84553.0
0.08450508117675781,-84225.0
0.08550500869750977,-83253.0
0.08550500869750977,-82489.0
0.08650517463684082,-81578.0
0.08650517463684082,-81437.0
0.08650517463684082,-81348.0
0.08650517463684082,-80776.0
0.08750486373901367,-80613.0
0.08750486373901367,-80066.0
0.08750486373901367,-80013.0
0.08850502967834473,-79473.0
0.08950495719909668,-79418.0
0.09050512313842773,-79216.0
0.09050512313842773,-78836.0
0.09150505065917969,-78087.0
0.09150505065917969,-77897.0
0.09150505065917969,-77591.0
0.09250521659851074,-77492.0
0.0935051441192627,-77288.0
0.0935051441192627,-76873.0
0.09450507164001465,-76704.0
0.09450507164001465,-76483.0
0.09450507164001465,-75662.0
0.0955049991607666,-75496.0
0.0955049991607666,-75386.0
0.09650516510009766,-74304.0
0.09750509262084961,-73147.0
0.09750509262084961,-73009.0
0.09850502014160156,-72628.0
0.09850502014160156,-72096.0
0.09850502014160156,-71211.0
0.09950494766235352,-71072.0
0.10050511360168457,-70945.0
0.10150504112243652,-70416.0
0.10150504112243652,-70298.0
0.10250496864318848,-69866.0
0.10250496864318848,-69160.0
0.10450506210327148,-69108.0
0.10450506210327148,-68983.0
0.10450506210327148,-68968.0
0.10550498962402344,-68913.0
0.1065053939819336,-68846.0
0.1065053939819336,-68842.0
0.1065053939819336,-67949.0
0.10750484466552734,-66626.0
0.10750484466552734,-66085.0
0.1085050106048584,-65941.0
0.1085050106048584,-65309.0
0.11050534248352051,-64979.0
0.11050534248352051,-63948.0
0.11050534248352051,-63872.0
0.11050534248352051,-63423.0
0.11050534248352051,-62624.0
0.11050534248352051,-62435.0
0.11150527000427246,-62063.0
0.11250495910644531,-62058.0
0.11450505256652832,-62003.0
0.11550498008728027,-61452.0
0.11550498008728027,-61186.0
0.11550498008728027,-60391.0
0.11550498008728027,-60211.0
0.11750483512878418,-59737.0
0.11850476264953613,-59651.0
0.11850476264953613,-59356.0
0.11850476264953613,-58934.0
0.11850476264953613,-58856.0
0.1195068359375,-58460.0
0.12050724029541016,-58293.0
0.12150740623474121,-57815.0
0.12150740623474121,-57678.0
0.12350726127624512,-57665.0
0.12450718879699707,-56956.0
0.12450718879699707,-56360.0
0.12550711631774902,-55522.0
0.12550711631774902,-55176.0
0.12550711631774902,-54746.0
0.12650704383850098,-54469.0
0.12750697135925293,-53766.0
0.12850713729858398,-53279.0
0.12850713729858398,-52881.0
0.12950706481933594,-52695.0
0.12950706481933594,-52534.0
0.1305069923400879,-51853.0
0.13701128959655762,-51801.0
0.13801145553588867,-51493.0
0.13801145553588867,-51357.0
0.13801145553588867,-51249.0
0.13801145553588867,-50828.0
0.13901090621948242,-50108.0
0.14001107215881348,-49791.0
0.14001107215881348,-49495.0
0.14001107215881348,-49382.0
0.14301085472106934,-48918.0
0.1440110206604004,-48452.0
0.14501094818115234,-48157.0
0.1460108757019043,-47803.0
0.14701080322265625,-47475.0
0.1480107307434082,-47217.0
0.1480107307434082,-47154.0
0.14901089668273926,-46747.0
0.14901089668273926,-46513.0
0.14901089668273926,-46000.0
0.14901089668273926,-45561.0
0.1500108242034912,-45125.0
0.15101075172424316,-44334.0
0.15101075172424316,-44276.0
0.15301084518432617,-44150.0
0.15501093864440918,-44033.0
0.15601086616516113,-43919.0
0.1570110321044922,-43509.0
0.15801095962524414,-43351.0
0.15801095962524414,-42744.0
0.15801095962524414,-42603.0
0.1590108871459961,-41825.0
0.16001081466674805,-41559.0
0.1610107421875,-40738.0
0.16201090812683105,-40187.0
0.163010835647583,-39637.0
0.16401076316833496,-39507.0
0.16401076316833496,-39447.0
0.16401076316833496,-39402.0
0.16501092910766602,-38785.0
0.16601085662841797,-37806.0
0.16601085662841797,-37777.0
0.16701102256774902,-37332.0
0.16701102256774902,-36957.0
0.17301058769226074,-36417.0
0.17401123046875,-36386.0
0.17501091957092285,-35772.0
0.1760108470916748,-34998.0
0.1760108470916748,-34972.0
0.1780107021331787,-34860.0
0.17901086807250977,-34513.0
0.17901086807250977,-33942.0
0.17901086807250977,-33413.0
0.18301081657409668,-33093.0
0.18501067161560059,-33000.0
0.18601107597351074,-32951.0
0.1870107650756836,-32666.0
0.18801069259643555,-31902.0
0.19201087951660156,-31739.0
0.19301080703735352,-31410.0
0.19301080703735352,-31165.0
0.19501090049743652,-31104.0
0.19501090049743652,-31041.0
0.19601058959960938,-30363.0
0.19601058959960938,-30184.0
0.19901084899902344,-29081.0
0.20301079750061035,-28873.0
0.20501065254211426,-28868.0
0.20501065254211426,-28518.0
0.21001052856445312,-28030.0
0.2130107879638672,-27484.0
0.2150106430053711,-26869.0
0.21601057052612305,-26798.0
0.21601057052612305,-26060.0
0.21801066398620605,-25909.0
0.21901273727416992,-25691.0
0.21901273727416992,-25649.0
0.22001266479492188,-25550.0
0.22101283073425293,-25243.0
0.22101283073425293,-24953.0
0.22301268577575684,-24774.0
0.2240126132965088,-24627.0
0.2260127067565918,-24304.0
0.2280128002166748,-23908.0
0.22901272773742676,-23806.0
0.2300126552581787,-23616.0
0.2355175018310547,-23546.0
0.23851728439331055,-23288.0
0.24351739883422852,-22896.0
0.24451708793640137,-22743.0
0.24751734733581543,-22647.0
0.24851775169372559,-22281.0
0.24851775169372559,-22005.0
0.25151753425598145,-21897.0
0.25751733779907227,-21134.0
0.25751733779907227,-20762.0
0.2655172348022461,-20622.0
0.2655172348022461,-20407.0
0.2655172348022461,-20367.0
0.26751708984375,-20339.0
0.26751708984375,-20259.0
0.2695174217224121,-20016.0
0.27051734924316406,-19927.0
0.2715175151824951,-19693.0
0.2715175151824951,-19647.0
0.2745175361633301,-19466.0
0.2745175361633301,-19415.0
0.27551746368408203,-19229.0
0.27551746368408203,-18976.0
0.27751708030700684,-18689.0
0.2785170078277588,-18446.0
0.27951717376708984,-18029.0
0.2805173397064209,-17679.0
0.2805173397064209,-17673.0
0.2825171947479248,-17285.0
0.2845170497894287,-17099.0
0.2875175476074219,-17087.0
0.2935173511505127,-17052.0
0.2975175380706787,-16934.0
0.3045170307159424,-16873.0
0.3065168857574463,-16803.0
0.30751729011535645,-16537.0
0.3085172176361084,-16450.0
0.3085172176361084,-15924.0
0.3105170726776123,-15921.0
0.3105170726776123,-15818.0
0.3125183582305908,-15791.0
0.31351780891418457,-15665.0
0.3265206813812256,-15485.0
0.32752060890197754,-15126.0
0.3440263271331787,-15121.0
0.3440263271331787,-14721.0
0.3460261821746826,-14512.0
0.3480262756347656,-14321.0
0.3550262451171875,-14192.0
0.36502623558044434,-13735.0
0.37102627754211426,-13699.0
0.3760263919830322,-13510.0
0.3810262680053711,-13305.0
0.38202619552612305,-13251.0
0.38802623748779297,-13187.0
0.390026330947876,-12936.0
0.39102625846862793,-12534.0
0.39702558517456055,-12248.0
0.39902567863464355,-12185.0
0.4000253677368164,-11892.0
0.40102553367614746,-11762.0
0.40102553367614746,-11662.0
0.40602564811706543,-11495.0
0.4140338897705078,-11356.0
0.42004895210266113,-11092.0
0.4280400276184082,-11037.0
0.43104004859924316,-11011.0
0.4320399761199951,-10960.0
0.4375438690185547,-10825.0
0.44454431533813477,-10636.0
0.4455440044403076,-10346.0
0.4485440254211426,-10150.0
0.4485440254211426,-9681.0
0.45354390144348145,-9423.0
0.45554566383361816,-9351.0
0.4635448455810547,-9348.0
0.4675447940826416,-9308.0
0.47254443168640137,-9213.0
0.4765439033508301,-8958.0
0.47954392433166504,-8913.0
0.48154401779174805,-8841.0
0.4825441837310791,-8763.0
0.48354387283325195,-8720.0
0.48554396629333496,-8586.0
0.49454379081726074,-8553.0
0.4995439052581787,-8447.0
0.4995439052581787,-8427.0
0.5005440711975098,-8250.0
0.5015439987182617,-8234.0
0.5035438537597656,-8014.0
0.5295460224151611,-7781.0
0.5390510559082031,-7561.0
0.5390510559082031,-7452.0
0.5430507659912109,-7144.0
0.54905104637146,-7092.0
0.5570509433746338,-7081.0
0.5610508918762207,-6904.0
0.5730507373809814,-6777.0
0.5730507373809814,-6652.0
0.5850505828857422,-6640.0
0.5860512256622314,-6632.0
0.5880610942840576,-6524.0
0.5940508842468262,-6506.0
0.5950508117675781,-6210.0
0.5960509777069092,-6135.0
0.601050615310669,-6038.0
0.6160507202148438,-6024.0
0.6180505752563477,-5985.0
0.6230528354644775,-5968.0
0.6290526390075684,-5843.0
0.6300525665283203,-5531.0
0.6300525665283203,-5509.0
0.6320526599884033,-5182.0
0.637556791305542,-5141.0
0.6615571975708008,10687.0
0.6635563373565674,10743.0
0.6855652332305908,10772.0
0.9285759925842285,10780.0
1.1410956382751465,10781.0
1.1450953483581543,10784.0
1.4131133556365967,10787.0
1.4416255950927734,10790.0
