0.0,-57403.0
0.0,-56018.0
0.0,-54180.0
0.0,-52393.0
0.0,-52380.0
0.0,-52210.0
0.0,-51828.0
0.0,-51499.0
0.0,-50935.0
0.0009996891021728516,-50520.0
0.0009996891021728516,-50500.0
0.0009996891021728516,-50442.0
0.0009996891021728516,-48799.0
0.0009996891021728516,-47671.0
0.0009996891021728516,-46267.0
0.0009996891021728516,-45865.0
0.0009996891021728516,-44538.0
0.0009996891021728516,-44018.0
0.0009996891021728516,-42681.0
0.0009996891021728516,-42493.0
0.0009996891021728516,-40817.0
0.0009996891021728516,-39531.0
0.0009996891021728516,-38294.0
0.0009996891021728516,-37707.0
0.0009996891021728516,-37399.0
0.0009996891021728516,-36462.0
0.0009996891021728516,-36388.0
0.0009996891021728516,-35746.0
0.0009996891021728516,-35204.0
0.0009996891021728516,-34802.0
0.0009996891021728516,-33960.0
0.0009996891021728516,-33879.0
0.0019958019256591797,-32719.0
0.0019958019256591797,-31806.0
0.0019958019256591797,-31721.0
0.0019958019256591797,-31462.0
0.0019958019256591797,-30296.0
0.0019958019256591797,-30148.0
0.0019958019256591797,-29157.0
0.0019958019256591797,-28561.0
0.0019958019256591797,-28508.0
0.0019958019256591797,-28074.0
0.0019958019256591797,-27236.0
0.0019958019256591797,-27048.0
0.0019958019256591797,-26761.0
0.0019958019256591797,-26746.0
0.0019958019256591797,-26391.0
0.0019958019256591797,-25507.0
0.0019958019256591797,-25357.0
0.0019958019256591797,-24489.0
0.002995729446411133,-24300.0
0.002995729446411133,-23091.0
0.002995729446411133,-22867.0
0.002995729446411133,-22235.0
0.002995729446411133,-21797.0
0.002995729446411133,-21773.0
0.002995729446411133,-20774.0
0.002995729446411133,-20631.0
0.002995729446411133,-20482.0
0.002995729446411133,-19416.0
0.002995729446411133,-19388.0
0.003995418548583984,-19235.0
0.003995418548583984,-19080.0
0.003995418548583984,-18610.0
0.003995418548583984,-18252.0
0.003995418548583984,-18241.0
0.003995418548583984,-18007.0
0.003995418548583984,-17928.0
0.003995418548583984,-17837.0
0.003995418548583984,-16914.0
0.003995418548583984,-16627.0
0.003995418548583984,-16202.0
0.003995418548583984,-15968.0
0.004996061325073242,-15963.0
0.004996061325073242,-15045.0
0.004996061325073242,-14973.0
0.004996061325073242,-14853.0
0.004996061325073242,-14662.0
0.004996061325073242,-14336.0
0.004996061325073242,-14141.0
0.004996061325073242,-14113.0
0.004996061325073242,-13713.0
0.004996061325073242,-13312.0
0.005996227264404297,-13033.0
0.005996227264404297,-13014.0
0.005996227264404297,-12831.0
0.005996227264404297,-12043.0
0.005996227264404297,-11831.0
0.0069959163665771484,-10635.0
0.0069959163665771484,-10541.0
0.0069959163665771484,-10520.0
0.0069959163665771484,-10339.0
0.0069959163665771484,-9869.0
0.0069959163665771484,-9435.0
0.0069959163665771484,-9368.0
0.0069959163665771484,-8331.0
0.0069959163665771484,-7890.0
0.0069959163665771484,-7065.0
0.0069959163665771484,-6628.0
0.007996082305908203,-6610.0
0.007996082305908203,-6404.0
0.008996009826660156,-5857.0
0.008996009826660156,-5736.0
0.008996009826660156,-5717.0
0.009996175765991211,-5708.0
0.009996175765991211,-5700.0
0.009996175765991211,-5187.0
0.010996103286743164,-4959.0
0.01199960708618164,-4669.0
0.01199960708618164,-4335.0
0.01199960708618164,-4203.0
0.012999773025512695,-4135.0
0.012999773025512695,-4008.0
0.012999773025512695,-3878.0
0.013999700546264648,-3446.0
0.013999700546264648,-3239.0
0.013999700546264648,-3001.0
0.014999628067016602,-2439.0
0.014999628067016602,-2173.0
0.017999887466430664,-2049.0
0.018999814987182617,-2027.0
0.01999974250793457,-1750.0
0.021999835968017578,-1633.0
0.02299976348876953,-1320.0
0.02299976348876953,-1017.0
0.02400040626525879,2268.0
0.025000333786010742,3418.0
0.025000333786010742,3819.0
0.025999784469604492,4028.0
0.028508663177490234,4402.0
0.02950882911682129,4624.0
0.030508756637573242,4664.0
0.030508756637573242,4919.0
0.03250885009765625,5166.0
0.03850889205932617,5622.0
0.04050874710083008,6239.0
0.042508602142333984,6361.0
0.05450892448425293,6405.0
0.05850863456726074,6744.0
0.06650900840759277,6827.0
0.0765085220336914,6944.0
0.09650874137878418,7011.0
0.102508544921875,7123.0
0.1245126724243164,7254.0
0.1320202350616455,7275.0
0.1470203399658203,7637.0
0.14902019500732422,7785.0
0.1690201759338379,7885.0
0.44855737686157227,7931.0
0.4775550365447998,7954.0
