0.0,-510688.0
0.0,-510609.0
0.0,-509506.0
0.0,-508478.0
0.0,-507420.0
0.0,-507242.0
0.0,-506750.0
0.0,-506059.0
0.0,-505196.0
0.0,-504903.0
0.0,-504318.0
0.0,-504202.0
0.0,-503193.0
0.0,-502699.0
0.0,-502686.0
0.0,-502048.0
0.0,-501474.0
0.0,-500435.0
0.0,-499724.0
0.0,-499304.0
0.0,-498032.0
0.0,-496772.0
0.0,-496623.0
0.0,-496218.0
0.0,-495391.0
0.0,-494694.0
0.0,-494573.0
0.0,-492851.0
0.0,-492313.0
0.0,-491739.0
0.0,-491441.0
0.0,-491305.0
0.0,-490654.0
0.0,-490649.0
0.0,-490601.0
0.015609502792358398,-488804.0
0.015609502792358398,-487843.0
0.015609502792358398,-487368.0
0.015609502792358398,-486276.0
0.015609502792358398,-485130.0
0.015609502792358398,-484895.0
0.015609502792358398,-484305.0
0.015609502792358398,-484005.0
0.015609502792358398,-483435.0
0.015609502792358398,-482930.0
0.015609502792358398,-481405.0
0.015609502792358398,-480150.0
0.015609502792358398,-479577.0
0.015609502792358398,-478155.0
0.015609502792358398,-478036.0
0.015609502792358398,-477719.0
0.015609502792358398,-476638.0
0.015609502792358398,-476339.0
0.015609502792358398,-476327.0
0.015609502792358398,-475651.0
0.015609502792358398,-473942.0
0.015609502792358398,-473487.0
0.015609502792358398,-473449.0
0.015609502792358398,-472350.0
0.015609502792358398,-470569.0
0.015609502792358398,-470119.0
0.015609502792358398,-469776.0
0.015609502792358398,-469376.0
0.015609502792358398,-468782.0
0.015609502792358398,-468449.0
0.015609502792358398,-467796.0
0.015609502792358398,-466575.0
0.015609502792358398,-466209.0
0.015609502792358398,-465983.0
0.015609502792358398,-464273.0
0.015609502792358398,-463337.0
0.015609502792358398,-462639.0
0.015609502792358398,-461870.0
0.015609502792358398,-461336.0
0.015609502792358398,-460736.0
0.015609502792358398,-460395.0
0.015609502792358398,-459220.0
0.015609502792358398,-457998.0
0.015609502792358398,-457387.0
0.015609502792358398,-456427.0
0.015609502792358398,-454853.0
0.031233549118041992,-454261.0
0.031233549118041992,-454073.0
0.031233549118041992,-452834.0
0.031233549118041992,-452322.0
0.031233549118041992,-451387.0
0.031233549118041992,-451192.0
0.031233549118041992,-450436.0
0.031233549118041992,-449784.0
0.031233549118041992,-449262.0
0.031233549118041992,-448496.0
0.031233549118041992,-447757.0
0.031233549118041992,-446982.0
0.031233549118041992,-446476.0
0.031233549118041992,-446162.0
0.031233549118041992,-445962.0
0.031233549118041992,-445456.0
0.031233549118041992,-445119.0
0.031233549118041992,-444217.0
0.031233549118041992,-444205.0
0.031233549118041992,-442351.0
0.031233549118041992,-441538.0
0.031233549118041992,-440495.0
0.031233549118041992,-439732.0
0.031233549118041992,-438653.0
0.031233549118041992,-437191.0
0.031233549118041992,-436362.0
0.031233549118041992,-436253.0
0.031233549118041992,-435708.0
0.031233549118041992,-434976.0
0.031233549118041992,-434329.0
0.031233549118041992,-432801.0
0.031233549118041992,-431740.0
0.031233549118041992,-430493.0
0.031233549118041992,-430115.0
0.031233549118041992,-429277.0
0.031233549118041992,-429008.0
0.031233549118041992,-427977.0
0.031233549118041992,-427963.0
0.031233549118041992,-427633.0
0.031233549118041992,-426899.0
0.031233549118041992,-426793.0
0.031233549118041992,-425511.0
0.031233549118041992,-425202.0
0.04693341255187988,-424998.0
0.04693341255187988,-423739.0
0.04693341255187988,-423103.0
0.04693341255187988,-422930.0
0.04693341255187988,-421159.0
0.04693341255187988,-420702.0
0.04693341255187988,-420063.0
0.04693341255187988,-419990.0
0.04693341255187988,-419037.0
0.04693341255187988,-418841.0
0.04693341255187988,-418377.0
0.04693341255187988,-417340.0
0.04693341255187988,-416041.0
0.04693341255187988,-415771.0
0.04693341255187988,-415079.0
0.04693341255187988,-415065.0
0.04693341255187988,-414893.0
0.04693341255187988,-414162.0
0.04693341255187988,-413244.0
0.04693341255187988,-412744.0
0.04693341255187988,-412275.0
0.04693341255187988,-411834.0
0.04693341255187988,-411422.0
0.04693341255187988,-410986.0
0.04693341255187988,-410599.0
0.04693341255187988,-410478.0
0.04693341255187988,-409942.0
0.04693341255187988,-409560.0
0.04693341255187988,-409245.0
0.04693341255187988,-409203.0
0.04693341255187988,-408081.0
0.04693341255187988,-406940.0
0.04693341255187988,-406134.0
0.04693341255187988,-404626.0
0.04693341255187988,-403975.0
0.04693341255187988,-403873.0
0.04693341255187988,-403373.0
0.04693341255187988,-402622.0
0.04693341255187988,-402027.0
0.04693341255187988,-401733.0
0.04693341255187988,-400722.0
0.04693341255187988,-399979.0
0.04693341255187988,-399936.0
0.04693341255187988,-399799.0
0.06256771087646484,-398295.0
0.06256771087646484,-397867.0
0.06256771087646484,-396648.0
0.06256771087646484,-396303.0
0.06256771087646484,-396259.0
0.06256771087646484,-395393.0
0.06256771087646484,-394325.0
0.06256771087646484,-394298.0
0.06256771087646484,-394125.0
0.06256771087646484,-392742.0
0.06256771087646484,-392612.0
0.06256771087646484,-391576.0
0.06256771087646484,-391223.0
0.06256771087646484,-391164.0
0.06256771087646484,-390641.0
0.06256771087646484,-390304.0
0.06256771087646484,-390079.0
0.06256771087646484,-389815.0
0.06256771087646484,-389428.0
0.06256771087646484,-389332.0
0.06256771087646484,-388459.0
0.06256771087646484,-388429.0
0.06256771087646484,-387068.0
0.06256771087646484,-386231.0
0.06256771087646484,-386067.0
0.06256771087646484,-385647.0
0.06256771087646484,-384812.0
0.06256771087646484,-384340.0
0.06256771087646484,-384267.0
0.06256771087646484,-383756.0
0.06256771087646484,-383461.0
0.06256771087646484,-383147.0
0.06256771087646484,-382544.0
0.06256771087646484,-382007.0
0.06256771087646484,-380534.0
0.06256771087646484,-380441.0
0.06256771087646484,-380121.0
0.06256771087646484,-379909.0
0.06256771087646484,-379763.0
0.06256771087646484,-378965.0
0.07820653915405273,-378335.0
0.07820653915405273,-378315.0
0.07820653915405273,-378114.0
0.07820653915405273,-377718.0
0.07820653915405273,-377140.0
0.07820653915405273,-376682.0
0.07820653915405273,-376351.0
0.07820653915405273,-375452.0
0.08071351051330566,-374234.0
0.08071351051330566,-374033.0
0.08071351051330566,-373006.0
0.08071351051330566,-372153.0
0.08071351051330566,-371551.0
0.08071351051330566,-371547.0
0.08071351051330566,-370298.0
0.08071351051330566,-368851.0
0.08071351051330566,-368792.0
0.08071351051330566,-368534.0
0.08071351051330566,-367583.0
0.08071351051330566,-367070.0
0.08071351051330566,-366672.0
0.08071351051330566,-366016.0
0.08071351051330566,-365734.0
0.08071351051330566,-365295.0
0.08071351051330566,-364350.0
0.08071351051330566,-364309.0
0.08071351051330566,-362688.0
0.08071351051330566,-361899.0
0.08071351051330566,-360021.0
0.08071351051330566,-359506.0
0.08071351051330566,-359032.0
0.08071351051330566,-358056.0
0.08071351051330566,-356960.0
0.08071351051330566,-356262.0
0.08071351051330566,-355449.0
0.08071351051330566,-355352.0
0.08071351051330566,-355172.0
0.08071351051330566,-353995.0
0.08071351051330566,-353623.0
0.08071351051330566,-353458.0
0.08071351051330566,-352939.0
0.09421634674072266,-351705.0
0.09421634674072266,-350210.0
0.09421634674072266,-349962.0
0.09421634674072266,-349771.0
0.09421634674072266,-349319.0
0.09421634674072266,-348722.0
0.09421634674072266,-348231.0
0.09421634674072266,-347166.0
0.09421634674072266,-346993.0
0.09421634674072266,-345752.0
0.09421634674072266,-344969.0
0.09421634674072266,-344594.0
0.09421634674072266,-343463.0
0.09421634674072266,-342215.0
0.09421634674072266,-341037.0
0.09421634674072266,-340951.0
0.09421634674072266,-340363.0
0.09421634674072266,-340021.0
0.09421634674072266,-339278.0
0.10271954536437988,-338471.0
0.10271954536437988,-338422.0
0.10271954536437988,-338378.0
0.10271954536437988,-337735.0
0.10271954536437988,-337200.0
0.10271954536437988,-336936.0
0.10271954536437988,-336874.0
0.10271954536437988,-336842.0
0.10271954536437988,-336709.0
0.10271954536437988,-336468.0
0.10271954536437988,-335978.0
0.10271954536437988,-334384.0
0.10271954536437988,-334111.0
0.11022186279296875,-334078.0
0.11022186279296875,-333594.0
0.1109306812286377,-333455.0
0.1109306812286377,-332072.0
0.1109306812286377,-331150.0
0.11193442344665527,-330969.0
0.11193442344665527,-330276.0
0.11293315887451172,-329291.0
0.11293315887451172,-328735.0
0.11293315887451172,-328560.0
0.11393308639526367,-328239.0
0.11393308639526367,-327940.0
0.11393308639526367,-327452.0
0.11493325233459473,-327140.0
0.11493325233459473,-326780.0
0.11493325233459473,-326636.0
0.11493325233459473,-326074.0
0.11693310737609863,-325488.0
0.11693310737609863,-325165.0
0.11793327331542969,-324749.0
0.11793327331542969,-324624.0
0.11893343925476074,-323327.0
0.11893343925476074,-323039.0
0.1199333667755127,-321936.0
0.1199333667755127,-321415.0
0.12093329429626465,-320365.0
0.1219332218170166,-319542.0
0.12293338775634766,-318351.0
0.12293338775634766,-318193.0
0.12393331527709961,-317195.0
0.12393331527709961,-316894.0
0.12393331527709961,-316052.0
0.12493324279785156,-315476.0
0.12493324279785156,-315153.0
0.12593317031860352,-314802.0
0.12697625160217285,-313778.0
0.12697625160217285,-313121.0
0.12801313400268555,-312074.0
0.12801313400268555,-310718.0
0.1290140151977539,-310241.0
0.1290140151977539,-309871.0
0.1290140151977539,-309018.0
0.13001322746276855,-308875.0
0.13001322746276855,-308025.0
0.1310122013092041,-306677.0
0.1310122013092041,-305277.0
0.1310122013092041,-304495.0
0.1310122013092041,-303655.0
0.13201165199279785,-303482.0
0.13201165199279785,-302822.0
0.13201165199279785,-302754.0
0.13401150703430176,-302222.0
0.13401150703430176,-302040.0
0.13401150703430176,-301678.0
0.13401150703430176,-301421.0
0.13501477241516113,-301058.0
0.13501477241516113,-300597.0
0.13601231575012207,-298963.0
0.13601231575012207,-298299.0
0.13801240921020508,-297876.0
0.13801240921020508,-297453.0
0.13901424407958984,-297280.0
0.13901424407958984,-296713.0
0.13993477821350098,-295525.0
0.13993477821350098,-294858.0
0.14093327522277832,-294199.0
0.14193320274353027,-293725.0
0.14193320274353027,-293610.0
0.14193320274353027,-292798.0
0.14293336868286133,-291577.0
0.14393329620361328,-291558.0
0.14493298530578613,-291238.0
0.14493298530578613,-290483.0
0.14493298530578613,-290453.0
0.14693307876586914,-289603.0
0.1479332447052002,-288655.0
0.1479332447052002,-288464.0
0.1479332447052002,-287194.0
0.14897704124450684,-286266.0
0.15193390846252441,-286170.0
0.15193390846252441,-286080.0
0.15193390846252441,-285818.0
0.15293383598327637,-285282.0
0.15293383598327637,-284150.0
0.15393376350402832,-283933.0
0.15393376350402832,-283371.0
0.15493392944335938,-282141.0
0.15493392944335938,-281795.0
0.15493392944335938,-281627.0
0.15593385696411133,-280823.0
0.15593385696411133,-280704.0
0.15593385696411133,-280368.0
0.15704131126403809,-278701.0
0.15704131126403809,-278170.0
0.15704131126403809,-277328.0
0.15704131126403809,-276477.0
0.15704131126403809,-276221.0
0.15704131126403809,-276152.0
0.15704131126403809,-275840.0
0.15704131126403809,-275629.0
0.15704131126403809,-275595.0
0.15704131126403809,-275207.0
0.15704131126403809,-274457.0
0.15704131126403809,-274361.0
0.15704131126403809,-274263.0
0.15704131126403809,-273921.0
0.15704131126403809,-273401.0
0.15704131126403809,-273267.0
0.15704131126403809,-273195.0
0.15704131126403809,-271942.0
0.15704131126403809,-271687.0
0.15704131126403809,-271131.0
0.15704131126403809,-270684.0
0.15704131126403809,-270010.0
0.15704131126403809,-269591.0
0.15704131126403809,-269112.0
0.15704131126403809,-268437.0
0.15704131126403809,-267360.0
0.15704131126403809,-266582.0
0.1726665496826172,-266447.0
0.1726665496826172,-265731.0
0.1726665496826172,-265288.0
0.1726665496826172,-265095.0
0.1726665496826172,-264940.0
0.1726665496826172,-263914.0
0.1726665496826172,-263699.0
0.1726665496826172,-263011.0
0.1726665496826172,-262986.0
0.1726665496826172,-262781.0
0.1726665496826172,-261845.0
0.1726665496826172,-261299.0
0.1726665496826172,-260938.0
0.1726665496826172,-260820.0
0.1726665496826172,-260771.0
0.1726665496826172,-260658.0
0.18068480491638184,-260539.0
0.18068480491638184,-259743.0
0.18068480491638184,-259695.0
0.18068480491638184,-259201.0
0.18068480491638184,-258971.0
0.18068480491638184,-258859.0
0.18068480491638184,-258697.0
0.18068480491638184,-258319.0
0.18068480491638184,-257912.0
0.18068480491638184,-257401.0
0.18068480491638184,-257176.0
0.18068480491638184,-257157.0
0.18068480491638184,-256642.0
0.18879175186157227,-256605.0
0.18879175186157227,-256470.0
0.18879175186157227,-256158.0
0.18879175186157227,-255927.0
0.18879175186157227,-255641.0
0.18879175186157227,-255018.0
0.18879175186157227,-255003.0
0.18879175186157227,-254407.0
0.18879175186157227,-254329.0
0.18879175186157227,-254227.0
0.18879175186157227,-253559.0
0.18879175186157227,-252457.0
0.18879175186157227,-251947.0
0.18879175186157227,-251494.0
0.18879175186157227,-251369.0
0.18879175186157227,-250504.0
0.18879175186157227,-250265.0
0.18879175186157227,-249449.0
0.18879175186157227,-249033.0
0.18879175186157227,-248816.0
0.18879175186157227,-248022.0
0.18879175186157227,-247714.0
0.18879175186157227,-247236.0
0.18879175186157227,-246902.0
0.18879175186157227,-245442.0
0.18879175186157227,-245013.0
0.18879175186157227,-244940.0
0.18879175186157227,-244865.0
0.18879175186157227,-244792.0
0.18879175186157227,-244382.0
0.20442628860473633,-244339.0
0.20442628860473633,-244027.0
0.20442628860473633,-243386.0
0.20442628860473633,-243001.0
0.20442628860473633,-242691.0
0.20442628860473633,-242564.0
0.20442628860473633,-242440.0
0.20442628860473633,-242159.0
0.20442628860473633,-242076.0
0.20442628860473633,-241943.0
0.20442628860473633,-241673.0
0.20442628860473633,-241085.0
0.20442628860473633,-240599.0
0.20442628860473633,-240227.0
0.20442628860473633,-239709.0
0.20442628860473633,-239093.0
0.20442628860473633,-238354.0
0.20442628860473633,-238353.0
0.20442628860473633,-237795.0
0.20442628860473633,-237433.0
0.20442628860473633,-236790.0
0.20442628860473633,-236504.0
0.20442628860473633,-236076.0
0.20442628860473633,-234947.0
0.20442628860473633,-233452.0
0.22005033493041992,-233273.0
0.22005033493041992,-232505.0
0.22005033493041992,-231359.0
0.22005033493041992,-230455.0
0.22005033493041992,-230413.0
0.22005033493041992,-229638.0
0.22005033493041992,-229454.0
0.22005033493041992,-229453.0
0.22005033493041992,-228052.0
0.22005033493041992,-227415.0
0.22005033493041992,-226376.0
0.22005033493041992,-226243.0
0.22005033493041992,-226152.0
0.22005033493041992,-225670.0
0.22005033493041992,-225387.0
0.22005033493041992,-225359.0
0.22005033493041992,-225012.0
0.22005033493041992,-224275.0
0.22005033493041992,-223651.0
0.22005033493041992,-223599.0
0.22005033493041992,-223538.0
0.22005033493041992,-223108.0
0.22005033493041992,-222870.0
0.22005033493041992,-222650.0
0.22005033493041992,-222592.0
0.22005033493041992,-221991.0
0.22005033493041992,-221661.0
0.23567652702331543,-221613.0
0.23567652702331543,-221312.0
0.23567652702331543,-220907.0
0.23567652702331543,-220210.0
0.23567652702331543,-219034.0
0.23567652702331543,-218569.0
0.23567652702331543,-218417.0
0.23567652702331543,-217252.0
0.23567652702331543,-216561.0
0.23567652702331543,-216446.0
0.23567652702331543,-216436.0
0.23567652702331543,-215705.0
0.251314640045166,-215690.0
0.251314640045166,-214900.0
0.251314640045166,-214140.0
0.251314640045166,-214099.0
0.251314640045166,-213763.0
0.251314640045166,-213027.0
0.251314640045166,-212963.0
0.251314640045166,-211824.0
0.251314640045166,-210845.0
0.251314640045166,-210387.0
0.251314640045166,-210283.0
0.251314640045166,-210053.0
0.251314640045166,-209599.0
0.251314640045166,-209067.0
0.251314640045166,-208096.0
0.251314640045166,-206614.0
0.251314640045166,-206095.0
0.251314640045166,-205162.0
0.251314640045166,-205072.0
0.251314640045166,-204648.0
0.251314640045166,-204586.0
0.251314640045166,-204425.0
0.251314640045166,-204023.0
0.251314640045166,-203972.0
0.2669410705566406,-203622.0
0.2669410705566406,-203203.0
0.2669410705566406,-203071.0
0.2669410705566406,-203036.0
0.2669410705566406,-202969.0
0.2669410705566406,-201711.0
0.2669410705566406,-201234.0
0.2669410705566406,-200259.0
0.2669410705566406,-200191.0
0.2669410705566406,-200093.0
0.2669410705566406,-199981.0
0.2669410705566406,-198518.0
0.2669410705566406,-198512.0
0.2669410705566406,-198505.0
0.2669410705566406,-198115.0
0.2669410705566406,-197334.0
0.2669410705566406,-197038.0
0.2669410705566406,-196502.0
0.2669410705566406,-196199.0
0.2669410705566406,-195846.0
0.2669410705566406,-195609.0
0.2669410705566406,-195564.0
0.2669410705566406,-195253.0
0.2809479236602783,-194861.0
0.2809479236602783,-194179.0
0.28294992446899414,-193840.0
0.28294992446899414,-193626.0
0.28294992446899414,-193588.0
0.28294992446899414,-192908.0
0.28294992446899414,-192501.0
0.28294992446899414,-192465.0
0.28294992446899414,-192229.0
0.28294992446899414,-191955.0
0.28294992446899414,-191733.0
0.28294992446899414,-190724.0
0.28294992446899414,-190494.0
0.28294992446899414,-189626.0
0.28294992446899414,-189129.0
0.28294992446899414,-188163.0
0.28294992446899414,-186982.0
0.28294992446899414,-186693.0
0.29857754707336426,-186657.0
0.29857754707336426,-186162.0
0.29857754707336426,-184995.0
0.29857754707336426,-184028.0
0.29857754707336426,-183675.0
0.29857754707336426,-182800.0
0.29857754707336426,-182764.0
0.29857754707336426,-182714.0
0.29857754707336426,-182207.0
0.29857754707336426,-181170.0
0.29857754707336426,-181064.0
0.29857754707336426,-180893.0
0.29857754707336426,-180492.0
0.29857754707336426,-180028.0
0.29857754707336426,-179485.0
0.29857754707336426,-179319.0
0.29857754707336426,-178879.0
0.29857754707336426,-178483.0
0.29857754707336426,-177790.0
0.29857754707336426,-177292.0
0.29857754707336426,-177277.0
0.29857754707336426,-176603.0
0.31420230865478516,-176326.0
0.31420230865478516,-175771.0
0.31420230865478516,-175527.0
0.31420230865478516,-175362.0
0.31420230865478516,-175238.0
0.31420230865478516,-175233.0
0.31420230865478516,-175205.0
0.31420230865478516,-175061.0
0.31420230865478516,-174966.0
0.31420230865478516,-174234.0
0.31420230865478516,-173584.0
0.31420230865478516,-173530.0
0.31420230865478516,-172879.0
0.31420230865478516,-171917.0
0.31420230865478516,-171697.0
0.31420230865478516,-171461.0
0.31420230865478516,-171308.0
0.31420230865478516,-171183.0
0.31420230865478516,-171135.0
0.31420230865478516,-171106.0
0.31420230865478516,-171082.0
0.31420230865478516,-171035.0
0.31420230865478516,-170766.0
0.32982707023620605,-170365.0
0.32982707023620605,-170181.0
0.32982707023620605,-170000.0
0.32982707023620605,-169548.0
0.32982707023620605,-168853.0
0.32982707023620605,-168580.0
0.32982707023620605,-168459.0
0.32982707023620605,-168261.0
0.32982707023620605,-167569.0
0.32982707023620605,-167547.0
0.32982707023620605,-166564.0
0.32982707023620605,-166537.0
0.32982707023620605,-166076.0
0.32982707023620605,-164823.0
0.32982707023620605,-164589.0
0.32982707023620605,-163472.0
0.32982707023620605,-162870.0
0.32982707023620605,-162846.0
0.34545207023620605,-162741.0
0.34545207023620605,-162054.0
0.34545207023620605,-161975.0
0.34545207023620605,-161377.0
0.34545207023620605,-161336.0
0.34545207023620605,-161211.0
0.34545207023620605,-160933.0
0.34545207023620605,-160666.0
0.34545207023620605,-160045.0
0.34545207023620605,-159989.0
0.34545207023620605,-159372.0
0.34545207023620605,-159113.0
0.34545207023620605,-158665.0
0.34545207023620605,-158501.0
0.34545207023620605,-158383.0
0.34545207023620605,-158090.0
0.34545207023620605,-158049.0
0.34545207023620605,-156773.0
0.34545207023620605,-156555.0
0.34545207023620605,-156432.0
0.34545207023620605,-155862.0
0.34545207023620605,-155414.0
0.34545207023620605,-155193.0
0.36107707023620605,-154427.0
0.36107707023620605,-154390.0
0.36107707023620605,-153884.0
0.36107707023620605,-153866.0
0.36107707023620605,-153160.0
0.36107707023620605,-153063.0
0.36107707023620605,-152434.0
0.36107707023620605,-152092.0
0.36107707023620605,-151684.0
0.36107707023620605,-151577.0
0.36107707023620605,-151354.0
0.36107707023620605,-151080.0
0.36107707023620605,-150517.0
0.36107707023620605,-150501.0
0.36107707023620605,-150330.0
0.36107707023620605,-150248.0
0.36107707023620605,-150029.0
0.36107707023620605,-149884.0
0.36107707023620605,-149390.0
0.36107707023620605,-148959.0
0.36107707023620605,-148685.0
0.3767204284667969,-148152.0
0.3767204284667969,-146751.0
0.3767204284667969,-146156.0
0.3767204284667969,-146148.0
0.3812410831451416,-145682.0
0.3812410831451416,-145503.0
0.3812410831451416,-145388.0
0.3812410831451416,-145332.0
0.3812410831451416,-145186.0
0.3812410831451416,-144856.0
0.3812410831451416,-144317.0
0.3927464485168457,-143887.0
0.3927464485168457,-143756.0
0.3927464485168457,-143477.0
0.3927464485168457,-142861.0
0.3927464485168457,-142840.0
0.3927464485168457,-142615.0
0.3927464485168457,-142496.0
0.3927464485168457,-142416.0
0.3927464485168457,-141098.0
0.3927464485168457,-141059.0
0.3927464485168457,-140095.0
0.3927464485168457,-139213.0
0.3927464485168457,-138235.0
0.3927464485168457,-138169.0
0.3927464485168457,-138117.0
0.3927464485168457,-137865.0
0.3927464485168457,-137466.0
0.3927464485168457,-137026.0
0.4083859920501709,-136641.0
0.4083859920501709,-136300.0
0.4083859920501709,-136288.0
0.4083859920501709,-135807.0
0.4083859920501709,-134891.0
0.4083859920501709,-134884.0
0.4083859920501709,-133916.0
0.4083859920501709,-133458.0
0.4083859920501709,-133129.0
0.4083859920501709,-132634.0
0.4083859920501709,-132398.0
0.4083859920501709,-131898.0
0.4083859920501709,-131763.0
0.42407751083374023,-131388.0
0.42407751083374023,-131295.0
0.42407751083374023,-130528.0
0.42407751083374023,-130322.0
0.42407751083374023,-129964.0
0.42407751083374023,-129936.0
0.42407751083374023,-129413.0
0.42407751083374023,-129274.0
0.42407751083374023,-128796.0
0.42407751083374023,-128673.0
0.42407751083374023,-128381.0
0.42407751083374023,-127654.0
0.42407751083374023,-127532.0
0.42407751083374023,-127316.0
0.43967342376708984,-127175.0
0.43967342376708984,-127041.0
0.43967342376708984,-125805.0
0.43967342376708984,-125641.0
0.43967342376708984,-125580.0
0.43967342376708984,-124629.0
0.43967342376708984,-124206.0
0.43967342376708984,-122684.0
0.4553546905517578,-122682.0
0.4553546905517578,-122491.0
0.4553546905517578,-121750.0
0.4553546905517578,-120898.0
0.4553546905517578,-120835.0
0.4553546905517578,-120459.0
0.4553546905517578,-120393.0
0.4553546905517578,-120368.0
0.4553546905517578,-120301.0
0.4553546905517578,-118947.0
0.4553546905517578,-118756.0
0.4553546905517578,-117530.0
0.4553546905517578,-117465.0
0.4553546905517578,-117027.0
0.4553546905517578,-117009.0
0.47097277641296387,-116336.0
0.47097277641296387,-116158.0
0.47097277641296387,-116145.0
0.47097277641296387,-115157.0
0.47097277641296387,-114919.0
0.47097277641296387,-114545.0
0.47097277641296387,-114031.0
0.47097277641296387,-114009.0
0.47097277641296387,-113637.0
0.47097277641296387,-113101.0
0.48158788681030273,-112600.0
0.48158788681030273,-112386.0
0.48158788681030273,-111493.0
0.4870939254760742,-111312.0
0.4870939254760742,-111193.0
0.4870939254760742,-110697.0
0.4870939254760742,-110492.0
0.4870939254760742,-110443.0
0.4870939254760742,-110308.0
0.4870939254760742,-110004.0
0.4870939254760742,-109886.0
0.4870939254760742,-109667.0
0.4870939254760742,-109476.0
0.4870939254760742,-108919.0
0.5028238296508789,-108296.0
0.5028238296508789,-108196.0
0.5028238296508789,-108128.0
0.5028238296508789,-108058.0
0.5028238296508789,-107719.0
0.5028238296508789,-107421.0
0.5028238296508789,-106947.0
0.5028238296508789,-106326.0
0.5028238296508789,-106133.0
0.5028238296508789,-106076.0
0.5028238296508789,-105715.0
0.5028238296508789,-105289.0
0.5184323787689209,-104092.0
0.5184323787689209,-103904.0
0.5184323787689209,-103241.0
0.5184323787689209,-102351.0
0.5184323787689209,-101849.0
0.5184323787689209,-101780.0
0.5184323787689209,-101438.0
0.5184323787689209,-100769.0
0.5184323787689209,-100731.0
0.5184323787689209,-100497.0
0.5184323787689209,-100438.0
0.5184323787689209,-100236.0
0.5340490341186523,-99159.0
0.5340490341186523,-98646.0
0.5340490341186523,-98364.0
0.5340490341186523,-98270.0
0.5340490341186523,-97671.0
0.5340490341186523,-97246.0
0.5340490341186523,-96853.0
0.5340490341186523,-96291.0
0.5340490341186523,-95684.0
0.5340490341186523,-95423.0
0.5340490341186523,-95281.0
0.5496790409088135,-95134.0
0.5496790409088135,-94448.0
0.5496790409088135,-94335.0
0.5496790409088135,-94064.0
0.5496790409088135,-93916.0
0.5496790409088135,-93603.0
0.5496790409088135,-92864.0
0.5496790409088135,-92388.0
0.5496790409088135,-92029.0
0.5653014183044434,-91792.0
0.5653014183044434,-91144.0
0.5653014183044434,-91007.0
0.5653014183044434,-90132.0
0.5653014183044434,-90030.0
0.5653014183044434,-90017.0
0.581434965133667,-89907.0
0.581434965133667,-89839.0
0.581434965133667,-89227.0
0.581434965133667,-88879.0
0.581434965133667,-88550.0
0.581434965133667,-87575.0
0.581434965133667,-87518.0
0.581434965133667,-87426.0
0.581434965133667,-87107.0
0.581434965133667,-86627.0
0.581434965133667,-86526.0
0.5970375537872314,-86152.0
0.5970375537872314,-86009.0
0.5970375537872314,-85675.0
0.5970375537872314,-85352.0
0.5970375537872314,-84813.0
0.5970375537872314,-84599.0
0.6126718521118164,-84531.0
0.6126718521118164,-84162.0
0.6126718521118164,-83625.0
0.6126718521118164,-83298.0
0.6126718521118164,-82829.0
0.6126718521118164,-82794.0
0.6126718521118164,-82390.0
0.6126718521118164,-81592.0
0.6282958984375,-81565.0
0.6282958984375,-81385.0
0.6282958984375,-81372.0
0.6282958984375,-81093.0
0.6282958984375,-80120.0
0.6473028659820557,-80064.0
0.6473028659820557,-80051.0
0.6493027210235596,-79853.0
0.6503026485443115,-79557.0
0.6533024311065674,-79507.0
0.6572961807250977,-79352.0
0.6582956314086914,-79181.0
0.6582956314086914,-78627.0
0.6613030433654785,-77654.0
0.6613030433654785,-77547.0
0.6623029708862305,-76900.0
0.6653022766113281,-76856.0
0.6653022766113281,-76764.0
0.6693172454833984,-76682.0
0.6703178882598877,-76176.0
0.6703178882598877,-76143.0
0.6713089942932129,-75699.0
0.67630934715271,-75206.0
0.6773083209991455,-74979.0
0.6783082485198975,-74546.0
0.6783082485198975,-74083.0
0.6818103790283203,-73546.0
0.6848123073577881,-72863.0
0.687812089920044,-72362.0
0.6888124942779541,-72128.0
0.6898126602172852,-72032.0
0.6898126602172852,-71667.0
0.6898126602172852,-71181.0
0.6898126602172852,-70770.0
0.6898126602172852,-70462.0
0.6898126602172852,-70438.0
0.6898126602172852,-70335.0
0.6898126602172852,-70158.0
0.7054588794708252,-69384.0
0.7054588794708252,-68895.0
0.7054588794708252,-68879.0
0.7054588794708252,-68612.0
0.7054588794708252,-68209.0
0.7054588794708252,-67896.0
0.7054588794708252,-67867.0
0.7054588794708252,-67860.0
0.7054588794708252,-67009.0
0.7054588794708252,-66320.0
0.7210836410522461,-65961.0
0.7210836410522461,-65569.0
0.7210836410522461,-65444.0
0.7210836410522461,-65360.0
0.7210836410522461,-64574.0
0.7210836410522461,-64017.0
0.7210836410522461,-63928.0
0.7210836410522461,-63844.0
0.7367088794708252,-63325.0
0.7367088794708252,-63129.0
0.7367088794708252,-63002.0
0.7367088794708252,-62800.0
0.7523469924926758,-62693.0
0.7523469924926758,-62295.0
0.7523469924926758,-62265.0
0.7523469924926758,-62235.0
0.7523469924926758,-61948.0
0.7523469924926758,-61799.0
0.7679715156555176,-61479.0
0.7679715156555176,-61201.0
0.7679715156555176,-60730.0
0.7679715156555176,-60594.0
0.7679715156555176,-59288.0
0.7679715156555176,-59269.0
0.7840006351470947,-59195.0
0.7840006351470947,-57898.0
0.7840006351470947,-57831.0
0.799628496170044,-57824.0
0.799628496170044,-57724.0
0.799628496170044,-57647.0
0.799628496170044,-57097.0
0.799628496170044,-56974.0
0.799628496170044,-56648.0
0.799628496170044,-56364.0
0.799628496170044,-56018.0
0.8152530193328857,-55969.0
0.8152530193328857,-55905.0
0.8152530193328857,-55860.0
0.8152530193328857,-55324.0
0.8308782577514648,-54958.0
0.8308782577514648,-54815.0
0.8308782577514648,-54759.0
0.8308782577514648,-54556.0
0.8308782577514648,-53901.0
0.8465032577514648,-53164.0
0.8465032577514648,-53008.0
0.8465032577514648,-52930.0
0.8465032577514648,-52737.0
0.8465032577514648,-52568.0
0.8621397018432617,-52254.0
0.8621397018432617,-52139.0
0.8621397018432617,-51549.0
0.8621397018432617,-51402.0
0.8621397018432617,-51268.0
0.8621397018432617,-51023.0
0.8777673244476318,-50918.0
0.8817744255065918,-50770.0
0.8817744255065918,-49982.0
0.8937768936157227,-49759.0
0.8937768936157227,-49445.0
0.8937768936157227,-49263.0
0.9094927310943604,-49034.0
0.9094927310943604,-48683.0
0.9094927310943604,-48575.0
0.9094927310943604,-48543.0
0.9250311851501465,-48478.0
0.9250311851501465,-48456.0
0.9250311851501465,-48284.0
0.940654993057251,-47680.0
0.940654993057251,-47199.0
0.940654993057251,-46950.0
0.940654993057251,-46862.0
0.940654993057251,-46786.0
0.940654993057251,-46707.0
0.940654993057251,-46682.0
0.940654993057251,-46579.0
0.9563844203948975,-46114.0
0.9563844203948975,-46017.0
0.9563844203948975,-45876.0
0.9563844203948975,-45795.0
0.9563844203948975,-45459.0
0.9719052314758301,-45161.0
0.9719052314758301,-44701.0
0.9819240570068359,-44263.0
0.9879415035247803,-44254.0
0.9879415035247803,-44083.0
0.9879415035247803,-44079.0
0.9879415035247803,-43902.0
1.0035879611968994,-43696.0
1.0035879611968994,-43633.0
1.0192148685455322,-43528.0
1.0348351001739502,-43180.0
1.0348351001739502,-42918.0
1.0348351001739502,-42838.0
1.0348351001739502,-42800.0
1.0348351001739502,-42722.0
1.05055570602417,-42339.0
1.05055570602417,-41853.0
1.05055570602417,-41483.0
1.05055570602417,-41087.0
1.0661556720733643,-40301.0
1.0661556720733643,-40146.0
1.0821630954742432,-39910.0
1.0821630954742432,-39867.0
1.0821630954742432,-39551.0
1.0821630954742432,-39110.0
1.0977914333343506,-39071.0
1.0977914333343506,-38874.0
1.1134159564971924,-38721.0
1.1134159564971924,-38527.0
1.1134159564971924,-37902.0
1.1290409564971924,-37215.0
1.1446659564971924,-37189.0
1.1446659564971924,-36888.0
1.1446659564971924,-36272.0
1.1446659564971924,-36249.0
1.1602907180786133,-36186.0
1.1822633743286133,-36112.0
1.188767433166504,-35998.0
1.1907684803009033,-35933.0
1.1927692890167236,-35651.0
1.1987767219543457,-35584.0
1.2117762565612793,-35300.0
1.2117762565612793,-35172.0
1.2127761840820312,-34788.0
1.2147762775421143,-34252.0
1.2167761325836182,-33838.0
1.2187762260437012,-33808.0
1.2197761535644531,-33420.0
1.2197761535644531,-33247.0
1.2248387336730957,-32891.0
1.240464448928833,-32831.0
1.240464448928833,-32534.0
1.2560889720916748,-31812.0
1.2560889720916748,-30971.0
1.2717134952545166,-30890.0
1.2717134952545166,-29827.0
1.282217264175415,-29792.0
1.282217264175415,-29733.0
1.282217264175415,-29355.0
1.2877190113067627,-29314.0
1.2877190113067627,-29243.0
1.3189716339111328,-29214.0
1.3189716339111328,-28869.0
1.334609031677246,-28734.0
1.3502211570739746,-28694.0
1.3502211570739746,-28687.0
1.3658466339111328,-28592.0
1.3658466339111328,-28392.0
1.3658466339111328,-28264.0
1.3824756145477295,-28088.0
1.3824756145477295,-27765.0
1.3974783420562744,-27750.0
1.3974783420562744,-27725.0
1.3974783420562744,-27589.0
1.3974783420562744,-27578.0
1.3974783420562744,-27237.0
1.3974783420562744,-27217.0
1.4131219387054443,-26884.0
1.4131219387054443,-26802.0
1.4287452697753906,-26768.0
1.4287452697753906,-26570.0
1.444439172744751,-26349.0
1.444439172744751,-26330.0
1.4600796699523926,-26329.0
1.4756908416748047,-26085.0
1.4828031063079834,-25961.0
1.4918100833892822,-25907.0
1.4918100833892822,-25866.0
1.4918100833892822,-25479.0
1.4918100833892822,-25456.0
1.5074865818023682,-25168.0
1.5074865818023682,-24691.0
1.5230648517608643,-24492.0
1.538797378540039,-24336.0
1.5543150901794434,-24179.0
1.5543150901794434,-23688.0
1.570014476776123,-23296.0
1.586202621459961,-23292.0
1.6019387245178223,-22639.0
1.617565631866455,-22417.0
1.617565631866455,-22227.0
1.617565631866455,-22158.0
1.617565631866455,-22061.0
1.617565631866455,-21801.0
1.6331849098205566,-21673.0
1.6331849098205566,-21645.0
1.6488118171691895,-21535.0
1.6644341945648193,-21534.0
1.6831717491149902,-21442.0
1.6831717491149902,-21336.0
1.6831717491149902,-21216.0
1.6831717491149902,-21078.0
1.711549997329712,-20890.0
1.7144460678100586,-20767.0
1.7224442958831787,-20557.0
1.7234447002410889,-20370.0
1.7255303859710693,-20198.0
1.7334442138671875,-20040.0
1.7415330410003662,-19841.0
1.77280855178833,-19760.0
1.77280855178833,-19753.0
1.8045549392700195,-19557.0
1.8202764987945557,-19487.0
1.8358800411224365,-19284.0
1.8358800411224365,-19047.0
1.8514301776885986,-18708.0
1.8514301776885986,-18621.0
1.8514301776885986,-18538.0
1.867053747177124,-18471.0
1.882779836654663,-18365.0
1.8832879066467285,-17993.0
1.9145550727844238,-17967.0
1.9301347732543945,-17913.0
1.945758581161499,-17779.0
1.945758581161499,-17725.0
1.945758581161499,-17511.0
1.96146559715271,-17243.0
1.96146559715271,-17213.0
1.9770889282226562,-16993.0
1.9932069778442383,-16795.0
1.9932069778442383,-16754.0
2.008836507797241,-16713.0
2.008836507797241,-16640.0
2.008836507797241,-16543.0
2.0401835441589355,-16385.0
2.0401835441589355,-16303.0
2.0401835441589355,-16108.0
2.071336507797241,-15996.0
2.083446979522705,-15973.0
2.087456464767456,-15867.0
2.087456464767456,-15853.0
2.087456464767456,-15813.0
2.087456464767456,-15713.0
2.1030850410461426,-15467.0
2.1030850410461426,-15452.0
2.1188199520111084,-15410.0
2.1344382762908936,-15184.0
2.1344382762908936,-15059.0
2.1834158897399902,-14855.0
2.1974222660064697,-14695.0
2.1974222660064697,-14618.0
2.1974222660064697,-14379.0
2.2130517959594727,-14378.0
2.2362921237945557,-14244.0
2.2833633422851562,-14102.0
2.2833633422851562,-14028.0
2.306086778640747,-13866.0
2.306086778640747,-13795.0
2.321812868118286,-13701.0
2.3374204635620117,-13553.0
2.3530592918395996,-13375.0
2.368586540222168,-13352.0
2.368586540222168,-13284.0
2.384594440460205,-13236.0
2.43147349357605,-13125.0
2.43147349357605,-12966.0
2.4470980167388916,-12674.0
2.4628255367279053,-12462.0
2.494354009628296,-12437.0
2.494354009628296,-12290.0
2.509981632232666,-12174.0
2.509981632232666,-11960.0
2.525606393814087,-11751.0
2.556856155395508,-11433.0
2.556856155395508,-11393.0
2.556856155395508,-10953.0
2.5724809169769287,-10698.0
2.5724809169769287,-10671.0
2.6197543144226074,-10586.0
2.6667184829711914,-10445.0
2.6667184829711914,-10038.0
2.6667184829711914,10933.0
2.682340621948242,11057.0
2.6843502521514893,11117.0
2.7139809131622314,11242.0
2.8136215209960938,11251.0
2.8292508125305176,11335.0
2.8448760509490967,11430.0
2.8761250972747803,11437.0
2.892152786254883,11474.0
2.892152786254883,11475.0
3.0019278526306152,11496.0
3.0175414085388184,11545.0
3.0644147396087646,11557.0
3.071418285369873,11640.0
3.0964269638061523,11709.0
3.0964269638061523,11895.0
3.3111932277679443,11958.0
3.3262476921081543,11960.0
3.3574981689453125,11968.0
3.404756784439087,12004.0
3.485400676727295,12027.0
3.4989049434661865,12102.0
3.561408519744873,12106.0
3.6712067127227783,12126.0
3.6872169971466064,12167.0
3.7497193813323975,12201.0
3.7497193813323975,12284.0
3.7497193813323975,12341.0
3.7653441429138184,12389.0
3.7653441429138184,12531.0
3.7653441429138184,12536.0
3.829024314880371,12566.0
3.846034288406372,12583.0
3.8590872287750244,12643.0
3.9063799381256104,12732.0
3.9220309257507324,12779.0
3.9865775108337402,12784.0
4.094738245010376,12834.0
4.314289331436157,12871.0
4.32991361618042,12966.0
4.408996343612671,13069.0
4.408996343612671,13232.0
4.518860340118408,13268.0
4.597557067871094,13291.0
4.613185405731201,13307.0
4.628888368606567,13310.0
4.628888368606567,13450.0
4.660061597824097,13631.0
4.675768136978149,13673.0
4.974879741668701,13691.0
5.0534186363220215,13758.0
5.069041728973389,13782.0
5.069041728973389,13801.0
5.131919860839844,13877.0
5.163167953491211,13882.0
5.226081609725952,13902.0
5.257318496704102,13955.0
5.272942066192627,13987.0
5.367089033126831,14091.0
5.389704704284668,14140.0
5.457705497741699,14178.0
5.492405891418457,14269.0
5.994346380233765,14394.0
7.248883962631226,14486.0
7.2961719036102295,14503.0
8.316256046295166,14564.0
8.378858089447021,14616.0
9.021782398223877,14722.0
9.444861650466919,14763.0
9.476190328598022,15032.0
9.853889226913452,15125.0
10.151978492736816,15142.0
10.530596733093262,15146.0
10.671619653701782,15262.0
11.34567666053772,15316.0
11.801701545715332,15327.0
11.909881591796875,15387.0
12.101299047470093,15391.0
12.160682201385498,15447.0
12.616143226623535,15451.0
13.18302035331726,15465.0
13.463623762130737,15505.0
13.479249238967896,15529.0
13.494962215423584,15578.0
14.342328786849976,15656.0
15.284564733505249,15658.0
15.284564733505249,15676.0
15.550736665725708,15742.0
15.722978830337524,15749.0
16.131621837615967,15792.0
16.7753746509552,15799.0
16.854105949401855,15804.0
17.18322443962097,15825.0
17.355868577957153,15857.0
17.387118101119995,15861.0
17.496975898742676,15890.0
17.61967945098877,15948.0
17.654680490493774,15992.0
18.312267065048218,16030.0
18.830546617507935,16047.0
18.846170902252197,16087.0
18.861812114715576,16098.0
20.823225498199463,16105.0
21.219038724899292,16108.0
21.686405420303345,16129.0
21.81182074546814,16166.0
22.346287488937378,16183.0
22.98867917060852,16195.0
23.176944732666016,16274.0
23.224210739135742,16299.0
23.255478382110596,16309.0
23.396470546722412,16315.0
23.452526330947876,16317.0
23.585312128067017,16392.0
23.823737859725952,16408.0
24.196600675582886,16454.0
29.83476758003235,16483.0
30.144854068756104,16489.0
33.94331765174866,16516.0
34.00580048561096,16518.0
34.61717748641968,16528.0
34.727015018463135,16563.0
34.774279832839966,16611.0
36.45380163192749,16625.0
39.37226104736328,16629.0
40.17182660102844,16645.0
40.25646185874939,16678.0
41.33480453491211,16683.0
41.36655855178833,16688.0
42.18105411529541,16697.0
46.82582426071167,16745.0
47.24943780899048,16767.0
47.26958346366882,16804.0
49.51093006134033,16819.0
57.13701891899109,16829.0
57.71889042854309,16846.0
63.00655674934387,16860.0
63.507954359054565,16878.0
64.43268966674805,16881.0
67.58770418167114,16914.0
67.82301783561707,16918.0
69.4924385547638,16920.0
70.31104803085327,16952.0
74.89978623390198,16985.0
76.50123143196106,16986.0
78.0073094367981,16990.0
78.13383769989014,17029.0
82.66915845870972,17030.0
86.65500473976135,17130.0
97.48279976844788,17132.0
97.60818123817444,17136.0
99.39740562438965,17138.0
104.30789852142334,17171.0
132.5804557800293,17256.0
133.86281204223633,17283.0
151.03371000289917,17292.0
162.93357348442078,17329.0
166.91175818443298,17341.0
168.11189079284668,17352.0
168.5606939792633,17355.0
173.42400431632996,17369.0
191.8587520122528,17375.0
192.0738046169281,17407.0
193.4970293045044,17415.0
229.67736768722534,17416.0
280.6895251274109,17429.0
284.417072057724,17431.0
333.90973234176636,17446.0
357.21599674224854,17456.0
559.8672931194305,17457.0
