0.0,-129137.0
0.0,-128654.0
0.0,-128396.0
0.0,-128372.0
0.0,-127999.0
0.0,-126948.0
0.0,-126941.0
0.0,-125448.0
0.0,-123675.0
0.0009999275207519531,-122555.0
0.0009999275207519531,-122036.0
0.0009999275207519531,-121281.0
0.0009999275207519531,-121051.0
0.0009999275207519531,-119491.0
0.0009999275207519531,-118814.0
0.0009999275207519531,-118126.0
0.0009999275207519531,-117143.0
0.0009999275207519531,-116021.0
0.0009999275207519531,-115901.0
0.0009999275207519531,-115803.0
0.0009999275207519531,-114651.0
0.0009999275207519531,-113803.0
0.0009999275207519531,-113032.0
0.0019996166229248047,-112945.0
0.0019996166229248047,-112839.0
0.0019996166229248047,-112665.0
0.0019996166229248047,-112584.0
0.0019996166229248047,-111901.0
0.0019996166229248047,-111455.0
0.0019996166229248047,-111361.0
0.0019996166229248047,-110436.0
0.0019996166229248047,-109849.0
0.0019996166229248047,-109814.0
0.0019996166229248047,-109695.0
0.0019996166229248047,-109689.0
0.0019996166229248047,-109167.0
0.0029993057250976562,-108786.0
0.0029993057250976562,-108662.0
0.0029993057250976562,-107937.0
0.0029993057250976562,-107807.0
0.0029993057250976562,-107457.0
0.0029993057250976562,-105934.0
0.0029993057250976562,-105324.0
0.0029993057250976562,-104800.0
0.0029993057250976562,-103853.0
0.0029993057250976562,-103085.0
0.0039997100830078125,-101819.0
0.0039997100830078125,-101147.0
0.0039997100830078125,-100637.0
0.0039997100830078125,-100104.0
0.0039997100830078125,-99295.0
0.0039997100830078125,-98606.0
0.0039997100830078125,-97825.0
0.0039997100830078125,-97732.0
0.0039997100830078125,-97554.0
0.0039997100830078125,-96344.0
0.0039997100830078125,-95979.0
0.0039997100830078125,-95104.0
0.0039997100830078125,-94806.0
0.0039997100830078125,-94786.0
0.004999399185180664,-94783.0
0.004999399185180664,-94204.0
0.004999399185180664,-93303.0
0.004999399185180664,-93075.0
0.004999399185180664,-92666.0
0.004999399185180664,-92102.0
0.004999399185180664,-91724.0
0.004999399185180664,-91583.0
0.004999399185180664,-90447.0
0.004999399185180664,-89991.0
0.004999399185180664,-88829.0
0.004999399185180664,-88493.0
0.004999399185180664,-87760.0
0.005999326705932617,-86508.0
0.005999326705932617,-85838.0
0.005999326705932617,-85193.0
0.005999326705932617,-84240.0
0.005999326705932617,-83769.0
0.005999326705932617,-83178.0
0.005999326705932617,-82854.0
0.005999326705932617,-82593.0
0.005999326705932617,-81129.0
0.005999326705932617,-80596.0
0.005999326705932617,-79681.0
0.005999326705932617,-78630.0
0.00699925422668457,-78154.0
0.00699925422668457,-77914.0
0.00699925422668457,-76423.0
0.00699925422668457,-76112.0
0.00699925422668457,-75993.0
0.00699925422668457,-75804.0
0.00699925422668457,-75573.0
0.00699925422668457,-74960.0
0.00699925422668457,-74648.0
0.007999181747436523,-74456.0
0.007999181747436523,-73531.0
0.007999181747436523,-72723.0
0.007999181747436523,-71870.0
0.007999181747436523,-71704.0
0.007999181747436523,-71480.0
0.007999181747436523,-70455.0
0.008999347686767578,-69724.0
0.008999347686767578,-69651.0
0.008999347686767578,-69181.0
0.008999347686767578,-68889.0
0.009999275207519531,-67745.0
0.009999275207519531,-66849.0
0.009999275207519531,-66306.0
0.009999275207519531,-66288.0
0.009999275207519531,-66042.0
0.010999202728271484,-65647.0
0.010999202728271484,-65467.0
0.010999202728271484,-64962.0
0.010999202728271484,-63611.0
0.010999202728271484,-63226.0
0.010999202728271484,-63153.0
0.010999202728271484,-62626.0
0.011999368667602539,-62335.0
0.011999368667602539,-62173.0
0.011999368667602539,-61980.0
0.011999368667602539,-61611.0
0.011999368667602539,-61606.0
0.011999368667602539,-60789.0
0.011999368667602539,-60318.0
0.011999368667602539,-59887.0
0.012999534606933594,-59739.0
0.012999534606933594,-59576.0
0.012999534606933594,-59296.0
0.013999223709106445,-59110.0
0.013999223709106445,-58559.0
0.013999223709106445,-58477.0
0.013999223709106445,-58034.0
0.013999223709106445,-56829.0
0.013999223709106445,-55982.0
0.013999223709106445,-55185.0
0.014999151229858398,-55000.0
0.014999151229858398,-54366.0
0.014999151229858398,-54130.0
0.014999151229858398,-53985.0
0.015999317169189453,-53714.0
0.015999317169189453,-53522.0
0.015999317169189453,-53432.0
0.016999483108520508,-52404.0
0.016999483108520508,-51474.0
0.016999483108520508,-50809.0
0.01799941062927246,-50445.0
0.01799941062927246,-49286.0
0.01799941062927246,-49129.0
0.01799941062927246,-47961.0
0.01799941062927246,-47908.0
0.018999576568603516,-47575.0
0.018999576568603516,-47306.0
0.018999576568603516,-47245.0
0.018999576568603516,-46065.0
0.018999576568603516,-45640.0
0.018999576568603516,-45056.0
0.01999950408935547,-44240.0
0.01999950408935547,-43917.0
0.01999950408935547,-42871.0
0.01999950408935547,-41843.0
0.020999670028686523,-41519.0
0.020999670028686523,-41422.0
0.020999670028686523,-40975.0
0.021999359130859375,-40161.0
0.021999359130859375,-39940.0
0.021999359130859375,-38630.0
0.021999359130859375,-38256.0
0.021999359130859375,-38160.0
0.021999359130859375,-37970.0
0.022999286651611328,-36906.0
0.022999286651611328,-36494.0
0.022999286651611328,-36118.0
0.022999286651611328,-35994.0
0.02399921417236328,-35004.0
0.02399921417236328,-33817.0
0.02399921417236328,-33756.0
0.02399921417236328,-33749.0
0.02399921417236328,-33571.0
0.02399921417236328,-33483.0
0.024999141693115234,-33399.0
0.025999069213867188,-33186.0
0.026999235153198242,-33136.0
0.026999235153198242,-32726.0
0.026999235153198242,-32563.0
0.026999235153198242,-31283.0
0.027999162673950195,-31185.0
0.027999162673950195,-30964.0
0.027999162673950195,-30627.0
0.02899932861328125,-30306.0
0.02899932861328125,-30158.0
0.02899932861328125,-29100.0
0.029999256134033203,-28803.0
0.029999256134033203,-28626.0
0.029999256134033203,-28567.0
0.029999256134033203,-28317.0
0.030999183654785156,-28084.0
0.030999183654785156,-28015.0
0.030999183654785156,-27601.0
0.030999183654785156,-27530.0
0.03199911117553711,-27257.0
0.03199911117553711,-27203.0
0.03299903869628906,-27162.0
0.03299903869628906,-26233.0
0.03399944305419922,-26106.0
0.03399944305419922,-25586.0
0.03499937057495117,-25202.0
0.03499937057495117,-25178.0
0.03499937057495117,-25030.0
0.035999298095703125,-24483.0
0.035999298095703125,-24377.0
0.035999298095703125,-24154.0
0.035999298095703125,-24067.0
0.035999298095703125,-23893.0
0.03699922561645508,-23654.0
0.03699922561645508,-23524.0
0.03699922561645508,-23277.0
0.03799915313720703,-23252.0
0.03799915313720703,-22598.0
0.03799915313720703,-22528.0
0.038999080657958984,-22276.0
0.038999080657958984,-22085.0
0.03999924659729004,-21913.0
0.04099917411804199,-21873.0
0.04099917411804199,-20779.0
0.04099917411804199,-20529.0
0.041999101638793945,-20184.0
0.041999101638793945,-20073.0
0.041999101638793945,-20010.0
0.041999101638793945,-19004.0
0.041999101638793945,-18315.0
0.042999267578125,-18070.0
0.04399919509887695,-18048.0
0.04399919509887695,-17964.0
0.04399919509887695,-17468.0
0.04399919509887695,-17457.0
0.04399919509887695,-17278.0
0.045049428939819336,-16828.0
0.04608750343322754,-16703.0
0.04608750343322754,-16592.0
0.04708719253540039,-16388.0
0.04708719253540039,-16163.0
0.04800128936767578,-15962.0
0.04800128936767578,-15526.0
0.04800128936767578,-15481.0
0.04900050163269043,-14931.0
0.05200791358947754,-14753.0
0.05400800704956055,-14560.0
0.0550079345703125,-14406.0
0.0550079345703125,-14178.0
0.05602312088012695,-14110.0
0.05602312088012695,-13858.0
0.05802273750305176,-13734.0
0.05802273750305176,-13725.0
0.05902266502380371,-13714.0
0.05902266502380371,-13137.0
0.06001639366149902,-13108.0
0.06001639366149902,-13087.0
0.06001639366149902,-12921.0
0.06001639366149902,-12428.0
0.06201362609863281,-11994.0
0.06301355361938477,-11711.0
0.06301355361938477,-11672.0
0.06301355361938477,-11608.0
0.06401371955871582,-11526.0
0.06501364707946777,-11377.0
0.06501364707946777,-10941.0
0.06601357460021973,-10494.0
0.06601357460021973,-10184.0
0.06701421737670898,-10115.0
0.06701421737670898,-9930.0
0.06801390647888184,-9873.0
0.06901383399963379,-9872.0
0.06901383399963379,-9652.0
0.07051539421081543,-9150.0
0.07251763343811035,-8570.0
0.07251763343811035,-8511.0
0.0735175609588623,-8349.0
0.07651758193969727,-8138.0
0.07651758193969727,-7777.0
0.07751774787902832,-7533.0
0.07951760292053223,-7183.0
0.08151745796203613,-7091.0
0.08151745796203613,-6591.0
0.08351755142211914,-6536.0
0.08351755142211914,-6367.0
0.0845177173614502,-6104.0
0.08551764488220215,-5887.0
0.08851766586303711,-5873.0
0.09051752090454102,-5793.0
0.09151792526245117,-5792.0
0.09751749038696289,-5723.0
0.1015174388885498,-5701.0
0.10251736640930176,-5586.0
0.10351729393005371,-5346.0
0.10351729393005371,-5118.0
0.10551762580871582,-5007.0
0.11651730537414551,-4684.0
0.11651730537414551,-4569.0
0.12051749229431152,-4057.0
0.12451744079589844,-3873.0
0.1255173683166504,-3546.0
0.12851738929748535,-3537.0
0.13051748275756836,-3450.0
0.13251733779907227,-3340.0
0.13251733779907227,-2915.0
0.13551735877990723,-2813.0
0.13651728630065918,5252.0
0.1535181999206543,5485.0
0.15652203559875488,5508.0
0.19902753829956055,5512.0
0.27353620529174805,5517.0
