0.0,-133253.0
0.0,-133162.0
0.0010004043579101562,-132895.0
0.0010004043579101562,-131497.0
0.0010004043579101562,-130562.0
0.0010004043579101562,-129942.0
0.0010004043579101562,-128628.0
0.0010004043579101562,-127152.0
0.0010004043579101562,-125978.0
0.0010004043579101562,-125181.0
0.0010004043579101562,-124345.0
0.0010004043579101562,-123134.0
0.0010004043579101562,-122170.0
0.0010004043579101562,-122101.0
0.0010004043579101562,-121033.0
0.0020003318786621094,-120130.0
0.0020003318786621094,-120036.0
0.0020003318786621094,-120020.0
0.0020003318786621094,-118629.0
0.0020003318786621094,-117221.0
0.0020003318786621094,-116798.0
0.0020003318786621094,-116722.0
0.0020003318786621094,-116386.0
0.0020003318786621094,-116284.0
0.0020003318786621094,-116159.0
0.0020003318786621094,-115188.0
0.0020003318786621094,-114728.0
0.0030002593994140625,-114624.0
0.0030002593994140625,-114172.0
0.0030002593994140625,-114098.0
0.0030002593994140625,-113697.0
0.0030002593994140625,-112476.0
0.0030002593994140625,-111970.0
0.0030002593994140625,-110996.0
0.0030002593994140625,-110577.0
0.0030002593994140625,-109212.0
0.0030002593994140625,-108915.0
0.004000186920166016,-108543.0
0.004000186920166016,-107878.0
0.004000186920166016,-107153.0
0.004000186920166016,-107005.0
0.004000186920166016,-106383.0
0.004000186920166016,-104866.0
0.004000186920166016,-103817.0
0.004000186920166016,-103490.0
0.004000186920166016,-102558.0
0.004000186920166016,-102510.0
0.004000186920166016,-101590.0
0.004000186920166016,-100415.0
0.005000114440917969,-99963.0
0.005000114440917969,-99143.0
0.005000114440917969,-97700.0
0.005000114440917969,-96922.0
0.005000114440917969,-95162.0
0.005000114440917969,-94329.0
0.005000114440917969,-94108.0
0.005000114440917969,-93699.0
0.005000114440917969,-92700.0
0.006000041961669922,-91682.0
0.006000041961669922,-91618.0
0.006000041961669922,-91088.0
0.006000041961669922,-90922.0
0.006000041961669922,-89233.0
0.006000041961669922,-88878.0
0.006000041961669922,-88693.0
0.006999969482421875,-88638.0
0.006999969482421875,-88511.0
0.006999969482421875,-87819.0
0.006999969482421875,-87611.0
0.006999969482421875,-87483.0
0.006999969482421875,-86283.0
0.006999969482421875,-86134.0
0.006999969482421875,-85910.0
0.006999969482421875,-85234.0
0.006999969482421875,-84777.0
0.006999969482421875,-84010.0
0.006999969482421875,-83810.0
0.00800013542175293,-82877.0
0.00800013542175293,-82536.0
0.00800013542175293,-81351.0
0.00800013542175293,-81301.0
0.00800013542175293,-80779.0
0.00800013542175293,-79015.0
0.00800013542175293,-78417.0
0.00800013542175293,-78131.0
0.009000062942504883,-77281.0
0.009000062942504883,-77201.0
0.009000062942504883,-75776.0
0.009000062942504883,-75556.0
0.009000062942504883,-74988.0
0.009000062942504883,-74981.0
0.010000228881835938,-74515.0
0.010000228881835938,-72772.0
0.010000228881835938,-72724.0
0.010000228881835938,-71238.0
0.010000228881835938,-70451.0
0.010000228881835938,-70106.0
0.01100015640258789,-69061.0
0.01100015640258789,-68291.0
0.01100015640258789,-67947.0
0.01100015640258789,-67555.0
0.01100015640258789,-66779.0
0.01100015640258789,-66371.0
0.012000322341918945,-65633.0
0.012000322341918945,-65353.0
0.012000322341918945,-65067.0
0.012000322341918945,-64836.0
0.012000322341918945,-64763.0
0.012000322341918945,-64073.0
0.013000726699829102,-62733.0
0.013000726699829102,-62719.0
0.013000726699829102,-61581.0
0.013000726699829102,-61277.0
0.013000726699829102,-61174.0
0.013000726699829102,-60582.0
0.013000726699829102,-60497.0
0.013000726699829102,-60032.0
0.014000177383422852,-59651.0
0.014000177383422852,-58963.0
0.014000177383422852,-57712.0
0.014000177383422852,-57567.0
0.014999866485595703,-57017.0
0.014999866485595703,-56374.0
0.014999866485595703,-55187.0
0.014999866485595703,-55020.0
0.014999866485595703,-54822.0
0.014999866485595703,-53583.0
0.014999866485595703,-53046.0
0.014999866485595703,-52892.0
0.014999866485595703,-52716.0
0.016000032424926758,-52357.0
0.016000032424926758,-52178.0
0.016000032424926758,-52095.0
0.016000032424926758,-52050.0
0.016000032424926758,-51698.0
0.016000032424926758,-51537.0
0.01699995994567871,-51345.0
0.01699995994567871,-51126.0
0.01699995994567871,-50198.0
0.01699995994567871,-49988.0
0.01699995994567871,-49671.0
0.017999887466430664,-49447.0
0.017999887466430664,-49148.0
0.017999887466430664,-48854.0
0.017999887466430664,-48818.0
0.017999887466430664,-48792.0
0.018999814987182617,-48403.0
0.018999814987182617,-47839.0
0.018999814987182617,-47232.0
0.018999814987182617,-47118.0
0.01999974250793457,-45778.0
0.01999974250793457,-45554.0
0.01999974250793457,-44072.0
0.020999908447265625,-43924.0
0.020999908447265625,-42745.0
0.020999908447265625,-42741.0
0.020999908447265625,-42560.0
0.020999908447265625,-42136.0
0.020999908447265625,-41425.0
0.02200007438659668,-41095.0
0.02200007438659668,-40483.0
0.023000001907348633,-40438.0
0.023000001907348633,-39973.0
0.023000001907348633,-39751.0
0.023000001907348633,-39127.0
0.023999929428100586,-38964.0
0.023999929428100586,-38910.0
0.023999929428100586,-38359.0
0.023999929428100586,-37887.0
0.023999929428100586,-37271.0
0.023999929428100586,-36598.0
0.02499985694885254,-35962.0
0.02499985694885254,-35852.0
0.02499985694885254,-35603.0
0.026000022888183594,-35122.0
0.026000022888183594,-35021.0
0.026000022888183594,-34489.0
0.026999950408935547,-33849.0
0.026999950408935547,-33560.0
0.0280001163482666,-33266.0
0.0280001163482666,-32815.0
0.0280001163482666,-32512.0
0.0280001163482666,-32127.0
0.0280001163482666,-31676.0
0.029000043869018555,-31666.0
0.029000043869018555,-30996.0
0.029999971389770508,-29947.0
0.029999971389770508,-29936.0
0.029999971389770508,-29739.0
0.029999971389770508,-29718.0
0.029999971389770508,-29577.0
0.029999971389770508,-28861.0
0.03099989891052246,-28738.0
0.03099989891052246,-28149.0
0.03099989891052246,-28129.0
0.03099989891052246,-27944.0
0.03099989891052246,-27919.0
0.03200364112854004,-27873.0
0.033003807067871094,-27066.0
0.033003807067871094,-26894.0
0.03400373458862305,-26709.0
0.03400373458862305,-26466.0
0.03400373458862305,-25381.0
0.035003662109375,-24273.0
0.03600358963012695,-24261.0
0.03600358963012695,-24256.0
0.037003517150878906,-23789.0
0.037003517150878906,-23731.0
0.037003517150878906,-23509.0
0.037003517150878906,-23159.0
0.03800392150878906,-23144.0
0.039003610610961914,-22887.0
0.039003610610961914,-22378.0
0.039003610610961914,-22292.0
0.04000377655029297,-22091.0
0.04000377655029297,-21934.0
0.04100370407104492,-21493.0
0.04100370407104492,-21460.0
0.04100370407104492,-21277.0
0.04200387001037598,-20873.0
0.04300355911254883,-20470.0
0.04300355911254883,-20018.0
0.04400372505187988,-19994.0
0.04400372505187988,-19409.0
0.0465090274810791,-18982.0
0.0465090274810791,-18127.0
0.0465090274810791,-17813.0
0.0465090274810791,-17745.0
0.04951310157775879,-17466.0
0.05051255226135254,-17204.0
0.05051255226135254,-17068.0
0.05051255226135254,-16990.0
0.05051255226135254,-16850.0
0.051523685455322266,-16731.0
0.051523685455322266,-16213.0
0.05252385139465332,-16118.0
0.05252385139465332,-15604.0
0.05252385139465332,-15561.0
0.05352377891540527,-15520.0
0.05352377891540527,-15497.0
0.05452394485473633,-14791.0
0.05552387237548828,-14612.0
0.05552387237548828,-13989.0
0.05552387237548828,-13948.0
0.056523799896240234,-13348.0
0.056523799896240234,-13346.0
0.05752372741699219,-13226.0
0.05752372741699219,-13041.0
0.06051301956176758,-12941.0
0.06151270866394043,-12383.0
0.06251239776611328,-12260.0
0.06351280212402344,-11788.0
0.06351280212402344,-11438.0
0.06551289558410645,-11165.0
0.06551289558410645,-10778.0
0.06551289558410645,-10143.0
0.06951284408569336,-9850.0
0.07051277160644531,-9824.0
0.07051277160644531,-9413.0
0.07151269912719727,-9124.0
0.07151269912719727,-9117.0
0.07251262664794922,-8875.0
0.08051323890686035,-8750.0
0.08051323890686035,-8524.0
0.0815131664276123,-8321.0
0.08551287651062012,-8114.0
0.08651280403137207,-7555.0
0.08651280403137207,-7245.0
0.08751273155212402,-7191.0
0.08951282501220703,-6868.0
0.09051275253295898,-6806.0
0.09151315689086914,-6620.0
0.0965125560760498,-6487.0
0.0965125560760498,-6431.0
0.09851241111755371,-6405.0
0.09951257705688477,-6391.0
0.10151290893554688,-6251.0
0.10151290893554688,-5630.0
0.10251283645629883,-5291.0
0.11251258850097656,-5286.0
0.11451244354248047,-5074.0
0.11651253700256348,-4949.0
0.11951279640197754,-4888.0
0.12051272392272949,-4791.0
0.12351250648498535,-4737.0
0.12451291084289551,-4394.0
0.12751245498657227,-4123.0
0.1315164566040039,-4046.0
0.13951730728149414,-3976.0
0.14902472496032715,-3968.0
0.14902472496032715,-3869.0
0.15102458000183105,-3737.0
0.1520252227783203,-3718.0
0.15702486038208008,-3466.0
0.15802454948425293,-3370.0
0.1630246639251709,-3291.0
0.1650245189666748,-3251.0
0.1650245189666748,-3238.0
0.1800241470336914,-3211.0
0.1800241470336914,-3022.0
0.1800241470336914,-2969.0
0.18102431297302246,-2757.0
0.1910245418548584,15802.0
0.19902443885803223,16029.0
0.21302437782287598,16826.0
0.24002742767333984,16939.0
0.2875363826751709,17010.0
0.3415400981903076,17125.0
0.342540979385376,17169.0
0.34354090690612793,17794.0
0.349048376083374,18461.0
0.349048376083374,18785.0
0.3500485420227051,19222.0
0.38304829597473145,19553.0
0.38904833793640137,19619.0
0.3900482654571533,20175.0
0.44756102561950684,20646.0
0.4805610179901123,20813.0
0.48556089401245117,21013.0
0.4875607490539551,22530.0
0.4895610809326172,22653.0
0.5175607204437256,23058.0
0.535564661026001,23722.0
0.535564661026001,24049.0
0.644075870513916,24093.0
0.6645853519439697,24223.0
0.7185852527618408,24295.0
0.7445888519287109,24629.0
0.893608808517456,24809.0
0.900609016418457,24998.0
0.900609016418457,25601.0
1.0281224250793457,26017.0
1.037126064300537,26339.0
1.1126348972320557,26430.0
1.1801490783691406,26473.0
1.1891491413116455,26557.0
1.312666893005371,26709.0
1.315666913986206,27230.0
1.3781788349151611,27426.0
1.4986956119537354,27502.0
1.8727436065673828,27709.0
2.6433355808258057,27879.0
2.7833614349365234,28210.0
3.255932092666626,28212.0
3.3694472312927246,28245.0
3.5179595947265625,28452.0
3.829502820968628,28470.0
4.5866265296936035,28481.0
