0.0,-253257.0
0.0,-252066.0
0.0,-251422.0
0.0,-250783.0
0.0,-250106.0
0.0,-249444.0
0.0009996891021728516,-249013.0
0.0009996891021728516,-248746.0
0.0009996891021728516,-248293.0
0.0009996891021728516,-246796.0
0.0009996891021728516,-246398.0
0.0009996891021728516,-246164.0
0.0009996891021728516,-245197.0
0.0019996166229248047,-243809.0
0.0019996166229248047,-242785.0
0.0019996166229248047,-242694.0
0.0019996166229248047,-240768.0
0.0019996166229248047,-240058.0
0.0019996166229248047,-239900.0
0.0019996166229248047,-239316.0
0.0019996166229248047,-238274.0
0.0029993057250976562,-237250.0
0.0029993057250976562,-236894.0
0.0029993057250976562,-236189.0
0.0029993057250976562,-235323.0
0.0029993057250976562,-234893.0
0.0029993057250976562,-233284.0
0.0029993057250976562,-232185.0
0.0029993057250976562,-231344.0
0.0029993057250976562,-230748.0
0.003999233245849609,-230173.0
0.003999233245849609,-229897.0
0.003999233245849609,-229659.0
0.003999233245849609,-228882.0
0.003999233245849609,-228666.0
0.003999233245849609,-227500.0
0.004999399185180664,-226677.0
0.004999399185180664,-226006.0
0.004999399185180664,-225704.0
0.004999399185180664,-225216.0
0.004999399185180664,-224935.0
0.005999326705932617,-224796.0
0.005999326705932617,-223565.0
0.005999326705932617,-222863.0
0.005999326705932617,-222135.0
0.00699925422668457,-222058.0
0.00699925422668457,-221864.0
0.00699925422668457,-221773.0
0.00699925422668457,-221627.0
0.007999420166015625,-220161.0
0.007999420166015625,-218950.0
0.007999420166015625,-218109.0
0.008999824523925781,-217834.0
0.008999824523925781,-217246.0
0.008999824523925781,-216914.0
0.008999824523925781,-216890.0
0.008999824523925781,-215353.0
0.008999824523925781,-214846.0
0.009999990463256836,-213824.0
0.009999990463256836,-212351.0
0.009999990463256836,-211519.0
0.009999990463256836,-211014.0
0.009999990463256836,-210911.0
0.009999990463256836,-210593.0
0.009999990463256836,-209681.0
0.009999990463256836,-209497.0
0.009999990463256836,-207752.0
0.010999917984008789,-207603.0
0.010999917984008789,-207541.0
0.010999917984008789,-207297.0
0.011999845504760742,-206757.0
0.011999845504760742,-205149.0
0.011999845504760742,-204634.0
0.011999845504760742,-203213.0
0.011999845504760742,-202933.0
0.012999534606933594,-202019.0
0.012999534606933594,-201440.0
0.012999534606933594,-199939.0
0.012999534606933594,-199187.0
0.014000654220581055,-199114.0
0.014000654220581055,-199069.0
0.014000654220581055,-198922.0
0.014000654220581055,-198877.0
0.014000654220581055,-198424.0
0.01500082015991211,-197468.0
0.01500082015991211,-195956.0
0.01500082015991211,-194920.0
0.01500082015991211,-194390.0
0.015999794006347656,-194037.0
0.015999794006347656,-193135.0
0.015999794006347656,-192843.0
0.015999794006347656,-192752.0
0.015999794006347656,-192361.0
0.015999794006347656,-191882.0
0.017000436782836914,-191157.0
0.017000436782836914,-190907.0
0.017000436782836914,-190200.0
0.017000436782836914,-190169.0
0.017000436782836914,-190142.0
0.018001317977905273,-190093.0
0.018001317977905273,-189592.0
0.018001317977905273,-189494.0
0.018001317977905273,-188128.0
0.018001317977905273,-188063.0
0.018001317977905273,-186757.0
0.018001317977905273,-186288.0
0.019008636474609375,-185240.0
0.019008636474609375,-185206.0
0.019008636474609375,-184216.0
0.020008325576782227,-182624.0
0.020008325576782227,-182424.0
0.020008325576782227,-182371.0
0.020008325576782227,-182294.0
0.021008014678955078,-181756.0
0.021008014678955078,-181503.0
0.021008014678955078,-180581.0
0.022008419036865234,-179766.0
0.023008108139038086,-179207.0
0.023008108139038086,-179126.0
0.023008108139038086,-178257.0
0.023008108139038086,-177998.0
0.024008512496948242,-177784.0
0.024008512496948242,-176796.0
0.024008512496948242,-175930.0
0.024008512496948242,-175420.0
0.024008512496948242,-174696.0
0.024008512496948242,-174682.0
0.024008512496948242,-173769.0
0.024008512496948242,-173594.0
0.02500128746032715,-173560.0
0.02500128746032715,-173267.0
0.02500128746032715,-173061.0
0.026000261306762695,-172280.0
0.026000261306762695,-172167.0
0.026000261306762695,-170533.0
0.026000261306762695,-169893.0
0.02700018882751465,-168231.0
0.02700018882751465,-166634.0
0.02700018882751465,-166530.0
0.02700018882751465,-166496.0
0.02700018882751465,-166315.0
0.02700018882751465,-166290.0
0.0280001163482666,-165999.0
0.0280001163482666,-164254.0
0.0280001163482666,-163349.0
0.0280001163482666,-163097.0
0.0280001163482666,-161786.0
0.029000043869018555,-161222.0
0.029000043869018555,-161211.0
0.029000043869018555,-161129.0
0.029000043869018555,-160746.0
0.029000043869018555,-159696.0
0.029000043869018555,-159393.0
0.029000043869018555,-158868.0
0.03000020980834961,-157776.0
0.03000020980834961,-157481.0
0.03000020980834961,-156833.0
0.03000020980834961,-156016.0
0.031000137329101562,-155552.0
0.031000137329101562,-153929.0
0.031000137329101562,-153437.0
0.032000064849853516,-152424.0
0.032000064849853516,-152113.0
0.032000064849853516,-151455.0
0.032000064849853516,-150676.0
0.032000064849853516,-149863.0
0.032000064849853516,-149819.0
0.032000064849853516,-149369.0
0.03299999237060547,-149172.0
0.03299999237060547,-148928.0
0.03299999237060547,-148839.0
0.03299999237060547,-147791.0
0.03299999237060547,-147432.0
0.03400015830993652,-147022.0
0.03400015830993652,-146956.0
0.03400015830993652,-146896.0
0.03400015830993652,-146888.0
0.03400015830993652,-146377.0
0.03400015830993652,-145792.0
0.03500008583068848,-145650.0
0.03500008583068848,-145519.0
0.03600001335144043,-145140.0
0.03699994087219238,-144615.0
0.037999868392944336,-144565.0
0.037999868392944336,-144455.0
0.037999868392944336,-144223.0
0.037999868392944336,-143626.0
0.037999868392944336,-142847.0
0.03900003433227539,-142776.0
0.03900003433227539,-142147.0
0.03900003433227539,-141525.0
0.03900003433227539,-141282.0
0.03900003433227539,-140213.0
0.03999972343444824,-139269.0
0.03999972343444824,-138357.0
0.03999972343444824,-138217.0
0.03999972343444824,-137891.0
0.03999972343444824,-137807.0
0.0409998893737793,-137504.0
0.0409998893737793,-136166.0
0.0409998893737793,-136110.0
0.0409998893737793,-134796.0
0.0409998893737793,-134629.0
0.04200005531311035,-134459.0
0.04200005531311035,-134363.0
0.04200005531311035,-134358.0
0.04200005531311035,-134259.0
0.04200005531311035,-134059.0
0.042999982833862305,-133942.0
0.042999982833862305,-133252.0
0.04399991035461426,-133179.0
0.04500007629394531,-133097.0
0.04500007629394531,-132718.0
0.04500007629394531,-132469.0
0.04500007629394531,-131745.0
0.04500007629394531,-131730.0
0.046000003814697266,-131327.0
0.046000003814697266,-131027.0
0.046000003814697266,-131001.0
0.046000003814697266,-130927.0
0.04699993133544922,-130041.0
0.04699993133544922,-129307.0
0.04699993133544922,-128979.0
0.04800009727478027,-128632.0
0.04800009727478027,-127777.0
0.04800009727478027,-126881.0
0.04800009727478027,-126172.0
0.04900002479553223,-125382.0
0.04900002479553223,-124165.0
0.04900002479553223,-123273.0
0.04900002479553223,-123189.0
0.04900002479553223,-122946.0
0.04900002479553223,-122722.0
0.04999995231628418,-121381.0
0.04999995231628418,-120496.0
0.04999995231628418,-120243.0
0.05099987983703613,-119503.0
0.05099987983703613,-118987.0
0.051999807357788086,-118911.0
0.051999807357788086,-118682.0
0.05299997329711914,-117967.0
0.05299997329711914,-116905.0
0.05299997329711914,-116455.0
0.05299997329711914,-116326.0
0.05299997329711914,-115585.0
0.05299997329711914,-115563.0
0.053999900817871094,-115560.0
0.053999900817871094,-115305.0
0.053999900817871094,-115019.0
0.05499982833862305,-114201.0
0.05499982833862305,-114193.0
0.055999755859375,-112895.0
0.055999755859375,-111992.0
0.05700278282165527,-111399.0
0.05700278282165527,-110811.0
0.05700278282165527,-109645.0
0.05800294876098633,-109117.0
0.05800294876098633,-108847.0
0.05800294876098633,-108418.0
0.05900311470031738,-108137.0
0.05900311470031738,-107885.0
0.060002803802490234,-107428.0
0.060002803802490234,-107306.0
0.06100273132324219,-107160.0
0.06100273132324219,-107139.0
0.06100273132324219,-106318.0
0.06100273132324219,-105646.0
0.06200289726257324,-105424.0
0.06200289726257324,-104135.0
0.06200289726257324,-103029.0
0.06200289726257324,-102889.0
0.06200289726257324,-102321.0
0.0630030632019043,-102066.0
0.0630030632019043,-101888.0
0.0630030632019043,-101724.0
0.06400322914123535,-101483.0
0.06400322914123535,-101151.0
0.06400322914123535,-100968.0
0.0650031566619873,-100889.0
0.0650031566619873,-99962.0
0.0650031566619873,-99549.0
0.06600308418273926,-99457.0
0.06600308418273926,-98461.0
0.06700301170349121,-97932.0
0.06700301170349121,-97396.0
0.06700301170349121,-97235.0
0.06700301170349121,-97083.0
0.06800317764282227,-96877.0
0.06800317764282227,-96783.0
0.06800317764282227,-96115.0
0.06800317764282227,-95581.0
0.06900310516357422,-95105.0
0.07000303268432617,-94744.0
0.07000303268432617,-94586.0
0.07100319862365723,-93621.0
0.07150578498840332,-92740.0
0.07150578498840332,-92737.0
0.07150578498840332,-92219.0
0.0725088119506836,-92176.0
0.0725088119506836,-91838.0
0.07350897789001465,-91776.0
0.07350897789001465,-91455.0
0.07350897789001465,-90291.0
0.0745091438293457,-89645.0
0.0745091438293457,-89277.0
0.07550883293151855,-88613.0
0.07550883293151855,-87870.0
0.07550883293151855,-87273.0
0.07650876045227051,-87270.0
0.07650876045227051,-86769.0
0.07650876045227051,-86663.0
0.07650876045227051,-86118.0
0.07750892639160156,-85235.0
0.07950901985168457,-85024.0
0.07950901985168457,-84118.0
0.08050870895385742,-84061.0
0.08050870895385742,-83911.0
0.08250880241394043,-83623.0
0.08250880241394043,-82951.0
0.08350872993469238,-82410.0
0.08350872993469238,-81967.0
0.08450865745544434,-81903.0
0.08550882339477539,-81361.0
0.08550882339477539,-80345.0
0.08550882339477539,-79836.0
0.08550882339477539,-79436.0
0.08550882339477539,-79156.0
0.08550882339477539,-79028.0
0.08650922775268555,-78756.0
0.08650922775268555,-78384.0
0.08650922775268555,-78167.0
0.0875091552734375,-78065.0
0.08850908279418945,-77661.0
0.08850908279418945,-77584.0
0.089508056640625,-77151.0
0.089508056640625,-76880.0
0.09050798416137695,-76105.0
0.09050798416137695,-75512.0
0.09150815010070801,-74902.0
0.09150815010070801,-74528.0
0.09150815010070801,-73773.0
0.09250807762145996,-73584.0
0.09250807762145996,-73383.0
0.09250807762145996,-72316.0
0.09350824356079102,-71270.0
0.09350824356079102,-71154.0
0.09350824356079102,-71008.0
0.09450817108154297,-70246.0
0.09550809860229492,-70051.0
0.09550809860229492,-69386.0
0.09750795364379883,-68896.0
0.09850811958312988,-68732.0
0.10050797462463379,-68202.0
0.10050797462463379,-68159.0
0.10150790214538574,-67694.0
0.10150790214538574,-67133.0
0.1025078296661377,-66885.0
0.1025078296661377,-66319.0
0.10350799560546875,-65584.0
0.1045083999633789,-65339.0
0.1045083999633789,-64868.0
0.1045083999633789,-64810.0
0.1045083999633789,-64271.0
0.10550785064697266,-63987.0
0.10550785064697266,-63642.0
0.10650777816772461,-63487.0
0.10650777816772461,-62891.0
0.10650777816772461,-62427.0
0.10850787162780762,-61432.0
0.10950779914855957,-61150.0
0.10950779914855957,-61033.0
0.11050772666931152,-60537.0
0.11050772666931152,-60325.0
0.11150789260864258,-60154.0
0.11150789260864258,-59982.0
0.11450791358947754,-59908.0
0.11450791358947754,-59766.0
0.1155080795288086,-59350.0
0.1155080795288086,-59179.0
0.11650800704956055,-59037.0
0.11950802803039551,-58617.0
0.12150788307189941,-58412.0
0.12150788307189941,-57607.0
0.12150788307189941,-57582.0
0.12250781059265137,-57354.0
0.12350797653198242,-57274.0
0.12450814247131348,-57202.0
0.12550783157348633,-56987.0
0.12550783157348633,-55676.0
0.12650775909423828,-55646.0
0.12650775909423828,-55216.0
0.12750768661499023,-55165.0
0.1285080909729004,-54863.0
0.1285080909729004,-54480.0
0.12950801849365234,-53906.0
0.12950801849365234,-53552.0
0.1305079460144043,-52987.0
0.1305079460144043,-52824.0
0.13550782203674316,-52463.0
0.13550782203674316,-52320.0
0.13650798797607422,-52157.0
0.13650798797607422,-51796.0
0.13750791549682617,-51196.0
0.13750791549682617,-50545.0
0.13850784301757812,-50221.0
0.14050769805908203,-49516.0
0.14150762557983398,-49406.0
0.143507719039917,-49227.0
0.143507719039917,-48548.0
0.143507719039917,-48009.0
0.1455075740814209,-47910.0
0.14650774002075195,-47419.0
0.14850783348083496,-46398.0
0.14950776100158691,-46021.0
0.15050792694091797,-45912.0
0.15150785446166992,-45815.0
0.15150785446166992,-44519.0
0.15150785446166992,-44419.0
0.15250802040100098,-44098.0
0.15350794792175293,-44096.0
0.15550804138183594,-43760.0
0.15550804138183594,-43365.0
0.1565101146697998,-43286.0
0.15751099586486816,-42762.0
0.15951013565063477,-42297.0
0.16051006317138672,-42202.0
0.16051006317138672,-42150.0
0.16150999069213867,-41876.0
0.16150999069213867,-41819.0
0.16251015663146973,-41804.0
0.16351008415222168,-41356.0
0.16451001167297363,-40939.0
0.16550993919372559,-40533.0
0.16650986671447754,-40526.0
0.16650986671447754,-40119.0
0.16650986671447754,-39649.0
0.1675100326538086,-39596.0
0.17201447486877441,-38926.0
0.17301416397094727,-38879.0
0.17401432991027832,-38438.0
0.17401432991027832,-38412.0
0.17501401901245117,-38225.0
0.17601418495178223,-37650.0
0.17601418495178223,-37599.0
0.17701411247253418,-37266.0
0.17901396751403809,-36986.0
0.17901396751403809,-36590.0
0.17901396751403809,-36210.0
0.17901396751403809,-36129.0
0.18001389503479004,-35964.0
0.18001389503479004,-35582.0
0.1810140609741211,-34779.0
0.18401408195495605,-33553.0
0.18601393699645996,-33168.0
0.18701386451721191,-32395.0
0.18801403045654297,-32261.0
0.18801403045654297,-31663.0
0.18901443481445312,-31146.0
0.18901443481445312,-31083.0
0.19001412391662598,-31036.0
0.19001412391662598,-30790.0
0.19001412391662598,-30700.0
0.19101405143737793,-30584.0
0.19201397895812988,-30480.0
0.19501399993896484,-30459.0
0.19501399993896484,-30239.0
0.19501399993896484,-29828.0
0.1960139274597168,-29802.0
0.1960139274597168,-29611.0
0.2000141143798828,-29577.0
0.2000141143798828,-28707.0
0.20101404190063477,-28607.0
0.20201396942138672,-27889.0
0.20401382446289062,-27682.0
0.20601391792297363,-27632.0
0.20701360702514648,-27354.0
0.2090139389038086,-27229.0
0.2110137939453125,-27146.0
0.2130138874053955,-27028.0
0.21401381492614746,-26834.0
0.22101449966430664,-26130.0
0.2230226993560791,-25917.0
0.22402262687683105,-25779.0
0.22402262687683105,-25774.0
0.225022554397583,-25565.0
0.22602248191833496,-25506.0
0.22602248191833496,-25209.0
0.23001456260681152,-25079.0
0.23001456260681152,-25048.0
0.23101377487182617,-24904.0
0.23401403427124023,-24407.0
0.23601365089416504,-24230.0
0.23601365089416504,-24204.0
0.2370138168334961,-24183.0
0.24001359939575195,-24131.0
0.24001359939575195,-24039.0
0.24401354789733887,-23954.0
0.24701333045959473,-23876.0
0.24701333045959473,-23385.0
0.24801397323608398,-22922.0
0.25101375579833984,-22744.0
0.25101375579833984,-22545.0
0.25301361083984375,-22529.0
0.25501370429992676,-22415.0
0.25501370429992676,-21670.0
0.2560136318206787,-21419.0
0.2570157051086426,-20894.0
0.2570157051086426,-20732.0
0.25801539421081543,-20385.0
0.25801539421081543,-20175.0
0.26001548767089844,-20112.0
0.26201534271240234,-19999.0
0.2630155086517334,-19757.0
0.26801562309265137,-19699.0
0.2710151672363281,-19520.0
0.271517276763916,-19258.0
0.27351951599121094,-18979.0
0.2745194435119629,-18813.0
0.27551937103271484,-18675.0
0.2765192985534668,-18444.0
0.2785196304321289,-18168.0
0.28151941299438477,-17483.0
0.2825193405151367,-17478.0
0.28351926803588867,-17342.0
0.28651928901672363,-16983.0
0.29051947593688965,-16313.0
0.29051947593688965,-15860.0
0.29251933097839355,-15499.0
0.2955198287963867,-15452.0
0.2975192070007324,-15369.0
0.2985193729400635,-15264.0
0.30151915550231934,-14923.0
0.30351924896240234,-14845.0
0.3045191764831543,-14629.0
0.30551910400390625,-14353.0
0.30751895904541016,-14322.0
0.30751895904541016,-14299.0
0.3135192394256592,-14089.0
0.3155190944671631,-13979.0
0.32051920890808105,-13798.0
0.323519229888916,-13460.0
0.323519229888916,-13234.0
0.3255188465118408,-13092.0
0.3255188465118408,-12924.0
0.3265190124511719,-12587.0
0.3265190124511719,-12342.0
0.3305191993713379,-12263.0
0.33351898193359375,-11909.0
0.3345191478729248,-11820.0
0.33751893043518066,-11815.0
0.3545188903808594,-11755.0
0.35752081871032715,-11594.0
0.3585209846496582,-11360.0
0.3585209846496582,-11300.0
0.36152076721191406,-11023.0
0.36652064323425293,-10882.0
0.3695206642150879,-10709.0
0.3740241527557373,-10469.0
0.3780243396759033,-10450.0
0.3790242671966553,-10343.0
0.3810245990753174,-10305.0
0.38202428817749023,-10245.0
0.3850243091583252,-10151.0
0.39002418518066406,-10142.0
0.39702463150024414,-10004.0
0.4020240306854248,-9978.0
0.404024600982666,-9741.0
0.40502429008483887,-9705.0
0.41402459144592285,-9579.0
0.42002415657043457,-9316.0
0.42902517318725586,-9190.0
0.42902517318725586,-8754.0
0.43203282356262207,-8239.0
0.4340329170227051,-8170.0
0.4380326271057129,-8016.0
0.44002413749694824,-7966.0
0.4430239200592041,-7828.0
0.44402408599853516,-7496.0
0.44402408599853516,-7492.0
0.4510328769683838,-7454.0
0.4570274353027344,-7327.0
0.4630274772644043,-7310.0
0.4650273323059082,-7305.0
0.46602725982666016,-7260.0
0.4715309143066406,-7239.0
0.48453378677368164,-7138.0
0.48653388023376465,-7103.0
0.4895341396331787,-7052.0
0.5035338401794434,-7040.0
0.5045337677001953,-6978.0
0.5065336227416992,-6933.0
0.5145337581634521,-6705.0
0.5205338001251221,-6489.0
0.5245335102081299,-6304.0
0.5265336036682129,-5955.0
0.5275335311889648,-5878.0
0.5385334491729736,-5864.0
0.551532506942749,-5472.0
0.5645346641540527,-5469.0
0.5710363388061523,-5427.0
0.576038122177124,-5342.0
0.6040382385253906,-5206.0
0.6090381145477295,-5154.0
0.6290385723114014,-5094.0
0.6320388317108154,25603.0
0.6340386867523193,26337.0
0.6380386352539062,26767.0
0.651038646697998,26905.0
0.6590414047241211,27835.0
0.6670410633087158,27886.0
0.678546667098999,28183.0
0.7115459442138672,28275.0
0.7485456466674805,28279.0
0.7555456161499023,28407.0
0.762547492980957,28535.0
0.8270509243011475,28802.0
0.8390510082244873,28861.0
0.8580658435821533,30221.0
0.8630650043487549,30990.0
0.894568681716919,31047.0
0.9085695743560791,31315.0
0.9115698337554932,31482.0
0.9125697612762451,32491.0
0.9215693473815918,32512.0
0.9575703144073486,33005.0
0.9675703048706055,33463.0
0.9800751209259033,33590.0
0.990074634552002,33698.0
0.9990749359130859,33874.0
1.0070745944976807,34166.0
1.0965802669525146,34292.0
1.1105802059173584,34321.0
1.1615817546844482,35000.0
1.1615817546844482,35035.0
1.1860859394073486,35581.0
1.2090859413146973,36249.0
1.2530856132507324,36332.0
1.2620875835418701,36394.0
1.2700884342193604,36590.0
1.2985918521881104,36791.0
1.3115918636322021,36871.0
1.3445918560028076,37323.0
1.3990976810455322,37453.0
1.4520974159240723,37771.0
1.5146028995513916,38191.0
1.5246026515960693,38371.0
1.5256030559539795,38783.0
1.5296027660369873,39233.0
1.5566043853759766,39452.0
1.5861108303070068,39680.0
1.5941107273101807,39714.0
1.6381101608276367,40478.0
1.677628993988037,40775.0
1.6856284141540527,40964.0
1.730628490447998,41322.0
1.732628583908081,41466.0
1.8041346073150635,41832.0
1.8581368923187256,41840.0
1.923642635345459,42484.0
1.925642490386963,42649.0
2.01214861869812,42676.0
2.01814866065979,43373.0
2.0311484336853027,44184.0
2.0511484146118164,44296.0
2.3506696224212646,44580.0
2.3576717376708984,45106.0
2.724698781967163,45208.0
2.8022043704986572,45660.0
2.8402040004730225,45688.0
2.917722463607788,45770.0
2.976229429244995,45947.0
3.0142292976379395,46164.0
3.2602458000183105,46193.0
3.3467507362365723,46300.0
3.4132564067840576,46441.0
3.441256523132324,46786.0
3.8332834243774414,46816.0
3.885801076889038,46853.0
3.9088010787963867,46992.0
4.126813173294067,47038.0
4.718871593475342,47208.0
4.900885820388794,47225.0
4.944885015487671,47370.0
4.959908485412598,47855.0
5.12791109085083,47922.0
5.181432247161865,47930.0
5.2594358921051025,48181.0
5.33393931388855,48537.0
5.583463907241821,48689.0
5.922985792160034,48844.0
6.010497093200684,48966.0
6.332033395767212,49068.0
6.367035865783691,49267.0
6.3945395946502686,49480.0
6.502046346664429,49896.0
7.184144973754883,49917.0
7.788183927536011,50154.0
7.832192420959473,50612.0
8.157724380493164,50668.0
9.572376489639282,50715.0
10.372428178787231,50718.0
10.484945297241211,50776.0
12.725251197814941,51011.0
20.805843114852905,51126.0
22.575047254562378,51259.0
23.575666189193726,51579.0
25.678980588912964,51600.0
26.12000346183777,51614.0
26.379523515701294,51643.0
36.83020257949829,51669.0
37.1143102645874,51689.0
37.725353479385376,51865.0
40.74659490585327,51908.0
45.47198414802551,51921.0
52.95960760116577,51962.0
53.09361910820007,51991.0
54.389204263687134,52105.0
56.03532433509827,52131.0
58.07995557785034,52175.0
67.93053150177002,52195.0
73.80485033988953,52246.0
