0.0010006427764892578,-502069.0
0.0010006427764892578,-502000.0
0.0010006427764892578,-501702.0
0.0010006427764892578,-501385.0
0.0010006427764892578,-501073.0
0.0019991397857666016,-500599.0
0.0019991397857666016,-500283.0
0.0019991397857666016,-499591.0
0.0019991397857666016,-499263.0
0.0019991397857666016,-499138.0
0.0019991397857666016,-497924.0
0.0029993057250976562,-497734.0
0.0029993057250976562,-497091.0
0.0029993057250976562,-497042.0
0.0029993057250976562,-497004.0
0.0029993057250976562,-496594.0
0.00400090217590332,-496143.0
0.00400090217590332,-495608.0
0.00400090217590332,-494926.0
0.0049991607666015625,-493786.0
0.0049991607666015625,-493178.0
0.0049991607666015625,-493065.0
0.0059986114501953125,-493027.0
0.0059986114501953125,-492854.0
0.0059986114501953125,-491476.0
0.006998777389526367,-491093.0
0.006998777389526367,-490465.0
0.006998777389526367,-489754.0
0.00799870491027832,-489215.0
0.00799870491027832,-488716.0
0.00799870491027832,-487857.0
0.00799870491027832,-487135.0
0.008998632431030273,-486863.0
0.008998632431030273,-486663.0
0.008998632431030273,-486408.0
0.009998798370361328,-486393.0
0.009998798370361328,-486143.0
0.009998798370361328,-484532.0
0.010998725891113281,-484165.0
0.010998725891113281,-484104.0
0.010998725891113281,-483689.0
0.011998653411865234,-482932.0
0.011998653411865234,-481530.0
0.011998653411865234,-480529.0
0.01299905776977539,-479681.0
0.01299905776977539,-478332.0
0.01299905776977539,-477914.0
0.013998746871948242,-477703.0
0.013998746871948242,-477527.0
0.014999151229858398,-477154.0
0.014999151229858398,-476482.0
0.014999151229858398,-475668.0
0.01599907875061035,-475575.0
0.01599907875061035,-475205.0
0.01599907875061035,-474789.0
0.01599907875061035,-473537.0
0.01599907875061035,-472251.0
0.01699972152709961,-471240.0
0.01699972152709961,-471183.0
0.01799917221069336,-470561.0
0.01899886131286621,-470027.0
0.01899886131286621,-469627.0
0.01899886131286621,-468639.0
0.01899886131286621,-468571.0
0.01899886131286621,-468003.0
0.019998788833618164,-467678.0
0.019998788833618164,-467567.0
0.021009445190429688,-466428.0
0.021009445190429688,-465347.0
0.02200913429260254,-465259.0
0.02200913429260254,-464341.0
0.02200913429260254,-464047.0
0.023009538650512695,-463280.0
0.023009538650512695,-463149.0
0.023009538650512695,-462145.0
0.023999452590942383,-461814.0
0.023999452590942383,-460835.0
0.023999452590942383,-459230.0
0.02499866485595703,-459172.0
0.02499866485595703,-458338.0
0.025998592376708984,-457641.0
0.025998592376708984,-456975.0
0.026998519897460938,-456588.0
0.026998519897460938,-456145.0
0.027998685836791992,-454822.0
0.027998685836791992,-453759.0
0.027998685836791992,-453725.0
0.028998613357543945,-453360.0
0.028998613357543945,-452391.0
0.029999256134033203,-451842.0
0.029999256134033203,-451703.0
0.029999256134033203,-451267.0
0.03099846839904785,-450903.0
0.03099846839904785,-449992.0
0.03199887275695801,-449705.0
0.03199887275695801,-449228.0
0.03199887275695801,-448956.0
0.032999277114868164,-448359.0
0.032999277114868164,-448312.0
0.032999277114868164,-447865.0
0.032999277114868164,-447368.0
0.032999277114868164,-446816.0
0.033998727798461914,-445416.0
0.033998727798461914,-445072.0
0.033998727798461914,-444649.0
0.03499865531921387,-444554.0
0.03499865531921387,-443988.0
0.03499865531921387,-443133.0
0.03499865531921387,-442826.0
0.035999298095703125,-442362.0
0.037000417709350586,-442325.0
0.037000417709350586,-442258.0
0.03799867630004883,-441744.0
0.03799867630004883,-440565.0
0.03900957107543945,-440244.0
0.03900957107543945,-439942.0
0.03900957107543945,-439748.0
0.03900957107543945,-439259.0
0.03900957107543945,-438833.0
0.03999948501586914,-438768.0
0.03999948501586914,-437682.0
0.03999948501586914,-436699.0
0.03999948501586914,-436631.0
0.03999948501586914,-435964.0
0.03999948501586914,-434545.0
0.04099869728088379,-434375.0
0.04199862480163574,-433694.0
0.04199862480163574,-432840.0
0.04199862480163574,-432476.0
0.042998552322387695,-430978.0
0.04399871826171875,-430924.0
0.04399871826171875,-430917.0
0.04399871826171875,-430845.0
0.04399871826171875,-429783.0
0.044999122619628906,-429014.0
0.045998573303222656,-427838.0
0.045998573303222656,-426448.0
0.045998573303222656,-425997.0
0.045998573303222656,-424804.0
0.045998573303222656,-424145.0
0.04699850082397461,-423915.0
0.04699850082397461,-422955.0
0.04699850082397461,-422558.0
0.04699850082397461,-422402.0
0.04699850082397461,-421053.0
0.047998666763305664,-420015.0
0.04899954795837402,-419285.0
0.04899954795837402,-418854.0
0.04899954795837402,-417547.0
0.04899954795837402,-417035.0
0.04999899864196777,-416597.0
0.04999899864196777,-415408.0
0.04999899864196777,-414415.0
0.05199885368347168,-412925.0
0.05199885368347168,-412244.0
0.05199885368347168,-412177.0
0.05199885368347168,-411273.0
0.05299878120422363,-410573.0
0.05299878120422363,-410093.0
0.05299878120422363,-409826.0
0.05299878120422363,-409655.0
0.053998708724975586,-409061.0
0.053998708724975586,-408665.0
0.053998708724975586,-407737.0
0.05499911308288574,-407311.0
0.05599832534790039,-406767.0
0.05599832534790039,-406415.0
0.05599832534790039,-406219.0
0.05599832534790039,-405886.0
0.05700945854187012,-404649.0
0.05700945854187012,-404194.0
0.05700945854187012,-403250.0
0.05900931358337402,-402349.0
0.05900931358337402,-402095.0
0.05900931358337402,-402005.0
0.05900931358337402,-401149.0
0.060010433197021484,-399571.0
0.060010433197021484,-399009.0
0.060010433197021484,-398827.0
0.06100034713745117,-398043.0
0.06100034713745117,-398000.0
0.062000274658203125,-397893.0
0.062000274658203125,-397858.0
0.06300616264343262,-397034.0
0.06300616264343262,-395807.0
0.06300616264343262,-395758.0
0.06400585174560547,-395140.0
0.06500577926635742,-394042.0
0.06500577926635742,-393851.0
0.06500577926635742,-393834.0
0.06600570678710938,-393801.0
0.06700563430786133,-393319.0
0.06700563430786133,-392539.0
0.06800603866577148,-392513.0
0.06800603866577148,-391418.0
0.06900596618652344,-391391.0
0.06900596618652344,-390883.0
0.07000613212585449,-390784.0
0.07000613212585449,-390225.0
0.07000613212585449,-389470.0
0.07000613212585449,-388485.0
0.07100653648376465,-387634.0
0.07100653648376465,-387257.0
0.0720059871673584,-386193.0
0.0720059871673584,-385411.0
0.0720059871673584,-385336.0
0.07300615310668945,-383781.0
0.07300615310668945,-383147.0
0.0740060806274414,-382400.0
0.0740060806274414,-381791.0
0.07500600814819336,-380404.0
0.07500600814819336,-379547.0
0.07600593566894531,-379351.0
0.07600593566894531,-378285.0
0.07600593566894531,-377677.0
0.07700610160827637,-377241.0
0.07751345634460449,-377135.0
0.07751345634460449,-376937.0
0.07851982116699219,-376930.0
0.07951951026916504,-375377.0
0.07951951026916504,-374104.0
0.08051943778991699,-374024.0
0.08051943778991699,-373607.0
0.08051943778991699,-373312.0
0.08051943778991699,-372697.0
0.08151960372924805,-371524.0
0.08151960372924805,-371391.0
0.08151960372924805,-370870.0
0.08251953125,-369687.0
0.08251953125,-369602.0
0.08351945877075195,-368462.0
0.08351945877075195,-368203.0
0.0845193862915039,-367514.0
0.08552002906799316,-367466.0
0.08552002906799316,-366782.0
0.08651995658874512,-366416.0
0.08651995658874512,-366128.0
0.08851957321166992,-365141.0
0.08951973915100098,-364560.0
0.08951973915100098,-363431.0
0.09051966667175293,-362786.0
0.09051966667175293,-362584.0
0.09051966667175293,-362065.0
0.09051966667175293,-361832.0
0.09151959419250488,-361447.0
0.09151959419250488,-360929.0
0.09151959419250488,-360687.0
0.09151959419250488,-360338.0
0.09251928329467773,-360257.0
0.09251928329467773,-359694.0
0.09351992607116699,-359685.0
0.09351992607116699,-358759.0
0.09351992607116699,-358709.0
0.09451937675476074,-358245.0
0.09451937675476074,-357652.0
0.09451937675476074,-356677.0
0.0955195426940918,-356520.0
0.09651970863342285,-355504.0
0.09651970863342285,-355317.0
0.09651970863342285,-354346.0
0.09651970863342285,-354275.0
0.0975193977355957,-353759.0
0.0975193977355957,-352649.0
0.0975193977355957,-351772.0
0.09851932525634766,-351059.0
0.09851932525634766,-351022.0
0.09851932525634766,-349646.0
0.09951949119567871,-349075.0
0.10051941871643066,-348799.0
0.10051941871643066,-347651.0
0.10051941871643066,-346014.0
0.10051941871643066,-345291.0
0.10151934623718262,-343751.0
0.10151934623718262,-343011.0
0.10251927375793457,-342924.0
0.10351943969726562,-342893.0
0.10351943969726562,-342284.0
0.10351943969726562,-341623.0
0.10451936721801758,-341321.0
0.10451936721801758,-341114.0
0.10451936721801758,-340497.0
0.10451936721801758,-340411.0
0.10551977157592773,-339781.0
0.10551977157592773,-339467.0
0.10651922225952148,-339277.0
0.10651922225952148,-338483.0
0.10751938819885254,-337819.0
0.10751938819885254,-337578.0
0.10951948165893555,-336746.0
0.10951948165893555,-335779.0
0.1105194091796875,-335752.0
0.1105194091796875,-335735.0
0.1105194091796875,-335570.0
0.1105194091796875,-334319.0
0.11151933670043945,-332760.0
0.11151933670043945,-331819.0
0.11251950263977051,-331501.0
0.11251950263977051,-330471.0
0.11251950263977051,-329597.0
0.11351966857910156,-329509.0
0.11351966857910156,-329082.0
0.11451935768127441,-328611.0
0.11451935768127441,-327964.0
0.11451935768127441,-327116.0
0.11551976203918457,-326879.0
0.11551976203918457,-326516.0
0.11651945114135742,-326243.0
0.11751961708068848,-325492.0
0.11751961708068848,-325457.0
0.11951971054077148,-324386.0
0.11951971054077148,-324136.0
0.12051963806152344,-322624.0
0.12051963806152344,-321785.0
0.12151932716369629,-320930.0
0.12251925468444824,-320780.0
0.1235191822052002,-320755.0
0.1235191822052002,-320142.0
0.12451791763305664,-319987.0
0.12451791763305664,-319804.0
0.12451791763305664,-318294.0
0.12552833557128906,-317548.0
0.12652850151062012,-316337.0
0.12652850151062012,-315620.0
0.12752890586853027,-314696.0
0.12752890586853027,-314191.0
0.12752890586853027,-312703.0
0.12851786613464355,-312575.0
0.12851786613464355,-311913.0
0.1295173168182373,-311612.0
0.1295173168182373,-311324.0
0.1295173168182373,-311237.0
0.13051748275756836,-310120.0
0.13051748275756836,-309584.0
0.13051748275756836,-309237.0
0.13151764869689941,-308595.0
0.13151764869689941,-306961.0
0.13151764869689941,-306001.0
0.13251757621765137,-305881.0
0.13251757621765137,-305580.0
0.13251757621765137,-305062.0
0.13351750373840332,-304277.0
0.13451743125915527,-304112.0
0.13551783561706543,-303152.0
0.13551783561706543,-302044.0
0.13551783561706543,-301836.0
0.13651800155639648,-301511.0
0.13651800155639648,-301431.0
0.13751769065856934,-300374.0
0.13751769065856934,-299642.0
0.13751769065856934,-299429.0
0.1385176181793213,-299417.0
0.1385176181793213,-298928.0
0.13951778411865234,-298432.0
0.1405177116394043,-298202.0
0.1405177116394043,-298100.0
0.1405177116394043,-297311.0
0.1405177116394043,-297221.0
0.14151763916015625,-296068.0
0.1425175666809082,-294920.0
0.1425175666809082,-294349.0
0.1425175666809082,-292664.0
0.14351749420166016,-292656.0
0.14351749420166016,-292418.0
0.14451885223388672,-291711.0
0.14451885223388672,-291398.0
0.14551806449890137,-291316.0
0.14651775360107422,-290684.0
0.14651775360107422,-289646.0
0.14651775360107422,-289466.0
0.14751768112182617,-288519.0
0.14751768112182617,-288242.0
0.14751768112182617,-288136.0
0.14851760864257812,-287841.0
0.14851760864257812,-287259.0
0.14851760864257812,-285843.0
0.14951777458190918,-285018.0
0.15051865577697754,-284920.0
0.15151762962341309,-284826.0
0.15151762962341309,-284560.0
0.15251803398132324,-284379.0
0.15251803398132324,-284365.0
0.15251803398132324,-284029.0
0.15251803398132324,-283468.0
0.1535181999206543,-283408.0
0.1535181999206543,-282508.0
0.15451836585998535,-281196.0
0.15451836585998535,-280988.0
0.1555180549621582,-280040.0
0.1555180549621582,-278877.0
0.15651798248291016,-278459.0
0.15651798248291016,-278119.0
0.15651798248291016,-276743.0
0.15951776504516602,-276169.0
0.15951776504516602,-275709.0
0.15951776504516602,-275171.0
0.15951776504516602,-274276.0
0.16051816940307617,-274183.0
0.16051816940307617,-273553.0
0.16051816940307617,-272864.0
0.16051816940307617,-272777.0
0.16151785850524902,-272698.0
0.16352152824401855,-272394.0
0.16352152824401855,-272049.0
0.16352152824401855,-271598.0
0.16652154922485352,-271350.0
0.16652154922485352,-271244.0
0.16752195358276367,-271233.0
0.16752195358276367,-270638.0
0.16752195358276367,-270385.0
0.16852188110351562,-269846.0
0.16852188110351562,-269502.0
0.17052197456359863,-268872.0
0.17052197456359863,-268327.0
0.17152190208435059,-268040.0
0.17152190208435059,-266555.0
0.1735219955444336,-265882.0
0.1755223274230957,-265592.0
0.1755223274230957,-264242.0
0.1755223274230957,-263799.0
0.1755223274230957,-263039.0
0.17702651023864746,-262174.0
0.17702651023864746,-261922.0
0.17803192138671875,-260351.0
0.17803192138671875,-260105.0
0.17803192138671875,-259086.0
0.17803192138671875,-258585.0
0.17803192138671875,-257864.0
0.1790306568145752,-257836.0
0.1790306568145752,-257482.0
0.18003129959106445,-257114.0
0.18003129959106445,-256922.0
0.18003129959106445,-256674.0
0.1810309886932373,-256530.0
0.1810309886932373,-256214.0
0.1810309886932373,-256077.0
0.18203091621398926,-255051.0
0.18203091621398926,-254821.0
0.18203091621398926,-254549.0
0.1830308437347412,-254379.0
0.1830308437347412,-254241.0
0.1830308437347412,-253645.0
0.1830308437347412,-253450.0
0.18403077125549316,-252846.0
0.18403077125549316,-252450.0
0.18703103065490723,-252290.0
0.18703103065490723,-251923.0
0.19003057479858398,-250598.0
0.19003057479858398,-250204.0
0.19103145599365234,-249440.0
0.19103145599365234,-249374.0
0.19103145599365234,-249293.0
0.1920304298400879,-249252.0
0.1920304298400879,-248687.0
0.19304108619689941,-247497.0
0.19304108619689941,-247104.0
0.19404172897338867,-246617.0
0.19504308700561523,-246240.0
0.19504308700561523,-245787.0
0.19504308700561523,-245548.0
0.19604158401489258,-245539.0
0.19704151153564453,-245083.0
0.19704151153564453,-244069.0
0.19804143905639648,-243635.0
0.19804143905639648,-243484.0
0.19904136657714844,-242061.0
0.19904136657714844,-241843.0
0.2000412940979004,-241509.0
0.2020416259765625,-241416.0
0.20303130149841309,-241013.0
0.20303130149841309,-240474.0
0.20403146743774414,-240067.0
0.20403146743774414,-239478.0
0.2050306797027588,-239452.0
0.2050306797027588,-239335.0
0.20603060722351074,-238990.0
0.20603060722351074,-238806.0
0.20603060722351074,-238002.0
0.2070310115814209,-237989.0
0.2070310115814209,-236591.0
0.20803117752075195,-236256.0
0.2090308666229248,-235914.0
0.2090308666229248,-235771.0
0.2090308666229248,-234942.0
0.21003103256225586,-234427.0
0.21003103256225586,-233860.0
0.21103119850158691,-233433.0
0.21203064918518066,-233288.0
0.21203064918518066,-232951.0
0.21303081512451172,-232908.0
0.21403098106384277,-232063.0
0.21503090858459473,-231917.0
0.21603083610534668,-231810.0
0.21603083610534668,-231696.0
0.21603083610534668,-231686.0
0.21703076362609863,-231606.0
0.21703076362609863,-231154.0
0.21703076362609863,-231017.0
0.21903085708618164,-230622.0
0.2200310230255127,-230263.0
0.2200310230255127,-229917.0
0.2220308780670166,-229233.0
0.22303271293640137,-229024.0
0.22303271293640137,-227920.0
0.22403264045715332,-227801.0
0.22403264045715332,-227054.0
0.22603249549865723,-226835.0
0.22603249549865723,-226712.0
0.22703218460083008,-226524.0
0.22703218460083008,-225803.0
0.22803235054016113,-225640.0
0.22903227806091309,-224784.0
0.22903227806091309,-224527.0
0.22903227806091309,-223263.0
0.23003220558166504,-222864.0
0.2310323715209961,-222276.0
0.2310323715209961,-221729.0
0.23203206062316895,-221492.0
0.23203206062316895,-221354.0
0.23403215408325195,-221148.0
0.23403215408325195,-219660.0
0.23403215408325195,-219420.0
0.235032320022583,-219305.0
0.235032320022583,-218564.0
0.23603200912475586,-218358.0
0.23603200912475586,-217680.0
0.23703217506408691,-217148.0
0.23803210258483887,-216375.0
0.23903226852416992,-216304.0
0.24103212356567383,-216246.0
0.24103212356567383,-215426.0
0.24103212356567383,-215362.0
0.24203228950500488,-214404.0
0.24303245544433594,-213632.0
0.24303245544433594,-212291.0
0.24303245544433594,-212151.0
0.24303245544433594,-211893.0
0.2440321445465088,-211528.0
0.2440321445465088,-211516.0
0.24703216552734375,-211449.0
0.24903225898742676,-211281.0
0.2500321865081787,-210908.0
0.2500321865081787,-209959.0
0.2520320415496826,-209907.0
0.2520320415496826,-209790.0
0.25303220748901367,-209074.0
0.25303220748901367,-208963.0
0.2540323734283447,-208156.0
0.2540323734283447,-208026.0
0.25603222846984863,-207071.0
0.25603222846984863,-206580.0
0.25603222846984863,-206390.0
0.2570321559906006,-205971.0
0.25803279876708984,-205848.0
0.25803279876708984,-204560.0
0.25803279876708984,-204298.0
0.2590327262878418,-204245.0
0.2590327262878418,-203791.0
0.2610323429107666,-202738.0
0.2610323429107666,-202152.0
0.26203227043151855,-201926.0
0.26203227043151855,-200672.0
0.26303768157958984,-200374.0
0.26303768157958984,-200169.0
0.2640378475189209,-199816.0
0.26503777503967285,-199381.0
0.26503777503967285,-198939.0
0.2660374641418457,-198919.0
0.2660374641418457,-198646.0
0.26703763008117676,-198058.0
0.2720377445220947,-197803.0
0.2720377445220947,-197764.0
0.2730376720428467,-197617.0
0.2730376720428467,-196896.0
0.27403783798217773,-196423.0
0.2750377655029297,-195685.0
0.2770378589630127,-195638.0
0.2775452136993408,-194836.0
0.2775452136993408,-194565.0
0.2775452136993408,-194532.0
0.27955126762390137,-193670.0
0.2805516719818115,-193153.0
0.2815511226654053,-192988.0
0.2815511226654053,-192972.0
0.2835512161254883,-192270.0
0.28455114364624023,-192215.0
0.28455114364624023,-191546.0
0.28655123710632324,-191424.0
0.28655123710632324,-190913.0
0.28655123710632324,-190323.0
0.28855156898498535,-189041.0
0.28855156898498535,-188567.0
0.2895512580871582,-188369.0
0.29055142402648926,-187063.0
0.29055142402648926,-186107.0
0.29455137252807617,-184931.0
0.2955513000488281,-184323.0
0.2985513210296631,-182769.0
0.30056095123291016,-181619.0
0.30056095123291016,-181579.0
0.3015604019165039,-181476.0
0.30355119705200195,-180687.0
0.30355119705200195,-179662.0
0.3045518398284912,-179096.0
0.30555105209350586,-178359.0
0.30555105209350586,-178158.0
0.30555105209350586,-177976.0
0.30555105209350586,-177668.0
0.3065509796142578,-176745.0
0.30755138397216797,-176624.0
0.30755138397216797,-176104.0
0.30755138397216797,-175902.0
0.30755138397216797,-175300.0
0.31055164337158203,-175214.0
0.31055164337158203,-175184.0
0.3115513324737549,-175020.0
0.3115513324737549,-174987.0
0.31255149841308594,-174973.0
0.3135511875152588,-174319.0
0.31455135345458984,-174286.0
0.31455135345458984,-173442.0
0.3155512809753418,-173090.0
0.31655120849609375,-172837.0
0.3175511360168457,-172734.0
0.31855154037475586,-172486.0
0.3195502758026123,-172383.0
0.3195502758026123,-172166.0
0.3205530643463135,-171078.0
0.3205530643463135,-170669.0
0.3235511779785156,-169844.0
0.3245511054992676,-169792.0
0.32555103302001953,-169225.0
0.32555103302001953,-168724.0
0.3265511989593506,-168452.0
0.32755136489868164,-167879.0
0.32755136489868164,-167854.0
0.32755136489868164,-167766.0
0.32755136489868164,-167281.0
0.32955121994018555,-166924.0
0.32955121994018555,-166890.0
0.32955121994018555,-166861.0
0.32955121994018555,-166484.0
0.3305513858795166,-166374.0
0.3305513858795166,-165860.0
0.3305513858795166,-164716.0
0.33155107498168945,-164683.0
0.33155107498168945,-164043.0
0.33355116844177246,-163543.0
0.3365497589111328,-163348.0
0.3385493755340576,-162513.0
0.3385493755340576,-162357.0
0.33954930305480957,-162283.0
0.33954930305480957,-162216.0
0.33954930305480957,-162008.0
0.33954930305480957,-161957.0
0.3405492305755615,-161643.0
0.3405492305755615,-161511.0
0.3415493965148926,-161041.0
0.3415493965148926,-160581.0
0.3435492515563965,-159819.0
0.34454917907714844,-159716.0
0.3455498218536377,-159509.0
0.3455498218536377,-158766.0
0.34654927253723145,-158400.0
0.3475496768951416,-157966.0
0.3475496768951416,-157574.0
0.3475496768951416,-157556.0
0.3495492935180664,-157038.0
0.3495492935180664,-156970.0
0.35054945945739746,-156019.0
0.3515493869781494,-156008.0
0.3515493869781494,-155606.0
0.35254931449890137,-155570.0
0.35254931449890137,-155349.0
0.3545498847961426,-155080.0
0.3545498847961426,-154873.0
0.35554933547973633,-153844.0
0.35554933547973633,-153186.0
0.35554933547973633,-153098.0
0.3565495014190674,-153007.0
0.3565495014190674,-152426.0
0.35954976081848145,-152262.0
0.35954976081848145,-152138.0
0.3605499267578125,-151888.0
0.363553524017334,-151794.0
0.36655354499816895,-151498.0
0.3675534725189209,-151340.0
0.36855340003967285,-150094.0
0.3695535659790039,-149563.0
0.3695535659790039,-149095.0
0.37055373191833496,-148168.0
0.3715536594390869,-148026.0
0.37255334854125977,-147138.0
0.3735535144805908,-146575.0
0.3735535144805908,-146502.0
0.37555360794067383,-146390.0
0.37555360794067383,-146330.0
0.37806129455566406,-146127.0
0.37806129455566406,-145970.0
0.3790609836578369,-145593.0
0.38006114959716797,-145269.0
0.38006114959716797,-144977.0
0.3810610771179199,-144971.0
0.382061243057251,-144720.0
0.382061243057251,-144166.0
0.38306093215942383,-143370.0
0.384061336517334,-142451.0
0.384061336517334,-142381.0
0.384061336517334,-142160.0
0.38506126403808594,-141819.0
0.3860611915588379,-140883.0
0.38706135749816895,-140826.0
0.3880612850189209,-139598.0
0.3900611400604248,-139308.0
0.3900611400604248,-139142.0
0.39106106758117676,-139044.0
0.39106106758117676,-138977.0
0.3920609951019287,-138639.0
0.39306116104125977,-137942.0
0.3940610885620117,-137614.0
0.3960609436035156,-137294.0
0.3970611095428467,-137136.0
0.39806127548217773,-137008.0
0.3990609645843506,-136893.0
0.3990609645843506,-136805.0
0.40006089210510254,-136508.0
0.40006089210510254,-136383.0
0.40006089210510254,-136273.0
0.40206074714660645,-135484.0
0.4030611515045166,-134910.0
0.40406131744384766,-134519.0
0.40606117248535156,-133325.0
0.40606117248535156,-133182.0
0.40606117248535156,-132477.0
0.40606117248535156,-132327.0
0.4070611000061035,-131708.0
0.4090609550476074,-131224.0
0.4090609550476074,-131107.0
0.4100608825683594,-130994.0
0.41106104850769043,-130743.0
0.4120609760284424,-130259.0
0.4120609760284424,-129795.0
0.4120609760284424,-129022.0
0.4120609760284424,-127866.0
0.41306090354919434,-127640.0
0.4140622615814209,-127632.0
0.41506147384643555,-127015.0
0.41906118392944336,-126700.0
0.4200620651245117,-126397.0
0.4200620651245117,-125982.0
0.4230613708496094,-125882.0
0.42406153678894043,-125385.0
0.4250614643096924,-125120.0
0.42606115341186523,-124702.0
0.4270613193511963,-124538.0
0.4290611743927002,-124303.0
0.43206071853637695,-124241.0
0.43206071853637695,-124140.0
0.43407177925109863,-123852.0
0.4350731372833252,-122420.0
0.4360620975494385,-122045.0
0.4370613098144531,-121482.0
0.4380612373352051,-121006.0
0.44306135177612305,-120668.0
0.44306135177612305,-120192.0
0.444061279296875,-119897.0
0.4460623264312744,-119636.0
0.44706130027770996,-118853.0
0.4500620365142822,-118839.0
0.4500620365142822,-117725.0
0.45206117630004883,-117235.0
0.4550614356994629,-116915.0
0.45806121826171875,-116886.0
0.45806121826171875,-116677.0
0.46006131172180176,-116613.0
0.4610612392425537,-116556.0
0.4610612392425537,-116542.0
0.46206140518188477,-116043.0
0.46206140518188477,-115853.0
0.46306562423706055,-115791.0
0.4640655517578125,-115260.0
0.4640655517578125,-114603.0
0.46506571769714355,-114425.0
0.4680655002593994,-113649.0
0.46906542778015137,-112902.0
0.4700655937194824,-112040.0
0.4700655937194824,-111237.0
0.4710657596588135,-111097.0
0.4710657596588135,-110716.0
0.47406554222106934,-110179.0
0.47406554222106934,-109938.0
0.4750654697418213,-109777.0
0.4750654697418213,-109718.0
0.4770655632019043,-108392.0
0.4785764217376709,-108325.0
0.4805769920349121,-107799.0
0.4805769920349121,-107233.0
0.48357629776000977,-107104.0
0.48357629776000977,-106568.0
0.4845762252807617,-106544.0
0.4845762252807617,-105620.0
0.4875767230987549,-104901.0
0.48857641220092773,-104509.0
0.48857641220092773,-104297.0
0.49057626724243164,-104047.0
0.4915761947631836,-104030.0
0.4915761947631836,-103983.0
0.49257636070251465,-103660.0
0.493577241897583,-103324.0
0.49457645416259766,-102926.0
0.49657607078552246,-102356.0
0.4975762367248535,-102293.0
0.4975762367248535,-102232.0
0.4995763301849365,-101249.0
0.5015761852264404,-100822.0
0.5025761127471924,-100632.0
0.5035762786865234,-100262.0
0.5055761337280273,-100052.0
0.5065760612487793,-99563.0
0.5075759887695312,-99280.0
0.5135762691497803,-99147.0
0.5145761966705322,-98708.0
0.5165760517120361,-98479.0
0.5185761451721191,-98423.0
0.5205762386322021,-98101.0
0.5205762386322021,-97620.0
0.5235769748687744,-97584.0
0.52457594871521,-97258.0
0.5265762805938721,-97016.0
0.527576208114624,-96950.0
0.527576208114624,-96946.0
0.527576208114624,-96866.0
0.5325760841369629,-95489.0
0.5365760326385498,-95039.0
0.5395758152008057,-94725.0
0.5405762195587158,-94538.0
0.5415763854980469,-94198.0
0.5425760746002197,-93955.0
0.5435757637023926,-93920.0
0.5445759296417236,-93576.0
0.5455760955810547,-93181.0
0.5505766868591309,-92758.0
0.5525760650634766,-92634.0
0.5545763969421387,-92601.0
0.5555763244628906,-91532.0
0.5615758895874023,-91358.0
0.562579870223999,-91059.0
0.568579912185669,-91039.0
0.5745811462402344,-90934.0
0.5755813121795654,-90541.0
0.5755813121795654,-89961.0
0.579092264175415,-89690.0
0.5800924301147461,-89245.0
0.5800924301147461,-88910.0
0.5800924301147461,-88875.0
0.5800924301147461,-88462.0
0.581092119216919,-88423.0
0.585092306137085,-87602.0
0.5870928764343262,-87373.0
0.589092493057251,-87331.0
0.594092607498169,-86304.0
0.5950922966003418,-86042.0
0.5960924625396729,-85904.0
0.5960924625396729,-85654.0
0.5970926284790039,-85422.0
0.5980923175811768,-84735.0
0.5980923175811768,-84227.0
0.6000924110412598,-84074.0
0.6040923595428467,-83871.0
0.6070923805236816,-83673.0
0.6070923805236816,-83648.0
0.6080923080444336,-83359.0
0.6080923080444336,-82935.0
0.6080923080444336,-82898.0
0.6090922355651855,-82626.0
0.6120924949645996,-81974.0
0.6130921840667725,-81946.0
0.6170921325683594,-81845.0
0.6180922985076904,-81163.0
0.6190922260284424,-81144.0
0.6270906925201416,-81031.0
0.6290907859802246,-81007.0
0.6310906410217285,-80683.0
0.6320905685424805,-80411.0
0.6340904235839844,-80303.0
0.6350908279418945,-79514.0
0.637091875076294,-79493.0
0.6390924453735352,-78982.0
0.6410901546478271,-78621.0
0.6441013813018799,-78431.0
0.6471011638641357,-78403.0
0.6481013298034668,-78267.0
0.6491012573242188,-77891.0
0.6491012573242188,-77706.0
0.6501011848449707,-77033.0
0.6501011848449707,-76906.0
0.6511011123657227,-76615.0
0.6550922393798828,-75786.0
0.6570920944213867,-75191.0
0.6640975475311279,-74834.0
0.6650974750518799,-74474.0
0.66609787940979,-74082.0
0.6670975685119629,-73916.0
0.6690976619720459,-73804.0
0.6700975894927979,-73501.0
0.6700975894927979,-73228.0
0.6730976104736328,-72866.0
0.6750977039337158,-72727.0
0.6760976314544678,-72460.0
0.6776044368743896,-72245.0
0.6786105632781982,-71810.0
0.6796104907989502,-71777.0
0.6806104183197021,-71417.0
0.681610107421875,-71063.0
0.683610200881958,-70923.0
0.6846103668212891,-70757.0
0.6856091022491455,-70006.0
0.6886093616485596,-69754.0
0.6886093616485596,-69098.0
0.6916089057922363,-68450.0
0.6926088333129883,-67790.0
0.6936087608337402,-67573.0
0.6956088542938232,-67437.0
0.6976087093353271,-67371.0
0.7006099224090576,-67299.0
0.7016086578369141,-66975.0
0.7026088237762451,-66616.0
0.7056093215942383,-66484.0
0.7076089382171631,-66285.0
0.7116086483001709,-66071.0
0.7176103591918945,-65987.0
0.7206101417541504,-65904.0
0.7216100692749023,-65780.0
0.7246098518371582,-65432.0
0.7286100387573242,-64550.0
0.7296099662780762,-64511.0
0.7306098937988281,-64485.0
0.7336103916168213,-64397.0
0.7356104850769043,-64250.0
0.7376103401184082,-64192.0
0.7376103401184082,-63784.0
0.7496092319488525,-63769.0
0.7496092319488525,-63710.0
0.7506093978881836,-63333.0
0.7526090145111084,-62704.0
0.7536089420318604,-62464.0
0.7546088695526123,-62085.0
0.7566087245941162,-61999.0
0.7596101760864258,-61919.0
0.7606101036071777,-61772.0
0.7686164379119873,-61757.0
0.7696163654327393,-61374.0
0.7726163864135742,-61319.0
0.7756166458129883,-60840.0
0.7771220207214355,-60675.0
0.7801282405853271,-60640.0
0.7801282405853271,-60610.0
0.7811281681060791,-60497.0
0.7811281681060791,-60470.0
0.782128095626831,-60333.0
0.784127950668335,-60322.0
0.785128116607666,-60242.0
0.7861282825469971,-59777.0
0.7911281585693359,-59551.0
0.7921280860900879,-59534.0
0.7941281795501709,-58841.0
0.7961280345916748,-58549.0
0.7981281280517578,-58430.0
0.7991280555725098,-57947.0
0.7991280555725098,-57158.0
0.8001279830932617,-56357.0
0.8011288642883301,-56151.0
0.8021283149719238,-55252.0
0.8041279315948486,-55174.0
0.806128740310669,-55060.0
0.8081285953521729,-54990.0
0.8081285953521729,-54891.0
0.8141279220581055,-54863.0
0.8181276321411133,-54542.0
0.8211278915405273,-54497.0
0.8231277465820312,-53637.0
0.8231277465820312,-53268.0
0.8281280994415283,-52931.0
0.8321266174316406,-52892.0
0.8331265449523926,-52724.0
0.8401267528533936,-52720.0
0.8411264419555664,-52030.0
0.8411264419555664,-51950.0
0.8421263694763184,-51405.0
0.849125862121582,-50736.0
0.8541264533996582,-50253.0
0.8561263084411621,-49675.0
0.860126256942749,-49594.0
0.860126256942749,-49138.0
0.8651299476623535,-48909.0
0.8661298751831055,-48705.0
0.8741300106048584,-48517.0
0.8751304149627686,-48222.0
0.8786392211914062,-48201.0
0.8806390762329102,-48067.0
0.8806390762329102,-47826.0
0.882638692855835,-47642.0
0.884638786315918,-47065.0
0.8866386413574219,-47055.0
0.888638973236084,-46765.0
0.890639066696167,-46763.0
0.8916387557983398,-46692.0
0.8946387767791748,-46227.0
0.8976390361785889,-46160.0
0.8976390361785889,-45853.0
0.8996388912200928,-45386.0
0.8996388912200928,-45334.0
0.8996388912200928,-44887.0
0.9026389122009277,-44639.0
0.906639575958252,-44232.0
0.906639575958252,-44093.0
0.9086389541625977,-44029.0
0.9146389961242676,-43910.0
0.9166390895843506,-43865.0
0.9176390171051025,-43799.0
0.9246389865875244,-43739.0
0.9306395053863525,-43699.0
0.9351475238800049,-43589.0
0.9401490688323975,-43483.0
0.9461488723754883,-43437.0
0.9491488933563232,-42887.0
0.9491488933563232,-42735.0
0.9521491527557373,-42139.0
0.9741671085357666,-42085.0
0.9751529693603516,-41826.0
0.9751529693603516,-41477.0
0.9761643409729004,-41081.0
0.9836747646331787,-40906.0
0.9916746616363525,-40616.0
0.9936745166778564,-40510.0
0.9936745166778564,-40217.0
0.9986743927001953,-40146.0
0.9996745586395264,-40103.0
0.9996745586395264,-40061.0
1.0106744766235352,-39971.0
1.018674612045288,-39752.0
1.019674301147461,-39659.0
1.023674488067627,-39592.0
1.0276744365692139,-39588.0
1.0296745300292969,-39434.0
1.030674934387207,-39305.0
1.033674716949463,-38858.0
1.036674976348877,-38757.0
1.0466744899749756,-38683.0
1.0466744899749756,-38363.0
1.0536746978759766,-38304.0
1.0616745948791504,-38301.0
1.063678503036499,-38190.0
1.0686795711517334,-37756.0
1.073678731918335,-37622.0
1.0771827697753906,-37612.0
1.0801873207092285,-37274.0
1.0901870727539062,-37220.0
1.091186761856079,-37205.0
1.0961871147155762,-36664.0
1.101186752319336,-36574.0
1.105186939239502,-36340.0
1.1091868877410889,-36262.0
1.1091868877410889,-36088.0
1.110187292098999,-35981.0
1.1161866188049316,-35931.0
1.1201865673065186,-35540.0
1.1231868267059326,-35523.0
1.1261866092681885,-35180.0
1.1321866512298584,-35157.0
1.1321866512298584,-35147.0
1.1341865062713623,-35137.0
1.1351864337921143,-34503.0
1.1401865482330322,-34477.0
1.1461880207061768,-34399.0
1.1501867771148682,-34187.0
1.1541869640350342,-34158.0
1.156186819076538,-34093.0
1.156186819076538,-33849.0
1.160186767578125,-33452.0
1.160186767578125,-33156.0
1.162186861038208,-33062.0
1.1631906032562256,-32821.0
1.1671905517578125,-32633.0
1.1711926460266113,-32214.0
1.1751923561096191,-31908.0
1.1827054023742676,-31905.0
1.1827054023742676,-31903.0
1.1867051124572754,-31776.0
1.2037038803100586,-31427.0
1.2047038078308105,-30786.0
1.2247035503387451,-30698.0
1.229703426361084,-30594.0
1.232703447341919,-30495.0
1.233703374862671,-30210.0
1.234703540802002,-30032.0
1.235703706741333,-29760.0
1.238703727722168,-29610.0
1.24070405960083,-29532.0
1.2447035312652588,-29339.0
1.2467036247253418,-29316.0
1.2487034797668457,-29085.0
1.2567050457000732,-28749.0
1.2587053775787354,-28266.0
1.2617051601409912,-28255.0
1.2677109241485596,-28052.0
1.2727110385894775,-27551.0
1.2832229137420654,-27428.0
1.2852215766906738,-27390.0
1.2972211837768555,-27369.0
1.3032209873199463,-27278.0
1.3142211437225342,-26871.0
1.3302226066589355,-26830.0
1.3322227001190186,-26820.0
1.3562228679656982,-26732.0
1.3572227954864502,-26708.0
1.3612229824066162,-26491.0
1.3682281970977783,-26282.0
1.3682281970977783,-25918.0
1.370227575302124,-25895.0
1.3752267360687256,-25634.0
1.3857471942901611,-25466.0
1.3917360305786133,-25286.0
1.3947362899780273,-25068.0
1.3957364559173584,-24915.0
1.4047365188598633,-24775.0
1.407735824584961,-24615.0
1.4157359600067139,-24590.0
1.416736125946045,-24473.0
1.4297358989715576,-24342.0
1.4367361068725586,-24195.0
1.4377362728118896,-24169.0
1.4457356929779053,-24127.0
1.4477360248565674,-24073.0
1.4497358798980713,-24071.0
1.4567358493804932,-23864.0
1.4607360363006592,-23844.0
1.4697396755218506,-23724.0
1.4832477569580078,-23663.0
1.5042479038238525,-23307.0
1.5062475204467773,-23120.0
1.5062475204467773,-22943.0
1.5142474174499512,-22655.0
1.5212476253509521,-22487.0
1.5212476253509521,-22368.0
1.529247522354126,-22269.0
1.529247522354126,-22167.0
1.5452475547790527,-21818.0
1.5562472343444824,-21641.0
1.5612475872039795,-21460.0
1.5662508010864258,-21410.0
1.5692508220672607,-21328.0
1.5827600955963135,-20512.0
1.5887598991394043,-20207.0
1.6117606163024902,-20187.0
1.6177594661712646,-19613.0
1.6257615089416504,-19402.0
1.6267616748809814,-19362.0
1.6297616958618164,-19287.0
1.6487596035003662,-18950.0
1.6727781295776367,-18894.0
1.6862876415252686,-18860.0
1.6882877349853516,-18828.0
1.6892874240875244,-18815.0
1.7012872695922852,-18686.0
1.7342886924743652,-18642.0
1.7432873249053955,-18633.0
1.7522876262664795,-18624.0
1.768291711807251,-18578.0
1.7693045139312744,-18352.0
1.7838013172149658,-18324.0
1.7848014831542969,-18246.0
1.790801763534546,-18145.0
1.7948014736175537,-18077.0
1.7958011627197266,-18012.0
1.7968013286590576,-18001.0
1.7988011837005615,-17956.0
1.8028013706207275,-17579.0
1.8108015060424805,-17522.0
1.8128013610839844,-17487.0
1.8138012886047363,-17484.0
1.8238017559051514,-17157.0
1.8238017559051514,-17151.0
1.83380126953125,-16927.0
1.837801456451416,-16763.0
1.838801383972168,-16757.0
1.8408010005950928,-16602.0
1.8538014888763428,-16464.0
1.8588013648986816,-16321.0
1.8628053665161133,-16021.0
1.866805076599121,-15923.0
1.8728053569793701,-15688.0
1.8738062381744385,-15670.0
1.8748061656951904,-15355.0
1.8773093223571777,-15284.0
1.8853132724761963,-15174.0
1.8903141021728516,-14900.0
1.8923134803771973,-14712.0
1.9203152656555176,-14574.0
1.9243152141571045,-14441.0
1.960313081741333,-14364.0
1.967318058013916,-14182.0
2.0028278827667236,-14136.0
2.0158274173736572,-14134.0
2.0338382720947266,-13801.0
2.0598275661468506,-13648.0
2.0953400135040283,-13531.0
2.1033401489257812,-13470.0
2.1053402423858643,-13347.0
2.120339870452881,-13148.0
2.125339984893799,-13089.0
2.1383402347564697,-12712.0
2.144341468811035,-12641.0
2.146341562271118,-12531.0
2.1473419666290283,-12402.0
2.1723477840423584,-12328.0
2.175347328186035,-12207.0
2.1858599185943604,-12142.0
2.19685959815979,-12076.0
2.197859525680542,-11911.0
2.2098581790924072,-11845.0
2.226858139038086,-11807.0
2.268862009048462,-11722.0
2.3003740310668945,-11715.0
2.324373960494995,-11476.0
2.3703808784484863,-11390.0
2.3978939056396484,-11312.0
2.3998937606811523,-11272.0
2.4438931941986084,-11256.0
2.4469027519226074,-11236.0
2.4864044189453125,-11170.0
2.5054049491882324,-11000.0
2.5584044456481934,-10995.0
2.57891845703125,-10732.0
2.5899178981781006,-10437.0
2.6039180755615234,-10424.0
2.6049184799194336,-10363.0
2.6129181385040283,-10190.0
2.6249184608459473,-10033.0
2.6329290866851807,-9966.0
2.636918067932129,-9914.0
2.6509180068969727,20428.0
2.6569180488586426,20677.0
2.7734336853027344,20686.0
2.8649840354919434,20710.0
2.9304826259613037,20716.0
3.2730307579040527,20717.0
3.34255051612854,20719.0
