0.0,-57403.0
0.0,-56018.0
0.0010001659393310547,-54180.0
0.0010001659393310547,-52393.0
0.0010001659393310547,-52380.0
0.0010001659393310547,-52210.0
0.0010001659393310547,-51828.0
0.0010001659393310547,-51499.0
0.0010001659393310547,-50935.0
0.0010001659393310547,-50520.0
0.0010001659393310547,-50500.0
0.0010001659393310547,-50442.0
0.0010001659393310547,-48799.0
0.0010001659393310547,-47671.0
0.0010001659393310547,-46267.0
0.0010001659393310547,-45865.0
0.0010001659393310547,-44538.0
0.0010001659393310547,-44018.0
0.0010001659393310547,-42681.0
0.0010001659393310547,-42493.0
0.0010001659393310547,-40817.0
0.0010001659393310547,-39531.0
0.0010001659393310547,-38294.0
0.0010001659393310547,-37707.0
0.0010001659393310547,-37399.0
0.0010001659393310547,-36462.0
0.0010001659393310547,-36388.0
0.0020008087158203125,-35746.0
0.0020008087158203125,-35204.0
0.0020008087158203125,-34802.0
0.0020008087158203125,-33960.0
0.0020008087158203125,-33879.0
0.0020008087158203125,-32719.0
0.0020008087158203125,-31806.0
0.0020008087158203125,-31721.0
0.0020008087158203125,-31462.0
0.0020008087158203125,-30296.0
0.0020008087158203125,-30148.0
0.0020008087158203125,-29157.0
0.0020008087158203125,-28561.0
0.0020008087158203125,-28508.0
0.0020008087158203125,-28074.0
0.0020008087158203125,-27236.0
0.0020008087158203125,-27048.0
0.0020008087158203125,-26761.0
0.0020008087158203125,-26746.0
0.0020008087158203125,-26391.0
0.003000020980834961,-25507.0
0.003000020980834961,-25357.0
0.003000020980834961,-24489.0
0.003000020980834961,-24300.0
0.003000020980834961,-23091.0
0.003000020980834961,-22867.0
0.003000020980834961,-22235.0
0.003000020980834961,-21797.0
0.003000020980834961,-21773.0
0.003000020980834961,-20774.0
0.003000020980834961,-20631.0
0.003000020980834961,-20482.0
0.003000020980834961,-19416.0
0.003000020980834961,-19388.0
0.003999471664428711,-19235.0
0.003999471664428711,-19080.0
0.003999471664428711,-18610.0
0.003999471664428711,-18252.0
0.003999471664428711,-18241.0
0.003999471664428711,-18007.0
0.003999471664428711,-17928.0
0.003999471664428711,-17837.0
0.003999471664428711,-16914.0
0.003999471664428711,-16627.0
0.003999471664428711,-16202.0
0.005000114440917969,-15968.0
0.005000114440917969,-15963.0
0.005000114440917969,-15045.0
0.005000114440917969,-14973.0
0.005000114440917969,-14853.0
0.005000114440917969,-14662.0
0.005000114440917969,-14336.0
0.005000114440917969,-14141.0
0.005000114440917969,-14113.0
0.005999565124511719,-13713.0
0.005999565124511719,-13312.0
0.005999565124511719,-13033.0
0.005999565124511719,-13014.0
0.005999565124511719,-12831.0
0.005999565124511719,-12043.0
0.0069997310638427734,-11831.0
0.0069997310638427734,-10635.0
0.0069997310638427734,-10541.0
0.0069997310638427734,-10520.0
0.0069997310638427734,-10339.0
0.0069997310638427734,-9869.0
0.0069997310638427734,-9435.0
0.0069997310638427734,-9368.0
0.0069997310638427734,-8331.0
0.00800013542175293,-7890.0
0.00800013542175293,-7065.0
0.00800013542175293,-6628.0
0.00800013542175293,-6610.0
0.00899958610534668,-6404.0
0.00899958610534668,-5857.0
0.00899958610534668,-5736.0
0.00899958610534668,-5717.0
0.009999752044677734,-5708.0
0.010999679565429688,-5700.0
0.010999679565429688,-5187.0
0.010999679565429688,-4959.0
0.01199960708618164,-4669.0
0.01199960708618164,-4335.0
0.012999773025512695,-4203.0
0.012999773025512695,-4135.0
0.012999773025512695,-4008.0
0.012999773025512695,-3878.0
0.013999700546264648,-3446.0
0.013999700546264648,-3239.0
0.013999700546264648,-3001.0
0.014999628067016602,-2439.0
0.015999794006347656,-2173.0
0.01799941062927246,-2049.0
0.018999814987182617,-2027.0
0.01999974250793457,-1750.0
0.021999597549438477,-1633.0
0.02299952507019043,-1320.0
0.02299952507019043,-1017.0
0.024999380111694336,1113.0
0.024999380111694336,1430.0
0.12852263450622559,1431.0
0.17002415657043457,1434.0
0.2815358638763428,1450.0
0.5560717582702637,1465.0
