0.0,-25029.0
0.0,-24486.0
0.0,-23969.0
0.0,-23066.0
0.0,-22335.0
0.0,-21984.0
0.0,-21583.0
0.0,-20864.0
0.0,-20016.0
0.0,-19025.0
0.0,-18683.0
0.0,-18423.0
0.0,-18011.0
0.0,-16775.0
0.0010001659393310547,-15621.0
0.0010001659393310547,-15074.0
0.0010001659393310547,-14779.0
0.0010001659393310547,-13627.0
0.0010001659393310547,-13525.0
0.0010001659393310547,-13115.0
0.0010001659393310547,-13031.0
0.0010001659393310547,-12594.0
0.0010001659393310547,-12155.0
0.0010001659393310547,-11654.0
0.0010001659393310547,-10724.0
0.0010001659393310547,-10205.0
0.0010001659393310547,-9609.0
0.0010001659393310547,-9437.0
0.0010001659393310547,-9173.0
0.0010001659393310547,-8707.0
0.0010001659393310547,-8491.0
0.0010001659393310547,-8404.0
0.0010001659393310547,-8056.0
0.0010001659393310547,-7936.0
0.0010001659393310547,-7603.0
0.0010001659393310547,-7586.0
0.0010001659393310547,-6747.0
0.0010001659393310547,-5538.0
0.0020003318786621094,-5335.0
0.0020003318786621094,-4941.0
0.0020003318786621094,-4119.0
0.0020003318786621094,-4093.0
0.0020003318786621094,-3964.0
0.0020003318786621094,-3831.0
0.0020003318786621094,-3164.0
0.0020003318786621094,-2247.0
0.0020003318786621094,-2044.0
0.0020003318786621094,-1799.0
0.0020003318786621094,-1544.0
0.003001689910888672,-1366.0
0.003001689910888672,-1277.0
0.003001689910888672,-1226.0
0.003001689910888672,-1105.0
0.004999876022338867,-1071.0
0.004999876022338867,994.0
0.004999876022338867,999.0
0.004999876022338867,1092.0
0.00599980354309082,1145.0
0.00599980354309082,1226.0
0.018999814987182617,1257.0
0.031999826431274414,1327.0
0.03699970245361328,1371.0
0.03800010681152344,1402.0
0.0500032901763916,1459.0
0.062003135681152344,1467.0
