0.0,-25029.0
0.0,-24486.0
0.0,-23969.0
0.0,-23066.0
0.0,-22335.0
0.0,-21984.0
0.0,-21583.0
0.0,-20864.0
0.0,-20016.0
0.0,-19025.0
0.0,-18683.0
0.0,-18423.0
0.0,-18011.0
0.0,-16775.0
0.0,-15621.0
0.0,-15074.0
0.0,-14779.0
0.0,-13627.0
0.0,-13525.0
0.0,-13115.0
0.0,-13031.0
0.0,-12594.0
0.0009999275207519531,-12155.0
0.0009999275207519531,-11654.0
0.0009999275207519531,-10724.0
0.0009999275207519531,-10205.0
0.0009999275207519531,-9609.0
0.0009999275207519531,-9437.0
0.0009999275207519531,-9173.0
0.0009999275207519531,-8707.0
0.0009999275207519531,-8491.0
0.0009999275207519531,-8404.0
0.0009999275207519531,-8056.0
0.0009999275207519531,-7936.0
0.0009999275207519531,-7603.0
0.0009999275207519531,-7586.0
0.0009999275207519531,-6747.0
0.0009999275207519531,-5538.0
0.0009999275207519531,-5335.0
0.0009999275207519531,-4941.0
0.0009999275207519531,-4119.0
0.001999378204345703,-4093.0
0.001999378204345703,-3964.0
0.001999378204345703,-3831.0
0.001999378204345703,-3164.0
0.001999378204345703,-2247.0
0.001999378204345703,-2044.0
0.001999378204345703,-1799.0
0.001999378204345703,-1544.0
0.001999378204345703,-1366.0
0.002999544143676758,-1277.0
0.002999544143676758,-1226.0
0.002999544143676758,-1105.0
0.003999233245849609,-1071.0
0.003999233245849609,3955.0
0.004999399185180664,4407.0
0.004999399185180664,4620.0
0.004999399185180664,5314.0
0.004999399185180664,5464.0
0.004999399185180664,5572.0
0.004999399185180664,6100.0
0.004999399185180664,6289.0
0.005999326705932617,6483.0
0.005999326705932617,6724.0
0.009003162384033203,6798.0
0.011003255844116211,7058.0
0.01600360870361328,7076.0
0.01800370216369629,7361.0
0.029512882232666016,7558.0
0.06551289558410645,7584.0
