0.001008749008178711,-510688.0
0.001514434814453125,-510609.0
0.001514434814453125,-509506.0
0.0025260448455810547,-508478.0
0.0025260448455810547,-507420.0
0.0025260448455810547,-507242.0
0.0025260448455810547,-506750.0
0.0025260448455810547,-506059.0
0.0035257339477539062,-505196.0
0.0035257339477539062,-504903.0
0.0035257339477539062,-504318.0
0.0035257339477539062,-504202.0
0.004526376724243164,-503193.0
0.005525827407836914,-502699.0
0.005525827407836914,-502686.0
0.005525827407836914,-502048.0
0.006525754928588867,-501474.0
0.006525754928588867,-500435.0
0.006525754928588867,-499724.0
0.006525754928588867,-499304.0
0.00752568244934082,-498032.0
0.00752568244934082,-496772.0
0.00752568244934082,-496623.0
0.00752568244934082,-496218.0
0.008517980575561523,-495391.0
0.008517980575561523,-494694.0
0.008517980575561523,-494573.0
0.010526418685913086,-492851.0
0.010526418685913086,-492313.0
0.010526418685913086,-491739.0
0.010526418685913086,-491441.0
0.011525630950927734,-491305.0
0.011525630950927734,-490654.0
0.012524843215942383,-490649.0
0.012524843215942383,-490601.0
0.012524843215942383,-488804.0
0.012524843215942383,-487843.0
0.012524843215942383,-487368.0
0.013528108596801758,-486276.0
0.013528108596801758,-485130.0
0.015526056289672852,-484895.0
0.015526056289672852,-484305.0
0.015526056289672852,-484005.0
0.015526056289672852,-483435.0
0.015526056289672852,-482930.0
0.01651763916015625,-481405.0
0.01651763916015625,-480150.0
0.01651763916015625,-479577.0
0.0175168514251709,-478155.0
0.0175168514251709,-478036.0
0.018517017364501953,-477719.0
0.018517017364501953,-476638.0
0.018517017364501953,-476339.0
0.019516944885253906,-476327.0
0.019516944885253906,-475651.0
0.019516944885253906,-473942.0
0.019516944885253906,-473487.0
0.02051687240600586,-473449.0
0.021516799926757812,-472350.0
0.021516799926757812,-470569.0
0.021516799926757812,-470119.0
0.022516965866088867,-469776.0
0.022516965866088867,-469376.0
0.022516965866088867,-468782.0
0.02351689338684082,-468449.0
0.02351689338684082,-467796.0
0.02351689338684082,-466575.0
0.024517297744750977,-466209.0
0.024517297744750977,-465983.0
0.024517297744750977,-464273.0
0.024517297744750977,-463337.0
0.025516986846923828,-462639.0
0.02651691436767578,-461870.0
0.02651691436767578,-461336.0
0.02651691436767578,-460736.0
0.02651691436767578,-460395.0
0.027516841888427734,-459220.0
0.027516841888427734,-457998.0
0.027516841888427734,-457387.0
0.028516769409179688,-456427.0
0.028516769409179688,-454853.0
0.028516769409179688,-454261.0
0.028516769409179688,-454073.0
0.029516935348510742,-452834.0
0.029516935348510742,-452322.0
0.029516935348510742,-451387.0
0.029516935348510742,-451192.0
0.030516862869262695,-450436.0
0.030516862869262695,-449784.0
0.030516862869262695,-449262.0
0.03151702880859375,-448496.0
0.03151702880859375,-447757.0
0.03151702880859375,-446982.0
0.03151702880859375,-446476.0
0.0325169563293457,-446162.0
0.0325169563293457,-445962.0
0.033516883850097656,-445456.0
0.033516883850097656,-445119.0
0.033516883850097656,-444217.0
0.033516883850097656,-444205.0
0.03451681137084961,-442351.0
0.03451681137084961,-441538.0
0.035516977310180664,-440495.0
0.035516977310180664,-439732.0
0.03651714324951172,-438653.0
0.03751683235168457,-437191.0
0.03851675987243652,-436362.0
0.03851675987243652,-436253.0
0.03851675987243652,-435708.0
0.03851675987243652,-434976.0
0.03951692581176758,-434329.0
0.03951692581176758,-432801.0
0.04051780700683594,-431740.0
0.04051780700683594,-430493.0
0.04051780700683594,-430115.0
0.04051780700683594,-429277.0
0.04051780700683594,-429008.0
0.04251670837402344,-427977.0
0.04351663589477539,-427963.0
0.04351663589477539,-427633.0
0.04351663589477539,-426899.0
0.044516801834106445,-426793.0
0.044516801834106445,-425511.0
0.044516801834106445,-425202.0
0.0455167293548584,-424998.0
0.0455167293548584,-423739.0
0.04651665687561035,-423103.0
0.04651665687561035,-422930.0
0.04651665687561035,-421159.0
0.047516584396362305,-420702.0
0.047516584396362305,-420063.0
0.047516584396362305,-419990.0
0.047516584396362305,-419037.0
0.04851698875427246,-418841.0
0.04851698875427246,-418377.0
0.04851698875427246,-417340.0
0.049516916275024414,-416041.0
0.049516916275024414,-415771.0
0.05051708221435547,-415079.0
0.05051708221435547,-415065.0
0.05051708221435547,-414893.0
0.05051708221435547,-414162.0
0.05151700973510742,-413244.0
0.05151700973510742,-412744.0
0.05151700973510742,-412275.0
0.052516937255859375,-411834.0
0.052516937255859375,-411422.0
0.052516937255859375,-410986.0
0.052516937255859375,-410599.0
0.05351686477661133,-410478.0
0.05351686477661133,-409942.0
0.05451679229736328,-409560.0
0.05451679229736328,-409245.0
0.055516958236694336,-409203.0
0.0565187931060791,-408081.0
0.0565187931060791,-406940.0
0.05762004852294922,-406134.0
0.0585174560546875,-404626.0
0.0585174560546875,-403975.0
0.0585174560546875,-403873.0
0.05952620506286621,-403373.0
0.05952620506286621,-402622.0
0.060526371002197266,-402027.0
0.060526371002197266,-401733.0
0.060526371002197266,-400722.0
0.060526371002197266,-399979.0
0.060526371002197266,-399936.0
0.060526371002197266,-399799.0
0.06151723861694336,-398295.0
0.06151723861694336,-397867.0
0.06151723861694336,-396648.0
0.06252598762512207,-396303.0
0.06252598762512207,-396259.0
0.06351757049560547,-395393.0
0.06351757049560547,-394325.0
0.06351757049560547,-394298.0
0.06451654434204102,-394125.0
0.06451654434204102,-392742.0
0.06551671028137207,-392612.0
0.06551671028137207,-391576.0
0.06551671028137207,-391223.0
0.06551671028137207,-391164.0
0.06651663780212402,-390641.0
0.06751680374145508,-390304.0
0.06751680374145508,-390079.0
0.06851696968078613,-389815.0
0.06851696968078613,-389428.0
0.06851696968078613,-389332.0
0.06851696968078613,-388459.0
0.06951689720153809,-388429.0
0.06951689720153809,-387068.0
0.07051706314086914,-386231.0
0.0715169906616211,-386067.0
0.0715169906616211,-385647.0
0.07251834869384766,-384812.0
0.07251834869384766,-384340.0
0.07251834869384766,-384267.0
0.07251834869384766,-383756.0
0.0735175609588623,-383461.0
0.0735175609588623,-383147.0
0.0735175609588623,-382544.0
0.07451748847961426,-382007.0
0.07551741600036621,-380534.0
0.07551741600036621,-380441.0
0.07551741600036621,-380121.0
0.07551741600036621,-379909.0
0.07651758193969727,-379763.0
0.07651758193969727,-378965.0
0.07751750946044922,-378335.0
0.07751750946044922,-378315.0
0.07751750946044922,-378114.0
0.07851743698120117,-377718.0
0.07851743698120117,-377140.0
0.07951736450195312,-376682.0
0.07951736450195312,-376351.0
0.07951736450195312,-375452.0
0.07951736450195312,-374234.0
0.08051776885986328,-374033.0
0.08051776885986328,-373006.0
0.08051776885986328,-372153.0
0.08151769638061523,-371551.0
0.08151769638061523,-371547.0
0.08251762390136719,-370298.0
0.08251762390136719,-368851.0
0.08251762390136719,-368792.0
0.08351755142211914,-368534.0
0.08351755142211914,-367583.0
0.0845177173614502,-367070.0
0.0845177173614502,-366672.0
0.0845177173614502,-366016.0
0.08551788330078125,-365734.0
0.08551788330078125,-365295.0
0.08652091026306152,-364350.0
0.08652091026306152,-364309.0
0.08652091026306152,-362688.0
0.08652091026306152,-361899.0
0.08752059936523438,-360021.0
0.08752059936523438,-359506.0
0.08752059936523438,-359032.0
0.08852124214172363,-358056.0
0.08952093124389648,-356960.0
0.08952093124389648,-356262.0
0.09052085876464844,-355449.0
0.09052085876464844,-355352.0
0.09052085876464844,-355172.0
0.09152102470397949,-353995.0
0.09252071380615234,-353623.0
0.0935206413269043,-353458.0
0.0935206413269043,-352939.0
0.0935206413269043,-351705.0
0.09452080726623535,-350210.0
0.09452080726623535,-349962.0
0.09652090072631836,-349771.0
0.09652090072631836,-349319.0
0.09752082824707031,-348722.0
0.09752082824707031,-348231.0
0.09752082824707031,-347166.0
0.09852075576782227,-346993.0
0.09852075576782227,-345752.0
0.09852075576782227,-344969.0
0.09952068328857422,-344594.0
0.09952068328857422,-343463.0
0.09952068328857422,-342215.0
0.10102438926696777,-341037.0
0.10202765464782715,-340951.0
0.10202765464782715,-340363.0
0.10202765464782715,-340021.0
0.10202765464782715,-339278.0
0.10402798652648926,-338471.0
0.10402798652648926,-338422.0
0.10402798652648926,-338378.0
0.10502791404724121,-337735.0
0.10602807998657227,-337200.0
0.10602807998657227,-336936.0
0.10702824592590332,-336874.0
0.10702824592590332,-336842.0
0.10802769660949707,-336709.0
0.10902738571166992,-336468.0
0.11002755165100098,-335978.0
0.11002755165100098,-334384.0
0.11102771759033203,-334111.0
0.11102771759033203,-334078.0
0.11102771759033203,-333594.0
0.11202740669250488,-333455.0
0.11202740669250488,-332072.0
0.11202740669250488,-331150.0
0.11302733421325684,-330969.0
0.11302733421325684,-330276.0
0.11402726173400879,-329291.0
0.11402726173400879,-328735.0
0.11502718925476074,-328560.0
0.11502718925476074,-328239.0
0.11502718925476074,-327940.0
0.11602783203125,-327452.0
0.11602783203125,-327140.0
0.11602783203125,-326780.0
0.11702752113342285,-326636.0
0.11702752113342285,-326074.0
0.1180274486541748,-325488.0
0.11902737617492676,-325165.0
0.11902737617492676,-324749.0
0.11902737617492676,-324624.0
0.12002778053283691,-323327.0
0.12102675437927246,-323039.0
0.12202644348144531,-321936.0
0.12202644348144531,-321415.0
0.12302637100219727,-320365.0
0.12402629852294922,-319542.0
0.12502646446228027,-318351.0
0.12502646446228027,-318193.0
0.12602663040161133,-317195.0
0.12602663040161133,-316894.0
0.12602663040161133,-316052.0
0.12702655792236328,-315476.0
0.12802648544311523,-315153.0
0.12802648544311523,-314802.0
0.1290266513824463,-313778.0
0.1290266513824463,-313121.0
0.13002657890319824,-312074.0
0.13002657890319824,-310718.0
0.1310267448425293,-310241.0
0.1310267448425293,-309871.0
0.1310267448425293,-309018.0
0.13202667236328125,-308875.0
0.13202667236328125,-308025.0
0.1330265998840332,-306677.0
0.1330265998840332,-305277.0
0.1330265998840332,-304495.0
0.1330265998840332,-303655.0
0.13402652740478516,-303482.0
0.13402652740478516,-302822.0
0.13402652740478516,-302754.0
0.13602685928344727,-302222.0
0.13602685928344727,-302040.0
0.13602685928344727,-301678.0
0.13602685928344727,-301421.0
0.13702654838562012,-301058.0
0.13702654838562012,-300597.0
0.13802647590637207,-298963.0
0.13802647590637207,-298299.0
0.14002656936645508,-297876.0
0.14002656936645508,-297453.0
0.14102625846862793,-297280.0
0.14102625846862793,-296713.0
0.14102625846862793,-295525.0
0.14202642440795898,-294858.0
0.14302635192871094,-294199.0
0.1440267562866211,-293725.0
0.1440267562866211,-293610.0
0.1440267562866211,-292798.0
0.14502668380737305,-291577.0
0.146026611328125,-291558.0
0.14702773094177246,-291238.0
0.14702773094177246,-290483.0
0.14702773094177246,-290453.0
0.1480274200439453,-289603.0
0.15002727508544922,-288655.0
0.15002727508544922,-288464.0
0.15002727508544922,-287194.0
0.15102744102478027,-286266.0
0.15202784538269043,-286170.0
0.15302729606628418,-286080.0
0.15302729606628418,-285818.0
0.15402722358703613,-285282.0
0.15402722358703613,-284150.0
0.15502715110778809,-283933.0
0.15502715110778809,-283371.0
0.15502715110778809,-282141.0
0.15602731704711914,-281795.0
0.15602731704711914,-281627.0
0.1570277214050293,-280823.0
0.1570277214050293,-280704.0
0.1570277214050293,-280368.0
0.15802717208862305,-278701.0
0.15802717208862305,-278170.0
0.1590273380279541,-277328.0
0.16002726554870605,-276477.0
0.1610274314880371,-276221.0
0.1610274314880371,-276152.0
0.16202735900878906,-275840.0
0.16202735900878906,-275629.0
0.16402721405029297,-275595.0
0.16402721405029297,-275207.0
0.16402721405029297,-274457.0
0.16602730751037598,-274361.0
0.16802740097045898,-274263.0
0.16802740097045898,-273921.0
0.16802740097045898,-273401.0
0.16902732849121094,-273267.0
0.16902732849121094,-273195.0
0.16902732849121094,-271942.0
0.16902732849121094,-271687.0
0.17102718353271484,-271131.0
0.17102718353271484,-270684.0
0.1720273494720459,-270010.0
0.1720273494720459,-269591.0
0.1720273494720459,-269112.0
0.1720273494720459,-268437.0
0.17302727699279785,-267360.0
0.17302727699279785,-266582.0
0.1740272045135498,-266447.0
0.1740272045135498,-265731.0
0.17502713203430176,-265288.0
0.17502713203430176,-265095.0
0.1760272979736328,-264940.0
0.17702746391296387,-263914.0
0.17702746391296387,-263699.0
0.17702746391296387,-263011.0
0.17802739143371582,-262986.0
0.17802739143371582,-262781.0
0.17902731895446777,-261845.0
0.18002748489379883,-261299.0
0.18002748489379883,-260938.0
0.18102741241455078,-260820.0
0.18102741241455078,-260771.0
0.18102741241455078,-260658.0
0.18202733993530273,-260539.0
0.18202733993530273,-259743.0
0.1830272674560547,-259695.0
0.1830272674560547,-259201.0
0.1830272674560547,-258971.0
0.18402767181396484,-258859.0
0.18602728843688965,-258697.0
0.18602728843688965,-258319.0
0.18703031539916992,-257912.0
0.18803024291992188,-257401.0
0.18803024291992188,-257176.0
0.19003033638000488,-257157.0
0.19003033638000488,-256642.0
0.19103026390075684,-256605.0
0.1920301914215088,-256470.0
0.1920301914215088,-256158.0
0.19303011894226074,-255927.0
0.19303011894226074,-255641.0
0.19303011894226074,-255018.0
0.19303011894226074,-255003.0
0.1940300464630127,-254407.0
0.19503021240234375,-254329.0
0.19703006744384766,-254227.0
0.19703006744384766,-253559.0
0.19703006744384766,-252457.0
0.19703006744384766,-251947.0
0.19703006744384766,-251494.0
0.1980299949645996,-251369.0
0.1980299949645996,-250504.0
0.19903039932250977,-250265.0
0.19903039932250977,-249449.0
0.20103049278259277,-249033.0
0.20103049278259277,-248816.0
0.20153355598449707,-248022.0
0.20153355598449707,-247714.0
0.20253682136535645,-247236.0
0.20253682136535645,-246902.0
0.20253682136535645,-245442.0
0.2035367488861084,-245013.0
0.2035367488861084,-244940.0
0.20453667640686035,-244865.0
0.20453667640686035,-244792.0
0.20453667640686035,-244382.0
0.20653653144836426,-244339.0
0.20653653144836426,-244027.0
0.2075366973876953,-243386.0
0.20853638648986816,-243001.0
0.20853638648986816,-242691.0
0.20953655242919922,-242564.0
0.20953655242919922,-242440.0
0.21053624153137207,-242159.0
0.21153640747070312,-242076.0
0.21153640747070312,-241943.0
0.21253633499145508,-241673.0
0.21253633499145508,-241085.0
0.21353650093078613,-240599.0
0.21353650093078613,-240227.0
0.21353650093078613,-239709.0
0.21353650093078613,-239093.0
0.21453642845153809,-238354.0
0.21553659439086914,-238353.0
0.21553659439086914,-237795.0
0.2165365219116211,-237433.0
0.2165365219116211,-236790.0
0.2165365219116211,-236504.0
0.21753644943237305,-236076.0
0.2185366153717041,-234947.0
0.21953654289245605,-233452.0
0.22153663635253906,-233273.0
0.22253680229187012,-232505.0
0.22253680229187012,-231359.0
0.22353672981262207,-230455.0
0.22453665733337402,-230413.0
0.22553658485412598,-229638.0
0.22553658485412598,-229454.0
0.22653651237487793,-229453.0
0.22653651237487793,-228052.0
0.22753643989562988,-227415.0
0.22753643989562988,-226376.0
0.22753643989562988,-226243.0
0.22853636741638184,-226152.0
0.22853636741638184,-225670.0
0.2295365333557129,-225387.0
0.2295365333557129,-225359.0
0.23053622245788574,-225012.0
0.23053622245788574,-224275.0
0.231536865234375,-223651.0
0.23253655433654785,-223599.0
0.23253655433654785,-223538.0
0.2335364818572998,-223108.0
0.2335364818572998,-222870.0
0.2335364818572998,-222650.0
0.23453640937805176,-222592.0
0.23553681373596191,-221991.0
0.23653650283813477,-221661.0
0.23853611946105957,-221613.0
0.24053645133972168,-221312.0
0.2445363998413086,-220907.0
0.24553656578063965,-220210.0
0.24553656578063965,-219034.0
0.2465364933013916,-218569.0
0.24753689765930176,-218417.0
0.24753689765930176,-217252.0
0.2485363483428955,-216561.0
0.2485363483428955,-216446.0
0.25153660774230957,-216436.0
0.2525362968444824,-215705.0
0.2535364627838135,-215690.0
0.2535364627838135,-214900.0
0.2535364627838135,-214140.0
0.25453615188598633,-214099.0
0.25453615188598633,-213763.0
0.25653624534606934,-213027.0
0.25653624534606934,-212963.0
0.2575361728668213,-211824.0
0.2575361728668213,-210845.0
0.2575361728668213,-210387.0
0.2575361728668213,-210283.0
0.25853610038757324,-210053.0
0.2595365047454834,-209599.0
0.2595365047454834,-209067.0
0.2595365047454834,-208096.0
0.26053643226623535,-206614.0
0.2615363597869873,-206095.0
0.26253652572631836,-205162.0
0.26253652572631836,-205072.0
0.26253652572631836,-204648.0
0.26253652572631836,-204586.0
0.2635366916656494,-204425.0
0.26653575897216797,-204023.0
0.2675356864929199,-203972.0
0.2705357074737549,-203622.0
0.27153587341308594,-203203.0
0.27153587341308594,-203071.0
0.27153587341308594,-203036.0
0.27153587341308594,-202969.0
0.2725355625152588,-201711.0
0.2725355625152588,-201234.0
0.27353549003601074,-200259.0
0.27353549003601074,-200191.0
0.27353549003601074,-200093.0
0.2745356559753418,-199981.0
0.2745356559753418,-198518.0
0.27553558349609375,-198512.0
0.2765357494354248,-198505.0
0.27753567695617676,-198115.0
0.2785356044769287,-197334.0
0.27953624725341797,-197038.0
0.27953624725341797,-196502.0
0.27953624725341797,-196199.0
0.2805359363555908,-195846.0
0.2815358638763428,-195609.0
0.2815358638763428,-195564.0
0.2825357913970947,-195253.0
0.28453564643859863,-194861.0
0.28453564643859863,-194179.0
0.28653812408447266,-193840.0
0.2875375747680664,-193626.0
0.28853750228881836,-193588.0
0.28853750228881836,-192908.0
0.2925376892089844,-192501.0
0.2925376892089844,-192465.0
0.2945380210876465,-192229.0
0.29553794860839844,-191955.0
0.2965378761291504,-191733.0
0.2965378761291504,-190724.0
0.29753780364990234,-190494.0
0.29753780364990234,-189626.0
0.2985377311706543,-189129.0
0.29953765869140625,-188163.0
0.29953765869140625,-186982.0
0.3010396957397461,-186693.0
0.30204224586486816,-186657.0
0.30204224586486816,-186162.0
0.3030416965484619,-184995.0
0.3030416965484619,-184028.0
0.3030416965484619,-183675.0
0.305042028427124,-182800.0
0.30704188346862793,-182764.0
0.30704188346862793,-182714.0
0.308042049407959,-182207.0
0.30904197692871094,-181170.0
0.3100423812866211,-181064.0
0.3100423812866211,-180893.0
0.31104207038879395,-180492.0
0.31104207038879395,-180028.0
0.3120419979095459,-179485.0
0.31304192543029785,-179319.0
0.3140420913696289,-178879.0
0.3160419464111328,-178483.0
0.31704187393188477,-177790.0
0.31704187393188477,-177292.0
0.31704187393188477,-177277.0
0.3180418014526367,-176603.0
0.3180418014526367,-176326.0
0.3180418014526367,-175771.0
0.31904172897338867,-175527.0
0.31904172897338867,-175362.0
0.32004237174987793,-175238.0
0.3210422992706299,-175233.0
0.32204198837280273,-175205.0
0.32404208183288574,-175061.0
0.32404208183288574,-174966.0
0.3250420093536377,-174234.0
0.32604312896728516,-173584.0
0.32604312896728516,-173530.0
0.32604312896728516,-172879.0
0.32604312896728516,-171917.0
0.3270421028137207,-171697.0
0.3270421028137207,-171461.0
0.3270421028137207,-171308.0
0.32804226875305176,-171183.0
0.32804226875305176,-171135.0
0.3290419578552246,-171106.0
0.33004212379455566,-171082.0
0.33204221725463867,-171035.0
0.3330419063568115,-170766.0
0.33904170989990234,-170365.0
0.34104204177856445,-170181.0
0.3420424461364746,-170000.0
0.3420424461364746,-169548.0
0.34304189682006836,-168853.0
0.34304189682006836,-168580.0
0.3440418243408203,-168459.0
0.3440418243408203,-168261.0
0.3460419178009033,-167569.0
0.3470418453216553,-167547.0
0.3470418453216553,-166564.0
0.3470418453216553,-166537.0
0.3480417728424072,-166076.0
0.3480417728424072,-164823.0
0.3490419387817383,-164589.0
0.3490419387817383,-163472.0
0.3490419387817383,-162870.0
0.35004186630249023,-162846.0
0.3510417938232422,-162741.0
0.35204172134399414,-162054.0
0.35204172134399414,-161975.0
0.35204172134399414,-161377.0
0.3530418872833252,-161336.0
0.3530418872833252,-161211.0
0.35404181480407715,-160933.0
0.35404181480407715,-160666.0
0.3550417423248291,-160045.0
0.3550417423248291,-159989.0
0.35604166984558105,-159372.0
0.3570418357849121,-159113.0
0.3570418357849121,-158665.0
0.3620419502258301,-158501.0
0.36304402351379395,-158383.0
0.36304402351379395,-158090.0
0.364041805267334,-158049.0
0.364041805267334,-156773.0
0.36504197120666504,-156555.0
0.36504197120666504,-156432.0
0.366041898727417,-155862.0
0.366041898727417,-155414.0
0.36704182624816895,-155193.0
0.3680417537689209,-154427.0
0.36904191970825195,-154390.0
0.36904191970825195,-153884.0
0.36904191970825195,-153866.0
0.3700418472290039,-153160.0
0.3700418472290039,-153063.0
0.3700418472290039,-152434.0
0.37104177474975586,-152092.0
0.3720419406890869,-151684.0
0.37304186820983887,-151577.0
0.3740420341491699,-151354.0
0.3740420341491699,-151080.0
0.3750417232513428,-150517.0
0.3750417232513428,-150501.0
0.3750417232513428,-150330.0
0.3750417232513428,-150248.0
0.3770415782928467,-150029.0
0.3790419101715088,-149884.0
0.3790419101715088,-149390.0
0.3810420036315918,-148959.0
0.3810420036315918,-148685.0
0.38204193115234375,-148152.0
0.3850419521331787,-146751.0
0.3850419521331787,-146156.0
0.3850419521331787,-146148.0
0.38704395294189453,-145682.0
0.38704395294189453,-145503.0
0.3880441188812256,-145388.0
0.39104413986206055,-145332.0
0.3920440673828125,-145186.0
0.39304399490356445,-144856.0
0.39704394340515137,-144317.0
0.3990437984466553,-143887.0
0.40004396438598633,-143756.0
0.40004396438598633,-143477.0
0.4010438919067383,-142861.0
0.40154600143432617,-142840.0
0.40254831314086914,-142615.0
0.4035482406616211,-142496.0
0.4055488109588623,-142416.0
0.40654826164245605,-141098.0
0.40654826164245605,-141059.0
0.407548189163208,-140095.0
0.407548189163208,-139213.0
0.40854811668395996,-138235.0
0.409548282623291,-138169.0
0.41054821014404297,-138117.0
0.4115481376647949,-137865.0
0.4115481376647949,-137466.0
0.41354823112487793,-137026.0
0.41554832458496094,-136641.0
0.4165480136871338,-136300.0
0.41754841804504395,-136288.0
0.41754841804504395,-135807.0
0.4205484390258789,-134891.0
0.42154860496520996,-134884.0
0.4225482940673828,-133916.0
0.42354822158813477,-133458.0
0.42354822158813477,-133129.0
0.42554807662963867,-132634.0
0.4275484085083008,-132398.0
0.42854809761047363,-131898.0
0.42854809761047363,-131763.0
0.43054842948913574,-131388.0
0.4315481185913086,-131295.0
0.43254804611206055,-130528.0
0.4335482120513916,-130322.0
0.4335482120513916,-129964.0
0.4355480670928955,-129936.0
0.4355480670928955,-129413.0
0.4355480670928955,-129274.0
0.4375486373901367,-128796.0
0.4395482540130615,-128673.0
0.4395482540130615,-128381.0
0.44154810905456543,-127654.0
0.44154810905456543,-127532.0
0.4445481300354004,-127316.0
0.44954824447631836,-127175.0
0.4525480270385742,-127041.0
0.45454835891723633,-125805.0
0.45654821395874023,-125641.0
0.45654821395874023,-125580.0
0.45654821395874023,-124629.0
0.46054816246032715,-124206.0
0.4615483283996582,-122684.0
0.46454811096191406,-122682.0
0.465548038482666,-122491.0
0.46654796600341797,-121750.0
0.467548131942749,-120898.0
0.467548131942749,-120835.0
0.468548059463501,-120459.0
0.47154903411865234,-120393.0
0.4725492000579834,-120368.0
0.47354912757873535,-120301.0
0.4745490550994873,-118947.0
0.4745490550994873,-118756.0
0.47554922103881836,-117530.0
0.4765489101409912,-117465.0
0.47754883766174316,-117027.0
0.47754883766174316,-117009.0
0.47954893112182617,-116336.0
0.4815490245819092,-116158.0
0.48254895210266113,-116145.0
0.4835488796234131,-115157.0
0.4835488796234131,-114919.0
0.48454904556274414,-114545.0
0.48454904556274414,-114031.0
0.48454904556274414,-114009.0
0.4855484962463379,-113637.0
0.48655056953430176,-113101.0
0.4905507564544678,-112600.0
0.4915506839752197,-112386.0
0.4925506114959717,-111493.0
0.49555063247680664,-111312.0
0.5010523796081543,-111193.0
0.5010523796081543,-110697.0
0.5030553340911865,-110492.0
0.5060553550720215,-110443.0
0.5070552825927734,-110308.0
0.5070552825927734,-110004.0
0.5070552825927734,-109886.0
0.5090551376342773,-109667.0
0.5100553035736084,-109476.0
0.5100553035736084,-108919.0
0.5140554904937744,-108296.0
0.5160553455352783,-108196.0
0.5190551280975342,-108128.0
0.5190551280975342,-108058.0
0.5190551280975342,-107719.0
0.5200552940368652,-107421.0
0.5200552940368652,-106947.0
0.5210554599761963,-106326.0
0.5220553874969482,-106133.0
0.5240552425384521,-106076.0
0.5250551700592041,-105715.0
0.5280554294586182,-105289.0
0.5300552845001221,-104092.0
0.5300552845001221,-103904.0
0.5320553779602051,-103241.0
0.5320553779602051,-102351.0
0.533055305480957,-101849.0
0.5350546836853027,-101780.0
0.5360548496246338,-101438.0
0.5380544662475586,-100769.0
0.5410544872283936,-100731.0
0.5420544147491455,-100497.0
0.5440545082092285,-100438.0
0.5440545082092285,-100236.0
0.5460543632507324,-99159.0
0.5470545291900635,-98646.0
0.5490543842315674,-98364.0
0.5520546436309814,-98270.0
0.5520546436309814,-97671.0
0.5530545711517334,-97246.0
0.5540544986724854,-96853.0
0.5550546646118164,-96291.0
0.5550546646118164,-95684.0
0.5620546340942383,-95423.0
0.5660545825958252,-95281.0
0.5680544376373291,-95134.0
0.5690546035766602,-94448.0
0.5720546245574951,-94335.0
0.5720546245574951,-94064.0
0.5730545520782471,-93916.0
0.5750546455383301,-93603.0
0.5810546875,-92864.0
0.582054615020752,-92388.0
0.5900561809539795,-92029.0
0.5930562019348145,-91792.0
0.5950562953948975,-91144.0
0.5950562953948975,-91007.0
0.5970563888549805,-90132.0
0.6065831184387207,-90030.0
0.6075830459594727,-90017.0
0.6085829734802246,-89907.0
0.6105835437774658,-89839.0
0.6105835437774658,-89227.0
0.6115834712982178,-88879.0
0.6125833988189697,-88550.0
0.6145739555358887,-87575.0
0.6165738105773926,-87518.0
0.6175739765167236,-87426.0
0.6185739040374756,-87107.0
0.6195738315582275,-86627.0
0.6225738525390625,-86526.0
0.6255741119384766,-86152.0
0.6305749416351318,-86009.0
0.6315746307373047,-85675.0
0.6345746517181396,-85352.0
0.6345746517181396,-84813.0
0.6375744342803955,-84599.0
0.6405746936798096,-84531.0
0.6415743827819824,-84162.0
0.6455743312835693,-83625.0
0.6465737819671631,-83298.0
0.6475739479064941,-82829.0
0.649573802947998,-82794.0
0.651573896408081,-82390.0
0.6565737724304199,-81592.0
0.6655738353729248,-81565.0
0.6755738258361816,-81385.0
0.6805739402770996,-81372.0
0.6825737953186035,-81093.0
0.6825737953186035,-80120.0
0.6905758380889893,-80064.0
0.6915757656097412,-80051.0
0.6925759315490723,-79853.0
0.6945757865905762,-79557.0
0.6995759010314941,-79507.0
0.7050800323486328,-79352.0
0.7060799598693848,-79181.0
0.7070801258087158,-78627.0
0.7110803127288818,-77654.0
0.7120800018310547,-77547.0
0.7130799293518066,-76900.0
0.7170801162719727,-76856.0
0.7180800437927246,-76764.0
0.7240803241729736,-76682.0
0.7240803241729736,-76176.0
0.7250802516937256,-76143.0
0.7260804176330566,-75699.0
0.7300806045532227,-75206.0
0.7310810089111328,-74979.0
0.7320802211761475,-74546.0
0.7320802211761475,-74083.0
0.7360799312591553,-73546.0
0.7390799522399902,-72863.0
0.7430801391601562,-72362.0
0.7440798282623291,-72128.0
0.7450799942016602,-72032.0
0.7450799942016602,-71667.0
0.7460799217224121,-71181.0
0.748079776763916,-70770.0
0.7490801811218262,-70462.0
0.7490801811218262,-70438.0
0.7530801296234131,-70335.0
0.7590799331665039,-70158.0
0.760080099105835,-69384.0
0.7630798816680908,-68895.0
0.7650809288024902,-68879.0
0.7650809288024902,-68612.0
0.7660808563232422,-68209.0
0.7660808563232422,-67896.0
0.7660808563232422,-67867.0
0.7680807113647461,-67860.0
0.7690808773040771,-67009.0
0.7690808773040771,-66320.0
0.777080774307251,-65961.0
0.7800805568695068,-65569.0
0.7800805568695068,-65444.0
0.7800805568695068,-65360.0
0.781080961227417,-64574.0
0.781080961227417,-64017.0
0.7840802669525146,-63928.0
0.7920818328857422,-63844.0
0.7970821857452393,-63325.0
0.7970821857452393,-63129.0
0.7970821857452393,-63002.0
0.7990820407867432,-62800.0
0.8095870018005371,-62693.0
0.8095870018005371,-62295.0
0.8095870018005371,-62265.0
0.8145873546600342,-62235.0
0.816586971282959,-61948.0
0.816586971282959,-61799.0
0.8255870342254639,-61479.0
0.8295869827270508,-61201.0
0.8305873870849609,-60730.0
0.8365869522094727,-60594.0
0.8375868797302246,-59288.0
0.8375868797302246,-59269.0
0.8405871391296387,-59195.0
0.8425869941711426,-57898.0
0.8475873470306396,-57831.0
0.8575952053070068,-57824.0
0.8615951538085938,-57724.0
0.8635866641998291,-57647.0
0.8645880222320557,-57097.0
0.8655872344970703,-56974.0
0.8685870170593262,-56648.0
0.8685870170593262,-56364.0
0.8715870380401611,-56018.0
0.8745870590209961,-55969.0
0.8765869140625,-55905.0
0.882587194442749,-55860.0
0.8855869770050049,-55324.0
0.8925895690917969,-54958.0
0.8955898284912109,-54815.0
0.8965911865234375,-54759.0
0.9031181335449219,-54556.0
0.9031181335449219,-53901.0
0.9071178436279297,-53164.0
0.9091179370880127,-53008.0
0.9091179370880127,-52930.0
0.9131186008453369,-52737.0
0.9131186008453369,-52568.0
0.92510986328125,-52254.0
0.9271185398101807,-52139.0
0.9281179904937744,-51549.0
0.9291179180145264,-51402.0
0.930109977722168,-51268.0
0.9351091384887695,-51023.0
0.9411091804504395,-50918.0
0.9511098861694336,-50770.0
0.9521098136901855,-49982.0
0.9591100215911865,-49759.0
0.969109058380127,-49445.0
0.969109058380127,-49263.0
0.9751088619232178,-49034.0
0.9751088619232178,-48683.0
0.9841091632843018,-48575.0
0.9871110916137695,-48543.0
0.9931111335754395,-48478.0
0.9961121082305908,-48456.0
1.0011208057403564,-48284.0
1.0046379566192627,-47680.0
1.0046379566192627,-47199.0
1.0056381225585938,-46950.0
1.0056381225585938,-46862.0
1.0056381225585938,-46786.0
1.0096299648284912,-46707.0
1.012629508972168,-46682.0
1.0176293849945068,-46579.0
1.0206291675567627,-46114.0
1.0236294269561768,-46017.0
1.0246293544769287,-45876.0
1.0246293544769287,-45795.0
1.031630277633667,-45459.0
1.037630319595337,-45161.0
1.037630319595337,-44701.0
1.0456383228302002,-44263.0
1.0516293048858643,-44254.0
1.0536291599273682,-44083.0
1.0556292533874512,-44079.0
1.063629388809204,-43902.0
1.074629545211792,-43696.0
1.0766291618347168,-43633.0
1.0856292247772217,-43528.0
1.096632480621338,-43180.0
1.0986320972442627,-42918.0
1.1021363735198975,-42838.0
1.1081361770629883,-42800.0
1.1121361255645752,-42722.0
1.1201362609863281,-42339.0
1.1221363544464111,-41853.0
1.123136043548584,-41483.0
1.126136302947998,-41087.0
1.129136085510254,-40301.0
1.1391363143920898,-40146.0
1.1471374034881592,-39910.0
1.1501367092132568,-39867.0
1.1551361083984375,-39551.0
1.1571362018585205,-39110.0
1.1651372909545898,-39071.0
1.1671371459960938,-38874.0
1.185136079788208,-38721.0
1.189138412475586,-38527.0
1.1911382675170898,-37902.0
1.2066423892974854,-37215.0
1.2106423377990723,-37189.0
1.2216424942016602,-36888.0
1.223642349243164,-36272.0
1.224642276763916,-36249.0
1.229642629623413,-36186.0
1.2486422061920166,-36112.0
1.2556426525115967,-35998.0
1.2576425075531006,-35933.0
1.2596423625946045,-35651.0
1.2656452655792236,-35584.0
1.2786433696746826,-35300.0
1.2786433696746826,-35172.0
1.2796525955200195,-34788.0
1.2816436290740967,-34252.0
1.2836432456970215,-33838.0
1.2856433391571045,-33808.0
1.2866466045379639,-33420.0
1.2866466045379639,-33247.0
1.2936463356018066,-32891.0
1.311152696609497,-32831.0
1.3201520442962646,-32534.0
1.3311524391174316,-31812.0
1.3351531028747559,-30971.0
1.3441519737243652,-30890.0
1.3461527824401855,-29827.0
1.352151870727539,-29792.0
1.3531520366668701,-29733.0
1.3531520366668701,-29355.0
1.356151819229126,-29314.0
1.360152006149292,-29243.0
1.3991670608520508,-29214.0
1.3991670608520508,-28869.0
1.4046711921691895,-28734.0
1.4306721687316895,-28694.0
1.436671257019043,-28687.0
1.4376709461212158,-28592.0
1.4456796646118164,-28392.0
1.4476711750030518,-28264.0
1.4546709060668945,-28088.0
1.4576706886291504,-27765.0
1.4696710109710693,-27750.0
1.4716708660125732,-27725.0
1.4736707210540771,-27589.0
1.479670763015747,-27578.0
1.4806709289550781,-27237.0
1.483670949935913,-27217.0
1.484670639038086,-26884.0
1.4996726512908936,-26802.0
1.5021767616271973,-26768.0
1.5031766891479492,-26570.0
1.5251777172088623,-26349.0
1.5301775932312012,-26330.0
1.5391767024993896,-26329.0
1.5491769313812256,-26085.0
1.5611767768859863,-25961.0
1.5661768913269043,-25907.0
1.5691769123077393,-25866.0
1.576176643371582,-25479.0
1.5791783332824707,-25456.0
1.580186128616333,-25168.0
1.590200662612915,-24691.0
1.601191759109497,-24492.0
1.6116962432861328,-24336.0
1.6286962032318115,-24179.0
1.6286962032318115,-23688.0
1.6426961421966553,-23296.0
1.6676969528198242,-23292.0
1.6866981983184814,-22639.0
1.6926991939544678,-22417.0
1.6926991939544678,-22227.0
1.6936988830566406,-22158.0
1.6996986865997314,-22061.0
1.705204725265503,-21801.0
1.7102043628692627,-21673.0
1.7162046432495117,-21645.0
1.7222046852111816,-21535.0
1.739203929901123,-21534.0
1.763204574584961,-21442.0
1.764204502105713,-21336.0
1.7712037563323975,-21216.0
1.7742040157318115,-21078.0
1.7912061214447021,-20890.0
1.794205665588379,-20767.0
1.8057103157043457,-20557.0
1.8077106475830078,-20370.0
1.8107104301452637,-20198.0
1.8197104930877686,-20040.0
1.8407104015350342,-19841.0
1.8657112121582031,-19760.0
1.8697104454040527,-19753.0
1.903219223022461,-19557.0
1.9092190265655518,-19487.0
1.9322195053100586,-19284.0
1.9342193603515625,-19047.0
1.9432287216186523,-18708.0
1.9452276229858398,-18621.0
1.9522182941436768,-18538.0
1.9582197666168213,-18471.0
1.9702191352844238,-18365.0
1.9852283000946045,-17993.0
2.005730152130127,-17967.0
2.019728899002075,-17913.0
2.0447280406951904,-17779.0
2.047769546508789,-17725.0
2.056737184524536,-17511.0
2.068728446960449,-17243.0
2.070728302001953,-17213.0
2.079728126525879,-16993.0
2.0967400074005127,-16795.0
2.1072442531585693,-16754.0
2.1112442016601562,-16713.0
2.1202449798583984,-16640.0
2.123302698135376,-16543.0
2.1472530364990234,-16385.0
2.1572530269622803,-16303.0
2.158245086669922,-16108.0
2.184244155883789,-15996.0
2.19024658203125,-15973.0
2.195246696472168,-15867.0
2.195246696472168,-15853.0
2.195246696472168,-15813.0
2.206753969192505,-15713.0
2.210761547088623,-15467.0
2.2207529544830322,-15452.0
2.2397537231445312,-15410.0
2.247753381729126,-15184.0
2.258753776550293,-15059.0
2.2977559566497803,-14855.0
2.317272186279297,-14695.0
2.318272590637207,-14618.0
2.320272207260132,-14379.0
2.340272903442383,-14378.0
2.3502721786499023,-14244.0
2.4027812480926514,-14102.0
2.4057812690734863,-14028.0
2.427781343460083,-13866.0
2.4327805042266846,-13795.0
2.4427807331085205,-13701.0
2.4597890377044678,-13553.0
2.478781223297119,-13375.0
2.4927845001220703,-13352.0
2.499783754348755,-13284.0
2.50628924369812,-13236.0
2.567288875579834,-13125.0
2.5692901611328125,-12966.0
2.5832884311676025,-12674.0
2.6003060340881348,-12462.0
2.6238186359405518,-12437.0
2.6258187294006348,-12290.0
2.648810625076294,-12174.0
2.652810573577881,-11960.0
2.6548104286193848,-11751.0
2.690821647644043,-11433.0
2.6928234100341797,-11393.0
2.696812629699707,-10953.0
2.7053165435791016,-10698.0
2.7123172283172607,-10671.0
2.7553255558013916,-10586.0
2.8058242797851562,-10445.0
2.8058242797851562,-10038.0
2.806824207305908,57418.0
2.813831090927124,57801.0
2.8588242530822754,57973.0
2.865823984146118,58908.0
2.875824451446533,59473.0
2.9603354930877686,59587.0
2.9623355865478516,60399.0
2.977335214614868,61076.0
2.977335214614868,61667.0
3.0038416385650635,61804.0
3.0168426036834717,62053.0
3.0368502140045166,62213.0
3.107351779937744,62299.0
3.1253602504730225,62460.0
3.141359806060791,62692.0
3.2108614444732666,62983.0
3.255861520767212,63752.0
3.266861915588379,64018.0
3.400373935699463,64223.0
3.4908833503723145,64507.0
3.4938831329345703,65498.0
3.5653889179229736,66220.0
3.5723886489868164,66837.0
3.87892484664917,66922.0
3.9054458141326904,67331.0
3.917445659637451,67615.0
3.9304463863372803,67736.0
3.935445785522461,68224.0
3.942445755004883,68527.0
4.041003942489624,69284.0
4.0500054359436035,70227.0
4.084005832672119,70429.0
4.122540712356567,71875.0
4.15954065322876,71986.0
4.193556547164917,72379.0
4.2015557289123535,72674.0
4.2015557289123535,72890.0
4.217061281204224,73561.0
4.237060785293579,73934.0
4.440073013305664,74149.0
4.462072849273682,74493.0
4.4700727462768555,74616.0
4.498075246810913,74817.0
4.730592966079712,75094.0
4.792605638504028,75329.0
4.795596361160278,76650.0
4.830104827880859,77130.0
4.869103908538818,77267.0
5.000625371932983,77667.0
5.037132263183594,78181.0
5.129639387130737,78331.0
5.143639802932739,78804.0
5.190641403198242,78856.0
5.229145050048828,79227.0
5.294147968292236,79658.0
5.357651710510254,79805.0
5.360660552978516,80245.0
5.489160776138306,80751.0
5.5976691246032715,81538.0
5.8341898918151855,81860.0
5.870189666748047,82162.0
6.20522403717041,82488.0
6.282223224639893,82683.0
6.348730564117432,83023.0
6.369732141494751,84329.0
6.4202399253845215,84366.0
6.457248687744141,84629.0
6.461239814758301,84698.0
6.482241630554199,84786.0
6.497253179550171,85644.0
6.8732874393463135,86147.0
7.084313631057739,86248.0
7.428370475769043,86327.0
7.6023852825164795,86673.0
7.7139198780059814,86937.0
7.739919900894165,87038.0
7.745919942855835,87047.0
7.9289326667785645,87148.0
8.090441226959229,87179.0
8.173947811126709,87258.0
8.27946949005127,87426.0
8.289473295211792,87669.0
8.297481775283813,87715.0
8.394992351531982,87736.0
8.526004314422607,87782.0
8.593006610870361,88459.0
8.609149694442749,88613.0
8.683149814605713,89044.0
8.731656074523926,89134.0
8.839162111282349,89263.0
8.849162340164185,90617.0
8.953668594360352,90831.0
8.968669652938843,90850.0
9.156684160232544,90984.0
9.488219499588013,91019.0
10.048330068588257,91056.0
10.28134560585022,91139.0
11.631462097167969,91255.0
11.683461666107178,91391.0
11.89547848701477,91464.0
12.03049087524414,91520.0
12.072490930557251,91528.0
12.0764901638031,91999.0
12.148996829986572,92208.0
12.178996801376343,92561.0
12.21250295639038,92896.0
12.362022399902344,92932.0
12.397024393081665,93592.0
12.51004934310913,93831.0
12.912079095840454,93876.0
12.996089458465576,93885.0
13.15011715888977,93891.0
13.28162693977356,94154.0
13.33413815498352,94497.0
13.34713864326477,94542.0
13.481647491455078,94678.0
13.60466456413269,94963.0
13.715171813964844,95165.0
13.928189516067505,95242.0
13.951191425323486,95516.0
14.039700269699097,95654.0
14.08169937133789,96108.0
14.173207998275757,96161.0
14.177217483520508,96404.0
14.299756526947021,96614.0
16.57064414024353,96676.0
17.34285545349121,96893.0
17.48636555671692,97173.0
18.813717365264893,97185.0
19.423808574676514,97210.0
19.742395639419556,97261.0
19.76639461517334,97438.0
19.899924516677856,97487.0
19.948435306549072,97686.0
20.564552545547485,97734.0
20.884161710739136,97790.0
21.03118634223938,98006.0
21.045186281204224,98477.0
21.1817045211792,98536.0
21.402735710144043,98695.0
21.43326497077942,98878.0
21.554777145385742,99055.0
22.257408618927002,99197.0
22.600964069366455,99199.0
22.711009979248047,99450.0
23.529165744781494,99528.0
25.29997944831848,99697.0
25.790583610534668,99720.0
28.874680519104004,99844.0
30.809786558151245,99924.0
31.9364595413208,99968.0
32.00696349143982,100103.0
32.106491565704346,100124.0
32.21201682090759,100553.0
32.63407063484192,100799.0
32.76960206031799,100858.0
32.996649503707886,101160.0
33.96881103515625,101496.0
34.44839859008789,101739.0
35.80409049987793,101861.0
35.93213081359863,101938.0
36.100656509399414,101943.0
36.10265517234802,102148.0
36.46875309944153,102596.0
37.0938515663147,102787.0
37.868966817855835,102874.0
38.60662221908569,103049.0
40.40902805328369,103316.0
41.650261640548706,103356.0
41.72577786445618,103373.0
42.02132058143616,103410.0
47.45525360107422,103439.0
52.51429343223572,103479.0
55.1747670173645,103845.0
59.29894971847534,103868.0
60.54371166229248,103882.0
60.840272188186646,104040.0
61.561885833740234,104055.0
62.83262038230896,104090.0
66.77981948852539,104137.0
69.58544135093689,104208.0
72.38988947868347,104273.0
73.23858332633972,104281.0
73.48362183570862,104330.0
74.25980043411255,104438.0
75.41146540641785,104530.0
76.69219613075256,104723.0
77.40988421440125,104739.0
85.66864895820618,104813.0
85.6786482334137,104837.0
90.98308253288269,104857.0
93.12174654006958,104879.0
94.20446181297302,104928.0
97.07379055023193,104934.0
97.68898224830627,104935.0
101.29719066619873,104958.0
103.64156913757324,105043.0
103.64257001876831,105046.0
116.441645860672,105083.0
118.01232290267944,105102.0
123.44838190078735,105133.0
136.37529110908508,105179.0
140.30164122581482,105211.0
142.47301316261292,105220.0
143.87827348709106,105359.0
147.11503267288208,105434.0
176.53353905677795,105438.0
181.30914306640625,105459.0
197.66455721855164,105564.0
200.25054931640625,105598.0
207.33502531051636,105790.0
212.34432983398438,105812.0
212.9054250717163,105873.0
229.4803695678711,105944.0
265.1506772041321,105974.0
285.5792682170868,105983.0
307.42268443107605,106017.0
419.4423933029175,106091.0
421.7182981967926,106138.0
434.99689388275146,106148.0
481.59254455566406,106259.0
509.67656350135803,106330.0
550.8778479099274,106397.0
553.7164421081543,106411.0
598.563063621521,106414.0
