0.0,-50923.0
0.0,-49907.0
0.0,-48304.0
0.0,-47572.0
0.0,-47250.0
0.0,-46358.0
0.001001119613647461,-44985.0
0.001001119613647461,-43664.0
0.001001119613647461,-43600.0
0.001001119613647461,-43368.0
0.001001119613647461,-42838.0
0.001001119613647461,-41749.0
0.001001119613647461,-41564.0
0.001001119613647461,-40197.0
0.001001119613647461,-40055.0
0.001001119613647461,-38749.0
0.001001119613647461,-38696.0
0.001001119613647461,-37880.0
0.001001119613647461,-37720.0
0.001001119613647461,-36963.0
0.001001119613647461,-36802.0
0.001001119613647461,-35984.0
0.001001119613647461,-35090.0
0.001001119613647461,-34695.0
0.001001119613647461,-34602.0
0.001001119613647461,-33900.0
0.001001119613647461,-33184.0
0.0019996166229248047,-31906.0
0.0019996166229248047,-31647.0
0.0019996166229248047,-30410.0
0.0019996166229248047,-30105.0
0.0019996166229248047,-29741.0
0.0019996166229248047,-29279.0
0.0019996166229248047,-29130.0
0.0019996166229248047,-28948.0
0.0019996166229248047,-27359.0
0.0019996166229248047,-27298.0
0.0019996166229248047,-26486.0
0.0019996166229248047,-26450.0
0.0019996166229248047,-25550.0
0.0019996166229248047,-24886.0
0.0029990673065185547,-23815.0
0.0029990673065185547,-23687.0
0.0029990673065185547,-22557.0
0.0029990673065185547,-22132.0
0.0029990673065185547,-22111.0
0.0029990673065185547,-21972.0
0.0029990673065185547,-21400.0
0.0029990673065185547,-20413.0
0.0029990673065185547,-19874.0
0.0029990673065185547,-19696.0
0.0029990673065185547,-19240.0
0.003998994827270508,-18541.0
0.003998994827270508,-18325.0
0.003998994827270508,-18218.0
0.003998994827270508,-18196.0
0.003998994827270508,-17193.0
0.003998994827270508,-16668.0
0.003998994827270508,-16517.0
0.003998994827270508,-16312.0
0.003998994827270508,-15768.0
0.003998994827270508,-15584.0
0.003998994827270508,-15313.0
0.003998994827270508,-15215.0
0.003998994827270508,-15191.0
0.003998994827270508,-14398.0
0.003998994827270508,-13506.0
0.003998994827270508,-13500.0
0.004998922348022461,-13168.0
0.004998922348022461,-11671.0
0.004998922348022461,-11378.0
0.004998922348022461,-11313.0
0.004998922348022461,-11126.0
0.004998922348022461,-9959.0
0.004998922348022461,-9875.0
0.005999088287353516,-9575.0
0.005999088287353516,-9430.0
0.005999088287353516,-8998.0
0.005999088287353516,-8706.0
0.005999088287353516,-8412.0
0.005999088287353516,-8218.0
0.005999088287353516,-7871.0
0.005999088287353516,-7456.0
0.006999015808105469,-7272.0
0.006999015808105469,-7245.0
0.006999015808105469,-7068.0
0.006999015808105469,-7046.0
0.006999015808105469,-6932.0
0.007998943328857422,-6821.0
0.007998943328857422,-6798.0
0.007998943328857422,-6719.0
0.007998943328857422,-6353.0
0.008998870849609375,-6219.0
0.008998870849609375,-6217.0
0.009999752044677734,-6072.0
0.009999752044677734,-5820.0
0.009999752044677734,-5792.0
0.009999752044677734,-5463.0
0.009999752044677734,-5231.0
0.011999130249023438,-5117.0
0.011999130249023438,-4215.0
0.011999130249023438,-3947.0
0.011999130249023438,-3772.0
0.013999223709106445,-3324.0
0.013999223709106445,-3217.0
0.013999223709106445,-2995.0
0.013999223709106445,-2688.0
0.014998912811279297,-2533.0
0.01599907875061035,-2308.0
0.01599907875061035,-1932.0
0.01899886131286621,-1724.0
0.01899886131286621,-1500.0
0.019999027252197266,-1322.0
0.019999027252197266,-1007.0
0.02099895477294922,-1000.0
0.02399897575378418,1787.0
0.024998903274536133,1866.0
0.039998769760131836,1889.0
0.04099893569946289,1896.0
