0.0010318756103515625,-1256383.0
0.0010318756103515625,-1256332.0
0.0021011829376220703,-1256138.0
0.0030317306518554688,-1256043.0
0.0030317306518554688,-1255524.0
0.004040241241455078,-1255001.0
0.005032777786254883,-1254387.0
0.007031440734863281,-1253858.0
0.007031440734863281,-1252628.0
0.008031845092773438,-1252425.0
0.0091400146484375,-1252414.0
0.0091400146484375,-1252347.0
0.010171890258789062,-1251949.0
0.01316976547241211,-1250944.0
0.014161109924316406,-1249721.0
0.015169382095336914,-1247976.0
0.015169382095336914,-1246942.0
0.01616954803466797,-1246460.0
0.01616954803466797,-1245790.0
0.018169641494750977,-1244678.0
0.018169641494750977,-1243693.0
0.019160985946655273,-1243650.0
0.020162105560302734,-1243565.0
0.02116227149963379,-1243546.0
0.023162126541137695,-1242702.0
0.025160789489746094,-1242554.0
0.026160717010498047,-1242490.0
0.02716231346130371,-1242433.0
0.02930450439453125,-1241453.0
0.02930450439453125,-1240422.0
0.02930450439453125,-1239145.0
0.02930450439453125,-1237955.0
0.02930450439453125,-1237726.0
0.02930450439453125,-1237260.0
0.02930450439453125,-1236336.0
0.02930450439453125,-1236141.0
0.02930450439453125,-1235851.0
0.02930450439453125,-1234065.0
0.02930450439453125,-1233352.0
0.02930450439453125,-1232258.0
0.02930450439453125,-1232088.0
0.02930450439453125,-1232000.0
0.02930450439453125,-1231623.0
0.02930450439453125,-1231269.0
0.02930450439453125,-1230930.0
0.02930450439453125,-1230322.0
0.04503464698791504,-1230255.0
0.04503464698791504,-1229935.0
0.04603433609008789,-1228203.0
0.04703378677368164,-1228010.0
0.04703378677368164,-1226635.0
0.04703378677368164,-1226595.0
0.048033714294433594,-1225293.0
0.048033714294433594,-1225268.0
0.04903435707092285,-1224296.0
0.04903435707092285,-1224115.0
0.0500338077545166,-1222654.0
0.051033735275268555,-1221707.0
0.051033735275268555,-1220505.0
0.053034067153930664,-1219419.0
0.05403399467468262,-1219330.0
0.05503392219543457,-1218325.0
0.05603384971618652,-1217909.0
0.05603384971618652,-1217821.0
0.057374000549316406,-1216618.0
0.05837416648864746,-1216360.0
0.059374094009399414,-1216174.0
0.06037187576293945,-1215707.0
0.06037187576293945,-1214525.0
0.06137514114379883,-1213891.0
0.06237912178039551,-1212543.0
0.06237912178039551,-1211980.0
0.06338310241699219,-1211653.0
0.06338310241699219,-1210308.0
0.06437444686889648,-1210178.0
0.06537437438964844,-1209091.0
0.06537437438964844,-1208376.0
0.06637406349182129,-1208057.0
0.06637406349182129,-1207293.0
0.06637406349182129,-1206532.0
0.06737518310546875,-1206192.0
0.0683751106262207,-1205797.0
0.06937456130981445,-1204262.0
0.07042050361633301,-1203953.0
0.07141971588134766,-1202970.0
0.07242035865783691,-1201918.0
0.07242035865783691,-1201219.0
0.07442045211791992,-1199923.0
0.07542109489440918,-1199146.0
0.07642507553100586,-1197920.0
0.07642507553100586,-1196999.0
0.07964515686035156,-1196413.0
0.07964515686035156,-1195935.0
0.08064579963684082,-1195921.0
0.08164525032043457,-1194858.0
0.08264613151550293,-1194493.0
0.0836477279663086,-1194007.0
0.08464622497558594,-1193787.0
0.08572769165039062,-1192132.0
0.08664584159851074,-1192127.0
0.08664584159851074,-1191827.0
0.08664584159851074,-1191319.0
0.0876460075378418,-1190495.0
0.08864569664001465,-1190278.0
0.08864569664001465,-1190037.0
0.08864569664001465,-1189418.0
0.08864569664001465,-1189236.0
0.09066414833068848,-1188974.0
0.09066414833068848,-1188325.0
0.09066414833068848,-1187793.0
0.09066414833068848,-1187142.0
0.09066414833068848,-1186130.0
0.09066414833068848,-1186111.0
0.09066414833068848,-1184368.0
0.09066414833068848,-1184053.0
0.09066414833068848,-1183104.0
0.09066414833068848,-1182657.0
0.09066414833068848,-1181348.0
0.09066414833068848,-1180999.0
0.09066414833068848,-1180644.0
0.09066414833068848,-1180639.0
0.09066414833068848,-1180214.0
0.09066414833068848,-1179867.0
0.09066414833068848,-1179307.0
0.09066414833068848,-1178332.0
0.09066414833068848,-1178275.0
0.10467004776000977,-1177140.0
0.10467004776000977,-1175998.0
0.10467004776000977,-1175078.0
0.10467004776000977,-1174883.0
0.10467004776000977,-1174018.0
0.10467004776000977,-1173807.0
0.11191964149475098,-1173177.0
0.11291241645812988,-1171944.0
0.11291241645812988,-1171360.0
0.11491179466247559,-1171199.0
0.11791181564331055,-1170939.0
0.11791181564331055,-1170035.0
0.11897897720336914,-1170011.0
0.11924552917480469,-1169694.0
0.11924552917480469,-1169162.0
0.11924552917480469,-1169038.0
0.11924552917480469,-1168157.0
0.12140369415283203,-1167497.0
0.12140369415283203,-1165984.0
0.12342119216918945,-1165551.0
0.12441730499267578,-1164919.0
0.12644314765930176,-1164001.0
0.12644314765930176,-1162605.0
0.12742042541503906,-1162541.0
0.12742042541503906,-1162084.0
0.12956523895263672,-1161642.0
0.13057470321655273,-1161509.0
0.13457393646240234,-1160302.0
0.13457393646240234,-1159502.0
0.13556599617004395,-1158742.0
0.13556599617004395,-1157555.0
0.1365668773651123,-1156388.0
0.1365668773651123,-1155996.0
0.13756871223449707,-1155180.0
0.13756871223449707,-1154678.0
0.13856720924377441,-1154145.0
0.1416184902191162,-1153687.0
0.1416184902191162,-1153182.0
0.14261794090270996,-1152084.0
0.14261794090270996,-1151135.0
0.14261794090270996,-1150752.0
0.14361953735351562,-1149350.0
0.14461779594421387,-1148736.0
0.14561796188354492,-1147520.0
0.14561796188354492,-1146986.0
0.14661765098571777,-1146495.0
0.14761781692504883,-1146076.0
0.14761781692504883,-1145677.0
0.14761781692504883,-1145393.0
0.14861750602722168,-1145319.0
0.14979863166809082,-1145278.0
0.14979863166809082,-1145032.0
0.15079903602600098,-1143925.0
0.15488457679748535,-1143446.0
0.15488457679748535,-1142341.0
0.15688729286193848,-1140843.0
0.1578845977783203,-1139731.0
0.1578845977783203,-1139215.0
0.15893840789794922,-1138795.0
0.15893840789794922,-1137537.0
0.16094708442687988,-1136812.0
0.16394686698913574,-1136305.0
0.164947509765625,-1135743.0
0.164947509765625,-1135670.0
0.16594696044921875,-1134623.0
0.1669471263885498,-1133472.0
0.16794824600219727,-1133138.0
0.16927194595336914,-1132816.0
0.16927194595336914,-1131672.0
0.170274019241333,-1131247.0
0.17127394676208496,-1130771.0
0.17227387428283691,-1130635.0
0.17327380180358887,-1129422.0
0.17427396774291992,-1129352.0
0.17427396774291992,-1128616.0
0.17527461051940918,-1127706.0
0.17627906799316406,-1126482.0
0.17627906799316406,-1126097.0
0.17727899551391602,-1125381.0
0.17727899551391602,-1125203.0
0.17727899551391602,-1123855.0
0.17827916145324707,-1122984.0
0.17827916145324707,-1122720.0
0.17958831787109375,-1121597.0
0.18059086799621582,-1120867.0
0.18360495567321777,-1119401.0
0.18360495567321777,-1117688.0
0.18567776679992676,-1117521.0
0.18567776679992676,-1116295.0
0.18664932250976562,-1115967.0
0.18767046928405762,-1115034.0
0.18867039680480957,-1114079.0
0.1898491382598877,-1113876.0
0.1898491382598877,-1113646.0
0.19063472747802734,-1112269.0
0.19326376914978027,-1110580.0
0.19426488876342773,-1110532.0
0.19524669647216797,-1110161.0
0.19725728034973145,-1108899.0
0.19725728034973145,-1108294.0
0.19725728034973145,-1107961.0
0.1982572078704834,-1107937.0
0.1982572078704834,-1107724.0
0.19923901557922363,-1107239.0
0.200239896774292,-1106223.0
0.200239896774292,-1104827.0
0.20124030113220215,-1104057.0
0.2022404670715332,-1102423.0
0.20324039459228516,-1101789.0
0.204240083694458,-1101697.0
0.204240083694458,-1100787.0
0.204240083694458,-1100292.0
0.20524024963378906,-1099829.0
0.20524024963378906,-1099565.0
0.20724010467529297,-1099349.0
0.2093212604522705,-1099092.0
0.2093212604522705,-1098319.0
0.2093212604522705,-1097559.0
0.21035075187683105,-1096731.0
0.2113504409790039,-1096247.0
0.21235036849975586,-1095920.0
0.21235036849975586,-1095806.0
0.21335077285766602,-1095049.0
0.21335077285766602,-1094262.0
0.21435070037841797,-1093249.0
0.21535325050354004,-1092781.0
0.21535325050354004,-1092611.0
0.21639585494995117,-1091974.0
0.21735501289367676,-1091970.0
0.21835088729858398,-1091276.0
0.21835088729858398,-1091117.0
0.2194075584411621,-1090717.0
0.22140884399414062,-1090116.0
0.22140884399414062,-1089262.0
0.22140884399414062,-1089238.0
0.22240877151489258,-1089018.0
0.22340869903564453,-1088514.0
0.22440886497497559,-1088471.0
0.22440886497497559,-1088179.0
0.22540903091430664,-1087256.0
0.22740864753723145,-1086804.0
0.2284085750579834,-1086262.0
0.2284085750579834,-1085683.0
0.22948265075683594,-1085553.0
0.22948265075683594,-1085079.0
0.23148536682128906,-1083402.0
0.23148536682128906,-1082275.0
0.23248529434204102,-1080692.0
0.23248529434204102,-1080099.0
0.23348498344421387,-1078537.0
0.23448491096496582,-1077619.0
0.23448491096496582,-1077131.0
0.23448491096496582,-1077061.0
0.23648500442504883,-1075618.0
0.23848533630371094,-1075450.0
0.2395486831665039,-1075184.0
0.2395486831665039,-1074558.0
0.2395486831665039,-1073823.0
0.2395486831665039,-1073707.0
0.2395486831665039,-1073174.0
0.2395486831665039,-1072708.0
0.2395486831665039,-1072133.0
0.2457413673400879,-1071858.0
0.24674677848815918,-1071652.0
0.24674677848815918,-1070204.0
0.24774551391601562,-1069786.0
0.24898386001586914,-1068872.0
0.24898386001586914,-1068859.0
0.2499847412109375,-1067835.0
0.2519848346710205,-1067576.0
0.2529869079589844,-1066358.0
0.254056453704834,-1065952.0
0.25505709648132324,-1065156.0
0.25598788261413574,-1064633.0
0.25598788261413574,-1064245.0
0.257030725479126,-1063180.0
0.257030725479126,-1061689.0
0.25806307792663574,-1061688.0
0.25806307792663574,-1061522.0
0.25806307792663574,-1060955.0
0.25899291038513184,-1060498.0
0.2599949836730957,-1059385.0
0.26099252700805664,-1058894.0
0.26198530197143555,-1058407.0
0.2629861831665039,-1058060.0
0.2629861831665039,-1057964.0
0.2639925479888916,-1057549.0
0.2649862766265869,-1057214.0
0.2649862766265869,-1056763.0
0.2649862766265869,-1055306.0
0.26598501205444336,-1054398.0
0.2669849395751953,-1054266.0
0.26798462867736816,-1052617.0
0.26798462867736816,-1052149.0
0.2689850330352783,-1051837.0
0.2699861526489258,-1050789.0
0.2699861526489258,-1050213.0
0.2699861526489258,-1050140.0
0.27098512649536133,-1050121.0
0.27098512649536133,-1049733.0
0.2719848155975342,-1049345.0
0.2719848155975342,-1049299.0
0.27298498153686523,-1048275.0
0.27298498153686523,-1048104.0
0.27498459815979004,-1047746.0
0.27498459815979004,-1046851.0
0.2759888172149658,-1046136.0
0.2759888172149658,-1044688.0
0.27798891067504883,-1044309.0
0.2789888381958008,-1043825.0
0.2809886932373047,-1043132.0
0.2809886932373047,-1042922.0
0.2829885482788086,-1042384.0
0.2849891185760498,-1040929.0
0.2849891185760498,-1040758.0
0.28598928451538086,-1040745.0
0.28734636306762695,-1040044.0
0.28734636306762695,-1038447.0
0.28734636306762695,-1038361.0
0.28734636306762695,-1038038.0
0.2908508777618408,-1036784.0
0.2908508777618408,-1036430.0
0.2908508777618408,-1036379.0
0.2908508777618408,-1035699.0
0.2908508777618408,-1035358.0
0.2908508777618408,-1035053.0
0.2908508777618408,-1034590.0
0.2908508777618408,-1033451.0
0.2908508777618408,-1032256.0
0.2908508777618408,-1031654.0
0.2908508777618408,-1031440.0
0.2908508777618408,-1031131.0
0.30316877365112305,-1030821.0
0.30316877365112305,-1029648.0
0.30617737770080566,-1029326.0
0.3071775436401367,-1029024.0
0.30817723274230957,-1028632.0
0.30817723274230957,-1027946.0
0.3091771602630615,-1027264.0
0.3101770877838135,-1026662.0
0.3101770877838135,-1026529.0
0.31117701530456543,-1025346.0
0.3121771812438965,-1023939.0
0.3121771812438965,-1023792.0
0.31317710876464844,-1023212.0
0.31517767906188965,-1022289.0
0.31517767906188965,-1021398.0
0.3161771297454834,-1019779.0
0.3161771297454834,-1019271.0
0.3161771297454834,-1018751.0
0.31717705726623535,-1017998.0
0.31845879554748535,-1016402.0
0.31845879554748535,-1015321.0
0.31845879554748535,-1014669.0
0.31845879554748535,-1014301.0
0.31845879554748535,-1013371.0
0.31845879554748535,-1012661.0
0.31845879554748535,-1012396.0
0.31845879554748535,-1011705.0
0.31845879554748535,-1010803.0
0.31845879554748535,-1010469.0
0.31845879554748535,-1009708.0
0.31845879554748535,-1009434.0
0.31845879554748535,-1008846.0
0.31845879554748535,-1008279.0
0.31845879554748535,-1007521.0
0.31845879554748535,-1007476.0
0.31845879554748535,-1006826.0
0.3343961238861084,-1006559.0
0.3343961238861084,-1005768.0
0.33539772033691406,-1005678.0
0.336397647857666,-1005134.0
0.33739733695983887,-1004733.0
0.3383972644805908,-1004626.0
0.34039735794067383,-1004040.0
0.34239721298217773,-1002376.0
0.3433971405029297,-1001849.0
0.34439706802368164,-1000562.0
0.34439706802368164,-1000367.0
0.34439706802368164,-999149.0
0.34639716148376465,-998069.0
0.34839725494384766,-997814.0
0.3497734069824219,-997668.0
0.3497734069824219,-997667.0
0.3497734069824219,-997423.0
0.3497734069824219,-996838.0
0.3497734069824219,-996112.0
0.3497734069824219,-995205.0
0.3497734069824219,-993630.0
0.3497734069824219,-993618.0
0.3497734069824219,-992266.0
0.3497734069824219,-991581.0
0.3497734069824219,-990315.0
0.3497734069824219,-988776.0
0.3497734069824219,-987266.0
0.3497734069824219,-986343.0
0.3497734069824219,-985807.0
0.3497734069824219,-985788.0
0.3497734069824219,-985387.0
0.3497734069824219,-984772.0
0.3497734069824219,-984734.0
0.3497734069824219,-984409.0
0.3497734069824219,-984012.0
0.3497734069824219,-984011.0
0.3653998374938965,-982906.0
0.3653998374938965,-982631.0
0.3653998374938965,-982629.0
0.3653998374938965,-982129.0
0.3653998374938965,-980924.0
0.3653998374938965,-980067.0
0.3653998374938965,-979835.0
0.3653998374938965,-979197.0
0.3653998374938965,-977905.0
0.3653998374938965,-977223.0
0.3653998374938965,-975679.0
0.3653998374938965,-975320.0
0.3653998374938965,-975272.0
0.3653998374938965,-973650.0
0.3653998374938965,-973627.0
0.3810384273529053,-972443.0
0.3810384273529053,-972358.0
0.3810384273529053,-972307.0
0.3810384273529053,-970961.0
0.3810384273529053,-970157.0
0.3810384273529053,-969099.0
0.3810384273529053,-968022.0
0.3810384273529053,-966386.0
0.3810384273529053,-965874.0
0.3810384273529053,-965221.0
0.3810384273529053,-964107.0
0.3810384273529053,-963941.0
0.39104604721069336,-963577.0
0.39104604721069336,-963400.0
0.39104604721069336,-962867.0
0.39104604721069336,-961706.0
0.39104604721069336,-960803.0
0.39104604721069336,-959762.0
0.39104604721069336,-958999.0
0.39104604721069336,-957803.0
0.397050142288208,-957707.0
0.397050142288208,-956699.0
0.3997335433959961,-955740.0
0.3997335433959961,-955396.0
0.4017481803894043,-955175.0
0.4017481803894043,-953502.0
0.4027366638183594,-952794.0
0.4027366638183594,-952614.0
0.4037363529205322,-951449.0
0.40474796295166016,-951242.0
0.40474796295166016,-950933.0
0.40474796295166016,-950915.0
0.4057445526123047,-949845.0
0.4057445526123047,-949577.0
0.4067361354827881,-948416.0
0.40874433517456055,-947521.0
0.408921480178833,-946727.0
0.408921480178833,-946079.0
0.4099307060241699,-945636.0
0.4109220504760742,-945427.0
0.4109220504760742,-945260.0
0.4119300842285156,-944786.0
0.4119300842285156,-943156.0
0.4129304885864258,-943052.0
0.4129304885864258,-941973.0
0.4139232635498047,-941592.0
0.4159221649169922,-940584.0
0.41692233085632324,-939818.0
0.41692233085632324,-938342.0
0.4179222583770752,-937955.0
0.4192216396331787,-937243.0
0.42022252082824707,-936891.0
0.4212222099304199,-936841.0
0.4222226142883301,-936558.0
0.4222226142883301,-936393.0
0.42322206497192383,-935709.0
0.42322206497192383,-935067.0
0.4242231845855713,-934226.0
0.42522263526916504,-932771.0
0.42822265625,-931643.0
0.4292917251586914,-930600.0
0.4313230514526367,-929859.0
0.43232297897338867,-929677.0
0.4333229064941406,-929102.0
0.4343228340148926,-928996.0
0.43532276153564453,-928822.0
0.43732619285583496,-928050.0
0.43732619285583496,-927612.0
0.4383234977722168,-927603.0
0.4383234977722168,-927313.0
0.44049930572509766,-926748.0
0.4414989948272705,-925320.0
0.4414989948272705,-924175.0
0.44249916076660156,-923966.0
0.4434990882873535,-923482.0
0.4434990882873535,-922999.0
0.44449949264526367,-921897.0
0.44449949264526367,-921746.0
0.4464991092681885,-921294.0
0.44750189781188965,-920859.0
0.4484994411468506,-920666.0
0.4484994411468506,-920468.0
0.45131945610046387,-920306.0
0.45232057571411133,-920137.0
0.4533200263977051,-919979.0
0.455319881439209,-918145.0
0.455319881439209,-917804.0
0.45631957054138184,-917373.0
0.45831942558288574,-917309.0
0.45976734161376953,-916196.0
0.4607682228088379,-915729.0
0.46176815032958984,-915656.0
0.4647681713104248,-914441.0
0.4667689800262451,-914419.0
0.4667689800262451,-912751.0
0.4667689800262451,-911760.0
0.46776843070983887,-911145.0
0.46776843070983887,-910454.0
0.46776843070983887,-909792.0
0.4688694477081299,-909758.0
0.46905517578125,-909585.0
0.46905517578125,-909303.0
0.47005653381347656,-909153.0
0.4710564613342285,-908904.0
0.4710564613342285,-908187.0
0.4730563163757324,-907365.0
0.47505640983581543,-906699.0
0.47505640983581543,-906046.0
0.4760570526123047,-905674.0
0.47706103324890137,-903991.0
0.47706103324890137,-902827.0
0.47906064987182617,-901953.0
0.48035144805908203,-901164.0
0.48235177993774414,-900274.0
0.48235177993774414,-900216.0
0.483351469039917,-900122.0
0.48635172843933105,-899527.0
0.487351655960083,-899143.0
0.48835158348083496,-898510.0
0.4896535873413086,-898281.0
0.49115419387817383,-897363.0
0.4921567440032959,-896457.0
0.4921567440032959,-895901.0
0.49316835403442383,-895727.0
0.49316835403442383,-893876.0
0.4961683750152588,-893571.0
0.49816465377807617,-893222.0
0.4991648197174072,-892093.0
0.4992334842681885,-891465.0
0.5002331733703613,-891258.0
0.50124192237854,-890690.0
0.5022420883178711,-890577.0
0.5022420883178711,-890547.0
0.5042340755462646,-890353.0
0.5042340755462646,-889654.0
0.5052340030670166,-889311.0
0.5062339305877686,-887597.0
0.5072348117828369,-886992.0
0.5082340240478516,-886981.0
0.5092339515686035,-885084.0
0.5094397068023682,-883417.0
0.5104403495788574,-882619.0
0.5114400386810303,-882342.0
0.5124402046203613,-880779.0
0.5134413242340088,-880633.0
0.5134413242340088,-879366.0
0.5144410133361816,-879176.0
0.5154411792755127,-879161.0
0.5154411792755127,-878199.0
0.5164411067962646,-876902.0
0.5164411067962646,-876405.0
0.5174410343170166,-875930.0
0.5184409618377686,-875135.0
0.5196487903594971,-874112.0
0.5206499099731445,-873738.0
0.5216495990753174,-872896.0
0.5236496925354004,-872816.0
0.5236496925354004,-872809.0
0.5246500968933105,-871450.0
0.5246500968933105,-869766.0
0.5266501903533936,-869399.0
0.5276498794555664,-868353.0
0.5276498794555664,-868270.0
0.5288476943969727,-867343.0
0.5308487415313721,-867287.0
0.531848669052124,-867012.0
0.531848669052124,-866361.0
0.531848669052124,-865677.0
0.534848690032959,-865146.0
0.536848783493042,-864707.0
0.5378496646881104,-864601.0
0.5378496646881104,-863422.0
0.5390467643737793,-863306.0
0.5400478839874268,-862053.0
0.5400478839874268,-861730.0
0.5410478115081787,-861703.0
0.5410478115081787,-861229.0
0.5420482158660889,-861191.0
0.5430481433868408,-860906.0
0.5450477600097656,-860683.0
0.5460476875305176,-860389.0
0.5470478534698486,-859451.0
0.5480477809906006,-859384.0
0.5490477085113525,-859331.0
0.5502409934997559,-857924.0
0.5502409934997559,-857280.0
0.5512411594390869,-856525.0
0.5512411594390869,-855953.0
0.5512411594390869,-855758.0
0.5522410869598389,-854790.0
0.5522410869598389,-854762.0
0.5532412528991699,-854409.0
0.5552411079406738,-854292.0
0.5562410354614258,-853973.0
0.5562410354614258,-853080.0
0.557241678237915,-851618.0
0.5592412948608398,-850519.0
0.5594415664672852,-850153.0
0.5614428520202637,-849619.0
0.5624427795410156,-848906.0
0.5624427795410156,-848740.0
0.5624427795410156,-848434.0
0.5634429454803467,-847218.0
0.5644428730010986,-847212.0
0.5644428730010986,-847053.0
0.5654428005218506,-846603.0
0.5664427280426025,-846391.0
0.5664427280426025,-845542.0
0.5674428939819336,-845188.0
0.5674428939819336,-844692.0
0.5674428939819336,-844646.0
0.5684442520141602,-844643.0
0.5684442520141602,-843814.0
0.5706841945648193,-843526.0
0.5716841220855713,-842533.0
0.5726838111877441,-842470.0
0.573683500289917,-842462.0
0.574683666229248,-841895.0
0.574683666229248,-841515.0
0.57568359375,-840266.0
0.5766873359680176,-840075.0
0.5776875019073486,-839433.0
0.5787923336029053,-838646.0
0.5788843631744385,-838555.0
0.579885721206665,-837813.0
0.579885721206665,-836526.0
0.579885721206665,-835979.0
0.580885648727417,-835542.0
0.581885576248169,-835499.0
0.5828857421875,-834003.0
0.583885669708252,-833773.0
0.5848844051361084,-833513.0
0.5858967304229736,-833400.0
0.5858967304229736,-832598.0
0.5878856182098389,-831142.0
0.5890817642211914,-830991.0
0.5900833606719971,-829524.0
0.5915875434875488,-828804.0
0.5935914516448975,-828263.0
0.5935914516448975,-827689.0
0.5955917835235596,-827541.0
0.5965914726257324,-827288.0
0.5975916385650635,-826870.0
0.5985915660858154,-825640.0
0.599806547164917,-825463.0
0.6008076667785645,-824310.0
0.6008076667785645,-823962.0
0.6018083095550537,-823440.0
0.6018083095550537,-822903.0
0.6028079986572266,-821381.0
0.6038076877593994,-821284.0
0.6058075428009033,-820603.0
0.6078076362609863,-820468.0
0.6078076362609863,-820066.0
0.6090004444122314,-819706.0
0.6090004444122314,-819264.0
0.6100015640258789,-818305.0
0.6110019683837891,-817884.0
0.612001895904541,-816683.0
0.613001823425293,-816573.0
0.613001823425293,-816017.0
0.6140017509460449,-815755.0
0.6140017509460449,-814166.0
0.6150028705596924,-813903.0
0.6150028705596924,-813696.0
0.6150028705596924,-812854.0
0.6160018444061279,-812706.0
0.6160018444061279,-812185.0
0.6170022487640381,-811380.0
0.6192309856414795,-810895.0
0.620232105255127,-809247.0
0.620232105255127,-808626.0
0.6212317943572998,-808290.0
0.6222317218780518,-807898.0
0.6222317218780518,-807024.0
0.6242318153381348,-806868.0
0.6272318363189697,-806631.0
0.6294174194335938,-806473.0
0.6294174194335938,-805828.0
0.6294174194335938,-805581.0
0.6304442882537842,-805142.0
0.6334552764892578,-804813.0
0.6334552764892578,-803829.0
0.6344554424285889,-803717.0
0.637444019317627,-802946.0
0.638444185256958,-802786.0
0.6396477222442627,-802356.0
0.6396477222442627,-801070.0
0.6426491737365723,-800638.0
0.6436491012573242,-800608.0
0.6446490287780762,-800152.0
0.6446490287780762,-799453.0
0.6456496715545654,-798341.0
0.6466495990753174,-798240.0
0.6466495990753174,-797266.0
0.6488573551177979,-796134.0
0.6488573551177979,-795498.0
0.6498584747314453,-795363.0
0.6508584022521973,-794994.0
0.6518583297729492,-794467.0
0.6518583297729492,-794038.0
0.6528589725494385,-793342.0
0.6548583507537842,-792944.0
0.6558585166931152,-792672.0
0.6558585166931152,-792664.0
0.6568584442138672,-792389.0
0.6578583717346191,-792206.0
0.6590480804443359,-791637.0
0.6590480804443359,-791532.0
0.6610512733459473,-791348.0
0.6610512733459473,-790275.0
0.6620502471923828,-790236.0
0.6630494594573975,-789559.0
0.6650643348693848,-789386.0
0.6660497188568115,-787531.0
0.6680490970611572,-787390.0
0.6722776889801025,-786958.0
0.6732776165008545,-786586.0
0.6742777824401855,-785754.0
0.6742777824401855,-784392.0
0.6752774715423584,-784158.0
0.6762771606445312,-783499.0
0.6793529987335205,-781865.0
0.681365966796875,-781740.0
0.6853644847869873,-781332.0
0.6863677501678467,-781290.0
0.687354326248169,-780800.0
0.688373327255249,-780489.0
0.6903648376464844,-779871.0
0.6914882659912109,-779629.0
0.6934940814971924,-779177.0
0.6954925060272217,-778982.0
0.6954925060272217,-778915.0
0.6954925060272217,-778846.0
0.6964936256408691,-778628.0
0.6984930038452148,-778450.0
0.699493408203125,-778119.0
0.7014937400817871,-778030.0
0.7014937400817871,-777627.0
0.7024936676025391,-777485.0
0.7024936676025391,-777377.0
0.7034943103790283,-776465.0
0.7067503929138184,-775866.0
0.7078518867492676,-774910.0
0.7100861072540283,-774130.0
0.7120857238769531,-773299.0
0.714085578918457,-771891.0
0.7150862216949463,-771539.0
0.71608567237854,-771497.0
0.717085599899292,-770436.0
0.7180860042572021,-769263.0
0.7180860042572021,-768175.0
0.7191591262817383,-768021.0
0.7191591262817383,-767919.0
0.7211601734161377,-767298.0
0.7211601734161377,-767128.0
0.7231605052947998,-767117.0
0.7241630554199219,-766005.0
0.7241630554199219,-765579.0
0.7251720428466797,-765441.0
0.7251720428466797,-764193.0
0.7261762619018555,-763911.0
0.7261762619018555,-762866.0
0.7281589508056641,-762709.0
0.7312254905700684,-761447.0
0.7322299480438232,-760911.0
0.734215497970581,-760275.0
0.7362291812896729,-759892.0
0.7362291812896729,-759295.0
0.737215518951416,-759052.0
0.7392935752868652,-758542.0
0.7392935752868652,-757618.0
0.7422943115234375,-757334.0
0.743295431137085,-756795.0
0.7442946434020996,-756550.0
0.7462944984436035,-755995.0
0.7472944259643555,-755736.0
0.7494385242462158,-755315.0
0.7494385242462158,-755098.0
0.7504398822784424,-754191.0
0.7504398822784424,-753707.0
0.7544405460357666,-753099.0
0.7554507255554199,-752886.0
0.7554507255554199,-752217.0
0.757439374923706,-752008.0
0.7584388256072998,-751743.0
0.7584388256072998,-751658.0
0.76058030128479,-751449.0
0.7675814628601074,-750892.0
0.7706723213195801,-750459.0
0.7716705799102783,-750137.0
0.7726700305938721,-749367.0
0.7736704349517822,-749075.0
0.775670051574707,-748715.0
0.776674747467041,-748643.0
0.777674674987793,-747740.0
0.7808752059936523,-747640.0
0.7808752059936523,-747220.0
0.7818748950958252,-747053.0
0.7828755378723145,-746840.0
0.7828755378723145,-746045.0
0.7838749885559082,-745867.0
0.7848756313323975,-745276.0
0.7858870029449463,-744970.0
0.7868762016296387,-744512.0
0.7878868579864502,-744098.0
0.7889299392700195,-742910.0
0.7899420261383057,-742831.0
0.7914483547210693,-742364.0
0.7914483547210693,-742054.0
0.7954621315002441,-740828.0
0.7984621524810791,-740173.0
0.7995815277099609,-740115.0
0.8008036613464355,-739259.0
0.8008036613464355,-738087.0
0.8018052577972412,-737176.0
0.8018052577972412,-736582.0
0.8028185367584229,-736473.0
0.8068032264709473,-736204.0
0.8078126907348633,-735990.0
0.8098030090332031,-735021.0
0.8098030090332031,-734032.0
0.8108153343200684,-733556.0
0.8118135929107666,-732958.0
0.8118135929107666,-732543.0
0.8128199577331543,-731430.0
0.8138201236724854,-731356.0
0.8148198127746582,-730801.0
0.8158054351806641,-730525.0
0.8208036422729492,-730500.0
0.8208036422729492,-729821.0
0.823803186416626,-728990.0
0.8268041610717773,-728899.0
0.8278040885925293,-728876.0
0.8298037052154541,-728271.0
0.8308038711547852,-727510.0
0.8308038711547852,-726882.0
0.8328042030334473,-726701.0
0.8338043689727783,-726287.0
0.8348047733306885,-726265.0
0.8368046283721924,-724967.0
0.8378050327301025,-724697.0
0.8378050327301025,-723327.0
0.8388044834136963,-722370.0
0.8388044834136963,-721623.0
0.8398041725158691,-721278.0
0.8408036231994629,-721078.0
0.8418042659759521,-720782.0
0.8418042659759521,-719604.0
0.8438045978546143,-719397.0
0.844804048538208,-717988.0
0.844804048538208,-717837.0
0.8458032608032227,-717648.0
0.8468036651611328,-716290.0
0.8498036861419678,-715968.0
0.8508033752441406,-715646.0
0.8508033752441406,-715628.0
0.8518044948577881,-715500.0
0.8518044948577881,-715370.0
0.8538041114807129,-715037.0
0.8558197021484375,-714617.0
0.8558197021484375,-714151.0
0.8578159809112549,-713957.0
0.8598034381866455,-713609.0
0.8608202934265137,-713420.0
0.8618230819702148,-713087.0
0.8628129959106445,-713007.0
0.8658032417297363,-712776.0
0.8678054809570312,-711913.0
0.8688035011291504,-711702.0
0.8718032836914062,-711576.0
0.8728041648864746,-710610.0
0.8738040924072266,-709146.0
0.8758046627044678,-708727.0
0.8758046627044678,-708198.0
0.8768093585968018,-708106.0
0.8778095245361328,-707678.0
0.8778095245361328,-707654.0
0.8788094520568848,-707634.0
0.8798096179962158,-706593.0
0.8818166255950928,-705929.0
0.8828082084655762,-705766.0
0.8848159313201904,-705216.0
0.8858165740966797,-705115.0
0.8868105411529541,-704980.0
0.8878252506256104,-704840.0
0.8878252506256104,-704548.0
0.8878252506256104,-703973.0
0.888808012008667,-703317.0
0.8913273811340332,-703101.0
0.8923542499542236,-702754.0
0.8933494091033936,-702548.0
0.8963479995727539,-702122.0
0.8973453044891357,-701793.0
0.8973453044891357,-701325.0
0.8973453044891357,-701016.0
0.8983485698699951,-700082.0
0.9013347625732422,-699802.0
0.9033346176147461,-699155.0
0.9053351879119873,-698811.0
0.906334400177002,-698654.0
0.9093494415283203,-698481.0
0.9103372097015381,-697366.0
0.9113349914550781,-696778.0
0.9113349914550781,-696729.0
0.9113349914550781,-696171.0
0.9113349914550781,-695542.0
0.9113349914550781,-694804.0
0.9113349914550781,-694232.0
0.9113349914550781,-694107.0
0.9113349914550781,-693658.0
0.9113349914550781,-692170.0
0.9113349914550781,-691477.0
0.9113349914550781,-690245.0
0.9269988536834717,-690160.0
0.9269988536834717,-689455.0
0.9269988536834717,-689173.0
0.9269988536834717,-688869.0
0.9269988536834717,-688431.0
0.9269988536834717,-687066.0
0.9269988536834717,-686687.0
0.9269988536834717,-686395.0
0.9269988536834717,-686144.0
0.9269988536834717,-685615.0
0.9426226615905762,-685496.0
0.9426226615905762,-685397.0
0.9426226615905762,-684868.0
0.9426226615905762,-684767.0
0.9426226615905762,-684156.0
0.9426226615905762,-683282.0
0.9426226615905762,-682092.0
0.9491996765136719,-680843.0
0.9502036571502686,-680201.0
0.9502036571502686,-679670.0
0.9512033462524414,-679039.0
0.9522149562835693,-678225.0
0.9532039165496826,-677894.0
0.955204963684082,-676950.0
0.9562172889709473,-676722.0
0.9572150707244873,-676607.0
0.9603605270385742,-676261.0
0.9653594493865967,-675879.0
0.9673597812652588,-675197.0
0.9673597812652588,-674336.0
0.9683594703674316,-674259.0
0.9694199562072754,-674120.0
0.9714696407318115,-673463.0
0.9724693298339844,-673214.0
0.9724693298339844,-671939.0
0.9754698276519775,-671679.0
0.9794747829437256,-671518.0
0.979534387588501,-670545.0
0.9815366268157959,-670371.0
0.9835355281829834,-670129.0
0.9845354557037354,-670075.0
0.9845354557037354,-669591.0
0.9885365962982178,-669538.0
0.9897797107696533,-668654.0
0.9942920207977295,-668371.0
1.0004491806030273,-668327.0
1.001448392868042,-666999.0
1.0024495124816895,-666980.0
1.0034496784210205,-665461.0
1.0054476261138916,-665216.0
1.0074646472930908,-664862.0
1.008467197418213,-664786.0
1.008467197418213,-664487.0
1.0096347332000732,-663836.0
1.0106532573699951,-662880.0
1.0126454830169678,-662149.0
1.014650583267212,-661970.0
1.0156457424163818,-661889.0
1.0156457424163818,-660927.0
1.0176455974578857,-660721.0
1.0208396911621094,-660069.0
1.0228254795074463,-660044.0
1.0228254795074463,-659786.0
1.0248258113861084,-658594.0
1.0258255004882812,-658026.0
1.0268645286560059,-657605.0
1.0310277938842773,-656996.0
1.0330276489257812,-656903.0
1.0330276489257812,-656223.0
1.035017490386963,-655839.0
1.0360171794891357,-654788.0
1.0370380878448486,-654592.0
1.038017749786377,-654025.0
1.0392611026763916,-654006.0
1.0402631759643555,-653888.0
1.041278600692749,-653707.0
1.041278600692749,-653280.0
1.0422749519348145,-653170.0
1.0422749519348145,-653006.0
1.044262409210205,-651880.0
1.045271873474121,-651492.0
1.0504238605499268,-651336.0
1.0504238605499268,-650318.0
1.0524144172668457,-649969.0
1.0524144172668457,-649384.0
1.0544133186340332,-649305.0
1.057413101196289,-649082.0
1.0605814456939697,-648632.0
1.0615801811218262,-648361.0
1.0655906200408936,-647740.0
1.0675809383392334,-647722.0
1.0685944557189941,-647666.0
1.0685944557189941,-647461.0
1.0685944557189941,-647192.0
1.0710906982421875,-646575.0
1.0750913619995117,-645393.0
1.0760908126831055,-645287.0
1.077094316482544,-644998.0
1.077094316482544,-644656.0
1.077094316482544,-644613.0
1.0780940055847168,-644044.0
1.0811500549316406,-643905.0
1.0841522216796875,-643643.0
1.0851521492004395,-643385.0
1.0851521492004395,-643097.0
1.086151123046875,-642439.0
1.0881648063659668,-642408.0
1.0892407894134521,-640838.0
1.0902423858642578,-640208.0
1.0902423858642578,-639557.0
1.0912420749664307,-639294.0
1.093430757522583,-638756.0
1.093430757522583,-638482.0
1.0944328308105469,-638111.0
1.0974311828613281,-636730.0
1.1026391983032227,-635754.0
1.1046226024627686,-635133.0
1.1046226024627686,-634328.0
1.1057507991790771,-633812.0
1.1086373329162598,-632683.0
1.1138083934783936,-631688.0
1.1138083934783936,-631074.0
1.115807056427002,-630189.0
1.1178176403045654,-629728.0
1.118889570236206,-629483.0
1.1190006732940674,-629440.0
1.120002031326294,-629362.0
1.1250030994415283,-629094.0
1.1320784091949463,-628912.0
1.1320784091949463,-628149.0
1.136078119277954,-627398.0
1.1431350708007812,-627233.0
1.1451349258422852,-626403.0
1.1451349258422852,-625199.0
1.147134780883789,-624467.0
1.147134780883789,-624137.0
1.1481342315673828,-624036.0
1.1493325233459473,-624029.0
1.1503334045410156,-623977.0
1.1513330936431885,-623253.0
1.1523330211639404,-623226.0
1.1573336124420166,-622887.0
1.1583342552185059,-622420.0
1.1615402698516846,-621981.0
1.1625404357910156,-621933.0
1.1645407676696777,-621501.0
1.1665406227111816,-620736.0
1.1675405502319336,-620699.0
1.1675405502319336,-619848.0
1.169912338256836,-619597.0
1.170957088470459,-619356.0
1.1719589233398438,-619345.0
1.1719589233398438,-618185.0
1.1729557514190674,-617524.0
1.174957275390625,-616975.0
1.1759555339813232,-616191.0
1.1759555339813232,-615372.0
1.1759555339813232,-615205.0
1.179086685180664,-615157.0
1.1800885200500488,-614541.0
1.1840875148773193,-614219.0
1.1840875148773193,-613871.0
1.1850874423980713,-613724.0
1.1850874423980713,-613475.0
1.1850874423980713,-613367.0
1.1860876083374023,-612796.0
1.188141107559204,-612461.0
1.1943044662475586,-612418.0
1.1953048706054688,-611723.0
1.1963050365447998,-611678.0
1.1983044147491455,-611308.0
1.2014267444610596,-610496.0
1.2024266719818115,-609999.0
1.2054708003997803,-609759.0
1.2074272632598877,-609107.0
1.2084753513336182,-608873.0
1.2096705436706543,-608077.0
1.2117133140563965,-607791.0
1.2126691341400146,-607515.0
1.2126691341400146,-607124.0
1.2146778106689453,-606861.0
1.2166779041290283,-606565.0
1.2176775932312012,-606340.0
1.2209744453430176,-606041.0
1.2218947410583496,-605595.0
1.2258946895599365,-604859.0
1.226893663406372,-604841.0
1.226893663406372,-604731.0
1.2278978824615479,-604093.0
1.2288954257965088,-603888.0
1.2298955917358398,-603562.0
1.2298955917358398,-603382.0
1.231896162033081,-603367.0
1.2388968467712402,-603292.0
1.2408974170684814,-602565.0
1.2428984642028809,-602437.0
1.2438979148864746,-602242.0
1.2508959770202637,-601692.0
1.2518959045410156,-601492.0
1.2518959045410156,-601302.0
1.2568941116333008,-601132.0
1.258897304534912,-600945.0
1.260895013809204,-600731.0
1.2628931999206543,-599890.0
1.2628931999206543,-599355.0
1.265892505645752,-599114.0
1.266892433166504,-598981.0
1.266892433166504,-598944.0
1.268892765045166,-597917.0
1.2718968391418457,-596772.0
1.2718968391418457,-596650.0
1.2738940715789795,-595090.0
1.2748937606811523,-594553.0
1.2748937606811523,-594198.0
1.275893211364746,-593994.0
1.2768981456756592,-593696.0
1.2778983116149902,-593358.0
1.278898000717163,-591905.0
1.279897928237915,-591144.0
1.280898094177246,-590850.0
1.281898021697998,-590461.0
1.2838985919952393,-589933.0
1.284898281097412,-589906.0
1.295407772064209,-589482.0
1.295407772064209,-589476.0
1.2964067459106445,-588641.0
1.2984068393707275,-588503.0
1.2994084358215332,-588371.0
1.3004059791564941,-588237.0
1.3054077625274658,-587446.0
1.3054077625274658,-587170.0
1.3094062805175781,-586409.0
1.31040620803833,-585287.0
1.3124146461486816,-585175.0
1.3134143352508545,-585033.0
1.3144071102142334,-583859.0
1.316408634185791,-583675.0
1.316408634185791,-583666.0
1.318408489227295,-583643.0
1.319408655166626,-582987.0
1.3254141807556152,-581389.0
1.3284149169921875,-581305.0
1.32940673828125,-581155.0
1.3304059505462646,-580151.0
1.3314061164855957,-579082.0
1.3314061164855957,-578867.0
1.3324060440063477,-578816.0
1.3344104290008545,-578238.0
1.3364105224609375,-577638.0
1.3384747505187988,-577362.0
1.3444089889526367,-577151.0
1.3454084396362305,-576581.0
1.346412181854248,-575732.0
1.3474090099334717,-574657.0
1.354407787322998,-574327.0
1.354407787322998,-574319.0
1.3564064502716064,-573923.0
1.3594059944152832,-573195.0
1.3594059944152832,-573043.0
1.3665556907653809,-572821.0
1.367555856704712,-572803.0
1.3685522079467773,-572489.0
1.3685522079467773,-571981.0
1.3700048923492432,-571636.0
1.3750066757202148,-571276.0
1.3780195713043213,-571180.0
1.3790111541748047,-571155.0
1.3800101280212402,-570739.0
1.3800101280212402,-570606.0
1.3800101280212402,-569477.0
1.3820106983184814,-568756.0
1.3830106258392334,-568004.0
1.3850102424621582,-566677.0
1.3860104084014893,-566470.0
1.3860104084014893,-566052.0
1.3915231227874756,-565915.0
1.394526481628418,-565395.0
1.394526481628418,-565310.0
1.3955268859863281,-564932.0
1.39652681350708,-564730.0
1.398529052734375,-563445.0
1.3995285034179688,-562861.0
1.3995285034179688,-562708.0
1.400528907775879,-562643.0
1.4025287628173828,-562573.0
1.4045279026031494,-561336.0
1.4065258502960205,-560652.0
1.4065775871276855,-560372.0
1.412581443786621,-560257.0
1.4155807495117188,-560163.0
1.4200716018676758,-559565.0
1.4230735301971436,-559345.0
1.4240734577178955,-559201.0
1.4240734577178955,-558802.0
1.426074504852295,-558321.0
1.4300730228424072,-558218.0
1.4320728778839111,-558040.0
1.4370732307434082,-557175.0
1.4380745887756348,-556751.0
1.4390733242034912,-556531.0
1.4400722980499268,-555836.0
1.4420735836029053,-554712.0
1.4430744647979736,-554260.0
1.4450747966766357,-553599.0
1.447075366973877,-553327.0
1.447075366973877,-552630.0
1.455075740814209,-552599.0
1.457076072692871,-552493.0
1.457076072692871,-551909.0
1.4600815773010254,-551321.0
1.4620797634124756,-551183.0
1.463071346282959,-551172.0
1.4640707969665527,-550956.0
1.4640707969665527,-550744.0
1.4650793075561523,-549920.0
1.4660711288452148,-549542.0
1.467071533203125,-549251.0
1.4680712223052979,-549042.0
1.4690711498260498,-548983.0
1.472071886062622,-548410.0
1.4770760536193848,-547135.0
1.4791290760040283,-546583.0
1.4791290760040283,-546462.0
1.4861335754394531,-546192.0
1.4871337413787842,-545878.0
1.488130807876587,-545578.0
1.4901394844055176,-545453.0
1.4946467876434326,-544619.0
1.4956471920013428,-543983.0
1.496647596359253,-543806.0
1.496647596359253,-543356.0
1.4976484775543213,-543288.0
1.5007140636444092,-543276.0
1.5017058849334717,-542745.0
1.5037076473236084,-542627.0
1.5077061653137207,-542545.0
1.5128252506256104,-541261.0
1.514817476272583,-540413.0
1.514817476272583,-539956.0
1.5189659595489502,-539678.0
1.5209698677062988,-539389.0
1.5219674110412598,-539229.0
1.5229666233062744,-539151.0
1.5259745121002197,-539030.0
1.5289742946624756,-538379.0
1.5301024913787842,-537525.0
1.531102180480957,-537436.0
1.5321109294891357,-537185.0
1.5351109504699707,-536594.0
1.5371043682098389,-536214.0
1.5401709079742432,-535973.0
1.541170597076416,-535478.0
1.542170524597168,-535336.0
1.54317045211792,-534891.0
1.5441703796386719,-533868.0
1.546170711517334,-533388.0
1.5504510402679443,-533085.0
1.551379919052124,-532469.0
1.5573711395263672,-531685.0
1.5594604015350342,-531163.0
1.5605034828186035,-530827.0
1.5615050792694092,-530463.0
1.5645020008087158,-530315.0
1.5655100345611572,-529862.0
1.5665090084075928,-528845.0
1.5675089359283447,-528580.0
1.5696406364440918,-528464.0
1.5716426372528076,-528248.0
1.5726494789123535,-527062.0
1.5746493339538574,-526152.0
1.5756492614746094,-525235.0
1.5915863513946533,-524808.0
1.592592716217041,-523204.0
1.5936012268066406,-523116.0
1.5946009159088135,-522673.0
1.5975933074951172,-522610.0
1.6048827171325684,-521229.0
1.6068816184997559,-521085.0
1.607882022857666,-519804.0
1.6091954708099365,-519540.0
1.6091954708099365,-519528.0
1.6101958751678467,-519221.0
1.6111974716186523,-518403.0
1.612196683883667,-518099.0
1.615196704864502,-517894.0
1.616196870803833,-517792.0
1.6171965599060059,-517472.0
1.6171965599060059,-517433.0
1.618196725845337,-517318.0
1.6194374561309814,-517006.0
1.6204400062561035,-516608.0
1.6224400997161865,-516593.0
1.6244385242462158,-516347.0
1.6274378299713135,-515206.0
1.629582166671753,-515166.0
1.632582664489746,-514828.0
1.6345834732055664,-514263.0
1.6345834732055664,-514228.0
1.6355831623077393,-514005.0
1.637599229812622,-513885.0
1.6386258602142334,-513657.0
1.643644094467163,-512483.0
1.6446452140808105,-512315.0
1.6456451416015625,-511581.0
1.6476466655731201,-511210.0
1.6509191989898682,-510797.0
1.653923749923706,-510701.0
1.6559257507324219,-510422.0
1.6589245796203613,-510389.0
1.6639230251312256,-510116.0
1.6649250984191895,-509217.0
1.6649250984191895,-509151.0
1.6689260005950928,-509033.0
1.6709234714508057,-508490.0
1.6719229221343994,-507685.0
1.6729226112365723,-507427.0
1.6739227771759033,-506459.0
1.6759228706359863,-506093.0
1.6789271831512451,-505286.0
1.6809346675872803,-505195.0
1.6849262714385986,-504957.0
1.6889264583587646,-504020.0
1.6912257671356201,-503957.0
1.695732831954956,-503361.0
1.696732997894287,-502996.0
1.6998651027679443,-502362.0
1.7002010345458984,-502080.0
1.7022018432617188,-501347.0
1.7022018432617188,-500638.0
1.7032020092010498,-500289.0
1.7042021751403809,-498849.0
1.705202341079712,-497885.0
1.7072019577026367,-497535.0
1.7094974517822266,-497417.0
1.7094974517822266,-496721.0
1.711498737335205,-496079.0
1.716498613357544,-495894.0
1.7194983959197998,-495177.0
1.7206177711486816,-495037.0
1.7216174602508545,-494629.0
1.728621006011963,-493846.0
1.7296216487884521,-493791.0
1.7336208820343018,-492964.0
1.7356171607971191,-491962.0
1.7376210689544678,-491078.0
1.7386195659637451,-490816.0
1.7396187782287598,-490464.0
1.7436189651489258,-490234.0
1.7446184158325195,-490095.0
1.748619794845581,-489883.0
1.748619794845581,-489638.0
1.7506194114685059,-489188.0
1.7546300888061523,-488890.0
1.7596204280853271,-488678.0
1.7606189250946045,-488212.0
1.7646219730377197,-487988.0
1.7656195163726807,-487593.0
1.7656195163726807,-487183.0
1.7666196823120117,-487067.0
1.7796249389648438,-487057.0
1.7806251049041748,-486505.0
1.7826263904571533,-486245.0
1.7846264839172363,-486240.0
1.7856266498565674,-485325.0
1.7856266498565674,-484172.0
1.789623498916626,-483775.0
1.7909553050994873,-482740.0
1.793471336364746,-481401.0
1.7954683303833008,-480980.0
1.7964768409729004,-480693.0
1.797471523284912,-480599.0
1.8016767501831055,-480558.0
1.8046798706054688,-480499.0
1.8066794872283936,-479529.0
1.8106846809387207,-479303.0
1.8106846809387207,-478664.0
1.813676118850708,-477453.0
1.8146765232086182,-476867.0
1.8146765232086182,-476562.0
1.8156850337982178,-475506.0
1.8166768550872803,-475460.0
1.8196766376495361,-475397.0
1.8196766376495361,-475361.0
1.820676326751709,-474282.0
1.822676420211792,-474182.0
1.823676586151123,-473917.0
1.8256759643554688,-473898.0
1.826676368713379,-473611.0
1.8287451267242432,-472982.0
1.8338468074798584,-472823.0
1.8348474502563477,-472285.0
1.8348474502563477,-471932.0
1.8358471393585205,-471419.0
1.8368477821350098,-471164.0
1.8378455638885498,-470868.0
1.8390796184539795,-470716.0
1.8450791835784912,-470643.0
1.8470814228057861,-470088.0
1.8490874767303467,-470032.0
1.854081392288208,-469753.0
1.8560881614685059,-469619.0
1.860088586807251,-469369.0
1.861079216003418,-468782.0
1.8690874576568604,-468688.0
1.8730876445770264,-468387.0
1.8740873336791992,-467598.0
1.8760871887207031,-466146.0
1.877087116241455,-465893.0
1.8780949115753174,-465758.0
1.8780949115753174,-464330.0
1.8801026344299316,-464016.0
1.8810944557189941,-463236.0
1.8850948810577393,-462754.0
1.8880958557128906,-462237.0
1.8902297019958496,-461414.0
1.8912394046783447,-461402.0
1.8912394046783447,-460985.0
1.8922388553619385,-460761.0
1.8937313556671143,-460566.0
1.8947398662567139,-460505.0
1.8957397937774658,-460179.0
1.8977339267730713,-459942.0
1.8997318744659424,-459732.0
1.8998737335205078,-459477.0
1.900874376296997,-459299.0
1.90187406539917,-458530.0
1.9038755893707275,-457805.0
1.904874324798584,-456789.0
1.9078826904296875,-456612.0
1.9140193462371826,-456310.0
1.9150185585021973,-454812.0
1.9160270690917969,-454704.0
1.9160270690917969,-454068.0
1.9170193672180176,-453795.0
1.9180209636688232,-452850.0
1.9191207885742188,-452351.0
1.9221231937408447,-452147.0
1.9241299629211426,-451989.0
1.9241299629211426,-450683.0
1.9251296520233154,-449446.0
1.9271292686462402,-449265.0
1.9312515258789062,-449231.0
1.9312515258789062,-448893.0
1.934251070022583,-448603.0
1.936250925064087,-447876.0
1.9372477531433105,-447187.0
1.9392433166503906,-447007.0
1.9403083324432373,-446083.0
1.941307544708252,-445948.0
1.9433071613311768,-445230.0
1.944300889968872,-444978.0
1.9482991695404053,-444903.0
1.950488567352295,-444541.0
1.9514884948730469,-444524.0
1.9524884223937988,-443611.0
1.953489065170288,-443477.0
1.9544920921325684,-442848.0
1.9605965614318848,-442539.0
1.9605965614318848,-442183.0
1.9625964164733887,-441912.0
1.9635965824127197,-441724.0
1.9665963649749756,-441617.0
1.9665963649749756,-441610.0
1.9685969352722168,-441130.0
1.9738566875457764,-440327.0
1.9757707118988037,-439309.0
1.9777750968933105,-439103.0
1.9809718132019043,-439062.0
1.9819719791412354,-438276.0
1.9829723834991455,-438186.0
1.9849717617034912,-437426.0
1.9910871982574463,-437236.0
1.9935944080352783,-437207.0
1.9955949783325195,-437167.0
1.9955949783325195,-437119.0
1.9955949783325195,-436792.0
1.996595859527588,-436539.0
1.9998445510864258,-436467.0
2.0018458366394043,-435524.0
2.0018458366394043,-434911.0
2.0058462619781494,-434605.0
2.009908437728882,-433561.0
2.011908769607544,-432678.0
2.0149085521698,-432383.0
2.0169076919555664,-431040.0
2.0169076919555664,-430659.0
2.0249695777893066,-429928.0
2.0249695777893066,-429502.0
2.025968313217163,-429406.0
2.029029369354248,-428803.0
2.029029369354248,-428518.0
2.030031681060791,-427477.0
2.0310308933258057,-427440.0
2.0340325832366943,-427287.0
2.0360307693481445,-426769.0
2.0360307693481445,-426754.0
2.037031650543213,-426614.0
2.0430984497070312,-426450.0
2.0460965633392334,-425749.0
2.0495240688323975,-425565.0
2.0497868061065674,-424967.0
2.051790475845337,-424832.0
2.051790475845337,-424650.0
2.0547938346862793,-423861.0
2.0557923316955566,-423563.0
2.0557923316955566,-423283.0
2.0557923316955566,-423188.0
2.056790590286255,-422226.0
2.058791160583496,-421471.0
2.061077833175659,-420923.0
2.0620858669281006,-420522.0
2.06508469581604,-420219.0
2.0660858154296875,-419475.0
2.0680859088897705,-418742.0
2.0680859088897705,-418052.0
2.074157476425171,-418016.0
2.0761592388153076,-417443.0
2.0804383754730225,-417309.0
2.084434986114502,-416467.0
2.085434913635254,-416330.0
2.0895304679870605,-415355.0
2.0930404663085938,-415274.0
2.0970399379730225,-414733.0
2.0980396270751953,-414470.0
2.1011412143707275,-414321.0
2.103142023086548,-414317.0
2.10514497756958,-414262.0
2.1061439514160156,-413558.0
2.109215259552002,-413181.0
2.112323760986328,-413095.0
2.11332368850708,-413087.0
2.1143248081207275,-413029.0
2.1173245906829834,-413021.0
2.1215193271636963,-412918.0
2.1235170364379883,-412901.0
2.1245152950286865,-412894.0
2.1265220642089844,-412422.0
2.1275148391723633,-411790.0
2.1285152435302734,-410944.0
2.130070686340332,-410862.0
2.1338326930999756,-410775.0
2.1338326930999756,-410696.0
2.138833999633789,-410249.0
2.140831708908081,-409719.0
2.140831708908081,-409307.0
2.144831418991089,-409280.0
2.144831418991089,-409022.0
2.145831346511841,-407814.0
2.152831554412842,-407524.0
2.1568338871002197,-407177.0
2.1578316688537598,-406192.0
2.1598310470581055,-406104.0
2.1778385639190674,-405815.0
2.1809651851654053,-405489.0
2.1839652061462402,-404998.0
2.1900556087493896,-404800.0
2.192570686340332,-403794.0
2.1935768127441406,-403534.0
2.1955766677856445,-403505.0
2.1965746879577637,-403477.0
2.1995840072631836,-402754.0
2.200010061264038,-402661.0
2.2010104656219482,-402620.0
2.2020180225372314,-401734.0
2.204012632369995,-401428.0
2.206010341644287,-401214.0
2.2070119380950928,-400489.0
2.2090108394622803,-399995.0
2.21014142036438,-399576.0
2.214138984680176,-399361.0
2.216132640838623,-399121.0
2.21919846534729,-398929.0
2.2232093811035156,-398885.0
2.225208282470703,-398466.0
2.2281992435455322,-397901.0
2.229200601577759,-397642.0
2.2331995964050293,-397021.0
2.2351996898651123,-395755.0
2.2381999492645264,-395571.0
2.2392075061798096,-395062.0
2.2402079105377197,-394707.0
2.244199752807617,-394035.0
2.247206687927246,-393655.0
2.2542011737823486,-393359.0
2.2542011737823486,-393330.0
2.2542011737823486,-392911.0
2.257206678390503,-392023.0
2.257206678390503,-391923.0
2.258206605911255,-391687.0
2.2612075805664062,-391379.0
2.26519775390625,-390948.0
2.268206834793091,-390788.0
2.270207405090332,-390616.0
2.2782063484191895,-390312.0
2.279214859008789,-390243.0
2.28611159324646,-390046.0
2.2901642322540283,-389686.0
2.291168212890625,-388928.0
2.2936716079711914,-388913.0
2.2996740341186523,-388707.0
2.2996740341186523,-388100.0
2.3087518215179443,-387235.0
2.3117516040802,-386970.0
2.3127520084381104,-386446.0
2.3137433528900146,-385159.0
2.3137433528900146,-383951.0
2.3157477378845215,-383664.0
2.3167521953582764,-382956.0
2.318751811981201,-382328.0
2.318751811981201,-381474.0
2.3197522163391113,-381129.0
2.324751853942871,-381124.0
2.325751781463623,-380862.0
2.3429160118103027,-380849.0
2.348055362701416,-380676.0
2.348055362701416,-380509.0
2.348055362701416,-380485.0
2.349144458770752,-380197.0
2.3541462421417236,-379191.0
2.3561458587646484,-378024.0
2.3626363277435303,-377643.0
2.363562822341919,-377558.0
2.3645992279052734,-377345.0
2.3665637969970703,-377132.0
2.3675649166107178,-377040.0
2.3715646266937256,-376966.0
2.3757548332214355,-376676.0
2.3757548332214355,-376628.0
2.3767542839050293,-375872.0
2.3847572803497314,-375595.0
2.38675856590271,-375550.0
2.38675856590271,-374680.0
2.3942742347717285,-374327.0
2.395265817642212,-372848.0
2.401273250579834,-372643.0
2.4022738933563232,-372578.0
2.4052672386169434,-372515.0
2.4112658500671387,-372262.0
2.413273572921753,-371966.0
2.414273738861084,-371723.0
2.425273895263672,-371711.0
2.4272656440734863,-371458.0
2.434264898300171,-371087.0
2.4362733364105225,-370836.0
2.4402740001678467,-370666.0
2.4422738552093506,-369990.0
2.443265676498413,-369637.0
2.445265293121338,-368730.0
2.448265552520752,-368265.0
2.4492735862731934,-367817.0
2.452265977859497,-367652.0
2.454268217086792,-366975.0
2.454268217086792,-366735.0
2.4562671184539795,-366364.0
2.4562671184539795,-364889.0
2.4582698345184326,-364792.0
2.467332601547241,-364701.0
2.4755148887634277,-363746.0
2.4755148887634277,-363694.0
2.4765148162841797,-363183.0
2.4775195121765137,-362524.0
2.4775195121765137,-362188.0
2.4872045516967773,-361691.0
2.490201711654663,-361683.0
2.492201328277588,-361388.0
2.492706537246704,-360764.0
2.4947104454040527,-360103.0
2.498713493347168,-360004.0
2.499713897705078,-359107.0
2.5017127990722656,-358496.0
2.5017127990722656,-357921.0
2.504713535308838,-357126.0
2.505713701248169,-356505.0
2.5067105293273926,-356423.0
2.508711576461792,-356255.0
2.5097124576568604,-356102.0
2.5117125511169434,-355935.0
2.5137124061584473,-355624.0
2.51471209526062,-354724.0
2.5167131423950195,-354522.0
2.518885850906372,-353865.0
2.5218889713287354,-353191.0
2.532888412475586,-353065.0
2.532888412475586,-352940.0
2.535888910293579,-351975.0
2.54089093208313,-351683.0
2.544889450073242,-351352.0
2.5488903522491455,-350563.0
2.551889181137085,-350285.0
2.5538887977600098,-350257.0
2.5558884143829346,-350231.0
2.5591249465942383,-350156.0
2.5611400604248047,-349912.0
2.5611400604248047,-349072.0
2.562138557434082,-348378.0
2.575137138366699,-348186.0
2.577136754989624,-348109.0
2.5801405906677246,-347951.0
2.582139492034912,-347639.0
2.583141803741455,-346943.0
2.5841450691223145,-346186.0
2.5851430892944336,-346087.0
2.5851430892944336,-345798.0
2.591141700744629,-345499.0
2.592648506164551,-345102.0
2.593656063079834,-344749.0
2.5966603755950928,-343960.0
2.597651958465576,-342881.0
2.6078197956085205,-342863.0
2.6098198890686035,-342679.0
2.6108202934265137,-342037.0
2.6148264408111572,-341845.0
2.620818853378296,-341673.0
2.6248202323913574,-341652.0
2.6288201808929443,-341119.0
2.629897356033325,-340684.0
2.6339004039764404,-340283.0
2.6368982791900635,-340231.0
2.6368982791900635,-340136.0
2.6368982791900635,-340032.0
2.6389012336730957,-339472.0
2.643897771835327,-339284.0
2.6588995456695557,-339070.0
2.6598994731903076,-338775.0
2.6608994007110596,-338398.0
2.6628990173339844,-337648.0
2.6658987998962402,-337595.0
2.6658987998962402,-337374.0
2.6668999195098877,-336420.0
2.66890025138855,-335761.0
2.66990065574646,-335470.0
2.6708993911743164,-334587.0
2.672900438308716,-334551.0
2.6739001274108887,-334327.0
2.676898956298828,-333747.0
2.678969383239746,-333649.0
2.6844539642333984,-333584.0
2.6895008087158203,-333546.0
2.7023816108703613,-333168.0
2.703380584716797,-332149.0
2.705383539199829,-332091.0
2.7083804607391357,-331711.0
2.711381196975708,-331402.0
2.723379135131836,-331201.0
2.724379301071167,-331155.0
2.725379467010498,-330585.0
2.726379156112671,-330466.0
2.730379343032837,-330350.0
2.7353808879852295,-330082.0
2.7373812198638916,-329996.0
2.7383830547332764,-329903.0
2.745380401611328,-329778.0
2.7493791580200195,-328716.0
2.7523796558380127,-327791.0
2.756382465362549,-327492.0
2.760608673095703,-326411.0
2.768606662750244,-326393.0
2.769606351852417,-325608.0
2.7719345092773438,-325017.0
2.7779343128204346,-324726.0
2.7840142250061035,-324186.0
2.7850148677825928,-323210.0
2.787006378173828,-322470.0
2.788008451461792,-321940.0
2.791076898574829,-321799.0
2.79207444190979,-321345.0
2.7965829372406006,-321093.0
2.7985832691192627,-320594.0
2.799795150756836,-320472.0
2.799795150756836,-320308.0
2.800797700881958,-319836.0
2.800797700881958,-319404.0
2.8038079738616943,-318213.0
2.8089139461517334,-318049.0
2.8109147548675537,-317820.0
2.8119146823883057,-317663.0
2.8169143199920654,-317488.0
2.8200149536132812,-317037.0
2.8230159282684326,-316445.0
2.8240151405334473,-316226.0
2.8260154724121094,-316098.0
2.8270156383514404,-315498.0
2.8292126655578613,-315080.0
2.8362224102020264,-314212.0
2.838214635848999,-313684.0
2.8443000316619873,-313646.0
2.8483002185821533,-313617.0
2.853391170501709,-312997.0
2.856396436691284,-312752.0
2.859548330307007,-312316.0
2.859548330307007,-312097.0
2.861557960510254,-311325.0
2.862557888031006,-310879.0
2.8645575046539307,-310843.0
2.8665573596954346,-310425.0
2.8675575256347656,-310415.0
2.868549346923828,-310358.0
2.8726866245269775,-310331.0
2.8776893615722656,-309615.0
2.8803446292877197,-309339.0
2.8939247131347656,-308992.0
2.9000697135925293,-308686.0
2.9060897827148438,-308325.0
2.9101431369781494,-307478.0
2.911130905151367,-307383.0
2.9151382446289062,-307158.0
2.9171297550201416,-306521.0
2.9181301593780518,-306049.0
2.920132637023926,-305737.0
2.922132730484009,-305376.0
2.9231302738189697,-304908.0
2.9251389503479004,-304860.0
2.926138401031494,-304414.0
2.927138328552246,-304099.0
2.9281296730041504,-303503.0
2.9301300048828125,-303111.0
2.933138132095337,-303109.0
2.934138298034668,-302475.0
2.935131549835205,-302345.0
2.937138319015503,-302245.0
2.9381301403045654,-301984.0
2.9391298294067383,-301204.0
2.94014048576355,-301078.0
2.942138433456421,-300979.0
2.9501380920410156,-299962.0
2.9531304836273193,-299720.0
2.958138942718506,-299679.0
2.9601380825042725,-299382.0
2.962282180786133,-298061.0
2.9632821083068848,-297833.0
2.9642817974090576,-297760.0
2.967273473739624,-297034.0
2.9694180488586426,-296443.0
2.977426767349243,-295576.0
2.9784414768218994,-295306.0
2.979578733444214,-294831.0
2.980588436126709,-294536.0
2.9855871200561523,-294390.0
2.9865870475769043,-293033.0
2.9941415786743164,-292419.0
2.995140790939331,-292190.0
3.001225471496582,-291831.0
3.0032169818878174,-290973.0
3.0032169818878174,-290923.0
3.0052196979522705,-289957.0
3.007216691970825,-289879.0
3.0103037357330322,-289834.0
3.0113120079040527,-289828.0
3.0143048763275146,-289801.0
3.0163044929504395,-289556.0
3.0183050632476807,-288945.0
3.0183050632476807,-288809.0
3.01936674118042,-288575.0
3.022402048110962,-288521.0
3.0274014472961426,-287391.0
3.028451442718506,-287121.0
3.031647205352783,-286970.0
3.0356318950653076,-286799.0
3.0385591983795166,-286575.0
3.0406124591827393,-285391.0
3.041612386703491,-285044.0
3.043656349182129,-284870.0
3.0446977615356445,-284789.0
3.051830291748047,-284740.0
3.0538268089294434,-284259.0
3.054752826690674,-283951.0
3.056750535964966,-283330.0
3.0638046264648438,-283208.0
3.0668041706085205,-282859.0
3.0668041706085205,-282798.0
3.0678040981292725,-282663.0
3.069882869720459,-282575.0
3.075882911682129,-281998.0
3.0808873176574707,-281753.0
3.086887836456299,-281270.0
3.0913655757904053,-281210.0
3.092869997024536,-281166.0
3.092869997024536,-280657.0
3.093874931335449,-280605.0
3.0968739986419678,-280364.0
3.097874164581299,-279382.0
3.097874164581299,-278966.0
3.1032159328460693,-278785.0
3.1032159328460693,-278672.0
3.105132579803467,-278384.0
3.108128070831299,-278034.0
3.110319137573242,-277919.0
3.113318920135498,-277736.0
3.116318941116333,-277605.0
3.116318941116333,-277373.0
3.117319107055664,-277085.0
3.133338451385498,-276831.0
3.1343374252319336,-276100.0
3.1343374252319336,-275978.0
3.1363377571105957,-275940.0
3.1404645442962646,-275627.0
3.144473075866699,-275473.0
3.1496481895446777,-274694.0
3.150648832321167,-274191.0
3.15164852142334,-273888.0
3.159803867340088,-273871.0
3.1608030796051025,-273620.0
3.1627979278564453,-272832.0
3.166795015335083,-272506.0
3.171982765197754,-272031.0
3.172990560531616,-271658.0
3.1739907264709473,-271584.0
3.176990509033203,-271212.0
3.1789865493774414,-271189.0
3.1789865493774414,-270792.0
3.191121816635132,-270594.0
3.1946325302124023,-270013.0
3.200671672821045,-269803.0
3.203673839569092,-269559.0
3.2046728134155273,-269341.0
3.2046728134155273,-268325.0
3.207672595977783,-268140.0
3.216723680496216,-267783.0
3.220130443572998,-267612.0
3.22213077545166,-267012.0
3.22713303565979,-265608.0
3.2302002906799316,-265528.0
3.2332122325897217,-265341.0
3.2342119216918945,-265076.0
3.2392029762268066,-264996.0
3.2467329502105713,-264657.0
3.2477328777313232,-264541.0
3.252901792526245,-264493.0
3.252901792526245,-263903.0
3.263012409210205,-263695.0
3.2670140266418457,-263634.0
3.2751593589782715,-263401.0
3.277158737182617,-262859.0
3.284259796142578,-262653.0
3.284259796142578,-262450.0
3.28525972366333,-262304.0
3.2872531414031982,-261978.0
3.2913105487823486,-261511.0
3.2913105487823486,-261338.0
3.295816659927368,-261329.0
3.2978179454803467,-261272.0
3.2998697757720947,-260183.0
3.3078713417053223,-259920.0
3.3099632263183594,-259349.0
3.316962957382202,-259096.0
3.316962957382202,-259073.0
3.3189637660980225,-258990.0
3.3190174102783203,-258712.0
3.3210513591766357,-257832.0
3.3240506649017334,-257439.0
3.3290514945983887,-257204.0
3.331101894378662,-256725.0
3.3341004848480225,-256575.0
3.339102029800415,-256464.0
3.3431522846221924,-256149.0
3.358206033706665,-255676.0
3.360259771347046,-255260.0
3.361259698867798,-254962.0
3.369259834289551,-254147.0
3.372260332107544,-254080.0
3.377873182296753,-253761.0
3.383070230484009,-253505.0
3.386070728302002,-253468.0
3.3931660652160645,-253242.0
3.3943982124328613,-252883.0
3.3943982124328613,-252700.0
3.3964061737060547,-252025.0
3.405550956726074,-250991.0
3.4187872409820557,-250702.0
3.4217875003814697,-249814.0
3.425787925720215,-249722.0
3.425787925720215,-249457.0
3.439993381500244,-249411.0
3.440993309020996,-249353.0
3.448992967605591,-249099.0
3.449993133544922,-248809.0
3.4529926776885986,-248480.0
3.4540040493011475,-247998.0
3.455993413925171,-247549.0
3.4609930515289307,-247441.0
3.4629931449890137,-246466.0
3.4639933109283447,-245131.0
3.466993808746338,-244338.0
3.4759933948516846,-244134.0
3.4801976680755615,-243927.0
3.4811975955963135,-243901.0
3.4811975955963135,-243813.0
3.4861974716186523,-243670.0
3.492356300354004,-243485.0
3.493356227874756,-243383.0
3.5019848346710205,-242787.0
3.5039846897125244,-242539.0
3.5059847831726074,-242333.0
3.5089850425720215,-242241.0
3.5099849700927734,-241304.0
3.5119848251342773,-240816.0
3.5149881839752197,-240421.0
3.5159881114959717,-239816.0
3.5236656665802,-239571.0
3.526663064956665,-239472.0
3.527662992477417,-238815.0
3.529906988143921,-238144.0
3.5379140377044678,-237908.0
3.539008855819702,-237865.0
3.5420081615448,-237222.0
3.5420081615448,-237112.0
3.5420081615448,-237057.0
3.552319049835205,-237049.0
3.5553109645843506,-236751.0
3.557318687438965,-236472.0
3.561394691467285,-236443.0
3.5633978843688965,-235332.0
3.5653960704803467,-235050.0
3.5653960704803467,-234964.0
3.5663950443267822,-234821.0
3.5734872817993164,-234817.0
3.5744869709014893,-234617.0
3.576486825942993,-234224.0
3.578486919403076,-234049.0
3.586107015609741,-233468.0
3.5871081352233887,-233159.0
3.592266798019409,-233150.0
3.592266798019409,-233103.0
3.5937716960906982,-232841.0
3.5957772731781006,-232744.0
3.596775531768799,-232620.0
3.59877610206604,-232224.0
3.6151866912841797,-232051.0
3.6212449073791504,-231410.0
3.6222352981567383,-231003.0
3.6252341270446777,-230973.0
3.6252341270446777,-230684.0
3.6344449520111084,-230443.0
3.636444091796875,-230437.0
3.6395697593688965,-230175.0
3.6427712440490723,-230047.0
3.6490542888641357,-229172.0
3.650055170059204,-228604.0
3.6550636291503906,-228428.0
3.6570544242858887,-228409.0
3.662196159362793,-227631.0
3.6681885719299316,-227105.0
3.672494888305664,-226649.0
3.675499200820923,-225935.0
3.678495407104492,-225886.0
3.679499864578247,-225824.0
3.6827430725097656,-225742.0
3.683744430541992,-225321.0
3.688896656036377,-224961.0
3.6908981800079346,-224918.0
3.693403720855713,-224622.0
3.6944081783294678,-224183.0
3.6954078674316406,-223573.0
3.6964077949523926,-223478.0
3.6974077224731445,-222690.0
3.6974077224731445,-222616.0
3.6995654106140137,-222583.0
3.700566530227661,-222346.0
3.707566022872925,-222067.0
3.707566022872925,-221928.0
3.710606813430786,-221703.0
3.712618827819824,-221663.0
3.7146189212799072,-221308.0
3.72365665435791,-220750.0
3.7246549129486084,-220352.0
3.728848934173584,-219346.0
3.7298500537872314,-219213.0
3.736860752105713,-218842.0
3.7431840896606445,-218673.0
3.7585320472717285,-218596.0
3.7637383937835693,-217790.0
3.7677383422851562,-217636.0
3.7739315032958984,-217300.0
3.7759313583374023,-217043.0
3.778934955596924,-216901.0
3.78814435005188,-216899.0
3.8007044792175293,-216769.0
3.802704334259033,-216567.0
3.8326354026794434,-215597.0
3.834636688232422,-214973.0
3.835627317428589,-214527.0
3.8427305221557617,-214409.0
3.8477303981781006,-214061.0
3.851914405822754,-213222.0
3.852915048599243,-213200.0
3.861078977584839,-213193.0
3.865078926086426,-213013.0
3.8680708408355713,-212285.0
3.874213695526123,-212269.0
3.877213716506958,-211963.0
3.878213882446289,-211760.0
3.8832669258117676,-211205.0
3.888258457183838,-210156.0
3.888258457183838,-209450.0
3.893932580947876,-209236.0
3.8969364166259766,-208897.0
3.8989367485046387,-208195.0
3.9019408226013184,-207994.0
3.90385365486145,-207772.0
3.9068589210510254,-207584.0
3.917858123779297,-207479.0
3.9203197956085205,-207436.0
3.9213197231292725,-207244.0
3.9213197231292725,-206410.0
3.9263195991516113,-206092.0
3.9283196926116943,-206087.0
3.937204360961914,-205714.0
3.9554433822631836,-205459.0
3.964561700820923,-204273.0
3.967561960220337,-203735.0
3.9695615768432617,-203246.0
3.971561908721924,-203221.0
3.97756290435791,-203144.0
3.9795682430267334,-203124.0
3.992565870285034,-203001.0
3.994070291519165,-202985.0
4.003074884414673,-202938.0
4.009486436843872,-202603.0
4.011486768722534,-202466.0
4.020628929138184,-202169.0
4.024630069732666,-201820.0
4.0297157764434814,-201520.0
4.032724380493164,-201331.0
4.040771245956421,-200860.0
4.040771245956421,-200232.0
4.0710368156433105,-200135.0
4.07303786277771,-199876.0
4.077033042907715,-199608.0
4.079033851623535,-199200.0
4.081744432449341,-198895.0
4.08474588394165,-198805.0
4.08674430847168,-198689.0
4.0877439975738525,-197948.0
4.094184160232544,-197382.0
4.09518837928772,-196912.0
4.099256277084351,-196477.0
4.1042585372924805,-195856.0
4.105272531509399,-195050.0
4.1114091873168945,-194599.0
4.122466087341309,-194401.0
4.124474287033081,-193240.0
4.125474452972412,-192905.0
4.127474546432495,-192530.0
4.136657476425171,-192212.0
4.136657476425171,-191846.0
4.1510419845581055,-191796.0
4.159041881561279,-191789.0
4.171191453933716,-191548.0
4.173188924789429,-191528.0
4.17518949508667,-191452.0
4.18206262588501,-191321.0
4.194071054458618,-191215.0
4.201701879501343,-191077.0
4.205702066421509,-190700.0
4.205702066421509,-190580.0
4.2087013721466064,-190156.0
4.2230916023254395,-190114.0
4.2260901927948,-189948.0
4.227090120315552,-189754.0
4.241181135177612,-188679.0
4.2583770751953125,-188400.0
4.271952867507935,-187899.0
4.2723705768585205,-187781.0
4.281458616256714,-187742.0
4.284459114074707,-187133.0
4.285460948944092,-187102.0
4.289550304412842,-186923.0
4.291552305221558,-186495.0
4.299083232879639,-186466.0
4.306254863739014,-186047.0
4.307255029678345,-185602.0
4.329897403717041,-184919.0
4.3339056968688965,-184151.0
4.338896989822388,-184084.0
4.3419976234436035,-183924.0
4.3419976234436035,-183879.0
4.353503704071045,-183869.0
4.3575029373168945,-183650.0
4.361647844314575,-183588.0
4.364648342132568,-183556.0
4.379868268966675,-183492.0
4.383868217468262,-183461.0
4.3848676681518555,-183240.0
4.390009164810181,-183134.0
4.394008636474609,-182408.0
4.3985185623168945,-181928.0
4.402604341506958,-181890.0
4.409666299819946,-181609.0
4.411706447601318,-181143.0
4.411706447601318,-180849.0
4.413706302642822,-180777.0
4.413706302642822,-180627.0
4.415705442428589,-180405.0
4.419098377227783,-180267.0
4.421136856079102,-180133.0
4.423136949539185,-179669.0
4.436476707458496,-179530.0
4.4406538009643555,-179280.0
4.448653221130371,-178828.0
4.455811500549316,-178310.0
4.459869861602783,-177914.0
4.477051019668579,-177243.0
4.514611005783081,-177019.0
4.515600919723511,-176831.0
4.522599697113037,-176586.0
4.52360200881958,-176246.0
4.528600215911865,-175763.0
4.530600070953369,-175333.0
4.542600154876709,-175186.0
4.551799535751343,-174568.0
4.577208995819092,-173523.0
4.579416275024414,-173364.0
4.583416223526001,-173318.0
4.599093437194824,-173061.0
4.6033008098602295,-172932.0
4.611507892608643,-172806.0
4.611507892608643,-172560.0
4.6431050300598145,-172407.0
4.648106813430786,-171935.0
4.654315233230591,-171472.0
4.663473129272461,-171225.0
4.6797754764556885,-170961.0
4.680777072906494,-170553.0
4.689934015274048,-170246.0
4.698439836502075,-170196.0
4.708481550216675,-169697.0
4.719855785369873,-169209.0
4.720855474472046,-169106.0
4.7248570919036865,-169063.0
4.7300567626953125,-168876.0
4.736056566238403,-167943.0
4.738056421279907,-167894.0
4.739057302474976,-167665.0
4.752078533172607,-167613.0
4.758077383041382,-167479.0
4.771338701248169,-166822.0
4.772345781326294,-166634.0
4.778345584869385,-166558.0
4.797197103500366,-166524.0
4.798197269439697,-166387.0
4.801401138305664,-166342.0
4.810608863830566,-166205.0
4.810608863830566,-166048.0
4.822977304458618,-165960.0
4.832072973251343,-165719.0
4.83706521987915,-165566.0
4.83706521987915,-164778.0
4.8380653858184814,-164297.0
4.84328031539917,-163543.0
4.845280170440674,-163131.0
4.857459783554077,-162485.0
4.858908176422119,-162042.0
4.858908176422119,-161720.0
4.865912675857544,-161279.0
4.877203464508057,-160591.0
4.8804075717926025,-160116.0
4.8804075717926025,-159955.0
4.898787975311279,-159608.0
4.901010274887085,-159585.0
4.915060758590698,-159436.0
4.924143552780151,-159171.0
4.941506385803223,-158809.0
4.94550633430481,-158404.0
4.958916187286377,-158386.0
4.962916851043701,-158341.0
4.967927694320679,-158115.0
4.9710118770599365,-157044.0
4.974001407623291,-156968.0
4.979364395141602,-156737.0
4.980365514755249,-156441.0
4.986365079879761,-156415.0
4.989598989486694,-155337.0
4.994600296020508,-155194.0
4.9961090087890625,-155080.0
5.007317543029785,-154752.0
5.010528802871704,-154264.0
5.017529010772705,-153702.0
5.018528938293457,-152985.0
5.019730567932129,-152747.0
5.020731687545776,-152286.0
5.046730279922485,-152117.0
5.051729917526245,-151377.0
5.054738759994507,-151307.0
5.05979585647583,-151183.0
5.069670915603638,-150696.0
5.076669216156006,-150498.0
5.099890470504761,-150442.0
5.100892782211304,-149970.0
5.103891849517822,-149652.0
5.120203733444214,-149513.0
5.127203464508057,-148927.0
5.131308317184448,-148508.0
5.132319450378418,-148480.0
5.136319160461426,-147992.0
5.139552354812622,-147816.0
5.140554189682007,-147767.0
5.141554355621338,-147304.0
5.152823209762573,-147163.0
5.154824495315552,-147069.0
5.175898551940918,-146672.0
5.182072877883911,-146595.0
5.185073614120483,-146395.0
5.192223787307739,-146194.0
5.194728136062622,-146186.0
5.199883699417114,-145648.0
5.2028892040252686,-145309.0
5.216068267822266,-144986.0
5.224864482879639,-144273.0
5.226919889450073,-143952.0
5.237035751342773,-143771.0
5.2380359172821045,-143349.0
5.2380359172821045,-143020.0
5.254565954208374,-142335.0
5.261687278747559,-141902.0
5.2666919231414795,-141392.0
5.268791913986206,-141288.0
5.276796340942383,-140655.0
5.287054777145386,-140266.0
5.289260387420654,-140108.0
5.292263984680176,-140047.0
5.297779560089111,-139788.0
5.305926084518433,-139527.0
5.307926893234253,-139274.0
5.312169075012207,-138995.0
5.3205084800720215,-138469.0
5.3235087394714355,-138147.0
5.334621906280518,-138087.0
5.354401350021362,-137569.0
5.358399391174316,-137456.0
5.362736701965332,-137196.0
5.371805429458618,-136868.0
5.375806570053101,-136540.0
5.380013465881348,-136396.0
5.388014554977417,-135922.0
5.392117261886597,-135918.0
5.400779724121094,-135846.0
5.406782388687134,-135776.0
5.4109814167022705,-135614.0
5.41199517250061,-135334.0
5.423107862472534,-134902.0
5.4330973625183105,-134586.0
5.4370973110198975,-134470.0
5.467507600784302,-134244.0
5.468507528305054,-134237.0
5.469706296920776,-134006.0
5.4737207889556885,-133719.0
5.475708246231079,-133441.0
5.479851722717285,-133162.0
5.494877576828003,-132702.0
5.499530792236328,-132468.0
5.499530792236328,-132070.0
5.503531455993652,-132061.0
5.5065319538116455,-131487.0
5.51953649520874,-131017.0
5.545539855957031,-130980.0
5.547533988952637,-130728.0
5.548532724380493,-130608.0
5.562532424926758,-130343.0
5.583542823791504,-130273.0
5.5865418910980225,-129974.0
5.589543104171753,-129904.0
5.593535661697388,-129221.0
5.593535661697388,-129131.0
5.599227428436279,-128723.0
5.607229232788086,-128469.0
5.613229274749756,-127686.0
5.628232479095459,-127330.0
5.628232479095459,-127288.0
5.630380630493164,-127163.0
5.668522596359253,-126913.0
5.671522617340088,-126899.0
5.6888508796691895,-126681.0
5.689860582351685,-126648.0
5.706745386123657,-125656.0
5.708758115768433,-125506.0
5.714034795761108,-125373.0
5.737634897232056,-124841.0
5.738879919052124,-124663.0
5.7570881843566895,-124230.0
5.77243185043335,-124054.0
5.7764341831207275,-123998.0
5.795305490493774,-123574.0
5.805552959442139,-123542.0
5.808553218841553,-123490.0
5.812876224517822,-123374.0
5.819027900695801,-122491.0
5.826040029525757,-121903.0
5.831179857254028,-121380.0
5.834179639816284,-121120.0
5.8393731117248535,-120876.0
5.840373516082764,-119955.0
5.842373371124268,-119922.0
5.884915113449097,-119809.0
5.894065618515015,-119660.0
5.90876579284668,-119445.0
5.910769462585449,-119347.0
5.929891586303711,-119090.0
5.929891586303711,-118552.0
5.94307017326355,-118319.0
5.9440696239471436,-118176.0
5.955343723297119,-118020.0
5.9688074588775635,-118002.0
5.97498893737793,-117441.0
6.003019094467163,-117165.0
6.00701904296875,-116713.0
6.008020639419556,-116642.0
6.010082960128784,-116251.0
6.014081716537476,-115667.0
6.016082286834717,-115531.0
6.023141145706177,-115484.0
6.024142026901245,-114721.0
6.02514123916626,-113932.0
6.033326864242554,-113681.0
6.0383217334747314,-113219.0
6.042525768280029,-112132.0
6.056703090667725,-112005.0
6.0599048137664795,-111485.0
6.07897686958313,-111391.0
6.07897686958313,-111169.0
6.087884902954102,-111109.0
6.103395938873291,-110790.0
6.117397308349609,-110326.0
6.13857626914978,-110230.0
6.150769948959351,-109969.0
6.1747612953186035,-109959.0
6.212011814117432,-109923.0
6.220656871795654,-109846.0
6.2216620445251465,-109610.0
6.228661060333252,-109086.0
6.230422019958496,-108630.0
6.2458014488220215,-108245.0
6.251561164855957,-107686.0
6.274864912033081,-107481.0
6.286872148513794,-107261.0
6.329395055770874,-107220.0
6.3424904346466064,-107133.0
6.3424904346466064,-106649.0
6.346489429473877,-106575.0
6.355488538742065,-106487.0
6.3634912967681885,-106255.0
6.364490270614624,-106208.0
6.396490097045898,-105909.0
6.4016640186309814,-105768.0
6.415713310241699,-105676.0
6.416712760925293,-105536.0
6.419903516769409,-105452.0
6.424890518188477,-105399.0
6.425889730453491,-104924.0
6.434042930603027,-104854.0
6.448131799697876,-104460.0
6.453225612640381,-104419.0
6.4696338176727295,-104418.0
6.471738338470459,-104097.0
6.483850955963135,-103362.0
6.486763000488281,-103357.0
6.493980169296265,-103204.0
6.49648380279541,-102329.0
6.502598285675049,-102312.0
6.512885570526123,-102026.0
6.513902425765991,-101634.0
6.53133225440979,-101447.0
6.539332389831543,-101318.0
6.547380447387695,-101292.0
6.549380302429199,-101227.0
6.55443811416626,-101217.0
6.5614845752716064,-101106.0
6.5634777545928955,-100623.0
6.564477920532227,-100605.0
6.586913347244263,-99786.0
6.595120906829834,-99785.0
6.598629474639893,-99595.0
6.602830648422241,-99375.0
6.608829498291016,-99198.0
6.615876197814941,-99184.0
6.629881143569946,-98938.0
6.640875816345215,-98646.0
6.655876159667969,-98639.0
6.657876491546631,-98621.0
6.670179605484009,-98583.0
6.671179533004761,-98290.0
6.675173997879028,-98098.0
6.682648420333862,-97817.0
6.685648202896118,-97591.0
6.687648057937622,-97517.0
6.695812940597534,-97259.0
6.706612825393677,-96939.0
6.7189624309539795,-96931.0
6.722971439361572,-96803.0
6.726963520050049,-96627.0
6.735185861587524,-96260.0
6.746613264083862,-96176.0
6.753879547119141,-96170.0
6.771416425704956,-96027.0
6.785725831985474,-96004.0
6.80460524559021,-95645.0
6.80560564994812,-95530.0
6.820766448974609,-95389.0
6.8227667808532715,-95259.0
6.831818580627441,-94741.0
6.834819793701172,-94643.0
6.839880704879761,-94605.0
6.840880870819092,-94413.0
6.8468804359436035,-94320.0
6.862060546875,-94305.0
6.862060546875,-93927.0
6.879192113876343,-93926.0
6.887218713760376,-93692.0
6.907058477401733,-93611.0
6.919213533401489,-93502.0
6.956655263900757,-93403.0
6.998167514801025,-93296.0
6.999459981918335,-93293.0
7.003460884094238,-93202.0
7.005460977554321,-93118.0
7.011652946472168,-92660.0
7.014643430709839,-92340.0
7.017650842666626,-92211.0
7.028004884719849,-91860.0
7.02920937538147,-91571.0
7.03020977973938,-91379.0
7.034209489822388,-91234.0
7.0646045207977295,-91230.0
7.098954200744629,-91225.0
7.103018045425415,-91119.0
7.1103339195251465,-91018.0
7.111341714859009,-90847.0
7.125548362731934,-90783.0
7.126546144485474,-90779.0
7.139167308807373,-90697.0
7.150177240371704,-90503.0
7.156167268753052,-90349.0
7.161168575286865,-90281.0
7.166175842285156,-89922.0
7.169175863265991,-89909.0
7.1711671352386475,-89643.0
7.184171676635742,-89217.0
7.184171676635742,-89033.0
7.186171531677246,-88107.0
7.19417142868042,-87790.0
7.203816890716553,-87391.0
7.2138671875,-86922.0
7.214867353439331,-86790.0
7.222976207733154,-86307.0
7.224975109100342,-86223.0
7.225975036621094,-85786.0
7.227973937988281,-85725.0
7.239185571670532,-85680.0
7.249338150024414,-85461.0
7.2563395500183105,-85258.0
7.298785448074341,-85085.0
7.299767971038818,-84886.0
7.302797317504883,-84807.0
7.318835020065308,-84625.0
7.324894666671753,-84233.0
7.325894594192505,-83919.0
7.337961435317993,-83796.0
7.339057207107544,-83391.0
7.34908127784729,-83248.0
7.361138105392456,-83115.0
7.365137815475464,-82801.0
7.387252569198608,-82762.0
7.394315242767334,-82631.0
7.396324396133423,-82473.0
7.399853706359863,-81963.0
7.407918691635132,-81577.0
7.424036979675293,-81488.0
7.439099073410034,-81306.0
7.453160047531128,-81037.0
7.469189643859863,-80421.0
7.472243309020996,-80228.0
7.480310678482056,-79764.0
7.4813196659088135,-79577.0
7.512927532196045,-79533.0
7.526963949203491,-79303.0
7.5470569133758545,-78815.0
7.561448335647583,-78808.0
7.604167222976685,-78494.0
7.610186815261841,-78430.0
7.631176471710205,-77969.0
7.6557722091674805,-77928.0
7.659775733947754,-77830.0
7.666547536849976,-77753.0
7.666547536849976,-77676.0
7.699405908584595,-77530.0
7.7194132804870605,-77269.0
7.72940468788147,-77110.0
7.743311405181885,-76648.0
7.771319389343262,-76357.0
7.788988351821899,-76254.0
7.788988351821899,-75935.0
7.800494432449341,-75519.0
7.816502332687378,-75477.0
7.816502332687378,-75364.0
7.840493202209473,-75105.0
7.841493129730225,-74543.0
7.85050368309021,-74144.0
7.8704938888549805,-74048.0
7.873502492904663,-73362.0
7.874502420425415,-73316.0
7.879549264907837,-73088.0
7.9027979373931885,-73025.0
7.9027979373931885,-72928.0
7.908789873123169,-72582.0
7.926267862319946,-72570.0
7.935338258743286,-72347.0
7.936338186264038,-72288.0
7.938338041305542,-72230.0
7.954456329345703,-72111.0
7.967364072799683,-72020.0
7.981630563735962,-71945.0
8.00528335571289,-71800.0
8.006284713745117,-71493.0
8.056439399719238,-71190.0
8.05743956565857,-70941.0
8.073610305786133,-70410.0
8.074602603912354,-70309.0
8.097890615463257,-70189.0
8.123355388641357,-69918.0
8.163156509399414,-69676.0
8.170363426208496,-69496.0
8.183463096618652,-69338.0
8.194660902023315,-69335.0
8.20035696029663,-69334.0
8.204355478286743,-68616.0
8.207355737686157,-68590.0
8.210346937179565,-68550.0
8.247355461120605,-68465.0
8.283655405044556,-68411.0
8.347480535507202,-68281.0
8.351231575012207,-68173.0
8.35949420928955,-67571.0
8.365537643432617,-67477.0
8.369774580001831,-67125.0
8.372783660888672,-67050.0
8.391868591308594,-66909.0
8.403620719909668,-66676.0
8.43521237373352,-66600.0
8.449903726577759,-66079.0
8.450907707214355,-65924.0
8.464175701141357,-65912.0
8.470493793487549,-65749.0
8.472492694854736,-65743.0
8.501543521881104,-65346.0
8.51241660118103,-65331.0
8.513417482376099,-65268.0
8.520492553710938,-64593.0
8.527528285980225,-64410.0
8.534640312194824,-64394.0
8.582206964492798,-64334.0
8.589221477508545,-64317.0
8.626150846481323,-64309.0
8.633392333984375,-64253.0
8.643492460250854,-64072.0
8.664299488067627,-64031.0
8.667299270629883,-63888.0
8.680477857589722,-63809.0
8.700613975524902,-63490.0
8.720221996307373,-63182.0
8.746845006942749,-62851.0
8.746845006942749,-62299.0
8.758844137191772,-61917.0
8.765844106674194,-61689.0
8.794300079345703,-61393.0
8.79830026626587,-61188.0
8.84395694732666,-61139.0
8.855446338653564,-61059.0
8.91191029548645,-60767.0
8.914909362792969,-60658.0
8.915918111801147,-60593.0
8.918983221054077,-60219.0
8.933274507522583,-60051.0
8.945386409759521,-59877.0
8.974840879440308,-59390.0
8.977839946746826,-59340.0
8.982861995697021,-58665.0
8.990072011947632,-58621.0
8.99708104133606,-58602.0
9.010546207427979,-58586.0
9.013597249984741,-58541.0
9.118526697158813,-58057.0
9.120688199996948,-57977.0
9.125696659088135,-57755.0
9.130899429321289,-57567.0
9.15810251235962,-57461.0
9.163280487060547,-57207.0
9.169278860092163,-57116.0
9.169278860092163,-56857.0
9.185668468475342,-56711.0
9.200188636779785,-56562.0
9.230456590652466,-56540.0
9.231456279754639,-56133.0
9.23745608329773,-56009.0
9.265115976333618,-55940.0
9.295129776000977,-55611.0
9.299138307571411,-55590.0
9.30771803855896,-55477.0
9.329986810684204,-55356.0
9.368381261825562,-55102.0
9.449979305267334,-55049.0
9.459045886993408,-55014.0
9.46007776260376,-54707.0
9.49230432510376,-54254.0
9.51786184310913,-54224.0
9.526999711990356,-54085.0
9.528001308441162,-53931.0
9.528001308441162,-53589.0
9.550192832946777,-53426.0
9.580527067184448,-53353.0
9.58356499671936,-53299.0
9.584556341171265,-53237.0
9.587570905685425,-52696.0
9.588578701019287,-52451.0
9.615707635879517,-52341.0
9.629680871963501,-52168.0
9.641126871109009,-52123.0
9.643128156661987,-52116.0
9.681719064712524,-51777.0
9.688724994659424,-51711.0
9.69176697731018,-51476.0
9.728964805603027,-51416.0
9.734974145889282,-51369.0
9.766261100769043,-51336.0
9.790448188781738,-51330.0
9.803941011428833,-50930.0
9.822949886322021,-50586.0
9.828941822052002,-50552.0
9.833940505981445,-50498.0
9.854236602783203,-50186.0
9.911162376403809,-49855.0
9.932519912719727,-49850.0
9.93452000617981,-49812.0
10.020324945449829,-49606.0
10.023321628570557,-49538.0
10.041618824005127,-49442.0
10.053657054901123,-49256.0
10.076147556304932,-49219.0
10.081324577331543,-49206.0
10.112185001373291,-49187.0
10.132492303848267,-49053.0
10.20407223701477,-48943.0
10.206072330474854,-48502.0
10.215253829956055,-48258.0
10.219318151473999,-48049.0
10.226349115371704,-48003.0
10.235474109649658,-47921.0
10.254801034927368,-47864.0
10.31195068359375,-47827.0
10.358355522155762,-47597.0
10.383794784545898,-47577.0
10.415019512176514,-47108.0
10.455842733383179,-46787.0
10.480746746063232,-46778.0
10.481746673583984,-46693.0
10.527887105941772,-46675.0
10.545367240905762,-46644.0
10.554474592208862,-46642.0
10.557475805282593,-46636.0
10.57487440109253,-46587.0
10.58437204360962,-46275.0
10.595595836639404,-46127.0
10.604362487792969,-45719.0
10.61245083808899,-45524.0
10.61345100402832,-45342.0
10.629808902740479,-45332.0
10.6758291721344,-45057.0
10.680019855499268,-45005.0
10.683019161224365,-44962.0
10.696216583251953,-44946.0
10.714874505996704,-44930.0
10.724987745285034,-44685.0
10.73005199432373,-44162.0
10.743750095367432,-44160.0
10.751813888549805,-44122.0
10.764056921005249,-43706.0
10.775306701660156,-43645.0
10.82443356513977,-43630.0
10.830487251281738,-43583.0
10.856632232666016,-43373.0
10.897639989852905,-43298.0
10.944677829742432,-43163.0
10.966860294342041,-43050.0
10.976099014282227,-42954.0
10.981294631958008,-42639.0
10.983302593231201,-42140.0
10.987297296524048,-41652.0
11.000167846679688,-41547.0
11.000167846679688,-41296.0
11.053308248519897,-41151.0
11.09168267250061,-40876.0
11.093682765960693,-40815.0
11.10738229751587,-40717.0
11.118862867355347,-40689.0
11.148066759109497,-40680.0
11.150151014328003,-40504.0
11.186811208724976,-40413.0
11.197908639907837,-40356.0
11.200515985488892,-40223.0
11.217681646347046,-39793.0
11.233869075775146,-39763.0
11.255332946777344,-39687.0
11.292773723602295,-39346.0
11.31256651878357,-39196.0
11.480563640594482,-38633.0
11.525598287582397,-38339.0
11.561401128768921,-38325.0
11.56340217590332,-37955.0
11.578594446182251,-37863.0
11.63024616241455,-37711.0
11.643502235412598,-37552.0
11.682965278625488,-37503.0
11.725061416625977,-37207.0
11.732270956039429,-37034.0
11.73826789855957,-36385.0
11.74434232711792,-36029.0
11.79926347732544,-36028.0
11.86082935333252,-36002.0
11.869922876358032,-35985.0
11.891430854797363,-35698.0
11.965747117996216,-35588.0
11.980947971343994,-35527.0
12.013305425643921,-35440.0
12.024730682373047,-35431.0
12.033165216445923,-34980.0
12.10175895690918,-34825.0
12.10175895690918,-34492.0
12.11427092552185,-34248.0
12.157597064971924,-34054.0
12.16309142112732,-33809.0
12.21079158782959,-33439.0
12.236942529678345,-33435.0
12.296976804733276,-33270.0
12.315482139587402,-33239.0
12.347846746444702,-33226.0
12.36584734916687,-33131.0
12.371855020523071,-33119.0
12.37384581565857,-32931.0
12.389259576797485,-32851.0
12.451938152313232,-32765.0
12.565416097640991,-32620.0
12.615228176116943,-32485.0
12.632454633712769,-32424.0
12.651586055755615,-32264.0
12.679989337921143,-32232.0
12.711375713348389,-32060.0
12.753621816635132,-31996.0
12.759785175323486,-31992.0
12.803041934967041,-31977.0
12.811830997467041,-31885.0
12.849082469940186,-31757.0
12.86012077331543,-31428.0
12.968984365463257,-31057.0
12.982013702392578,-30601.0
13.036820888519287,-30526.0
13.044968128204346,-30401.0
13.099031448364258,-30258.0
13.10655927658081,-30232.0
13.118210554122925,-30091.0
13.142757177352905,-30090.0
13.162261247634888,-30029.0
13.2736337184906,-30010.0
13.321362972259521,-29803.0
13.391024827957153,-29675.0
13.444907426834106,-29307.0
13.4680016040802,-29190.0
13.506897449493408,-29057.0
13.527902603149414,-28947.0
13.53089451789856,-28799.0
13.542903184890747,-28672.0
13.555919408798218,-28566.0
13.611063480377197,-28450.0
13.745512962341309,-28362.0
13.747507095336914,-28306.0
13.882946491241455,-28286.0
13.884946346282959,-28196.0
13.922406673431396,-28149.0
13.94084095954895,-27939.0
13.994291305541992,-27860.0
13.999290466308594,-27840.0
14.06076431274414,-27816.0
14.062772274017334,-27656.0
14.120202779769897,-27599.0
14.246037483215332,-27443.0
14.322141647338867,-27396.0
14.350498914718628,-27329.0
14.396761417388916,-27234.0
14.417181253433228,-27022.0
14.474941492080688,-27003.0
14.56559157371521,-26975.0
14.571590662002563,-26916.0
14.61036491394043,-26860.0
14.612364530563354,-26772.0
14.639501094818115,-26754.0
14.663673162460327,-26709.0
14.744850397109985,-26280.0
14.821834325790405,-26152.0
14.832879304885864,-26044.0
14.83688759803772,-25993.0
14.841946363449097,-25981.0
14.8449547290802,-25877.0
14.865063428878784,-25864.0
14.86707091331482,-25791.0
14.94871473312378,-25759.0
14.961774110794067,-25741.0
15.075460433959961,-25550.0
15.166361331939697,-25433.0
15.173571348190308,-25326.0
15.190927028656006,-25158.0
15.217034578323364,-25036.0
15.283049583435059,-24936.0
15.397249460220337,52174.0
15.443602085113525,52178.0
15.484921932220459,52190.0
15.536985158920288,52199.0
15.684407949447632,52201.0
17.463430881500244,52203.0
17.841275930404663,52205.0
