0.0,-23732.0
0.0,-22743.0
0.0,-21610.0
0.0,-21602.0
0.0,-21316.0
0.0,-21058.0
0.0,-20536.0
0.0,-20517.0
0.0,-19074.0
0.0,-18865.0
0.0,-17646.0
0.0,-16730.0
0.0,-16382.0
0.0,-16200.0
0.0,-16121.0
0.0,-15843.0
0.0,-15406.0
0.0,-14633.0
0.0,-14494.0
0.0,-13585.0
0.0,-13358.0
0.0,-12613.0
0.0,-12397.0
0.0009999275207519531,-12109.0
0.0009999275207519531,-11638.0
0.0009999275207519531,-11145.0
0.0009999275207519531,-10836.0
0.0009999275207519531,-10805.0
0.0009999275207519531,-10246.0
0.0009999275207519531,-9255.0
0.0009999275207519531,-8437.0
0.0009999275207519531,-8103.0
0.0009999275207519531,-7697.0
0.0009999275207519531,-7584.0
0.0009999275207519531,-7223.0
0.0009999275207519531,-7190.0
0.0009999275207519531,-6124.0
0.0009999275207519531,-5410.0
0.0009999275207519531,-4236.0
0.0019998550415039062,-3806.0
0.0019998550415039062,-3512.0
0.0019998550415039062,-3397.0
0.0019998550415039062,-3091.0
0.0019998550415039062,-2838.0
0.0019998550415039062,-2656.0
0.0019998550415039062,-2342.0
0.0019998550415039062,-2297.0
0.0019998550415039062,-1997.0
0.0019998550415039062,-1920.0
0.0029997825622558594,-1841.0
0.0029997825622558594,-1628.0
0.0029997825622558594,-1387.0
0.0029997825622558594,-1241.0
0.0039997100830078125,-1087.0
0.0039997100830078125,1617.0
0.0039997100830078125,1652.0
0.011000394821166992,1663.0
0.011999845504760742,1679.0
0.014501571655273438,1692.0
0.023504018783569336,1694.0
0.05550384521484375,1695.0
