0.0,-253257.0
0.0009999275207519531,-252066.0
0.0009999275207519531,-251422.0
0.0009999275207519531,-250783.0
0.0009999275207519531,-250106.0
0.0009999275207519531,-249444.0
0.0009999275207519531,-249013.0
0.0009999275207519531,-248746.0
0.0019998550415039062,-248293.0
0.0019998550415039062,-246796.0
0.0019998550415039062,-246398.0
0.0019998550415039062,-246164.0
0.0019998550415039062,-245197.0
0.0019998550415039062,-243809.0
0.0019998550415039062,-242785.0
0.0019998550415039062,-242694.0
0.003000020980834961,-240768.0
0.003000020980834961,-240058.0
0.003000020980834961,-239900.0
0.003000020980834961,-239316.0
0.003000020980834961,-238274.0
0.003000020980834961,-237250.0
0.003000020980834961,-236894.0
0.003999948501586914,-236189.0
0.003999948501586914,-235323.0
0.003999948501586914,-234893.0
0.003999948501586914,-233284.0
0.003999948501586914,-232185.0
0.003999948501586914,-231344.0
0.003999948501586914,-230748.0
0.003999948501586914,-230173.0
0.004999637603759766,-229897.0
0.004999637603759766,-229659.0
0.004999637603759766,-228882.0
0.004999637603759766,-228666.0
0.004999637603759766,-227500.0
0.004999637603759766,-226677.0
0.00599980354309082,-226006.0
0.00599980354309082,-225704.0
0.00599980354309082,-225216.0
0.00599980354309082,-224935.0
0.00599980354309082,-224796.0
0.00599980354309082,-223565.0
0.006999969482421875,-222863.0
0.006999969482421875,-222135.0
0.006999969482421875,-222058.0
0.006999969482421875,-221864.0
0.006999969482421875,-221773.0
0.007999897003173828,-221627.0
0.007999897003173828,-220161.0
0.00899958610534668,-218950.0
0.00899958610534668,-218109.0
0.00899958610534668,-217834.0
0.00899958610534668,-217246.0
0.00899958610534668,-216914.0
0.00899958610534668,-216890.0
0.00899958610534668,-215353.0
0.009999752044677734,-214846.0
0.009999752044677734,-213824.0
0.009999752044677734,-212351.0
0.009999752044677734,-211519.0
0.009999752044677734,-211014.0
0.009999752044677734,-210911.0
0.009999752044677734,-210593.0
0.010999679565429688,-209681.0
0.010999679565429688,-209497.0
0.010999679565429688,-207752.0
0.010999679565429688,-207603.0
0.010999679565429688,-207541.0
0.01199960708618164,-207297.0
0.01199960708618164,-206757.0
0.01199960708618164,-205149.0
0.01199960708618164,-204634.0
0.01199960708618164,-203213.0
0.01199960708618164,-202933.0
0.012999773025512695,-202019.0
0.013999700546264648,-201440.0
0.013999700546264648,-199939.0
0.013999700546264648,-199187.0
0.014999628067016602,-199114.0
0.014999628067016602,-199069.0
0.014999628067016602,-198922.0
0.014999628067016602,-198877.0
0.014999628067016602,-198424.0
0.014999628067016602,-197468.0
0.014999628067016602,-195956.0
0.015999555587768555,-194920.0
0.015999555587768555,-194390.0
0.015999555587768555,-194037.0
0.01699995994567871,-193135.0
0.01699995994567871,-192843.0
0.01699995994567871,-192752.0
0.01699995994567871,-192361.0
0.01699995994567871,-191882.0
0.01699995994567871,-191157.0
0.017999887466430664,-190907.0
0.017999887466430664,-190200.0
0.017999887466430664,-190169.0
0.017999887466430664,-190142.0
0.017999887466430664,-190093.0
0.017999887466430664,-189592.0
0.018997907638549805,-189494.0
0.018997907638549805,-188128.0
0.018997907638549805,-188063.0
0.018997907638549805,-186757.0
0.018997907638549805,-186288.0
0.02000880241394043,-185240.0
0.02000880241394043,-185206.0
0.02000880241394043,-184216.0
0.02000880241394043,-182624.0
0.021008968353271484,-182424.0
0.021008968353271484,-182371.0
0.021008968353271484,-182294.0
0.021008968353271484,-181756.0
0.022010087966918945,-181503.0
0.022010087966918945,-180581.0
0.022998809814453125,-179766.0
0.023997783660888672,-179207.0
0.023997783660888672,-179126.0
0.023997783660888672,-178257.0
0.023997783660888672,-177998.0
0.023997783660888672,-177784.0
0.023997783660888672,-176796.0
0.024997949600219727,-175930.0
0.024997949600219727,-175420.0
0.024997949600219727,-174696.0
0.024997949600219727,-174682.0
0.024997949600219727,-173769.0
0.024997949600219727,-173594.0
0.024997949600219727,-173560.0
0.025997638702392578,-173267.0
0.025997638702392578,-173061.0
0.02699756622314453,-172280.0
0.02699756622314453,-172167.0
0.02699756622314453,-170533.0
0.02699756622314453,-169893.0
0.02699756622314453,-168231.0
0.027997970581054688,-166634.0
0.027997970581054688,-166530.0
0.027997970581054688,-166496.0
0.027997970581054688,-166315.0
0.027997970581054688,-166290.0
0.027997970581054688,-165999.0
0.027997970581054688,-164254.0
0.028998136520385742,-163349.0
0.028998136520385742,-163097.0
0.028998136520385742,-161786.0
0.028998136520385742,-161222.0
0.028998136520385742,-161211.0
0.028998136520385742,-161129.0
0.029998064041137695,-160746.0
0.029998064041137695,-159696.0
0.029998064041137695,-159393.0
0.029998064041137695,-158868.0
0.029998064041137695,-157776.0
0.030997753143310547,-157481.0
0.030997753143310547,-156833.0
0.030997753143310547,-156016.0
0.030997753143310547,-155552.0
0.0319979190826416,-153929.0
0.0319979190826416,-153437.0
0.0319979190826416,-152424.0
0.0319979190826416,-152113.0
0.032997846603393555,-151455.0
0.032997846603393555,-150676.0
0.032997846603393555,-149863.0
0.032997846603393555,-149819.0
0.032997846603393555,-149369.0
0.032997846603393555,-149172.0
0.03399777412414551,-148928.0
0.03399777412414551,-148839.0
0.03399777412414551,-147791.0
0.03399777412414551,-147432.0
0.03399777412414551,-147022.0
0.03499794006347656,-146956.0
0.03499794006347656,-146896.0
0.03499794006347656,-146888.0
0.03499794006347656,-146377.0
0.03499794006347656,-145792.0
0.03499794006347656,-145650.0
0.03599834442138672,-145519.0
0.03599834442138672,-145140.0
0.037998199462890625,-144615.0
0.03899812698364258,-144565.0
0.03899812698364258,-144455.0
0.03899812698364258,-144223.0
0.03899812698364258,-143626.0
0.03899812698364258,-142847.0
0.03899812698364258,-142776.0
0.03999805450439453,-142147.0
0.03999805450439453,-141525.0
0.03999805450439453,-141282.0
0.03999805450439453,-140213.0
0.03999805450439453,-139269.0
0.04099750518798828,-138357.0
0.04099750518798828,-138217.0
0.04099750518798828,-137891.0
0.04099750518798828,-137807.0
0.04099750518798828,-137504.0
0.041997671127319336,-136166.0
0.041997671127319336,-136110.0
0.041997671127319336,-134796.0
0.041997671127319336,-134629.0
0.041997671127319336,-134459.0
0.04299759864807129,-134363.0
0.04299759864807129,-134358.0
0.04299759864807129,-134259.0
0.04299759864807129,-134059.0
0.04299759864807129,-133942.0
0.04399752616882324,-133252.0
0.0449976921081543,-133179.0
0.0449976921081543,-133097.0
0.04599761962890625,-132718.0
0.04599761962890625,-132469.0
0.04599761962890625,-131745.0
0.04599761962890625,-131730.0
0.04599761962890625,-131327.0
0.046998023986816406,-131027.0
0.046998023986816406,-131001.0
0.046998023986816406,-130927.0
0.047998666763305664,-130041.0
0.047998666763305664,-129307.0
0.047998666763305664,-128979.0
0.047998666763305664,-128632.0
0.047998666763305664,-127777.0
0.048998117446899414,-126881.0
0.048998117446899414,-126172.0
0.048998117446899414,-125382.0
0.048998117446899414,-124165.0
0.049997806549072266,-123273.0
0.049997806549072266,-123189.0
0.049997806549072266,-122946.0
0.049997806549072266,-122722.0
0.049997806549072266,-121381.0
0.050998687744140625,-120496.0
0.050998687744140625,-120243.0
0.05200314521789551,-119503.0
0.05200314521789551,-118987.0
0.053003549575805664,-118911.0
0.053003549575805664,-118682.0
0.053003549575805664,-117967.0
0.053003549575805664,-116905.0
0.054003000259399414,-116455.0
0.054003000259399414,-116326.0
0.054003000259399414,-115585.0
0.054003000259399414,-115563.0
0.05500292778015137,-115560.0
0.05500292778015137,-115305.0
0.05500292778015137,-115019.0
0.05600261688232422,-114201.0
0.05600261688232422,-114193.0
0.05600261688232422,-112895.0
0.05700349807739258,-111992.0
0.05700349807739258,-111399.0
0.05800294876098633,-110811.0
0.05800294876098633,-109645.0
0.05800294876098633,-109117.0
0.05900287628173828,-108847.0
0.05900287628173828,-108418.0
0.05900287628173828,-108137.0
0.060003042221069336,-107885.0
0.06100273132324219,-107428.0
0.06100273132324219,-107306.0
0.06200289726257324,-107160.0
0.06200289726257324,-107139.0
0.06200289726257324,-106318.0
0.06200289726257324,-105646.0
0.06200289726257324,-105424.0
0.0630030632019043,-104135.0
0.0630030632019043,-103029.0
0.0630030632019043,-102889.0
0.0630030632019043,-102321.0
0.06400299072265625,-102066.0
0.06400299072265625,-101888.0
0.06400299072265625,-101724.0
0.0650029182434082,-101483.0
0.0650029182434082,-101151.0
0.0650029182434082,-100968.0
0.0650029182434082,-100889.0
0.06600284576416016,-99962.0
0.06650853157043457,-99549.0
0.06650853157043457,-99457.0
0.06650853157043457,-98461.0
0.06751322746276855,-97932.0
0.06751322746276855,-97396.0
0.0685129165649414,-97235.0
0.0685129165649414,-97083.0
0.0685129165649414,-96877.0
0.0685129165649414,-96783.0
0.06951284408569336,-96115.0
0.06951284408569336,-95581.0
0.06951284408569336,-95105.0
0.07051277160644531,-94744.0
0.07051277160644531,-94586.0
0.07151269912719727,-93621.0
0.07251286506652832,-92740.0
0.07251286506652832,-92737.0
0.07251286506652832,-92219.0
0.07351279258728027,-92176.0
0.07351279258728027,-91838.0
0.07351279258728027,-91776.0
0.07451272010803223,-91455.0
0.07451272010803223,-90291.0
0.07551264762878418,-89645.0
0.07551264762878418,-89277.0
0.07651257514953613,-88613.0
0.07651257514953613,-87870.0
0.07651257514953613,-87273.0
0.07651257514953613,-87270.0
0.07751297950744629,-86769.0
0.07751297950744629,-86663.0
0.07751297950744629,-86118.0
0.07851266860961914,-85235.0
0.0795128345489502,-85024.0
0.08051276206970215,-84118.0
0.08051276206970215,-84061.0
0.08051276206970215,-83911.0
0.08351302146911621,-83623.0
0.08351302146911621,-82951.0
0.08351302146911621,-82410.0
0.08451271057128906,-81967.0
0.08551263809204102,-81903.0
0.08551263809204102,-81361.0
0.08651280403137207,-80345.0
0.08651280403137207,-79836.0
0.08651280403137207,-79436.0
0.08651280403137207,-79156.0
0.08651280403137207,-79028.0
0.08751320838928223,-78756.0
0.08751320838928223,-78384.0
0.08751320838928223,-78167.0
0.08851265907287598,-78065.0
0.08951258659362793,-77661.0
0.08951258659362793,-77584.0
0.09051251411437988,-77151.0
0.09051251411437988,-76880.0
0.09051251411437988,-76105.0
0.09151291847229004,-75512.0
0.09151291847229004,-74902.0
0.09151291847229004,-74528.0
0.09251260757446289,-73773.0
0.09251260757446289,-73584.0
0.09351253509521484,-73383.0
0.09351253509521484,-72316.0
0.09351253509521484,-71270.0
0.0945127010345459,-71154.0
0.0945127010345459,-71008.0
0.09551262855529785,-70246.0
0.09651303291320801,-70051.0
0.09651303291320801,-69386.0
0.09851312637329102,-68896.0
0.09951281547546387,-68732.0
0.10151267051696777,-68202.0
0.10151267051696777,-68159.0
0.10251259803771973,-67694.0
0.10251259803771973,-67133.0
0.10351276397705078,-66885.0
0.10351276397705078,-66319.0
0.10451245307922363,-65584.0
0.10551261901855469,-65339.0
0.10551261901855469,-64868.0
0.10551261901855469,-64810.0
0.10551261901855469,-64271.0
0.10651254653930664,-63987.0
0.10651254653930664,-63642.0
0.1075124740600586,-63487.0
0.1075124740600586,-62891.0
0.1075124740600586,-62427.0
0.1095125675201416,-61432.0
0.11051249504089355,-61150.0
0.11051249504089355,-61033.0
0.11151242256164551,-60537.0
0.11251282691955566,-60325.0
0.11251282691955566,-60154.0
0.11351275444030762,-59982.0
0.11551308631896973,-59908.0
0.11551308631896973,-59766.0
0.11651277542114258,-59350.0
0.11751294136047363,-59179.0
0.11751294136047363,-59037.0
0.1205129623413086,-58617.0
0.1225128173828125,-58412.0
0.1225128173828125,-57607.0
0.1225128173828125,-57582.0
0.1245126724243164,-57354.0
0.12551283836364746,-57274.0
0.12551283836364746,-57202.0
0.12651276588439941,-56987.0
0.12651276588439941,-55676.0
0.12751317024230957,-55646.0
0.12851285934448242,-55216.0
0.12851285934448242,-55165.0
0.12951278686523438,-54863.0
0.13051366806030273,-54480.0
0.13051366806030273,-53906.0
0.13051366806030273,-53552.0
0.13151264190673828,-52987.0
0.13251256942749023,-52824.0
0.13651275634765625,-52463.0
0.13651275634765625,-52320.0
0.1375129222869873,-52157.0
0.1375129222869873,-51796.0
0.13851284980773926,-51196.0
0.13851284980773926,-50545.0
0.1395127773284912,-50221.0
0.14151263236999512,-49516.0
0.14251327514648438,-49406.0
0.14451265335083008,-49227.0
0.14451265335083008,-48548.0
0.14551281929016113,-48009.0
0.1465134620666504,-47910.0
0.14751267433166504,-47419.0
0.14951276779174805,-46398.0
0.15151643753051758,-46021.0
0.15151643753051758,-45912.0
0.15251636505126953,-45815.0
0.15251636505126953,-44519.0
0.15351629257202148,-44419.0
0.15451645851135254,-44098.0
0.15451645851135254,-44096.0
0.15651631355285645,-43760.0
0.15651631355285645,-43365.0
0.1575162410736084,-43286.0
0.15851616859436035,-42762.0
0.16051626205444336,-42297.0
0.16151642799377441,-42202.0
0.16151642799377441,-42150.0
0.16251730918884277,-41876.0
0.16251730918884277,-41819.0
0.16351675987243652,-41804.0
0.16451692581176758,-41356.0
0.16451692581176758,-40939.0
0.16702580451965332,-40533.0
0.16802525520324707,-40526.0
0.16802525520324707,-40119.0
0.16802525520324707,-39649.0
0.16802525520324707,-39596.0
0.17302513122558594,-38926.0
0.1740250587463379,-38879.0
0.17502522468566895,-38438.0
0.17502522468566895,-38412.0
0.17702507972717285,-38225.0
0.17702507972717285,-37650.0
0.17702507972717285,-37599.0
0.178025484085083,-37266.0
0.18002533912658691,-36986.0
0.18002533912658691,-36590.0
0.18102574348449707,-36210.0
0.18102574348449707,-36129.0
0.18202567100524902,-35964.0
0.18202567100524902,-35582.0
0.18302512168884277,-34779.0
0.18602514266967773,-33553.0
0.1870255470275879,-33168.0
0.1890251636505127,-32395.0
0.19002509117126465,-32261.0
0.19002509117126465,-31663.0
0.1910250186920166,-31146.0
0.1910250186920166,-31083.0
0.1910250186920166,-31036.0
0.19202518463134766,-30790.0
0.19202518463134766,-30700.0
0.1930248737335205,-30584.0
0.19402623176574707,-30480.0
0.19602489471435547,-30459.0
0.19702482223510742,-30239.0
0.19702482223510742,-29828.0
0.19702482223510742,-29802.0
0.19802498817443848,-29611.0
0.2020249366760254,-29577.0
0.2020249366760254,-28707.0
0.20302486419677734,-28607.0
0.2040247917175293,-27889.0
0.2060248851776123,-27682.0
0.2080247402191162,-27632.0
0.20902705192565918,-27354.0
0.21102690696716309,-27229.0
0.2130270004272461,-27146.0
0.2150266170501709,-27028.0
0.2150266170501709,-26834.0
0.22302722930908203,-26130.0
0.22502660751342773,-25917.0
0.2260267734527588,-25779.0
0.2260267734527588,-25774.0
0.22702622413635254,-25565.0
0.2280266284942627,-25506.0
0.2280266284942627,-25209.0
0.23102688789367676,-25079.0
0.2320265769958496,-25048.0
0.2320265769958496,-24904.0
0.23602652549743652,-24407.0
0.23802685737609863,-24230.0
0.23802685737609863,-24204.0
0.23902678489685059,-24183.0
0.24102497100830078,-24131.0
0.24202513694763184,-24039.0
0.2450249195098877,-23954.0
0.24802517890930176,-23876.0
0.2490253448486328,-23385.0
0.25002503395080566,-22922.0
0.25302815437316895,-22744.0
0.25302815437316895,-22545.0
0.2540280818939209,-22529.0
0.25702881813049316,-22415.0
0.25702881813049316,-21670.0
0.258028507232666,-21419.0
0.258028507232666,-20894.0
0.25902843475341797,-20732.0
0.25902843475341797,-20385.0
0.2600283622741699,-20175.0
0.26202845573425293,-20112.0
0.26402854919433594,-19999.0
0.2650282382965088,-19757.0
0.2705378532409668,-19699.0
0.2725381851196289,-19520.0
0.27353787422180176,-19258.0
0.27553772926330566,-18979.0
0.2765376567840576,-18813.0
0.2775380611419678,-18675.0
0.27853822708129883,-18444.0
0.28053808212280273,-18168.0
0.2835378646850586,-17483.0
0.28453826904296875,-17478.0
0.28453826904296875,-17342.0
0.28853821754455566,-16983.0
0.2925379276275635,-16313.0
0.2925379276275635,-15860.0
0.2945377826690674,-15499.0
0.29754018783569336,-15452.0
0.2985389232635498,-15369.0
0.3005385398864746,-15264.0
0.30353784561157227,-14923.0
0.30553770065307617,-14845.0
0.30653810501098633,-14629.0
0.30653810501098633,-14353.0
0.3095376491546631,-14322.0
0.3095376491546631,-14299.0
0.3155379295349121,-14089.0
0.31653785705566406,-13979.0
0.3225376605987549,-13798.0
0.32454872131347656,-13460.0
0.3255486488342285,-13234.0
0.32654857635498047,-13092.0
0.3275487422943115,-12924.0
0.3275487422943115,-12587.0
0.3285486698150635,-12342.0
0.3325374126434326,-12263.0
0.3355379104614258,-11909.0
0.33653783798217773,-11820.0
0.33853769302368164,-11815.0
0.357541561126709,-11755.0
0.36054134368896484,-11594.0
0.36054134368896484,-11360.0
0.3615415096282959,-11300.0
0.3635416030883789,-11023.0
0.369049072265625,-10882.0
0.37204885482788086,-10709.0
0.3760488033294678,-10469.0
0.3800492286682129,-10450.0
0.38104891777038574,-10343.0
0.38304901123046875,-10305.0
0.3840487003326416,-10245.0
0.3880488872528076,-10151.0
0.39204907417297363,-10142.0
0.40004897117614746,-10004.0
0.4040491580963135,-9978.0
0.40704917907714844,-9741.0
0.4080491065979004,-9705.0
0.41805052757263184,-9579.0
0.42405033111572266,-9316.0
0.4320502281188965,-9190.0
0.4320502281188965,-8754.0
0.43505072593688965,-8239.0
0.43705058097839355,-8170.0
0.44105052947998047,-8016.0
0.4430503845214844,-7966.0
0.44605040550231934,-7828.0
0.44805073738098145,-7496.0
0.44805073738098145,-7492.0
0.4550662040710449,-7454.0
0.4620664119720459,-7327.0
0.4675638675689697,-7310.0
0.46956396102905273,-7305.0
0.4705636501312256,-7260.0
0.4765639305114746,-7239.0
0.49056410789489746,-7138.0
0.4915640354156494,-7103.0
0.49556565284729004,-7052.0
0.5095653533935547,-7040.0
0.5105655193328857,-6978.0
0.512563943862915,-6933.0
0.5205638408660889,-6705.0
0.5265655517578125,-6489.0
0.5305655002593994,-6304.0
0.5325655937194824,-5955.0
0.5335652828216553,-5878.0
0.5435652732849121,-5864.0
0.5565712451934814,-5472.0
0.570082426071167,-5469.0
0.5760822296142578,-5427.0
0.5810825824737549,-5342.0
0.6090807914733887,-5206.0
0.6140806674957275,-5154.0
0.6365888118743896,-5094.0
0.6395885944366455,5591.0
0.6405887603759766,5745.0
0.6405887603759766,5757.0
0.6445889472961426,5846.0
0.7661056518554688,5860.0
0.7666106224060059,5959.0
0.7726151943206787,5972.0
0.7836151123046875,6006.0
0.9736416339874268,6035.0
0.9796414375305176,6045.0
0.9976420402526855,6067.0
1.0166409015655518,6170.0
1.1081550121307373,6201.0
1.1361548900604248,6253.0
1.1371548175811768,6358.0
1.1641600131988525,6433.0
1.1651601791381836,6509.0
1.17866849899292,6552.0
1.2426698207855225,6695.0
1.3171801567077637,6761.0
1.3301799297332764,6800.0
1.3481826782226562,6885.0
1.498206377029419,6903.0
1.5192058086395264,6914.0
1.6017253398895264,6941.0
1.6822509765625,6964.0
1.6902506351470947,6968.0
1.738248586654663,6979.0
1.8237614631652832,6992.0
1.901273488998413,7004.0
1.9262733459472656,7047.0
1.9452731609344482,7103.0
2.2933225631713867,7117.0
2.3383219242095947,7177.0
2.4198358058929443,7259.0
2.657867908477783,7337.0
2.8198959827423096,7375.0
2.8529014587402344,7377.0
3.015929937362671,7433.0
3.229156017303467,7486.0
3.5081357955932617,7538.0
3.539386034011841,7575.0
3.696416139602661,7592.0
3.7276666164398193,7647.0
3.7276666164398193,7658.0
3.994096040725708,7677.0
4.056595802307129,7696.0
4.2292468547821045,7728.0
4.244870662689209,7745.0
4.512155055999756,7782.0
4.840949773788452,7828.0
5.093775987625122,7851.0
5.140652656555176,7967.0
5.187920331954956,7977.0
5.547757148742676,7991.0
6.006602048873901,8049.0
6.035601854324341,8074.0
6.051250457763672,8130.0
6.114139556884766,8213.0
6.333670616149902,8238.0
6.8500816822052,8241.0
7.39985203742981,8299.0
7.60302996635437,8304.0
7.7126781940460205,8359.0
7.838069438934326,8383.0
7.9950950145721436,8397.0
10.342634439468384,8398.0
10.859172582626343,8429.0
10.964682579040527,8455.0
11.250201225280762,8486.0
11.899759531021118,8491.0
14.234432458877563,8580.0
17.283156156539917,8589.0
21.705472230911255,8617.0
22.28251552581787,8648.0
22.945613384246826,8661.0
23.45314598083496,8679.0
23.674161911010742,8685.0
24.41321587562561,8687.0
24.5487220287323,8716.0
29.18122124671936,8719.0
30.774580717086792,8756.0
45.02929401397705,8763.0
46.89810657501221,8775.0
74.34609055519104,8778.0
77.52454113960266,8779.0
