0.0,-133253.0
0.0,-133162.0
0.0,-132895.0
0.0,-131497.0
0.0,-130562.0
0.0,-129942.0
0.0,-128628.0
0.0010113716125488281,-127152.0
0.0010113716125488281,-125978.0
0.0010113716125488281,-125181.0
0.0010113716125488281,-124345.0
0.0010113716125488281,-123134.0
0.0010113716125488281,-122170.0
0.0010113716125488281,-122101.0
0.0010113716125488281,-121033.0
0.0010113716125488281,-120130.0
0.0010113716125488281,-120036.0
0.0010113716125488281,-120020.0
0.0010113716125488281,-118629.0
0.0010113716125488281,-117221.0
0.0010113716125488281,-116798.0
0.002011537551879883,-116722.0
0.002011537551879883,-116386.0
0.002011537551879883,-116284.0
0.002011537551879883,-116159.0
0.002011537551879883,-115188.0
0.002011537551879883,-114728.0
0.002011537551879883,-114624.0
0.002011537551879883,-114172.0
0.002011537551879883,-114098.0
0.002011537551879883,-113697.0
0.003011465072631836,-112476.0
0.003011465072631836,-111970.0
0.003011465072631836,-110996.0
0.003011465072631836,-110577.0
0.003011465072631836,-109212.0
0.003011465072631836,-108915.0
0.003011465072631836,-108543.0
0.003011465072631836,-107878.0
0.003011465072631836,-107153.0
0.003011465072631836,-107005.0
0.003011465072631836,-106383.0
0.004011392593383789,-104866.0
0.004011392593383789,-103817.0
0.004011392593383789,-103490.0
0.004011392593383789,-102558.0
0.004011392593383789,-102510.0
0.004011392593383789,-101590.0
0.004011392593383789,-100415.0
0.004011392593383789,-99963.0
0.004011392593383789,-99143.0
0.005011320114135742,-97700.0
0.005011320114135742,-96922.0
0.005011320114135742,-95162.0
0.005011320114135742,-94329.0
0.005011320114135742,-94108.0
0.005011320114135742,-93699.0
0.005011320114135742,-92700.0
0.005011320114135742,-91682.0
0.005011320114135742,-91618.0
0.006011247634887695,-91088.0
0.006011247634887695,-90922.0
0.006011247634887695,-89233.0
0.006011247634887695,-88878.0
0.006011247634887695,-88693.0
0.006011247634887695,-88638.0
0.006011247634887695,-88511.0
0.006011247634887695,-87819.0
0.006011247634887695,-87611.0
0.006011247634887695,-87483.0
0.0070116519927978516,-86283.0
0.0070116519927978516,-86134.0
0.0070116519927978516,-85910.0
0.0070116519927978516,-85234.0
0.0070116519927978516,-84777.0
0.0070116519927978516,-84010.0
0.0070116519927978516,-83810.0
0.0070116519927978516,-82877.0
0.0070116519927978516,-82536.0
0.0070116519927978516,-81351.0
0.008003473281860352,-81301.0
0.008003473281860352,-80779.0
0.008003473281860352,-79015.0
0.008003473281860352,-78417.0
0.008003473281860352,-78131.0
0.008003473281860352,-77281.0
0.008003473281860352,-77201.0
0.008003473281860352,-75776.0
0.009003639221191406,-75556.0
0.009003639221191406,-74988.0
0.009003639221191406,-74981.0
0.009003639221191406,-74515.0
0.009003639221191406,-72772.0
0.010002374649047852,-72724.0
0.010002374649047852,-71238.0
0.010002374649047852,-70451.0
0.010002374649047852,-70106.0
0.010002374649047852,-69061.0
0.010002374649047852,-68291.0
0.010002374649047852,-67947.0
0.010002374649047852,-67555.0
0.010002374649047852,-66779.0
0.01100301742553711,-66371.0
0.01100301742553711,-65633.0
0.01100301742553711,-65353.0
0.01100301742553711,-65067.0
0.012001276016235352,-64836.0
0.012001276016235352,-64763.0
0.012001276016235352,-64073.0
0.012001276016235352,-62733.0
0.012001276016235352,-62719.0
0.012001276016235352,-61581.0
0.012001276016235352,-61277.0
0.013002395629882812,-61174.0
0.013002395629882812,-60582.0
0.013002395629882812,-60497.0
0.013002395629882812,-60032.0
0.013002395629882812,-59651.0
0.013002395629882812,-58963.0
0.014000654220581055,-57712.0
0.014000654220581055,-57567.0
0.014000654220581055,-57017.0
0.014000654220581055,-56374.0
0.014000654220581055,-55187.0
0.014000654220581055,-55020.0
0.01500082015991211,-54822.0
0.01500082015991211,-53583.0
0.01500082015991211,-53046.0
0.01500082015991211,-52892.0
0.01600050926208496,-52716.0
0.01600050926208496,-52357.0
0.01600050926208496,-52178.0
0.01600050926208496,-52095.0
0.01600050926208496,-52050.0
0.01600050926208496,-51698.0
0.017000913619995117,-51537.0
0.017000913619995117,-51345.0
0.017000913619995117,-51126.0
0.017000913619995117,-50198.0
0.018004894256591797,-49988.0
0.018004894256591797,-49671.0
0.018004894256591797,-49447.0
0.018004894256591797,-49148.0
0.018004894256591797,-48854.0
0.018004894256591797,-48818.0
0.019000768661499023,-48792.0
0.019000768661499023,-48403.0
0.019000768661499023,-47839.0
0.020000219345092773,-47232.0
0.020000219345092773,-47118.0
0.020000219345092773,-45778.0
0.020000219345092773,-45554.0
0.021000146865844727,-44072.0
0.021000146865844727,-43924.0
0.021000146865844727,-42745.0
0.021000146865844727,-42741.0
0.021000146865844727,-42560.0
0.021000146865844727,-42136.0
0.021000146865844727,-41425.0
0.02200031280517578,-41095.0
0.02200031280517578,-40483.0
0.023001909255981445,-40438.0
0.023001909255981445,-39973.0
0.023001909255981445,-39751.0
0.023001909255981445,-39127.0
0.02400040626525879,-38964.0
0.02400040626525879,-38910.0
0.02400040626525879,-38359.0
0.02400040626525879,-37887.0
0.02400040626525879,-37271.0
0.02400040626525879,-36598.0
0.025002002716064453,-35962.0
0.025002002716064453,-35852.0
0.025002002716064453,-35603.0
0.026004314422607422,-35122.0
0.026004314422607422,-35021.0
0.026004314422607422,-34489.0
0.027002811431884766,-33849.0
0.027002811431884766,-33560.0
0.027002811431884766,-33266.0
0.02800273895263672,-32815.0
0.02800273895263672,-32512.0
0.02800273895263672,-32127.0
0.02800273895263672,-31676.0
0.02900242805480957,-31666.0
0.02900242805480957,-30996.0
0.03000020980834961,-29947.0
0.03000020980834961,-29936.0
0.03000020980834961,-29739.0
0.03000020980834961,-29718.0
0.03000020980834961,-29577.0
0.03000020980834961,-28861.0
0.031000375747680664,-28738.0
0.031000375747680664,-28149.0
0.031000375747680664,-28129.0
0.031000375747680664,-27944.0
0.031000375747680664,-27919.0
0.03300046920776367,-27873.0
0.03400015830993652,-27066.0
0.03400015830993652,-26894.0
0.03400015830993652,-26709.0
0.03400015830993652,-26466.0
0.03500008583068848,-25381.0
0.03500008583068848,-24273.0
0.03600001335144043,-24261.0
0.03600001335144043,-24256.0
0.037000179290771484,-23789.0
0.037000179290771484,-23731.0
0.03800034523010254,-23509.0
0.03800034523010254,-23159.0
0.039000511169433594,-23144.0
0.039000511169433594,-22887.0
0.039000511169433594,-22378.0
0.040000200271606445,-22292.0
0.040000200271606445,-22091.0
0.0410001277923584,-21934.0
0.04200005531311035,-21493.0
0.04200005531311035,-21460.0
0.04200005531311035,-21277.0
0.042999982833862305,-20873.0
0.042999982833862305,-20470.0
0.04400014877319336,-20018.0
0.04400014877319336,-19994.0
0.04400014877319336,-19409.0
0.046000003814697266,-18982.0
0.046000003814697266,-18127.0
0.046000003814697266,-17813.0
0.04699993133544922,-17745.0
0.04900002479553223,-17466.0
0.05000019073486328,-17204.0
0.05000019073486328,-17068.0
0.05099987983703613,-16990.0
0.05099987983703613,-16850.0
0.05099987983703613,-16731.0
0.051999807357788086,-16213.0
0.051999807357788086,-16118.0
0.051999807357788086,-15604.0
0.051999807357788086,-15561.0
0.053999900817871094,-15520.0
0.053999900817871094,-15497.0
0.053999900817871094,-14791.0
0.056002140045166016,-14612.0
0.056002140045166016,-13989.0
0.056002140045166016,-13948.0
0.056002140045166016,-13348.0
0.05700182914733887,-13346.0
0.05700182914733887,-13226.0
0.05700182914733887,-13041.0
0.06000161170959473,-12941.0
0.06200146675109863,-12383.0
0.06200146675109863,-12260.0
0.06400156021118164,-11788.0
0.06400156021118164,-11438.0
0.06600236892700195,-11165.0
0.06600236892700195,-10778.0
0.06600236892700195,-10143.0
0.07000160217285156,-9850.0
0.07100057601928711,-9824.0
0.07100057601928711,-9413.0
0.07199978828430176,-9124.0
0.07199978828430176,-9117.0
0.07299995422363281,-8875.0
0.08099985122680664,-8750.0
0.08099985122680664,-8524.0
0.08099985122680664,-8321.0
0.08600354194641113,-8114.0
0.0870058536529541,-7555.0
0.0870058536529541,-7245.0
0.08800554275512695,-7191.0
0.09000515937805176,-6868.0
0.09100532531738281,-6806.0
0.09200525283813477,-6620.0
0.09700512886047363,-6487.0
0.09700512886047363,-6431.0
0.09951257705688477,-6405.0
0.10051894187927246,-6391.0
0.10251879692077637,-6251.0
0.10251879692077637,-5630.0
0.10451722145080566,-5291.0
0.11452770233154297,-5286.0
0.11651730537414551,-5074.0
0.11851716041564941,-4949.0
0.12151694297790527,-4888.0
0.12251687049865723,-4791.0
0.12551665306091309,-4737.0
0.12551665306091309,-4394.0
0.1295166015625,-4123.0
0.13351941108703613,-4046.0
0.14851856231689453,-3976.0
0.1575164794921875,-3968.0
0.1575164794921875,-3869.0
0.1595165729522705,-3737.0
0.16051650047302246,-3718.0
0.16551852226257324,-3466.0
0.1665184497833252,-3370.0
0.170518159866333,-3291.0
0.17251825332641602,-3251.0
0.17351818084716797,-3238.0
0.18752431869506836,-3211.0
0.18752431869506836,-3022.0
0.1885242462158203,-2969.0
0.1885242462158203,-2757.0
0.1975243091583252,2525.0
0.20003557205200195,2580.0
0.23303532600402832,2665.0
0.2610340118408203,2713.0
0.2760336399078369,2772.0
0.2920374870300293,2964.0
0.3255465030670166,2966.0
0.3325464725494385,2983.0
0.3495466709136963,3006.0
0.3515467643737793,3078.0
0.35254693031311035,3200.0
0.38555002212524414,3204.0
0.4010589122772217,3238.0
0.4700582027435303,3304.0
0.4920620918273926,3306.0
0.5175716876983643,3359.0
0.5935752391815186,3457.0
0.5965752601623535,3461.0
0.6060848236083984,3504.0
0.6150832176208496,3588.0
0.6660842895507812,3605.0
0.8351097106933594,3611.0
0.9066236019134521,3714.0
0.9896275997161865,3742.0
1.0341360569000244,3782.0
1.09913969039917,3790.0
1.2261669635772705,3849.0
1.321678638458252,3918.0
1.5647063255310059,3949.0
1.6462163925170898,3954.0
1.650216817855835,3956.0
1.9747693538665771,3962.0
2.065281629562378,3998.0
2.0862843990325928,4073.0
2.361818552017212,4088.0
2.540844440460205,4091.0
2.9858996868133545,4093.0
7.067981481552124,4096.0
