0.0,59098.0
0.0,59461.0
0.0,59564.0
0.0,59743.0
0.0,59845.0
0.0,60008.0
0.0,60109.0
0.0,59302.0
0.0,60066.0
0.0,60183.0
0.0,60316.0
0.0,59964.0
0.0,60246.0
0.0,60100.0
0.0,60253.0
0.0,60376.0
0.0,60479.0
0.0,60593.0
0.0,60490.0
0.0,60593.0
0.0,60710.0
0.0,60607.0
0.0,60712.0
0.0,60370.0
0.0,60689.0
0.0,60798.0
0.0,60914.0
0.0,60488.0
0.0,60905.0
0.0,59897.0
0.0,60719.0
0.0,60933.0
0.002984285354614258,61105.0
0.002984285354614258,61213.0
0.002984285354614258,61112.0
0.002984285354614258,61216.0
0.002984285354614258,60587.0
0.002984285354614258,61083.0
0.002984285354614258,61267.0
0.002984285354614258,61409.0
0.002984285354614258,61286.0
0.002984285354614258,61396.0
0.002984285354614258,61517.0
0.002984285354614258,61083.0
0.002984285354614258,61272.0
0.002984285354614258,61560.0
0.002984285354614258,61685.0
0.002984285354614258,61810.0
0.002984285354614258,61028.0
0.002984285354614258,61505.0
0.002984285354614258,61624.0
0.002984285354614258,61128.0
0.002984285354614258,61411.0
0.002984285354614258,61886.0
0.002984285354614258,61996.0
0.002984285354614258,62158.0
0.002984285354614258,62271.0
0.002984285354614258,62387.0
0.002984285354614258,62507.0
0.002984285354614258,62611.0
0.002984285354614258,62716.0
0.002984285354614258,62599.0
0.002984285354614258,62466.0
0.002984285354614258,62608.0
0.002984285354614258,62719.0
0.002984285354614258,61897.0
0.002984285354614258,62473.0
0.002984285354614258,62758.0
0.002984285354614258,62629.0
0.002984285354614258,62772.0
0.002984285354614258,62894.0
0.002984285354614258,63001.0
0.002984285354614258,63108.0
0.002984285354614258,62942.0
0.002984285354614258,63045.0
0.002984285354614258,63205.0
0.002984285354614258,62738.0
0.002984285354614258,63048.0
0.002984285354614258,63164.0
0.002984285354614258,63057.0
0.002984285354614258,63318.0
0.002984285354614258,62681.0
0.002984285354614258,63058.0
0.002984285354614258,63339.0
0.002984285354614258,63492.0
0.002984285354614258,63179.0
0.002984285354614258,63488.0
0.002984285354614258,63612.0
0.002984285354614258,63459.0
0.002984285354614258,63296.0
0.002984285354614258,63485.0
0.002984285354614258,63384.0
0.002984285354614258,62715.0
0.002984285354614258,63088.0
0.002984285354614258,63494.0
0.002984285354614258,63595.0
0.002984285354614258,63702.0
0.002984285354614258,63808.0
0.002984285354614258,63221.0
0.002984285354614258,63752.0
0.002984285354614258,63610.0
0.002984285354614258,63733.0
0.002984285354614258,63885.0
0.002984285354614258,63021.0
0.002984285354614258,63270.0
0.002984285354614258,63927.0
0.002984285354614258,64104.0
0.002984285354614258,64214.0
0.002984285354614258,63608.0
0.002984285354614258,64108.0
0.002984285354614258,64283.0
0.002984285354614258,64399.0
0.002984285354614258,64509.0
0.002984285354614258,64617.0
0.002984285354614258,64506.0
0.002984285354614258,64619.0
0.002984285354614258,64397.0
0.002984285354614258,64109.0
0.002984285354614258,64210.0
0.002984285354614258,64513.0
0.002984285354614258,64711.0
0.002984285354614258,64813.0
0.002984285354614258,64708.0
0.002984285354614258,64812.0
0.002984285354614258,64918.0
0.002984285354614258,64746.0
0.002984285354614258,64880.0
0.002984285354614258,64985.0
0.002984285354614258,65115.0
0.002984285354614258,64996.0
0.002984285354614258,65105.0
0.002984285354614258,64605.0
0.002984285354614258,64929.0
0.002984285354614258,65051.0
0.002984285354614258,65274.0
0.002984285354614258,65395.0
0.002984285354614258,65509.0
0.002984285354614258,65399.0
0.002984285354614258,65514.0
0.002984285354614258,65371.0
0.002984285354614258,65492.0
0.002984285354614258,65616.0
0.002984285354614258,65441.0
0.002984285354614258,65560.0
0.002984285354614258,65682.0
0.002984285354614258,65818.0
0.002984285354614258,65714.0
0.002984285354614258,65604.0
0.002984285354614258,64509.0
0.002984285354614258,64902.0
0.002984285354614258,65601.0
0.002984285354614258,65776.0
0.002984285354614258,65913.0
0.011060237884521484,65810.0
0.011060237884521484,65668.0
0.011060237884521484,65769.0
0.011060237884521484,65895.0
0.011060237884521484,65787.0
0.011060237884521484,65908.0
0.011060237884521484,66017.0
0.011060237884521484,65732.0
0.011060237884521484,65854.0
0.011060237884521484,66001.0
0.011060237884521484,66210.0
0.011060237884521484,66093.0
0.011060237884521484,66194.0
0.011060237884521484,66295.0
0.011060237884521484,66414.0
0.011060237884521484,66518.0
0.011060237884521484,66619.0
0.011060237884521484,66511.0
0.011060237884521484,66112.0
0.011060237884521484,66488.0
0.011060237884521484,66619.0
0.011060237884521484,66496.0
0.011060237884521484,66618.0
0.011060237884521484,66319.0
0.011060237884521484,66520.0
0.011060237884521484,66644.0
0.011060237884521484,66450.0
0.011060237884521484,66633.0
0.011060237884521484,66815.0
0.011060237884521484,66640.0
0.011060237884521484,66741.0
0.011060237884521484,66889.0
0.011060237884521484,67003.0
0.011060237884521484,67106.0
0.011060237884521484,66999.0
0.011060237884521484,66777.0
0.011060237884521484,67001.0
0.011060237884521484,66892.0
0.013580560684204102,66568.0
0.013580560684204102,66781.0
0.013580560684204102,66990.0
0.013580560684204102,66864.0
0.013580560684204102,66973.0
0.013580560684204102,67078.0
0.013580560684204102,67184.0
0.014168262481689453,66210.0
0.014168262481689453,66342.0
0.014168262481689453,67229.0
0.014168262481689453,67352.0
0.014168262481689453,67499.0
0.014168262481689453,67609.0
0.014168262481689453,67508.0
0.014168262481689453,67284.0
0.014168262481689453,67496.0
0.014168262481689453,67604.0
0.014168262481689453,67397.0
0.014168262481689453,67588.0
0.014168262481689453,67694.0
0.014168262481689453,67579.0
0.014168262481689453,67203.0
0.014168262481689453,67615.0
0.014168262481689453,67434.0
0.014168262481689453,67067.0
0.014168262481689453,67492.0
0.014168262481689453,67367.0
0.014168262481689453,67472.0
0.014168262481689453,67347.0
0.014168262481689453,67495.0
0.014168262481689453,67619.0
0.014168262481689453,67516.0
0.014168262481689453,66931.0
0.014168262481689453,67358.0
0.014168262481689453,67472.0
0.014168262481689453,67710.0
0.014168262481689453,67812.0
0.014168262481689453,67711.0
0.014168262481689453,67815.0
0.014168262481689453,67713.0
0.014168262481689453,67039.0
0.014168262481689453,67649.0
0.014168262481689453,67785.0
0.014168262481689453,67901.0
0.01871514320373535,67765.0
0.01871514320373535,67916.0
0.01871514320373535,67802.0
0.01871514320373535,67701.0
0.01871514320373535,67470.0
0.01871514320373535,67717.0
0.01871514320373535,67596.0
0.01871514320373535,67710.0
0.01871514320373535,67813.0
0.01871514320373535,67575.0
0.01871514320373535,67747.0
0.01871514320373535,67874.0
0.01871514320373535,67629.0
0.01871514320373535,67790.0
0.01871514320373535,68019.0
0.01871514320373535,67903.0
0.01871514320373535,68012.0
0.01871514320373535,67881.0
0.01871514320373535,68015.0
0.01871514320373535,67906.0
0.01871514320373535,67790.0
0.01871514320373535,67914.0
0.01871514320373535,67701.0
0.01871514320373535,67833.0
0.01871514320373535,67968.0
0.01871514320373535,68091.0
0.01871514320373535,67990.0
0.01871514320373535,68104.0
0.01871514320373535,67304.0
0.01871514320373535,67503.0
0.01871514320373535,67622.0
0.01871514320373535,68098.0
0.01871514320373535,68333.0
0.01871514320373535,68475.0
0.01871514320373535,68590.0
0.01871514320373535,68460.0
0.01871514320373535,68571.0
0.01871514320373535,68706.0
0.01871514320373535,68600.0
0.01871514320373535,68423.0
0.01871514320373535,68524.0
0.01871514320373535,68719.0
0.01871514320373535,68438.0
0.01871514320373535,68705.0
0.01871514320373535,68818.0
0.01871514320373535,68551.0
0.01871514320373535,68708.0
0.01871514320373535,68814.0
0.01871514320373535,68114.0
0.01871514320373535,68883.0
0.01871514320373535,68736.0
0.01871514320373535,68873.0
0.01871514320373535,68992.0
0.01871514320373535,69097.0
0.01871514320373535,68066.0
0.01871514320373535,68335.0
0.01871514320373535,68633.0
0.01871514320373535,69049.0
0.01871514320373535,69326.0
0.01871514320373535,69478.0
0.01871514320373535,69615.0
0.01871514320373535,69368.0
0.01871514320373535,69477.0
0.01871514320373535,69675.0
0.01871514320373535,69570.0
0.01871514320373535,69718.0
0.01871514320373535,69819.0
0.01871514320373535,68764.0
0.01871514320373535,69270.0
0.01871514320373535,69575.0
0.01871514320373535,69904.0
0.01871514320373535,70090.0
0.01871514320373535,69929.0
0.01871514320373535,70053.0
0.01871514320373535,70202.0
0.01871514320373535,70316.0
0.01871514320373535,70209.0
0.01871514320373535,70095.0
0.01871514320373535,69987.0
0.01871514320373535,70103.0
0.01871514320373535,69998.0
0.01871514320373535,69814.0
0.01871514320373535,69924.0
0.01871514320373535,70083.0
0.01871514320373535,70189.0
0.01871514320373535,70307.0
0.01871514320373535,69785.0
0.01871514320373535,70267.0
0.01871514320373535,70383.0
0.01871514320373535,70512.0
0.01871514320373535,70391.0
0.01871514320373535,70519.0
0.01871514320373535,70382.0
0.01871514320373535,70499.0
0.01871514320373535,70604.0
0.01871514320373535,70706.0
0.01871514320373535,70807.0
0.01871514320373535,70628.0
0.01871514320373535,70748.0
0.01871514320373535,70906.0
0.01871514320373535,71011.0
0.01871514320373535,70788.0
0.01871514320373535,70896.0
0.01871514320373535,71004.0
0.01871514320373535,71171.0
0.01871514320373535,71317.0
0.01871514320373535,71207.0
0.01871514320373535,71093.0
0.01871514320373535,71200.0
0.01871514320373535,71079.0
0.01871514320373535,71198.0
0.01871514320373535,71097.0
0.01871514320373535,70801.0
0.01871514320373535,71085.0
0.01871514320373535,71202.0
0.01871514320373535,70307.0
0.01871514320373535,70500.0
0.01871514320373535,71044.0
0.01871514320373535,71303.0
0.01871514320373535,71515.0
0.01871514320373535,70766.0
0.01871514320373535,71375.0
0.01871514320373535,71524.0
0.01871514320373535,71703.0
0.01871514320373535,71806.0
0.01871514320373535,71918.0
0.01871514320373535,71185.0
0.01871514320373535,71913.0
0.01871514320373535,71809.0
0.01871514320373535,70808.0
0.01871514320373535,70971.0
0.01871514320373535,71459.0
0.01871514320373535,71991.0
0.01871514320373535,71569.0
0.01871514320373535,71829.0
0.01871514320373535,72015.0
0.01871514320373535,72170.0
0.01871514320373535,72279.0
0.01871514320373535,72393.0
0.01871514320373535,72509.0
0.01871514320373535,72618.0
0.01871514320373535,72289.0
0.01871514320373535,72559.0
0.01871514320373535,72714.0
0.01871514320373535,72302.0
0.01871514320373535,72435.0
0.01871514320373535,72754.0
0.01871514320373535,72896.0
0.01871514320373535,72729.0
0.01871514320373535,72850.0
0.01871514320373535,72701.0
0.01871514320373535,72835.0
0.01871514320373535,72986.0
0.01871514320373535,73091.0
0.01871514320373535,73219.0
0.01871514320373535,73100.0
0.02931356430053711,72995.0
0.02931356430053711,73100.0
0.02931356430053711,72978.0
0.02931356430053711,72873.0
0.02931356430053711,73012.0
0.02931356430053711,72852.0
0.02931356430053711,72955.0
0.02931356430053711,73074.0
0.02931356430053711,72697.0
0.02931356430053711,73001.0
0.02931356430053711,73121.0
0.02931356430053711,72295.0
0.02931356430053711,72480.0
0.02931356430053711,72814.0
0.02931356430053711,73036.0
0.02931356430053711,73201.0
0.030776262283325195,73339.0
0.030776262283325195,73593.0
0.030776262283325195,73803.0
0.030776262283325195,73915.0
0.030776262283325195,73801.0
0.030776262283325195,73916.0
0.030776262283325195,73792.0
0.030776262283325195,73658.0
0.030776262283325195,73787.0
0.030776262283325195,73914.0
0.030776262283325195,73719.0
0.030776262283325195,73470.0
0.030776262283325195,73585.0
0.030776262283325195,73687.0
0.030776262283325195,73916.0
0.030776262283325195,73800.0
0.030776262283325195,73949.0
0.030776262283325195,74054.0
0.030776262283325195,74159.0
0.030776262283325195,74285.0
0.030776262283325195,74050.0
0.030776262283325195,74273.0
0.030776262283325195,74410.0
0.030776262283325195,74141.0
0.030776262283325195,74291.0
0.030776262283325195,74489.0
0.030776262283325195,74605.0
0.030776262283325195,74708.0
0.030776262283325195,74192.0
0.030776262283325195,74041.0
0.030776262283325195,74529.0
0.030776262283325195,74647.0
0.030776262283325195,74814.0
0.030776262283325195,74915.0
0.030776262283325195,75019.0
0.030776262283325195,74910.0
0.030776262283325195,75017.0
0.030776262283325195,75118.0
0.030776262283325195,74921.0
0.030776262283325195,75052.0
0.030776262283325195,75202.0
0.030776262283325195,74364.0
0.030776262283325195,75001.0
0.030776262283325195,75115.0
0.030776262283325195,75269.0
0.030776262283325195,75405.0
0.030776262283325195,75550.0
0.030776262283325195,75712.0
0.030776262283325195,75818.0
0.030776262283325195,75699.0
0.030776262283325195,75802.0
0.030776262283325195,75667.0
0.030776262283325195,75786.0
0.030776262283325195,75664.0
0.030776262283325195,75765.0
0.030776262283325195,75916.0
0.030776262283325195,75815.0
0.030776262283325195,75660.0
0.030776262283325195,75817.0
0.030776262283325195,75119.0
0.030776262283325195,75641.0
0.030776262283325195,75844.0
0.030776262283325195,75687.0
0.030776262283325195,74772.0
0.030776262283325195,75056.0
0.030776262283325195,75871.0
0.030776262283325195,75991.0
0.030776262283325195,75871.0
0.030776262283325195,75752.0
0.030776262283325195,75889.0
0.030776262283325195,76018.0
0.030776262283325195,75902.0
0.030776262283325195,75157.0
0.030776262283325195,75835.0
0.030776262283325195,76003.0
0.030776262283325195,75889.0
0.030776262283325195,75787.0
0.030776262283325195,75088.0
0.030776262283325195,75479.0
0.030776262283325195,75778.0
0.030776262283325195,75674.0
0.030776262283325195,75827.0
0.030776262283325195,75999.0
0.030776262283325195,76118.0
0.030776262283325195,75960.0
0.030776262283325195,76074.0
0.030776262283325195,75958.0
0.030776262283325195,75757.0
0.030776262283325195,75986.0
0.030776262283325195,76087.0
0.030776262283325195,75967.0
0.030776262283325195,75843.0
0.030776262283325195,75975.0
0.030776262283325195,76116.0
0.030776262283325195,76011.0
0.030776262283325195,75883.0
0.030776262283325195,75988.0
0.030776262283325195,76111.0
0.030776262283325195,76008.0
0.030776262283325195,75880.0
0.030776262283325195,75988.0
0.030776262283325195,76090.0
0.030776262283325195,75771.0
0.030776262283325195,75623.0
0.030776262283325195,75961.0
0.030776262283325195,75848.0
0.030776262283325195,75977.0
0.030776262283325195,75840.0
0.030776262283325195,76001.0
0.030776262283325195,75899.0
0.030776262283325195,76007.0
0.030776262283325195,75880.0
0.030776262283325195,76005.0
0.030776262283325195,75859.0
0.030776262283325195,76015.0
0.030776262283325195,75821.0
0.030776262283325195,75949.0
0.030776262283325195,76098.0
0.030776262283325195,75886.0
0.030776262283325195,76106.0
0.030776262283325195,75973.0
0.030776262283325195,76102.0
0.030776262283325195,75949.0
0.030776262283325195,76059.0
0.030776262283325195,76186.0
0.030776262283325195,75371.0
0.030776262283325195,75506.0
0.030776262283325195,75620.0
0.030776262283325195,76022.0
0.030776262283325195,76402.0
0.030776262283325195,76509.0
0.030776262283325195,76626.0
0.030776262283325195,76797.0
0.030776262283325195,76688.0
0.030776262283325195,76578.0
0.030776262283325195,76704.0
0.030776262283325195,76591.0
0.030776262283325195,76429.0
0.030776262283325195,76537.0
0.030776262283325195,76708.0
0.030776262283325195,76589.0
0.030776262283325195,76711.0
0.030776262283325195,76557.0
0.030776262283325195,76718.0
0.030776262283325195,76819.0
0.030776262283325195,76596.0
0.030776262283325195,76742.0
0.030776262283325195,76892.0
0.030776262283325195,76721.0
0.030776262283325195,76892.0
0.030776262283325195,76785.0
0.030776262283325195,76895.0
0.030776262283325195,77007.0
0.030776262283325195,76793.0
0.030776262283325195,76950.0
0.030776262283325195,77105.0
0.030776262283325195,77212.0
0.030776262283325195,77318.0
0.030776262283325195,77203.0
0.030776262283325195,77305.0
0.030776262283325195,77183.0
0.030776262283325195,77313.0
0.030776262283325195,77414.0
0.030776262283325195,77242.0
0.030776262283325195,77133.0
0.030776262283325195,77248.0
0.030776262283325195,77402.0
0.030776262283325195,77143.0
0.030776262283325195,77344.0
0.030776262283325195,77486.0
0.030776262283325195,77597.0
0.030776262283325195,77492.0
0.030776262283325195,77608.0
0.030776262283325195,77120.0
0.030776262283325195,77583.0
0.030776262283325195,77705.0
0.030776262283325195,77808.0
0.030776262283325195,77700.0
0.030776262283325195,77586.0
0.030776262283325195,77480.0
0.030776262283325195,77586.0
0.030776262283325195,77460.0
0.030776262283325195,77611.0
0.030776262283325195,77449.0
0.030776262283325195,77311.0
0.030776262283325195,77507.0
0.030776262283325195,77309.0
0.030776262283325195,77469.0
0.030776262283325195,77572.0
0.030776262283325195,77471.0
0.030776262283325195,77589.0
0.030776262283325195,77705.0
0.030776262283325195,77148.0
0.030776262283325195,77597.0
0.030776262283325195,77790.0
0.030776262283325195,77308.0
0.030776262283325195,77462.0
0.030776262283325195,77576.0
0.030776262283325195,77709.0
0.030776262283325195,77957.0
0.030776262283325195,78100.0
0.030776262283325195,78245.0
0.030776262283325195,78414.0
0.030776262283325195,78313.0
0.030776262283325195,77994.0
0.030776262283325195,78140.0
0.04528236389160156,77618.0
0.04528236389160156,77775.0
0.04528236389160156,78034.0
0.04528236389160156,78426.0
0.04528236389160156,78567.0
0.04528236389160156,78436.0
0.04528236389160156,78580.0
0.04528236389160156,78203.0
0.04528236389160156,78469.0
0.04528236389160156,78600.0
0.04528236389160156,78761.0
0.04528236389160156,78916.0
0.04528236389160156,78795.0
0.04528236389160156,78681.0
0.04528236389160156,78567.0
0.04528236389160156,78464.0
0.04528236389160156,78333.0
0.04528236389160156,78436.0
0.04528236389160156,78545.0
0.04528236389160156,78687.0
0.04528236389160156,78212.0
0.04528236389160156,78690.0
0.04528236389160156,78795.0
0.04528236389160156,78906.0
0.04528236389160156,78761.0
0.04528236389160156,78629.0
0.04528236389160156,78758.0
0.04528236389160156,78917.0
0.04528236389160156,78809.0
0.04528236389160156,78917.0
0.04528236389160156,78812.0
0.04528236389160156,78651.0
0.04528236389160156,78535.0
0.04528236389160156,78708.0
0.04528236389160156,78594.0
0.04528236389160156,78483.0
0.04528236389160156,77873.0
0.04528236389160156,78099.0
0.04528236389160156,78492.0
0.04528236389160156,78641.0
0.04528236389160156,78343.0
0.04528236389160156,78620.0
0.04528236389160156,78783.0
0.04528236389160156,78893.0
0.04528236389160156,78776.0
0.04528236389160156,78660.0
0.04528236389160156,78781.0
0.04528236389160156,78883.0
0.04528236389160156,79007.0
0.04528236389160156,78871.0
0.04528236389160156,78989.0
0.04528236389160156,78865.0
0.04528236389160156,78966.0
0.04528236389160156,79111.0
0.04528236389160156,78988.0
0.04528236389160156,79105.0
0.04528236389160156,78995.0
0.04528236389160156,78889.0
0.04528236389160156,79009.0
0.04528236389160156,78855.0
0.04528236389160156,78984.0
0.04528236389160156,78758.0
0.04528236389160156,78995.0
0.04528236389160156,78812.0
0.04528236389160156,78987.0
0.04528236389160156,78139.0
0.04528236389160156,78384.0
0.04528236389160156,78654.0
0.04528236389160156,78786.0
0.04528236389160156,79148.0
0.04528236389160156,79370.0
0.04528236389160156,79513.0
0.04528236389160156,79617.0
0.04528236389160156,79493.0
0.04528236389160156,78599.0
0.04528236389160156,79010.0
0.04528236389160156,79305.0
0.04528236389160156,79672.0
0.04528236389160156,79807.0
0.04528236389160156,79611.0
0.04528236389160156,79778.0
0.04528236389160156,79880.0
0.04528236389160156,80011.0
0.04528236389160156,79891.0
0.04528236389160156,80007.0
0.04528236389160156,79832.0
0.04528236389160156,80016.0
0.04528236389160156,79653.0
0.04528236389160156,79928.0
0.04528236389160156,80089.0
0.04528236389160156,79955.0
0.04528236389160156,80093.0
0.04528236389160156,80215.0
0.04528236389160156,80093.0
0.04528236389160156,80202.0
0.04528236389160156,80095.0
0.04528236389160156,79944.0
0.04528236389160156,79837.0
0.04528236389160156,79993.0
0.04528236389160156,80097.0
0.04528236389160156,80211.0
0.04528236389160156,80056.0
0.04528236389160156,79929.0
0.04528236389160156,80063.0
0.04528236389160156,80179.0
0.04528236389160156,80292.0
0.04528236389160156,80182.0
0.04528236389160156,80291.0
0.04528236389160156,80170.0
0.04528236389160156,80066.0
0.04528236389160156,79538.0
0.04528236389160156,79389.0
0.04528236389160156,79857.0
0.04528236389160156,80051.0
0.04528236389160156,80184.0
0.04528236389160156,80073.0
0.04528236389160156,80214.0
0.04528236389160156,80113.0
0.04528236389160156,79988.0
0.04528236389160156,80093.0
0.04528236389160156,80218.0
0.04528236389160156,80115.0
0.04528236389160156,79992.0
0.04528236389160156,79873.0
0.04528236389160156,79975.0
0.04528236389160156,79842.0
0.04528236389160156,80000.0
0.04528236389160156,79607.0
0.04528236389160156,79981.0
0.04528236389160156,79826.0
0.04528236389160156,79985.0
0.04528236389160156,79715.0
0.04528236389160156,79854.0
0.04528236389160156,80022.0
0.04528236389160156,80143.0
0.04528236389160156,80275.0
0.04528236389160156,80412.0
0.04528236389160156,80190.0
0.04528236389160156,80419.0
0.04528236389160156,80309.0
0.04528236389160156,80199.0
0.04528236389160156,80313.0
0.04528236389160156,80212.0
0.04528236389160156,80045.0
0.04528236389160156,79944.0
0.04528236389160156,79828.0
0.04528236389160156,80003.0
0.04528236389160156,79877.0
0.04528236389160156,79600.0
0.04528236389160156,79842.0
0.04528236389160156,79693.0
0.04528236389160156,79830.0
0.04528236389160156,79985.0
0.04528236389160156,79784.0
0.04528236389160156,79912.0
0.04528236389160156,80047.0
0.04528236389160156,80152.0
0.04528236389160156,80276.0
0.04528236389160156,80403.0
0.04528236389160156,80253.0
0.04528236389160156,80400.0
0.04528236389160156,80508.0
0.04528236389160156,79689.0
0.04528236389160156,80373.0
0.04528236389160156,80534.0
0.04528236389160156,80640.0
0.04528236389160156,80763.0
0.04528236389160156,80905.0
0.04528236389160156,81015.0
0.04528236389160156,80829.0
0.04528236389160156,80959.0
0.04528236389160156,81084.0
0.04528236389160156,80657.0
0.04528236389160156,80948.0
0.04528236389160156,81098.0
0.04528236389160156,81217.0
0.04528236389160156,81339.0
0.04528236389160156,81440.0
0.04528236389160156,81288.0
0.04528236389160156,81185.0
0.04528236389160156,81412.0
0.04528236389160156,81298.0
0.04528236389160156,81171.0
0.04528236389160156,81305.0
0.04528236389160156,81419.0
0.04528236389160156,81233.0
0.04528236389160156,81394.0
0.04528236389160156,81233.0
0.04528236389160156,81379.0
0.04528236389160156,81482.0
0.04528236389160156,81134.0
0.04528236389160156,81327.0
0.04528236389160156,81493.0
0.04528236389160156,81630.0
0.04528236389160156,81746.0
0.04528236389160156,81508.0
0.04528236389160156,81399.0
0.04528236389160156,81680.0
0.04528236389160156,81532.0
0.04528236389160156,81391.0
0.04528236389160156,81570.0
0.04528236389160156,81689.0
0.04528236389160156,81800.0
0.04528236389160156,81902.0
0.04528236389160156,82014.0
0.04528236389160156,81911.0
0.04528236389160156,81630.0
0.04528236389160156,81904.0
0.04528236389160156,82006.0
0.04528236389160156,82110.0
0.04528236389160156,81912.0
0.04528236389160156,81810.0
0.04528236389160156,81581.0
0.04528236389160156,81690.0
0.04528236389160156,81875.0
0.04528236389160156,82077.0
0.04528236389160156,82216.0
0.04528236389160156,82034.0
0.04528236389160156,82177.0
0.04528236389160156,82313.0
0.04528236389160156,82182.0
0.04528236389160156,82309.0
0.04528236389160156,82120.0
0.04528236389160156,82293.0
0.04528236389160156,82394.0
0.04528236389160156,82260.0
0.04528236389160156,82411.0
0.04528236389160156,82274.0
0.04528236389160156,82157.0
0.04528236389160156,82312.0
0.04528236389160156,82416.0
0.04528236389160156,82287.0
0.04528236389160156,82155.0
0.04528236389160156,82304.0
0.04528236389160156,82202.0
0.04528236389160156,82089.0
0.04528236389160156,82211.0
0.04528236389160156,82095.0
0.04528236389160156,82218.0
0.04528236389160156,82067.0
0.04528236389160156,81912.0
0.04528236389160156,82063.0
0.04528236389160156,81921.0
0.04528236389160156,82097.0
0.04528236389160156,82216.0
0.04528236389160156,82072.0
0.06090950965881348,81942.0
0.06090950965881348,82062.0
0.06090950965881348,81904.0
0.06090950965881348,82057.0
0.06090950965881348,82158.0
0.06090950965881348,82302.0
0.06090950965881348,82111.0
0.06090950965881348,81990.0
0.06090950965881348,82134.0
0.06090950965881348,82032.0
0.06090950965881348,82192.0
0.06090950965881348,82090.0
0.06090950965881348,81981.0
0.06090950965881348,81831.0
0.06090950965881348,81958.0
0.06090950965881348,82093.0
0.06090950965881348,82207.0
0.06090950965881348,82316.0
0.06090950965881348,82204.0
0.06090950965881348,82045.0
0.06090950965881348,81922.0
0.06090950965881348,81506.0
0.06090950965881348,81971.0
0.06090950965881348,82091.0
0.06090950965881348,82196.0
0.06090950965881348,82095.0
0.06090950965881348,81976.0
0.06090950965881348,81872.0
0.06090950965881348,81699.0
0.06090950965881348,81897.0
0.06090950965881348,82013.0
0.06090950965881348,81853.0
0.06090950965881348,81682.0
0.06090950965881348,81784.0
0.06090950965881348,81920.0
0.06090950965881348,82053.0
0.06090950965881348,82157.0
0.06090950965881348,81847.0
0.06090950965881348,82061.0
0.06090950965881348,82164.0
0.06090950965881348,82401.0
0.06090950965881348,82517.0
0.06090950965881348,82380.0
0.06090950965881348,82508.0
0.06090950965881348,82406.0
0.06090950965881348,82509.0
0.06090950965881348,82374.0
0.06090950965881348,82483.0
0.06090950965881348,82334.0
0.06090950965881348,82491.0
0.06090950965881348,82333.0
0.06090950965881348,82231.0
0.06090950965881348,82382.0
0.06090950965881348,82483.0
0.06090950965881348,82619.0
0.06090950965881348,82456.0
0.06090950965881348,82591.0
0.06090950965881348,82483.0
0.06090950965881348,82350.0
0.06090950965881348,82519.0
0.06090950965881348,82410.0
0.06090950965881348,82512.0
0.06090950965881348,82106.0
0.06090950965881348,82226.0
0.06090950965881348,82413.0
0.06090950965881348,82679.0
0.06090950965881348,82563.0
0.06090950965881348,82700.0
0.06090950965881348,82581.0
0.06090950965881348,82688.0
0.06090950965881348,82800.0
0.06090950965881348,82663.0
0.06090950965881348,82814.0
0.06090950965881348,82705.0
0.06090950965881348,82807.0
0.06090950965881348,82698.0
0.06090950965881348,82808.0
0.06090950965881348,82659.0
0.06090950965881348,82422.0
0.06090950965881348,82312.0
0.06090950965881348,82428.0
0.06090950965881348,82563.0
0.06090950965881348,82786.0
0.06090950965881348,82662.0
0.06090950965881348,82560.0
0.07302689552307129,82712.0
0.07302689552307129,82602.0
0.07302689552307129,82712.0
0.07302689552307129,82611.0
0.07302689552307129,82455.0
0.07302689552307129,82586.0
0.07302689552307129,82707.0
0.07302689552307129,82816.0
0.07302689552307129,82670.0
0.07302689552307129,82806.0
0.07302689552307129,82705.0
0.07302689552307129,82557.0
0.07302689552307129,82712.0
0.07302689552307129,82514.0
0.07302689552307129,82680.0
0.07302689552307129,82539.0
0.07302689552307129,82702.0
0.07302689552307129,82418.0
0.07302689552307129,82610.0
0.07302689552307129,82734.0
0.07302689552307129,82884.0
0.07302689552307129,83010.0
0.07302689552307129,82901.0
0.07302689552307129,82735.0
0.07302689552307129,82881.0
0.07302689552307129,82999.0
0.07302689552307129,83119.0
0.07302689552307129,82932.0
0.07302689552307129,83077.0
0.07302689552307129,83218.0
0.07302689552307129,83089.0
0.07302689552307129,83190.0
0.07302689552307129,83044.0
0.07302689552307129,83219.0
0.07302689552307129,82990.0
0.07302689552307129,83102.0
0.07302689552307129,82950.0
0.07302689552307129,83078.0
0.07703614234924316,82957.0
0.07703614234924316,83123.0
0.07703614234924316,83317.0
0.07703614234924316,83206.0
0.07703614234924316,82979.0
0.07703614234924316,83133.0
0.07703614234924316,83306.0
0.07703614234924316,83192.0
0.07703614234924316,83091.0
0.07703614234924316,82949.0
0.07703614234924316,83099.0
0.07703614234924316,82994.0
0.07703614234924316,82888.0
0.07703614234924316,82738.0
0.07703614234924316,82891.0
0.07703614234924316,82775.0
0.07703614234924316,82891.0
0.07703614234924316,82617.0
0.07703614234924316,82475.0
0.07703614234924316,82778.0
0.07703614234924316,82879.0
0.07703614234924316,82765.0
0.07703614234924316,82873.0
0.07703614234924316,83000.0
0.07703614234924316,83102.0
0.07703614234924316,82968.0
0.07703614234924316,83077.0
0.07703614234924316,82971.0
0.07703614234924316,82856.0
0.07703614234924316,82697.0
0.07703614234924316,82896.0
0.07703614234924316,82626.0
0.07703614234924316,82801.0
0.07703614234924316,82931.0
0.07703614234924316,83055.0
0.07703614234924316,82936.0
0.07703614234924316,83073.0
0.07703614234924316,82938.0
0.07703614234924316,83105.0
0.07703614234924316,82970.0
0.07703614234924316,83085.0
0.07703614234924316,82782.0
0.07703614234924316,82971.0
0.07703614234924316,82835.0
0.07703614234924316,82734.0
0.07703614234924316,82965.0
0.07703614234924316,83098.0
0.07703614234924316,83199.0
0.07703614234924316,83048.0
0.07703614234924316,82938.0
0.07703614234924316,83109.0
0.07703614234924316,82949.0
0.07703614234924316,83087.0
0.07703614234924316,83206.0
0.07703614234924316,83311.0
0.07703614234924316,83157.0
0.07703614234924316,83308.0
0.07703614234924316,83418.0
0.07703614234924316,83316.0
0.07703614234924316,83200.0
0.07703614234924316,83098.0
0.07703614234924316,82414.0
0.07703614234924316,82622.0
0.07703614234924316,82732.0
0.07703614234924316,82837.0
0.07703614234924316,83126.0
0.07703614234924316,83498.0
0.07703614234924316,83391.0
0.07703614234924316,83262.0
0.07703614234924316,83371.0
0.07703614234924316,83498.0
0.07703614234924316,83600.0
0.07703614234924316,83490.0
0.07703614234924316,83389.0
0.07703614234924316,83254.0
0.07703614234924316,83401.0
0.07703614234924316,83185.0
0.07703614234924316,83302.0
0.07703614234924316,83499.0
0.07703614234924316,83600.0
0.07703614234924316,83495.0
0.07703614234924316,83326.0
0.07703614234924316,83448.0
0.07703614234924316,83603.0
0.07703614234924316,83446.0
0.07703614234924316,83575.0
0.07703614234924316,83691.0
0.07703614234924316,83545.0
0.07703614234924316,83703.0
0.07703614234924316,83587.0
0.07703614234924316,83457.0
0.07703614234924316,83576.0
0.07703614234924316,83718.0
0.07703614234924316,83489.0
0.07703614234924316,83346.0
0.07703614234924316,83499.0
0.07703614234924316,83679.0
0.07703614234924316,83798.0
0.07703614234924316,83670.0
0.07703614234924316,83772.0
0.07703614234924316,83918.0
0.07703614234924316,83794.0
0.07703614234924316,83910.0
0.07703614234924316,83804.0
0.07703614234924316,83690.0
0.07703614234924316,83476.0
0.07703614234924316,83603.0
0.07703614234924316,83487.0
0.07703614234924316,83379.0
0.07703614234924316,83561.0
0.07703614234924316,83425.0
0.07703614234924316,83561.0
0.07703614234924316,83674.0
0.07703614234924316,83539.0
0.07703614234924316,83714.0
0.07703614234924316,83515.0
0.07703614234924316,83668.0
0.07703614234924316,83792.0
0.07703614234924316,83673.0
0.07703614234924316,83794.0
0.07703614234924316,83905.0
0.07703614234924316,83797.0
0.07703614234924316,83916.0
0.07703614234924316,83798.0
0.07703614234924316,83335.0
0.07703614234924316,83493.0
0.07703614234924316,83738.0
0.07703614234924316,83881.0
0.07703614234924316,84004.0
0.07703614234924316,84165.0
0.07703614234924316,84266.0
0.07703614234924316,84368.0
0.07703614234924316,84519.0
0.07703614234924316,84344.0
0.07703614234924316,84460.0
0.07703614234924316,84574.0
0.07703614234924316,84460.0
0.07703614234924316,84616.0
0.07703614234924316,84717.0
0.07703614234924316,84614.0
0.07703614234924316,84463.0
0.07703614234924316,84354.0
0.07703614234924316,84460.0
0.07703614234924316,84358.0
0.07703614234924316,84509.0
0.07703614234924316,84329.0
0.07703614234924316,84437.0
0.07703614234924316,84287.0
0.07703614234924316,84508.0
0.07703614234924316,84614.0
0.07703614234924316,84508.0
0.07703614234924316,84389.0
0.07703614234924316,84267.0
0.07703614234924316,84378.0
0.07703614234924316,84273.0
0.07703614234924316,84407.0
0.07703614234924316,84218.0
0.07703614234924316,84392.0
0.07703614234924316,84506.0
0.07703614234924316,84610.0
0.07703614234924316,84497.0
0.07703614234924316,84607.0
0.07703614234924316,84493.0
0.07703614234924316,84612.0
0.07703614234924316,84717.0
0.07703614234924316,84495.0
0.07703614234924316,84610.0
0.07703614234924316,84506.0
0.07703614234924316,84621.0
0.07703614234924316,84777.0
0.07703614234924316,84641.0
0.07703614234924316,84522.0
0.07703614234924316,84630.0
0.07703614234924316,84512.0
0.07703614234924316,84300.0
0.07703614234924316,84590.0
0.07703614234924316,84703.0
0.07703614234924316,84819.0
0.09276032447814941,84625.0
0.09276032447814941,84798.0
0.09276032447814941,84908.0
0.09276032447814941,84800.0
0.09276032447814941,84919.0
0.09276032447814941,84737.0
0.09276032447814941,84896.0
0.09276032447814941,85006.0
0.09276032447814941,84833.0
0.09276032447814941,84989.0
0.09276032447814941,84888.0
0.09276032447814941,84715.0
0.09276032447814941,84890.0
0.09276032447814941,85018.0
0.09276032447814941,84917.0
0.09276032447814941,84439.0
0.09276032447814941,84844.0
0.09276032447814941,84584.0
0.09276032447814941,84848.0
0.09276032447814941,84731.0
0.09276032447814941,84882.0
0.09276032447814941,84707.0
0.09276032447814941,84887.0
0.09276032447814941,84997.0
0.09276032447814941,84881.0
0.09276032447814941,84739.0
0.09276032447814941,84885.0
0.09276032447814941,84770.0
0.09276032447814941,84899.0
0.09276032447814941,84787.0
0.09276032447814941,84632.0
0.09276032447814941,84463.0
0.09276032447814941,84699.0
0.09276032447814941,84818.0
0.09276032447814941,84644.0
0.09276032447814941,84783.0
0.09276032447814941,84484.0
0.09276032447814941,84688.0
0.09276032447814941,84893.0
0.09276032447814941,84629.0
0.09276032447814941,84736.0
0.09276032447814941,84951.0
0.09276032447814941,84800.0
0.09276032447814941,84937.0
0.09276032447814941,85079.0
0.09276032447814941,85189.0
0.09276032447814941,85070.0
0.09276032447814941,84902.0
0.09276032447814941,85012.0
0.09276032447814941,85148.0
0.09276032447814941,84990.0
0.09276032447814941,85176.0
0.09276032447814941,85277.0
0.09276032447814941,85416.0
0.09276032447814941,85309.0
0.09276032447814941,85418.0
0.09276032447814941,85187.0
0.09276032447814941,85312.0
0.09276032447814941,85439.0
0.09276032447814941,85565.0
0.09276032447814941,85446.0
0.09276032447814941,85333.0
0.09276032447814941,85198.0
0.09276032447814941,85399.0
0.09276032447814941,85176.0
0.09276032447814941,85283.0
0.09276032447814941,85419.0
0.09276032447814941,85285.0
0.09276032447814941,85402.0
0.09276032447814941,85548.0
0.09276032447814941,85696.0
0.09276032447814941,85580.0
0.09276032447814941,85425.0
0.09276032447814941,85321.0
0.09276032447814941,85491.0
0.09276032447814941,85605.0
0.09276032447814941,85454.0
0.09276032447814941,85345.0
0.09276032447814941,85494.0
0.09276032447814941,85613.0
0.09276032447814941,85715.0
0.09276032447814941,85424.0
0.09276032447814941,85556.0
0.09276032447814941,85802.0
0.09276032447814941,85673.0
0.09276032447814941,85781.0
0.09276032447814941,85597.0
0.09276032447814941,85713.0
0.09276032447814941,85889.0
0.09276032447814941,85767.0
0.09276032447814941,85906.0
0.09276032447814941,86016.0
0.09276032447814941,85899.0
0.09276032447814941,86002.0
0.09276032447814941,85797.0
0.09276032447814941,85978.0
0.09276032447814941,86113.0
0.09276032447814941,86005.0
0.09276032447814941,86110.0
0.09276032447814941,86006.0
0.09276032447814941,85884.0
0.09276032447814941,85717.0
0.09276032447814941,85872.0
0.09276032447814941,86002.0
0.09276032447814941,85698.0
0.09276032447814941,86016.0
0.09276032447814941,85902.0
0.09276032447814941,85773.0
0.09276032447814941,85892.0
0.09276032447814941,86007.0
0.09276032447814941,85885.0
0.09276032447814941,85758.0
0.09276032447814941,85891.0
0.09276032447814941,85773.0
0.09276032447814941,85903.0
0.09276032447814941,85801.0
0.09276032447814941,85669.0
0.09276032447814941,85817.0
0.09276032447814941,85919.0
0.09276032447814941,85804.0
0.09276032447814941,85677.0
0.09276032447814941,85805.0
0.09276032447814941,85701.0
0.09276032447814941,85812.0
0.09276032447814941,85668.0
0.09276032447814941,85819.0
0.09276032447814941,85704.0
0.09276032447814941,85588.0
0.09276032447814941,85451.0
0.09276032447814941,85605.0
0.09276032447814941,85504.0
0.09276032447814941,85390.0
0.09276032447814941,85265.0
0.10838913917541504,85379.0
0.10838913917541504,85491.0
0.10838913917541504,85334.0
0.10838913917541504,85497.0
0.10838913917541504,85616.0
0.10838913917541504,85497.0
0.10838913917541504,85368.0
0.10838913917541504,85517.0
0.10838913917541504,85410.0
0.10838913917541504,85513.0
0.10838913917541504,85363.0
0.10838913917541504,85504.0
0.10838913917541504,85363.0
0.10838913917541504,85467.0
0.10838913917541504,85600.0
0.10838913917541504,85465.0
0.10838913917541504,85586.0
0.10838913917541504,85469.0
0.10838913917541504,85089.0
0.10838913917541504,85358.0
0.10838913917541504,85249.0
0.10838913917541504,85516.0
0.10838913917541504,85341.0
0.10838913917541504,85489.0
0.10838913917541504,85206.0
0.10838913917541504,85514.0
0.10838913917541504,85394.0
0.10838913917541504,85509.0
0.10838913917541504,85395.0
0.10838913917541504,85174.0
0.10838913917541504,85351.0
0.10838913917541504,85502.0
0.10838913917541504,85360.0
0.10838913917541504,85474.0
0.10838913917541504,85603.0
0.10838913917541504,85481.0
0.10838913917541504,85344.0
0.10838913917541504,85499.0
0.10838913917541504,85615.0
0.10838913917541504,85462.0
0.10838913917541504,85323.0
0.10838913917541504,85484.0
0.10838913917541504,85355.0
0.10838913917541504,85478.0
0.10838913917541504,85596.0
0.10838913917541504,85710.0
0.10838913917541504,85600.0
0.10838913917541504,85478.0
0.10838913917541504,85613.0
0.10838913917541504,85470.0
0.10838913917541504,85597.0
0.10838913917541504,85480.0
0.10838913917541504,85353.0
0.10838913917541504,85228.0
0.10838913917541504,85344.0
0.10838913917541504,85496.0
0.10838913917541504,85380.0
0.10838913917541504,85481.0
0.10838913917541504,85618.0
0.10838913917541504,85425.0
0.10838913917541504,85535.0
0.10838913917541504,85690.0
0.10838913917541504,85811.0
0.10838913917541504,85665.0
0.10838913917541504,85794.0
0.10838913917541504,85676.0
0.10838913917541504,85801.0
0.10838913917541504,85691.0
0.10838913917541504,85818.0
0.10838913917541504,85689.0
0.10838913917541504,85557.0
0.10838913917541504,85659.0
0.10838913917541504,85538.0
0.10838913917541504,85372.0
0.10838913917541504,85583.0
0.10838913917541504,85700.0
0.10838913917541504,85485.0
0.10838913917541504,85627.0
0.10838913917541504,85490.0
0.10838913917541504,85679.0
0.10838913917541504,85795.0
0.10838913917541504,85680.0
0.10838913917541504,85815.0
0.10838913917541504,85678.0
0.10838913917541504,85568.0
0.10838913917541504,85458.0
0.10838913917541504,85559.0
0.10838913917541504,85694.0
0.10838913917541504,85549.0
0.10838913917541504,85420.0
0.10838913917541504,85308.0
0.10838913917541504,85198.0
0.10838913917541504,85023.0
0.10838913917541504,85242.0
0.10838913917541504,85373.0
0.10838913917541504,85265.0
0.10838913917541504,85413.0
0.10838913917541504,85302.0
0.10838913917541504,85187.0
0.10838913917541504,85303.0
0.10838913917541504,85419.0
0.10838913917541504,85256.0
0.10838913917541504,85386.0
0.10838913917541504,85517.0
0.10838913917541504,85416.0
0.10838913917541504,85269.0
0.10838913917541504,85411.0
0.10838913917541504,85519.0
0.10838913917541504,85413.0
0.10838913917541504,85286.0
0.10838913917541504,85396.0
0.10838913917541504,85207.0
0.10838913917541504,85379.0
0.10838913917541504,85518.0
0.10838913917541504,85374.0
0.10838913917541504,85503.0
0.10838913917541504,85607.0
0.10838913917541504,85474.0
0.10838913917541504,85371.0
0.10838913917541504,85492.0
0.10838913917541504,85617.0
0.12426257133483887,85501.0
0.12426257133483887,85614.0
0.12426257133483887,85501.0
0.12426257133483887,85618.0
0.12426257133483887,85471.0
0.12426257133483887,85572.0
0.12426257133483887,85673.0
0.12426257133483887,85507.0
0.12426257133483887,85619.0
0.12426257133483887,85771.0
0.12426257133483887,85594.0
0.12426257133483887,85738.0
0.12426257133483887,85906.0
0.12426257133483887,85803.0
0.12426257133483887,85910.0
0.12426257133483887,85759.0
0.12426257133483887,85647.0
0.12426257133483887,85533.0
0.12426257133483887,85662.0
0.12426257133483887,85779.0
0.12426257133483887,85915.0
0.12426257133483887,85809.0
0.12426257133483887,85693.0
0.12426257133483887,85583.0
0.12426257133483887,85706.0
0.12426257133483887,85815.0
0.12426257133483887,85703.0
0.12426257133483887,85818.0
0.12426257133483887,85693.0
0.12426257133483887,85810.0
0.12426257133483887,85618.0
0.12426257133483887,85815.0
0.12426257133483887,85659.0
0.12426257133483887,85801.0
0.12426257133483887,85911.0
0.12426257133483887,86014.0
0.12426257133483887,85910.0
0.12426257133483887,85742.0
0.12426257133483887,85844.0
0.12426257133483887,85709.0
0.12426257133483887,85592.0
0.12426257133483887,85818.0
0.12426257133483887,85607.0
0.12426257133483887,85495.0
0.12426257133483887,85672.0
0.12426257133483887,85794.0
0.12426257133483887,85910.0
0.12426257133483887,86017.0
0.12426257133483887,85912.0
0.12426257133483887,85761.0
0.12426257133483887,85875.0
0.12426257133483887,85748.0
0.12426257133483887,85863.0
0.12426257133483887,86003.0
0.12426257133483887,85861.0
0.12426257133483887,85760.0
0.12426257133483887,85875.0
0.12426257133483887,85748.0
0.12426257133483887,85909.0
0.12426257133483887,85774.0
0.12426257133483887,85909.0
0.12426257133483887,85787.0
0.12426257133483887,85899.0
0.12426257133483887,86019.0
0.12426257133483887,85869.0
0.12426257133483887,85991.0
0.12426257133483887,86115.0
0.12426257133483887,85961.0
0.12426257133483887,86083.0
0.12426257133483887,85906.0
0.12426257133483887,86090.0
0.12426257133483887,86213.0
0.12426257133483887,86319.0
0.12426257133483887,86201.0
0.12426257133483887,86092.0
0.12426257133483887,86219.0
0.12426257133483887,86104.0
0.12426257133483887,85956.0
0.12426257133483887,86098.0
0.12426257133483887,86219.0
0.12426257133483887,86118.0
0.12426257133483887,85973.0
0.12426257133483887,86115.0
0.12426257133483887,85971.0
0.12426257133483887,86115.0
0.12426257133483887,85991.0
0.12426257133483887,86110.0
0.14019131660461426,86215.0
0.14019131660461426,86089.0
0.14019131660461426,85956.0
0.14019131660461426,86070.0
0.14019131660461426,86219.0
0.14019131660461426,86030.0
0.14019131660461426,86148.0
0.14019131660461426,86254.0
0.14019131660461426,86393.0
0.14019131660461426,86291.0
0.14019131660461426,86032.0
0.14019131660461426,86247.0
0.14019131660461426,86390.0
0.14019131660461426,86507.0
0.14019131660461426,86399.0
0.14019131660461426,86294.0
0.14019131660461426,86400.0
0.14019131660461426,86516.0
0.14019131660461426,86392.0
0.14019131660461426,86282.0
0.14019131660461426,86415.0
0.14019131660461426,86267.0
0.14019131660461426,86131.0
0.14019131660461426,85974.0
0.14019131660461426,86217.0
0.14019131660461426,86056.0
0.14019131660461426,86188.0
0.14019131660461426,86296.0
0.14019131660461426,86407.0
0.14019131660461426,86213.0
0.14019131660461426,86354.0
0.14019131660461426,86111.0
0.14019131660461426,86385.0
0.14019131660461426,86500.0
0.14019131660461426,86368.0
0.14019131660461426,86501.0
0.14019131660461426,86286.0
0.14019131660461426,86416.0
0.14019131660461426,86602.0
0.14019131660461426,86709.0
0.14019131660461426,86606.0
0.14019131660461426,86397.0
0.14019131660461426,86581.0
0.14019131660461426,86480.0
0.14019131660461426,86598.0
0.14019131660461426,86475.0
0.14019131660461426,86591.0
0.14019131660461426,86461.0
0.14019131660461426,86593.0
0.14019131660461426,86708.0
0.14019131660461426,86815.0
0.14019131660461426,86708.0
0.14019131660461426,86809.0
0.14019131660461426,86624.0
0.14019131660461426,86790.0
0.14019131660461426,86891.0
0.14019131660461426,86771.0
0.14019131660461426,86896.0
0.14019131660461426,87012.0
0.14019131660461426,86893.0
0.14019131660461426,87016.0
0.14019131660461426,86911.0
0.14019131660461426,86772.0
0.14019131660461426,86657.0
0.14019131660461426,86808.0
0.14019131660461426,86705.0
0.14019131660461426,86817.0
0.14019131660461426,86656.0
0.14019131660461426,86787.0
0.14019131660461426,86891.0
0.14019131660461426,87008.0
0.14019131660461426,86870.0
0.14019131660461426,86990.0
0.14019131660461426,86886.0
0.14019131660461426,86990.0
0.14019131660461426,87102.0
0.14019131660461426,86945.0
0.14019131660461426,87093.0
0.14019131660461426,87209.0
0.14019131660461426,87082.0
0.14019131660461426,87215.0
0.14019131660461426,87086.0
0.14019131660461426,87211.0
0.14019131660461426,87317.0
0.15626788139343262,87418.0
0.15626788139343262,87313.0
0.15626788139343262,87170.0
0.15626788139343262,87286.0
0.15626788139343262,87184.0
0.15626788139343262,87311.0
0.15626788139343262,87135.0
0.15626788139343262,87270.0
0.15626788139343262,87399.0
0.15626788139343262,87515.0
0.15626788139343262,87392.0
0.15626788139343262,87263.0
0.15626788139343262,87418.0
0.15626788139343262,87264.0
0.15626788139343262,87414.0
0.15626788139343262,87298.0
0.15626788139343262,87412.0
0.15626788139343262,87263.0
0.15626788139343262,87419.0
0.15626788139343262,87294.0
0.15626788139343262,87402.0
0.15626788139343262,87518.0
0.15626788139343262,87370.0
0.15626788139343262,87516.0
0.15626788139343262,87306.0
0.15626788139343262,87191.0
0.15626788139343262,87359.0
0.15626788139343262,87488.0
0.15626788139343262,87615.0
0.15626788139343262,87454.0
0.15626788139343262,87583.0
0.15626788139343262,87711.0
0.15626788139343262,87812.0
0.15626788139343262,87576.0
0.15626788139343262,87785.0
0.15626788139343262,87630.0
0.15626788139343262,87743.0
0.15626788139343262,87888.0
0.15626788139343262,87785.0
0.15626788139343262,87895.0
0.15626788139343262,88014.0
0.15626788139343262,88117.0
0.15626788139343262,88218.0
0.15626788139343262,88116.0
0.15626788139343262,88219.0
0.15626788139343262,88090.0
0.15626788139343262,88209.0
0.15626788139343262,88093.0
0.15626788139343262,88211.0
0.15626788139343262,88312.0
0.15626788139343262,88204.0
0.15626788139343262,88319.0
0.17206788063049316,88197.0
0.17206788063049316,88318.0
0.1731576919555664,88196.0
0.1731576919555664,88319.0
0.1731576919555664,88218.0
0.1731576919555664,88112.0
0.1731576919555664,87993.0
0.1731576919555664,88115.0
0.1731576919555664,87781.0
0.1731576919555664,87921.0
0.1731576919555664,88078.0
0.1731576919555664,87972.0
0.1731576919555664,88195.0
0.1731576919555664,88305.0
0.1731576919555664,88191.0
0.1731576919555664,88038.0
0.1731576919555664,88185.0
0.1731576919555664,88292.0
0.1731576919555664,88409.0
0.1731576919555664,88518.0
0.1731576919555664,88410.0
0.1731576919555664,88308.0
0.1731576919555664,88416.0
0.1731576919555664,88519.0
0.1731576919555664,88400.0
0.1731576919555664,88514.0
0.1731576919555664,88211.0
0.1731576919555664,88366.0
0.1731576919555664,88221.0
0.1731576919555664,88478.0
0.1731576919555664,88580.0
0.1731576919555664,88707.0
0.1731576919555664,88571.0
0.1731576919555664,88444.0
0.1731576919555664,88557.0
0.1731576919555664,88429.0
0.1731576919555664,88566.0
0.1731576919555664,88716.0
0.1731576919555664,88598.0
0.1731576919555664,88708.0
0.1731576919555664,88814.0
0.1731576919555664,88671.0
0.1731576919555664,88786.0
0.1731576919555664,88897.0
0.1731576919555664,89011.0
0.1731576919555664,89114.0
0.1731576919555664,89013.0
0.1731576919555664,88878.0
0.1731576919555664,89014.0
0.1731576919555664,88882.0
0.1731576919555664,88778.0
0.1731576919555664,88896.0
0.1731576919555664,89013.0
0.1731576919555664,88885.0
0.1731576919555664,88987.0
0.1731576919555664,89092.0
0.1731576919555664,89217.0
0.18825554847717285,89116.0
0.18825554847717285,88961.0
0.18825554847717285,88859.0
0.18825554847717285,89015.0
0.18825554847717285,88914.0
0.18825554847717285,88791.0
0.18825554847717285,88666.0
0.18825554847717285,88800.0
0.18825554847717285,88680.0
0.18825554847717285,88798.0
0.18825554847717285,88639.0
0.18825554847717285,88766.0
0.18825554847717285,88881.0
0.18825554847717285,88997.0
0.18825554847717285,89119.0
0.18825554847717285,89005.0
0.18825554847717285,88796.0
0.18825554847717285,88970.0
0.18825554847717285,89114.0
0.18825554847717285,88991.0
0.18825554847717285,89114.0
0.18825554847717285,88967.0
0.18825554847717285,89116.0
0.18825554847717285,88989.0
0.18825554847717285,89117.0
0.18825554847717285,89016.0
0.18825554847717285,88908.0
0.18825554847717285,88769.0
0.18825554847717285,88898.0
0.18825554847717285,89015.0
0.18825554847717285,88896.0
0.18825554847717285,89011.0
0.18825554847717285,89112.0
0.18825554847717285,89213.0
0.20416498184204102,89104.0
0.20416498184204102,88973.0
0.20416498184204102,89087.0
0.20416498184204102,89219.0
0.20416498184204102,89117.0
0.20416498184204102,89218.0
0.20416498184204102,89100.0
0.20416498184204102,88996.0
0.20416498184204102,89097.0
0.20416498184204102,89206.0
0.20416498184204102,89095.0
0.20416498184204102,89216.0
0.20416498184204102,89110.0
0.20416498184204102,88998.0
0.20416498184204102,89102.0
0.20416498184204102,89217.0
0.20416498184204102,89098.0
0.20416498184204102,89212.0
0.20416498184204102,89026.0
0.20416498184204102,89150.0
0.20416498184204102,89296.0
0.20416498184204102,89401.0
0.20416498184204102,89250.0
0.20416498184204102,89419.0
0.20416498184204102,89298.0
0.20416498184204102,89404.0
0.22005486488342285,89513.0
0.22005486488342285,89358.0
0.22005486488342285,89464.0
0.22005486488342285,89612.0
0.22005486488342285,89466.0
0.22005486488342285,89576.0
0.22005486488342285,89718.0
0.22005486488342285,89615.0
0.22005486488342285,89719.0
0.22005486488342285,89585.0
0.22005486488342285,89711.0
0.22005486488342285,89817.0
0.22005486488342285,89918.0
0.22005486488342285,89804.0
0.22005486488342285,89689.0
0.22005486488342285,89816.0
0.22005486488342285,89680.0
0.22005486488342285,89798.0
0.22005486488342285,89913.0
0.22005486488342285,89768.0
0.22005486488342285,89918.0
0.22005486488342285,89755.0
0.22005486488342285,89917.0
0.2358684539794922,89815.0
0.2358684539794922,89711.0
0.2358684539794922,89813.0
0.2358684539794922,89915.0
0.2358684539794922,89813.0
0.2358684539794922,89917.0
0.2358684539794922,90019.0
0.2358684539794922,89892.0
0.2358684539794922,90013.0
0.2514472007751465,89891.0
0.2514472007751465,90015.0
0.2514472007751465,90119.0
0.2514472007751465,90013.0
0.2514472007751465,90117.0
0.2514472007751465,90219.0
0.26711583137512207,90104.0
0.26711583137512207,90219.0
0.2732107639312744,90104.0
0.2732107639312744,90214.0
0.2732107639312744,90318.0
0.2732107639312744,90201.0
0.2732107639312744,90315.0
0.2732107639312744,90418.0
0.2832953929901123,90519.0
0.2832953929901123,90395.0
0.2832953929901123,90514.0
0.2832953929901123,90616.0
0.2832953929901123,90717.0
0.2832953929901123,90819.0
