0.0,59267.0
0.0,59554.0
0.0,59347.0
0.0,59562.0
0.0,59713.0
0.0,58894.0
0.0,59540.0
0.0,59778.0
0.0,59905.0
0.0,58910.0
0.0,59578.0
0.0,59901.0
0.0,60112.0
0.0,59799.0
0.0,60026.0
0.0,60219.0
0.0,59896.0
0.0,60068.0
0.0,60199.0
0.0,60338.0
0.0,60508.0
0.0,60338.0
0.0,60515.0
0.0,60345.0
0.0,60450.0
0.0,60610.0
0.0,60717.0
0.0,60189.0
0.0,60629.0
0.0,60780.0
0.0,60916.0
0.0,59885.0
0.0,60219.0
0.0,60975.0
0.0,61089.0
0.0,61190.0
0.0,61013.0
0.0,60862.0
0.0,60620.0
0.0,60817.0
0.0,61089.0
0.0,61208.0
0.0,61311.0
0.0,61418.0
0.0,60984.0
0.0,61246.0
0.0,61489.0
0.0,60815.0
0.0,61304.0
0.0,61422.0
0.0,61706.0
0.0,61484.0
0.0,61670.0
0.0,61801.0
0.0,61902.0
0.0,62013.0
0.0,61816.0
0.0,61944.0
0.0,62110.0
0.0,62211.0
0.0,62106.0
0.0,62216.0
0.0,62317.0
0.0,61914.0
0.0,62058.0
0.0,62393.0
0.0,62507.0
0.0,62619.0
0.0,62376.0
0.0,62539.0
0.0,62714.0
0.0,62198.0
0.0,62551.0
0.0,62796.0
0.0,61996.0
0.0,62539.0
0.0,62878.0
0.0,63002.0
0.0,63114.0
0.0,63013.0
0.0,63118.0
0.0,62678.0
0.0,63067.0
0.0,63175.0
0.0,63056.0
0.0,63206.0
0.0,63077.0
0.0,63182.0
0.0,63293.0
0.0,63412.0
0.0,62497.0
0.0,63130.0
0.0,63434.0
0.0,63323.0
0.0,63504.0
0.0,63610.0
0.0,63483.0
0.0,63613.0
0.0,63512.0
0.0,63613.0
0.0,62631.0
0.0,63460.0
0.0,63682.0
0.0,63803.0
0.0,63908.0
0.0,64018.0
0.0,63389.0
0.0,63827.0
0.0,64050.0
0.0,63763.0
0.0,63030.0
0.0,63805.0
0.0,64097.0
0.0,64216.0
0.0,64317.0
0.0,63879.0
0.0,64296.0
0.0,64401.0
0.0,64518.0
0.0,64324.0
0.0,64451.0
0.0,64320.0
0.0,64512.0
0.0,64619.0
0.0,63781.0
0.0,64088.0
0.0,64577.0
0.0,64474.0
0.0,64656.0
0.0,64818.0
0.0,64470.0
0.0,64773.0
0.0,64136.0
0.0,64430.0
0.0,64650.0
0.0,64905.0
0.0,65010.0
0.0,65194.0
0.0,65093.0
0.0,65216.0
0.0,65050.0
0.0,65198.0
0.0,65091.0
0.0,65219.0
0.0,64463.0
0.0,65066.0
0.0,65217.0
0.0,65376.0
0.0,65507.0
0.0,64681.0
0.0,65008.0
0.0,65222.0
0.0,65493.0
0.0,65694.0
0.0,65915.0
0.0,65803.0
0.0,65918.0
0.0,64910.0
0.0,65752.0
0.0,66004.0
0.0,66109.0
0.0,65999.0
0.0,66115.0
0.0,65295.0
0.0,65833.0
0.0,66068.0
0.0,66175.0
0.0,66326.0
0.0,66467.0
0.0,66619.0
0.0,66512.0
0.0,66617.0
0.0,65984.0
0.0,66601.0
0.0,66711.0
0.0,66812.0
0.0,66323.0
0.0,66656.0
0.0,66906.0
0.0,67011.0
0.0,67116.0
0.0,66986.0
0.0,67101.0
0.0,67218.0
0.0,66966.0
0.0,67108.0
0.0,67302.0
0.0,67415.0
0.0,67518.0
0.0,66703.0
0.0,67251.0
0.0,67486.0
0.0,67692.0
0.0,67529.0
0.0,67683.0
0.0,67791.0
0.0,66943.0
0.0,67792.0
0.0,67910.0
0.0,68014.0
0.0,67909.0
0.0,67781.0
0.0,67917.0
0.0,67806.0
0.0,67701.0
0.0,67810.0
0.0,67679.0
0.0,67815.0
0.0,67511.0
0.0,67633.0
0.0,67812.0
0.0,67999.0
0.0,68116.0
0.0,67274.0
0.0,67849.0
0.0,68158.0
0.0,67103.0
0.0,67392.0
0.0,67632.0
0.0,68114.0
0.0,68365.0
0.0,68611.0
0.0,68712.0
0.0,68335.0
0.0,68471.0
0.0,68793.0
0.0,68919.0
0.0,68725.0
0.0,68860.0
0.0,68973.0
0.0,69105.0
0.0,68816.0
0.0,69003.0
0.0,69159.0
0.0,69315.0
0.0,68508.0
0.0,68837.0
0.0,69137.0
0.0,69434.0
0.0,69579.0
0.0,69702.0
0.0,69515.0
0.0,69662.0
0.0,69427.0
0.0,69221.0
0.0,69489.0
0.0,69650.0
0.0,69783.0
0.0,69889.0
0.0,69998.0
0.0,70112.0
0.0,70005.0
0.0,69891.0
0.0,70000.0
0.0,70109.0
0.0,70216.0
0.0,70317.0
0.0,70418.0
0.0,70115.0
0.0,70297.0
0.0,70432.0
0.0,70579.0
0.01591968536376953,70694.0
0.01591968536376953,70528.0
0.01591968536376953,70631.0
0.01591968536376953,70756.0
0.01591968536376953,70907.0
0.01591968536376953,70747.0
0.01591968536376953,70479.0
0.01591968536376953,70659.0
0.01591968536376953,70882.0
0.01591968536376953,70994.0
0.01591968536376953,71110.0
0.01591968536376953,70038.0
0.01591968536376953,70364.0
0.01591968536376953,71185.0
0.01591968536376953,71077.0
0.01591968536376953,71214.0
0.01591968536376953,71108.0
0.01591968536376953,71218.0
0.01591968536376953,71103.0
0.01591968536376953,70923.0
0.01591968536376953,71051.0
0.01591968536376953,70879.0
0.01591968536376953,71107.0
0.01591968536376953,71211.0
0.01591968536376953,71319.0
0.01591968536376953,71191.0
0.01591968536376953,70882.0
0.01591968536376953,71093.0
0.01591968536376953,71209.0
0.01591968536376953,71062.0
0.01591968536376953,71301.0
0.01591968536376953,71185.0
0.01591968536376953,71312.0
0.01591968536376953,71173.0
0.01591968536376953,71274.0
0.01591968536376953,71397.0
0.01591968536376953,71518.0
0.01591968536376953,71367.0
0.01591968536376953,71129.0
0.01591968536376953,71345.0
0.01591968536376953,71240.0
0.01591968536376953,71377.0
0.01591968536376953,71517.0
0.01591968536376953,71323.0
0.01591968536376953,71503.0
0.01591968536376953,71402.0
0.01591968536376953,71204.0
0.01591968536376953,71406.0
0.01591968536376953,70512.0
0.01591968536376953,70630.0
0.01591968536376953,71171.0
0.01591968536376953,71437.0
0.01591968536376953,71660.0
0.01591968536376953,71817.0
0.01591968536376953,71620.0
0.01591968536376953,70981.0
0.01591968536376953,71307.0
0.01591968536376953,71730.0
0.01591968536376953,71855.0
0.01591968536376953,71971.0
0.01591968536376953,71189.0
0.01591968536376953,71673.0
0.01591968536376953,71907.0
0.01591968536376953,72125.0
0.01591968536376953,72311.0
0.01591968536376953,71227.0
0.01591968536376953,72273.0
0.01591968536376953,72415.0
0.01591968536376953,71566.0
0.01591968536376953,72054.0
0.01591968536376953,72516.0
0.01591968536376953,72415.0
0.01591968536376953,71926.0
0.01591968536376953,72264.0
0.01591968536376953,72480.0
0.01591968536376953,72585.0
0.01591968536376953,72699.0
0.01591968536376953,72807.0
0.01591968536376953,72665.0
0.01591968536376953,72781.0
0.01591968536376953,72893.0
0.01591968536376953,72757.0
0.01591968536376953,72209.0
0.01591968536376953,72592.0
0.01591968536376953,72738.0
0.01591968536376953,72899.0
0.01591968536376953,73040.0
0.01591968536376953,73193.0
0.01591968536376953,73048.0
0.01591968536376953,73215.0
0.01591968536376953,73053.0
0.01591968536376953,73183.0
0.01591968536376953,73293.0
0.01591968536376953,73132.0
0.01591968536376953,73027.0
0.01591968536376953,73204.0
0.01591968536376953,72965.0
0.01591968536376953,73216.0
0.01591968536376953,73039.0
0.01591968536376953,73149.0
0.01591968536376953,73269.0
0.01591968536376953,73152.0
0.01591968536376953,73307.0
0.01591968536376953,72881.0
0.01591968536376953,73043.0
0.01591968536376953,72922.0
0.01591968536376953,73096.0
0.01591968536376953,73197.0
0.01591968536376953,73346.0
0.01591968536376953,73581.0
0.01591968536376953,73682.0
0.01591968536376953,73800.0
0.01591968536376953,73684.0
0.01591968536376953,73795.0
0.01591968536376953,73664.0
0.01591968536376953,73766.0
0.01591968536376953,73918.0
0.01591968536376953,73759.0
0.01591968536376953,73881.0
0.01591968536376953,74005.0
0.01591968536376953,73901.0
0.01591968536376953,73800.0
0.01591968536376953,73908.0
0.01591968536376953,74012.0
0.01591968536376953,74118.0
0.01591968536376953,74219.0
0.01591968536376953,74096.0
0.01591968536376953,74205.0
0.01591968536376953,74078.0
0.01591968536376953,73972.0
0.01591968536376953,74098.0
0.01591968536376953,73980.0
0.01591968536376953,73799.0
0.01591968536376953,73908.0
0.01591968536376953,74093.0
0.01591968536376953,73969.0
0.01591968536376953,74105.0
0.01591968536376953,73979.0
0.01591968536376953,73392.0
0.01591968536376953,73768.0
0.01591968536376953,73977.0
0.01591968536376953,74192.0
0.01591968536376953,74315.0
0.01591968536376953,74418.0
0.01591968536376953,73951.0
0.01591968536376953,74379.0
0.01591968536376953,74493.0
0.01591968536376953,74609.0
0.01591968536376953,74716.0
0.01591968536376953,74549.0
0.01591968536376953,74664.0
0.01591968536376953,74781.0
0.01591968536376953,74894.0
0.01591968536376953,74656.0
0.01591968536376953,74895.0
0.01591968536376953,75012.0
0.01591968536376953,74830.0
0.01591968536376953,74944.0
0.01591968536376953,74835.0
0.01591968536376953,74936.0
0.01591968536376953,73844.0
0.01591968536376953,74123.0
0.01591968536376953,74741.0
0.01591968536376953,75193.0
0.01591968536376953,75308.0
0.01591968536376953,74533.0
0.01591968536376953,74658.0
0.01591968536376953,75159.0
0.01591968536376953,75411.0
0.01591968536376953,75614.0
0.01591968536376953,75507.0
0.01591968536376953,75276.0
0.01591968536376953,75417.0
0.01591968536376953,75570.0
0.01591968536376953,75691.0
0.01591968536376953,75570.0
0.01591968536376953,75383.0
0.01591968536376953,75550.0
0.01591968536376953,75666.0
0.01591968536376953,75420.0
0.01591968536376953,75561.0
0.01591968536376953,75707.0
0.01591968536376953,75472.0
0.01591968536376953,75658.0
0.01591968536376953,75443.0
0.01591968536376953,75749.0
0.01591968536376953,75904.0
0.01591968536376953,76019.0
0.01591968536376953,75845.0
0.01591968536376953,76016.0
0.01591968536376953,75858.0
0.01591968536376953,75978.0
0.01591968536376953,75686.0
0.01591968536376953,75963.0
0.01591968536376953,75417.0
0.01591968536376953,75935.0
0.01591968536376953,76074.0
0.01591968536376953,76211.0
0.01591968536376953,76102.0
0.01591968536376953,75956.0
0.01591968536376953,76078.0
0.01591968536376953,75926.0
0.01591968536376953,76078.0
0.01591968536376953,76184.0
0.01591968536376953,76033.0
0.01591968536376953,76186.0
0.01591968536376953,75975.0
0.01591968536376953,76153.0
0.01591968536376953,76319.0
0.01591968536376953,76217.0
0.01591968536376953,76107.0
0.01591968536376953,76208.0
0.01591968536376953,76022.0
0.01591968536376953,76195.0
0.01591968536376953,76315.0
0.01591968536376953,76133.0
0.01591968536376953,76294.0
0.01591968536376953,76182.0
0.01591968536376953,76316.0
0.01591968536376953,76093.0
0.01591968536376953,76199.0
0.01591968536376953,76411.0
0.01591968536376953,76200.0
0.01591968536376953,76414.0
0.01591968536376953,76273.0
0.01591968536376953,76418.0
0.01591968536376953,76519.0
0.01591968536376953,76335.0
0.01591968536376953,76504.0
0.01591968536376953,76391.0
0.01591968536376953,76518.0
0.01591968536376953,76119.0
0.01591968536376953,76258.0
0.01591968536376953,76473.0
0.01591968536376953,76641.0
0.01591968536376953,76808.0
0.01591968536376953,76911.0
0.01591968536376953,76294.0
0.01591968536376953,76808.0
0.01591968536376953,76703.0
0.01591968536376953,76889.0
0.01591968536376953,77005.0
0.01591968536376953,76895.0
0.01591968536376953,76734.0
0.01591968536376953,76852.0
0.01591968536376953,76734.0
0.01591968536376953,75913.0
0.01591968536376953,76536.0
0.01591968536376953,76764.0
0.01591968536376953,76937.0
0.01591968536376953,76756.0
0.01591968536376953,76974.0
0.01591968536376953,77110.0
0.01591968536376953,77219.0
0.01591968536376953,76935.0
0.01591968536376953,77194.0
0.01591968536376953,77303.0
0.01591968536376953,77418.0
0.01591968536376953,77303.0
0.01591968536376953,77411.0
0.01591968536376953,77076.0
0.01591968536376953,77297.0
0.01591968536376953,77167.0
0.01591968536376953,77367.0
0.01591968536376953,77468.0
0.01591968536376953,77351.0
0.031713008880615234,77217.0
0.031713008880615234,77339.0
0.031713008880615234,77463.0
0.031713008880615234,77578.0
0.031713008880615234,77683.0
0.031713008880615234,77792.0
0.031713008880615234,77906.0
0.031713008880615234,77678.0
0.031713008880615234,77140.0
0.031713008880615234,77499.0
0.031713008880615234,77650.0
0.031713008880615234,77988.0
0.031713008880615234,78095.0
0.031713008880615234,77823.0
0.031713008880615234,77925.0
0.031713008880615234,78065.0
0.031713008880615234,78254.0
0.031713008880615234,78115.0
0.031713008880615234,78265.0
0.031713008880615234,78395.0
0.031713008880615234,77523.0
0.031713008880615234,78267.0
0.031713008880615234,78518.0
0.031713008880615234,78410.0
0.031713008880615234,78071.0
0.031713008880615234,78278.0
0.031713008880615234,78404.0
0.031713008880615234,78593.0
0.031713008880615234,78217.0
0.031713008880615234,78423.0
0.031713008880615234,78539.0
0.031713008880615234,78726.0
0.031713008880615234,78904.0
0.031713008880615234,79018.0
0.031713008880615234,78795.0
0.031713008880615234,78954.0
0.031713008880615234,79112.0
0.031713008880615234,78884.0
0.031713008880615234,79052.0
0.031713008880615234,79188.0
0.031713008880615234,79289.0
0.031713008880615234,79172.0
0.031713008880615234,78503.0
0.031713008880615234,79088.0
0.031713008880615234,78920.0
0.031713008880615234,79082.0
0.031713008880615234,79241.0
0.031713008880615234,79382.0
0.031713008880615234,79056.0
0.031713008880615234,79205.0
0.031713008880615234,79418.0
0.031713008880615234,79579.0
0.031713008880615234,79699.0
0.031713008880615234,79816.0
0.031713008880615234,79690.0
0.031713008880615234,79813.0
0.031713008880615234,79708.0
0.031713008880615234,79601.0
0.031713008880615234,79435.0
0.031713008880615234,79242.0
0.031713008880615234,79431.0
0.031713008880615234,79313.0
0.031713008880615234,79423.0
0.031713008880615234,79525.0
0.031713008880615234,79705.0
0.031713008880615234,79491.0
0.031713008880615234,79618.0
0.031713008880615234,79810.0
0.031713008880615234,79689.0
0.031713008880615234,79586.0
0.031713008880615234,79440.0
0.031713008880615234,79334.0
0.031713008880615234,79507.0
0.031713008880615234,79613.0
0.031713008880615234,79490.0
0.031713008880615234,79601.0
0.031713008880615234,79485.0
0.031713008880615234,79590.0
0.031713008880615234,79711.0
0.031713008880615234,79602.0
0.031713008880615234,79487.0
0.031713008880615234,79318.0
0.031713008880615234,79502.0
0.031713008880615234,79617.0
0.031713008880615234,79719.0
0.031713008880615234,79583.0
0.031713008880615234,79717.0
0.031713008880615234,79615.0
0.031713008880615234,79428.0
0.031713008880615234,79587.0
0.031713008880615234,79698.0
0.031713008880615234,79471.0
0.031713008880615234,79220.0
0.031713008880615234,79468.0
0.031713008880615234,79690.0
0.031713008880615234,79534.0
0.031713008880615234,79663.0
0.031713008880615234,79812.0
0.031713008880615234,79290.0
0.031713008880615234,79620.0
0.031713008880615234,79910.0
0.031713008880615234,79809.0
0.031713008880615234,79685.0
0.031713008880615234,79809.0
0.031713008880615234,79658.0
0.031713008880615234,79814.0
0.031713008880615234,79686.0
0.031713008880615234,79386.0
0.031713008880615234,79092.0
0.031713008880615234,78972.0
0.031713008880615234,79236.0
0.031713008880615234,79547.0
0.031713008880615234,79694.0
0.031713008880615234,79423.0
0.031713008880615234,79618.0
0.031713008880615234,79779.0
0.031713008880615234,79893.0
0.031713008880615234,79786.0
0.031713008880615234,79903.0
0.031713008880615234,79789.0
0.031713008880615234,79915.0
0.031713008880615234,79723.0
0.031713008880615234,79894.0
0.031713008880615234,79785.0
0.031713008880615234,79650.0
0.031713008880615234,79536.0
0.031713008880615234,79708.0
0.031713008880615234,79810.0
0.031713008880615234,79594.0
0.031713008880615234,79807.0
0.031713008880615234,79912.0
0.031713008880615234,79355.0
0.031713008880615234,79848.0
0.031713008880615234,79958.0
0.031713008880615234,79836.0
0.031713008880615234,79978.0
0.031713008880615234,79863.0
0.031713008880615234,79965.0
0.031713008880615234,80113.0
0.031713008880615234,79976.0
0.031713008880615234,80111.0
0.031713008880615234,79955.0
0.031713008880615234,80071.0
0.031713008880615234,79959.0
0.031713008880615234,80109.0
0.031713008880615234,80217.0
0.031713008880615234,80116.0
0.031713008880615234,79972.0
0.031713008880615234,79811.0
0.031713008880615234,79956.0
0.031713008880615234,80064.0
0.031713008880615234,79958.0
0.031713008880615234,80077.0
0.031713008880615234,79921.0
0.031713008880615234,80108.0
0.031713008880615234,79988.0
0.031713008880615234,79810.0
0.031713008880615234,80008.0
0.031713008880615234,80117.0
0.031713008880615234,79902.0
0.031713008880615234,80003.0
0.031713008880615234,80205.0
0.031713008880615234,80313.0
0.031713008880615234,80095.0
0.031713008880615234,80289.0
0.031713008880615234,80177.0
0.031713008880615234,80305.0
0.031713008880615234,80160.0
0.031713008880615234,80284.0
0.031713008880615234,80148.0
0.031713008880615234,80015.0
0.031713008880615234,80191.0
0.031713008880615234,79832.0
0.031713008880615234,79691.0
0.031713008880615234,79922.0
0.031713008880615234,80041.0
0.031713008880615234,80277.0
0.031713008880615234,80176.0
0.047551631927490234,80075.0
0.047551631927490234,80198.0
0.047551631927490234,80090.0
0.047551631927490234,80196.0
0.047551631927490234,80095.0
0.047551631927490234,79940.0
0.047551631927490234,80050.0
0.04900932312011719,79949.0
0.04900932312011719,79839.0
0.04900932312011719,80009.0
0.04900932312011719,79796.0
0.04900932312011719,79948.0
0.04900932312011719,80065.0
0.04900932312011719,79522.0
0.04900932312011719,79886.0
0.04900932312011719,80148.0
0.04900932312011719,80294.0
0.04900932312011719,80042.0
0.04900932312011719,80258.0
0.04900932312011719,80419.0
0.04900932312011719,80311.0
0.04900932312011719,80210.0
0.04900932312011719,80109.0
0.04900932312011719,79850.0
0.04900932312011719,79994.0
0.04900932312011719,80135.0
0.04900932312011719,79896.0
0.04900932312011719,80147.0
0.04900932312011719,80313.0
0.04900932312011719,80416.0
0.04900932312011719,80194.0
0.04900932312011719,80367.0
0.04900932312011719,80194.0
0.04900932312011719,80355.0
0.04900932312011719,80484.0
0.04900932312011719,80377.0
0.04900932312011719,80499.0
0.04900932312011719,80618.0
0.04900932312011719,80465.0
0.04900932312011719,80042.0
0.04900932312011719,80189.0
0.04900932312011719,80500.0
0.04900932312011719,80713.0
0.04900932312011719,80608.0
0.04900932312011719,80271.0
0.04900932312011719,80536.0
0.04900932312011719,80641.0
0.04900932312011719,80809.0
0.04900932312011719,80695.0
0.04900932312011719,80797.0
0.04900932312011719,80547.0
0.04900932312011719,80705.0
0.04900932312011719,80859.0
0.04900932312011719,80652.0
0.04900932312011719,80784.0
0.04900932312011719,80906.0
0.04900932312011719,80523.0
0.04900932312011719,81017.0
0.04900932312011719,80897.0
0.04900932312011719,80791.0
0.04900932312011719,80909.0
0.04900932312011719,80760.0
0.04900932312011719,80862.0
0.04900932312011719,80972.0
0.04900932312011719,81073.0
0.04900932312011719,81177.0
0.04900932312011719,81031.0
0.04900932312011719,81211.0
0.04900932312011719,81315.0
0.04900932312011719,81201.0
0.04900932312011719,81060.0
0.04900932312011719,81193.0
0.04900932312011719,81310.0
0.04900932312011719,81151.0
0.04900932312011719,81272.0
0.04900932312011719,81416.0
0.04900932312011719,81300.0
0.04900932312011719,81194.0
0.04900932312011719,81093.0
0.04900932312011719,81217.0
0.04900932312011719,81114.0
0.04900932312011719,81006.0
0.04900932312011719,80885.0
0.04900932312011719,81000.0
0.04900932312011719,80896.0
0.04900932312011719,80752.0
0.04900932312011719,80910.0
0.04900932312011719,81014.0
0.04900932312011719,80769.0
0.04900932312011719,80636.0
0.04900932312011719,80844.0
0.04900932312011719,80951.0
0.04900932312011719,81072.0
0.04900932312011719,80243.0
0.04900932312011719,80592.0
0.04900932312011719,81141.0
0.04900932312011719,81290.0
0.04900932312011719,81398.0
0.04900932312011719,81071.0
0.04900932312011719,81222.0
0.04900932312011719,81446.0
0.04900932312011719,81564.0
0.04900932312011719,81448.0
0.04900932312011719,81585.0
0.04900932312011719,81433.0
0.04900932312011719,81582.0
0.04900932312011719,81701.0
0.04900932312011719,81598.0
0.04900932312011719,81704.0
0.04900932312011719,81599.0
0.04900932312011719,81463.0
0.04900932312011719,81575.0
0.04900932312011719,81717.0
0.04900932312011719,81550.0
0.04900932312011719,80453.0
0.04900932312011719,80887.0
0.04900932312011719,81232.0
0.04900932312011719,81691.0
0.04900932312011719,81830.0
0.04900932312011719,81937.0
0.04900932312011719,82056.0
0.04900932312011719,82163.0
0.04900932312011719,82309.0
0.04900932312011719,82123.0
0.04900932312011719,82293.0
0.04900932312011719,82417.0
0.04900932312011719,82312.0
0.04900932312011719,82202.0
0.04900932312011719,81980.0
0.04900932312011719,82217.0
0.04900932312011719,82111.0
0.04900932312011719,81804.0
0.04900932312011719,82070.0
0.04900932312011719,82191.0
0.04900932312011719,82307.0
0.04900932312011719,82139.0
0.04900932312011719,82028.0
0.04900932312011719,82149.0
0.04900932312011719,82263.0
0.04900932312011719,82149.0
0.04900932312011719,82027.0
0.04900932312011719,82160.0
0.04900932312011719,82014.0
0.04900932312011719,82198.0
0.04900932312011719,82062.0
0.04900932312011719,81945.0
0.04900932312011719,81830.0
0.04900932312011719,82016.0
0.04900932312011719,81802.0
0.04900932312011719,81919.0
0.04900932312011719,82079.0
0.04900932312011719,81977.0
0.04900932312011719,82093.0
0.04900932312011719,81940.0
0.04900932312011719,82055.0
0.04900932312011719,82214.0
0.04900932312011719,81880.0
0.04900932312011719,82061.0
0.04900932312011719,81934.0
0.04900932312011719,82171.0
0.04900932312011719,82061.0
0.04900932312011719,82164.0
0.04900932312011719,82267.0
0.04900932312011719,82404.0
0.04900932312011719,82237.0
0.04900932312011719,82401.0
0.04900932312011719,82239.0
0.04900932312011719,82131.0
0.04900932312011719,82317.0
0.04900932312011719,82188.0
0.04900932312011719,82087.0
0.04900932312011719,81842.0
0.04900932312011719,82022.0
0.04900932312011719,82159.0
0.04900932312011719,82034.0
0.04900932312011719,82154.0
0.04900932312011719,82314.0
0.04900932312011719,82194.0
0.04900932312011719,82092.0
0.04900932312011719,81890.0
0.04900932312011719,82045.0
0.04900932312011719,81942.0
0.04900932312011719,82058.0
0.04900932312011719,82214.0
0.04900932312011719,82043.0
0.04900932312011719,82213.0
0.04900932312011719,82095.0
0.04900932312011719,82197.0
0.04900932312011719,82093.0
0.04900932312011719,82216.0
0.04900932312011719,82032.0
0.04900932312011719,82154.0
0.04900932312011719,82005.0
0.04900932312011719,82164.0
0.04900932312011719,82305.0
0.04900932312011719,82181.0
0.04900932312011719,82314.0
0.04900932312011719,81826.0
0.04900932312011719,82081.0
0.04900932312011719,82331.0
0.04900932312011719,82505.0
0.04900932312011719,82371.0
0.04900932312011719,82255.0
0.04900932312011719,82416.0
0.04900932312011719,81902.0
0.04900932312011719,82369.0
0.04900932312011719,82501.0
0.06361055374145508,82394.0
0.06361055374145508,82235.0
0.06361055374145508,82381.0
0.06361055374145508,82495.0
0.06361055374145508,82610.0
0.06361055374145508,82715.0
0.06361055374145508,82613.0
0.06361055374145508,82505.0
0.06361055374145508,82334.0
0.06361055374145508,82489.0
0.06361055374145508,82602.0
0.06361055374145508,82489.0
0.06361055374145508,82384.0
0.06361055374145508,82200.0
0.06361055374145508,82382.0
0.06361055374145508,82508.0
0.06361055374145508,82333.0
0.06361055374145508,82436.0
0.06361055374145508,82580.0
0.06361055374145508,82096.0
0.06361055374145508,82366.0
0.06361055374145508,82609.0
0.06361055374145508,82715.0
0.06361055374145508,82873.0
0.06361055374145508,82987.0
0.06361055374145508,82469.0
0.06361055374145508,82645.0
0.06361055374145508,82983.0
0.06361055374145508,83180.0
0.06361055374145508,83319.0
0.06361055374145508,83172.0
0.06361055374145508,83069.0
0.06361055374145508,83210.0
0.06361055374145508,83061.0
0.06361055374145508,83167.0
0.06361055374145508,83048.0
0.06361055374145508,83197.0
0.06361055374145508,83073.0
0.06361055374145508,83195.0
0.06361055374145508,82958.0
0.06361055374145508,83081.0
0.06361055374145508,83266.0
0.06361055374145508,83408.0
0.06361055374145508,83273.0
0.06361055374145508,83072.0
0.06361055374145508,83241.0
0.06361055374145508,83356.0
0.06361055374145508,83203.0
0.06361055374145508,83406.0
0.06361055374145508,83511.0
0.06361055374145508,83612.0
0.06361055374145508,83427.0
0.06361055374145508,83577.0
0.06361055374145508,83460.0
0.06361055374145508,83149.0
0.06361055374145508,83288.0
0.06361055374145508,83547.0
0.06361055374145508,83403.0
0.06361055374145508,83592.0
0.06361055374145508,83702.0
0.06361055374145508,83565.0
0.06361055374145508,83409.0
0.06361055374145508,83295.0
0.06361055374145508,83487.0
0.06361055374145508,83371.0
0.06361055374145508,83258.0
0.06361055374145508,83387.0
0.06361055374145508,83136.0
0.06361055374145508,83334.0
0.06361055374145508,83484.0
0.06361055374145508,83614.0
0.06361055374145508,83250.0
0.06361055374145508,83416.0
0.06361055374145508,83641.0
0.06361055374145508,83452.0
0.06361055374145508,83584.0
0.06361055374145508,83806.0
0.06361055374145508,83674.0
0.06361055374145508,83775.0
0.06361055374145508,83912.0
0.06361055374145508,84019.0
0.06361055374145508,83816.0
0.06361055374145508,83955.0
0.06361055374145508,84091.0
0.06361055374145508,83952.0
0.06361055374145508,83791.0
0.06361055374145508,83952.0
0.06361055374145508,84111.0
0.06361055374145508,83929.0
0.06361055374145508,84053.0
0.06361055374145508,84202.0
0.06361055374145508,84023.0
0.06361055374145508,84147.0
0.06361055374145508,84289.0
0.06361055374145508,84181.0
0.06361055374145508,84303.0
0.06361055374145508,84202.0
0.06361055374145508,84080.0
0.06361055374145508,83965.0
0.06361055374145508,84086.0
0.06361055374145508,83748.0
0.06361055374145508,83904.0
0.06361055374145508,84186.0
0.06361055374145508,84047.0
0.06361055374145508,84183.0
0.06361055374145508,83766.0
0.06361055374145508,83936.0
0.06361055374145508,84193.0
0.06361055374145508,84405.0
0.06361055374145508,84272.0
0.06361055374145508,84404.0
0.06361055374145508,84287.0
0.06361055374145508,84398.0
0.06361055374145508,84259.0
0.06361055374145508,84407.0
0.06361055374145508,84298.0
0.06361055374145508,83992.0
0.06361055374145508,83755.0
0.06361055374145508,83938.0
0.06361055374145508,84271.0
0.06361055374145508,84146.0
0.06361055374145508,84044.0
0.06361055374145508,83930.0
0.06361055374145508,83761.0
0.06361055374145508,83992.0
0.06361055374145508,84098.0
0.06361055374145508,83941.0
0.06361055374145508,83790.0
0.06361055374145508,83929.0
0.06361055374145508,84090.0
0.06361055374145508,83928.0
0.06361055374145508,84112.0
0.06361055374145508,83982.0
0.06361055374145508,84103.0
0.06361055374145508,84207.0
0.06361055374145508,84315.0
0.06361055374145508,84167.0
0.06361055374145508,83919.0
0.06361055374145508,83776.0
0.06361055374145508,84006.0
0.06361055374145508,84141.0
0.06361055374145508,84022.0
0.06361055374145508,84183.0
0.06361055374145508,84011.0
0.06361055374145508,84136.0
0.06361055374145508,84256.0
0.06361055374145508,84357.0
0.06361055374145508,84463.0
0.06361055374145508,84618.0
0.06361055374145508,84516.0
0.06361055374145508,84375.0
0.06361055374145508,84491.0
0.06361055374145508,84370.0
0.06361055374145508,84504.0
0.06361055374145508,84356.0
0.06361055374145508,84473.0
0.06361055374145508,84579.0
0.06361055374145508,84703.0
0.06361055374145508,84426.0
0.06361055374145508,84649.0
0.06361055374145508,84785.0
0.06361055374145508,84669.0
0.06361055374145508,84793.0
0.06361055374145508,84676.0
0.06361055374145508,84442.0
0.06361055374145508,84632.0
0.06361055374145508,84516.0
0.06361055374145508,84660.0
0.06361055374145508,84815.0
0.06361055374145508,84707.0
0.06361055374145508,84558.0
0.06361055374145508,84292.0
0.06361055374145508,84551.0
0.06361055374145508,84678.0
0.06361055374145508,84557.0
0.06361055374145508,84705.0
0.06361055374145508,84554.0
0.06361055374145508,84453.0
0.06361055374145508,84350.0
0.06361055374145508,84247.0
0.06361055374145508,84348.0
0.06361055374145508,84503.0
0.06361055374145508,84611.0
0.06361055374145508,84452.0
0.06361055374145508,84584.0
0.06361055374145508,84465.0
0.06361055374145508,84594.0
0.06361055374145508,84382.0
0.06361055374145508,84597.0
0.07932400703430176,84710.0
0.07932400703430176,84459.0
0.07932400703430176,84673.0
0.07932400703430176,84798.0
0.07932400703430176,84694.0
0.07932400703430176,84539.0
0.07932400703430176,84434.0
0.07932400703430176,84253.0
0.07932400703430176,84499.0
0.07932400703430176,84387.0
0.07932400703430176,84512.0
0.07932400703430176,84389.0
0.07932400703430176,84234.0
0.07932400703430176,83715.0
0.07932400703430176,83326.0
0.07932400703430176,83641.0
0.07932400703430176,84022.0
0.07932400703430176,84268.0
0.07932400703430176,84405.0
0.07932400703430176,84524.0
0.07932400703430176,84418.0
0.07932400703430176,84592.0
0.07932400703430176,84445.0
0.07932400703430176,84549.0
0.07932400703430176,84657.0
0.07932400703430176,84535.0
0.07932400703430176,84668.0
0.07932400703430176,84780.0
0.07932400703430176,84650.0
0.07932400703430176,84523.0
0.07932400703430176,84651.0
0.07932400703430176,84782.0
0.07932400703430176,84885.0
0.07932400703430176,84986.0
0.07932400703430176,84872.0
0.07932400703430176,84698.0
0.07932400703430176,84919.0
0.07932400703430176,84767.0
0.07932400703430176,84890.0
0.07932400703430176,85010.0
0.07932400703430176,84775.0
0.07932400703430176,85001.0
0.07932400703430176,85102.0
0.07932400703430176,84944.0
0.07932400703430176,85078.0
0.07932400703430176,85190.0
0.07932400703430176,85317.0
0.07932400703430176,85201.0
0.07932400703430176,84868.0
0.07932400703430176,85020.0
0.07932400703430176,85201.0
0.07932400703430176,85373.0
0.07932400703430176,85223.0
0.07932400703430176,85415.0
0.07932400703430176,85279.0
0.07932400703430176,85163.0
0.07932400703430176,85041.0
0.07932400703430176,84810.0
0.07932400703430176,85007.0
0.07932400703430176,85163.0
0.07932400703430176,85285.0
0.07932400703430176,85416.0
0.07932400703430176,85519.0
0.07932400703430176,85413.0
0.07932400703430176,85264.0
0.07932400703430176,85374.0
0.07932400703430176,85225.0
0.07932400703430176,85413.0
0.07932400703430176,85274.0
0.07932400703430176,85415.0
0.07932400703430176,85266.0
0.07932400703430176,85149.0
0.07932400703430176,85032.0
0.07932400703430176,85217.0
0.07932400703430176,85075.0
0.07932400703430176,85180.0
0.07932400703430176,85301.0
0.07932400703430176,85065.0
0.07932400703430176,85271.0
0.07932400703430176,85374.0
0.07932400703430176,85477.0
0.07932400703430176,85619.0
0.07932400703430176,85495.0
0.07932400703430176,85270.0
0.07932400703430176,85463.0
0.07932400703430176,85577.0
0.07932400703430176,85681.0
0.07932400703430176,85559.0
0.07932400703430176,85440.0
0.07932400703430176,85264.0
0.07932400703430176,85380.0
0.07932400703430176,85604.0
0.07932400703430176,85492.0
0.07932400703430176,85613.0
0.07932400703430176,85496.0
0.07932400703430176,85602.0
0.07932400703430176,85714.0
0.07932400703430176,85611.0
0.07932400703430176,85393.0
0.07932400703430176,85512.0
0.07932400703430176,85708.0
0.07932400703430176,85528.0
0.07932400703430176,85642.0
0.07932400703430176,85810.0
0.07932400703430176,85649.0
0.07932400703430176,85816.0
0.07932400703430176,85690.0
0.07932400703430176,85576.0
0.07932400703430176,85473.0
0.07932400703430176,85609.0
0.07932400703430176,85495.0
0.07932400703430176,85252.0
0.07932400703430176,85445.0
0.07932400703430176,85617.0
0.07932400703430176,85480.0
0.07932400703430176,85374.0
0.07932400703430176,85513.0
0.07932400703430176,85258.0
0.07932400703430176,85506.0
0.07932400703430176,85313.0
0.07932400703430176,85420.0
0.07932400703430176,85550.0
0.07932400703430176,85655.0
0.07932400703430176,85513.0
0.07932400703430176,85690.0
0.07932400703430176,85588.0
0.07932400703430176,85461.0
0.07932400703430176,85608.0
0.07932400703430176,85387.0
0.07932400703430176,85573.0
0.07932400703430176,85689.0
0.07932400703430176,85801.0
0.07932400703430176,85910.0
0.07932400703430176,85802.0
0.07932400703430176,85903.0
0.07932400703430176,85781.0
0.07932400703430176,85883.0
0.07932400703430176,85988.0
0.07932400703430176,85816.0
0.07932400703430176,85973.0
0.07932400703430176,86081.0
0.07932400703430176,86214.0
0.07932400703430176,86317.0
0.07932400703430176,86153.0
0.07932400703430176,86016.0
0.07932400703430176,86131.0
0.07932400703430176,86277.0
0.07932400703430176,86119.0
0.07932400703430176,86014.0
0.07932400703430176,86197.0
0.07932400703430176,86076.0
0.07932400703430176,86192.0
0.07932400703430176,86313.0
0.07932400703430176,86194.0
0.07932400703430176,86071.0
0.07932400703430176,85956.0
0.07932400703430176,85840.0
0.07932400703430176,85993.0
0.07932400703430176,85860.0
0.07932400703430176,86016.0
0.07932400703430176,85890.0
0.07932400703430176,85771.0
0.07932400703430176,85585.0
0.07932400703430176,85761.0
0.07932400703430176,85911.0
0.07932400703430176,86016.0
0.07932400703430176,85861.0
0.07932400703430176,85648.0
0.07932400703430176,85792.0
0.07932400703430176,85979.0
0.07932400703430176,86098.0
0.07932400703430176,85992.0
0.07932400703430176,86108.0
0.07932400703430176,85916.0
0.07932400703430176,86038.0
0.07932400703430176,85894.0
0.07932400703430176,85721.0
0.07932400703430176,85989.0
0.07932400703430176,86105.0
0.07932400703430176,86211.0
0.09495282173156738,86089.0
0.09495282173156738,85979.0
0.09495282173156738,85837.0
0.09495282173156738,85996.0
0.09495282173156738,85888.0
0.09495282173156738,85766.0
0.09495282173156738,85911.0
0.09495282173156738,86013.0
0.09495282173156738,85872.0
0.09495282173156738,86002.0
0.09495282173156738,85866.0
0.09495282173156738,86011.0
0.09495282173156738,85905.0
0.09495282173156738,86015.0
0.09495282173156738,85854.0
0.09495282173156738,85753.0
0.09495282173156738,85886.0
0.09495282173156738,86008.0
0.09495282173156738,86113.0
0.09896183013916016,86007.0
0.09896183013916016,85906.0
0.09896183013916016,85734.0
0.09896183013916016,85865.0
0.09896183013916016,86000.0
0.09896183013916016,85868.0
0.09896183013916016,85722.0
0.09896183013916016,85869.0
0.09896183013916016,85985.0
0.09896183013916016,86112.0
0.09896183013916016,85977.0
0.09896183013916016,86093.0
0.09896183013916016,86203.0
0.09896183013916016,86308.0
0.09896183013916016,86418.0
0.09896183013916016,86281.0
0.09896183013916016,86176.0
0.09896183013916016,86061.0
0.09896183013916016,86177.0
0.09896183013916016,86319.0
0.09896183013916016,86191.0
0.09896183013916016,86297.0
0.09896183013916016,86417.0
0.09896183013916016,86158.0
0.09896183013916016,86267.0
0.09896183013916016,86390.0
0.09896183013916016,86573.0
0.09896183013916016,86710.0
0.09896183013916016,86598.0
0.09896183013916016,86401.0
0.09896183013916016,86511.0
0.09896183013916016,86675.0
0.09896183013916016,86530.0
0.09896183013916016,86704.0
0.09896183013916016,86572.0
0.09896183013916016,86388.0
0.09896183013916016,86544.0
0.09896183013916016,86713.0
0.09896183013916016,86557.0
0.09896183013916016,86699.0
0.09896183013916016,86594.0
0.09896183013916016,86711.0
0.09896183013916016,86812.0
0.09896183013916016,86664.0
0.09896183013916016,86816.0
0.09896183013916016,86707.0
0.09896183013916016,86603.0
0.09896183013916016,86468.0
0.09896183013916016,86316.0
0.09896183013916016,86511.0
0.09896183013916016,86408.0
0.09896183013916016,86275.0
0.09896183013916016,86160.0
0.09896183013916016,86279.0
0.09896183013916016,86085.0
0.09896183013916016,86206.0
0.09896183013916016,86402.0
0.09896183013916016,86503.0
0.09896183013916016,86387.0
0.09896183013916016,86274.0
0.09896183013916016,86417.0
0.09896183013916016,86293.0
0.09896183013916016,86031.0
0.09896183013916016,86153.0
0.09896183013916016,86355.0
0.09896183013916016,86467.0
0.09896183013916016,86614.0
0.09896183013916016,86482.0
0.09896183013916016,86598.0
0.09896183013916016,86712.0
0.09896183013916016,86576.0
0.09896183013916016,86475.0
0.09896183013916016,86617.0
0.09896183013916016,86512.0
0.09896183013916016,86365.0
0.09896183013916016,86516.0
0.09896183013916016,86372.0
0.09896183013916016,86498.0
0.09896183013916016,86599.0
0.09896183013916016,86718.0
0.09896183013916016,86608.0
0.09896183013916016,86484.0
0.09896183013916016,86616.0
0.11096787452697754,86513.0
0.11096787452697754,86390.0
0.11096787452697754,86493.0
0.11096787452697754,86613.0
0.11096787452697754,86367.0
0.11096787452697754,86501.0
0.11096787452697754,86712.0
0.11096787452697754,86611.0
0.11096787452697754,86452.0
0.11096787452697754,86351.0
0.11096787452697754,86510.0
0.11096787452697754,86407.0
0.11096787452697754,86518.0
0.11096787452697754,86345.0
0.11096787452697754,86477.0
0.11096787452697754,86599.0
0.11096787452697754,86483.0
0.11096787452697754,86602.0
0.11096787452697754,86718.0
0.11096787452697754,86530.0
0.11096787452697754,86644.0
0.11096787452697754,86756.0
0.11096787452697754,86858.0
0.11096787452697754,87010.0
0.11096787452697754,86905.0
0.11096787452697754,87017.0
0.11096787452697754,86908.0
0.11096787452697754,86793.0
0.11096787452697754,86897.0
0.11096787452697754,87006.0
0.11096787452697754,87108.0
0.11096787452697754,86947.0
0.11096787452697754,87083.0
0.11096787452697754,86952.0
0.11096787452697754,87110.0
0.11096787452697754,86969.0
0.11096787452697754,86850.0
0.11096787452697754,86961.0
0.11096787452697754,87094.0
0.11096787452697754,87217.0
0.11096787452697754,87051.0
0.11096787452697754,87217.0
0.11096787452697754,87110.0
0.11096787452697754,87216.0
0.11096787452697754,86951.0
0.11096787452697754,87160.0
0.11096787452697754,87261.0
0.11096787452697754,87416.0
0.11096787452697754,87284.0
0.11096787452697754,87413.0
0.11096787452697754,87312.0
0.11096787452697754,87210.0
0.11096787452697754,87086.0
0.11096787452697754,87214.0
0.11096787452697754,87316.0
0.11096787452697754,87210.0
0.11096787452697754,87311.0
0.11096787452697754,87049.0
0.11096787452697754,87220.0
0.11096787452697754,87348.0
0.11096787452697754,87450.0
0.11096787452697754,87616.0
0.11096787452697754,87717.0
0.11096787452697754,87581.0
0.11096787452697754,87456.0
0.11096787452697754,87603.0
0.11096787452697754,87492.0
0.11096787452697754,87618.0
0.11096787452697754,87511.0
0.12659764289855957,87615.0
0.12659764289855957,87426.0
0.12659764289855957,87571.0
0.12659764289855957,87693.0
0.12659764289855957,87574.0
0.1276535987854004,87710.0
0.1276535987854004,87532.0
0.1276535987854004,87683.0
0.1276535987854004,87806.0
0.1276535987854004,87647.0
0.1276535987854004,87473.0
0.1276535987854004,87613.0
0.1276535987854004,87768.0
0.1276535987854004,87886.0
0.1276535987854004,88011.0
0.1276535987854004,88118.0
0.1276535987854004,87984.0
0.1276535987854004,88086.0
0.1276535987854004,88208.0
0.1276535987854004,87999.0
0.1276535987854004,88188.0
0.1276535987854004,88297.0
0.1276535987854004,88402.0
0.1276535987854004,88186.0
0.1276535987854004,88392.0
0.1276535987854004,88519.0
0.1276535987854004,88394.0
0.1276535987854004,88214.0
0.1276535987854004,88409.0
0.1276535987854004,88267.0
0.1276535987854004,88391.0
0.1276535987854004,88507.0
0.1276535987854004,88396.0
0.1276535987854004,88275.0
0.1276535987854004,88119.0
0.1276535987854004,88274.0
0.1276535987854004,88397.0
0.1276535987854004,88514.0
0.1276535987854004,88364.0
0.1276535987854004,88514.0
0.1276535987854004,88329.0
0.1276535987854004,88489.0
0.1276535987854004,88606.0
0.1276535987854004,88492.0
0.1276535987854004,88378.0
0.1276535987854004,88252.0
0.1276535987854004,88398.0
0.1276535987854004,88297.0
0.1276535987854004,88399.0
0.1276535987854004,88507.0
0.1276535987854004,88616.0
0.1276535987854004,88436.0
0.1276535987854004,88593.0
0.1276535987854004,88441.0
0.1276535987854004,88586.0
0.1276535987854004,88688.0
0.1276535987854004,88813.0
0.1276535987854004,88696.0
0.1276535987854004,88812.0
0.1276535987854004,88588.0
0.1276535987854004,88812.0
0.1276535987854004,88918.0
0.1276535987854004,88791.0
0.1276535987854004,88892.0
0.1276535987854004,89004.0
0.1276535987854004,89114.0
0.1276535987854004,88916.0
0.1276535987854004,89113.0
0.1276535987854004,89218.0
0.1276535987854004,89065.0
0.1276535987854004,89208.0
0.1276535987854004,89098.0
0.1276535987854004,88982.0
0.1276535987854004,89119.0
0.1276535987854004,88952.0
0.1276535987854004,89113.0
0.1276535987854004,89219.0
0.14273786544799805,89117.0
0.14273786544799805,89011.0
0.14273786544799805,88721.0
0.14273786544799805,88848.0
0.14273786544799805,88971.0
0.14273786544799805,89192.0
0.14273786544799805,89309.0
0.14273786544799805,89137.0
0.14273786544799805,89308.0
0.14273786544799805,89191.0
0.14273786544799805,89071.0
0.14273786544799805,88962.0
0.14273786544799805,88815.0
0.14273786544799805,88929.0
0.14273786544799805,89089.0
0.14273786544799805,89211.0
0.14273786544799805,89084.0
0.14273786544799805,89206.0
0.14273786544799805,89307.0
0.14273786544799805,89412.0
0.14273786544799805,89304.0
0.14273786544799805,89412.0
0.14273786544799805,89515.0
0.14273786544799805,89408.0
0.14273786544799805,89301.0
0.14273786544799805,89183.0
0.14273786544799805,89312.0
0.14273786544799805,89154.0
0.14273786544799805,89306.0
0.14273786544799805,89201.0
0.14273786544799805,89309.0
0.14273786544799805,89190.0
0.14273786544799805,88940.0
0.14273786544799805,89089.0
0.14273786544799805,88981.0
0.14273786544799805,89215.0
0.14273786544799805,89095.0
0.14273786544799805,89200.0
0.14273786544799805,89309.0
0.14273786544799805,89413.0
0.14273786544799805,89309.0
0.14273786544799805,89419.0
0.14273786544799805,89318.0
0.14273786544799805,89163.0
0.14273786544799805,89271.0
0.14273786544799805,89406.0
0.14273786544799805,89514.0
0.14273786544799805,89392.0
0.14273786544799805,89280.0
0.14273786544799805,89414.0
0.14273786544799805,89253.0
0.14273786544799805,89354.0
0.14273786544799805,89462.0
0.14273786544799805,89615.0
0.14273786544799805,89496.0
0.14273786544799805,89391.0
0.14273786544799805,89492.0
0.14273786544799805,89606.0
0.14273786544799805,89715.0
0.14273786544799805,89817.0
0.14273786544799805,89715.0
0.14273786544799805,89599.0
0.14273786544799805,89704.0
0.14273786544799805,89598.0
0.14273786544799805,89432.0
0.14273786544799805,89614.0
0.14273786544799805,89477.0
0.14273786544799805,89603.0
0.14273786544799805,89414.0
0.14273786544799805,89596.0
0.14273786544799805,89706.0
0.14273786544799805,89559.0
0.14273786544799805,89693.0
0.14273786544799805,89796.0
0.14273786544799805,89913.0
0.14273786544799805,89812.0
0.14273786544799805,89501.0
0.14273786544799805,89681.0
0.14273786544799805,89918.0
0.14273786544799805,89731.0
0.15845537185668945,89908.0
0.1591174602508545,90009.0
0.1591174602508545,89829.0
0.1591174602508545,89998.0
0.1591174602508545,90109.0
0.1591174602508545,90215.0
0.1591174602508545,89994.0
0.1591174602508545,90181.0
0.1591174602508545,90295.0
0.1591174602508545,90409.0
0.1591174602508545,90308.0
0.1591174602508545,90199.0
0.1591174602508545,90313.0
0.1591174602508545,90201.0
0.1591174602508545,90316.0
0.1591174602508545,90156.0
0.1591174602508545,90267.0
0.1591174602508545,90394.0
0.1591174602508545,90273.0
0.1591174602508545,90387.0
0.1591174602508545,90514.0
0.1591174602508545,90393.0
0.1591174602508545,90501.0
0.1591174602508545,90616.0
0.1591174602508545,90508.0
0.1591174602508545,90613.0
0.1591174602508545,90456.0
0.1591174602508545,90574.0
0.1591174602508545,90709.0
0.1591174602508545,90583.0
0.1591174602508545,90469.0
0.1591174602508545,90586.0
0.1591174602508545,90458.0
0.1591174602508545,90346.0
0.1591174602508545,90500.0
0.1591174602508545,90619.0
0.1591174602508545,90463.0
0.1591174602508545,90599.0
0.1591174602508545,90715.0
0.1591174602508545,90817.0
0.1591174602508545,90698.0
0.1591174602508545,90573.0
0.1591174602508545,90705.0
0.1591174602508545,90601.0
0.1591174602508545,90704.0
0.1591174602508545,90808.0
0.1591174602508545,90687.0
0.1591174602508545,90542.0
0.1591174602508545,90717.0
0.1591174602508545,90818.0
0.1742093563079834,90704.0
0.17484807968139648,90813.0
0.17484807968139648,90918.0
0.17484807968139648,90788.0
0.17484807968139648,90897.0
0.17484807968139648,91016.0
0.17484807968139648,90900.0
0.17484807968139648,91019.0
0.17484807968139648,90866.0
0.17484807968139648,90981.0
0.17484807968139648,91106.0
0.17484807968139648,90956.0
0.17484807968139648,91111.0
0.17484807968139648,90975.0
0.17484807968139648,91116.0
0.17484807968139648,91015.0
0.17484807968139648,90908.0
0.17484807968139648,90807.0
0.17484807968139648,90672.0
0.17484807968139648,90813.0
0.17484807968139648,90914.0
0.17484807968139648,90684.0
0.17484807968139648,90833.0
0.18993449211120605,91011.0
0.18993449211120605,90907.0
0.18993449211120605,90790.0
0.18993449211120605,90916.0
0.18993449211120605,90793.0
0.18993449211120605,90907.0
0.18993449211120605,91014.0
0.18993449211120605,90791.0
0.18993449211120605,90928.0
0.18993449211120605,91111.0
0.18993449211120605,90928.0
0.18993449211120605,91089.0
0.18993449211120605,91211.0
0.18993449211120605,91106.0
0.18993449211120605,90993.0
0.18993449211120605,91118.0
0.18993449211120605,91009.0
0.19902873039245605,91116.0
0.19902873039245605,90964.0
0.19902873039245605,90848.0
0.19902873039245605,90977.0
0.19902873039245605,91084.0
0.19902873039245605,91185.0
0.19902873039245605,91305.0
0.19902873039245605,91204.0
0.19902873039245605,91103.0
0.19902873039245605,91002.0
0.19902873039245605,90897.0
0.19902873039245605,91010.0
0.19902873039245605,91111.0
0.19902873039245605,91216.0
0.19902873039245605,91068.0
0.19902873039245605,91203.0
0.19902873039245605,91317.0
0.19902873039245605,91418.0
0.20674657821655273,91285.0
0.20674657821655273,91138.0
0.20674657821655273,91317.0
0.20674657821655273,91198.0
0.20674657821655273,91310.0
0.20674657821655273,91416.0
0.20674657821655273,91305.0
0.20674657821655273,91149.0
0.20674657821655273,91296.0
0.20674657821655273,91415.0
0.20674657821655273,91276.0
0.20674657821655273,91377.0
0.20674657821655273,91501.0
0.20674657821655273,91617.0
0.20674657821655273,91507.0
0.20674657821655273,91615.0
0.20674657821655273,91510.0
0.2218320369720459,91617.0
0.2218320369720459,91507.0
0.2218320369720459,91613.0
0.2218320369720459,91719.0
0.2218320369720459,91594.0
0.2218320369720459,91716.0
0.2218320369720459,91583.0
0.2218320369720459,91719.0
0.2218320369720459,91618.0
0.2218320369720459,91499.0
0.2218320369720459,91613.0
0.2218320369720459,91717.0
0.2375490665435791,91818.0
0.2375490665435791,91919.0
0.2375490665435791,91809.0
0.25316882133483887,91916.0
0.25316882133483887,91789.0
0.25316882133483887,91916.0
0.25316882133483887,92019.0
0.25316882133483887,91916.0
0.25316882133483887,91800.0
0.25316882133483887,91912.0
0.25316882133483887,92015.0
0.2699916362762451,91907.0
0.2699916362762451,92013.0
0.2699916362762451,92114.0
0.2699916362762451,92005.0
0.2845768928527832,92110.0
0.2845768928527832,92214.0
0.2845768928527832,92319.0
0.29917120933532715,92212.0
0.31820201873779297,92314.0
0.3206350803375244,92415.0
0.3255136013031006,92519.0
