0.0,12316.0
0.0,12122.0
0.0,12317.0
0.0,12216.0
0.0,12115.0
0.0,11767.0
0.0,12073.0
0.0,12218.0
0.0,12073.0
0.0,11551.0
0.0,11754.0
0.0,12075.0
0.0,12239.0
0.0,11933.0
0.0,12241.0
0.0,12381.0
0.0,11436.0
0.0,12302.0
0.0,12430.0
0.0,12557.0
0.0,12673.0
0.0,12116.0
0.0,12313.0
0.0,12533.0
0.0,12850.0
0.0,12972.0
0.0,13085.0
0.0,13202.0
0.0,12894.0
0.0,13123.0
0.0,13305.0
0.0,13415.0
0.0,13186.0
0.0,13342.0
0.0,12920.0
0.0,13287.0
0.0,13439.0
0.0,13556.0
0.0,13688.0
0.0,13789.0
0.0,13904.0
0.0,14007.0
0.0,13258.0
0.0,13634.0
0.0,13742.0
0.0,14213.0
0.0,14318.0
0.0,14211.0
0.0,13890.0
0.0,14203.0
0.0,14031.0
0.0,13718.0
0.0,14087.0
0.0,14209.0
0.0,14314.0
0.0,14419.0
0.0,14302.0
0.0,14197.0
0.0,14308.0
0.0,14416.0
0.0,14308.0
0.0,13882.0
0.0,14163.0
0.0,14349.0
0.0,14493.0
0.0,14598.0
0.0,14715.0
0.0,14606.0
0.0,14462.0
0.0,14580.0
0.0,14713.0
0.0,13658.0
0.0,14560.0
0.0,14719.0
0.0,14916.0
0.0,14757.0
0.0,14890.0
0.0,14693.0
0.0,14844.0
0.0,14961.0
0.0,15091.0
0.0,15201.0
0.0,15086.0
0.0,15212.0
0.0,15111.0
0.0,14995.0
0.0,14873.0
0.0,14760.0
0.0,14596.0
0.0,14712.0
0.0,14910.0
0.0,15017.0
0.0,14736.0
0.0,14996.0
0.0,15116.0
0.0,14989.0
0.0,15111.0
0.0,14960.0
0.0,15113.0
0.0,15010.0
0.0,15119.0
0.0,14966.0
0.0,15094.0
0.0,14977.0
0.0,15096.0
0.0,15205.0
0.0,15096.0
0.0,14720.0
0.0,14997.0
0.0,15176.0
0.0,15058.0
0.0,15210.0
0.0,15082.0
0.0,15202.0
0.0,14982.0
0.0,15159.0
0.0,15051.0
0.0,15164.0
0.0,14812.0
0.0,14921.0
0.0,15233.0
0.0,15352.0
0.0,15489.0
0.0,15607.0
0.0,15496.0
0.0,15379.0
0.0,15480.0
0.0,15597.0
0.0,15475.0
0.0,15608.0
0.0,15717.0
0.0,15610.0
0.0,15490.0
0.0,15615.0
0.0,15475.0
0.0,15332.0
0.0,15498.0
0.0,15619.0
0.0,15486.0
0.0,15289.0
0.0,15441.0
0.0,15328.0
0.0,15508.0
0.0,15392.0
0.0,15514.0
0.0,15381.0
0.0,15178.0
0.0,15372.0
0.0,14766.0
0.0,14957.0
0.0,15506.0
0.0,15609.0
0.0,15297.0
0.0,15538.0
0.0,15710.0
0.0,15558.0
0.0,15700.0
0.0,15816.0
0.0,15690.0
0.0,15809.0
0.0,15676.0
0.0,15792.0
0.0,15675.0
0.0,15554.0
0.0,15697.0
0.0,15545.0
0.0,15690.0
0.0,15572.0
0.0,15705.0
0.0,15813.0
0.0,15697.0
0.0,15437.0
0.0,15719.0
0.0,14627.0
0.0,15497.0
0.0,15315.0
0.0,15433.0
0.0,15636.0
0.0,15799.0
0.0,15956.0
0.0,15761.0
0.0,15869.0
0.0,16058.0
0.0,15957.0
0.0,15849.0
0.0,15966.0
0.0,16107.0
0.0,15998.0
0.0,15879.0
0.0,15722.0
0.0,14820.0
0.0,15646.0
0.0,15803.0
0.0,15923.0
0.0,16042.0
0.0,15925.0
0.0,16078.0
0.0,16191.0
0.0,16073.0
0.0,16181.0
0.0,16071.0
0.0,16215.0
0.0,15694.0
0.0,16133.0
0.0,16271.0
0.0,16133.0
0.0,16292.0
0.0,16410.0
0.0,16128.0
0.0,16244.0
0.0,16441.0
0.0,16296.0
0.0,16448.0
0.0,16606.0
0.0,16427.0
0.0,16543.0
0.0,16366.0
0.0,16504.0
0.0,16675.0
0.0,16816.0
0.0,16694.0
0.0,16811.0
0.0,16914.0
0.0,16751.0
0.0,16382.0
0.0,16788.0
0.0,16903.0
0.0,16794.0
0.0,16903.0
0.0,16765.0
0.0,16885.0
0.0,17000.0
0.0,16892.0
0.0,16773.0
0.0,16630.0
0.0,16763.0
0.0,16889.0
0.0,16709.0
0.0,16838.0
0.0,16973.0
0.0,17106.0
0.0,16940.0
0.0,17073.0
0.0,16957.0
0.0,17081.0
0.0,17216.0
0.0,17107.0
0.0,17002.0
0.0,17112.0
0.0,17004.0
0.0,16872.0
0.0,16046.0
0.0,16522.0
0.0,16753.0
0.0,17016.0
0.0,17186.0
0.0,17300.0
0.0,17175.0
0.015816926956176758,17302.0
0.015816926956176758,17183.0
0.015816926956176758,17302.0
0.015816926956176758,17407.0
0.015816926956176758,17304.0
0.015816926956176758,17169.0
0.015816926956176758,17066.0
0.015816926956176758,16951.0
0.015816926956176758,17103.0
0.015816926956176758,16970.0
0.015816926956176758,17079.0
0.015816926956176758,17211.0
0.015816926956176758,16844.0
0.015816926956176758,17109.0
0.015816926956176758,17244.0
0.015816926956176758,16659.0
0.015816926956176758,16974.0
0.015816926956176758,17354.0
0.015816926956176758,17490.0
0.015816926956176758,17360.0
0.015816926956176758,17236.0
0.015816926956176758,17402.0
0.015816926956176758,17282.0
0.015816926956176758,17177.0
0.015816926956176758,16946.0
0.015816926956176758,16837.0
0.015816926956176758,16643.0
0.015816926956176758,16783.0
0.015816926956176758,16914.0
0.015816926956176758,17096.0
0.015816926956176758,16959.0
0.015816926956176758,16833.0
0.015816926956176758,17053.0
0.015816926956176758,17176.0
0.015816926956176758,17071.0
0.015816926956176758,16961.0
0.015816926956176758,16846.0
0.015816926956176758,17007.0
0.015816926956176758,17117.0
0.015816926956176758,16984.0
0.015816926956176758,16875.0
0.015816926956176758,16709.0
0.015816926956176758,16853.0
0.015816926956176758,16720.0
0.015816926956176758,16603.0
0.015816926956176758,16712.0
0.015816926956176758,16821.0
0.015816926956176758,17011.0
0.015816926956176758,16495.0
0.015816926956176758,16738.0
0.015816926956176758,16974.0
0.015816926956176758,17116.0
0.015816926956176758,17253.0
0.015816926956176758,17117.0
0.015816926956176758,17253.0
0.015816926956176758,17364.0
0.015816926956176758,17497.0
0.015816926956176758,17617.0
0.015816926956176758,17435.0
0.015816926956176758,17612.0
0.015816926956176758,17460.0
0.015816926956176758,17338.0
0.015816926956176758,17476.0
0.015816926956176758,17584.0
0.015816926956176758,17425.0
0.015816926956176758,17553.0
0.015816926956176758,17425.0
0.015816926956176758,17613.0
0.015816926956176758,17393.0
0.015816926956176758,17591.0
0.015816926956176758,17472.0
0.015816926956176758,17605.0
0.015816926956176758,17712.0
0.015816926956176758,17570.0
0.015816926956176758,17447.0
0.015816926956176758,17303.0
0.015816926956176758,17474.0
0.015816926956176758,17593.0
0.015816926956176758,17474.0
0.015816926956176758,17613.0
0.015816926956176758,17506.0
0.015816926956176758,17354.0
0.015816926956176758,17459.0
0.015816926956176758,17330.0
0.015816926956176758,17490.0
0.015816926956176758,17612.0
0.015816926956176758,17441.0
0.015816926956176758,17253.0
0.015816926956176758,17517.0
0.015816926956176758,17401.0
0.015816926956176758,17296.0
0.015816926956176758,17417.0
0.015816926956176758,17309.0
0.015816926956176758,16992.0
0.015816926956176758,17213.0
0.015816926956176758,17394.0
0.015816926956176758,17256.0
0.015816926956176758,17407.0
0.015816926956176758,17516.0
0.015816926956176758,17384.0
0.015816926956176758,17510.0
0.015816926956176758,17389.0
0.015816926956176758,17505.0
0.015816926956176758,16956.0
0.015816926956176758,17187.0
0.015816926956176758,17430.0
0.015816926956176758,17596.0
0.015816926956176758,17791.0
0.015816926956176758,17682.0
0.015816926956176758,17792.0
0.015816926956176758,17895.0
0.015816926956176758,18011.0
0.015816926956176758,17820.0
0.015816926956176758,17968.0
0.015816926956176758,17827.0
0.015816926956176758,18006.0
0.015816926956176758,17530.0
0.015816926956176758,17696.0
0.015816926956176758,17811.0
0.015816926956176758,18070.0
0.015816926956176758,18180.0
0.015816926956176758,17741.0
0.015816926956176758,18079.0
0.015816926956176758,18351.0
0.015816926956176758,18452.0
0.015816926956176758,18347.0
0.015816926956176758,18216.0
0.015816926956176758,18354.0
0.015816926956176758,18133.0
0.015816926956176758,18306.0
0.015816926956176758,18477.0
0.015816926956176758,18234.0
0.015816926956176758,18509.0
0.015816926956176758,18245.0
0.015816926956176758,18406.0
0.015816926956176758,18511.0
0.015816926956176758,18675.0
0.015816926956176758,18807.0
0.015816926956176758,17892.0
0.015816926956176758,18267.0
0.015816926956176758,18815.0
0.015816926956176758,19006.0
0.015816926956176758,19111.0
0.015816926956176758,18920.0
0.015816926956176758,19052.0
0.015816926956176758,18895.0
0.015816926956176758,19102.0
0.015816926956176758,18997.0
0.015816926956176758,18881.0
0.015816926956176758,18686.0
0.015816926956176758,18829.0
0.015816926956176758,19013.0
0.015816926956176758,18912.0
0.015816926956176758,18790.0
0.015816926956176758,18912.0
0.015816926956176758,18647.0
0.015816926956176758,18867.0
0.015816926956176758,19014.0
0.015816926956176758,18783.0
0.015816926956176758,18667.0
0.015816926956176758,18883.0
0.015816926956176758,19004.0
0.015816926956176758,18899.0
0.015816926956176758,18748.0
0.015816926956176758,18889.0
0.015816926956176758,18705.0
0.015816926956176758,18918.0
0.015816926956176758,18809.0
0.015816926956176758,18688.0
0.015816926956176758,18805.0
0.015816926956176758,18688.0
0.015816926956176758,18578.0
0.015816926956176758,18426.0
0.015816926956176758,18540.0
0.015816926956176758,18412.0
0.015816926956176758,18605.0
0.015816926956176758,18478.0
0.015816926956176758,18594.0
0.015816926956176758,18422.0
0.015816926956176758,18284.0
0.015816926956176758,17909.0
0.015816926956176758,18075.0
0.015816926956176758,18481.0
0.015816926956176758,18371.0
0.015816926956176758,18513.0
0.015816926956176758,18395.0
0.015816926956176758,18504.0
0.015816926956176758,18611.0
0.015816926956176758,18508.0
0.015816926956176758,18367.0
0.015816926956176758,18500.0
0.015816926956176758,18264.0
0.015816926956176758,18078.0
0.015816926956176758,18410.0
0.015816926956176758,18301.0
0.015816926956176758,18148.0
0.015816926956176758,18309.0
0.015816926956176758,18168.0
0.015816926956176758,18302.0
0.015816926956176758,18165.0
0.015816926956176758,17833.0
0.015816926956176758,18170.0
0.015816926956176758,17999.0
0.015816926956176758,18211.0
0.015816926956176758,18078.0
0.015816926956176758,17888.0
0.015816926956176758,18101.0
0.015816926956176758,17990.0
0.015816926956176758,18108.0
0.015816926956176758,18217.0
0.015816926956176758,18091.0
0.015816926956176758,18198.0
0.015816926956176758,18040.0
0.015816926956176758,17879.0
0.015816926956176758,18100.0
0.015816926956176758,17880.0
0.015816926956176758,18020.0
0.015816926956176758,18202.0
0.015816926956176758,18060.0
0.015816926956176758,17927.0
0.015816926956176758,18028.0
0.015816926956176758,18179.0
0.015816926956176758,18296.0
0.015816926956176758,18126.0
0.015816926956176758,18012.0
0.015816926956176758,18122.0
0.015816926956176758,17906.0
0.015816926956176758,18094.0
0.015816926956176758,18195.0
0.015816926956176758,18402.0
0.015816926956176758,18270.0
0.015816926956176758,17864.0
0.015816926956176758,18303.0
0.015816926956176758,18137.0
0.015816926956176758,17930.0
0.015816926956176758,17718.0
0.015816926956176758,18042.0
0.015816926956176758,18164.0
0.015816926956176758,18299.0
0.015816926956176758,18180.0
0.015816926956176758,18288.0
0.015816926956176758,18085.0
0.015816926956176758,18297.0
0.015816926956176758,18183.0
0.015816926956176758,18314.0
0.015816926956176758,18101.0
0.015816926956176758,18228.0
0.015816926956176758,18095.0
0.015816926956176758,18200.0
0.015816926956176758,18363.0
0.015816926956176758,18236.0
0.015816926956176758,18038.0
0.015816926956176758,18298.0
0.015816926956176758,18091.0
0.015816926956176758,18298.0
0.015816926956176758,18182.0
0.015816926956176758,18046.0
0.015816926956176758,18195.0
0.015816926956176758,18303.0
0.015816926956176758,18031.0
0.015816926956176758,18287.0
0.015816926956176758,18415.0
0.015816926956176758,18518.0
0.015816926956176758,18352.0
0.015816926956176758,18235.0
0.015816926956176758,18414.0
0.015816926956176758,18305.0
0.015816926956176758,18166.0
0.015816926956176758,17989.0
0.015816926956176758,17873.0
0.015816926956176758,18055.0
0.015816926956176758,18193.0
0.015816926956176758,18318.0
0.015816926956176758,18217.0
0.015816926956176758,17974.0
0.015816926956176758,18085.0
0.015816926956176758,18262.0
0.015816926956176758,18091.0
0.015816926956176758,18196.0
0.015816926956176758,18398.0
0.015816926956176758,18210.0
0.015816926956176758,18404.0
0.015816926956176758,18066.0
0.015816926956176758,18418.0
0.015816926956176758,18278.0
0.015816926956176758,18408.0
0.015816926956176758,18297.0
0.03183937072753906,18100.0
0.03183937072753906,18297.0
0.03183937072753906,18182.0
0.03183937072753906,18047.0
0.03183937072753906,17874.0
0.03183937072753906,18063.0
0.03183937072753906,17193.0
0.03183937072753906,17713.0
0.03183937072753906,17918.0
0.03183937072753906,18068.0
0.03183937072753906,18400.0
0.03183937072753906,18292.0
0.03183937072753906,18148.0
0.03183937072753906,17927.0
0.03183937072753906,17820.0
0.03183937072753906,17992.0
0.03183937072753906,18184.0
0.03183937072753906,17847.0
0.03183937072753906,18151.0
0.03183937072753906,18050.0
0.03183937072753906,17930.0
0.03183937072753906,17823.0
0.03183937072753906,17931.0
0.03183937072753906,17656.0
0.03183937072753906,17977.0
0.03183937072753906,17867.0
0.03183937072753906,17704.0
0.03183937072753906,17886.0
0.03183937072753906,17991.0
0.03183937072753906,17856.0
0.03183937072753906,17985.0
0.03183937072753906,17875.0
0.03183937072753906,17976.0
0.03183937072753906,18092.0
0.03183937072753906,17928.0
0.03183937072753906,17522.0
0.03183937072753906,17781.0
0.03183937072753906,18090.0
0.03183937072753906,17781.0
0.03183937072753906,17916.0
0.03183937072753906,18052.0
0.03183937072753906,18161.0
0.03183937072753906,18026.0
0.03183937072753906,18294.0
0.03183937072753906,17914.0
0.03183937072753906,18267.0
0.03183937072753906,18400.0
0.03183937072753906,18047.0
0.03183937072753906,18252.0
0.03183937072753906,18371.0
0.03183937072753906,18239.0
0.03183937072753906,18399.0
0.03183937072753906,18540.0
0.03183937072753906,18657.0
0.03183937072753906,18772.0
0.03183937072753906,18905.0
0.03183937072753906,18772.0
0.03183937072753906,18252.0
0.03183937072753906,18589.0
0.03183937072753906,18703.0
0.03183937072753906,18944.0
0.03183937072753906,19118.0
0.03183937072753906,18936.0
0.03183937072753906,18754.0
0.03183937072753906,19017.0
0.03183937072753906,18867.0
0.03183937072753906,19000.0
0.03183937072753906,18872.0
0.03183937072753906,19016.0
0.03183937072753906,18837.0
0.03183937072753906,19016.0
0.03183937072753906,18906.0
0.03183937072753906,18569.0
0.03183937072753906,18766.0
0.03183937072753906,18948.0
0.03183937072753906,19103.0
0.03183937072753906,19210.0
0.03183937072753906,19077.0
0.03183937072753906,18943.0
0.03183937072753906,18801.0
0.03183937072753906,18698.0
0.03183937072753906,18862.0
0.03183937072753906,18972.0
0.03183937072753906,19083.0
0.03183937072753906,18976.0
0.03183937072753906,18713.0
0.03183937072753906,18982.0
0.03183937072753906,19116.0
0.03183937072753906,18996.0
0.03183937072753906,18799.0
0.03183937072753906,18682.0
0.03183937072753906,18871.0
0.03183937072753906,18755.0
0.03183937072753906,18423.0
0.03183937072753906,18619.0
0.03183937072753906,18813.0
0.03183937072753906,18984.0
0.03183937072753906,19103.0
0.03183937072753906,18799.0
0.03183937072753906,19113.0
0.03183937072753906,18995.0
0.03183937072753906,19112.0
0.03183937072753906,18998.0
0.03183937072753906,18806.0
0.03183937072753906,18926.0
0.03183937072753906,18755.0
0.03183937072753906,18879.0
0.03183937072753906,19007.0
0.03183937072753906,18747.0
0.03183937072753906,19031.0
0.03183937072753906,19149.0
0.03183937072753906,19282.0
0.03183937072753906,19173.0
0.03183937072753906,19048.0
0.03183937072753906,19181.0
0.03183937072753906,18987.0
0.03183937072753906,19177.0
0.03183937072753906,19021.0
0.03183937072753906,19172.0
0.03183937072753906,19052.0
0.03183937072753906,19159.0
0.03183937072753906,19268.0
0.03183937072753906,19086.0
0.03183937072753906,18977.0
0.03183937072753906,19213.0
0.03183937072753906,19080.0
0.03183937072753906,19181.0
0.03183937072753906,19289.0
0.03183937072753906,19107.0
0.03183937072753906,18989.0
0.03183937072753906,19163.0
0.03183937072753906,19277.0
0.03183937072753906,19126.0
0.03183937072753906,19317.0
0.03183937072753906,19128.0
0.03183937072753906,18951.0
0.03183937072753906,19207.0
0.03183937072753906,19033.0
0.03183937072753906,18854.0
0.03183937072753906,19061.0
0.03183937072753906,19202.0
0.03183937072753906,19054.0
0.03183937072753906,18932.0
0.03183937072753906,19095.0
0.03183937072753906,19219.0
0.03183937072753906,19114.0
0.03183937072753906,18981.0
0.03183937072753906,19109.0
0.03183937072753906,18985.0
0.03183937072753906,18806.0
0.03183937072753906,19001.0
0.03183937072753906,18106.0
0.03183937072753906,18453.0
0.03183937072753906,18986.0
0.03183937072753906,19152.0
0.03183937072753906,19306.0
0.03183937072753906,19109.0
0.03183937072753906,19242.0
0.03183937072753906,19044.0
0.03183937072753906,19287.0
0.03183937072753906,19140.0
0.03183937072753906,19303.0
0.03183937072753906,19131.0
0.03183937072753906,19310.0
0.03183937072753906,19419.0
0.03183937072753906,19300.0
0.03183937072753906,19139.0
0.03183937072753906,19288.0
0.03183937072753906,19405.0
0.03183937072753906,19242.0
0.03183937072753906,19419.0
0.03183937072753906,19142.0
0.03183937072753906,19368.0
0.03183937072753906,19213.0
0.03183937072753906,19072.0
0.03183937072753906,19297.0
0.03183937072753906,19196.0
0.03183937072753906,19312.0
0.03183937072753906,19028.0
0.03183937072753906,19199.0
0.03183937072753906,19061.0
0.03183937072753906,19250.0
0.03183937072753906,19402.0
0.03183937072753906,19197.0
0.03183937072753906,18941.0
0.03183937072753906,19115.0
0.03183937072753906,19327.0
0.03183937072753906,19446.0
0.03183937072753906,19241.0
0.03183937072753906,19464.0
0.03183937072753906,19614.0
0.03183937072753906,19715.0
0.03183937072753906,19584.0
0.03183937072753906,19694.0
0.03183937072753906,19804.0
0.03183937072753906,19695.0
0.03183937072753906,19506.0
0.03183937072753906,19340.0
0.03183937072753906,19561.0
0.03183937072753906,19209.0
0.03183937072753906,19508.0
0.03183937072753906,19681.0
0.03183937072753906,19798.0
0.03183937072753906,19679.0
0.03183937072753906,19546.0
0.03183937072753906,19706.0
0.03183937072753906,19515.0
0.03183937072753906,19336.0
0.03183937072753906,19553.0
0.03183937072753906,19681.0
0.03183937072753906,19788.0
0.03183937072753906,19687.0
0.03183937072753906,19537.0
0.03183937072753906,19656.0
0.03183937072753906,19496.0
0.03183937072753906,19599.0
0.03183937072753906,19790.0
0.03183937072753906,19677.0
0.03183937072753906,19799.0
0.03183937072753906,19658.0
0.03183937072753906,19800.0
0.03183937072753906,19672.0
0.03183937072753906,19777.0
0.03183937072753906,19890.0
0.03183937072753906,20017.0
0.03183937072753906,19815.0
0.03183937072753906,19491.0
0.03183937072753906,19894.0
0.03183937072753906,19698.0
0.03183937072753906,19588.0
0.03183937072753906,19797.0
0.03183937072753906,19689.0
0.03183937072753906,19797.0
0.03183937072753906,19645.0
0.03183937072753906,19377.0
0.03183937072753906,19535.0
0.03183937072753906,19757.0
0.03183937072753906,19603.0
0.03183937072753906,19484.0
0.03183937072753906,19673.0
0.03183937072753906,19566.0
0.03183937072753906,19673.0
0.03183937072753906,19793.0
0.03183937072753906,19692.0
0.03183937072753906,19221.0
0.03183937072753906,19521.0
0.03183937072753906,19797.0
0.03183937072753906,19911.0
0.03183937072753906,19775.0
0.03183937072753906,19594.0
0.03183937072753906,19801.0
0.03183937072753906,19919.0
0.03183937072753906,19730.0
0.03183937072753906,19851.0
0.03183937072753906,20007.0
0.03183937072753906,19900.0
0.03183937072753906,19726.0
0.03183937072753906,19877.0
0.03183937072753906,19760.0
0.03183937072753906,19907.0
0.03183937072753906,19758.0
0.03183937072753906,19867.0
0.03183937072753906,19676.0
0.03183937072753906,19451.0
0.03183937072753906,19817.0
0.03183937072753906,19656.0
0.03183937072753906,19433.0
0.03183937072753906,19646.0
0.03183937072753906,19439.0
0.03183937072753906,19331.0
0.03183937072753906,19578.0
0.03183937072753906,19706.0
0.03183937072753906,19493.0
0.03183937072753906,19373.0
0.03183937072753906,19515.0
0.03183937072753906,19659.0
0.03183937072753906,19550.0
0.03183937072753906,19669.0
0.03183937072753906,19511.0
0.03183937072753906,19690.0
0.03183937072753906,19582.0
0.03183937072753906,19699.0
0.03183937072753906,19591.0
0.03183937072753906,19699.0
0.03183937072753906,19582.0
0.03183937072753906,19477.0
0.03183937072753906,19610.0
0.03183937072753906,19420.0
0.03183937072753906,19602.0
0.03183937072753906,19474.0
0.03183937072753906,19361.0
0.03183937072753906,19154.0
0.03183937072753906,19295.0
0.03183937072753906,19131.0
0.03183937072753906,19328.0
0.03183937072753906,19480.0
0.03183937072753906,19329.0
0.03183937072753906,19194.0
0.03183937072753906,19332.0
0.03183937072753906,19433.0
0.03183937072753906,19281.0
0.03183937072753906,19170.0
0.03183937072753906,19010.0
0.03183937072753906,19288.0
0.03183937072753906,19029.0
0.03183937072753906,19289.0
0.03183937072753906,19107.0
0.03183937072753906,19255.0
0.03183937072753906,19127.0
0.03183937072753906,18964.0
0.03183937072753906,18823.0
0.03183937072753906,19009.0
0.03183937072753906,19183.0
0.03183937072753906,19080.0
0.03183937072753906,18907.0
0.03183937072753906,19070.0
0.03183937072753906,19206.0
0.03183937072753906,19043.0
0.03183937072753906,18929.0
0.03183937072753906,18822.0
0.03183937072753906,18682.0
0.03183937072753906,18907.0
0.03183937072753906,18714.0
0.03183937072753906,18609.0
0.03183937072753906,18750.0
0.03183937072753906,18895.0
0.03183937072753906,19004.0
0.03183937072753906,19107.0
0.03183937072753906,18912.0
0.03183937072753906,19114.0
0.03183937072753906,18995.0
0.03183937072753906,18732.0
0.03183937072753906,18930.0
0.03183937072753906,19112.0
0.03183937072753906,18970.0
0.03183937072753906,19091.0
0.03183937072753906,19216.0
0.03183937072753906,19095.0
0.03183937072753906,18918.0
0.03183937072753906,19113.0
0.03183937072753906,18939.0
0.03183937072753906,19103.0
0.03183937072753906,18984.0
0.03183937072753906,19098.0
0.03183937072753906,18976.0
0.03183937072753906,18835.0
0.03183937072753906,19016.0
0.03183937072753906,18915.0
0.04749941825866699,19016.0
0.04749941825866699,18907.0
0.04749941825866699,18725.0
0.04749941825866699,18844.0
0.04749941825866699,18999.0
0.04749941825866699,18813.0
0.04749941825866699,18945.0
0.04749941825866699,19056.0
0.04749941825866699,18844.0
0.04749941825866699,18719.0
0.04749941825866699,18908.0
0.04749941825866699,19108.0
0.04749941825866699,18560.0
0.04749941825866699,18897.0
0.04749941825866699,19104.0
0.04749941825866699,19305.0
0.04749941825866699,19189.0
0.04749941825866699,19294.0
0.04749941825866699,19189.0
0.04749941825866699,19029.0
0.04749941825866699,19189.0
0.04749941825866699,19302.0
0.04749941825866699,19185.0
0.04749941825866699,19316.0
0.04749941825866699,19171.0
0.04749941825866699,18959.0
0.04749941825866699,19167.0
0.04749941825866699,19319.0
0.04749941825866699,19170.0
0.04749941825866699,19278.0
0.04749941825866699,19398.0
0.04749941825866699,19289.0
0.04749941825866699,19076.0
0.04749941825866699,19212.0
0.04749941825866699,19321.0
0.04749941825866699,19199.0
0.04749941825866699,19043.0
0.04749941825866699,19296.0
0.04749941825866699,19195.0
0.04749941825866699,19044.0
0.04749941825866699,18873.0
0.04749941825866699,18770.0
0.04749941825866699,18449.0
0.04749941825866699,18886.0
0.04749941825866699,19002.0
0.04749941825866699,19111.0
0.04749941825866699,19003.0
0.04749941825866699,18889.0
0.04749941825866699,18762.0
0.04749941825866699,18462.0
0.04749941825866699,18632.0
0.04749941825866699,18750.0
0.04749941825866699,18944.0
0.04749941825866699,19096.0
0.04749941825866699,19212.0
0.04749941825866699,19103.0
0.04749941825866699,18960.0
0.04749941825866699,19105.0
0.04749941825866699,19212.0
0.04749941825866699,18969.0
0.04749941825866699,18841.0
0.04749941825866699,19002.0
0.04749941825866699,19200.0
0.04749941825866699,19067.0
0.04749941825866699,19176.0
0.04749941825866699,18987.0
0.04749941825866699,19176.0
0.04749941825866699,18940.0
0.04749941825866699,19185.0
0.04749941825866699,19288.0
0.04749941825866699,19402.0
0.04749941825866699,19509.0
0.04749941825866699,19378.0
0.04749941825866699,19245.0
0.04749941825866699,19397.0
0.04749941825866699,19512.0
0.04749941825866699,19398.0
0.04749941825866699,19291.0
0.04749941825866699,19417.0
0.04749941825866699,19273.0
0.04749941825866699,19408.0
0.04749941825866699,19291.0
0.04749941825866699,19419.0
0.04749941825866699,19316.0
0.04749941825866699,19155.0
0.04749941825866699,19318.0
0.04749941825866699,19019.0
0.04749941825866699,19278.0
0.04749941825866699,19411.0
0.04749941825866699,19285.0
0.04749941825866699,19084.0
0.04749941825866699,19284.0
0.04749941825866699,19121.0
0.04749941825866699,19312.0
0.04749941825866699,19207.0
0.04749941825866699,19052.0
0.04749941825866699,19208.0
0.04749941825866699,19075.0
0.04749941825866699,19210.0
0.04749941825866699,19058.0
0.04749941825866699,19184.0
0.04749941825866699,19048.0
0.04749941825866699,19162.0
0.04749941825866699,19297.0
0.04749941825866699,19181.0
0.04749941825866699,19053.0
0.04749941825866699,18927.0
0.04749941825866699,19060.0
0.04749941825866699,18946.0
0.04749941825866699,19088.0
0.04749941825866699,18890.0
0.04749941825866699,19088.0
0.04749941825866699,18893.0
0.04749941825866699,19067.0
0.04749941825866699,19170.0
0.04749941825866699,18833.0
0.04749941825866699,18978.0
0.04749941825866699,19207.0
0.04749941825866699,19412.0
0.04749941825866699,19294.0
0.04749941825866699,19018.0
0.04749941825866699,19179.0
0.04749941825866699,19410.0
0.04749941825866699,19268.0
0.04749941825866699,19384.0
0.04749941825866699,19268.0
0.04749941825866699,19159.0
0.04749941825866699,19311.0
0.04749941825866699,19198.0
0.04749941825866699,18976.0
0.04749941825866699,19128.0
0.04749941825866699,19260.0
0.04749941825866699,19113.0
0.04749941825866699,19234.0
0.04749941825866699,19101.0
0.04749941825866699,19304.0
0.04749941825866699,19110.0
0.04749941825866699,18978.0
0.04749941825866699,19095.0
0.04749941825866699,19297.0
0.04749941825866699,19116.0
0.04749941825866699,18999.0
0.04749941825866699,19162.0
0.04749941825866699,19290.0
0.04749941825866699,19043.0
0.04749941825866699,18854.0
0.04749941825866699,18974.0
0.04749941825866699,19123.0
0.04749941825866699,19312.0
0.04749941825866699,19202.0
0.04749941825866699,19307.0
0.04749941825866699,19501.0
0.04749941825866699,19327.0
0.04749941825866699,19468.0
0.04749941825866699,19261.0
0.04749941825866699,18858.0
0.04749941825866699,19115.0
0.04749941825866699,19411.0
0.04749941825866699,19548.0
0.04749941825866699,19288.0
0.04749941825866699,19099.0
0.04749941825866699,19208.0
0.04749941825866699,19398.0
0.04749941825866699,19263.0
0.04749941825866699,19489.0
0.04749941825866699,19694.0
0.04749941825866699,19807.0
0.04749941825866699,19562.0
0.04749941825866699,19725.0
0.04749941825866699,19907.0
0.04749941825866699,19792.0
0.04749941825866699,19647.0
0.04749941825866699,19778.0
0.04749941825866699,19903.0
0.04749941825866699,19714.0
0.04749941825866699,19584.0
0.04749941825866699,19744.0
0.04749941825866699,19641.0
0.04749941825866699,19796.0
0.04749941825866699,19677.0
0.04749941825866699,19809.0
0.04749941825866699,19556.0
0.04749941825866699,19794.0
0.04749941825866699,19428.0
0.04749941825866699,19818.0
0.04749941825866699,19610.0
0.04749941825866699,19784.0
0.04749941825866699,19586.0
0.04749941825866699,19752.0
0.04749941825866699,19869.0
0.04749941825866699,19610.0
0.04749941825866699,19846.0
0.04749941825866699,19991.0
0.04749941825866699,20115.0
0.04749941825866699,19886.0
0.04749941825866699,20051.0
0.04749941825866699,19943.0
0.04749941825866699,20114.0
0.04749941825866699,19954.0
0.04749941825866699,19816.0
0.04749941825866699,19943.0
0.04749941825866699,19836.0
0.04749941825866699,19712.0
0.04749941825866699,19557.0
0.04749941825866699,19433.0
0.04749941825866699,19675.0
0.04749941825866699,19783.0
0.04749941825866699,19558.0
0.04749941825866699,19739.0
0.04749941825866699,19857.0
0.04749941825866699,20000.0
0.04749941825866699,20115.0
0.04749941825866699,20000.0
0.04749941825866699,19834.0
0.04749941825866699,20011.0
0.04749941825866699,19832.0
0.04749941825866699,19299.0
0.04749941825866699,19764.0
0.04749941825866699,19930.0
0.04749941825866699,20083.0
0.04749941825866699,19938.0
0.04749941825866699,20068.0
0.04749941825866699,19936.0
0.04749941825866699,20045.0
0.04749941825866699,20190.0
0.04749941825866699,20082.0
0.04749941825866699,19938.0
0.04749941825866699,19741.0
0.04749941825866699,19621.0
0.04749941825866699,19897.0
0.04749941825866699,20007.0
0.04749941825866699,19886.0
0.04749941825866699,20018.0
0.04749941825866699,19742.0
0.04749941825866699,19578.0
0.04749941825866699,19462.0
0.04749941825866699,19331.0
0.04749941825866699,19618.0
0.04749941825866699,19784.0
0.04749941825866699,19651.0
0.04749941825866699,19804.0
0.04749941825866699,19907.0
0.04749941825866699,19700.0
0.04749941825866699,19801.0
0.04749941825866699,19994.0
0.04749941825866699,19768.0
0.04749941825866699,20013.0
0.04749941825866699,19877.0
0.04749941825866699,19767.0
0.04749941825866699,19891.0
0.04749941825866699,20017.0
0.04749941825866699,19835.0
0.04749941825866699,19989.0
0.04749941825866699,19836.0
0.04749941825866699,19964.0
0.04749941825866699,20100.0
0.04749941825866699,19972.0
0.04749941825866699,20088.0
0.04749941825866699,20202.0
0.04749941825866699,19997.0
0.04749941825866699,20188.0
0.04749941825866699,20289.0
0.04749941825866699,19974.0
0.04749941825866699,20084.0
0.04749941825866699,20378.0
0.04749941825866699,20224.0
0.04749941825866699,20383.0
0.04749941825866699,20518.0
0.04749941825866699,20362.0
0.04749941825866699,20213.0
0.04749941825866699,20086.0
0.04749941825866699,20280.0
0.04749941825866699,20143.0
0.04749941825866699,20042.0
0.04749941825866699,19844.0
0.04749941825866699,19951.0
0.04749941825866699,20068.0
0.04749941825866699,19920.0
0.04749941825866699,20036.0
0.04749941825866699,20262.0
0.04749941825866699,20377.0
0.04749941825866699,20186.0
0.04749941825866699,20381.0
0.04749941825866699,20211.0
0.04749941825866699,20403.0
0.04749941825866699,20519.0
0.04749941825866699,20366.0
0.04749941825866699,20192.0
0.04749941825866699,20083.0
0.04749941825866699,20235.0
0.04749941825866699,20094.0
0.04749941825866699,20273.0
0.04749941825866699,20376.0
0.04749941825866699,20199.0
0.04749941825866699,20381.0
0.04749941825866699,20488.0
0.04749941825866699,20371.0
0.04749941825866699,20498.0
0.04749941825866699,20368.0
0.04749941825866699,20478.0
0.04749941825866699,20610.0
0.04749941825866699,20458.0
0.04749941825866699,20351.0
0.04749941825866699,20501.0
0.04749941825866699,20618.0
0.04749941825866699,20228.0
0.04749941825866699,20459.0
0.04749941825866699,20662.0
0.04749941825866699,20534.0
0.04749941825866699,20382.0
0.04749941825866699,20571.0
0.04749941825866699,20672.0
0.04749941825866699,20812.0
0.04749941825866699,20677.0
0.04749941825866699,20545.0
0.04749941825866699,20442.0
0.04749941825866699,20570.0
0.04749941825866699,20687.0
0.04749941825866699,20584.0
0.04749941825866699,20459.0
0.04749941825866699,20569.0
0.04749941825866699,20713.0
0.04749941825866699,20612.0
0.04749941825866699,20715.0
0.04749941825866699,20534.0
0.04749941825866699,20716.0
0.04749941825866699,20817.0
0.06302142143249512,20703.0
0.06302142143249512,20461.0
0.06302142143249512,20258.0
0.06302142143249512,20408.0
0.06302142143249512,20219.0
0.06302142143249512,20535.0
0.06302142143249512,20294.0
0.06302142143249512,20442.0
0.06302142143249512,20600.0
0.06302142143249512,20763.0
0.06302142143249512,20914.0
0.06302142143249512,20804.0
0.06302142143249512,20638.0
0.06302142143249512,20766.0
0.06302142143249512,20888.0
0.06302142143249512,20996.0
0.06302142143249512,20879.0
0.06302142143249512,20988.0
0.06302142143249512,20881.0
0.06302142143249512,20749.0
0.06302142143249512,20882.0
0.06302142143249512,20739.0
0.06302142143249512,20894.0
0.06302142143249512,20770.0
0.06302142143249512,20626.0
0.06302142143249512,20424.0
0.06302142143249512,20671.0
0.06302142143249512,20562.0
0.06302142143249512,20434.0
0.06302142143249512,20611.0
0.06302142143249512,20445.0
0.06302142143249512,20295.0
0.06302142143249512,20187.0
0.06302142143249512,20358.0
0.06302142143249512,20508.0
0.06302142143249512,20315.0
0.06302142143249512,20423.0
0.06302142143249512,20260.0
0.06302142143249512,20496.0
0.06302142143249512,20395.0
0.06302142143249512,20237.0
0.06302142143249512,20381.0
0.06302142143249512,20503.0
0.06302142143249512,20612.0
0.06302142143249512,20441.0
0.06302142143249512,20548.0
0.06302142143249512,20657.0
0.06302142143249512,20815.0
0.06302142143249512,20675.0
0.06302142143249512,20794.0
0.06302142143249512,20673.0
0.06302142143249512,20557.0
0.06302142143249512,20658.0
0.06302142143249512,20784.0
0.06302142143249512,20912.0
0.06302142143249512,20797.0
0.06302142143249512,20918.0
0.06302142143249512,20760.0
0.06302142143249512,20884.0
0.06302142143249512,20725.0
0.06302142143249512,20855.0
0.06302142143249512,20721.0
0.06302142143249512,20919.0
0.06302142143249512,20795.0
0.06302142143249512,20679.0
0.06302142143249512,20537.0
0.06302142143249512,20711.0
0.06302142143249512,20601.0
0.06302142143249512,20717.0
0.06302142143249512,20607.0
0.06302142143249512,20498.0
0.06302142143249512,20304.0
0.06302142143249512,20442.0
0.06302142143249512,20563.0
0.06302142143249512,20695.0
0.06302142143249512,20439.0
0.06302142143249512,20691.0
0.06302142143249512,20460.0
0.06302142143249512,20617.0
0.06302142143249512,20803.0
0.06302142143249512,20677.0
0.06302142143249512,20474.0
0.06302142143249512,20687.0
0.06302142143249512,20817.0
0.06302142143249512,20579.0
0.06302142143249512,20787.0
0.06302142143249512,20669.0
0.06302142143249512,20504.0
0.06302142143249512,20645.0
0.06302142143249512,20471.0
0.06302142143249512,20700.0
0.06302142143249512,20550.0
0.06302142143249512,20711.0
0.06302142143249512,20576.0
0.06302142143249512,20448.0
0.06302142143249512,20567.0
0.06302142143249512,20675.0
0.06302142143249512,20560.0
0.06302142143249512,20394.0
0.06302142143249512,20283.0
0.06302142143249512,20496.0
0.06302142143249512,20294.0
0.06302142143249512,20191.0
0.06302142143249512,20308.0
0.06302142143249512,20423.0
0.06302142143249512,20562.0
0.06302142143249512,20680.0
0.06302142143249512,20783.0
0.06302142143249512,20631.0
0.06302142143249512,20374.0
0.06302142143249512,20662.0
0.06302142143249512,20778.0
0.06302142143249512,20669.0
0.06302142143249512,20553.0
0.06302142143249512,20719.0
0.06302142143249512,20598.0
0.06302142143249512,20481.0
0.06302142143249512,20600.0
0.06302142143249512,20705.0
0.06302142143249512,20598.0
0.06302142143249512,20438.0
0.06302142143249512,20547.0
0.06302142143249512,20306.0
0.06302142143249512,20466.0
0.06302142143249512,20656.0
0.06302142143249512,20505.0
0.06302142143249512,20613.0
0.06302142143249512,20405.0
0.06302142143249512,20297.0
0.06302142143249512,20432.0
0.06302142143249512,20596.0
0.06302142143249512,20704.0
0.06302142143249512,20854.0
0.06302142143249512,20710.0
0.06302142143249512,20820.0
0.06302142143249512,20705.0
0.06302142143249512,20544.0
0.06302142143249512,20715.0
0.06302142143249512,20486.0
0.06302142143249512,20782.0
0.06302142143249512,20916.0
0.06302142143249512,20721.0
0.06302142143249512,20910.0
0.06302142143249512,20793.0
0.06302142143249512,20674.0
0.06302142143249512,20810.0
0.06302142143249512,20658.0
0.06302142143249512,20773.0
0.06302142143249512,20596.0
0.06302142143249512,20483.0
0.06302142143249512,20672.0
0.06302142143249512,20385.0
0.06302142143249512,20662.0
0.06302142143249512,20776.0
0.06302142143249512,20659.0
0.06302142143249512,20799.0
0.06302142143249512,20691.0
0.06302142143249512,20517.0
0.06302142143249512,20701.0
0.06302142143249512,20812.0
0.06302142143249512,20694.0
0.06302142143249512,20435.0
0.06302142143249512,20710.0
0.06302142143249512,20600.0
0.06302142143249512,20467.0
0.06302142143249512,20600.0
0.06302142143249512,20421.0
0.06302142143249512,20613.0
0.06302142143249512,20431.0
0.06302142143249512,20548.0
0.06302142143249512,20683.0
0.06302142143249512,20788.0
0.06302142143249512,20903.0
0.06302142143249512,21010.0
0.06302142143249512,20876.0
0.06302142143249512,20740.0
0.06302142143249512,20914.0
0.06302142143249512,20799.0
0.06302142143249512,20912.0
0.06302142143249512,20676.0
0.06302142143249512,20784.0
0.06302142143249512,20979.0
0.06302142143249512,21103.0
0.06302142143249512,20971.0
0.06302142143249512,21088.0
0.06302142143249512,20943.0
0.06302142143249512,21094.0
0.06302142143249512,20944.0
0.06302142143249512,21076.0
0.06302142143249512,20863.0
0.06302142143249512,21060.0
0.06302142143249512,21202.0
0.06302142143249512,21063.0
0.06302142143249512,21183.0
0.06302142143249512,21056.0
0.06302142143249512,21214.0
0.06302142143249512,21043.0
0.06302142143249512,20927.0
0.06302142143249512,21066.0
0.06302142143249512,20857.0
0.06302142143249512,20988.0
0.06302142143249512,21107.0
0.06302142143249512,21310.0
0.06302142143249512,21417.0
0.06302142143249512,21228.0
0.06302142143249512,21419.0
0.06302142143249512,21227.0
0.06302142143249512,20982.0
0.06302142143249512,21146.0
0.06302142143249512,21399.0
0.06302142143249512,21515.0
0.06302142143249512,21289.0
0.06302142143249512,21501.0
0.06302142143249512,21616.0
0.06302142143249512,21416.0
0.06302142143249512,21582.0
0.06302142143249512,21474.0
0.06302142143249512,21262.0
0.06302142143249512,21459.0
0.06302142143249512,21339.0
0.06302142143249512,21234.0
0.06302142143249512,21044.0
0.06302142143249512,21204.0
0.06302142143249512,21404.0
0.06302142143249512,21271.0
0.06302142143249512,21100.0
0.06302142143249512,21314.0
0.06302142143249512,21150.0
0.06302142143249512,21301.0
0.06302142143249512,21411.0
0.06302142143249512,21282.0
0.06302142143249512,21403.0
0.06302142143249512,21252.0
0.06302142143249512,21408.0
0.06302142143249512,21256.0
0.06302142143249512,21126.0
0.06302142143249512,21300.0
0.06302142143249512,21186.0
0.06302142143249512,21316.0
0.06302142143249512,21168.0
0.06302142143249512,21301.0
0.06302142143249512,21179.0
0.06302142143249512,21068.0
0.06302142143249512,21201.0
0.06302142143249512,21071.0
0.06302142143249512,20936.0
0.06302142143249512,20640.0
0.06302142143249512,20474.0
0.06302142143249512,20791.0
0.06302142143249512,20982.0
0.06302142143249512,21115.0
0.06302142143249512,20982.0
0.06302142143249512,21115.0
0.06302142143249512,21006.0
0.06302142143249512,20898.0
0.06302142143249512,21008.0
0.06302142143249512,20903.0
0.06302142143249512,20788.0
0.06302142143249512,20897.0
0.06302142143249512,20706.0
0.06302142143249512,20501.0
0.06302142143249512,20737.0
0.06302142143249512,20914.0
0.06302142143249512,20773.0
0.06302142143249512,20634.0
0.06302142143249512,20805.0
0.06302142143249512,20631.0
0.06302142143249512,20812.0
0.06302142143249512,20698.0
0.06302142143249512,20579.0
0.06302142143249512,20421.0
0.06302142143249512,20592.0
0.06302142143249512,20710.0
0.06302142143249512,20589.0
0.06302142143249512,20706.0
0.06302142143249512,20815.0
0.06302142143249512,20702.0
0.06302142143249512,20584.0
0.06302142143249512,20428.0
0.06302142143249512,20262.0
0.06302142143249512,20389.0
0.06302142143249512,20561.0
0.06302142143249512,20689.0
0.06302142143249512,20809.0
0.06302142143249512,20914.0
0.06302142143249512,20804.0
0.06302142143249512,20912.0
0.06302142143249512,20797.0
0.06302142143249512,20680.0
0.06302142143249512,20560.0
0.06302142143249512,20671.0
0.06302142143249512,20454.0
0.06302142143249512,20601.0
0.06302142143249512,20717.0
0.06302142143249512,20840.0
0.06302142143249512,21006.0
0.06302142143249512,20814.0
0.06302142143249512,21011.0
0.06302142143249512,21114.0
0.06302142143249512,20967.0
0.06302142143249512,20835.0
0.06302142143249512,21016.0
0.06302142143249512,20886.0
0.06302142143249512,20778.0
0.06302142143249512,20893.0
0.06302142143249512,20696.0
0.06302142143249512,20880.0
0.06302142143249512,21012.0
0.06302142143249512,20861.0
0.06302142143249512,21005.0
0.06302142143249512,20730.0
0.06302142143249512,20979.0
0.06302142143249512,20863.0
0.06302142143249512,20743.0
0.06302142143249512,20553.0
0.06302142143249512,20452.0
0.06302142143249512,20657.0
0.06302142143249512,20538.0
0.06302142143249512,20683.0
0.06302142143249512,20801.0
0.06302142143249512,20644.0
0.06302142143249512,20784.0
0.06302142143249512,20674.0
0.06302142143249512,20779.0
0.06302142143249512,20887.0
0.06302142143249512,21007.0
0.06302142143249512,20863.0
0.06302142143249512,21015.0
0.06302142143249512,20908.0
0.06302142143249512,20803.0
0.06302142143249512,20913.0
0.06302142143249512,20787.0
0.06302142143249512,20917.0
0.06302142143249512,20753.0
0.06302142143249512,20635.0
0.06302142143249512,20815.0
0.06302142143249512,20707.0
0.06302142143249512,20591.0
0.06302142143249512,20482.0
0.06302142143249512,20365.0
0.06302142143249512,20238.0
0.06302142143249512,20352.0
0.06302142143249512,20510.0
0.06302142143249512,20233.0
0.06302142143249512,20425.0
0.06302142143249512,20595.0
0.06302142143249512,20382.0
0.06302142143249512,20536.0
0.06302142143249512,20665.0
0.06302142143249512,20802.0
0.06302142143249512,20625.0
0.06302142143249512,20811.0
0.06302142143249512,20616.0
0.06302142143249512,20814.0
0.06302142143249512,20659.0
0.06302142143249512,20529.0
0.06302142143249512,20384.0
0.06302142143249512,20599.0
0.06302142143249512,20718.0
0.06302142143249512,20546.0
0.06302142143249512,20693.0
0.06302142143249512,20574.0
0.06302142143249512,20718.0
0.06302142143249512,20401.0
0.06302142143249512,20650.0
0.06302142143249512,20527.0
0.06302142143249512,20646.0
0.06302142143249512,20799.0
0.06302142143249512,20907.0
0.06302142143249512,20716.0
0.06302142143249512,20835.0
0.06302142143249512,20936.0
0.06302142143249512,21088.0
0.06302142143249512,20972.0
0.06302142143249512,20825.0
0.06302142143249512,21007.0
0.06302142143249512,20904.0
0.06302142143249512,20799.0
0.06302142143249512,20915.0
0.06302142143249512,20782.0
0.06302142143249512,20898.0
0.06302142143249512,21019.0
0.06302142143249512,20900.0
0.07883262634277344,20729.0
0.07883262634277344,20614.0
0.07883262634277344,20766.0
0.07883262634277344,20626.0
0.07883262634277344,20781.0
0.07883262634277344,20672.0
0.07883262634277344,20812.0
0.07883262634277344,20691.0
0.07883262634277344,20494.0
0.07883262634277344,20373.0
0.07883262634277344,20573.0
0.07883262634277344,20694.0
0.07883262634277344,20802.0
0.07883262634277344,20682.0
0.07883262634277344,20572.0
0.07883262634277344,20471.0
0.07883262634277344,20587.0
0.07883262634277344,20471.0
0.07883262634277344,20578.0
0.07883262634277344,20456.0
0.07883262634277344,20607.0
0.07883262634277344,20708.0
0.07883262634277344,20601.0
0.07883262634277344,20490.0
0.07883262634277344,20595.0
0.07883262634277344,20705.0
0.07883262634277344,20581.0
0.07883262634277344,20715.0
0.07883262634277344,20501.0
0.07883262634277344,20662.0
0.07883262634277344,20767.0
0.07883262634277344,20900.0
0.07883262634277344,21018.0
0.07883262634277344,20904.0
0.07883262634277344,21013.0
0.07883262634277344,20892.0
0.07883262634277344,21014.0
0.07883262634277344,20870.0
0.07883262634277344,20977.0
0.07883262634277344,21105.0
0.07883262634277344,20988.0
0.07883262634277344,20883.0
0.07883262634277344,20994.0
0.07883262634277344,21113.0
0.07883262634277344,20952.0
0.07883262634277344,21108.0
0.07883262634277344,20973.0
0.07883262634277344,21098.0
0.07883262634277344,20981.0
0.07883262634277344,21091.0
0.07883262634277344,21204.0
0.07883262634277344,21085.0
0.07883262634277344,21218.0
0.07883262634277344,21078.0
0.07883262634277344,21192.0
0.07883262634277344,21089.0
0.07883262634277344,21219.0
0.07883262634277344,21067.0
0.07883262634277344,20912.0
0.07883262634277344,20802.0
0.07883262634277344,21018.0
0.07883262634277344,20908.0
0.07883262634277344,20795.0
0.07883262634277344,20916.0
0.07883262634277344,20783.0
0.07883262634277344,20919.0
0.07883262634277344,20727.0
0.07883262634277344,20917.0
0.07883262634277344,20712.0
0.07883262634277344,20909.0
0.07883262634277344,20764.0
0.07883262634277344,20914.0
0.07883262634277344,20804.0
0.07883262634277344,20909.0
0.07883262634277344,21018.0
0.07883262634277344,20882.0
0.07883262634277344,21014.0
0.07883262634277344,20814.0
0.07883262634277344,20934.0
0.07883262634277344,21047.0
0.07883262634277344,21208.0
0.07883262634277344,21103.0
0.07883262634277344,20978.0
0.07883262634277344,21102.0
0.07883262634277344,20974.0
0.07883262634277344,20842.0
0.07883262634277344,20986.0
0.07883262634277344,20877.0
0.07883262634277344,20987.0
0.07883262634277344,20834.0
0.07883262634277344,20966.0
0.07883262634277344,21092.0
0.07883262634277344,21209.0
0.07883262634277344,21089.0
0.07883262634277344,20981.0
0.07883262634277344,21096.0
0.07883262634277344,21201.0
0.07883262634277344,21100.0
0.07883262634277344,20968.0
0.07883262634277344,21104.0
0.07883262634277344,21207.0
0.07883262634277344,21317.0
0.07883262634277344,21135.0
0.07883262634277344,21259.0
0.07883262634277344,21376.0
0.07883262634277344,21511.0
0.07883262634277344,21612.0
0.07883262634277344,21484.0
0.07883262634277344,21616.0
0.07883262634277344,21509.0
0.07883262634277344,21617.0
0.07883262634277344,21484.0
0.07883262634277344,21379.0
0.07883262634277344,21260.0
0.07883262634277344,21377.0
0.07883262634277344,21518.0
0.07883262634277344,21366.0
0.07883262634277344,21216.0
0.07883262634277344,21398.0
0.07883262634277344,21514.0
0.07883262634277344,21405.0
0.07883262634277344,21514.0
0.07883262634277344,21619.0
0.07883262634277344,21504.0
0.07883262634277344,21395.0
0.07883262634277344,21288.0
0.07883262634277344,21410.0
0.07883262634277344,21517.0
0.07883262634277344,21396.0
0.07883262634277344,21510.0
0.07883262634277344,21374.0
0.07883262634277344,21489.0
0.07883262634277344,21599.0
0.09481525421142578,21714.0
0.09593939781188965,21597.0
0.09593939781188965,21700.0
0.09593939781188965,21809.0
0.09593939781188965,21646.0
0.10035276412963867,21769.0
0.10035276412963867,21886.0
0.10035276412963867,22019.0
0.10035276412963867,21868.0
0.10035276412963867,21737.0
0.10035276412963867,21909.0
0.10035276412963867,22019.0
0.10035276412963867,21906.0
0.10035276412963867,21801.0
0.10035276412963867,21635.0
0.10035276412963867,21768.0
0.10035276412963867,21887.0
0.10035276412963867,21746.0
0.10035276412963867,21911.0
0.10035276412963867,21810.0
0.10035276412963867,21702.0
0.10035276412963867,21809.0
0.10035276412963867,21679.0
0.10035276412963867,21798.0
0.10035276412963867,21907.0
0.10035276412963867,21746.0
0.10035276412963867,21912.0
0.10035276412963867,21803.0
0.10035276412963867,21904.0
0.10035276412963867,22009.0
0.10035276412963867,21902.0
0.10035276412963867,22011.0
0.10035276412963867,22119.0
0.10035276412963867,21945.0
0.10035276412963867,22084.0
0.10035276412963867,22215.0
0.10035276412963867,22105.0
0.10035276412963867,21990.0
0.10035276412963867,22105.0
0.10035276412963867,21995.0
0.10035276412963867,22102.0
0.10035276412963867,21997.0
0.10035276412963867,22110.0
0.10035276412963867,22009.0
0.10035276412963867,22119.0
0.11085772514343262,21984.0
0.11085772514343262,22114.0
0.11085772514343262,22215.0
0.11085772514343262,22106.0
0.11085772514343262,22216.0
0.11085772514343262,22108.0
0.11085772514343262,22217.0
0.11085772514343262,22100.0
0.11085772514343262,22217.0
0.11085772514343262,22085.0
0.11085772514343262,22205.0
0.11085772514343262,22313.0
0.11085772514343262,22418.0
