0.0,59062.0
0.0,59410.0
0.0,59577.0
0.0,59733.0
0.0,59873.0
0.0,59994.0
0.0,60103.0
0.0,60204.0
0.0,59332.0
0.0,60130.0
0.0,60029.0
0.0,60145.0
0.0,60305.0
0.0,60417.0
0.0,60518.0
0.0,59844.0
0.0,60482.0
0.0,60585.0
0.0,60709.0
0.0,59686.0
0.0,60162.0
0.0,60362.0
0.0,60699.0
0.0,60831.0
0.0,61077.0
0.0,61189.0
0.0,61315.0
0.0,61418.0
0.0,60523.0
0.0,61278.0
0.0,61444.0
0.0,61590.0
0.0,61718.0
0.0,61819.0
0.0,61619.0
0.0,61819.0
0.0,61663.0
0.0,61768.0
0.0,61918.0
0.0,61570.0
0.0,61913.0
0.0,62018.0
0.0,61301.0
0.0,61734.0
0.0,61948.0
0.0,62195.0
0.0,62297.0
0.0,62407.0
0.0,62508.0
0.0,62368.0
0.0,62503.0
0.0,62614.0
0.0,62716.0
0.0,62590.0
0.0,62713.0
0.0,62819.0
0.0,62695.0
0.0,62800.0
0.0,62910.0
0.0,62611.0
0.0,62720.0
0.0,63007.0
0.0,62760.0
0.0,62649.0
0.0,62777.0
0.0,62904.0
0.0,63066.0
0.0,63207.0
0.0,63313.0
0.0,63186.0
0.0,63085.0
0.0,62939.0
0.0,63109.0
0.0,62342.0
0.0,62594.0
0.0,63143.0
0.0,63285.0
0.0,63399.0
0.0,62966.0
0.0,63158.0
0.0,63460.0
0.0,63596.0
0.0,63715.0
0.0,63543.0
0.0,63686.0
0.0,63801.0
0.0,63902.0
0.0,64007.0
0.0,64115.0
0.0,64005.0
0.0,64115.0
0.0,63712.0
0.0,64051.0
0.0,64173.0
0.0,64297.0
0.0,64411.0
0.0,64512.0
0.0,63966.0
0.0,64497.0
0.0,64607.0
0.0,64498.0
0.0,64374.0
0.0,64516.0
0.0,64618.0
0.0,63662.0
0.0,64008.0
0.0,64677.0
0.0,64796.0
0.0,64906.0
0.0,64763.0
0.0,64878.0
0.0,63870.0
0.0,64132.0
0.0,63784.0
0.0,64759.0
0.0,64958.0
0.0,65081.0
0.0,65183.0
0.0,65069.0
0.0,64550.0
0.0,64939.0
0.0,65187.0
0.0,65291.0
0.0,65407.0
0.0,65509.0
0.0,65612.0
0.0,65367.0
0.0,65486.0
0.0,65642.0
0.0,65769.0
0.0,65887.0
0.0,66010.0
0.0,65479.0
0.0,65626.0
0.0,65797.0
0.0,65984.0
0.0,66287.0
0.0,65643.0
0.0,65819.0
0.0,66281.0
0.0,66516.0
0.0,65879.0
0.0,66234.0
0.0,66133.0
0.0,66260.0
0.0,66619.0
0.0,66438.0
0.0,66560.0
0.0,66689.0
0.0,66796.0
0.0,66913.0
0.0,67019.0
0.0,66820.0
0.0,66953.0
0.0,67066.0
0.0,67215.0
0.0,67114.0
0.0,67218.0
0.0,66380.0
0.0,66840.0
0.0,67112.0
0.0,67298.0
0.0,66776.0
0.0,67403.0
0.0,67300.0
0.0,66948.0
0.0,67239.0
0.0,67340.0
0.0,67504.0
0.0,67165.0
0.0,67440.0
0.0,67567.0
0.0,67709.0
0.0,67818.0
0.0,67648.0
0.0,67789.0
0.0,67917.0
0.0,67775.0
0.0,67879.0
0.0,67984.0
0.0,67838.0
0.0,67988.0
0.0,68094.0
0.0,68197.0
0.0,68301.0
0.0,67407.0
0.0,67761.0
0.0,67902.0
0.0,68441.0
0.0,68586.0
0.0,68711.0
0.0,68105.0
0.0,68255.0
0.0,67821.0
0.0,67991.0
0.0,68286.0
0.0,68038.0
0.0,68506.0
0.0,68882.0
0.0,69012.0
0.0,68699.0
0.0,69011.0
0.0,68910.0
0.0,68782.0
0.0,68898.0
0.0,68775.0
0.0,68896.0
0.0,69010.0
0.0,68907.0
0.0,68784.0
0.0,68899.0
0.0,69015.0
0.0,69117.0
0.0,68879.0
0.0,69108.0
0.0,69215.0
0.0,68816.0
0.0,69062.0
0.0,69245.0
0.0,69397.0
0.0,69287.0
0.0,69095.0
0.0,69317.0
0.0,69110.0
0.0,69247.0
0.0,69097.0
0.0,69225.0
0.0,69375.0
0.0,69273.0
0.0,69397.0
0.0,69506.0
0.0,69361.0
0.0,69475.0
0.0,69593.0
0.0,69456.0
0.0,69613.0
0.0,68815.0
0.0,69368.0
0.0,69518.0
0.0,69744.0
0.0,69863.0
0.0,69974.0
0.0,69855.0
0.0,69974.0
0.0,69865.0
0.0,69966.0
0.0,70115.0
0.0,70005.0
0.0,69863.0
0.0,69975.0
0.0,70091.0
0.0,69845.0
0.0,70100.0
0.0,70205.0
0.0,70045.0
0.0,70181.0
0.0,70284.0
0.0,70385.0
0.0,70508.0
0.0,70609.0
0.0,69745.0
0.0,70172.0
0.0,70062.0
0.0,70391.0
0.0,70515.0
0.0,70745.0
0.0,70908.0
0.0,70101.0
0.0,70728.0
0.0,70985.0
0.0,71096.0
0.0,71197.0
0.0,71086.0
0.0,71205.0
0.0,71314.0
0.0,71167.0
0.0,71318.0
0.016429424285888672,71204.0
0.016429424285888672,71319.0
0.016429424285888672,70344.0
0.016429424285888672,70784.0
0.016429424285888672,70633.0
0.016429424285888672,71049.0
0.016429424285888672,71390.0
0.016429424285888672,71518.0
0.016429424285888672,71417.0
0.016429424285888672,70941.0
0.016429424285888672,71080.0
0.016429424285888672,71227.0
0.016429424285888672,71569.0
0.016429424285888672,71683.0
0.016429424285888672,71787.0
0.016429424285888672,70695.0
0.016429424285888672,71761.0
0.016429424285888672,71886.0
0.016429424285888672,71999.0
0.016429424285888672,71657.0
0.016429424285888672,71923.0
0.016429424285888672,71801.0
0.016429424285888672,71953.0
0.016429424285888672,72102.0
0.016429424285888672,71320.0
0.016429424285888672,71962.0
0.016429424285888672,72085.0
0.016429424285888672,72233.0
0.016429424285888672,72401.0
0.016429424285888672,72507.0
0.018939971923828125,72403.0
0.018939971923828125,72504.0
0.018939971923828125,72340.0
0.018939971923828125,72493.0
0.018939971923828125,72615.0
0.018939971923828125,72718.0
0.018939971923828125,72446.0
0.018939971923828125,72686.0
0.018939971923828125,72572.0
0.018939971923828125,72686.0
0.018939971923828125,72585.0
0.018939971923828125,72693.0
0.018939971923828125,72803.0
0.018939971923828125,72589.0
0.018939971923828125,72461.0
0.018939971923828125,72711.0
0.018939971923828125,72609.0
0.018939971923828125,72233.0
0.018939971923828125,72559.0
0.018939971923828125,72665.0
0.018939971923828125,72768.0
0.018939971923828125,72918.0
0.018939971923828125,72333.0
0.018939971923828125,72447.0
0.018939971923828125,72606.0
0.018939971923828125,72981.0
0.018939971923828125,73128.0
0.018939971923828125,73249.0
0.018939971923828125,73122.0
0.018939971923828125,73250.0
0.018939971923828125,73385.0
0.018939971923828125,73510.0
0.018939971923828125,73613.0
0.018939971923828125,73492.0
0.018939971923828125,73613.0
0.018939971923828125,73026.0
0.018939971923828125,73217.0
0.018939971923828125,73480.0
0.018939971923828125,73798.0
0.018939971923828125,73336.0
0.018939971923828125,73453.0
0.018939971923828125,73780.0
0.018939971923828125,74019.0
0.018939971923828125,73767.0
0.018939971923828125,73870.0
0.018939971923828125,74050.0
0.018939971923828125,73947.0
0.018939971923828125,74108.0
0.018939971923828125,73941.0
0.018939971923828125,74077.0
0.018939971923828125,74207.0
0.018939971923828125,74101.0
0.018939971923828125,73988.0
0.018939971923828125,73829.0
0.018939971923828125,73724.0
0.018939971923828125,73854.0
0.018939971923828125,73979.0
0.018939971923828125,74107.0
0.018939971923828125,73972.0
0.018939971923828125,74104.0
0.018939971923828125,74218.0
0.018939971923828125,74115.0
0.018939971923828125,73987.0
0.018939971923828125,73884.0
0.018939971923828125,73139.0
0.018939971923828125,73616.0
0.018939971923828125,73947.0
0.018939971923828125,74065.0
0.018939971923828125,73935.0
0.018939971923828125,74051.0
0.018939971923828125,74173.0
0.018939971923828125,74305.0
0.018939971923828125,74176.0
0.018939971923828125,73534.0
0.018939971923828125,74177.0
0.018939971923828125,74313.0
0.018939971923828125,74210.0
0.018939971923828125,74311.0
0.018939971923828125,74415.0
0.018939971923828125,74299.0
0.018939971923828125,74164.0
0.018939971923828125,74281.0
0.018939971923828125,74113.0
0.018939971923828125,74296.0
0.018939971923828125,74417.0
0.018939971923828125,74298.0
0.018939971923828125,74419.0
0.018939971923828125,74297.0
0.018939971923828125,74145.0
0.018939971923828125,73729.0
0.018939971923828125,73971.0
0.018939971923828125,74249.0
0.018939971923828125,74380.0
0.018939971923828125,74495.0
0.018939971923828125,74596.0
0.018939971923828125,74699.0
0.018939971923828125,74587.0
0.018939971923828125,74437.0
0.018939971923828125,74609.0
0.018939971923828125,74710.0
0.018939971923828125,74594.0
0.018939971923828125,74700.0
0.018939971923828125,74590.0
0.018939971923828125,74396.0
0.018939971923828125,74287.0
0.018939971923828125,74485.0
0.018939971923828125,74601.0
0.018939971923828125,74711.0
0.018939971923828125,74812.0
0.018939971923828125,74590.0
0.018939971923828125,74705.0
0.018939971923828125,74820.0
0.018939971923828125,74961.0
0.018939971923828125,74843.0
0.018939971923828125,74512.0
0.018939971923828125,74408.0
0.018939971923828125,74744.0
0.018939971923828125,74905.0
0.018939971923828125,74719.0
0.018939971923828125,74911.0
0.018939971923828125,74792.0
0.018939971923828125,74595.0
0.018939971923828125,74218.0
0.018939971923828125,74469.0
0.018939971923828125,74591.0
0.018939971923828125,74740.0
0.018939971923828125,75013.0
0.018939971923828125,75116.0
0.018939971923828125,75002.0
0.018939971923828125,74893.0
0.018939971923828125,75019.0
0.018939971923828125,74832.0
0.018939971923828125,74979.0
0.018939971923828125,74846.0
0.018939971923828125,75016.0
0.018939971923828125,75117.0
0.018939971923828125,75219.0
0.018939971923828125,75112.0
0.018939971923828125,75006.0
0.018939971923828125,75113.0
0.018939971923828125,75003.0
0.018939971923828125,75112.0
0.018939971923828125,74980.0
0.018939971923828125,74804.0
0.018939971923828125,74604.0
0.018939971923828125,74786.0
0.018939971923828125,74978.0
0.018939971923828125,75092.0
0.018939971923828125,75202.0
0.018939971923828125,75046.0
0.018939971923828125,75204.0
0.018939971923828125,75095.0
0.018939971923828125,74970.0
0.018939971923828125,74611.0
0.018939971923828125,74501.0
0.018939971923828125,74661.0
0.018939971923828125,75005.0
0.018939971923828125,74902.0
0.018939971923828125,74660.0
0.018939971923828125,74811.0
0.018939971923828125,74931.0
0.018939971923828125,75104.0
0.018939971923828125,74980.0
0.018939971923828125,75089.0
0.018939971923828125,74777.0
0.018939971923828125,75115.0
0.018939971923828125,74917.0
0.018939971923828125,75057.0
0.018939971923828125,75196.0
0.018939971923828125,75316.0
0.018939971923828125,74987.0
0.018939971923828125,75229.0
0.018939971923828125,75407.0
0.018939971923828125,75305.0
0.018939971923828125,75196.0
0.018939971923828125,75312.0
0.018939971923828125,75413.0
0.018939971923828125,75272.0
0.018939971923828125,75401.0
0.018939971923828125,75513.0
0.018939971923828125,75398.0
0.018939971923828125,75508.0
0.018939971923828125,75230.0
0.018939971923828125,75481.0
0.018939971923828125,75607.0
0.018939971923828125,75712.0
0.030946969985961914,75596.0
0.030946969985961914,75705.0
0.03196525573730469,75810.0
0.03196525573730469,75919.0
0.03196525573730469,75791.0
0.03196525573730469,75455.0
0.03196525573730469,75354.0
0.03196525573730469,75548.0
0.03196525573730469,75768.0
0.03196525573730469,75896.0
0.03196525573730469,75765.0
0.03196525573730469,75870.0
0.03196525573730469,75699.0
0.03196525573730469,75919.0
0.03196525573730469,75805.0
0.03196525573730469,75700.0
0.03196525573730469,75809.0
0.03196525573730469,75703.0
0.03196525573730469,75804.0
0.03196525573730469,75668.0
0.03196525573730469,75819.0
0.03196525573730469,75703.0
0.03196525573730469,74903.0
0.03196525573730469,75200.0
0.03196525573730469,75637.0
0.03196525573730469,75776.0
0.03196525573730469,75973.0
0.03196525573730469,76118.0
0.03196525573730469,76011.0
0.03196525573730469,75490.0
0.03196525573730469,75811.0
0.03196525573730469,76113.0
0.03196525573730469,75966.0
0.03196525573730469,76073.0
0.03196525573730469,76209.0
0.03196525573730469,75907.0
0.03196525573730469,76071.0
0.03196525573730469,76318.0
0.03196525573730469,76217.0
0.03196525573730469,76106.0
0.03196525573730469,75987.0
0.03196525573730469,75873.0
0.03196525573730469,75754.0
0.03196525573730469,75897.0
0.03196525573730469,75430.0
0.03196525573730469,75799.0
0.03196525573730469,74768.0
0.03196525573730469,75535.0
0.03196525573730469,75846.0
0.03196525573730469,76050.0
0.03196525573730469,76162.0
0.03196525573730469,75533.0
0.03196525573730469,76160.0
0.03196525573730469,76304.0
0.03196525573730469,76201.0
0.03196525573730469,76086.0
0.03196525573730469,75981.0
0.03196525573730469,75860.0
0.03196525573730469,76014.0
0.03196525573730469,75899.0
0.03196525573730469,75716.0
0.03196525573730469,75601.0
0.03196525573730469,75769.0
0.03196525573730469,75878.0
0.03196525573730469,75656.0
0.03196525573730469,75892.0
0.03196525573730469,75774.0
0.03196525573730469,75884.0
0.03196525573730469,76013.0
0.03196525573730469,75877.0
0.03196525573730469,76012.0
0.03196525573730469,75906.0
0.03196525573730469,75671.0
0.03196525573730469,75888.0
0.03196525573730469,76005.0
0.03196525573730469,75869.0
0.03196525573730469,75984.0
0.03196525573730469,76100.0
0.03196525573730469,75971.0
0.03196525573730469,75801.0
0.03196525573730469,75909.0
0.03196525573730469,75784.0
0.03196525573730469,75554.0
0.03196525573730469,75735.0
0.03196525573730469,75630.0
0.03196525573730469,75736.0
0.03196525573730469,75958.0
0.03196525573730469,75857.0
0.03196525573730469,75977.0
0.03196525573730469,75861.0
0.03196525573730469,75963.0
0.03196525573730469,76092.0
0.03196525573730469,75911.0
0.03196525573730469,76072.0
0.03196525573730469,76207.0
0.03196525573730469,76317.0
0.03196525573730469,75730.0
0.03196525573730469,75844.0
0.03196525573730469,76252.0
0.03196525573730469,76451.0
0.03196525573730469,76321.0
0.03196525573730469,76454.0
0.03196525573730469,76590.0
0.03196525573730469,76711.0
0.03196525573730469,76815.0
0.03196525573730469,76389.0
0.03196525573730469,76677.0
0.03196525573730469,76885.0
0.03196525573730469,76996.0
0.03196525573730469,77118.0
0.03196525573730469,77016.0
0.03196525573730469,76721.0
0.03196525573730469,76844.0
0.03196525573730469,77060.0
0.03196525573730469,76809.0
0.03196525573730469,77022.0
0.03196525573730469,77179.0
0.03196525573730469,77315.0
0.04705405235290527,77053.0
0.04705405235290527,77209.0
0.04705405235290527,77394.0
0.04705405235290527,77272.0
0.04705405235290527,77415.0
0.04771018028259277,77245.0
0.04771018028259277,77377.0
0.04771018028259277,77501.0
0.04771018028259277,77612.0
0.04771018028259277,77381.0
0.04771018028259277,77261.0
0.04771018028259277,77149.0
0.04771018028259277,77337.0
0.04771018028259277,77495.0
0.04771018028259277,76967.0
0.04771018028259277,76842.0
0.04771018028259277,77153.0
0.04771018028259277,77422.0
0.04771018028259277,77590.0
0.04771018028259277,77693.0
0.04771018028259277,77803.0
0.04771018028259277,77344.0
0.04771018028259277,77557.0
0.04771018028259277,77740.0
0.049758195877075195,77933.0
0.049758195877075195,78119.0
0.049758195877075195,78012.0
0.049758195877075195,77893.0
0.049758195877075195,78009.0
0.049758195877075195,77905.0
0.049758195877075195,78019.0
0.049758195877075195,77905.0
0.049758195877075195,77804.0
0.049758195877075195,77672.0
0.049758195877075195,77774.0
0.049758195877075195,77909.0
0.049758195877075195,77770.0
0.049758195877075195,77655.0
0.049758195877075195,77807.0
0.049758195877075195,77690.0
0.049758195877075195,77565.0
0.049758195877075195,77706.0
0.049758195877075195,77816.0
0.049758195877075195,77919.0
0.049758195877075195,77809.0
0.049758195877075195,77708.0
0.049758195877075195,77268.0
0.049758195877075195,77578.0
0.049758195877075195,77714.0
0.049758195877075195,77911.0
0.049758195877075195,77570.0
0.049758195877075195,77729.0
0.049758195877075195,77919.0
0.049758195877075195,78089.0
0.049758195877075195,78198.0
0.049758195877075195,78090.0
0.049758195877075195,77985.0
0.049758195877075195,78092.0
0.049758195877075195,78201.0
0.049758195877075195,78084.0
0.049758195877075195,77974.0
0.049758195877075195,78106.0
0.049758195877075195,78207.0
0.049758195877075195,78017.0
0.049758195877075195,78159.0
0.049758195877075195,78299.0
0.049758195877075195,78197.0
0.049758195877075195,78031.0
0.049758195877075195,78166.0
0.049758195877075195,78286.0
0.049758195877075195,78180.0
0.049758195877075195,78288.0
0.049758195877075195,78399.0
0.049758195877075195,78297.0
0.049758195877075195,78196.0
0.049758195877075195,78073.0
0.049758195877075195,77798.0
0.049758195877075195,77962.0
0.049758195877075195,78199.0
0.049758195877075195,78089.0
0.049758195877075195,77985.0
0.049758195877075195,78104.0
0.049758195877075195,77285.0
0.049758195877075195,77726.0
0.049758195877075195,78081.0
0.049758195877075195,78269.0
0.049758195877075195,78153.0
0.049758195877075195,78276.0
0.049758195877075195,78148.0
0.049758195877075195,78032.0
0.049758195877075195,78206.0
0.049758195877075195,78105.0
0.049758195877075195,77868.0
0.049758195877075195,78040.0
0.049758195877075195,78218.0
0.049758195877075195,78060.0
0.049758195877075195,77917.0
0.049758195877075195,78036.0
0.049758195877075195,78194.0
0.049758195877075195,78310.0
0.049758195877075195,78207.0
0.049758195877075195,78046.0
0.049758195877075195,78209.0
0.049758195877075195,78103.0
0.049758195877075195,77994.0
0.049758195877075195,77878.0
0.049758195877075195,78003.0
0.049758195877075195,77888.0
0.049758195877075195,78016.0
0.049758195877075195,77803.0
0.049758195877075195,78015.0
0.049758195877075195,78119.0
0.049758195877075195,77997.0
0.049758195877075195,77803.0
0.049758195877075195,77689.0
0.049758195877075195,77855.0
0.049758195877075195,77985.0
0.049758195877075195,78088.0
0.049758195877075195,77962.0
0.049758195877075195,77851.0
0.049758195877075195,77212.0
0.049758195877075195,77538.0
0.049758195877075195,77835.0
0.049758195877075195,77990.0
0.049758195877075195,78197.0
0.049758195877075195,78306.0
0.049758195877075195,78407.0
0.049758195877075195,78290.0
0.049758195877075195,78409.0
0.049758195877075195,78303.0
0.049758195877075195,78194.0
0.049758195877075195,78313.0
0.049758195877075195,78212.0
0.049758195877075195,78317.0
0.049758195877075195,78188.0
0.049758195877075195,78038.0
0.049758195877075195,77923.0
0.049758195877075195,78047.0
0.049758195877075195,78213.0
0.049758195877075195,78065.0
0.049758195877075195,77849.0
0.049758195877075195,78010.0
0.049758195877075195,77372.0
0.049758195877075195,77504.0
0.049758195877075195,78012.0
0.049758195877075195,78227.0
0.049758195877075195,78374.0
0.049758195877075195,78505.0
0.049758195877075195,78393.0
0.049758195877075195,78285.0
0.049758195877075195,78401.0
0.049758195877075195,78300.0
0.049758195877075195,78139.0
0.049758195877075195,78278.0
0.049758195877075195,78379.0
0.049758195877075195,78518.0
0.049758195877075195,78314.0
0.049758195877075195,78470.0
0.049758195877075195,78359.0
0.049758195877075195,78466.0
0.049758195877075195,78586.0
0.049758195877075195,78691.0
0.049758195877075195,78807.0
0.049758195877075195,78702.0
0.049758195877075195,78358.0
0.049758195877075195,78672.0
0.049758195877075195,78779.0
0.049758195877075195,78676.0
0.049758195877075195,78543.0
0.049758195877075195,78270.0
0.049758195877075195,78436.0
0.049758195877075195,78597.0
0.049758195877075195,78724.0
0.049758195877075195,78842.0
0.049758195877075195,78992.0
0.049758195877075195,79094.0
0.049758195877075195,78966.0
0.049758195877075195,79067.0
0.049758195877075195,79168.0
0.049758195877075195,79290.0
0.049758195877075195,79411.0
0.049758195877075195,79114.0
0.049758195877075195,79287.0
0.049758195877075195,79445.0
0.049758195877075195,79589.0
0.049758195877075195,79421.0
0.049758195877075195,79610.0
0.049758195877075195,78855.0
0.049758195877075195,79373.0
0.049758195877075195,79611.0
0.049758195877075195,79754.0
0.049758195877075195,79898.0
0.049758195877075195,80013.0
0.06286001205444336,79905.0
0.06286001205444336,79723.0
0.06286001205444336,79899.0
0.06286001205444336,79798.0
0.06348252296447754,79678.0
0.06348252296447754,79794.0
0.06348252296447754,79908.0
0.06348252296447754,79700.0
0.06348252296447754,79851.0
0.06348252296447754,79988.0
0.06348252296447754,80107.0
0.06348252296447754,79887.0
0.06348252296447754,80080.0
0.06348252296447754,79945.0
0.06348252296447754,79794.0
0.06348252296447754,79903.0
0.06348252296447754,79787.0
0.06348252296447754,80010.0
0.06348252296447754,79901.0
0.06348252296447754,79754.0
0.06348252296447754,79855.0
0.06348252296447754,80010.0
0.06348252296447754,79655.0
0.06348252296447754,79778.0
0.06348252296447754,79967.0
0.06348252296447754,80122.0
0.06348252296447754,80233.0
0.06348252296447754,79937.0
0.06348252296447754,80278.0
0.06348252296447754,80155.0
0.06348252296447754,80316.0
0.06348252296447754,80417.0
0.06348252296447754,80308.0
0.06348252296447754,80409.0
0.06348252296447754,80510.0
0.06348252296447754,80612.0
0.06348252296447754,80480.0
0.06348252296447754,80363.0
0.06348252296447754,80480.0
0.06348252296447754,80324.0
0.06348252296447754,80472.0
0.06348252296447754,80356.0
0.06348252296447754,80481.0
0.06348252296447754,80614.0
0.06348252296447754,80507.0
0.06348252296447754,80380.0
0.06348252296447754,80486.0
0.06348252296447754,80596.0
0.06348252296447754,80446.0
0.06348252296447754,80204.0
0.06348252296447754,80377.0
0.06348252296447754,80574.0
0.06348252296447754,80692.0
0.06348252296447754,80337.0
0.06348252296447754,80483.0
0.06348252296447754,80707.0
0.06348252296447754,80850.0
0.06348252296447754,80624.0
0.06348252296447754,80903.0
0.06348252296447754,81004.0
0.06348252296447754,81119.0
0.06348252296447754,80955.0
0.06348252296447754,81099.0
0.06348252296447754,80998.0
0.06348252296447754,80859.0
0.06348252296447754,80984.0
0.06348252296447754,81086.0
0.06348252296447754,81208.0
0.06348252296447754,81079.0
0.06348252296447754,81200.0
0.06348252296447754,81319.0
0.06348252296447754,81127.0
0.06348252296447754,81313.0
0.06348252296447754,81199.0
0.06348252296447754,81090.0
0.06348252296447754,80839.0
0.06348252296447754,80698.0
0.06348252296447754,80985.0
0.06348252296447754,81089.0
0.06348252296447754,81202.0
0.06348252296447754,81098.0
0.06348252296447754,80772.0
0.06348252296447754,81099.0
0.06348252296447754,81215.0
0.06348252296447754,81073.0
0.06348252296447754,81183.0
0.06348252296447754,81060.0
0.06348252296447754,80908.0
0.06348252296447754,81087.0
0.06348252296447754,81217.0
0.06348252296447754,80842.0
0.06348252296447754,80973.0
0.06348252296447754,81243.0
0.06348252296447754,81412.0
0.06348252296447754,81308.0
0.06348252296447754,81412.0
0.06348252296447754,81295.0
0.06348252296447754,81405.0
0.07908225059509277,81509.0
0.07970857620239258,81381.0
0.07970857620239258,81517.0
0.07970857620239258,81404.0
0.07970857620239258,81303.0
0.07970857620239258,81200.0
0.07970857620239258,81315.0
0.07970857620239258,81179.0
0.07970857620239258,81047.0
0.07970857620239258,81177.0
0.07970857620239258,81313.0
0.07970857620239258,81190.0
0.07970857620239258,81076.0
0.07970857620239258,81190.0
0.07970857620239258,81042.0
0.07970857620239258,81178.0
0.07970857620239258,81316.0
0.07970857620239258,80979.0
0.07970857620239258,81108.0
0.07970857620239258,81331.0
0.07970857620239258,81436.0
0.07970857620239258,81561.0
0.07970857620239258,81703.0
0.07970857620239258,81819.0
0.07970857620239258,81492.0
0.07970857620239258,81640.0
0.07970857620239258,81855.0
0.07970857620239258,81501.0
0.07970857620239258,81816.0
0.07970857620239258,81969.0
0.07970857620239258,82085.0
0.07970857620239258,82194.0
0.07970857620239258,82078.0
0.07970857620239258,82205.0
0.07970857620239258,82094.0
0.07970857620239258,81944.0
0.07970857620239258,82116.0
0.07970857620239258,82219.0
0.07970857620239258,82070.0
0.07970857620239258,82193.0
0.07970857620239258,82309.0
0.07970857620239258,82419.0
0.07970857620239258,82318.0
0.07970857620239258,82180.0
0.07970857620239258,82281.0
0.07970857620239258,82417.0
0.07970857620239258,82303.0
0.07970857620239258,82140.0
0.07970857620239258,82283.0
0.07970857620239258,82182.0
0.07970857620239258,82285.0
0.07970857620239258,82183.0
0.07970857620239258,82308.0
0.07970857620239258,82186.0
0.07970857620239258,82084.0
0.07970857620239258,82219.0
0.07970857620239258,82047.0
0.07970857620239258,81906.0
0.07970857620239258,82086.0
0.07970857620239258,81947.0
0.07970857620239258,82103.0
0.07970857620239258,82218.0
0.07970857620239258,82093.0
0.07970857620239258,82205.0
0.07970857620239258,82315.0
0.07970857620239258,82194.0
0.07970857620239258,82089.0
0.07970857620239258,82211.0
0.07970857620239258,82110.0
0.07970857620239258,81975.0
0.07970857620239258,82117.0
0.07970857620239258,81998.0
0.07970857620239258,81883.0
0.07970857620239258,81768.0
0.09333467483520508,81876.0
0.09333467483520508,81726.0
0.09333467483520508,81915.0
0.09333467483520508,81810.0
0.09333467483520508,81706.0
0.09333467483520508,81557.0
0.09333467483520508,81679.0
0.09333467483520508,81794.0
0.09333467483520508,81899.0
0.09333467483520508,81763.0
0.09333467483520508,81892.0
0.09333467483520508,81756.0
0.09333467483520508,81647.0
0.09333467483520508,81796.0
0.09333467483520508,81660.0
0.09333467483520508,81797.0
0.09333467483520508,81918.0
0.09491753578186035,81813.0
0.09491753578186035,81918.0
0.09491753578186035,81616.0
0.09491753578186035,81909.0
0.09491753578186035,81793.0
0.09491753578186035,81026.0
0.09491753578186035,81782.0
0.09491753578186035,81634.0
0.09491753578186035,81752.0
0.09491753578186035,81910.0
0.09491753578186035,81713.0
0.09491753578186035,81597.0
0.09491753578186035,81476.0
0.09491753578186035,81714.0
0.09491753578186035,81612.0
0.09491753578186035,81713.0
0.09491753578186035,81604.0
0.09491753578186035,81716.0
0.09491753578186035,81595.0
0.09491753578186035,81701.0
0.09491753578186035,81581.0
0.09491753578186035,81716.0
0.09491753578186035,81558.0
0.09491753578186035,81660.0
0.09491753578186035,81774.0
0.09491753578186035,81481.0
0.09491753578186035,81752.0
0.09491753578186035,81873.0
0.09491753578186035,81758.0
0.09491753578186035,81892.0
0.09491753578186035,81739.0
0.09491753578186035,81914.0
0.09491753578186035,81811.0
0.09491753578186035,81683.0
0.09491753578186035,81498.0
0.09491753578186035,81712.0
0.09491753578186035,81582.0
0.09491753578186035,81696.0
0.09491753578186035,81805.0
0.09491753578186035,81698.0
0.09491753578186035,81419.0
0.09491753578186035,81592.0
0.09491753578186035,81795.0
0.09491753578186035,81911.0
0.09491753578186035,81743.0
0.09491753578186035,81902.0
0.09491753578186035,81790.0
0.09491753578186035,81911.0
0.09491753578186035,82013.0
0.09491753578186035,81870.0
0.09491753578186035,81993.0
0.09491753578186035,82097.0
0.09491753578186035,82216.0
0.09491753578186035,82112.0
0.09491753578186035,82008.0
0.09491753578186035,81906.0
0.09491753578186035,81579.0
0.09491753578186035,81839.0
0.09491753578186035,81956.0
0.09491753578186035,82087.0
0.09491753578186035,82219.0
0.09491753578186035,82075.0
0.09491753578186035,81963.0
0.09491753578186035,82117.0
0.09491753578186035,82001.0
0.09491753578186035,81779.0
0.09491753578186035,82000.0
0.09491753578186035,81851.0
0.09491753578186035,81715.0
0.09491753578186035,81840.0
0.09491753578186035,82001.0
0.09491753578186035,81895.0
0.09491753578186035,81998.0
0.09491753578186035,81882.0
0.09491753578186035,81781.0
0.09491753578186035,81908.0
0.09491753578186035,81794.0
0.09491753578186035,81916.0
0.09491753578186035,81774.0
0.09491753578186035,81910.0
0.09491753578186035,81749.0
0.09491753578186035,81233.0
0.09491753578186035,81388.0
0.09491753578186035,81812.0
0.09491753578186035,81999.0
0.09491753578186035,82116.0
0.09491753578186035,82012.0
0.09491753578186035,81902.0
0.09491753578186035,81087.0
0.09491753578186035,81789.0
0.09491753578186035,81644.0
0.09491753578186035,81806.0
0.09491753578186035,81917.0
0.09491753578186035,82092.0
0.09491753578186035,82211.0
0.09491753578186035,82045.0
0.09491753578186035,82160.0
0.09491753578186035,82052.0
0.09491753578186035,82197.0
0.09491753578186035,82304.0
0.09491753578186035,82142.0
0.09491753578186035,82283.0
0.09491753578186035,82408.0
0.09491753578186035,82305.0
0.09491753578186035,82409.0
0.09491753578186035,82517.0
0.09491753578186035,82395.0
0.09491753578186035,82125.0
0.09491753578186035,82251.0
0.09491753578186035,82354.0
0.09491753578186035,82505.0
0.09491753578186035,82626.0
0.09491753578186035,82790.0
0.09491753578186035,82916.0
0.09491753578186035,82742.0
0.09491753578186035,82897.0
0.09491753578186035,83000.0
0.09491753578186035,83102.0
0.09491753578186035,82993.0
0.09491753578186035,83111.0
0.09491753578186035,82897.0
0.09491753578186035,83098.0
0.09491753578186035,82954.0
0.09491753578186035,82851.0
0.09491753578186035,82702.0
0.09491753578186035,82910.0
0.09491753578186035,83019.0
0.09491753578186035,82900.0
0.09491753578186035,83005.0
0.09491753578186035,82841.0
0.09491753578186035,82949.0
0.09491753578186035,83065.0
0.09491753578186035,83207.0
0.09491753578186035,83049.0
0.09491753578186035,83198.0
0.09491753578186035,83311.0
0.09491753578186035,83417.0
0.09491753578186035,83130.0
0.09491753578186035,83305.0
0.09491753578186035,83417.0
0.09491753578186035,83614.0
0.09491753578186035,83435.0
0.09491753578186035,83603.0
0.09491753578186035,83712.0
0.09491753578186035,83813.0
0.09491753578186035,83667.0
0.09491753578186035,83542.0
0.09491753578186035,83717.0
0.09491753578186035,83563.0
0.09491753578186035,83045.0
0.09491753578186035,83583.0
0.09491753578186035,83710.0
0.09491753578186035,83603.0
0.09491753578186035,83476.0
0.09491753578186035,83370.0
0.09491753578186035,83230.0
0.09491753578186035,83348.0
0.09491753578186035,83500.0
0.11055636405944824,83382.0
0.11055636405944824,83497.0
0.11055636405944824,83603.0
0.11055636405944824,83480.0
0.11055636405944824,83617.0
0.11055636405944824,83462.0
0.11055636405944824,83342.0
0.11055636405944824,83484.0
0.11055636405944824,83599.0
0.11055636405944824,83462.0
0.11055636405944824,83579.0
0.11055636405944824,83712.0
0.11055636405944824,83580.0
0.11055636405944824,83466.0
0.11055636405944824,83359.0
0.11055636405944824,83492.0
0.11055636405944824,83368.0
0.11055636405944824,83491.0
0.11055636405944824,83610.0
0.11055636405944824,83718.0
0.11055636405944824,83617.0
0.11055636405944824,83503.0
0.11055636405944824,83609.0
0.11055636405944824,83710.0
0.11055636405944824,83575.0
0.11055636405944824,83699.0
0.11055636405944824,83521.0
0.11055636405944824,83648.0
0.11055636405944824,83751.0
0.11055636405944824,83875.0
0.11055636405944824,83984.0
0.11055636405944824,84090.0
0.11055636405944824,84201.0
0.11055636405944824,84317.0
0.11055636405944824,84215.0
0.11055636405944824,84318.0
0.11055636405944824,83975.0
0.11055636405944824,84095.0
0.11055636405944824,84375.0
0.11055636405944824,84240.0
0.11055636405944824,84390.0
0.11055636405944824,84271.0
0.11055636405944824,84406.0
0.11055636405944824,84263.0
0.11055636405944824,84412.0
0.11055636405944824,84297.0
0.11055636405944824,84398.0
0.11055636405944824,84206.0
0.11055636405944824,84387.0
0.11055636405944824,84504.0
0.11055636405944824,84395.0
0.11055636405944824,84254.0
0.11055636405944824,84402.0
0.11055636405944824,84518.0
0.11055636405944824,84619.0
0.11055636405944824,84353.0
0.11055636405944824,84581.0
0.11055636405944824,84694.0
0.11055636405944824,84542.0
0.11055636405944824,84366.0
0.11055636405944824,84552.0
0.11055636405944824,84671.0
0.11055636405944824,84559.0
0.11055636405944824,84456.0
0.11055636405944824,84591.0
0.11915421485900879,84474.0
0.11915421485900879,84610.0
0.11915421485900879,84389.0
0.11915421485900879,84574.0
0.11915421485900879,84677.0
0.11915421485900879,84547.0
0.11915421485900879,84383.0
0.11915421485900879,84577.0
0.11915421485900879,84685.0
0.11915421485900879,84550.0
0.11915421485900879,84674.0
0.11915421485900879,84569.0
0.11915421485900879,84702.0
0.11915421485900879,84376.0
0.11915421485900879,84638.0
0.11915421485900879,84524.0
0.11915421485900879,84710.0
0.11915421485900879,84563.0
0.11915421485900879,84664.0
0.11915421485900879,84771.0
0.11915421485900879,84669.0
0.11915421485900879,84784.0
0.11915421485900879,84911.0
0.11915421485900879,84808.0
0.11915421485900879,84668.0
0.11915421485900879,84775.0
0.11915421485900879,84915.0
0.11915421485900879,84812.0
0.11915421485900879,84680.0
0.11915421485900879,84786.0
0.11915421485900879,84905.0
0.11915421485900879,84795.0
0.11915421485900879,84662.0
0.11915421485900879,84543.0
0.11915421485900879,84408.0
0.11915421485900879,84616.0
0.11915421485900879,84718.0
0.11915421485900879,84602.0
0.11915421485900879,84475.0
0.11915421485900879,84616.0
0.11915421485900879,84717.0
0.11915421485900879,84562.0
0.11915421485900879,84354.0
0.11915421485900879,84489.0
0.11915421485900879,84603.0
0.11915421485900879,84793.0
0.11915421485900879,84644.0
0.11915421485900879,84800.0
0.11915421485900879,84901.0
0.11915421485900879,84757.0
0.11915421485900879,84909.0
0.11915421485900879,84794.0
0.11915421485900879,84897.0
0.11915421485900879,84796.0
0.11915421485900879,84914.0
0.11915421485900879,84787.0
0.11915421485900879,84594.0
0.11915421485900879,84807.0
0.11915421485900879,84688.0
0.11915421485900879,84809.0
0.11915421485900879,84911.0
0.11915421485900879,84804.0
0.11915421485900879,84906.0
0.11915421485900879,85011.0
0.12735486030578613,84901.0
0.12735486030578613,84698.0
0.12735486030578613,84845.0
0.12735486030578613,84726.0
0.12735486030578613,84908.0
0.12735486030578613,84795.0
0.12735486030578613,84910.0
0.12735486030578613,84716.0
0.12735486030578613,84877.0
0.12735486030578613,84991.0
0.12735486030578613,85114.0
0.12735486030578613,85216.0
0.12735486030578613,85057.0
0.12735486030578613,85201.0
0.12735486030578613,85315.0
0.12735486030578613,85191.0
0.12735486030578613,85072.0
0.12735486030578613,85209.0
0.12735486030578613,85058.0
0.12735486030578613,85166.0
0.12735486030578613,85288.0
0.12735486030578613,85130.0
0.12735486030578613,85240.0
0.12735486030578613,85401.0
0.12735486030578613,85517.0
0.12735486030578613,85396.0
0.12735486030578613,85292.0
0.12735486030578613,85180.0
0.12735486030578613,85317.0
0.12735486030578613,85159.0
0.12735486030578613,85315.0
0.12735486030578613,85419.0
0.12735486030578613,85309.0
0.12735486030578613,85208.0
0.12735486030578613,85319.0
0.12735486030578613,85213.0
0.12735486030578613,85316.0
0.12735486030578613,85215.0
0.12735486030578613,85055.0
0.12735486030578613,85184.0
0.12735486030578613,85304.0
0.12735486030578613,85419.0
0.12735486030578613,85294.0
0.12735486030578613,85188.0
0.12735486030578613,85302.0
0.12735486030578613,85191.0
0.12735486030578613,85307.0
0.12735486030578613,85205.0
0.12735486030578613,85102.0
0.12735486030578613,84975.0
0.12735486030578613,84854.0
0.12735486030578613,84968.0
0.12735486030578613,85095.0
0.12735486030578613,85209.0
0.12735486030578613,85080.0
0.12735486030578613,85218.0
0.12735486030578613,85093.0
0.12735486030578613,85201.0
0.12735486030578613,85074.0
0.12735486030578613,84964.0
0.12735486030578613,84803.0
0.12735486030578613,84936.0
0.12735486030578613,85119.0
0.12735486030578613,84928.0
0.12735486030578613,85099.0
0.12735486030578613,84998.0
0.12735486030578613,85115.0
0.12735486030578613,84844.0
0.12735486030578613,84708.0
0.12735486030578613,84920.0
0.12735486030578613,84768.0
0.12735486030578613,84870.0
0.12735486030578613,85059.0
0.12735486030578613,85219.0
0.12735486030578613,85102.0
0.12735486030578613,85217.0
0.12735486030578613,85090.0
0.12735486030578613,85215.0
0.12735486030578613,84998.0
0.12735486030578613,85109.0
0.12735486030578613,85214.0
0.12735486030578613,85366.0
0.12735486030578613,85222.0
0.12735486030578613,85367.0
0.12735486030578613,85489.0
0.12735486030578613,85290.0
0.12735486030578613,85431.0
0.12735486030578613,85613.0
0.12735486030578613,85333.0
0.12735486030578613,85602.0
0.12735486030578613,85486.0
0.12735486030578613,85372.0
0.12735486030578613,85500.0
0.12735486030578613,85619.0
0.12735486030578613,85486.0
0.12735486030578613,85587.0
0.12735486030578613,85714.0
0.12735486030578613,85613.0
0.12735486030578613,85295.0
0.12735486030578613,85570.0
0.12735486030578613,85683.0
0.12735486030578613,85816.0
0.12735486030578613,85698.0
0.12735486030578613,85581.0
0.12735486030578613,85696.0
0.12735486030578613,85810.0
0.12735486030578613,85654.0
0.12735486030578613,85516.0
0.12735486030578613,85686.0
0.12735486030578613,85571.0
0.14295101165771484,85673.0
0.14295101165771484,85505.0
0.14295101165771484,85660.0
0.14295101165771484,85777.0
0.14295101165771484,85655.0
0.14295101165771484,85528.0
0.14295101165771484,85405.0
0.14295101165771484,85577.0
0.14295101165771484,85457.0
0.14444184303283691,85314.0
0.14444184303283691,85183.0
0.14444184303283691,85359.0
0.14444184303283691,85512.0
0.14444184303283691,85407.0
0.14444184303283691,85298.0
0.14444184303283691,85405.0
0.14444184303283691,85511.0
0.14444184303283691,85410.0
0.14444184303283691,85221.0
0.14444184303283691,85373.0
0.14444184303283691,85254.0
0.14444184303283691,85412.0
0.14444184303283691,85276.0
0.14444184303283691,85403.0
0.14444184303283691,85267.0
0.14444184303283691,85414.0
0.14444184303283691,85300.0
0.14444184303283691,85184.0
0.14444184303283691,85298.0
0.1492600440979004,85414.0
0.1492600440979004,85310.0
0.1492600440979004,85023.0
0.1492600440979004,85311.0
0.1492600440979004,85196.0
0.1492600440979004,85316.0
0.1492600440979004,85053.0
0.1492600440979004,85308.0
0.1492600440979004,85153.0
0.1492600440979004,85048.0
0.1492600440979004,85157.0
0.1492600440979004,85273.0
0.1492600440979004,85147.0
0.1492600440979004,85266.0
0.1492600440979004,85163.0
0.1492600440979004,85313.0
0.1492600440979004,85190.0
0.1492600440979004,85301.0
0.1492600440979004,85402.0
0.1492600440979004,85508.0
0.1492600440979004,85609.0
0.1492600440979004,85501.0
0.1492600440979004,85344.0
0.1492600440979004,85243.0
0.1492600440979004,85132.0
0.1492600440979004,85291.0
0.1492600440979004,85399.0
0.1492600440979004,85515.0
0.1492600440979004,85408.0
0.1492600440979004,85516.0
0.1492600440979004,85400.0
0.1492600440979004,85504.0
0.1492600440979004,85365.0
0.1492600440979004,85242.0
0.1492600440979004,85349.0
0.1492600440979004,85496.0
0.1492600440979004,85601.0
0.1492600440979004,85711.0
0.1492600440979004,85592.0
0.1492600440979004,85718.0
0.1492600440979004,85505.0
0.1492600440979004,85644.0
0.1492600440979004,85800.0
0.1492600440979004,85910.0
0.1492600440979004,85788.0
0.1492600440979004,85894.0
0.1588594913482666,86004.0
0.1588594913482666,85894.0
0.1588594913482666,85995.0
0.1588594913482666,85869.0
0.1588594913482666,86015.0
0.1588594913482666,85864.0
0.1588594913482666,85999.0
0.1588594913482666,86114.0
0.1588594913482666,85984.0
0.1588594913482666,86093.0
0.1588594913482666,85991.0
0.1588594913482666,86111.0
0.1588594913482666,85990.0
0.1588594913482666,85876.0
0.1588594913482666,85715.0
0.1588594913482666,85918.0
0.1588594913482666,85783.0
0.1588594913482666,85664.0
0.1588594913482666,85813.0
0.1588594913482666,85672.0
0.1588594913482666,85797.0
0.1588594913482666,85909.0
0.1588594913482666,86018.0
0.1588594913482666,85910.0
0.1588594913482666,85744.0
0.1588594913482666,85637.0
0.1588594913482666,85519.0
0.1588594913482666,85685.0
0.1588594913482666,85565.0
0.1588594913482666,85463.0
0.1588594913482666,85347.0
0.1588594913482666,85499.0
0.1588594913482666,85616.0
0.1588594913482666,85430.0
0.1588594913482666,85552.0
0.1588594913482666,85704.0
0.1588594913482666,85576.0
0.1588594913482666,85677.0
0.1588594913482666,85801.0
0.1588594913482666,85688.0
0.1588594913482666,85810.0
0.1588594913482666,85695.0
0.1588594913482666,85797.0
0.1588594913482666,85917.0
0.1588594913482666,85756.0
0.1588594913482666,85509.0
0.1588594913482666,85406.0
0.1588594913482666,85554.0
0.1588594913482666,85672.0
0.1588594913482666,85879.0
0.1588594913482666,86007.0
0.1588594913482666,85860.0
0.1588594913482666,86003.0
0.1588594913482666,86104.0
0.1588594913482666,86000.0
0.1588594913482666,85895.0
0.1588594913482666,85747.0
0.1588594913482666,85859.0
0.1588594913482666,86009.0
0.1588594913482666,85888.0
0.1588594913482666,86007.0
0.1588594913482666,86111.0
0.1588594913482666,85674.0
0.1588594913482666,86031.0
0.1588594913482666,86150.0
0.1588594913482666,86045.0
0.1588594913482666,86161.0
0.1588594913482666,86266.0
0.1588594913482666,86373.0
0.1588594913482666,86494.0
0.1588594913482666,86372.0
0.1588594913482666,86225.0
0.1588594913482666,86386.0
0.1588594913482666,86276.0
0.1588594913482666,86406.0
0.1588594913482666,86510.0
0.1588594913482666,86368.0
0.1588594913482666,86517.0
0.1588594913482666,86415.0
0.1588594913482666,86517.0
0.1588594913482666,86367.0
0.1588594913482666,86514.0
0.1588594913482666,86387.0
0.1588594913482666,86506.0
0.1588594913482666,86382.0
0.1588594913482666,86519.0
0.1588594913482666,86402.0
0.1588594913482666,86301.0
0.1588594913482666,86191.0
0.1588594913482666,86054.0
0.1588594913482666,86184.0
0.1588594913482666,86312.0
0.1588594913482666,86124.0
0.1588594913482666,86299.0
0.1588594913482666,86418.0
0.1588594913482666,86283.0
0.1588594913482666,86175.0
0.17458701133728027,86277.0
0.17458701133728027,86171.0
0.17458701133728027,86312.0
0.17458701133728027,86205.0
0.17458701133728027,86098.0
0.1756916046142578,86201.0
0.1756916046142578,86100.0
0.1756916046142578,85963.0
0.1756916046142578,86077.0
0.1756916046142578,86192.0
0.1756916046142578,86295.0
0.1756916046142578,86187.0
0.1756916046142578,86290.0
0.1756916046142578,86409.0
0.1756916046142578,86511.0
0.1756916046142578,86405.0
0.1756916046142578,86510.0
0.1756916046142578,86406.0
0.1756916046142578,86245.0
0.1756916046142578,86352.0
0.1756916046142578,86468.0
0.1756916046142578,86367.0
0.1756916046142578,86498.0
0.1756916046142578,86349.0
0.1756916046142578,86486.0
0.1756916046142578,86339.0
0.1756916046142578,86500.0
0.1756916046142578,86601.0
0.1756916046142578,86707.0
0.1756916046142578,86590.0
0.1756916046142578,86706.0
0.1756916046142578,86816.0
0.1756916046142578,86917.0
0.1756916046142578,86776.0
0.1756916046142578,86915.0
0.1756916046142578,87019.0
0.1756916046142578,86897.0
0.1756916046142578,86999.0
0.1756916046142578,86893.0
0.1756916046142578,87007.0
0.1756916046142578,86891.0
0.1756916046142578,87007.0
0.1756916046142578,87116.0
0.1756916046142578,87217.0
0.1756916046142578,87104.0
0.1756916046142578,87205.0
0.1756916046142578,87066.0
0.1756916046142578,86945.0
0.1756916046142578,87096.0
0.1756916046142578,87212.0
0.1756916046142578,87088.0
0.1756916046142578,87212.0
0.1756916046142578,87107.0
0.19079923629760742,86951.0
0.19079923629760742,87087.0
0.19079923629760742,87215.0
0.19079923629760742,87318.0
0.19079923629760742,87200.0
0.19079923629760742,87318.0
0.19079923629760742,87213.0
0.19079923629760742,87108.0
0.19079923629760742,87214.0
0.19079923629760742,87100.0
0.19079923629760742,87205.0
0.19079923629760742,87310.0
0.19079923629760742,87185.0
0.19079923629760742,87295.0
0.19079923629760742,87412.0
0.19079923629760742,87307.0
0.19079923629760742,87185.0
0.19079923629760742,87315.0
0.19079923629760742,87199.0
0.19079923629760742,87024.0
0.19079923629760742,87140.0
0.19079923629760742,87245.0
0.19079923629760742,87416.0
0.19079923629760742,87315.0
0.19079923629760742,87185.0
0.19079923629760742,87298.0
0.19079923629760742,87157.0
0.19079923629760742,87298.0
0.19079923629760742,87419.0
0.19079923629760742,87307.0
0.19079923629760742,87191.0
0.19079923629760742,87083.0
0.19079923629760742,86982.0
0.19079923629760742,87114.0
0.19079923629760742,87215.0
0.19079923629760742,87105.0
0.19079923629760742,86991.0
0.19079923629760742,86808.0
0.19079923629760742,86970.0
0.19079923629760742,87089.0
0.19079923629760742,87216.0
0.19079923629760742,87114.0
0.19079923629760742,87008.0
0.19079923629760742,86855.0
0.19079923629760742,86977.0
0.19079923629760742,87089.0
0.19079923629760742,87200.0
0.19079923629760742,87010.0
0.19079923629760742,87182.0
0.19079923629760742,87312.0
0.19079923629760742,87417.0
0.2072305679321289,87310.0
0.2072305679321289,87417.0
0.2072305679321289,87290.0
0.2072305679321289,87395.0
0.2072305679321289,87224.0
0.2072305679321289,87351.0
0.2072305679321289,87230.0
0.2072305679321289,87405.0
0.2072305679321289,87217.0
0.2072305679321289,87392.0
0.2072305679321289,87241.0
0.2072305679321289,87381.0
0.2072305679321289,87495.0
0.2072305679321289,87619.0
0.2072305679321289,87476.0
0.2072305679321289,87593.0
0.2072305679321289,87483.0
0.2072305679321289,87589.0
0.2072305679321289,87450.0
0.2072305679321289,87551.0
0.2072305679321289,87655.0
0.2072305679321289,87789.0
0.2072305679321289,87896.0
0.2072305679321289,88001.0
0.2072305679321289,88108.0
0.2072305679321289,88007.0
0.2193138599395752,88116.0
0.22240710258483887,88217.0
0.22240710258483887,88098.0
0.22240710258483887,87978.0
0.22240710258483887,88098.0
0.22240710258483887,88211.0
0.22240710258483887,88086.0
0.22240710258483887,88201.0
0.22240710258483887,88029.0
0.22240710258483887,88152.0
0.22240710258483887,88318.0
0.22240710258483887,88181.0
0.22240710258483887,88079.0
0.22240710258483887,88194.0
0.22240710258483887,88317.0
0.22240710258483887,88213.0
0.22240710258483887,88106.0
0.22240710258483887,87934.0
0.22240710258483887,88077.0
0.22240710258483887,88181.0
0.22240710258483887,88316.0
0.22240710258483887,88417.0
0.22240710258483887,88302.0
0.22240710258483887,88407.0
0.22240710258483887,88511.0
0.22240710258483887,88393.0
0.22240710258483887,88519.0
0.22240710258483887,88402.0
0.22240710258483887,88286.0
0.22240710258483887,88414.0
0.22240710258483887,88518.0
0.22240710258483887,88397.0
0.22240710258483887,88507.0
0.22240710258483887,88614.0
0.22240710258483887,88719.0
0.23889541625976562,88614.0
0.23889541625976562,88442.0
0.23889541625976562,88586.0
0.23889541625976562,88696.0
0.23889541625976562,88801.0
0.23889541625976562,88700.0
0.23889541625976562,88810.0
0.23889541625976562,88918.0
0.23889541625976562,88814.0
0.23889541625976562,88918.0
0.25493645668029785,89019.0
0.25493645668029785,88806.0
0.25493645668029785,89005.0
0.25493645668029785,89114.0
0.25493645668029785,88999.0
0.25493645668029785,89113.0
0.2700364589691162,89004.0
0.2700364589691162,89118.0
0.2709205150604248,89012.0
0.2709205150604248,88839.0
0.2709205150604248,88984.0
0.2709205150604248,89100.0
0.2709205150604248,89208.0
0.2709205150604248,89313.0
0.2709205150604248,89419.0
0.2709205150604248,89315.0
0.2709205150604248,89193.0
0.2709205150604248,89316.0
0.2709205150604248,89213.0
0.28601813316345215,89104.0
0.2866373062133789,89208.0
0.2866373062133789,89315.0
0.2866373062133789,89418.0
0.3040134906768799,89317.0
0.32413578033447266,89418.0
0.32413578033447266,89308.0
0.32413578033447266,89409.0
0.32413578033447266,89511.0
0.33087635040283203,89617.0
0.33388423919677734,89719.0
0.33388423919677734,89611.0
0.33388423919677734,89717.0
