0.0,12316.0
0.0,12419.0
0.0,11474.0
0.0,11665.0
0.0,11471.0
0.0,12185.0
0.0,12440.0
0.0,12600.0
0.0,12708.0
0.0,12600.0
0.0,12707.0
0.0,12604.0
0.0,12432.0
0.0,12587.0
0.0,12718.0
0.0,12609.0
0.0,12719.0
0.0,11824.0
0.0,12313.0
0.0,12477.0
0.0,12860.0
0.0,12982.0
0.0,13091.0
0.0,13205.0
0.0,13316.0
0.0,12710.0
0.0,13291.0
0.0,12954.0
0.0,13213.0
0.0,13365.0
0.0,13468.0
0.0,13573.0
0.0,13472.0
0.0,13588.0
0.0,13428.0
0.0,13556.0
0.0,13689.0
0.0,13811.0
0.0,13683.0
0.0,13792.0
0.0,13687.0
0.0,13523.0
0.0,13705.0
0.0,13596.0
0.0,13474.0
0.0,13602.0
0.0,13113.0
0.0,13583.0
0.0,13704.0
0.0,13603.0
0.0,13451.0
0.0,13260.0
0.0,13448.0
0.0,13614.0
0.0,13507.0
0.0,13385.0
0.0,13282.0
0.0,13415.0
0.0,13308.0
0.0,13165.0
0.0,13270.0
0.0,12749.0
0.0,12856.0
0.0,13252.0
0.0,13512.0
0.0,13357.0
0.0,13474.0
0.0,13611.0
0.0,13719.0
0.0,13249.0
0.0,13359.0
0.0,13746.0
0.0,13898.0
0.0,13511.0
0.0,13691.0
0.0,13855.0
0.0,14043.0
0.0,14171.0
0.0,14019.0
0.0,14169.0
0.0,14270.0
0.0,13355.0
0.0,13722.0
0.0,14397.0
0.0,14506.0
0.0,14356.0
0.0,14228.0
0.0,14046.0
0.0,13371.0
0.0,13712.0
0.0,14292.0
0.0,14399.0
0.0,14282.0
0.0,14171.0
0.0,14313.0
0.0,14208.0
0.0,13494.0
0.0,14173.0
0.0,14299.0
0.0,14404.0
0.0,14297.0
0.0,14410.0
0.0,14513.0
0.0,14385.0
0.0,14501.0
0.0,14388.0
0.0,13831.0
0.0,13977.0
0.0,14345.0
0.0,14581.0
0.0,14691.0
0.0,14525.0
0.0,14672.0
0.0,14796.0
0.0,14904.0
0.0,14797.0
0.0,14651.0
0.0,14792.0
0.0,14678.0
0.0,14814.0
0.0,14298.0
0.0,14809.0
0.0,14700.0
0.0,14590.0
0.0,14707.0
0.0,14606.0
0.0,14485.0
0.0,14595.0
0.0,14710.0
0.0,14815.0
0.0,14674.0
0.0,14793.0
0.0,14646.0
0.0,14541.0
0.0,14712.0
0.0,14190.0
0.0,14392.0
0.0,14497.0
0.0,14900.0
0.0,14354.0
0.0,14251.0
0.0,14530.0
0.0,14919.0
0.0,14530.0
0.0,14420.0
0.0,14606.0
0.0,14896.0
0.0,14606.0
0.0,14885.0
0.0,15010.0
0.0,15117.0
0.0,14998.0
0.0,15117.0
0.0,14776.0
0.0,15083.0
0.0,14700.0
0.0,15006.0
0.0,14890.0
0.0,15078.0
0.0,14652.0
0.0,15029.0
0.0,15149.0
0.0,15271.0
0.0,15382.0
0.0,15499.0
0.0,15618.0
0.0,15487.0
0.0,15345.0
0.0,15478.0
0.0,15618.0
0.0,15438.0
0.0,15035.0
0.0,15313.0
0.0,15470.0
0.0,15048.0
0.0,15518.0
0.0,14933.0
0.0,15506.0
0.0,15251.0
0.0,15453.0
0.0,15670.0
0.0,15773.0
0.0,15421.0
0.0,15729.0
0.0,15868.0
0.0,15975.0
0.0,15789.0
0.0,16001.0
0.0,15837.0
0.0,15701.0
0.0,15859.0
0.0,15743.0
0.0,15844.0
0.0,15958.0
0.0,16078.0
0.0,16213.0
0.0,16105.0
0.0,15991.0
0.0,15624.0
0.0,16013.0
0.0,15811.0
0.0,15935.0
0.0,16095.0
0.0,15699.0
0.0,16006.0
0.0,16206.0
0.0,16314.0
0.0,16203.0
0.0,16095.0
0.0,15895.0
0.0,16065.0
0.0,15958.0
0.0,16075.0
0.0,15863.0
0.0,15970.0
0.0,16154.0
0.0,16306.0
0.0,16146.0
0.0,16263.0
0.0,15956.0
0.0,16158.0
0.0,16286.0
0.0,16162.0
0.0,16042.0
0.0,16196.0
0.0,16403.0
0.0,16511.0
0.0,15762.0
0.0,16146.0
0.0,16561.0
0.0,16662.0
0.0,16540.0
0.0,16698.0
0.0,16811.0
0.0,16914.0
0.0,16726.0
0.0,16844.0
0.0,16994.0
0.0,16715.0
0.0,16941.0
0.0,17084.0
0.0,16974.0
0.0,16866.0
0.0,16759.0
0.0,16080.0
0.0,16682.0
0.0,16796.0
0.0,17004.0
0.0,16895.0
0.0,16678.0
0.0,16167.0
0.0,16623.0
0.0,16316.0
0.0,16648.0
0.0,16915.0
0.0,16637.0
0.0,16900.0
0.0,16641.0
0.0,16918.0
0.0,16747.0
0.0,16882.0
0.0,16505.0
0.0,16829.0
0.0,16978.0
0.0,16861.0
0.0,16977.0
0.0,17118.0
0.0,17017.0
0.0,16547.0
0.0,16815.0
0.0,16997.0
0.0,16629.0
0.0,16803.0
0.0,17098.0
0.0,17311.0
0.0,17034.0
0.0,17227.0
0.0,17360.0
0.0,17478.0
0.0,17276.0
0.0,17386.0
0.0,17559.0
0.0,17291.0
0.0,17494.0
0.0,17636.0
0.0,17802.0
0.0,17911.0
0.0,18012.0
0.0,17879.0
0.0,18005.0
0.0,17885.0
0.0,17993.0
0.0,17805.0
0.0,18010.0
0.0,17808.0
0.0,17969.0
0.0,17580.0
0.0,17930.0
0.0,17769.0
0.0,17974.0
0.0,18081.0
0.0,17955.0
0.0,18107.0
0.0,17844.0
0.0,18033.0
0.0,18203.0
0.0,18060.0
0.0,18196.0
0.0,18317.0
0.0,18209.0
0.0,18102.0
0.0,18209.0
0.0,17607.0
0.0,18129.0
0.0,18279.0
0.0,17947.0
0.0,18238.0
0.0,18370.0
0.0,18200.0
0.0,18097.0
0.0,18313.0
0.0,18200.0
0.0,18091.0
0.0,18207.0
0.0,18057.0
0.0,16965.0
0.0,17850.0
0.0,17992.0
0.0,18230.0
0.0,18380.0
0.0,18273.0
0.0,18413.0
0.0,18200.0
0.0,18381.0
0.0,18484.0
0.0,18352.0
0.0,18216.0
0.0,18115.0
0.0,18236.0
0.0,18119.0
0.0,18296.0
0.0,17948.0
0.0,18211.0
0.0,18377.0
0.0,18276.0
0.0,18157.0
0.0,18289.0
0.0,18164.0
0.0,18006.0
0.0,18144.0
0.0,17908.0
0.0,18125.0
0.0,18291.0
0.0,18165.0
0.0,18296.0
0.0,18103.0
0.0,17797.0
0.0,18177.0
0.0,18292.0
0.0,18402.0
0.0,18292.0
0.0,18168.0
0.0,18018.0
0.0,18137.0
0.0,18247.0
0.0,18126.0
0.0,17071.0
0.0,17895.0
0.0,18229.0
0.0,18362.0
0.0,18513.0
0.0,18308.0
0.0,18502.0
0.0,18619.0
0.0,18480.0
0.0,18298.0
0.0,18442.0
0.0,18314.0
0.0,18444.0
0.0,18064.0
0.0,18352.0
0.0,18523.0
0.0,18714.0
0.0,18611.0
0.0,18438.0
0.0,18610.0
0.0,18711.0
0.0,18517.0
0.0,18711.0
0.0,18495.0
0.0,18681.0
0.0,18813.0
0.0,18627.0
0.0,18438.0
0.0,18298.0
0.0,18463.0
0.0,18672.0
0.0,18522.0
0.0,18704.0
0.0,18555.0
0.0,18361.0
0.0,18614.0
0.0,18449.0
0.0,18610.0
0.0,18493.0
0.0,18198.0
0.0,18457.0
0.0,18342.0
0.0,18241.0
0.0,18400.0
0.0,18290.0
0.0,18395.0
0.0,18236.0
0.0,18392.0
0.0,18493.0
0.0,18302.0
0.0,18162.0
0.0,18350.0
0.0,18477.0
0.0,18596.0
0.0,18426.0
0.0,18562.0
0.0,18710.0
0.0,18819.0
0.0,18689.0
0.0,18571.0
0.0,18714.0
0.0,18507.0
0.0,18247.0
0.0,18128.0
0.0,18319.0
0.0,18480.0
0.0,18609.0
0.0,18729.0
0.0,18884.0
0.0,18999.0
0.0,18862.0
0.0,19013.0
0.0,18822.0
0.0,18957.0
0.0,19065.0
0.0,18891.0
0.0,19019.0
0.0,19172.0
0.0,18848.0
0.0,19147.0
0.0,19250.0
0.0,19367.0
0.0,19513.0
0.0,19359.0
0.0,19500.0
0.0,19237.0
0.0,19356.0
0.0,19569.0
0.0,19454.0
0.0,19306.0
0.0,19507.0
0.0,19374.0
0.0,19238.0
0.0,19371.0
0.0,19481.0
0.0,19325.0
0.0,19514.0
0.0,19409.0
0.0,19308.0
0.0,19173.0
0.0,19287.0
0.0,19136.0
0.0,19003.0
0.0,18822.0
0.0,19071.0
0.0,18968.0
0.0,18755.0
0.0,18538.0
0.0,18732.0
0.0,19013.0
0.0,18884.0
0.0,19016.0
0.0,19119.0
0.0,18977.0
0.0,18772.0
0.0,19003.0
0.0,18861.0
0.0,18982.0
0.0,19100.0
0.0,18906.0
0.0,19064.0
0.0,19215.0
0.0,19033.0
0.0,19217.0
0.0,19318.0
0.0,19200.0
0.0,19047.0
0.0,18915.0
0.0,19075.0
0.0,18943.0
0.0,19117.0
0.0,18929.0
0.0,19059.0
0.0,18956.0
0.0,18697.0
0.0,18531.0
0.0,18882.0
0.015619277954101562,18763.0
0.015619277954101562,18555.0
0.015619277954101562,18666.0
0.015619277954101562,18907.0
0.015619277954101562,18747.0
0.015619277954101562,18291.0
0.015619277954101562,18163.0
0.015619277954101562,18500.0
0.015619277954101562,18764.0
0.015619277954101562,18882.0
0.015619277954101562,19014.0
0.015619277954101562,18904.0
0.015619277954101562,18727.0
0.015619277954101562,18906.0
0.015619277954101562,18607.0
0.015619277954101562,18894.0
0.015619277954101562,18787.0
0.015619277954101562,18679.0
0.015619277954101562,18562.0
0.015619277954101562,18694.0
0.015619277954101562,18804.0
0.015619277954101562,18907.0
0.015619277954101562,18774.0
0.015619277954101562,18655.0
0.015619277954101562,18476.0
0.015619277954101562,18650.0
0.015619277954101562,18506.0
0.015619277954101562,18718.0
0.015619277954101562,18585.0
0.015619277954101562,18424.0
0.015619277954101562,18566.0
0.015619277954101562,18461.0
0.015619277954101562,18569.0
0.015619277954101562,18431.0
0.015619277954101562,18259.0
0.015619277954101562,18472.0
0.015619277954101562,18579.0
0.015619277954101562,18713.0
0.015619277954101562,18592.0
0.015619277954101562,18487.0
0.015619277954101562,18370.0
0.015619277954101562,18254.0
0.015619277954101562,18121.0
0.015619277954101562,18281.0
0.015619277954101562,18405.0
0.015619277954101562,18271.0
0.015619277954101562,18004.0
0.015619277954101562,18216.0
0.015619277954101562,18096.0
0.015619277954101562,18312.0
0.015619277954101562,18161.0
0.015619277954101562,18294.0
0.015619277954101562,18128.0
0.015619277954101562,18319.0
0.015619277954101562,18173.0
0.015619277954101562,18295.0
0.015619277954101562,18178.0
0.015619277954101562,18311.0
0.015619277954101562,18062.0
0.015619277954101562,17938.0
0.015619277954101562,18203.0
0.015619277954101562,18085.0
0.015619277954101562,17967.0
0.015619277954101562,18101.0
0.015619277954101562,18208.0
0.015619277954101562,18020.0
0.015619277954101562,18169.0
0.015619277954101562,18061.0
0.015619277954101562,17930.0
0.015619277954101562,17808.0
0.015619277954101562,17936.0
0.015619277954101562,18055.0
0.015619277954101562,17881.0
0.015619277954101562,18052.0
0.015619277954101562,18218.0
0.015619277954101562,18029.0
0.015619277954101562,18215.0
0.015619277954101562,18054.0
0.015619277954101562,18218.0
0.015619277954101562,18002.0
0.015619277954101562,18205.0
0.015619277954101562,18314.0
0.015619277954101562,18156.0
0.015619277954101562,18021.0
0.015619277954101562,18219.0
0.015619277954101562,18100.0
0.015619277954101562,17993.0
0.015619277954101562,18108.0
0.015619277954101562,18209.0
0.015619277954101562,18108.0
0.015619277954101562,17994.0
0.015619277954101562,18111.0
0.015619277954101562,17978.0
0.015619277954101562,17870.0
0.015619277954101562,17992.0
0.015619277954101562,17832.0
0.015619277954101562,17977.0
0.015619277954101562,17779.0
0.015619277954101562,17907.0
0.015619277954101562,17626.0
0.015619277954101562,17876.0
0.015619277954101562,17765.0
0.015619277954101562,17967.0
0.015619277954101562,18119.0
0.015619277954101562,17977.0
0.015619277954101562,17858.0
0.015619277954101562,18018.0
0.015619277954101562,17815.0
0.015619277954101562,16930.0
0.015619277954101562,17530.0
0.015619277954101562,17648.0
0.015619277954101562,17814.0
0.015619277954101562,17974.0
0.015619277954101562,18295.0
0.015619277954101562,18111.0
0.015619277954101562,18309.0
0.015619277954101562,18018.0
0.015619277954101562,18234.0
0.015619277954101562,18104.0
0.015619277954101562,17754.0
0.015619277954101562,17645.0
0.015619277954101562,17485.0
0.015619277954101562,17961.0
0.015619277954101562,17839.0
0.015619277954101562,17984.0
0.015619277954101562,18115.0
0.015619277954101562,18006.0
0.015619277954101562,18111.0
0.015619277954101562,17970.0
0.015619277954101562,18105.0
0.015619277954101562,17941.0
0.015619277954101562,17806.0
0.015619277954101562,17998.0
0.015619277954101562,17827.0
0.015619277954101562,18009.0
0.015619277954101562,17838.0
0.015619277954101562,17704.0
0.015619277954101562,17463.0
0.015619277954101562,17353.0
0.015619277954101562,17243.0
0.015619277954101562,17479.0
0.015619277954101562,17710.0
0.015619277954101562,17402.0
0.015619277954101562,17591.0
0.015619277954101562,17807.0
0.015619277954101562,17598.0
0.015619277954101562,17769.0
0.015619277954101562,17910.0
0.015619277954101562,17726.0
0.015619277954101562,17915.0
0.015619277954101562,17814.0
0.015619277954101562,17697.0
0.015619277954101562,17807.0
0.015619277954101562,17914.0
0.015619277954101562,17781.0
0.015619277954101562,17899.0
0.015619277954101562,17733.0
0.015619277954101562,17855.0
0.015619277954101562,17981.0
0.015619277954101562,17874.0
0.015619277954101562,17636.0
0.015619277954101562,17908.0
0.015619277954101562,17756.0
0.015619277954101562,17886.0
0.015619277954101562,18002.0
0.015619277954101562,18113.0
0.015619277954101562,17729.0
0.015619277954101562,18068.0
0.015619277954101562,17952.0
0.015619277954101562,17739.0
0.015619277954101562,18015.0
0.015619277954101562,17762.0
0.015619277954101562,17928.0
0.015619277954101562,18068.0
0.015619277954101562,17876.0
0.015619277954101562,18092.0
0.015619277954101562,17964.0
0.015619277954101562,18116.0
0.015619277954101562,17701.0
0.015619277954101562,18031.0
0.015619277954101562,17899.0
0.015619277954101562,18060.0
0.015619277954101562,17908.0
0.015619277954101562,17776.0
0.015619277954101562,17994.0
0.015619277954101562,17867.0
0.015619277954101562,17987.0
0.015619277954101562,17786.0
0.015619277954101562,17989.0
0.015619277954101562,17713.0
0.015619277954101562,17820.0
0.015619277954101562,18101.0
0.015619277954101562,18218.0
0.015619277954101562,17937.0
0.015619277954101562,18214.0
0.015619277954101562,18048.0
0.015619277954101562,18157.0
0.015619277954101562,17869.0
0.015619277954101562,18216.0
0.015619277954101562,18109.0
0.015619277954101562,17978.0
0.015619277954101562,17713.0
0.015619277954101562,17997.0
0.015619277954101562,17840.0
0.015619277954101562,18003.0
0.015619277954101562,17851.0
0.015619277954101562,17635.0
0.015619277954101562,17773.0
0.015619277954101562,17547.0
0.015619277954101562,17741.0
0.015619277954101562,17615.0
0.015619277954101562,17505.0
0.015619277954101562,17287.0
0.015619277954101562,17701.0
0.015619277954101562,17560.0
0.015619277954101562,17221.0
0.015619277954101562,17528.0
0.015619277954101562,17667.0
0.015619277954101562,17776.0
0.015619277954101562,17590.0
0.015619277954101562,17481.0
0.015619277954101562,17670.0
0.015619277954101562,17550.0
0.015619277954101562,17439.0
0.015619277954101562,17250.0
0.015619277954101562,17351.0
0.015619277954101562,17206.0
0.015619277954101562,17427.0
0.015619277954101562,17324.0
0.015619277954101562,17480.0
0.015619277954101562,17597.0
0.015619277954101562,17710.0
0.015619277954101562,17819.0
0.015619277954101562,17630.0
0.015619277954101562,17796.0
0.015619277954101562,17594.0
0.015619277954101562,17795.0
0.015619277954101562,17900.0
0.015619277954101562,17623.0
0.015619277954101562,17775.0
0.015619277954101562,17894.0
0.015619277954101562,18004.0
0.015619277954101562,18201.0
0.015619277954101562,17854.0
0.015619277954101562,17984.0
0.015619277954101562,17712.0
0.015619277954101562,18200.0
0.015619277954101562,18078.0
0.015619277954101562,17847.0
0.015619277954101562,18094.0
0.015619277954101562,18213.0
0.015619277954101562,18094.0
0.015619277954101562,18205.0
0.015619277954101562,18053.0
0.015619277954101562,17913.0
0.015619277954101562,18085.0
0.015619277954101562,17946.0
0.015619277954101562,18069.0
0.015619277954101562,18197.0
0.015619277954101562,18025.0
0.015619277954101562,18165.0
0.015619277954101562,18309.0
0.015619277954101562,18097.0
0.015619277954101562,17876.0
0.015619277954101562,17766.0
0.015619277954101562,17918.0
0.015619277954101562,18159.0
0.015619277954101562,18316.0
0.015619277954101562,18158.0
0.015619277954101562,18015.0
0.015619277954101562,17803.0
0.015619277954101562,17913.0
0.015619277954101562,18153.0
0.015619277954101562,18044.0
0.015619277954101562,18164.0
0.015619277954101562,18284.0
0.015619277954101562,18417.0
0.015619277954101562,18303.0
0.015619277954101562,18129.0
0.015619277954101562,18239.0
0.015619277954101562,18126.0
0.015619277954101562,18246.0
0.015619277954101562,18410.0
0.015619277954101562,18265.0
0.015619277954101562,18389.0
0.015619277954101562,18223.0
0.015619277954101562,18120.0
0.015619277954101562,18254.0
0.015619277954101562,18051.0
0.015619277954101562,17721.0
0.015619277954101562,18025.0
0.015619277954101562,18256.0
0.015619277954101562,18391.0
0.015619277954101562,18517.0
0.015619277954101562,18410.0
0.015619277954101562,18207.0
0.015619277954101562,18379.0
0.015619277954101562,18512.0
0.015619277954101562,18395.0
0.015619277954101562,18504.0
0.015619277954101562,18612.0
0.015619277954101562,18446.0
0.015619277954101562,18245.0
0.015619277954101562,18469.0
0.015619277954101562,18190.0
0.015619277954101562,18492.0
0.015619277954101562,18295.0
0.015619277954101562,18475.0
0.015619277954101562,18320.0
0.015619277954101562,18511.0
0.015619277954101562,18270.0
0.015619277954101562,18440.0
0.015619277954101562,18580.0
0.015619277954101562,18356.0
0.015619277954101562,18522.0
0.015619277954101562,18417.0
0.015619277954101562,18575.0
0.015619277954101562,18684.0
0.015619277954101562,18801.0
0.015619277954101562,18668.0
0.015619277954101562,18800.0
0.015619277954101562,18670.0
0.015619277954101562,18562.0
0.015619277954101562,18695.0
0.015619277954101562,18529.0
0.015619277954101562,18289.0
0.015619277954101562,18399.0
0.015619277954101562,18562.0
0.015619277954101562,18789.0
0.015619277954101562,18657.0
0.015619277954101562,18788.0
0.015619277954101562,18910.0
0.015619277954101562,18800.0
0.015619277954101562,18498.0
0.015619277954101562,18630.0
0.015619277954101562,18850.0
0.015619277954101562,18586.0
0.015619277954101562,18249.0
0.015619277954101562,18125.0
0.015619277954101562,18322.0
0.015619277954101562,18511.0
0.015619277954101562,18392.0
0.015619277954101562,18709.0
0.015619277954101562,18891.0
0.015619277954101562,18782.0
0.015619277954101562,18602.0
0.015619277954101562,18703.0
0.015619277954101562,18819.0
0.015619277954101562,18688.0
0.015619277954101562,18835.0
0.015619277954101562,18653.0
0.015619277954101562,18906.0
0.015619277954101562,19013.0
0.015619277954101562,18903.0
0.015619277954101562,18751.0
0.015619277954101562,18611.0
0.015619277954101562,18728.0
0.015619277954101562,18849.0
0.015619277954101562,19013.0
0.015619277954101562,19118.0
0.015619277954101562,19009.0
0.015619277954101562,18851.0
0.015619277954101562,18992.0
0.015619277954101562,18887.0
0.015619277954101562,19009.0
0.015619277954101562,18849.0
0.015619277954101562,18956.0
0.015619277954101562,18839.0
0.015619277954101562,19018.0
0.015619277954101562,18829.0
0.015619277954101562,18937.0
0.015619277954101562,19111.0
0.015619277954101562,18994.0
0.015619277954101562,18854.0
0.015619277954101562,19006.0
0.015619277954101562,18775.0
0.015619277954101562,18361.0
0.015619277954101562,18744.0
0.015619277954101562,18491.0
0.015619277954101562,18688.0
0.015619277954101562,18929.0
0.015619277954101562,19059.0
0.015619277954101562,18921.0
0.015619277954101562,19100.0
0.015619277954101562,18959.0
0.015619277954101562,19114.0
0.015619277954101562,18982.0
0.015619277954101562,19095.0
0.015619277954101562,19203.0
0.015619277954101562,19048.0
0.015619277954101562,19218.0
0.015619277954101562,18730.0
0.015619277954101562,19054.0
0.015619277954101562,19243.0
0.015619277954101562,19409.0
0.015619277954101562,19518.0
0.015619277954101562,19405.0
0.015619277954101562,19508.0
0.015619277954101562,19618.0
0.015619277954101562,19509.0
0.015619277954101562,19619.0
0.015619277954101562,19453.0
0.015619277954101562,19332.0
0.015619277954101562,19516.0
0.015619277954101562,19346.0
0.015619277954101562,19474.0
0.015619277954101562,19618.0
0.015619277954101562,19474.0
0.015619277954101562,19342.0
0.015619277954101562,19466.0
0.015619277954101562,19314.0
0.015619277954101562,19466.0
0.015619277954101562,19355.0
0.015619277954101562,19227.0
0.015619277954101562,19124.0
0.015619277954101562,19272.0
0.015619277954101562,19102.0
0.015619277954101562,19242.0
0.015619277954101562,19416.0
0.015619277954101562,19290.0
0.015619277954101562,19160.0
0.015619277954101562,19292.0
0.015619277954101562,19151.0
0.015619277954101562,19031.0
0.015619277954101562,19203.0
0.015619277954101562,19068.0
0.015619277954101562,19208.0
0.015619277954101562,19080.0
0.015619277954101562,19185.0
0.015619277954101562,19302.0
0.015619277954101562,19172.0
0.015619277954101562,19277.0
0.015619277954101562,19418.0
0.015619277954101562,19302.0
0.015619277954101562,19405.0
0.015619277954101562,19189.0
0.015619277954101562,19349.0
0.015619277954101562,19513.0
0.015619277954101562,19364.0
0.015619277954101562,19249.0
0.015619277954101562,19098.0
0.015619277954101562,19214.0
0.015619277954101562,19375.0
0.015619277954101562,19511.0
0.015619277954101562,19410.0
0.015619277954101562,19249.0
0.015619277954101562,19366.0
0.015619277954101562,19517.0
0.015619277954101562,19384.0
0.015619277954101562,19276.0
0.015619277954101562,18959.0
0.015619277954101562,19240.0
0.015619277954101562,19061.0
0.015619277954101562,19212.0
0.015619277954101562,19371.0
0.015619277954101562,19485.0
0.015619277954101562,19367.0
0.015619277954101562,19468.0
0.015619277954101562,19351.0
0.015619277954101562,19481.0
0.015619277954101562,19616.0
0.015619277954101562,19453.0
0.015619277954101562,19226.0
0.015619277954101562,19508.0
0.015619277954101562,19403.0
0.015619277954101562,19262.0
0.015619277954101562,19114.0
0.015619277954101562,19263.0
0.015619277954101562,19371.0
0.015619277954101562,19121.0
0.015619277954101562,19274.0
0.015619277954101562,19440.0
0.015619277954101562,19243.0
0.015619277954101562,19142.0
0.015619277954101562,19305.0
0.015619277954101562,19493.0
0.015619277954101562,19383.0
0.015619277954101562,19519.0
0.015619277954101562,19387.0
0.015619277954101562,19271.0
0.015619277954101562,19381.0
0.015619277954101562,19497.0
0.015619277954101562,19602.0
0.015619277954101562,19366.0
0.015619277954101562,19556.0
0.015619277954101562,19657.0
0.015619277954101562,19540.0
0.015619277954101562,19668.0
0.015619277954101562,19528.0
0.015619277954101562,19647.0
0.015619277954101562,19818.0
0.015619277954101562,19713.0
0.015619277954101562,19608.0
0.015619277954101562,19717.0
0.015619277954101562,19470.0
0.015619277954101562,19636.0
0.015619277954101562,19796.0
0.015619277954101562,19607.0
0.015619277954101562,19712.0
0.015619277954101562,19866.0
0.015619277954101562,19579.0
0.015619277954101562,19716.0
0.015619277954101562,19844.0
0.015619277954101562,20073.0
0.015619277954101562,19965.0
0.015619277954101562,19843.0
0.015619277954101562,19965.0
0.015619277954101562,20108.0
0.015619277954101562,19986.0
0.015619277954101562,19864.0
0.015619277954101562,19540.0
0.015619277954101562,19887.0
0.015619277954101562,20006.0
0.015619277954101562,19809.0
0.015619277954101562,19926.0
0.015619277954101562,19823.0
0.015619277954101562,20013.0
0.015619277954101562,19850.0
0.015619277954101562,20002.0
0.015619277954101562,19828.0
0.015619277954101562,19972.0
0.015619277954101562,20102.0
0.015619277954101562,19931.0
0.015619277954101562,20057.0
0.015619277954101562,20173.0
0.015619277954101562,20009.0
0.015619277954101562,20201.0
0.015619277954101562,19880.0
0.015619277954101562,19771.0
0.015619277954101562,20000.0
0.015619277954101562,20209.0
0.015619277954101562,20093.0
0.015619277954101562,20210.0
0.015619277954101562,20059.0
0.015619277954101562,20190.0
0.015619277954101562,20062.0
0.015619277954101562,20178.0
0.015619277954101562,20303.0
0.015619277954101562,19920.0
0.015619277954101562,20138.0
0.015619277954101562,20338.0
0.015619277954101562,20518.0
0.015619277954101562,20392.0
0.015619277954101562,20111.0
0.015619277954101562,20355.0
0.015619277954101562,20516.0
0.015619277954101562,20402.0
0.015619277954101562,20246.0
0.015619277954101562,20136.0
0.015619277954101562,20017.0
0.015619277954101562,20137.0
0.015619277954101562,20310.0
0.015619277954101562,20177.0
0.015619277954101562,19948.0
0.015619277954101562,20205.0
0.015619277954101562,20017.0
0.015619277954101562,20177.0
0.015619277954101562,20318.0
0.015619277954101562,20124.0
0.015619277954101562,20005.0
0.015619277954101562,19854.0
0.015619277954101562,20062.0
0.015619277954101562,20183.0
0.015619277954101562,20030.0
0.015619277954101562,19859.0
0.015619277954101562,20049.0
0.015619277954101562,19924.0
0.015619277954101562,20108.0
0.015619277954101562,19916.0
0.015619277954101562,20086.0
0.015619277954101562,20219.0
0.015619277954101562,20111.0
0.015619277954101562,20001.0
0.015619277954101562,20109.0
0.015619277954101562,19979.0
0.015619277954101562,19827.0
0.015619277954101562,19941.0
0.015619277954101562,19777.0
0.015619277954101562,19676.0
0.015619277954101562,19873.0
0.015619277954101562,19990.0
0.015619277954101562,19781.0
0.015619277954101562,19970.0
0.015619277954101562,20073.0
0.015619277954101562,20181.0
0.015619277954101562,20061.0
0.015619277954101562,20166.0
0.015619277954101562,20277.0
0.015619277954101562,20128.0
0.015619277954101562,20256.0
0.015619277954101562,20375.0
0.015619277954101562,20499.0
0.015619277954101562,20390.0
0.015619277954101562,20499.0
0.015619277954101562,20320.0
0.015619277954101562,20511.0
0.015619277954101562,20393.0
0.015619277954101562,20209.0
0.015619277954101562,20355.0
0.015619277954101562,20211.0
0.015619277954101562,20359.0
0.015619277954101562,20075.0
0.015619277954101562,19927.0
0.015619277954101562,19747.0
0.015619277954101562,20043.0
0.015619277954101562,19906.0
0.015619277954101562,20187.0
0.015619277954101562,20027.0
0.015619277954101562,20162.0
0.015619277954101562,20301.0
0.015619277954101562,20184.0
0.015619277954101562,20014.0
0.015619277954101562,19850.0
0.015619277954101562,20114.0
0.015619277954101562,19997.0
0.015619277954101562,20106.0
0.015619277954101562,19946.0
0.015619277954101562,20073.0
0.015619277954101562,20195.0
0.015619277954101562,20087.0
0.015619277954101562,19976.0
0.015619277954101562,20114.0
0.015619277954101562,19807.0
0.015619277954101562,19618.0
0.015619277954101562,19823.0
0.015619277954101562,20024.0
0.015619277954101562,20166.0
0.015619277954101562,20311.0
0.015619277954101562,20206.0
0.015619277954101562,20006.0
0.015619277954101562,19901.0
0.015619277954101562,20051.0
0.015619277954101562,20200.0
0.03132128715515137,20065.0
0.03132128715515137,20210.0
0.03132128715515137,20318.0
0.03132128715515137,20202.0
0.03132128715515137,20055.0
0.03132128715515137,20208.0
0.03132128715515137,20089.0
0.03132128715515137,20219.0
0.03132128715515137,20112.0
0.03132128715515137,19972.0
0.03132128715515137,19809.0
0.03132128715515137,19686.0
0.03132128715515137,19805.0
0.03132128715515137,20002.0
0.03132128715515137,19811.0
0.03132128715515137,19974.0
0.03132128715515137,20088.0
0.03132128715515137,20201.0
0.03132128715515137,20306.0
0.03132128715515137,20160.0
0.03132128715515137,20300.0
0.03132128715515137,20134.0
0.03132128715515137,19968.0
0.03132128715515137,20128.0
0.03132128715515137,20014.0
0.03132128715515137,20124.0
0.03132128715515137,19989.0
0.03132128715515137,20152.0
0.03132128715515137,20292.0
0.03132128715515137,20410.0
0.03132128715515137,20301.0
0.03132128715515137,20408.0
0.03132128715515137,20299.0
0.03132128715515137,20102.0
0.03132128715515137,20219.0
0.03132128715515137,20328.0
0.03132128715515137,20510.0
0.03132128715515137,20350.0
0.03132128715515137,20491.0
0.03132128715515137,20341.0
0.03132128715515137,20442.0
0.03132128715515137,20211.0
0.03132128715515137,20057.0
0.03132128715515137,20192.0
0.03132128715515137,20413.0
0.03132128715515137,20606.0
0.03132128715515137,20487.0
0.03132128715515137,20610.0
0.03132128715515137,20482.0
0.03132128715515137,20319.0
0.03132128715515137,20516.0
0.03132128715515137,20311.0
0.03132128715515137,20416.0
0.03132128715515137,20576.0
0.03132128715515137,20702.0
0.03132128715515137,20536.0
0.03132128715515137,20403.0
0.03132128715515137,20298.0
0.03132128715515137,20188.0
0.03132128715515137,20308.0
0.03132128715515137,20494.0
0.03132128715515137,20303.0
0.03132128715515137,20480.0
0.03132128715515137,20360.0
0.03132128715515137,19779.0
0.03132128715515137,20397.0
0.03132128715515137,20271.0
0.03132128715515137,20408.0
0.03132128715515137,20303.0
0.03132128715515137,20119.0
0.03132128715515137,20289.0
0.03132128715515137,20165.0
0.03132128715515137,19921.0
0.03132128715515137,20031.0
0.03132128715515137,20220.0
0.03132128715515137,20409.0
0.03132128715515137,20272.0
0.03132128715515137,20133.0
0.03132128715515137,20255.0
0.03132128715515137,20370.0
0.03132128715515137,20263.0
0.03132128715515137,20149.0
0.03132128715515137,20281.0
0.03132128715515137,20386.0
0.03132128715515137,20519.0
0.03132128715515137,20262.0
0.03132128715515137,20518.0
0.03132128715515137,20378.0
0.03132128715515137,20496.0
0.03132128715515137,20353.0
0.03132128715515137,20467.0
0.03132128715515137,20618.0
0.03132128715515137,20459.0
0.03132128715515137,20611.0
0.03132128715515137,20487.0
0.03132128715515137,20370.0
0.03132128715515137,20248.0
0.03132128715515137,20400.0
0.03132128715515137,20239.0
0.03132128715515137,20129.0
0.03132128715515137,19931.0
0.03132128715515137,20097.0
0.03132128715515137,20309.0
0.03132128715515137,20418.0
0.03132128715515137,20225.0
0.03132128715515137,20396.0
0.03132128715515137,20293.0
0.03132128715515137,20410.0
0.03132128715515137,20247.0
0.03132128715515137,20405.0
0.03132128715515137,20297.0
0.03132128715515137,20190.0
0.03132128715515137,20081.0
0.03132128715515137,19928.0
0.03132128715515137,20108.0
0.03132128715515137,19947.0
0.03132128715515137,20061.0
0.03132128715515137,19849.0
0.03132128715515137,20041.0
0.03132128715515137,19901.0
0.03132128715515137,20085.0
0.03132128715515137,20204.0
0.03132128715515137,20059.0
0.03132128715515137,19942.0
0.03132128715515137,19815.0
0.03132128715515137,20010.0
0.03132128715515137,19897.0
0.03132128715515137,20014.0
0.03132128715515137,19898.0
0.03132128715515137,19708.0
0.03132128715515137,19905.0
0.03132128715515137,19797.0
0.03132128715515137,19600.0
0.03132128715515137,19807.0
0.03132128715515137,19702.0
0.03132128715515137,19516.0
0.03132128715515137,19677.0
0.03132128715515137,19802.0
0.03132128715515137,19667.0
0.03132128715515137,19775.0
0.03132128715515137,19892.0
0.03132128715515137,19772.0
0.03132128715515137,19601.0
0.03132128715515137,19711.0
0.03132128715515137,19888.0
0.03132128715515137,19668.0
0.03132128715515137,19848.0
0.03132128715515137,19996.0
0.03132128715515137,20104.0
0.03132128715515137,19988.0
0.03132128715515137,20099.0
0.03132128715515137,19994.0
0.03132128715515137,20101.0
0.03132128715515137,19935.0
0.03132128715515137,20082.0
0.03132128715515137,20217.0
0.03132128715515137,20027.0
0.03132128715515137,20190.0
0.03132128715515137,20008.0
0.03132128715515137,20182.0
0.03132128715515137,20024.0
0.03132128715515137,20206.0
0.03132128715515137,20054.0
0.03132128715515137,19772.0
0.03132128715515137,19565.0
0.03132128715515137,19794.0
0.03132128715515137,20017.0
0.03132128715515137,20161.0
0.03132128715515137,20044.0
0.03132128715515137,19934.0
0.03132128715515137,20088.0
0.03132128715515137,19488.0
0.03132128715515137,19860.0
0.03132128715515137,20026.0
0.03132128715515137,19911.0
0.03132128715515137,20217.0
0.03132128715515137,20060.0
0.03132128715515137,20209.0
0.03132128715515137,19903.0
0.03132128715515137,20215.0
0.03132128715515137,20094.0
0.03132128715515137,20201.0
0.03132128715515137,20311.0
0.03132128715515137,20414.0
0.03132128715515137,20272.0
0.03132128715515137,20398.0
0.03132128715515137,20280.0
0.03132128715515137,20091.0
0.03132128715515137,20247.0
0.03132128715515137,20407.0
0.03132128715515137,20287.0
0.03132128715515137,20411.0
0.03132128715515137,20302.0
0.03132128715515137,20192.0
0.03132128715515137,20048.0
0.03132128715515137,20177.0
0.03132128715515137,20286.0
0.03132128715515137,20137.0
0.03132128715515137,20295.0
0.03132128715515137,20129.0
0.03132128715515137,19994.0
0.03132128715515137,20143.0
0.03132128715515137,20017.0
0.03132128715515137,20139.0
0.03132128715515137,20025.0
0.03132128715515137,19903.0
0.03132128715515137,20064.0
0.03132128715515137,19933.0
0.03132128715515137,20036.0
0.03132128715515137,19935.0
0.03132128715515137,20092.0
0.03132128715515137,19745.0
0.03132128715515137,20025.0
0.03132128715515137,20158.0
0.03132128715515137,19976.0
0.03132128715515137,20128.0
0.03132128715515137,20307.0
0.03132128715515137,20179.0
0.03132128715515137,20000.0
0.03132128715515137,20200.0
0.03132128715515137,20091.0
0.03132128715515137,19931.0
0.03132128715515137,20039.0
0.03132128715515137,20157.0
0.03132128715515137,19975.0
0.03132128715515137,20157.0
0.03132128715515137,20290.0
0.03132128715515137,20142.0
0.03132128715515137,20270.0
0.03132128715515137,20402.0
0.03132128715515137,20295.0
0.03132128715515137,20148.0
0.03132128715515137,19978.0
0.03132128715515137,20102.0
0.03132128715515137,20273.0
0.03132128715515137,20099.0
0.03132128715515137,20285.0
0.03132128715515137,20004.0
0.03132128715515137,19897.0
0.03132128715515137,20215.0
0.03132128715515137,20044.0
0.03132128715515137,20194.0
0.03132128715515137,20303.0
0.03132128715515137,20167.0
0.03132128715515137,20280.0
0.03132128715515137,20080.0
0.03132128715515137,20308.0
0.03132128715515137,20191.0
0.03132128715515137,20037.0
0.03132128715515137,20201.0
0.03132128715515137,20306.0
0.03132128715515137,20111.0
0.03132128715515137,20000.0
0.03132128715515137,20163.0
0.03132128715515137,20012.0
0.03132128715515137,20134.0
0.03132128715515137,19974.0
0.03132128715515137,20183.0
0.03132128715515137,20294.0
0.03132128715515137,20399.0
0.03132128715515137,20519.0
0.03132128715515137,20394.0
0.03132128715515137,20503.0
0.03132128715515137,20379.0
0.03132128715515137,20519.0
0.03132128715515137,20408.0
0.03132128715515137,20248.0
0.03132128715515137,20115.0
0.03132128715515137,19985.0
0.03132128715515137,20111.0
0.03132128715515137,20282.0
0.03132128715515137,20415.0
0.03132128715515137,20291.0
0.03132128715515137,20159.0
0.03132128715515137,20299.0
0.03132128715515137,20147.0
0.03132128715515137,20277.0
0.03132128715515137,20093.0
0.03132128715515137,19930.0
0.03132128715515137,20207.0
0.03132128715515137,20074.0
0.03132128715515137,20183.0
0.03132128715515137,20074.0
0.03132128715515137,20209.0
0.03132128715515137,20089.0
0.03132128715515137,19868.0
0.03132128715515137,20081.0
0.03132128715515137,19901.0
0.03132128715515137,20064.0
0.03132128715515137,19920.0
0.03132128715515137,20040.0
0.03132128715515137,19866.0
0.03132128715515137,20072.0
0.03132128715515137,20181.0
0.03132128715515137,20305.0
0.03132128715515137,20164.0
0.03132128715515137,20284.0
0.03132128715515137,20150.0
0.03132128715515137,20277.0
0.03132128715515137,20384.0
0.03132128715515137,20204.0
0.03132128715515137,20401.0
0.03132128715515137,20516.0
0.03132128715515137,20287.0
0.03132128715515137,20510.0
0.03132128715515137,20370.0
0.03132128715515137,20184.0
0.03132128715515137,20071.0
0.03132128715515137,20302.0
0.03132128715515137,20180.0
0.03132128715515137,20297.0
0.03132128715515137,20407.0
0.03132128715515137,20516.0
0.03132128715515137,20383.0
0.03132128715515137,20508.0
0.03132128715515137,20373.0
0.03132128715515137,20096.0
0.03132128715515137,20355.0
0.03132128715515137,20245.0
0.03132128715515137,20380.0
0.03132128715515137,20519.0
0.03132128715515137,20397.0
0.03132128715515137,20226.0
0.03132128715515137,20111.0
0.03132128715515137,20262.0
0.03132128715515137,20414.0
0.03132128715515137,20253.0
0.03132128715515137,20419.0
0.03132128715515137,20228.0
0.03132128715515137,20339.0
0.03132128715515137,20519.0
0.03132128715515137,20396.0
0.03132128715515137,20511.0
0.03132128715515137,20403.0
0.03132128715515137,20302.0
0.03132128715515137,20199.0
0.03132128715515137,20090.0
0.03132128715515137,20206.0
0.03132128715515137,20096.0
0.03132128715515137,19981.0
0.03132128715515137,20117.0
0.03132128715515137,19984.0
0.03132128715515137,19844.0
0.03132128715515137,19626.0
0.03132128715515137,19425.0
0.03132128715515137,19665.0
0.03132128715515137,19788.0
0.03132128715515137,19921.0
0.03132128715515137,20071.0
0.03132128715515137,19947.0
0.03132128715515137,19820.0
0.03132128715515137,19981.0
0.03132128715515137,19874.0
0.03132128715515137,20000.0
0.03132128715515137,20114.0
0.03132128715515137,20000.0
0.03132128715515137,20117.0
0.03132128715515137,19994.0
0.03132128715515137,19682.0
0.03132128715515137,19877.0
0.03132128715515137,20067.0
0.03132128715515137,20177.0
0.03132128715515137,20292.0
0.03132128715515137,20140.0
0.03132128715515137,20300.0
0.03132128715515137,20148.0
0.03132128715515137,20301.0
0.03132128715515137,20124.0
0.03132128715515137,20243.0
0.03132128715515137,20125.0
0.03132128715515137,20285.0
0.03132128715515137,20168.0
0.03132128715515137,20049.0
0.03132128715515137,19833.0
0.03132128715515137,20014.0
0.03132128715515137,20162.0
0.03132128715515137,19954.0
0.03132128715515137,20210.0
0.03132128715515137,20013.0
0.03132128715515137,20208.0
0.03132128715515137,20072.0
0.03132128715515137,20191.0
0.03132128715515137,20309.0
0.03132128715515137,20191.0
0.03132128715515137,20310.0
0.03132128715515137,20161.0
0.03132128715515137,20293.0
0.03132128715515137,20409.0
0.03132128715515137,20292.0
0.03132128715515137,20172.0
0.03132128715515137,20304.0
0.03132128715515137,20174.0
0.03132128715515137,20304.0
0.03132128715515137,20405.0
0.03132128715515137,20514.0
0.03132128715515137,20388.0
0.03132128715515137,20508.0
0.03132128715515137,20252.0
0.03132128715515137,20470.0
0.03132128715515137,20578.0
0.03132128715515137,20695.0
0.03132128715515137,20817.0
0.03132128715515137,20604.0
0.03132128715515137,20807.0
0.03132128715515137,20655.0
0.03132128715515137,20547.0
0.03132128715515137,20375.0
0.03132128715515137,20239.0
0.03132128715515137,20435.0
0.03132128715515137,20606.0
0.03132128715515137,20713.0
0.03132128715515137,20578.0
0.03132128715515137,20715.0
0.03132128715515137,20456.0
0.03132128715515137,20709.0
0.03132128715515137,20581.0
0.03132128715515137,20476.0
0.03132128715515137,20610.0
0.03132128715515137,20502.0
0.03132128715515137,20607.0
0.03132128715515137,20447.0
0.03132128715515137,20580.0
0.03132128715515137,20388.0
0.03132128715515137,20495.0
0.03132128715515137,20623.0
0.03132128715515137,20787.0
0.03132128715515137,20913.0
0.03132128715515137,20803.0
0.03132128715515137,20917.0
0.03132128715515137,20694.0
0.03132128715515137,20878.0
0.03132128715515137,20996.0
0.03132128715515137,20875.0
0.03132128715515137,21015.0
0.03132128715515137,20910.0
0.03132128715515137,20614.0
0.03132128715515137,20769.0
0.03132128715515137,20955.0
0.03132128715515137,21079.0
0.03132128715515137,21200.0
0.03132128715515137,21316.0
0.03132128715515137,21209.0
0.03132128715515137,21091.0
0.03132128715515137,21204.0
0.03132128715515137,21307.0
0.03132128715515137,21191.0
0.03132128715515137,21074.0
0.03132128715515137,20967.0
0.03132128715515137,21113.0
0.03132128715515137,20968.0
0.03132128715515137,20828.0
0.03132128715515137,21002.0
0.03132128715515137,20886.0
0.03132128715515137,20760.0
0.03132128715515137,20900.0
0.04686427116394043,20781.0
0.04686427116394043,20905.0
0.04686427116394043,20800.0
0.04686427116394043,20610.0
0.04686427116394043,20461.0
0.04686427116394043,20717.0
0.04686427116394043,20614.0
0.04686427116394043,20504.0
0.04686427116394043,20605.0
0.04686427116394043,20713.0
0.04686427116394043,20816.0
0.04686427116394043,20702.0
0.04686427116394043,20578.0
0.04686427116394043,20713.0
0.04686427116394043,20604.0
0.04686427116394043,20718.0
0.04686427116394043,20478.0
0.04686427116394043,20644.0
0.04686427116394043,20761.0
0.04686427116394043,20639.0
0.04686427116394043,20782.0
0.04686427116394043,20632.0
0.04686427116394043,20776.0
0.04686427116394043,20881.0
0.04686427116394043,21014.0
0.04686427116394043,20913.0
0.04686427116394043,20753.0
0.04686427116394043,20875.0
0.04686427116394043,20991.0
0.04686427116394043,20857.0
0.04686427116394043,20985.0
0.04686427116394043,21107.0
0.04686427116394043,20964.0
0.04686427116394043,20784.0
0.04686427116394043,20929.0
0.04686427116394043,21100.0
0.04686427116394043,20968.0
0.04686427116394043,21110.0
0.04686427116394043,21215.0
0.04686427116394043,21034.0
0.04686427116394043,21170.0
0.04686427116394043,21051.0
0.04686427116394043,21161.0
0.04686427116394043,21293.0
0.04686427116394043,21417.0
0.04686427116394043,21296.0
0.04686427116394043,21133.0
0.04686427116394043,21283.0
0.04686427116394043,21393.0
0.04686427116394043,21512.0
0.04686427116394043,21317.0
0.04686427116394043,21458.0
0.04686427116394043,21576.0
0.04686427116394043,21444.0
0.04686427116394043,21241.0
0.04686427116394043,21441.0
0.04686427116394043,21605.0
0.04686427116394043,21706.0
0.04686427116394043,21542.0
0.04686427116394043,21663.0
0.04686427116394043,21526.0
0.04686427116394043,21636.0
0.04686427116394043,21767.0
0.04686427116394043,21900.0
0.04686427116394043,21764.0
0.04686427116394043,21614.0
0.04686427116394043,21803.0
0.04686427116394043,21642.0
0.04686427116394043,21509.0
0.04686427116394043,21699.0
0.04686427116394043,21809.0
0.04686427116394043,21678.0
0.04686427116394043,21811.0
0.04686427116394043,21700.0
0.04686427116394043,21565.0
0.04686427116394043,21699.0
0.04686427116394043,21547.0
0.04686427116394043,21718.0
0.04686427116394043,21609.0
0.04686427116394043,21499.0
0.04686427116394043,21366.0
0.04686427116394043,21248.0
0.04686427116394043,21397.0
0.04686427116394043,21514.0
0.04686427116394043,21397.0
0.04686427116394043,21518.0
0.04686427116394043,21394.0
0.04686427116394043,21199.0
0.04686427116394043,21351.0
0.04686427116394043,21517.0
0.04686427116394043,21412.0
0.04686427116394043,21235.0
0.04686427116394043,21396.0
0.04686427116394043,21503.0
0.04686427116394043,21390.0
0.04686427116394043,21287.0
0.04686427116394043,21405.0
0.04686427116394043,21280.0
0.04686427116394043,21415.0
0.04686427116394043,21298.0
0.04686427116394043,21418.0
0.04686427116394043,21308.0
0.04686427116394043,21411.0
0.04686427116394043,21516.0
0.04686427116394043,21411.0
0.04686427116394043,21519.0
0.04686427116394043,21386.0
0.04686427116394043,21517.0
0.04686427116394043,21372.0
0.04686427116394043,21481.0
0.04686427116394043,21367.0
0.04686427116394043,21507.0
0.04686427116394043,21406.0
0.04686427116394043,21519.0
0.04686427116394043,21411.0
0.04686427116394043,21308.0
0.04686427116394043,21205.0
0.04686427116394043,21054.0
0.04686427116394043,21218.0
0.04686427116394043,21319.0
0.04686427116394043,21201.0
0.04686427116394043,21319.0
0.04686427116394043,21197.0
0.04686427116394043,21304.0
0.04686427116394043,21407.0
0.04686427116394043,21294.0
0.04686427116394043,21408.0
0.04686427116394043,21511.0
0.04686427116394043,21353.0
0.04686427116394043,21517.0
0.04686427116394043,21354.0
0.04686427116394043,21481.0
0.04686427116394043,21598.0
0.04686427116394043,21714.0
0.04686427116394043,21576.0
0.04686427116394043,21432.0
0.04686427116394043,21301.0
0.04686427116394043,21432.0
0.04686427116394043,21582.0
0.04686427116394043,21708.0
0.061872243881225586,21577.0
0.061872243881225586,21687.0
0.061872243881225586,21792.0
0.061872243881225586,21909.0
0.061872243881225586,21770.0
0.061872243881225586,21903.0
0.06287741661071777,22011.0
0.06287741661071777,21882.0
0.06287741661071777,21767.0
0.06287741661071777,21903.0
0.06287741661071777,22014.0
0.06287741661071777,21897.0
0.06287741661071777,21788.0
0.06287741661071777,21660.0
0.06287741661071777,21798.0
0.06287741661071777,21915.0
0.06287741661071777,21805.0
0.06287741661071777,21665.0
0.06287741661071777,21808.0
0.06287741661071777,21917.0
0.06287741661071777,21810.0
0.06287741661071777,21702.0
0.06287741661071777,21809.0
0.06287741661071777,21699.0
0.06287741661071777,21590.0
0.06287741661071777,21703.0
0.06287741661071777,21812.0
0.06287741661071777,21917.0
0.06287741661071777,21799.0
0.06287741661071777,21909.0
0.06287741661071777,22019.0
0.06287741661071777,21909.0
0.06287741661071777,22017.0
