0.0,29561.0
0.0,29994.0
0.0,30203.0
0.0,30345.0
0.0,30453.0
0.0,30588.0
0.0,30704.0
0.0,30278.0
0.0,30676.0
0.0,30790.0
0.0,30899.0
0.0,30551.0
0.0,30450.0
0.0,30659.0
0.0,30778.0
0.0,30960.0
0.0,30751.0
0.0,30881.0
0.0,31078.0
0.0,30975.0
0.0,31085.0
0.0,30687.0
0.0,30788.0
0.0,30995.0
0.0,31168.0
0.0,31350.0
0.0,31464.0
0.0,31226.0
0.0,31433.0
0.0,31591.0
0.0,31695.0
0.0,31149.0
0.0,31568.0
0.0,31780.0
0.0,31637.0
0.0,31530.0
0.0,31679.0
0.0,31795.0
0.0,31376.0
0.0,31262.0
0.0,30462.0
0.0,31414.0
0.0,31610.0
0.0,31759.0
0.0,31894.0
0.0,31700.0
0.0,31570.0
0.0,31752.0
0.0,31905.0
0.0,31796.0
0.0,31897.0
0.0,31998.0
0.0,31482.0
0.0,31791.0
0.0,32030.0
0.0,32154.0
0.0,31945.0
0.0,32199.0
0.0,32098.0
0.0,32199.0
0.0,31642.0
0.0,32096.0
0.0,32287.0
0.0,32403.0
0.0,32261.0
0.0,32383.0
0.0,32486.0
0.0,32134.0
0.0,32313.0
0.0,32468.0
0.0,32693.0
0.0,32558.0
0.0,32678.0
0.0,32790.0
0.0,32896.0
0.0,33004.0
0.0,32892.0
0.0,33002.0
0.0,32893.0
0.0,32792.0
0.0,32899.0
0.0,32445.0
0.0,32619.0
0.0,32852.0
0.0,32980.0
0.0,33096.0
0.0,33299.0
0.0,32877.0
0.0,33109.0
0.0,33367.0
0.0,32366.0
0.0,33034.0
0.0,33447.0
0.0,33548.0
0.0,33685.0
0.0,33798.0
0.008007287979125977,33339.0
0.008007287979125977,33488.0
0.008007287979125977,33674.0
0.008007287979125977,33999.0
0.008007287979125977,33393.0
0.008007287979125977,33545.0
0.008007287979125977,33661.0
0.008007287979125977,33780.0
0.008007287979125977,33914.0
0.008007287979125977,34239.0
0.008007287979125977,34411.0
0.008007287979125977,34571.0
0.008007287979125977,34681.0
0.008007287979125977,34571.0
0.008007287979125977,34399.0
0.008007287979125977,34590.0
0.008007287979125977,34394.0
0.008007287979125977,34588.0
0.008007287979125977,34189.0
0.008007287979125977,34394.0
0.008007287979125977,34535.0
0.008007287979125977,34652.0
0.008007287979125977,34842.0
0.008007287979125977,34979.0
0.008007287979125977,35105.0
0.008007287979125977,35004.0
0.008007287979125977,34330.0
0.008007287979125977,34774.0
0.008007287979125977,34976.0
0.008007287979125977,35163.0
0.008007287979125977,35060.0
0.008007287979125977,35188.0
0.008007287979125977,35290.0
0.008007287979125977,35394.0
0.008007287979125977,35290.0
0.008007287979125977,35401.0
0.008007287979125977,35503.0
0.008007287979125977,34982.0
0.008007287979125977,35109.0
0.008007287979125977,35402.0
0.008007287979125977,35504.0
0.008007287979125977,35656.0
0.008007287979125977,35766.0
0.008007287979125977,35929.0
0.008007287979125977,36082.0
0.008007287979125977,35891.0
0.008007287979125977,35733.0
0.008007287979125977,35907.0
0.008007287979125977,36103.0
0.008007287979125977,35940.0
0.008007287979125977,36043.0
0.008007287979125977,36152.0
0.008007287979125977,36257.0
0.008007287979125977,36393.0
0.008007287979125977,36190.0
0.008007287979125977,36397.0
0.008007287979125977,36215.0
0.008007287979125977,36389.0
0.008007287979125977,36499.0
0.008007287979125977,36297.0
0.008007287979125977,36486.0
0.008007287979125977,35953.0
0.008007287979125977,36414.0
0.008007287979125977,36535.0
0.008007287979125977,36353.0
0.008007287979125977,36566.0
0.008007287979125977,36678.0
0.008007287979125977,36785.0
0.008007287979125977,36117.0
0.008007287979125977,36280.0
0.008007287979125977,36805.0
0.008007287979125977,36947.0
0.008007287979125977,37097.0
0.008007287979125977,37204.0
0.008007287979125977,37305.0
0.008007287979125977,37195.0
0.008007287979125977,36964.0
0.008007287979125977,37158.0
0.008007287979125977,37287.0
0.008007287979125977,37161.0
0.008007287979125977,37277.0
0.008007287979125977,37400.0
0.008007287979125977,37299.0
0.008007287979125977,37400.0
0.008007287979125977,37503.0
0.008007287979125977,37604.0
0.008007287979125977,37295.0
0.008007287979125977,37555.0
0.008007287979125977,37088.0
0.008007287979125977,37579.0
0.008007287979125977,37698.0
0.008007287979125977,37801.0
0.008007287979125977,37902.0
0.008007287979125977,37786.0
0.008007287979125977,37684.0
0.008007287979125977,37800.0
0.008007287979125977,37651.0
0.008007287979125977,37789.0
0.008007287979125977,37610.0
0.008007287979125977,37405.0
0.008007287979125977,37665.0
0.008007287979125977,37798.0
0.008007287979125977,37643.0
0.008007287979125977,37794.0
0.008007287979125977,37897.0
0.008007287979125977,37130.0
0.008007287979125977,37722.0
0.008007287979125977,37913.0
0.008007287979125977,38099.0
0.008007287979125977,37925.0
0.008007287979125977,37731.0
0.008007287979125977,37996.0
0.008007287979125977,38097.0
0.008007287979125977,38204.0
0.008007287979125977,37946.0
0.008007287979125977,38098.0
0.008007287979125977,38264.0
0.008007287979125977,38401.0
0.008007287979125977,38268.0
0.008007287979125977,38377.0
0.008007287979125977,38274.0
0.008007287979125977,38393.0
0.008007287979125977,38290.0
0.008007287979125977,38096.0
0.008007287979125977,38293.0
0.008007287979125977,38184.0
0.008007287979125977,38068.0
0.008007287979125977,37949.0
0.008007287979125977,37825.0
0.008007287979125977,37950.0
0.008007287979125977,38052.0
0.008007287979125977,38193.0
0.008007287979125977,37444.0
0.008007287979125977,37572.0
0.008007287979125977,37444.0
0.008007287979125977,37586.0
0.008007287979125977,38175.0
0.008007287979125977,38308.0
0.008007287979125977,38207.0
0.008007287979125977,38055.0
0.008007287979125977,38300.0
0.008007287979125977,38140.0
0.008007287979125977,38295.0
0.008007287979125977,37882.0
0.008007287979125977,38245.0
0.008007287979125977,38079.0
0.008007287979125977,37754.0
0.008007287979125977,38123.0
0.008007287979125977,37982.0
0.008007287979125977,38107.0
0.008007287979125977,37862.0
0.008007287979125977,38077.0
0.008007287979125977,38196.0
0.008007287979125977,38305.0
0.008007287979125977,38483.0
0.008007287979125977,38592.0
0.008007287979125977,38487.0
0.008007287979125977,38601.0
0.008007287979125977,38492.0
0.008007287979125977,38602.0
0.008007287979125977,38357.0
0.008007287979125977,38523.0
0.008007287979125977,38691.0
0.008007287979125977,38553.0
0.008007287979125977,38670.0
0.008007287979125977,38569.0
0.008007287979125977,38462.0
0.008007287979125977,38359.0
0.008007287979125977,38491.0
0.008007287979125977,38600.0
0.008007287979125977,38447.0
0.008007287979125977,38588.0
0.008007287979125977,37996.0
0.008007287979125977,38199.0
0.008007287979125977,38098.0
0.008007287979125977,38597.0
0.008007287979125977,38477.0
0.008007287979125977,38591.0
0.008007287979125977,38388.0
0.008007287979125977,38545.0
0.008007287979125977,38657.0
0.008007287979125977,38799.0
0.008007287979125977,38674.0
0.008007287979125977,38541.0
0.008007287979125977,38699.0
0.008007287979125977,38564.0
0.008007287979125977,38700.0
0.008007287979125977,38589.0
0.008007287979125977,38145.0
0.008007287979125977,38463.0
0.008007287979125977,38349.0
0.008007287979125977,38594.0
0.008007287979125977,38695.0
0.008007287979125977,38561.0
0.008007287979125977,38675.0
0.008007287979125977,37942.0
0.008007287979125977,38457.0
0.008007287979125977,38658.0
0.008007287979125977,38782.0
0.008007287979125977,38976.0
0.008007287979125977,38711.0
0.008007287979125977,38967.0
0.008007287979125977,39083.0
0.008007287979125977,38974.0
0.008007287979125977,39090.0
0.008007287979125977,38899.0
0.008007287979125977,39087.0
0.008007287979125977,39202.0
0.008007287979125977,39050.0
0.008007287979125977,39204.0
0.008007287979125977,39102.0
0.008007287979125977,38934.0
0.008007287979125977,39093.0
0.008007287979125977,38920.0
0.008007287979125977,38812.0
0.008007287979125977,38943.0
0.008007287979125977,39089.0
0.008007287979125977,39200.0
0.008007287979125977,39058.0
0.008007287979125977,39201.0
0.008007287979125977,39060.0
0.008007287979125977,38848.0
0.008007287979125977,38719.0
0.008007287979125977,38899.0
0.008007287979125977,39078.0
0.008007287979125977,39205.0
0.008007287979125977,38945.0
0.008007287979125977,39181.0
0.008007287979125977,39288.0
0.008007287979125977,39396.0
0.008007287979125977,39200.0
0.008007287979125977,39064.0
0.008007287979125977,39278.0
0.008007287979125977,39159.0
0.008007287979125977,39058.0
0.008007287979125977,38956.0
0.008007287979125977,39101.0
0.008007287979125977,38923.0
0.008007287979125977,38753.0
0.008007287979125977,38872.0
0.008007287979125977,39030.0
0.008007287979125977,39184.0
0.008007287979125977,39038.0
0.008007287979125977,39186.0
0.008007287979125977,38291.0
0.008007287979125977,38627.0
0.008007287979125977,39010.0
0.008007287979125977,39128.0
0.008007287979125977,39245.0
0.008007287979125977,39515.0
0.008007287979125977,39367.0
0.008007287979125977,39486.0
0.008007287979125977,39367.0
0.008007287979125977,38933.0
0.008007287979125977,38615.0
0.008007287979125977,38987.0
0.008007287979125977,39112.0
0.008007287979125977,39216.0
0.008007287979125977,39629.0
0.008007287979125977,39798.0
0.008007287979125977,39649.0
0.008007287979125977,39507.0
0.008007287979125977,39402.0
0.008007287979125977,39222.0
0.008007287979125977,39368.0
0.008007287979125977,39547.0
0.008007287979125977,39648.0
0.008007287979125977,39783.0
0.008007287979125977,39679.0
0.008007287979125977,39556.0
0.008007287979125977,39442.0
0.008007287979125977,39301.0
0.008007287979125977,38308.0
0.008007287979125977,38690.0
0.008007287979125977,39220.0
0.008007287979125977,39487.0
0.008007287979125977,39380.0
0.008007287979125977,39261.0
0.008007287979125977,39447.0
0.008007287979125977,39579.0
0.008007287979125977,39393.0
0.008007287979125977,39556.0
0.008007287979125977,39682.0
0.008007287979125977,39575.0
0.008007287979125977,39432.0
0.008007287979125977,39598.0
0.008007287979125977,39185.0
0.008007287979125977,39058.0
0.008007287979125977,39234.0
0.008007287979125977,39586.0
0.008007287979125977,39470.0
0.008007287979125977,39589.0
0.008007287979125977,39382.0
0.008007287979125977,39486.0
0.008007287979125977,39700.0
0.008007287979125977,39468.0
0.008007287979125977,39704.0
0.008007287979125977,39528.0
0.008007287979125977,38690.0
0.008007287979125977,39238.0
0.008007287979125977,39466.0
0.008007287979125977,39621.0
0.008007287979125977,39748.0
0.008007287979125977,39904.0
0.008007287979125977,40075.0
0.008007287979125977,40200.0
0.008007287979125977,40055.0
0.008007287979125977,40164.0
0.008007287979125977,40296.0
0.008007287979125977,40171.0
0.008007287979125977,40060.0
0.008007287979125977,39924.0
0.008007287979125977,40046.0
0.008007287979125977,40205.0
0.008007287979125977,39869.0
0.008007287979125977,40158.0
0.008007287979125977,40293.0
0.008007287979125977,40396.0
0.008007287979125977,40259.0
0.008007287979125977,40151.0
0.008007287979125977,40029.0
0.008007287979125977,40157.0
0.008007287979125977,40036.0
0.008007287979125977,39924.0
0.008007287979125977,40095.0
0.008007287979125977,39979.0
0.008007287979125977,40097.0
0.008007287979125977,39231.0
0.008007287979125977,39699.0
0.008007287979125977,40104.0
0.008007287979125977,40237.0
0.008007287979125977,40133.0
0.008007287979125977,39888.0
0.008007287979125977,40070.0
0.008007287979125977,40265.0
0.008007287979125977,40369.0
0.008007287979125977,40485.0
0.008007287979125977,40371.0
0.008007287979125977,40202.0
0.008007287979125977,40327.0
0.008007287979125977,40480.0
0.008007287979125977,40584.0
0.008007287979125977,40434.0
0.008007287979125977,40577.0
0.008007287979125977,40476.0
0.008007287979125977,40374.0
0.008007287979125977,40239.0
0.008007287979125977,40051.0
0.008007287979125977,40256.0
0.008007287979125977,40121.0
0.008007287979125977,40258.0
0.008007287979125977,40378.0
0.008007287979125977,40246.0
0.008007287979125977,40039.0
0.008007287979125977,39930.0
0.008007287979125977,40153.0
0.008007287979125977,40020.0
0.008007287979125977,40152.0
0.008007287979125977,40253.0
0.008007287979125977,40384.0
0.008007287979125977,40283.0
0.008007287979125977,40404.0
0.008007287979125977,40303.0
0.008007287979125977,40049.0
0.008007287979125977,40248.0
0.008007287979125977,40400.0
0.008007287979125977,40226.0
0.008007287979125977,40110.0
0.008007287979125977,40211.0
0.008007287979125977,40396.0
0.008007287979125977,39874.0
0.008007287979125977,39978.0
0.008007287979125977,40166.0
0.008007287979125977,40395.0
0.008007287979125977,40638.0
0.008007287979125977,40790.0
0.008007287979125977,40265.0
0.008007287979125977,40753.0
0.008007287979125977,40901.0
0.008007287979125977,41004.0
0.008007287979125977,40782.0
0.008007287979125977,40923.0
0.008007287979125977,41058.0
0.008007287979125977,41204.0
0.008007287979125977,40821.0
0.008007287979125977,41081.0
0.008007287979125977,41291.0
0.008007287979125977,41405.0
0.008007287979125977,41247.0
0.008007287979125977,41354.0
0.008007287979125977,41235.0
0.008007287979125977,41061.0
0.008007287979125977,41252.0
0.008007287979125977,41385.0
0.008007287979125977,41260.0
0.008007287979125977,41128.0
0.008007287979125977,41247.0
0.008007287979125977,41004.0
0.008007287979125977,41153.0
0.008007287979125977,41338.0
0.008007287979125977,41454.0
0.008007287979125977,41596.0
0.008007287979125977,41407.0
0.008007287979125977,41598.0
0.008007287979125977,41494.0
0.008007287979125977,41303.0
0.008007287979125977,41485.0
0.008007287979125977,41586.0
0.008007287979125977,41401.0
0.008007287979125977,41590.0
0.008007287979125977,41458.0
0.008007287979125977,41287.0
0.008007287979125977,41503.0
0.008007287979125977,41400.0
0.008007287979125977,41249.0
0.008007287979125977,41121.0
0.008007287979125977,41245.0
0.008007287979125977,41359.0
0.008007287979125977,41187.0
0.008007287979125977,41302.0
0.008007287979125977,41449.0
0.008007287979125977,41564.0
0.008007287979125977,41450.0
0.008007287979125977,41587.0
0.008007287979125977,41471.0
0.008007287979125977,41361.0
0.008007287979125977,41498.0
0.008007287979125977,41602.0
0.008007287979125977,41013.0
0.008007287979125977,41337.0
0.008007287979125977,41627.0
0.008007287979125977,41496.0
0.008007287979125977,41628.0
0.008007287979125977,41771.0
0.008007287979125977,41664.0
0.008007287979125977,41467.0
0.008007287979125977,41669.0
0.008007287979125977,41554.0
0.008007287979125977,41423.0
0.008007287979125977,41601.0
0.008007287979125977,41419.0
0.008007287979125977,41574.0
0.008007287979125977,41437.0
0.008007287979125977,41569.0
0.008007287979125977,41684.0
0.008007287979125977,41568.0
0.008007287979125977,41436.0
0.024013280868530273,41604.0
0.024013280868530273,41503.0
0.024013280868530273,41347.0
0.024013280868530273,40253.0
0.024013280868530273,41052.0
0.024013280868530273,41355.0
0.024013280868530273,41582.0
0.024013280868530273,41427.0
0.024013280868530273,41548.0
0.024013280868530273,41658.0
0.024013280868530273,41554.0
0.024013280868530273,41670.0
0.024013280868530273,41552.0
0.024013280868530273,41249.0
0.024013280868530273,41546.0
0.024013280868530273,41700.0
0.024013280868530273,41546.0
0.024013280868530273,41704.0
0.024013280868530273,41805.0
0.024013280868530273,41690.0
0.024013280868530273,41488.0
0.024013280868530273,41373.0
0.024013280868530273,41254.0
0.024013280868530273,41445.0
0.024013280868530273,41560.0
0.024013280868530273,41662.0
0.024013280868530273,41402.0
0.024013280868530273,41691.0
0.024013280868530273,41574.0
0.024013280868530273,41693.0
0.024013280868530273,41494.0
0.024013280868530273,41679.0
0.024013280868530273,41527.0
0.024013280868530273,41652.0
0.024013280868530273,41759.0
0.024013280868530273,41864.0
0.024013280868530273,41989.0
0.024013280868530273,41799.0
0.024013280868530273,41972.0
0.024013280868530273,42089.0
0.024013280868530273,41979.0
0.024013280868530273,41877.0
0.024013280868530273,41692.0
0.024013280868530273,41844.0
0.024013280868530273,41967.0
0.024013280868530273,41835.0
0.024013280868530273,41728.0
0.024013280868530273,41877.0
0.024013280868530273,41982.0
0.024013280868530273,41811.0
0.024013280868530273,41982.0
0.024013280868530273,42103.0
0.024013280868530273,41976.0
0.024013280868530273,42099.0
0.024013280868530273,41940.0
0.024013280868530273,41673.0
0.024013280868530273,41894.0
0.024013280868530273,41666.0
0.024013280868530273,41833.0
0.024013280868530273,41937.0
0.024013280868530273,42040.0
0.024013280868530273,42270.0
0.024013280868530273,42150.0
0.024013280868530273,41914.0
0.024013280868530273,42185.0
0.024013280868530273,42301.0
0.024013280868530273,42185.0
0.024013280868530273,42084.0
0.024013280868530273,41967.0
0.024013280868530273,41862.0
0.024013280868530273,42004.0
0.024013280868530273,42105.0
0.024013280868530273,41927.0
0.024013280868530273,42041.0
0.024013280868530273,41938.0
0.024013280868530273,41765.0
0.024013280868530273,41942.0
0.024013280868530273,42049.0
0.024013280868530273,42169.0
0.024013280868530273,42291.0
0.024013280868530273,41706.0
0.024013280868530273,42083.0
0.024013280868530273,42311.0
0.024013280868530273,42083.0
0.024013280868530273,42354.0
0.024013280868530273,42242.0
0.024013280868530273,42405.0
0.024013280868530273,42253.0
0.024013280868530273,42039.0
0.024013280868530273,42220.0
0.024013280868530273,42092.0
0.024013280868530273,42279.0
0.024013280868530273,42389.0
0.024013280868530273,42492.0
0.024013280868530273,42298.0
0.024013280868530273,42433.0
0.024013280868530273,42579.0
0.024013280868530273,42411.0
0.024013280868530273,42529.0
0.024013280868530273,42670.0
0.024013280868530273,42434.0
0.024013280868530273,42674.0
0.024013280868530273,42798.0
0.024013280868530273,42684.0
0.024013280868530273,42577.0
0.024013280868530273,42195.0
0.024013280868530273,42534.0
0.024013280868530273,42649.0
0.024013280868530273,42754.0
0.024013280868530273,42632.0
0.024013280868530273,42522.0
0.024013280868530273,42641.0
0.024013280868530273,42765.0
0.024013280868530273,42649.0
0.024013280868530273,42785.0
0.024013280868530273,42631.0
0.024013280868530273,42452.0
0.024013280868530273,42682.0
0.024013280868530273,42783.0
0.024013280868530273,42898.0
0.024013280868530273,42791.0
0.024013280868530273,42895.0
0.024013280868530273,42380.0
0.024013280868530273,42901.0
0.024013280868530273,42778.0
0.024013280868530273,42900.0
0.024013280868530273,42776.0
0.024013280868530273,42643.0
0.024013280868530273,42790.0
0.024013280868530273,42904.0
0.024013280868530273,42785.0
0.024013280868530273,42667.0
0.024013280868530273,42796.0
0.024013280868530273,42563.0
0.024013280868530273,42699.0
0.024013280868530273,42594.0
0.024013280868530273,42774.0
0.024013280868530273,41959.0
0.024013280868530273,42362.0
0.024013280868530273,42651.0
0.024013280868530273,42877.0
0.024013280868530273,43023.0
0.024013280868530273,42871.0
0.024013280868530273,42980.0
0.024013280868530273,43204.0
0.024013280868530273,43094.0
0.024013280868530273,42989.0
0.024013280868530273,42880.0
0.024013280868530273,42999.0
0.024013280868530273,42836.0
0.024013280868530273,42673.0
0.024013280868530273,42881.0
0.024013280868530273,42780.0
0.024013280868530273,42671.0
0.024013280868530273,42772.0
0.024013280868530273,42557.0
0.024013280868530273,42725.0
0.024013280868530273,42905.0
0.024013280868530273,42769.0
0.024013280868530273,42876.0
0.024013280868530273,42773.0
0.024013280868530273,42875.0
0.024013280868530273,42636.0
0.024013280868530273,42406.0
0.024013280868530273,42758.0
0.024013280868530273,42433.0
0.024013280868530273,42605.0
0.024013280868530273,42710.0
0.024013280868530273,42977.0
0.024013280868530273,42830.0
0.024013280868530273,42971.0
0.024013280868530273,42851.0
0.024013280868530273,42750.0
0.024013280868530273,42884.0
0.024013280868530273,42479.0
0.024013280868530273,42840.0
0.024013280868530273,42437.0
0.024013280868530273,42743.0
0.024013280868530273,42904.0
0.024013280868530273,43036.0
0.024013280868530273,42873.0
0.024013280868530273,43063.0
0.024013280868530273,42946.0
0.024013280868530273,43097.0
0.024013280868530273,42988.0
0.024013280868530273,42874.0
0.024013280868530273,42979.0
0.024013280868530273,42872.0
0.024013280868530273,42981.0
0.024013280868530273,43105.0
0.024013280868530273,42999.0
0.024013280868530273,42531.0
0.024013280868530273,42906.0
0.024013280868530273,43090.0
0.024013280868530273,42958.0
0.024013280868530273,42688.0
0.024013280868530273,42819.0
0.024013280868530273,43069.0
0.024013280868530273,43189.0
0.024013280868530273,42994.0
0.024013280868530273,43182.0
0.024013280868530273,43057.0
0.024013280868530273,43171.0
0.024013280868530273,43290.0
0.024013280868530273,43391.0
0.024013280868530273,43267.0
0.024013280868530273,43395.0
0.024013280868530273,43249.0
0.024013280868530273,43390.0
0.024013280868530273,43210.0
0.024013280868530273,43338.0
0.024013280868530273,43189.0
0.024013280868530273,43397.0
0.024013280868530273,43504.0
0.024013280868530273,43143.0
0.024013280868530273,43283.0
0.024013280868530273,43585.0
0.024013280868530273,43398.0
0.024013280868530273,43605.0
0.024013280868530273,43476.0
0.024013280868530273,43592.0
0.024013280868530273,43401.0
0.024013280868530273,43134.0
0.024013280868530273,43462.0
0.024013280868530273,43590.0
0.024013280868530273,43432.0
0.024013280868530273,43314.0
0.024013280868530273,43430.0
0.024013280868530273,43560.0
0.024013280868530273,43681.0
0.024013280868530273,43540.0
0.024013280868530273,43351.0
0.024013280868530273,43588.0
0.024013280868530273,43487.0
0.024013280868530273,43597.0
0.024013280868530273,43415.0
0.024013280868530273,43570.0
0.024013280868530273,43455.0
0.024013280868530273,43580.0
0.024013280868530273,43693.0
0.024013280868530273,43545.0
0.024013280868530273,43683.0
0.024013280868530273,43798.0
0.024013280868530273,43694.0
0.024013280868530273,43464.0
0.024013280868530273,43312.0
0.024013280868530273,43579.0
0.024013280868530273,43680.0
0.024013280868530273,43455.0
0.024013280868530273,43613.0
0.024013280868530273,43798.0
0.024013280868530273,43645.0
0.024013280868530273,43746.0
0.024013280868530273,43418.0
0.024013280868530273,43705.0
0.024013280868530273,43811.0
0.024013280868530273,43996.0
0.024013280868530273,43886.0
0.024013280868530273,43770.0
0.024013280868530273,43880.0
0.024013280868530273,43699.0
0.024013280868530273,43846.0
0.024013280868530273,43973.0
0.024013280868530273,44078.0
0.024013280868530273,43971.0
0.024013280868530273,43711.0
0.024013280868530273,43999.0
0.024013280868530273,43867.0
0.024013280868530273,43982.0
0.024013280868530273,43794.0
0.024013280868530273,43987.0
0.024013280868530273,43851.0
0.024013280868530273,43997.0
0.024013280868530273,43628.0
0.024013280868530273,43812.0
0.024013280868530273,44031.0
0.024013280868530273,44163.0
0.024013280868530273,44049.0
0.024013280868530273,44196.0
0.024013280868530273,44304.0
0.024013280868530273,44125.0
0.024013280868530273,44294.0
0.024013280868530273,44399.0
0.024013280868530273,44261.0
0.024013280868530273,43828.0
0.024013280868530273,44228.0
0.024013280868530273,44357.0
0.024013280868530273,44476.0
0.024013280868530273,44374.0
0.024013280868530273,44501.0
0.024013280868530273,44386.0
0.024013280868530273,44220.0
0.024013280868530273,44034.0
0.024013280868530273,44256.0
0.024013280868530273,44388.0
0.024013280868530273,44211.0
0.024013280868530273,44396.0
0.024013280868530273,44249.0
0.024013280868530273,44381.0
0.024013280868530273,44265.0
0.024013280868530273,44372.0
0.024013280868530273,44066.0
0.024013280868530273,44312.0
0.024013280868530273,44486.0
0.024013280868530273,44339.0
0.024013280868530273,44188.0
0.024013280868530273,44308.0
0.024013280868530273,44473.0
0.024013280868530273,44583.0
0.024013280868530273,44448.0
0.024013280868530273,44551.0
0.024013280868530273,44696.0
0.024013280868530273,44591.0
0.024013280868530273,44698.0
0.024013280868530273,44566.0
0.024013280868530273,44382.0
0.024013280868530273,44093.0
0.024013280868530273,44498.0
0.024013280868530273,44290.0
0.024013280868530273,44422.0
0.024013280868530273,44580.0
0.024013280868530273,44455.0
0.024013280868530273,44562.0
0.024013280868530273,44407.0
0.024013280868530273,44597.0
0.024013280868530273,44412.0
0.024013280868530273,44293.0
0.024013280868530273,44407.0
0.024013280868530273,44563.0
0.024013280868530273,44671.0
0.024013280868530273,44522.0
0.024013280868530273,44643.0
0.024013280868530273,44793.0
0.024013280868530273,44606.0
0.024013280868530273,44452.0
0.024013280868530273,44593.0
0.024013280868530273,44772.0
0.024013280868530273,44892.0
0.024013280868530273,44997.0
0.024013280868530273,44747.0
0.024013280868530273,44607.0
0.024013280868530273,44852.0
0.024013280868530273,44968.0
0.024013280868530273,44854.0
0.024013280868530273,44561.0
0.024013280868530273,44859.0
0.024013280868530273,44717.0
0.024013280868530273,44905.0
0.024013280868530273,44768.0
0.024013280868530273,44627.0
0.024013280868530273,44760.0
0.024013280868530273,44652.0
0.024013280868530273,44769.0
0.024013280868530273,44881.0
0.024013280868530273,44761.0
0.024013280868530273,44896.0
0.024013280868530273,44776.0
0.024013280868530273,44591.0
0.024013280868530273,44783.0
0.024013280868530273,44897.0
0.024013280868530273,44769.0
0.024013280868530273,44610.0
0.024013280868530273,44734.0
0.024013280868530273,44618.0
0.024013280868530273,44246.0
0.024013280868530273,44022.0
0.024013280868530273,44563.0
0.024013280868530273,44703.0
0.024013280868530273,44588.0
0.024013280868530273,44448.0
0.024013280868530273,44585.0
0.024013280868530273,44427.0
0.024013280868530273,44563.0
0.03964591026306152,44458.0
0.03964591026306152,44312.0
0.03964591026306152,44479.0
0.03964591026306152,44371.0
0.03964591026306152,44503.0
0.03964591026306152,44357.0
0.03964591026306152,44466.0
0.03964591026306152,44363.0
0.03964591026306152,44249.0
0.03964591026306152,44134.0
0.03964591026306152,44270.0
0.03964591026306152,44386.0
0.03964591026306152,44489.0
0.03964591026306152,44310.0
0.03964591026306152,44473.0
0.03964591026306152,44352.0
0.03964591026306152,44503.0
0.03964591026306152,44201.0
0.03964591026306152,44370.0
0.03964591026306152,44229.0
0.03964591026306152,44436.0
0.03964591026306152,44595.0
0.03964591026306152,44413.0
0.03964591026306152,44594.0
0.03964591026306152,44420.0
0.03964591026306152,44580.0
0.03964591026306152,44411.0
0.03964591026306152,44539.0
0.03964591026306152,44420.0
0.03964591026306152,44529.0
0.03964591026306152,44693.0
0.03964591026306152,44802.0
0.03964591026306152,44678.0
0.03964591026306152,44573.0
0.03964591026306152,44693.0
0.03964591026306152,44590.0
0.03964591026306152,44266.0
0.03964591026306152,44508.0
0.03964591026306152,44692.0
0.03964591026306152,44470.0
0.03964591026306152,44633.0
0.03964591026306152,44758.0
0.03964591026306152,44630.0
0.03964591026306152,44523.0
0.03964591026306152,44673.0
0.03964591026306152,44505.0
0.03964591026306152,44687.0
0.03964591026306152,44586.0
0.03964591026306152,44419.0
0.03964591026306152,44571.0
0.03964591026306152,44702.0
0.03964591026306152,44561.0
0.03964591026306152,44442.0
0.03964591026306152,44295.0
0.03964591026306152,44486.0
0.03964591026306152,44365.0
0.03964591026306152,44479.0
0.03964591026306152,44357.0
0.03964591026306152,44494.0
0.03964591026306152,44303.0
0.03964591026306152,44436.0
0.03964591026306152,44592.0
0.03964591026306152,44704.0
0.03964591026306152,44584.0
0.03964591026306152,44704.0
0.03964591026306152,44475.0
0.03964591026306152,44620.0
0.03964591026306152,44519.0
0.03964591026306152,44661.0
0.03964591026306152,44775.0
0.03964591026306152,44900.0
0.03964591026306152,44775.0
0.03964591026306152,44662.0
0.03964591026306152,44530.0
0.03964591026306152,44681.0
0.03964591026306152,44571.0
0.03964591026306152,44673.0
0.03964591026306152,44793.0
0.03964591026306152,44522.0
0.03964591026306152,44752.0
0.03964591026306152,44870.0
0.03964591026306152,44531.0
0.03964591026306152,44802.0
0.03964591026306152,44687.0
0.03964591026306152,44847.0
0.03964591026306152,44994.0
0.03964591026306152,44786.0
0.03964591026306152,44979.0
0.03964591026306152,44873.0
0.03964591026306152,44988.0
0.03964591026306152,45096.0
0.03964591026306152,44959.0
0.03964591026306152,45075.0
0.03964591026306152,44940.0
0.03964591026306152,45057.0
0.03964591026306152,44901.0
0.03964591026306152,44778.0
0.03964591026306152,44993.0
0.03964591026306152,44829.0
0.03964591026306152,44702.0
0.03964591026306152,44601.0
0.03964591026306152,44708.0
0.03964591026306152,44863.0
0.03964591026306152,44978.0
0.03964591026306152,44863.0
0.03964591026306152,44575.0
0.03964591026306152,44834.0
0.03964591026306152,44988.0
0.03964591026306152,45089.0
0.03964591026306152,44968.0
0.03964591026306152,44849.0
0.03964591026306152,44328.0
0.03964591026306152,44900.0
0.03964591026306152,44784.0
0.03964591026306152,44660.0
0.03964591026306152,44528.0
0.03964591026306152,44678.0
0.03964591026306152,44488.0
0.03964591026306152,44307.0
0.03964591026306152,44571.0
0.03964591026306152,44466.0
0.03964591026306152,44350.0
0.03964591026306152,44240.0
0.03964591026306152,44375.0
0.03964591026306152,44504.0
0.03964591026306152,44374.0
0.03964591026306152,44118.0
0.03964591026306152,44323.0
0.03964591026306152,44494.0
0.03964591026306152,44348.0
0.03964591026306152,44247.0
0.03964591026306152,44140.0
0.03964591026306152,44264.0
0.03964591026306152,44385.0
0.03964591026306152,44214.0
0.03964591026306152,44396.0
0.03964591026306152,44243.0
0.03964591026306152,44391.0
0.03964591026306152,44498.0
0.03964591026306152,44381.0
0.03964591026306152,44482.0
0.03964591026306152,44596.0
0.03964591026306152,44488.0
0.03964591026306152,44604.0
0.03964591026306152,44252.0
0.03964591026306152,44529.0
0.03964591026306152,44669.0
0.03964591026306152,44777.0
0.03964591026306152,44899.0
0.03964591026306152,44707.0
0.03964591026306152,44420.0
0.03964591026306152,44527.0
0.03964591026306152,44831.0
0.03964591026306152,44977.0
0.03964591026306152,45094.0
0.03964591026306152,44970.0
0.03964591026306152,45086.0
0.03964591026306152,44966.0
0.03964591026306152,44823.0
0.03964591026306152,44984.0
0.03964591026306152,45100.0
0.03964591026306152,44953.0
0.03964591026306152,45105.0
0.03964591026306152,44989.0
0.03964591026306152,44712.0
0.03964591026306152,44955.0
0.03964591026306152,45065.0
0.03964591026306152,45182.0
0.03964591026306152,45301.0
0.03964591026306152,45151.0
0.03964591026306152,45283.0
0.03964591026306152,45164.0
0.03964591026306152,45003.0
0.03964591026306152,45185.0
0.03964591026306152,45290.0
0.03964591026306152,45026.0
0.03964591026306152,44825.0
0.03964591026306152,44936.0
0.03964591026306152,45305.0
0.03964591026306152,44968.0
0.03964591026306152,45284.0
0.03964591026306152,45165.0
0.03964591026306152,45009.0
0.03964591026306152,45152.0
0.03964591026306152,45291.0
0.03964591026306152,45101.0
0.03964591026306152,45271.0
0.03964591026306152,45403.0
0.03964591026306152,45281.0
0.03964591026306152,45386.0
0.03964591026306152,45278.0
0.03964591026306152,45177.0
0.03964591026306152,45070.0
0.03964591026306152,44935.0
0.03964591026306152,45094.0
0.03964591026306152,44948.0
0.03964591026306152,45085.0
0.03964591026306152,44945.0
0.03964591026306152,45060.0
0.03964591026306152,45184.0
0.03964591026306152,45302.0
0.03964591026306152,45095.0
0.03964591026306152,45240.0
0.03964591026306152,45088.0
0.03964591026306152,45207.0
0.03964591026306152,45082.0
0.03964591026306152,45197.0
0.03964591026306152,45348.0
0.03964591026306152,45211.0
0.03964591026306152,45031.0
0.03964591026306152,45290.0
0.03964591026306152,45187.0
0.03964591026306152,44964.0
0.03964591026306152,45146.0
0.03964591026306152,45009.0
0.03964591026306152,45169.0
0.03964591026306152,44972.0
0.03964591026306152,44757.0
0.03964591026306152,44934.0
0.03964591026306152,45083.0
0.03964591026306152,45236.0
0.03964591026306152,45367.0
0.03964591026306152,45234.0
0.03964591026306152,45048.0
0.03964591026306152,45274.0
0.03964591026306152,45126.0
0.03964591026306152,45269.0
0.03964591026306152,45386.0
0.03964591026306152,45502.0
0.03964591026306152,45295.0
0.03964591026306152,45466.0
0.03964591026306152,45567.0
0.03964591026306152,45702.0
0.03964591026306152,45803.0
0.03964591026306152,45682.0
0.03964591026306152,45801.0
0.03964591026306152,45662.0
0.03964591026306152,45778.0
0.03964591026306152,45662.0
0.03964591026306152,45372.0
0.03964591026306152,45538.0
0.03964591026306152,45697.0
0.03964591026306152,45896.0
0.03964591026306152,45792.0
0.03964591026306152,45632.0
0.03964591026306152,45790.0
0.03964591026306152,45893.0
0.03964591026306152,45766.0
0.03964591026306152,45582.0
0.03964591026306152,45766.0
0.03964591026306152,45640.0
0.03964591026306152,45781.0
0.03964591026306152,45656.0
0.03964591026306152,45535.0
0.03964591026306152,45403.0
0.05526471138000488,45505.0
0.05526471138000488,45392.0
0.05526471138000488,45543.0
0.05526471138000488,45665.0
0.05526471138000488,45495.0
0.05526471138000488,45659.0
0.05526471138000488,45551.0
0.05526471138000488,45700.0
0.05526471138000488,45518.0
0.05526471138000488,45700.0
0.05526471138000488,45804.0
0.05526471138000488,45533.0
0.05526471138000488,45409.0
0.05526471138000488,45677.0
0.05526471138000488,45570.0
0.05526471138000488,45377.0
0.05526471138000488,45602.0
0.05526471138000488,45376.0
0.05526471138000488,45079.0
0.05526471138000488,45209.0
0.05526471138000488,45319.0
0.05526471138000488,45627.0
0.05526471138000488,45790.0
0.05526471138000488,45898.0
0.05526471138000488,45796.0
0.05526471138000488,45625.0
0.05526471138000488,45506.0
0.05526471138000488,45646.0
0.05526471138000488,45795.0
0.05526471138000488,45640.0
0.05526471138000488,45288.0
0.05526471138000488,45443.0
0.05526471138000488,45654.0
0.05526471138000488,45809.0
0.05526471138000488,45975.0
0.05526471138000488,46091.0
0.05526471138000488,45988.0
0.05526471138000488,45854.0
0.05526471138000488,45970.0
0.05526471138000488,45860.0
0.05526471138000488,45997.0
0.05526471138000488,45872.0
0.05526471138000488,45980.0
0.05526471138000488,45864.0
0.05526471138000488,45989.0
0.05526471138000488,45884.0
0.05526471138000488,46005.0
0.05526471138000488,45836.0
0.05526471138000488,45949.0
0.05526471138000488,45835.0
0.05526471138000488,45726.0
0.05526471138000488,45614.0
0.05526471138000488,45448.0
0.05526471138000488,45645.0
0.05526471138000488,45521.0
0.05526471138000488,45379.0
0.05526471138000488,45584.0
0.05526471138000488,45698.0
0.05526471138000488,45569.0
0.05526471138000488,45410.0
0.05526471138000488,45306.0
0.05526471138000488,45470.0
0.05526471138000488,45315.0
0.05526471138000488,45471.0
0.05526471138000488,45604.0
0.05526471138000488,45427.0
0.05526471138000488,45569.0
0.05526471138000488,45410.0
0.05526471138000488,45596.0
0.05526471138000488,45699.0
0.05526471138000488,45584.0
0.05526471138000488,45424.0
0.05526471138000488,45061.0
0.05526471138000488,45422.0
0.05526471138000488,45557.0
0.05526471138000488,45680.0
0.05526471138000488,45530.0
0.05526471138000488,45676.0
0.05526471138000488,45557.0
0.05526471138000488,45695.0
0.05526471138000488,45481.0
0.05526471138000488,45702.0
0.05526471138000488,45586.0
0.05526471138000488,45428.0
0.05526471138000488,45278.0
0.05526471138000488,45433.0
0.05526471138000488,45582.0
0.05526471138000488,45410.0
0.05526471138000488,45294.0
0.05526471138000488,45472.0
0.05526471138000488,45364.0
0.05526471138000488,45255.0
0.05526471138000488,45376.0
0.05526471138000488,45495.0
0.05526471138000488,45381.0
0.05526471138000488,45489.0
0.05526471138000488,45605.0
0.05526471138000488,45489.0
0.05526471138000488,45603.0
0.05526471138000488,45486.0
0.05526471138000488,45300.0
0.05526471138000488,45425.0
0.05526471138000488,45535.0
0.05526471138000488,45696.0
0.05526471138000488,45514.0
0.05526471138000488,45680.0
0.05526471138000488,45799.0
0.05526471138000488,45592.0
0.05526471138000488,45759.0
0.05526471138000488,45883.0
0.05526471138000488,45999.0
0.05526471138000488,45884.0
0.05526471138000488,45780.0
0.05526471138000488,45623.0
0.05526471138000488,45364.0
0.05526471138000488,45661.0
0.05526471138000488,45805.0
0.05526471138000488,45652.0
0.05526471138000488,45535.0
0.05526471138000488,45324.0
0.05526471138000488,45553.0
0.05526471138000488,45446.0
0.05526471138000488,45570.0
0.05526471138000488,45462.0
0.05526471138000488,45585.0
0.05526471138000488,45429.0
0.05526471138000488,45580.0
0.05526471138000488,45683.0
0.05526471138000488,45802.0
0.05526471138000488,45666.0
0.05526471138000488,45788.0
0.05526471138000488,45898.0
0.05526471138000488,45756.0
0.05526471138000488,45632.0
0.05526471138000488,45774.0
0.05526471138000488,45649.0
0.05526471138000488,45801.0
0.05526471138000488,45670.0
0.05526471138000488,45515.0
0.05526471138000488,45666.0
0.05526471138000488,45771.0
0.05526471138000488,45656.0
0.05526471138000488,45781.0
0.05526471138000488,45902.0
0.05526471138000488,45783.0
0.05526471138000488,45885.0
0.05526471138000488,45986.0
0.05526471138000488,46101.0
0.05526471138000488,45987.0
0.05526471138000488,45870.0
0.05526471138000488,45997.0
0.05526471138000488,46102.0
0.05526471138000488,45875.0
0.05526471138000488,45726.0
0.05526471138000488,46003.0
0.05526471138000488,45883.0
0.05526471138000488,45740.0
0.05526471138000488,45863.0
0.05526471138000488,45990.0
0.05526471138000488,46097.0
0.05526471138000488,45945.0
0.05526471138000488,46069.0
0.05526471138000488,45953.0
0.05526471138000488,45798.0
0.05526471138000488,45942.0
0.05526471138000488,46089.0
0.05526471138000488,45970.0
0.05526471138000488,45799.0
0.05526471138000488,45979.0
0.05526471138000488,46098.0
0.05526471138000488,45947.0
0.05526471138000488,46100.0
0.05526471138000488,45823.0
0.05526471138000488,45946.0
0.05526471138000488,46158.0
0.05526471138000488,45942.0
0.05526471138000488,46115.0
0.05526471138000488,46292.0
0.05526471138000488,46176.0
0.05526471138000488,46055.0
0.05526471138000488,46197.0
0.05526471138000488,46046.0
0.05526471138000488,46183.0
0.05526471138000488,46082.0
0.05526471138000488,46201.0
0.05526471138000488,46010.0
0.05526471138000488,46157.0
0.05526471138000488,45979.0
0.05526471138000488,46159.0
0.05526471138000488,46043.0
0.05526471138000488,46202.0
0.05526471138000488,46043.0
0.05526471138000488,46173.0
0.05526471138000488,46054.0
0.05526471138000488,45936.0
0.05526471138000488,45782.0
0.05526471138000488,45961.0
0.05526471138000488,46077.0
0.05526471138000488,46193.0
0.05526471138000488,46044.0
0.05526471138000488,45943.0
0.05526471138000488,46080.0
0.05526471138000488,45964.0
0.05526471138000488,46074.0
0.05526471138000488,46190.0
0.05526471138000488,46058.0
0.05526471138000488,45935.0
0.05526471138000488,46103.0
0.05526471138000488,45992.0
0.05526471138000488,45869.0
0.05526471138000488,45984.0
0.05526471138000488,45859.0
0.05526471138000488,45970.0
0.05526471138000488,45855.0
0.05526471138000488,45732.0
0.05526471138000488,45855.0
0.05526471138000488,45740.0
0.07128310203552246,45858.0
0.07128310203552246,45959.0
0.07128310203552246,45832.0
0.07128310203552246,45681.0
0.07128310203552246,45893.0
0.07128310203552246,45994.0
0.07128310203552246,45797.0
0.07128310203552246,45998.0
0.07128310203552246,45876.0
0.07128310203552246,45657.0
0.07128310203552246,45881.0
0.07128310203552246,45739.0
0.07128310203552246,45889.0
0.07128310203552246,45745.0
0.07128310203552246,45854.0
0.07128310203552246,45981.0
0.07128310203552246,45859.0
0.07128310203552246,45984.0
0.07128310203552246,46100.0
0.07128310203552246,45999.0
0.07128310203552246,45894.0
0.07128310203552246,45747.0
0.07128310203552246,45876.0
0.07128310203552246,45997.0
0.07128310203552246,45834.0
0.07128310203552246,46004.0
0.07128310203552246,45889.0
0.07128310203552246,46003.0
0.07128310203552246,45876.0
0.07128310203552246,45699.0
0.07128310203552246,45846.0
0.07128310203552246,45666.0
0.07128310203552246,45852.0
0.07128310203552246,45977.0
0.07128310203552246,45844.0
0.07128310203552246,45989.0
0.07128310203552246,45885.0
0.07128310203552246,46002.0
0.07128310203552246,45895.0
0.07128310203552246,45709.0
0.07128310203552246,45813.0
0.07128310203552246,45916.0
0.07128310203552246,46077.0
0.07128310203552246,45947.0
0.07128310203552246,46072.0
0.07128310203552246,45914.0
0.07128310203552246,46100.0
0.07128310203552246,46202.0
0.07128310203552246,46095.0
0.07128310203552246,45978.0
0.07128310203552246,45845.0
0.07128310203552246,45729.0
0.07128310203552246,45608.0
0.07128310203552246,45759.0
0.07128310203552246,45905.0
0.07128310203552246,45789.0
0.07128310203552246,45584.0
0.07128310203552246,45737.0
0.07128310203552246,45853.0
0.07128310203552246,45993.0
0.07128310203552246,45848.0
0.07128310203552246,45998.0
0.07128310203552246,45852.0
0.07128310203552246,45957.0
0.07128310203552246,46104.0
0.07128310203552246,46205.0
0.07128310203552246,46095.0
0.07128310203552246,45787.0
0.07128310203552246,45978.0
0.07128310203552246,46163.0
0.07128310203552246,46297.0
0.07128310203552246,46153.0
0.07128310203552246,46026.0
0.07128310203552246,46177.0
0.07128310203552246,46037.0
0.07128310203552246,45929.0
0.07128310203552246,46079.0
0.07128310203552246,46202.0
0.07128310203552246,46041.0
0.07128310203552246,45859.0
0.07128310203552246,45978.0
0.07128310203552246,46110.0
0.07128310203552246,46259.0
0.07128310203552246,46404.0
0.07128310203552246,46505.0
0.07128310203552246,46342.0
0.07128310203552246,46468.0
0.07128310203552246,46367.0
0.07128310203552246,46258.0
0.07128310203552246,46398.0
0.07128310203552246,46261.0
0.07128310203552246,46403.0
0.07128310203552246,46261.0
0.07128310203552246,46371.0
0.07128310203552246,46479.0
0.07128310203552246,46583.0
0.07128310203552246,46395.0
0.07128310203552246,46572.0
0.07128310203552246,46705.0
0.07128310203552246,46556.0
0.07128310203552246,46666.0
0.07128310203552246,46513.0
0.07128310203552246,46643.0
0.07128310203552246,46524.0
0.07128310203552246,46646.0
0.07128310203552246,46794.0
0.07128310203552246,46678.0
0.07128310203552246,46535.0
0.07128310203552246,46314.0
0.07128310203552246,46504.0
0.07128310203552246,46638.0
0.07128310203552246,46790.0
0.07128310203552246,46685.0
0.07128310203552246,46792.0
0.07128310203552246,46657.0
0.07128310203552246,46526.0
0.07128310203552246,46690.0
0.07128310203552246,46574.0
0.07128310203552246,46682.0
0.07128310203552246,46798.0
0.07128310203552246,46667.0
0.07128310203552246,46792.0
0.07128310203552246,46651.0
0.07128310203552246,46541.0
0.07128310203552246,46677.0
0.07128310203552246,46786.0
0.07128310203552246,46894.0
0.07128310203552246,46998.0
0.07128310203552246,46866.0
0.07128310203552246,46981.0
0.07128310203552246,46880.0
0.07128310203552246,46990.0
0.07128310203552246,47104.0
0.07128310203552246,46899.0
0.07128310203552246,47048.0
0.07128310203552246,47165.0
0.07128310203552246,46941.0
0.07128310203552246,47068.0
0.07128310203552246,47218.0
0.07128310203552246,47339.0
0.07128310203552246,47465.0
0.07128310203552246,47356.0
0.07128310203552246,47238.0
0.07128310203552246,47357.0
0.07128310203552246,47250.0
0.07128310203552246,47391.0
0.07128310203552246,47277.0
0.07128310203552246,47161.0
0.07128310203552246,47283.0
0.07128310203552246,47104.0
0.07128310203552246,47237.0
0.07128310203552246,47090.0
0.07128310203552246,47287.0
0.07128310203552246,47394.0
0.07128310203552246,47289.0
0.07128310203552246,47394.0
0.07128310203552246,47209.0
0.07128310203552246,47350.0
0.07128310203552246,47493.0
0.07128310203552246,47383.0
0.07128310203552246,47222.0
0.07128310203552246,47404.0
0.07128310203552246,47271.0
0.07128310203552246,47139.0
0.07128310203552246,47252.0
0.07128310203552246,47396.0
0.07128310203552246,47281.0
0.07128310203552246,47401.0
0.07128310203552246,47294.0
0.07128310203552246,47403.0
0.07128310203552246,47135.0
0.07128310203552246,47344.0
0.07128310203552246,47449.0
0.07128310203552246,47563.0
0.07128310203552246,47694.0
0.07128310203552246,47512.0
0.07128310203552246,47693.0
0.08730769157409668,47481.0
0.08730769157409668,47596.0
0.08730769157409668,47774.0
0.08730769157409668,47621.0
0.08730769157409668,47781.0
0.08730769157409668,47639.0
0.08730769157409668,47525.0
0.08730769157409668,47697.0
0.08730769157409668,47550.0
0.08730769157409668,47665.0
0.08730769157409668,47483.0
0.08730769157409668,47699.0
0.08730769157409668,47584.0
0.08730769157409668,47700.0
0.08730769157409668,47568.0
0.08730769157409668,47701.0
0.08730769157409668,47598.0
0.08730769157409668,47461.0
0.08730769157409668,47603.0
0.08730769157409668,47453.0
0.08730769157409668,47337.0
0.08730769157409668,47451.0
0.08730769157409668,47327.0
0.08730769157409668,47476.0
0.08730769157409668,47595.0
0.08730769157409668,47427.0
0.08730769157409668,47588.0
0.08730769157409668,47704.0
0.08730769157409668,47588.0
0.08730769157409668,47480.0
0.08730769157409668,47333.0
0.08730769157409668,47231.0
0.08730769157409668,47387.0
0.08730769157409668,47259.0
0.08730769157409668,47046.0
0.08730769157409668,47232.0
0.08730769157409668,47403.0
0.08730769157409668,47268.0
0.08730769157409668,47375.0
0.08730769157409668,47198.0
0.08730769157409668,47397.0
0.08730769157409668,47292.0
0.08730769157409668,47147.0
0.08730769157409668,47302.0
0.08730769157409668,47135.0
0.08730769157409668,46910.0
0.08730769157409668,47047.0
0.08730769157409668,47194.0
0.08730769157409668,47329.0
0.08730769157409668,47430.0
0.08730769157409668,47565.0
0.08730769157409668,47695.0
0.08730769157409668,47588.0
0.08730769157409668,47479.0
0.08730769157409668,47595.0
0.08730769157409668,47490.0
0.08730769157409668,47605.0
0.08730769157409668,47464.0
0.08730769157409668,47567.0
0.08730769157409668,47698.0
0.08730769157409668,47582.0
0.08730769157409668,47698.0
0.08730769157409668,47595.0
0.08730769157409668,47702.0
0.08730769157409668,47582.0
0.08730769157409668,47698.0
0.08730769157409668,47800.0
0.08730769157409668,47636.0
0.08730769157409668,47769.0
0.08730769157409668,47878.0
0.08730769157409668,47728.0
0.08730769157409668,47883.0
0.10027623176574707,47991.0
0.10027623176574707,48094.0
0.10027623176574707,47980.0
0.10027623176574707,47879.0
0.10027623176574707,47757.0
0.10027623176574707,47647.0
0.10027623176574707,47752.0
0.10027623176574707,47889.0
0.10027623176574707,48005.0
0.10027623176574707,47883.0
0.10027623176574707,48000.0
0.10027623176574707,47855.0
0.10027623176574707,47738.0
0.10027623176574707,47898.0
0.10027623176574707,47783.0
0.10027623176574707,47670.0
0.10027623176574707,47789.0
0.10027623176574707,47898.0
0.10027623176574707,47765.0
0.10027623176574707,47898.0
0.10027623176574707,47742.0
0.10027623176574707,47870.0
0.10027623176574707,47980.0
0.10027623176574707,48085.0
0.10027623176574707,48205.0
0.10027623176574707,48015.0
0.10027623176574707,48173.0
0.10027623176574707,48280.0
0.10329556465148926,48034.0
0.10329556465148926,48180.0
0.10329556465148926,48351.0
0.10329556465148926,48235.0
0.10329556465148926,48403.0
0.10329556465148926,48298.0
0.10329556465148926,48405.0
0.10329556465148926,48206.0
0.10329556465148926,48368.0
0.10329556465148926,48208.0
0.10329556465148926,48405.0
0.10329556465148926,48245.0
0.10329556465148926,48397.0
0.10329556465148926,48266.0
0.10329556465148926,48381.0
0.10329556465148926,48501.0
0.10329556465148926,48339.0
0.10329556465148926,48504.0
0.10329556465148926,48402.0
0.10329556465148926,48253.0
0.10329556465148926,48116.0
0.10329556465148926,48287.0
0.10329556465148926,48402.0
0.10329556465148926,48503.0
0.10329556465148926,48386.0
0.10329556465148926,48502.0
0.10329556465148926,48365.0
0.10329556465148926,48472.0
0.10329556465148926,48604.0
0.10329556465148926,48467.0
0.10329556465148926,48350.0
0.10329556465148926,48208.0
0.10329556465148926,48332.0
0.10329556465148926,48449.0
0.10329556465148926,48589.0
0.10329556465148926,48702.0
0.10329556465148926,48601.0
0.10329556465148926,48460.0
0.10329556465148926,48583.0
0.10329556465148926,48688.0
0.10329556465148926,48539.0
0.10329556465148926,48670.0
0.10329556465148926,48805.0
0.10329556465148926,48696.0
0.10329556465148926,48797.0
0.10329556465148926,48687.0
0.10329556465148926,48586.0
0.10329556465148926,48457.0
0.10329556465148926,48563.0
0.10329556465148926,48685.0
0.10329556465148926,48802.0
0.10329556465148926,48677.0
0.10329556465148926,48805.0
0.10329556465148926,48641.0
0.10329556465148926,48797.0
0.10329556465148926,48678.0
0.10329556465148926,48571.0
0.10329556465148926,48455.0
0.10329556465148926,48605.0
0.10329556465148926,48500.0
0.10329556465148926,48374.0
0.11913824081420898,48489.0
0.11913824081420898,48605.0
0.11913824081420898,48502.0
0.11913824081420898,48392.0
0.11913824081420898,48501.0
0.11913824081420898,48349.0
0.11913824081420898,48493.0
0.11913824081420898,48355.0
0.11913824081420898,48491.0
0.11913824081420898,48376.0
0.11913824081420898,48478.0
0.11913824081420898,48322.0
0.11913824081420898,48457.0
0.11913824081420898,48329.0
0.11913824081420898,48474.0
0.11913824081420898,48596.0
0.12660932540893555,48697.0
0.12660932540893555,48572.0
0.12660932540893555,48453.0
0.12660932540893555,48578.0
0.12660932540893555,48394.0
0.12660932540893555,48575.0
0.12660932540893555,48456.0
0.12660932540893555,48583.0
0.12660932540893555,48700.0
0.12660932540893555,48598.0
0.12660932540893555,48473.0
0.12660932540893555,48605.0
0.13511419296264648,48489.0
0.13511419296264648,48604.0
0.13511419296264648,48491.0
0.13511419296264648,48605.0
0.13511419296264648,48493.0
0.13511419296264648,48602.0
0.13511419296264648,48704.0
0.13511419296264648,48596.0
0.13511419296264648,48701.0
0.13511419296264648,48805.0
0.13511419296264648,48700.0
0.13511419296264648,48597.0
0.13511419296264648,48700.0
0.13511419296264648,48801.0
0.15073943138122559,48685.0
0.15073943138122559,48804.0
0.16636300086975098,48701.0
0.16636300086975098,48804.0
