0.0,59518.0
0.0,59280.0
0.0,59505.0
0.0,58831.0
0.0,59029.0
0.0,59220.0
0.0,59581.0
0.0,59690.0
0.0,59839.0
0.0,59960.0
0.0,60061.0
0.0,60214.0
0.0,60315.0
0.0,60118.0
0.0,60282.0
0.0,59760.0
0.0,59887.0
0.0,60319.0
0.0,60459.0
0.0,60598.0
0.0,60356.0
0.0,60481.0
0.0,60632.0
0.0,60775.0
0.0,60894.0
0.0,61018.0
0.0,60379.0
0.0,60521.0
0.0,60966.0
0.0,61076.0
0.0,61296.0
0.0,61399.0
0.0,61270.0
0.0,61169.0
0.0,61271.0
0.0,61392.0
0.0,61511.0
0.0,61289.0
0.0,61412.0
0.0,61590.0
0.0,61714.0
0.0,61815.0
0.0,61230.0
0.0,61375.0
0.0,61680.0
0.0,61972.0
0.0,62109.0
0.0,61813.0
0.0,62050.0
0.0,62182.0
0.0,62292.0
0.0,62412.0
0.0,62167.0
0.0,62352.0
0.0,62509.0
0.0,62352.0
0.0,62479.0
0.009009838104248047,62606.0
0.009009838104248047,62711.0
0.009009838104248047,62812.0
0.009009838104248047,62916.0
0.010343551635742188,62694.0
0.010343551635742188,62803.0
0.010343551635742188,62957.0
0.010343551635742188,63081.0
0.010343551635742188,63193.0
0.011569976806640625,63305.0
0.011569976806640625,63186.0
0.011569976806640625,63301.0
0.011569976806640625,62327.0
0.011569976806640625,62612.0
0.011569976806640625,62924.0
0.011569976806640625,63324.0
0.011569976806640625,63452.0
0.011569976806640625,63671.0
0.011569976806640625,63813.0
0.011569976806640625,63381.0
0.011569976806640625,63664.0
0.011569976806640625,63812.0
0.011569976806640625,63987.0
0.011569976806640625,64110.0
0.011569976806640625,64215.0
0.011569976806640625,63270.0
0.011569976806640625,63982.0
0.011569976806640625,64246.0
0.011569976806640625,64103.0
0.011569976806640625,63979.0
0.011569976806640625,64189.0
0.011569976806640625,64308.0
0.011569976806640625,64417.0
0.011569976806640625,64134.0
0.011569976806640625,64254.0
0.011569976806640625,64518.0
0.011569976806640625,64414.0
0.011569976806640625,64207.0
0.011569976806640625,64389.0
0.011569976806640625,64503.0
0.011569976806640625,64615.0
0.015577554702758789,63641.0
0.015577554702758789,64219.0
0.015577554702758789,64361.0
0.015577554702758789,64494.0
0.015577554702758789,64737.0
0.015577554702758789,64986.0
0.015577554702758789,65091.0
0.015577554702758789,65202.0
0.015577554702758789,65100.0
0.015577554702758789,64333.0
0.015577554702758789,65010.0
0.015577554702758789,65218.0
0.015577554702758789,65319.0
0.015577554702758789,65111.0
0.015577554702758789,65273.0
0.015577554702758789,65402.0
0.015577554702758789,65249.0
0.015577554702758789,65413.0
0.015577554702758789,65284.0
0.015577554702758789,65173.0
0.015577554702758789,65279.0
0.015577554702758789,65151.0
0.015577554702758789,65275.0
0.015577554702758789,65412.0
0.015577554702758789,65298.0
0.015577554702758789,65174.0
0.015577554702758789,65303.0
0.015577554702758789,65414.0
0.015577554702758789,64827.0
0.015577554702758789,65336.0
0.015577554702758789,65511.0
0.015577554702758789,65612.0
0.015577554702758789,65235.0
0.015577554702758789,65391.0
0.015577554702758789,65619.0
0.015577554702758789,65750.0
0.015577554702758789,65868.0
0.015577554702758789,65969.0
0.015577554702758789,66118.0
0.015577554702758789,66011.0
0.015577554702758789,65863.0
0.015577554702758789,65997.0
0.015577554702758789,66111.0
0.015577554702758789,65978.0
0.015577554702758789,66094.0
0.015577554702758789,66199.0
0.015577554702758789,66302.0
0.015577554702758789,66418.0
0.015577554702758789,66281.0
0.015577554702758789,66409.0
0.015577554702758789,66117.0
0.015577554702758789,66300.0
0.015577554702758789,66509.0
0.015577554702758789,66616.0
0.015577554702758789,66505.0
0.015577554702758789,66608.0
0.015577554702758789,66709.0
0.015577554702758789,66811.0
0.015577554702758789,65939.0
0.015577554702758789,66123.0
0.015577554702758789,66407.0
0.015577554702758789,66763.0
0.015577554702758789,66915.0
0.015577554702758789,67016.0
0.015577554702758789,67232.0
0.015577554702758789,67376.0
0.015577554702758789,67511.0
0.015577554702758789,67616.0
0.015577554702758789,67513.0
0.015577554702758789,67619.0
0.015577554702758789,67271.0
0.015577554702758789,67417.0
0.015577554702758789,67581.0
0.015577554702758789,67794.0
0.015577554702758789,67663.0
0.015577554702758789,67779.0
0.015577554702758789,67912.0
0.015577554702758789,68015.0
0.015577554702758789,67914.0
0.015577554702758789,67752.0
0.015577554702758789,67887.0
0.015577554702758789,67994.0
0.015577554702758789,68110.0
0.015577554702758789,67754.0
0.015577554702758789,67996.0
0.015577554702758789,68210.0
0.015577554702758789,68312.0
0.015577554702758789,68193.0
0.015577554702758789,67329.0
0.015577554702758789,67579.0
0.015577554702758789,67701.0
0.015577554702758789,68163.0
0.015577554702758789,68501.0
0.015577554702758789,68291.0
0.015577554702758789,68464.0
0.015577554702758789,68608.0
0.015577554702758789,68182.0
0.015577554702758789,68573.0
0.015577554702758789,68710.0
0.015577554702758789,68818.0
0.015577554702758789,68702.0
0.015577554702758789,68816.0
0.015577554702758789,68622.0
0.015577554702758789,68447.0
0.015577554702758789,68641.0
0.015577554702758789,68792.0
0.015577554702758789,68652.0
0.015577554702758789,68802.0
0.015577554702758789,68909.0
0.015577554702758789,68700.0
0.015577554702758789,68818.0
0.015577554702758789,68581.0
0.015577554702758789,68872.0
0.015577554702758789,68991.0
0.015577554702758789,69110.0
0.015577554702758789,68013.0
0.015577554702758789,69092.0
0.015577554702758789,69212.0
0.015577554702758789,69313.0
0.015577554702758789,69194.0
0.015577554702758789,69299.0
0.015577554702758789,69403.0
0.015577554702758789,68816.0
0.015577554702758789,69280.0
0.015577554702758789,69489.0
0.015577554702758789,69590.0
0.015577554702758789,69489.0
0.015577554702758789,69340.0
0.015577554702758789,69149.0
0.015577554702758789,69407.0
0.015577554702758789,69122.0
0.015577554702758789,69409.0
0.015577554702758789,69514.0
0.015577554702758789,68802.0
0.015577554702758789,69029.0
0.015577554702758789,69457.0
0.015577554702758789,69352.0
0.015577554702758789,69588.0
0.015577554702758789,69690.0
0.015577554702758789,69792.0
0.015577554702758789,69895.0
0.015577554702758789,69781.0
0.015577554702758789,69887.0
0.015577554702758789,69991.0
0.015577554702758789,70118.0
0.015577554702758789,69899.0
0.015577554702758789,70100.0
0.015577554702758789,70204.0
0.025810718536376953,70305.0
0.025810718536376953,69661.0
0.025810718536376953,69929.0
0.025810718536376953,70374.0
0.025810718536376953,70485.0
0.025810718536376953,70269.0
0.025810718536376953,70388.0
0.025810718536376953,70511.0
0.025810718536376953,70693.0
0.025810718536376953,70573.0
0.025810718536376953,70702.0
0.025810718536376953,70556.0
0.025810718536376953,70716.0
0.025810718536376953,70534.0
0.025810718536376953,70707.0
0.026819229125976562,70534.0
0.026819229125976562,70673.0
0.026819229125976562,70571.0
0.026819229125976562,70687.0
0.026819229125976562,70567.0
0.026819229125976562,70711.0
0.026819229125976562,70526.0
0.026819229125976562,70360.0
0.026819229125976562,70569.0
0.026819229125976562,70683.0
0.026819229125976562,70812.0
0.026819229125976562,70915.0
0.026819229125976562,71017.0
0.026819229125976562,70880.0
0.026819229125976562,71016.0
0.026819229125976562,70897.0
0.026819229125976562,70998.0
0.026819229125976562,70489.0
0.026819229125976562,70887.0
0.026819229125976562,71099.0
0.026819229125976562,71219.0
0.026819229125976562,70176.0
0.026819229125976562,70813.0
0.026819229125976562,71211.0
0.026819229125976562,71106.0
0.026819229125976562,71241.0
0.026819229125976562,71344.0
0.026819229125976562,71467.0
0.026819229125976562,71352.0
0.026819229125976562,71482.0
0.026819229125976562,71598.0
0.026819229125976562,71714.0
0.026819229125976562,71560.0
0.026819229125976562,71688.0
0.026819229125976562,71793.0
0.026819229125976562,71908.0
0.026819229125976562,72016.0
0.026819229125976562,71908.0
0.026819229125976562,72012.0
0.026819229125976562,71164.0
0.026819229125976562,71879.0
0.026819229125976562,72034.0
0.026819229125976562,71900.0
0.026819229125976562,71795.0
0.026819229125976562,72016.0
0.026819229125976562,71889.0
0.026819229125976562,71787.0
0.026819229125976562,71905.0
0.026819229125976562,72006.0
0.026819229125976562,71894.0
0.026819229125976562,71780.0
0.026819229125976562,71894.0
0.026819229125976562,72010.0
0.026819229125976562,71880.0
0.026819229125976562,72011.0
0.026819229125976562,71612.0
0.026819229125976562,71934.0
0.026819229125976562,72116.0
0.026819229125976562,71933.0
0.026819229125976562,71781.0
0.026819229125976562,71917.0
0.026819229125976562,72075.0
0.026819229125976562,72207.0
0.026819229125976562,72098.0
0.026819229125976562,72211.0
0.026819229125976562,72317.0
0.026819229125976562,72190.0
0.031325340270996094,72294.0
0.031325340270996094,71849.0
0.031325340270996094,72079.0
0.031325340270996094,72251.0
0.031325340270996094,72503.0
0.031325340270996094,72397.0
0.031325340270996094,72517.0
0.031325340270996094,72126.0
0.031325340270996094,72453.0
0.031325340270996094,72595.0
0.031325340270996094,72705.0
0.031325340270996094,72566.0
0.031325340270996094,72682.0
0.031325340270996094,72815.0
0.031325340270996094,72673.0
0.031325340270996094,72782.0
0.031325340270996094,72912.0
0.031325340270996094,72811.0
0.031325340270996094,72700.0
0.031325340270996094,72473.0
0.031325340270996094,72614.0
0.031325340270996094,72496.0
0.031325340270996094,72646.0
0.031325340270996094,72777.0
0.031325340270996094,72613.0
0.031325340270996094,72774.0
0.031325340270996094,72910.0
0.031325340270996094,73012.0
0.031325340270996094,72803.0
0.031325340270996094,72976.0
0.031325340270996094,73102.0
0.031325340270996094,72932.0
0.031325340270996094,73033.0
0.031325340270996094,73180.0
0.031325340270996094,73305.0
0.031325340270996094,72978.0
0.031325340270996094,73208.0
0.031325340270996094,73107.0
0.031325340270996094,73298.0
0.031325340270996094,73412.0
0.031325340270996094,73107.0
0.031325340270996094,73388.0
0.031325340270996094,73504.0
0.031325340270996094,73213.0
0.031325340270996094,73450.0
0.031325340270996094,73576.0
0.031325340270996094,73701.0
0.031325340270996094,73545.0
0.031325340270996094,73716.0
0.031325340270996094,72723.0
0.031325340270996094,72853.0
0.031325340270996094,73405.0
0.031325340270996094,73890.0
0.031325340270996094,74000.0
0.031325340270996094,74117.0
0.031325340270996094,73598.0
0.031325340270996094,73899.0
0.031325340270996094,74158.0
0.031325340270996094,74304.0
0.031325340270996094,74409.0
0.031325340270996094,74259.0
0.031325340270996094,74413.0
0.031325340270996094,74297.0
0.031325340270996094,74400.0
0.031325340270996094,74508.0
0.031325340270996094,74317.0
0.031325340270996094,74488.0
0.031325340270996094,74387.0
0.031325340270996094,74511.0
0.031325340270996094,74367.0
0.031325340270996094,74514.0
0.031325340270996094,74367.0
0.031325340270996094,74507.0
0.031325340270996094,74287.0
0.031325340270996094,74463.0
0.031325340270996094,74585.0
0.031325340270996094,74700.0
0.031325340270996094,74809.0
0.031325340270996094,74684.0
0.031325340270996094,74806.0
0.031325340270996094,74907.0
0.031325340270996094,74756.0
0.031325340270996094,74647.0
0.031325340270996094,74799.0
0.031325340270996094,74904.0
0.031325340270996094,74780.0
0.031325340270996094,73798.0
0.031325340270996094,74523.0
0.031325340270996094,74802.0
0.031325340270996094,75006.0
0.031325340270996094,75107.0
0.031325340270996094,75209.0
0.031325340270996094,75089.0
0.031325340270996094,74986.0
0.031325340270996094,74870.0
0.031325340270996094,75016.0
0.031325340270996094,74549.0
0.031325340270996094,74891.0
0.031325340270996094,75052.0
0.04244256019592285,74926.0
0.04244256019592285,75085.0
0.04244256019592285,74982.0
0.04244256019592285,75116.0
0.04244256019592285,74996.0
0.04244256019592285,75116.0
0.04244256019592285,75006.0
0.04244256019592285,74764.0
0.04244256019592285,75007.0
0.04244256019592285,74883.0
0.04244256019592285,75013.0
0.04244256019592285,75116.0
0.04244256019592285,75218.0
0.04244256019592285,74223.0
0.04244256019592285,74438.0
0.04244256019592285,75233.0
0.04244256019592285,74891.0
0.04244256019592285,75296.0
0.04244256019592285,75047.0
0.04244256019592285,75186.0
0.04244256019592285,75372.0
0.04244256019592285,75497.0
0.04244256019592285,75618.0
0.04244256019592285,75445.0
0.04244256019592285,75555.0
0.04244256019592285,75714.0
0.04244256019592285,75581.0
0.04244256019592285,75466.0
0.04244256019592285,75581.0
0.04244256019592285,75694.0
0.04244256019592285,75580.0
0.04244256019592285,75158.0
0.04244256019592285,75417.0
0.04244256019592285,75571.0
0.04244256019592285,75797.0
0.04244256019592285,75903.0
0.04244256019592285,75751.0
0.04244256019592285,75542.0
0.04244256019592285,75200.0
0.04244256019592285,75455.0
0.04244256019592285,75749.0
0.04244256019592285,75875.0
0.04244256019592285,75574.0
0.04244256019592285,75789.0
0.04244256019592285,75905.0
0.04244256019592285,76095.0
0.04244256019592285,76217.0
0.04244256019592285,76070.0
0.04244256019592285,76197.0
0.04244256019592285,76300.0
0.047449588775634766,75902.0
0.047449588775634766,76052.0
0.047449588775634766,76390.0
0.047449588775634766,76497.0
0.047449588775634766,76372.0
0.047449588775634766,76486.0
0.047449588775634766,76385.0
0.047449588775634766,76267.0
0.047449588775634766,76157.0
0.047449588775634766,76315.0
0.047449588775634766,76416.0
0.047449588775634766,76272.0
0.047449588775634766,76171.0
0.047449588775634766,76282.0
0.047449588775634766,76179.0
0.047449588775634766,76289.0
0.047449588775634766,76396.0
0.047449588775634766,76517.0
0.047449588775634766,76410.0
0.047449588775634766,75326.0
0.047449588775634766,76144.0
0.047449588775634766,76504.0
0.047449588775634766,76314.0
0.047449588775634766,76415.0
0.047449588775634766,76573.0
0.047449588775634766,76688.0
0.047449588775634766,76059.0
0.047449588775634766,76625.0
0.047449588775634766,76791.0
0.047449588775634766,76670.0
0.047449588775634766,76547.0
0.047449588775634766,76713.0
0.047449588775634766,76376.0
0.047449588775634766,76611.0
0.047449588775634766,76507.0
0.047449588775634766,76640.0
0.047449588775634766,76752.0
0.047449588775634766,76873.0
0.047449588775634766,76741.0
0.047449588775634766,76569.0
0.047449588775634766,76724.0
0.047449588775634766,76885.0
0.047449588775634766,77001.0
0.053507089614868164,76892.0
0.053507089614868164,76092.0
0.053507089614868164,76227.0
0.053507089614868164,76387.0
0.053507089614868164,76547.0
0.053507089614868164,77186.0
0.053507089614868164,77318.0
0.053507089614868164,77214.0
0.053507089614868164,77111.0
0.053507089614868164,76998.0
0.053507089614868164,77112.0
0.053507089614868164,77218.0
0.053507089614868164,77096.0
0.053507089614868164,76902.0
0.053507089614868164,77113.0
0.053507089614868164,76974.0
0.053507089614868164,76853.0
0.053507089614868164,76741.0
0.053507089614868164,76582.0
0.053507089614868164,76729.0
0.053507089614868164,76891.0
0.053507089614868164,76633.0
0.053507089614868164,76889.0
0.053507089614868164,76773.0
0.053507089614868164,76909.0
0.053507089614868164,76711.0
0.053507089614868164,76860.0
0.053507089614868164,77012.0
0.053507089614868164,76902.0
0.053507089614868164,76786.0
0.053507089614868164,76588.0
0.053507089614868164,76744.0
0.053507089614868164,76888.0
0.053507089614868164,76999.0
0.053507089614868164,76897.0
0.053507089614868164,77012.0
0.053507089614868164,76890.0
0.053507089614868164,76788.0
0.053507089614868164,76910.0
0.053507089614868164,76799.0
0.053507089614868164,76694.0
0.053507089614868164,76548.0
0.053507089614868164,76709.0
0.053507089614868164,76818.0
0.053507089614868164,76708.0
0.053507089614868164,76556.0
0.053507089614868164,76686.0
0.053507089614868164,76810.0
0.053507089614868164,76655.0
0.053507089614868164,76815.0
0.053507089614868164,76502.0
0.053507089614868164,76777.0
0.053507089614868164,76642.0
0.053507089614868164,76803.0
0.053507089614868164,76642.0
0.053507089614868164,76768.0
0.053507089614868164,76870.0
0.053507089614868164,76985.0
0.053507089614868164,76863.0
0.053507089614868164,76993.0
0.053507089614868164,77115.0
0.053507089614868164,77219.0
0.053507089614868164,77061.0
0.053507089614868164,77211.0
0.053507089614868164,77316.0
0.053507089614868164,77215.0
0.053507089614868164,77114.0
0.053507089614868164,76220.0
0.053507089614868164,76902.0
0.053507089614868164,77134.0
0.053507089614868164,77311.0
0.053507089614868164,77209.0
0.053507089614868164,77088.0
0.053507089614868164,77189.0
0.053507089614868164,77307.0
0.053507089614868164,77172.0
0.053507089614868164,77305.0
0.053507089614868164,77200.0
0.053507089614868164,77070.0
0.053507089614868164,77180.0
0.053507089614868164,77308.0
0.053507089614868164,77417.0
0.053507089614868164,77181.0
0.053507089614868164,77325.0
0.053507089614868164,77469.0
0.053507089614868164,77585.0
0.053507089614868164,77707.0
0.053507089614868164,77598.0
0.053507089614868164,77497.0
0.053507089614868164,77615.0
0.053507089614868164,77719.0
0.053507089614868164,77597.0
0.053507089614868164,77461.0
0.053507089614868164,77582.0
0.053507089614868164,77692.0
0.053507089614868164,77815.0
0.053507089614868164,77692.0
0.053507089614868164,76736.0
0.053507089614868164,77095.0
0.053507089614868164,77321.0
0.053507089614868164,77894.0
0.053507089614868164,78012.0
0.053507089614868164,77496.0
0.053507089614868164,77826.0
0.053507089614868164,78003.0
0.053507089614868164,78112.0
0.053507089614868164,78236.0
0.053507089614868164,78400.0
0.053507089614868164,78508.0
0.053507089614868164,78196.0
0.053507089614868164,78439.0
0.053507089614868164,78571.0
0.053507089614868164,78704.0
0.053507089614868164,78601.0
0.053507089614868164,77903.0
0.053507089614868164,78400.0
0.053507089614868164,78270.0
0.053507089614868164,78130.0
0.053507089614868164,78323.0
0.053507089614868164,78510.0
0.053507089614868164,78657.0
0.053507089614868164,78792.0
0.053507089614868164,78678.0
0.053507089614868164,78813.0
0.053507089614868164,78701.0
0.053507089614868164,78813.0
0.053507089614868164,78587.0
0.053507089614868164,78730.0
0.053507089614868164,78894.0
0.053507089614868164,78613.0
0.053507089614868164,78802.0
0.053507089614868164,78954.0
0.053507089614868164,79063.0
0.053507089614868164,79209.0
0.053507089614868164,78464.0
0.053507089614868164,79017.0
0.053507089614868164,79159.0
0.053507089614868164,79374.0
0.06351399421691895,79265.0
0.06351399421691895,79392.0
0.06351399421691895,79503.0
0.06351399421691895,79607.0
0.06351399421691895,79343.0
0.06351399421691895,79473.0
0.06351399421691895,79590.0
0.06351399421691895,79730.0
0.06351399421691895,79625.0
0.06351399421691895,79735.0
0.06351399421691895,79599.0
0.06351399421691895,79784.0
0.06351399421691895,79909.0
0.06351399421691895,79509.0
0.06351399421691895,79754.0
0.06351399421691895,79875.0
0.06351399421691895,79991.0
0.06351399421691895,79864.0
0.06351399421691895,80049.0
0.06351399421691895,80218.0
0.06351399421691895,80102.0
0.06351399421691895,79402.0
0.06351399421691895,79959.0
0.06351399421691895,80062.0
0.06351399421691895,80308.0
0.06351399421691895,80410.0
0.06351399421691895,80308.0
0.06351399421691895,80417.0
0.06351399421691895,80308.0
0.06351399421691895,80144.0
0.06351399421691895,80293.0
0.06351399421691895,80178.0
0.06351399421691895,80315.0
0.06351399421691895,80151.0
0.06351399421691895,80260.0
0.06351399421691895,80415.0
0.06351399421691895,80314.0
0.06351399421691895,80198.0
0.06351399421691895,80054.0
0.06351399421691895,80213.0
0.06351399421691895,79205.0
0.06351399421691895,79538.0
0.06351399421691895,79435.0
0.06351399421691895,79761.0
0.06351399421691895,80138.0
0.06351399421691895,80279.0
0.06351399421691895,80416.0
0.06351399421691895,80538.0
0.06351399421691895,80684.0
0.06351399421691895,80799.0
0.06351399421691895,80913.0
0.06351399421691895,80804.0
0.06351399421691895,80688.0
0.06351399421691895,80511.0
0.06351399421691895,80688.0
0.06351399421691895,80819.0
0.06351399421691895,80707.0
0.06351399421691895,80155.0
0.06351399421691895,80588.0
0.06351399421691895,80731.0
0.06351399421691895,80906.0
0.06351399421691895,80791.0
0.06351399421691895,80652.0
0.06351399421691895,80768.0
0.06351399421691895,80900.0
0.06351399421691895,80769.0
0.06351399421691895,80894.0
0.06351399421691895,81003.0
0.06351399421691895,81113.0
0.06351399421691895,81214.0
0.06351399421691895,81032.0
0.06351399421691895,81210.0
0.06351399421691895,80978.0
0.06351399421691895,81162.0
0.06351399421691895,81061.0
0.06351399421691895,80663.0
0.06351399421691895,80984.0
0.06351399421691895,81167.0
0.06351399421691895,80981.0
0.06351399421691895,81118.0
0.06351399421691895,81290.0
0.06351399421691895,81155.0
0.06351399421691895,81284.0
0.06351399421691895,81392.0
0.06351399421691895,81510.0
0.06351399421691895,81403.0
0.06351399421691895,81299.0
0.06351399421691895,81137.0
0.06351399421691895,81299.0
0.06351399421691895,81181.0
0.06351399421691895,80935.0
0.06351399421691895,81166.0
0.06351399421691895,81053.0
0.06351399421691895,80920.0
0.06351399421691895,80762.0
0.06351399421691895,80911.0
0.06351399421691895,81108.0
0.06351399421691895,80965.0
0.06351399421691895,80480.0
0.06351399421691895,80732.0
0.06351399421691895,81055.0
0.06351399421691895,80874.0
0.06351399421691895,80772.0
0.06351399421691895,80557.0
0.06351399421691895,80816.0
0.06351399421691895,80958.0
0.06351399421691895,81082.0
0.06351399421691895,80837.0
0.06351399421691895,81036.0
0.06351399421691895,81204.0
0.06351399421691895,80961.0
0.06351399421691895,81063.0
0.06351399421691895,81183.0
0.06351399421691895,81340.0
0.06351399421691895,81514.0
0.06351399421691895,81337.0
0.06351399421691895,81488.0
0.06351399421691895,81596.0
0.06351399421691895,81706.0
0.06351399421691895,81572.0
0.06351399421691895,81697.0
0.06351399421691895,81466.0
0.06351399421691895,81365.0
0.06351399421691895,81579.0
0.06351399421691895,81712.0
0.06351399421691895,81813.0
0.06351399421691895,81534.0
0.06351399421691895,81359.0
0.06351399421691895,81244.0
0.06351399421691895,81602.0
0.06351399421691895,81711.0
0.06351399421691895,81568.0
0.06351399421691895,81705.0
0.06351399421691895,81815.0
0.06351399421691895,81563.0
0.06351399421691895,81749.0
0.06351399421691895,81591.0
0.06351399421691895,81694.0
0.06351399421691895,81864.0
0.06351399421691895,81976.0
0.06351399421691895,81851.0
0.06351399421691895,82009.0
0.06351399421691895,81898.0
0.06351399421691895,81723.0
0.06351399421691895,81869.0
0.06351399421691895,81984.0
0.06351399421691895,82099.0
0.06351399421691895,82218.0
0.06351399421691895,82081.0
0.06351399421691895,81980.0
0.06351399421691895,82095.0
0.06351399421691895,81960.0
0.06351399421691895,82083.0
0.06351399421691895,82190.0
0.06351399421691895,82300.0
0.06351399421691895,82139.0
0.06351399421691895,82016.0
0.06351399421691895,81901.0
0.06351399421691895,82088.0
0.06351399421691895,82219.0
0.06351399421691895,82096.0
0.06351399421691895,82210.0
0.06351399421691895,82104.0
0.06351399421691895,81962.0
0.06351399421691895,82074.0
0.06351399421691895,82218.0
0.06351399421691895,82113.0
0.06351399421691895,82215.0
0.06351399421691895,82090.0
0.06351399421691895,81477.0
0.06351399421691895,81747.0
0.06351399421691895,82160.0
0.06351399421691895,82011.0
0.06351399421691895,82217.0
0.06351399421691895,82075.0
0.06351399421691895,82193.0
0.06351399421691895,82312.0
0.06351399421691895,82203.0
0.06351399421691895,82076.0
0.06351399421691895,81862.0
0.06351399421691895,82008.0
0.06351399421691895,81899.0
0.06351399421691895,82091.0
0.06351399421691895,81961.0
0.06351399421691895,82095.0
0.06351399421691895,81964.0
0.06351399421691895,82066.0
0.06351399421691895,81935.0
0.07913970947265625,82078.0
0.07913970947265625,82191.0
0.07913970947265625,82316.0
0.07913970947265625,82122.0
0.07913970947265625,82309.0
0.07913970947265625,82195.0
0.07913970947265625,82008.0
0.07913970947265625,82119.0
0.07913970947265625,82288.0
0.07913970947265625,81829.0
0.07913970947265625,82281.0
0.07913970947265625,81724.0
0.07913970947265625,82257.0
0.07913970947265625,82381.0
0.07913970947265625,82502.0
0.07913970947265625,82616.0
0.07913970947265625,82515.0
0.07913970947265625,82371.0
0.07913970947265625,82199.0
0.07913970947265625,82404.0
0.07913970947265625,82244.0
0.07913970947265625,82349.0
0.07913970947265625,82477.0
0.07913970947265625,82349.0
0.07913970947265625,82160.0
0.07913970947265625,82269.0
0.07913970947265625,82373.0
0.07913970947265625,82528.0
0.07913970947265625,82664.0
0.07913970947265625,82816.0
0.07913970947265625,82670.0
0.07913970947265625,82819.0
0.07913970947265625,82691.0
0.07913970947265625,82523.0
0.07913970947265625,82719.0
0.07913970947265625,82507.0
0.07913970947265625,82643.0
0.07913970947265625,82817.0
0.07913970947265625,82707.0
0.07913970947265625,82819.0
0.07913970947265625,82677.0
0.07913970947265625,82542.0
0.07913970947265625,82381.0
0.07913970947265625,82618.0
0.07913970947265625,82476.0
0.07913970947265625,82583.0
0.07913970947265625,82231.0
0.07913970947265625,82425.0
0.07913970947265625,82644.0
0.07913970947265625,82799.0
0.07913970947265625,82633.0
0.07913970947265625,82805.0
0.07913970947265625,82916.0
0.07913970947265625,82805.0
0.07913970947265625,82482.0
0.07913970947265625,82779.0
0.07913970947265625,82901.0
0.07913970947265625,83018.0
0.07913970947265625,82909.0
0.07913970947265625,82388.0
0.07913970947265625,82876.0
0.07913970947265625,82998.0
0.07913970947265625,82832.0
0.07913970947265625,82951.0
0.07913970947265625,82804.0
0.07913970947265625,82681.0
0.07913970947265625,82847.0
0.07913970947265625,82989.0
0.07913970947265625,82879.0
0.07913970947265625,82749.0
0.07913970947265625,82903.0
0.07913970947265625,82757.0
0.07913970947265625,82615.0
0.07913970947265625,82789.0
0.07913970947265625,82905.0
0.07913970947265625,83013.0
0.07913970947265625,82892.0
0.07913970947265625,83000.0
0.07913970947265625,83119.0
0.07913970947265625,83018.0
0.07913970947265625,83119.0
0.07913970947265625,82889.0
0.07913970947265625,83015.0
0.07913970947265625,83215.0
0.07913970947265625,83082.0
0.07913970947265625,82721.0
0.07913970947265625,82881.0
0.07913970947265625,83119.0
0.07913970947265625,83305.0
0.07913970947265625,83200.0
0.07913970947265625,83041.0
0.07913970947265625,83190.0
0.07913970947265625,83294.0
0.07913970947265625,83404.0
0.07913970947265625,83250.0
0.07913970947265625,83412.0
0.07913970947265625,83519.0
0.07913970947265625,83405.0
0.07913970947265625,83507.0
0.07913970947265625,83617.0
0.07913970947265625,83516.0
0.07913970947265625,83329.0
0.07913970947265625,83469.0
0.07913970947265625,83579.0
0.07913970947265625,83696.0
0.07913970947265625,83798.0
0.07913970947265625,83637.0
0.07913970947265625,83746.0
0.07913970947265625,83568.0
0.07913970947265625,83790.0
0.07913970947265625,83653.0
0.07913970947265625,83772.0
0.07913970947265625,83646.0
0.07913970947265625,83782.0
0.07913970947265625,83657.0
0.07913970947265625,83500.0
0.07913970947265625,83655.0
0.07913970947265625,83765.0
0.07913970947265625,83658.0
0.07913970947265625,83819.0
0.07913970947265625,83714.0
0.07913970947265625,83483.0
0.07913970947265625,83713.0
0.07913970947265625,83597.0
0.07913970947265625,83711.0
0.07913970947265625,83586.0
0.07913970947265625,83343.0
0.07913970947265625,83564.0
0.07913970947265625,83231.0
0.07913970947265625,83356.0
0.07913970947265625,83626.0
0.07913970947265625,83501.0
0.07913970947265625,83676.0
0.07913970947265625,83811.0
0.07913970947265625,83705.0
0.07913970947265625,83816.0
0.07913970947265625,83697.0
0.07913970947265625,83589.0
0.07913970947265625,83717.0
0.07913970947265625,83080.0
0.07913970947265625,83308.0
0.07913970947265625,83627.0
0.07913970947265625,83815.0
0.07913970947265625,83940.0
0.07913970947265625,84047.0
0.07913970947265625,84164.0
0.07913970947265625,84060.0
0.07913970947265625,84183.0
0.07913970947265625,83955.0
0.07913970947265625,83771.0
0.07913970947265625,83998.0
0.07913970947265625,84214.0
0.07913970947265625,83993.0
0.07913970947265625,84139.0
0.07913970947265625,84281.0
0.07913970947265625,84165.0
0.07913970947265625,84300.0
0.07913970947265625,84195.0
0.07913970947265625,84311.0
0.07913970947265625,84412.0
0.07913970947265625,84309.0
0.07913970947265625,84169.0
0.07913970947265625,84283.0
0.07913970947265625,84150.0
0.07913970947265625,84313.0
0.07913970947265625,84194.0
0.09516096115112305,84078.0
0.09516096115112305,84219.0
0.09516096115112305,84111.0
0.09516096115112305,83999.0
0.09516096115112305,84114.0
0.09516096115112305,83972.0
0.09516096115112305,84105.0
0.09516096115112305,83808.0
0.09516096115112305,84013.0
0.09516096115112305,84216.0
0.09516096115112305,84091.0
0.09516096115112305,84215.0
0.09516096115112305,84089.0
0.09516096115112305,83976.0
0.09516096115112305,84077.0
0.09516096115112305,83851.0
0.09516096115112305,84077.0
0.09516096115112305,84204.0
0.09516096115112305,84305.0
0.09516096115112305,84176.0
0.09516096115112305,84301.0
0.09516096115112305,83519.0
0.09516096115112305,83971.0
0.09516096115112305,84281.0
0.09516096115112305,84423.0
0.09516096115112305,84618.0
0.09516096115112305,84719.0
0.09516096115112305,84425.0
0.09516096115112305,84658.0
0.09516096115112305,84540.0
0.09516096115112305,84677.0
0.09516096115112305,84444.0
0.09516096115112305,84316.0
0.09516096115112305,84613.0
0.09516096115112305,84489.0
0.09516096115112305,84615.0
0.09516096115112305,84496.0
0.09516096115112305,84386.0
0.09516096115112305,84502.0
0.09516096115112305,84400.0
0.09516096115112305,84271.0
0.09516096115112305,84414.0
0.09516096115112305,84517.0
0.09516096115112305,84302.0
0.09516096115112305,84182.0
0.09516096115112305,84383.0
0.09516096115112305,84223.0
0.09516096115112305,84417.0
0.09516096115112305,84167.0
0.09516096115112305,84036.0
0.09516096115112305,84182.0
0.09516096115112305,84081.0
0.09516096115112305,84281.0
0.09516096115112305,84121.0
0.09516096115112305,84256.0
0.09516096115112305,84358.0
0.09516096115112305,84509.0
0.09516096115112305,84395.0
0.09516096115112305,84498.0
0.09516096115112305,84611.0
0.09516096115112305,84717.0
0.09516096115112305,84312.0
0.09516096115112305,84621.0
0.09516096115112305,84803.0
0.09516096115112305,84693.0
0.09516096115112305,84538.0
0.09516096115112305,84694.0
0.09516096115112305,84500.0
0.09516096115112305,84691.0
0.09516096115112305,84808.0
0.09516096115112305,84431.0
0.09516096115112305,84657.0
0.09516096115112305,84872.0
0.09516096115112305,84735.0
0.09516096115112305,84901.0
0.09516096115112305,84795.0
0.09516096115112305,84596.0
0.09516096115112305,84813.0
0.09516096115112305,84703.0
0.09516096115112305,84539.0
0.09516096115112305,84692.0
0.09516096115112305,84498.0
0.09516096115112305,84641.0
0.09516096115112305,84489.0
0.09516096115112305,84664.0
0.09516096115112305,84562.0
0.09516096115112305,84438.0
0.09516096115112305,84577.0
0.09516096115112305,84693.0
0.09516096115112305,84812.0
0.09516096115112305,84687.0
0.09516096115112305,84804.0
0.09516096115112305,84916.0
0.09516096115112305,84549.0
0.09516096115112305,84847.0
0.09516096115112305,84988.0
0.09516096115112305,85113.0
0.09516096115112305,84977.0
0.09516096115112305,85103.0
0.09516096115112305,84928.0
0.09516096115112305,85056.0
0.09516096115112305,84953.0
0.09516096115112305,85095.0
0.09516096115112305,84903.0
0.09516096115112305,85094.0
0.09516096115112305,84985.0
0.09516096115112305,84882.0
0.09516096115112305,85013.0
0.09516096115112305,85118.0
0.09516096115112305,84969.0
0.09516096115112305,85118.0
0.09516096115112305,85001.0
0.09516096115112305,85110.0
0.09516096115112305,85215.0
0.09516096115112305,85111.0
0.09516096115112305,84926.0
0.09516096115112305,85040.0
0.09516096115112305,85161.0
0.09516096115112305,85059.0
0.09516096115112305,84954.0
0.09516096115112305,85104.0
0.09516096115112305,85214.0
0.09516096115112305,85091.0
0.09516096115112305,84944.0
0.09516096115112305,85085.0
0.09516096115112305,84913.0
0.09516096115112305,85075.0
0.09516096115112305,85214.0
0.09516096115112305,85105.0
0.09516096115112305,84955.0
0.09516096115112305,84781.0
0.09516096115112305,84964.0
0.09516096115112305,85112.0
0.09516096115112305,85006.0
0.09516096115112305,85108.0
0.09516096115112305,85217.0
0.09516096115112305,85046.0
0.09516096115112305,85211.0
0.09516096115112305,85057.0
0.09516096115112305,85182.0
0.09516096115112305,85301.0
0.09516096115112305,85407.0
0.11088156700134277,85515.0
0.11088156700134277,85289.0
0.11088156700134277,85513.0
0.11088156700134277,85409.0
0.11088156700134277,85308.0
0.11088156700134277,85202.0
0.11088156700134277,85061.0
0.11088156700134277,85170.0
0.11088156700134277,85289.0
0.11088156700134277,85143.0
0.11088156700134277,85310.0
0.11088156700134277,85418.0
0.11088156700134277,85275.0
0.11088156700134277,85165.0
0.11088156700134277,85285.0
0.11088156700134277,85409.0
0.11088156700134277,85277.0
0.11088156700134277,85401.0
0.11088156700134277,85284.0
0.11088156700134277,85088.0
0.11088156700134277,85303.0
0.11088156700134277,85177.0
0.11088156700134277,85291.0
0.11088156700134277,85405.0
0.11088156700134277,85269.0
0.11088156700134277,85386.0
0.11088156700134277,85500.0
0.11088156700134277,85601.0
0.11088156700134277,85446.0
0.11088156700134277,85593.0
0.11088156700134277,85427.0
0.11088156700134277,85619.0
0.11088156700134277,85494.0
0.11088156700134277,85378.0
0.11088156700134277,85494.0
0.11088156700134277,85617.0
0.11088156700134277,85489.0
0.11088156700134277,85354.0
0.11088156700134277,85095.0
0.11088156700134277,85355.0
0.11088156700134277,85497.0
0.11088156700134277,85373.0
0.11088156700134277,85502.0
0.11088156700134277,85296.0
0.11088156700134277,85511.0
0.11088156700134277,85049.0
0.11088156700134277,85173.0
0.11088156700134277,85587.0
0.11088156700134277,85478.0
0.11088156700134277,85581.0
0.11088156700134277,85694.0
0.11088156700134277,85545.0
0.11088156700134277,85649.0
0.11088156700134277,85781.0
0.11088156700134277,85918.0
0.11088156700134277,85592.0
0.11088156700134277,85883.0
0.11088156700134277,85995.0
0.11088156700134277,85870.0
0.11088156700134277,86013.0
0.11088156700134277,86118.0
0.11088156700134277,85998.0
0.11088156700134277,85889.0
0.11088156700134277,86012.0
0.11088156700134277,85849.0
0.11088156700134277,86001.0
0.11088156700134277,85893.0
0.11088156700134277,85783.0
0.11088156700134277,85913.0
0.11088156700134277,85801.0
0.11088156700134277,85908.0
0.11088156700134277,85793.0
0.11088156700134277,85671.0
0.11088156700134277,85806.0
0.11088156700134277,85662.0
0.11088156700134277,85801.0
0.11088156700134277,85662.0
0.11088156700134277,85791.0
0.11088156700134277,85606.0
0.11088156700134277,85800.0
0.11088156700134277,85693.0
0.11088156700134277,85794.0
0.11088156700134277,85661.0
0.11088156700134277,85766.0
0.11088156700134277,85893.0
0.11088156700134277,85790.0
0.11088156700134277,85917.0
0.11088156700134277,85653.0
0.11088156700134277,85911.0
0.11088156700134277,85780.0
0.11088156700134277,85889.0
0.11088156700134277,86009.0
0.11088156700134277,85885.0
0.11088156700134277,85767.0
0.11088156700134277,85890.0
0.11088156700134277,85704.0
0.11088156700134277,85845.0
0.11088156700134277,85973.0
0.11088156700134277,85855.0
0.11088156700134277,85971.0
0.11088156700134277,85246.0
0.11088156700134277,85420.0
0.11088156700134277,85814.0
0.11088156700134277,86114.0
0.11088156700134277,86303.0
0.11088156700134277,86143.0
0.11088156700134277,86254.0
0.11088156700134277,86380.0
0.11088156700134277,86508.0
0.11088156700134277,86392.0
0.11088156700134277,86496.0
0.11088156700134277,86606.0
0.11088156700134277,86502.0
0.11088156700134277,86362.0
0.11088156700134277,86505.0
0.11088156700134277,86388.0
0.11088156700134277,86272.0
0.11088156700134277,86415.0
0.11088156700134277,86517.0
0.11088156700134277,86402.0
0.11088156700134277,86102.0
0.11088156700134277,85999.0
0.11088156700134277,86319.0
0.11088156700134277,86198.0
0.11088156700134277,86040.0
0.11088156700134277,86164.0
0.11088156700134277,86313.0
0.11088156700134277,86083.0
0.11088156700134277,86229.0
0.11088156700134277,86379.0
0.11088156700134277,86494.0
0.11088156700134277,86164.0
0.11088156700134277,86388.0
0.11088156700134277,86492.0
0.11088156700134277,86665.0
0.11088156700134277,86556.0
0.11088156700134277,86703.0
0.11088156700134277,86365.0
0.11088156700134277,86700.0
0.11088156700134277,86803.0
0.11088156700134277,86919.0
0.11088156700134277,86796.0
0.11088156700134277,86593.0
0.11088156700134277,86754.0
0.11088156700134277,86911.0
0.11088156700134277,86809.0
0.11088156700134277,86695.0
0.11088156700134277,86587.0
0.12653017044067383,86484.0
0.12653017044067383,86600.0
0.12653017044067383,86473.0
0.12653017044067383,86583.0
0.12653017044067383,86716.0
0.1270427703857422,86817.0
0.1270427703857422,86696.0
0.1270427703857422,86800.0
0.1270427703857422,86919.0
0.1270427703857422,86812.0
0.1270427703857422,86702.0
0.1270427703857422,86590.0
0.1270427703857422,86463.0
0.1270427703857422,86340.0
0.1270427703857422,86519.0
0.1270427703857422,86390.0
0.1270427703857422,86271.0
0.1270427703857422,86394.0
0.1270427703857422,86512.0
0.1270427703857422,86617.0
0.1270427703857422,86485.0
0.1270427703857422,86618.0
0.1270427703857422,86482.0
0.1270427703857422,86619.0
0.1270427703857422,86478.0
0.1270427703857422,86593.0
0.1270427703857422,86491.0
0.1270427703857422,86390.0
0.1270427703857422,86268.0
0.1270427703857422,86373.0
0.1270427703857422,86501.0
0.1270427703857422,86610.0
0.1270427703857422,86492.0
0.1270427703857422,86340.0
0.1270427703857422,86488.0
0.1270427703857422,86591.0
0.1270427703857422,86699.0
0.1270427703857422,86585.0
0.1270427703857422,86694.0
0.1270427703857422,86410.0
0.1270427703857422,86264.0
0.1270427703857422,86571.0
0.1270427703857422,86707.0
0.1270427703857422,86808.0
0.1270427703857422,86917.0
0.1270427703857422,86802.0
0.1270427703857422,86659.0
0.1270427703857422,86777.0
0.1270427703857422,86891.0
0.1270427703857422,86780.0
0.1270427703857422,86897.0
0.1270427703857422,87014.0
0.1270427703857422,86871.0
0.1270427703857422,87002.0
0.1270427703857422,86841.0
0.1270427703857422,87011.0
0.1270427703857422,86897.0
0.1270427703857422,87006.0
0.1270427703857422,86779.0
0.1270427703857422,86977.0
0.1270427703857422,87111.0
0.1270427703857422,87003.0
0.1270427703857422,87117.0
0.1270427703857422,87016.0
0.1270427703857422,86906.0
0.1270427703857422,87011.0
0.1270427703857422,86856.0
0.1270427703857422,87006.0
0.1270427703857422,86878.0
0.1270427703857422,86981.0
0.1270427703857422,87085.0
0.1270427703857422,86911.0
0.1270427703857422,87077.0
0.1270427703857422,87218.0
0.1270427703857422,87116.0
0.1270427703857422,87217.0
0.1270427703857422,87103.0
0.1270427703857422,87002.0
0.1270427703857422,86860.0
0.1270427703857422,86758.0
0.1270427703857422,86883.0
0.1270427703857422,86774.0
0.1270427703857422,86638.0
0.1270427703857422,86797.0
0.1270427703857422,86918.0
0.1270427703857422,86802.0
0.1270427703857422,86904.0
0.1270427703857422,86795.0
0.1270427703857422,86646.0
0.1270427703857422,86799.0
0.1270427703857422,86900.0
0.1270427703857422,86772.0
0.1270427703857422,86556.0
0.1270427703857422,86707.0
0.1270427703857422,86850.0
0.1270427703857422,86699.0
0.1270427703857422,86484.0
0.1270427703857422,86640.0
0.1270427703857422,86856.0
0.1270427703857422,87011.0
0.1270427703857422,86909.0
0.14255595207214355,86805.0
0.14255595207214355,86906.0
0.14255595207214355,87012.0
0.14255595207214355,86798.0
0.14255595207214355,86977.0
0.14255595207214355,87093.0
0.14255595207214355,86855.0
0.14255595207214355,86978.0
0.14255595207214355,87198.0
0.14255595207214355,87308.0
0.14255595207214355,87409.0
0.14255595207214355,87293.0
0.14255595207214355,87127.0
0.14255595207214355,87255.0
0.14255595207214355,87414.0
0.14255595207214355,87310.0
0.14255595207214355,87209.0
0.14255595207214355,87105.0
0.14255595207214355,87211.0
0.14255595207214355,87312.0
0.14255595207214355,87157.0
0.14255595207214355,87263.0
0.14255595207214355,87412.0
0.14255595207214355,87193.0
0.14255595207214355,87330.0
0.14255595207214355,87460.0
0.14255595207214355,87590.0
0.14255595207214355,87461.0
0.14255595207214355,87576.0
0.14255595207214355,87702.0
0.14255595207214355,87806.0
0.14255595207214355,87674.0
0.14255595207214355,87790.0
0.14255595207214355,87606.0
0.14255595207214355,87794.0
0.14255595207214355,87692.0
0.14255595207214355,87543.0
0.14255595207214355,87649.0
0.14255595207214355,87803.0
0.14255595207214355,87698.0
0.14255595207214355,87583.0
0.14255595207214355,87448.0
0.14255595207214355,87558.0
0.14255595207214355,87703.0
0.14255595207214355,87594.0
0.14255595207214355,87706.0
0.14255595207214355,87581.0
0.14255595207214355,87692.0
0.14255595207214355,87812.0
0.14255595207214355,87666.0
0.14255595207214355,87818.0
0.14255595207214355,87659.0
0.14255595207214355,87514.0
0.14255595207214355,87716.0
0.14255595207214355,87575.0
0.14255595207214355,87693.0
0.14255595207214355,87812.0
0.14255595207214355,87664.0
0.14255595207214355,87558.0
0.14255595207214355,87399.0
0.14255595207214355,87593.0
0.14255595207214355,87699.0
0.14255595207214355,87800.0
0.14255595207214355,87902.0
0.14255595207214355,87788.0
0.14255595207214355,87621.0
0.14255595207214355,87755.0
0.14255595207214355,87889.0
0.14255595207214355,88010.0
0.14255595207214355,88116.0
0.14255595207214355,88218.0
0.14255595207214355,88113.0
0.14255595207214355,88215.0
0.14255595207214355,88095.0
0.14255595207214355,87975.0
0.14255595207214355,87825.0
0.14255595207214355,87676.0
0.14255595207214355,87792.0
0.14255595207214355,87999.0
0.14255595207214355,87884.0
0.14255595207214355,87994.0
0.14255595207214355,88096.0
0.14255595207214355,87974.0
0.14255595207214355,88092.0
0.14255595207214355,88201.0
0.14255595207214355,88085.0
0.14255595207214355,88194.0
0.14255595207214355,88315.0
0.14255595207214355,88418.0
0.14255595207214355,88269.0
0.14255595207214355,88160.0
0.14255595207214355,88004.0
0.14255595207214355,87901.0
0.14255595207214355,88116.0
0.14255595207214355,87996.0
0.14255595207214355,88115.0
0.14255595207214355,88011.0
0.14255595207214355,87883.0
0.14255595207214355,88017.0
0.14255595207214355,87893.0
0.14255595207214355,87747.0
0.14255595207214355,87903.0
0.14255595207214355,87766.0
0.14255595207214355,87905.0
0.14255595207214355,87759.0
0.14255595207214355,87634.0
0.14255595207214355,87801.0
0.15829896926879883,87916.0
0.15829896926879883,87795.0
0.15829896926879883,87919.0
0.15829896926879883,87818.0
0.15829896926879883,87702.0
0.15829896926879883,87574.0
0.15829896926879883,87693.0
0.15829896926879883,87402.0
0.15829896926879883,87601.0
0.15829896926879883,87760.0
0.15829896926879883,87916.0
0.15829896926879883,87792.0
0.15829896926879883,87689.0
0.15829896926879883,87805.0
0.15829896926879883,87662.0
0.15829896926879883,87519.0
0.15829896926879883,87405.0
0.15829896926879883,87608.0
0.15829896926879883,87507.0
0.15829896926879883,87401.0
0.15829896926879883,87509.0
0.15829896926879883,87399.0
0.15829896926879883,87294.0
0.15829896926879883,87397.0
0.15829896926879883,87518.0
0.15829896926879883,87372.0
0.15829896926879883,87497.0
0.15829896926879883,87602.0
0.15829896926879883,87707.0
0.15829896926879883,87596.0
0.15829896926879883,87449.0
0.15829896926879883,87618.0
0.15829896926879883,87358.0
0.15829896926879883,87604.0
0.15829896926879883,87453.0
0.15829896926879883,87558.0
0.15829896926879883,87717.0
0.15829896926879883,87610.0
0.15829896926879883,87718.0
0.15829896926879883,87819.0
0.15829896926879883,87682.0
0.15829896926879883,87802.0
0.15829896926879883,87614.0
0.15829896926879883,87807.0
0.15829896926879883,87448.0
0.15829896926879883,87597.0
0.15829896926879883,87786.0
0.15829896926879883,87685.0
0.15829896926879883,87899.0
0.15829896926879883,88008.0
0.15829896926879883,87873.0
0.15829896926879883,88006.0
0.15829896926879883,88111.0
0.15829896926879883,88009.0
0.15829896926879883,87892.0
0.15829896926879883,87787.0
0.15829896926879883,87681.0
0.15829896926879883,87806.0
0.15829896926879883,87912.0
0.15829896926879883,87806.0
0.15829896926879883,87909.0
0.15829896926879883,88013.0
0.1741046905517578,87883.0
0.1741046905517578,88002.0
0.1741046905517578,87847.0
0.1741046905517578,87975.0
0.1741046905517578,88102.0
0.1741046905517578,87983.0
0.1741046905517578,88093.0
0.1741046905517578,88194.0
0.1741046905517578,88093.0
0.1741046905517578,87990.0
0.1741046905517578,88118.0
0.1741046905517578,87969.0
0.1741046905517578,88105.0
0.1741046905517578,87999.0
0.1741046905517578,87877.0
0.1741046905517578,88004.0
0.1741046905517578,88109.0
0.1741046905517578,88007.0
0.1741046905517578,88110.0
0.1741046905517578,88216.0
0.1741046905517578,88054.0
0.1741046905517578,88168.0
0.1741046905517578,88049.0
0.1741046905517578,88217.0
0.1741046905517578,88109.0
0.1741046905517578,87991.0
0.1741046905517578,88119.0
0.1741046905517578,87998.0
0.1741046905517578,88118.0
0.1741046905517578,87964.0
0.1741046905517578,88118.0
0.1741046905517578,87956.0
0.1741046905517578,88071.0
0.1741046905517578,88181.0
0.1741046905517578,88306.0
0.1741046905517578,88411.0
0.1741046905517578,88297.0
0.1741046905517578,88399.0
0.1741046905517578,88513.0
0.1741046905517578,88618.0
0.1741046905517578,88451.0
0.1741046905517578,88587.0
0.1741046905517578,88701.0
0.1741046905517578,88817.0
0.1741046905517578,88706.0
0.1741046905517578,88604.0
0.1741046905517578,88707.0
0.1741046905517578,88588.0
0.1741046905517578,88712.0
0.1741046905517578,88819.0
0.1741046905517578,88668.0
0.1741046905517578,88556.0
0.1741046905517578,88669.0
0.1741046905517578,88781.0
0.1741046905517578,88916.0
0.1741046905517578,88794.0
0.1741046905517578,88623.0
0.1741046905517578,88746.0
0.1741046905517578,88916.0
0.1741046905517578,89017.0
0.1741046905517578,88901.0
0.1741046905517578,88792.0
0.1741046905517578,88913.0
0.1741046905517578,88688.0
0.1741046905517578,88898.0
0.18994927406311035,89009.0
0.18994927406311035,89117.0
0.18994927406311035,89001.0
0.18994927406311035,88875.0
0.18994927406311035,89006.0
0.18994927406311035,89115.0
0.18994927406311035,88992.0
0.18994927406311035,88853.0
0.18994927406311035,88736.0
0.18994927406311035,88868.0
0.18994927406311035,89007.0
0.18994927406311035,88873.0
0.18994927406311035,89009.0
0.18994927406311035,89113.0
0.18994927406311035,88993.0
0.18994927406311035,89113.0
0.18994927406311035,89214.0
0.18994927406311035,88977.0
0.18994927406311035,89107.0
0.18994927406311035,89290.0
0.18994927406311035,89415.0
0.18994927406311035,89517.0
0.18994927406311035,89412.0
0.18994927406311035,89514.0
0.18994927406311035,89405.0
0.18994927406311035,89304.0
0.20393729209899902,89154.0
0.20479035377502441,89312.0
0.20479035377502441,89088.0
0.20479035377502441,88949.0
0.20479035377502441,89196.0
0.20479035377502441,89315.0
0.20479035377502441,89210.0
0.20479035377502441,89319.0
0.20579910278320312,89199.0
0.20630669593811035,89304.0
0.20630669593811035,89203.0
0.20630669593811035,89095.0
0.20630669593811035,89219.0
0.20630669593811035,89037.0
0.20630669593811035,89179.0
0.20630669593811035,89300.0
0.20630669593811035,89403.0
0.20630669593811035,89245.0
0.20630669593811035,89401.0
0.20630669593811035,89290.0
0.20630669593811035,89395.0
0.20630669593811035,89512.0
0.20630669593811035,89613.0
0.20630669593811035,89501.0
0.20630669593811035,89617.0
0.21429753303527832,89718.0
0.21429753303527832,89819.0
0.21429753303527832,89686.0
0.21429753303527832,89787.0
0.21429753303527832,89892.0
0.21429753303527832,90008.0
0.21429753303527832,90114.0
0.21429753303527832,89999.0
0.21429753303527832,89898.0
0.21429753303527832,90014.0
0.21429753303527832,89895.0
0.21429753303527832,89791.0
0.21429753303527832,89905.0
0.21429753303527832,90011.0
0.22263002395629883,89849.0
0.22263002395629883,89986.0
0.22263002395629883,89870.0
0.22263002395629883,90018.0
0.22263002395629883,89892.0
0.22263002395629883,90006.0
0.22263002395629883,90114.0
0.22263002395629883,90010.0
0.22263002395629883,90117.0
0.22263002395629883,90219.0
0.22721600532531738,90112.0
0.22721600532531738,90213.0
0.22721600532531738,90095.0
0.22721600532531738,90210.0
0.22721600532531738,90073.0
0.22721600532531738,90198.0
0.23780417442321777,90096.0
0.23885869979858398,89948.0
0.23885869979858398,90092.0
0.23885869979858398,90218.0
0.23885869979858398,90117.0
0.23885869979858398,90219.0
0.23885869979858398,90105.0
0.23885869979858398,89992.0
0.23885869979858398,90114.0
0.23885869979858398,90216.0
0.23885869979858398,90088.0
0.23885869979858398,90203.0
0.23885869979858398,90089.0
0.23885869979858398,90216.0
0.25394177436828613,90114.0
0.25394177436828613,89998.0
0.25394177436828613,89782.0
0.25394177436828613,89959.0
0.25394177436828613,90108.0
0.25394177436828613,90219.0
0.25394177436828613,90101.0
0.25394177436828613,90217.0
0.25394177436828613,90058.0
0.25394177436828613,90209.0
0.25394177436828613,90079.0
0.25394177436828613,90194.0
0.25394177436828613,90312.0
0.26966071128845215,90416.0
0.26966071128845215,90518.0
0.26966071128845215,90385.0
0.26966071128845215,90499.0
0.26966071128845215,90605.0
0.26966071128845215,90709.0
0.26966071128845215,90813.0
0.26966071128845215,90914.0
0.285290002822876,90810.0
0.285290002822876,90914.0
0.285290002822876,91015.0
0.3009026050567627,91119.0
