0.0,11834.0
0.0,12367.0
0.0,12500.0
0.0,12078.0
0.0,12201.0
0.0,12609.0
0.0,12052.0
0.0,12532.0
0.0,12657.0
0.0,12809.0
0.0,12383.0
0.0,12777.0
0.0,12890.0
0.0,12999.0
0.0,13115.0
0.0,13008.0
0.0,12614.0
0.0,12959.0
0.0,13109.0
0.0,12937.0
0.0,13084.0
0.0,13187.0
0.0,12835.0
0.0,13212.0
0.0,12864.0
0.0,13093.0
0.0,13283.0
0.0,13409.0
0.0,12876.0
0.0,13303.0
0.0,13441.0
0.0,13551.0
0.0,13666.0
0.0,13799.0
0.0,13915.0
0.0,13800.0
0.0,13915.0
0.0,13812.0
0.0,13917.0
0.0,13540.0
0.0,13882.0
0.0,13540.0
0.0,13703.0
0.0,13835.0
0.0,13971.0
0.0,14110.0
0.0,14317.0
0.0,14154.0
0.0,14268.0
0.0,14385.0
0.0,14502.0
0.0,14377.0
0.0,14261.0
0.0,14414.0
0.0,14298.0
0.0,14175.0
0.0,14305.0
0.0,13759.0
0.0,14236.0
0.0,14135.0
0.0,13988.0
0.0,14195.0
0.0,14065.0
0.0,13962.0
0.0,14108.0
0.0,13879.0
0.0,14014.0
0.0,14128.0
0.0,14278.0
0.0,14394.0
0.0,14515.0
0.0,14405.0
0.0,14510.0
0.0,14401.0
0.0,14519.0
0.0,14369.0
0.0,14486.0
0.0,14614.0
0.0,14407.0
0.0,14293.0
0.0,14518.0
0.0,14328.0
0.0,14500.0
0.0,14367.0
0.0,14234.0
0.0,14411.0
0.0,14273.0
0.0,14391.0
0.0,14498.0
0.0,14321.0
0.0,14440.0
0.0,14611.0
0.0,14506.0
0.0,14609.0
0.0,14718.0
0.0,14202.0
0.0,13995.0
0.0,14580.0
0.0,14695.0
0.0,14560.0
0.0,14442.0
0.0,14616.0
0.0,14509.0
0.0,14388.0
0.0,14510.0
0.0,14618.0
0.0,14719.0
0.0,14611.0
0.0,14502.0
0.0,14612.0
0.0,14473.0
0.0,14583.0
0.0,14706.0
0.0,14811.0
0.0,14698.0
0.0,13783.0
0.0,14488.0
0.0,14805.0
0.0,14910.0
0.0,14767.0
0.0,14888.0
0.0,14774.0
0.0,14882.0
0.0,15015.0
0.0,14893.0
0.0,14790.0
0.0,14897.0
0.0,14774.0
0.0,14885.0
0.0,14995.0
0.0,15111.0
0.0,15006.0
0.0,14874.0
0.0,15008.0
0.0,14898.0
0.0,14770.0
0.0,14665.0
0.0,14320.0
0.0,14506.0
0.0,14637.0
0.0,14830.0
0.0,14975.0
0.0,15108.0
0.0,15216.0
0.0,15064.0
0.0,15213.0
0.0,15080.0
0.0,15185.0
0.0,15049.0
0.0,14942.0
0.0,15064.0
0.0,15215.0
0.0,14466.0
0.0,14902.0
0.0,15295.0
0.0,15405.0
0.0,15068.0
0.0,15197.0
0.0,15323.0
0.0,15465.0
0.0,15660.0
0.0,15792.0
0.0,15906.0
0.0,15796.0
0.0,15916.0
0.0,15784.0
0.0,15199.0
0.0,15780.0
0.0,15631.0
0.0,15516.0
0.0,15648.0
0.0,15787.0
0.0,15594.0
0.0,15722.0
0.0,15845.0
0.0,15981.0
0.0,16118.0
0.010007143020629883,15984.0
0.010007143020629883,15858.0
0.010007143020629883,16018.0
0.010007143020629883,15793.0
0.010007143020629883,16005.0
0.010007143020629883,15854.0
0.010007143020629883,16006.0
0.010007143020629883,16114.0
0.010007143020629883,16000.0
0.010007143020629883,16105.0
0.010007143020629883,16215.0
0.010007143020629883,16107.0
0.010007143020629883,16006.0
0.010007143020629883,16116.0
0.010007143020629883,15904.0
0.010007143020629883,16037.0
0.010007143020629883,15920.0
0.010007143020629883,15801.0
0.010007143020629883,16013.0
0.010007143020629883,15620.0
0.010007143020629883,15883.0
0.010007143020629883,16078.0
0.010007143020629883,15970.0
0.010007143020629883,15861.0
0.010007143020629883,16017.0
0.010007143020629883,15902.0
0.010007143020629883,15785.0
0.010007143020629883,15905.0
0.010007143020629883,14960.0
0.010007143020629883,15847.0
0.010007143020629883,15241.0
0.010007143020629883,15908.0
0.010007143020629883,15788.0
0.010007143020629883,15655.0
0.010007143020629883,15074.0
0.010007143020629883,15537.0
0.010007143020629883,15804.0
0.010007143020629883,15396.0
0.010007143020629883,15548.0
0.010007143020629883,15872.0
0.010007143020629883,16004.0
0.010007143020629883,15862.0
0.010007143020629883,15757.0
0.010007143020629883,15639.0
0.010007143020629883,15764.0
0.010007143020629883,15885.0
0.010007143020629883,16015.0
0.010007143020629883,15883.0
0.010007143020629883,15757.0
0.010007143020629883,15862.0
0.010007143020629883,15742.0
0.010007143020629883,15875.0
0.010007143020629883,15612.0
0.010007143020629883,15747.0
0.010007143020629883,15873.0
0.010007143020629883,16009.0
0.010007143020629883,16167.0
0.010007143020629883,16274.0
0.010007143020629883,16169.0
0.010007143020629883,16296.0
0.010007143020629883,16161.0
0.010007143020629883,16044.0
0.010007143020629883,16176.0
0.010007143020629883,16285.0
0.010007143020629883,16152.0
0.010007143020629883,16261.0
0.010007143020629883,16101.0
0.010007143020629883,16217.0
0.010007143020629883,16343.0
0.010007143020629883,16507.0
0.010007143020629883,16361.0
0.010007143020629883,16233.0
0.010007143020629883,16336.0
0.010007143020629883,16206.0
0.010007143020629883,16406.0
0.010007143020629883,16290.0
0.010007143020629883,16407.0
0.010007143020629883,16233.0
0.010007143020629883,16368.0
0.010007143020629883,16518.0
0.010007143020629883,16055.0
0.010007143020629883,16320.0
0.010007143020629883,16536.0
0.010007143020629883,16428.0
0.010007143020629883,16301.0
0.010007143020629883,16434.0
0.010007143020629883,16302.0
0.010007143020629883,16436.0
0.010007143020629883,16610.0
0.010007143020629883,16458.0
0.010007143020629883,16604.0
0.010007143020629883,16711.0
0.010007143020629883,16586.0
0.010007143020629883,16689.0
0.010007143020629883,16557.0
0.010007143020629883,16695.0
0.010007143020629883,16592.0
0.010007143020629883,16719.0
0.010007143020629883,16569.0
0.010007143020629883,16702.0
0.010007143020629883,16819.0
0.010007143020629883,16624.0
0.010007143020629883,16756.0
0.010007143020629883,16584.0
0.010007143020629883,16791.0
0.010007143020629883,16899.0
0.010007143020629883,16743.0
0.010007143020629883,16222.0
0.010007143020629883,16376.0
0.010007143020629883,16640.0
0.010007143020629883,16956.0
0.010007143020629883,17116.0
0.010007143020629883,16984.0
0.010007143020629883,17102.0
0.010007143020629883,17205.0
0.010007143020629883,17318.0
0.010007143020629883,17195.0
0.010007143020629883,17031.0
0.010007143020629883,16915.0
0.010007143020629883,17105.0
0.010007143020629883,16970.0
0.010007143020629883,17105.0
0.010007143020629883,16988.0
0.010007143020629883,15896.0
0.010007143020629883,16263.0
0.010007143020629883,17104.0
0.010007143020629883,16399.0
0.010007143020629883,16569.0
0.010007143020629883,17195.0
0.010007143020629883,17086.0
0.010007143020629883,17195.0
0.010007143020629883,17058.0
0.010007143020629883,17178.0
0.010007143020629883,17300.0
0.010007143020629883,17415.0
0.010007143020629883,16574.0
0.010007143020629883,17105.0
0.010007143020629883,17489.0
0.010007143020629883,17619.0
0.010007143020629883,17504.0
0.010007143020629883,17383.0
0.010007143020629883,17188.0
0.010007143020629883,17067.0
0.010007143020629883,17261.0
0.010007143020629883,17109.0
0.010007143020629883,17226.0
0.010007143020629883,17123.0
0.010007143020629883,17275.0
0.010007143020629883,17416.0
0.010007143020629883,17262.0
0.010007143020629883,17136.0
0.010007143020629883,17273.0
0.010007143020629883,17406.0
0.010007143020629883,17142.0
0.010007143020629883,17012.0
0.010007143020629883,17176.0
0.010007143020629883,17355.0
0.010007143020629883,17470.0
0.010007143020629883,17318.0
0.010007143020629883,17184.0
0.010007143020629883,17005.0
0.010007143020629883,16885.0
0.010007143020629883,17214.0
0.010007143020629883,16890.0
0.010007143020629883,17146.0
0.010007143020629883,16666.0
0.010007143020629883,16933.0
0.010007143020629883,17274.0
0.010007143020629883,17397.0
0.010007143020629883,17251.0
0.010007143020629883,17381.0
0.010007143020629883,17245.0
0.010007143020629883,17045.0
0.010007143020629883,17313.0
0.010007143020629883,17416.0
0.010007143020629883,17204.0
0.010007143020629883,17346.0
0.010007143020629883,17238.0
0.010007143020629883,16183.0
0.010007143020629883,16392.0
0.010007143020629883,16285.0
0.010007143020629883,17231.0
0.010007143020629883,17410.0
0.010007143020629883,17301.0
0.010007143020629883,17188.0
0.010007143020629883,17307.0
0.010007143020629883,17174.0
0.010007143020629883,17293.0
0.010007143020629883,17103.0
0.010007143020629883,16966.0
0.010007143020629883,16650.0
0.010007143020629883,17058.0
0.010007143020629883,17208.0
0.010007143020629883,17085.0
0.010007143020629883,16914.0
0.010007143020629883,16764.0
0.010007143020629883,17010.0
0.010007143020629883,16868.0
0.010007143020629883,17019.0
0.010007143020629883,16583.0
0.010007143020629883,16796.0
0.010007143020629883,17078.0
0.010007143020629883,17197.0
0.010007143020629883,17306.0
0.010007143020629883,17175.0
0.010007143020629883,17283.0
0.010007143020629883,17418.0
0.010007143020629883,17285.0
0.010007143020629883,17156.0
0.010007143020629883,17055.0
0.010007143020629883,16946.0
0.010007143020629883,17087.0
0.010007143020629883,17201.0
0.010007143020629883,17022.0
0.010007143020629883,17211.0
0.010007143020629883,16995.0
0.010007143020629883,17119.0
0.010007143020629883,17290.0
0.010007143020629883,16863.0
0.010007143020629883,17112.0
0.010007143020629883,17415.0
0.010007143020629883,17274.0
0.010007143020629883,17379.0
0.010007143020629883,17193.0
0.010007143020629883,17384.0
0.010007143020629883,17117.0
0.010007143020629883,17251.0
0.010007143020629883,17423.0
0.010007143020629883,17156.0
0.010007143020629883,17480.0
0.010007143020629883,17308.0
0.010007143020629883,17416.0
0.010007143020629883,17524.0
0.010007143020629883,17389.0
0.010007143020629883,17612.0
0.010007143020629883,17363.0
0.010007143020629883,17218.0
0.010007143020629883,17379.0
0.010007143020629883,17600.0
0.010007143020629883,17709.0
0.010007143020629883,17558.0
0.010007143020629883,17679.0
0.010007143020629883,17505.0
0.010007143020629883,17710.0
0.010007143020629883,17381.0
0.010007143020629883,17716.0
0.010007143020629883,17503.0
0.010007143020629883,17647.0
0.010007143020629883,17537.0
0.010007143020629883,17255.0
0.010007143020629883,17613.0
0.010007143020629883,17478.0
0.010007143020629883,17601.0
0.010007143020629883,17457.0
0.010007143020629883,17340.0
0.010007143020629883,17475.0
0.010007143020629883,17341.0
0.010007143020629883,17515.0
0.010007143020629883,17394.0
0.010007143020629883,17289.0
0.010007143020629883,17399.0
0.010007143020629883,17288.0
0.010007143020629883,17155.0
0.010007143020629883,17276.0
0.010007143020629883,17030.0
0.010007143020629883,16925.0
0.010007143020629883,16755.0
0.010007143020629883,16632.0
0.010007143020629883,16950.0
0.010007143020629883,17099.0
0.010007143020629883,16981.0
0.010007143020629883,16086.0
0.010007143020629883,16593.0
0.010007143020629883,17109.0
0.010007143020629883,16970.0
0.010007143020629883,17090.0
0.010007143020629883,16881.0
0.010007143020629883,17016.0
0.010007143020629883,17190.0
0.010007143020629883,17040.0
0.010007143020629883,17185.0
0.010007143020629883,16818.0
0.010007143020629883,17189.0
0.010007143020629883,16658.0
0.010007143020629883,16955.0
0.010007143020629883,17190.0
0.010007143020629883,17404.0
0.010007143020629883,17509.0
0.010007143020629883,17390.0
0.010007143020629883,17510.0
0.010007143020629883,17380.0
0.010007143020629883,17498.0
0.010007143020629883,17393.0
0.010007143020629883,17494.0
0.010007143020629883,17370.0
0.010007143020629883,17251.0
0.010007143020629883,17131.0
0.010007143020629883,17263.0
0.010007143020629883,17381.0
0.010007143020629883,17502.0
0.010007143020629883,17619.0
0.010007143020629883,17510.0
0.010007143020629883,17213.0
0.010007143020629883,17501.0
0.010007143020629883,17384.0
0.010007143020629883,17279.0
0.010007143020629883,17390.0
0.010007143020629883,17216.0
0.010007143020629883,17346.0
0.010007143020629883,17498.0
0.010007143020629883,17346.0
0.010007143020629883,17472.0
0.010007143020629883,17615.0
0.010007143020629883,17451.0
0.010007143020629883,17601.0
0.010007143020629883,17475.0
0.010007143020629883,17372.0
0.010007143020629883,17477.0
0.010007143020629883,17351.0
0.010007143020629883,17484.0
0.010007143020629883,17374.0
0.010007143020629883,17489.0
0.010007143020629883,17605.0
0.010007143020629883,17502.0
0.010007143020629883,17607.0
0.010007143020629883,17457.0
0.010007143020629883,17577.0
0.010007143020629883,17467.0
0.010007143020629883,17619.0
0.010007143020629883,17509.0
0.010007143020629883,17338.0
0.010007143020629883,16967.0
0.010007143020629883,17074.0
0.010007143020629883,17351.0
0.010007143020629883,17542.0
0.010007143020629883,17020.0
0.010007143020629883,17137.0
0.010007143020629883,17509.0
0.010007143020629883,17761.0
0.010007143020629883,17901.0
0.010007143020629883,17394.0
0.010007143020629883,17747.0
0.010007143020629883,17942.0
0.010007143020629883,18105.0
0.010007143020629883,17781.0
0.010007143020629883,17970.0
0.010007143020629883,18158.0
0.010007143020629883,18298.0
0.010007143020629883,18408.0
0.010007143020629883,18255.0
0.010007143020629883,18399.0
0.010007143020629883,18292.0
0.010007143020629883,18409.0
0.010007143020629883,18141.0
0.010007143020629883,18323.0
0.010007143020629883,18162.0
0.010007143020629883,18378.0
0.010007143020629883,18504.0
0.010007143020629883,18399.0
0.010007143020629883,18281.0
0.010007143020629883,18171.0
0.010007143020629883,18070.0
0.010007143020629883,18205.0
0.010007143020629883,18084.0
0.010007143020629883,17700.0
0.010007143020629883,17479.0
0.010007143020629883,17600.0
0.010007143020629883,18079.0
0.010007143020629883,18205.0
0.010007143020629883,18085.0
0.010007143020629883,18218.0
0.010007143020629883,17941.0
0.010007143020629883,18162.0
0.010007143020629883,18027.0
0.010007143020629883,18217.0
0.010007143020629883,18097.0
0.010007143020629883,18198.0
0.010007143020629883,18065.0
0.010007143020629883,18219.0
0.010007143020629883,18030.0
0.010007143020629883,18207.0
0.010007143020629883,18062.0
0.010007143020629883,17921.0
0.010007143020629883,17726.0
0.010007143020629883,17890.0
0.010007143020629883,18079.0
0.010007143020629883,17897.0
0.010007143020629883,18010.0
0.010007143020629883,18129.0
0.010007143020629883,18285.0
0.010007143020629883,18386.0
0.010007143020629883,18242.0
0.010007143020629883,18372.0
0.010007143020629883,18253.0
0.010007143020629883,18137.0
0.010007143020629883,18024.0
0.010007143020629883,18163.0
0.010007143020629883,18283.0
0.010007143020629883,18163.0
0.010007143020629883,18049.0
0.010007143020629883,17923.0
0.010007143020629883,18114.0
0.010007143020629883,17940.0
0.010007143020629883,18114.0
0.010007143020629883,17979.0
0.010007143020629883,17662.0
0.010007143020629883,18015.0
0.010007143020629883,17888.0
0.010007143020629883,17995.0
0.010007143020629883,17730.0
0.010007143020629883,17961.0
0.010007143020629883,18080.0
0.010007143020629883,17886.0
0.010007143020629883,18063.0
0.010007143020629883,18212.0
0.010007143020629883,17989.0
0.010007143020629883,18210.0
0.010007143020629883,17892.0
0.010007143020629883,18117.0
0.010007143020629883,18251.0
0.010007143020629883,18063.0
0.010007143020629883,17811.0
0.010007143020629883,17963.0
0.010007143020629883,17805.0
0.010007143020629883,17932.0
0.010007143020629883,17579.0
0.010007143020629883,18082.0
0.010007143020629883,18242.0
0.010007143020629883,18413.0
0.010007143020629883,18222.0
0.010007143020629883,18086.0
0.010007143020629883,18250.0
0.010007143020629883,18364.0
0.010007143020629883,18247.0
0.010007143020629883,18146.0
0.010007143020629883,18265.0
0.010007143020629883,18374.0
0.010007143020629883,18273.0
0.010007143020629883,17901.0
0.010007143020629883,18255.0
0.010007143020629883,18396.0
0.010007143020629883,18266.0
0.010007143020629883,18369.0
0.010007143020629883,18474.0
0.010007143020629883,18284.0
0.010007143020629883,18107.0
0.010007143020629883,18352.0
0.010007143020629883,18518.0
0.010007143020629883,18311.0
0.010007143020629883,18151.0
0.010007143020629883,18341.0
0.010007143020629883,17983.0
0.010007143020629883,18207.0
0.010007143020629883,17581.0
0.010007143020629883,17870.0
0.010007143020629883,18133.0
0.010007143020629883,18605.0
0.010007143020629883,18502.0
0.010007143020629883,18612.0
0.010007143020629883,18496.0
0.010007143020629883,18363.0
0.010007143020629883,18510.0
0.010007143020629883,18372.0
0.010007143020629883,18481.0
0.010007143020629883,18591.0
0.010007143020629883,18472.0
0.010007143020629883,18367.0
0.010007143020629883,18146.0
0.010007143020629883,18256.0
0.010007143020629883,18428.0
0.010007143020629883,18600.0
0.010007143020629883,18097.0
0.010007143020629883,18310.0
0.010007143020629883,18699.0
0.010007143020629883,18527.0
0.010007143020629883,18669.0
0.010007143020629883,18794.0
0.010007143020629883,18664.0
0.010007143020629883,18451.0
0.010007143020629883,18330.0
0.010007143020629883,18590.0
0.010007143020629883,18436.0
0.010007143020629883,18589.0
0.010007143020629883,18472.0
0.010007143020629883,18577.0
0.010007143020629883,18434.0
0.010007143020629883,18567.0
0.010007143020629883,18403.0
0.010007143020629883,18549.0
0.010007143020629883,18710.0
0.010007143020629883,18043.0
0.010007143020629883,18414.0
0.010007143020629883,18538.0
0.010007143020629883,18870.0
0.010007143020629883,18762.0
0.010007143020629883,18598.0
0.010007143020629883,18489.0
0.010007143020629883,18641.0
0.010007143020629883,18812.0
0.010007143020629883,18641.0
0.010007143020629883,18514.0
0.010007143020629883,18290.0
0.010007143020629883,18413.0
0.010007143020629883,18192.0
0.010007143020629883,18616.0
0.010007143020629883,18494.0
0.010007143020629883,18614.0
0.010007143020629883,18499.0
0.010007143020629883,18350.0
0.010007143020629883,18492.0
0.010007143020629883,18378.0
0.010007143020629883,18486.0
0.010007143020629883,18619.0
0.010007143020629883,18211.0
0.010007143020629883,18600.0
0.010007143020629883,18713.0
0.010007143020629883,18816.0
0.010007143020629883,18674.0
0.010007143020629883,18816.0
0.010007143020629883,18625.0
0.010007143020629883,18816.0
0.010007143020629883,18708.0
0.010007143020629883,18463.0
0.010007143020629883,18599.0
0.010007143020629883,18794.0
0.010007143020629883,18405.0
0.010007143020629883,18804.0
0.010007143020629883,18907.0
0.010007143020629883,19012.0
0.010007143020629883,18895.0
0.010007143020629883,19015.0
0.010007143020629883,18875.0
0.010007143020629883,19010.0
0.010007143020629883,18850.0
0.010007143020629883,18983.0
0.010007143020629883,18831.0
0.010007143020629883,18948.0
0.010007143020629883,18723.0
0.010007143020629883,18969.0
0.010007143020629883,18836.0
0.010007143020629883,18620.0
0.010007143020629883,18903.0
0.010007143020629883,18794.0
0.010007143020629883,18315.0
0.010007143020629883,18785.0
0.010007143020629883,18903.0
0.010007143020629883,18761.0
0.010007143020629883,18896.0
0.010007143020629883,19013.0
0.010007143020629883,18841.0
0.010007143020629883,18998.0
0.010007143020629883,18879.0
0.010007143020629883,18776.0
0.010007143020629883,18897.0
0.010007143020629883,18641.0
0.010007143020629883,18805.0
0.010007143020629883,18999.0
0.010007143020629883,18822.0
0.010007143020629883,18941.0
0.010007143020629883,18780.0
0.010007143020629883,18968.0
0.010007143020629883,19118.0
0.010007143020629883,18997.0
0.010007143020629883,19114.0
0.010007143020629883,19217.0
0.010007143020629883,19102.0
0.010007143020629883,18967.0
0.010007143020629883,18777.0
0.010007143020629883,18994.0
0.010007143020629883,18706.0
0.010007143020629883,18559.0
0.010007143020629883,18660.0
0.010007143020629883,18821.0
0.010007143020629883,19002.0
0.010007143020629883,19193.0
0.010007143020629883,19030.0
0.010007143020629883,19180.0
0.010007143020629883,18989.0
0.010007143020629883,18870.0
0.010007143020629883,19082.0
0.010007143020629883,19208.0
0.010007143020629883,18925.0
0.010007143020629883,19056.0
0.010007143020629883,19269.0
0.010007143020629883,19074.0
0.010007143020629883,19286.0
0.010007143020629883,19129.0
0.010007143020629883,19248.0
0.010007143020629883,19364.0
0.010007143020629883,19170.0
0.010007143020629883,19358.0
0.010007143020629883,19218.0
0.010007143020629883,19392.0
0.010007143020629883,19179.0
0.010007143020629883,19288.0
0.010007143020629883,19416.0
0.010007143020629883,19605.0
0.010007143020629883,19497.0
0.010007143020629883,19308.0
0.010007143020629883,19505.0
0.010007143020629883,19372.0
0.010007143020629883,19499.0
0.010007143020629883,19325.0
0.010007143020629883,19457.0
0.010007143020629883,19598.0
0.010007143020629883,19437.0
0.010007143020629883,19546.0
0.010007143020629883,19357.0
0.010007143020629883,19152.0
0.010007143020629883,19405.0
0.010007143020629883,19297.0
0.010007143020629883,19145.0
0.010007143020629883,19345.0
0.010007143020629883,19489.0
0.010007143020629883,19347.0
0.010007143020629883,19510.0
0.010007143020629883,19389.0
0.010007143020629883,19264.0
0.010007143020629883,19128.0
0.010007143020629883,19264.0
0.010007143020629883,18910.0
0.010007143020629883,19306.0
0.010007143020629883,19175.0
0.010007143020629883,19315.0
0.010007143020629883,19183.0
0.010007143020629883,18937.0
0.010007143020629883,19137.0
0.010007143020629883,18943.0
0.010007143020629883,18427.0
0.010007143020629883,19023.0
0.010007143020629883,19207.0
0.010007143020629883,19085.0
0.010007143020629883,18936.0
0.010007143020629883,18748.0
0.010007143020629883,18908.0
0.010007143020629883,18785.0
0.010007143020629883,18956.0
0.010007143020629883,18838.0
0.010007143020629883,18991.0
0.010007143020629883,18856.0
0.010007143020629883,18972.0
0.010007143020629883,18791.0
0.010007143020629883,18979.0
0.010007143020629883,18839.0
0.010007143020629883,19011.0
0.010007143020629883,18587.0
0.010007143020629883,18793.0
0.010007143020629883,19070.0
0.010007143020629883,18944.0
0.010007143020629883,19080.0
0.010007143020629883,19200.0
0.010007143020629883,19308.0
0.010007143020629883,19416.0
0.010007143020629883,19228.0
0.010007143020629883,19399.0
0.010007143020629883,19500.0
0.010007143020629883,19384.0
0.010007143020629883,19218.0
0.010007143020629883,19351.0
0.010007143020629883,19498.0
0.010007143020629883,19613.0
0.010007143020629883,19506.0
0.010007143020629883,19243.0
0.010007143020629883,19436.0
0.010007143020629883,19236.0
0.010007143020629883,19462.0
0.010007143020629883,19597.0
0.026064634323120117,19716.0
0.026064634323120117,19606.0
0.026064634323120117,19394.0
0.026064634323120117,19606.0
0.026064634323120117,19394.0
0.026064634323120117,19284.0
0.026779651641845703,19506.0
0.026779651641845703,19396.0
0.026779651641845703,19519.0
0.026779651641845703,19373.0
0.026779651641845703,19505.0
0.026779651641845703,19274.0
0.026779651641845703,19416.0
0.026779651641845703,19606.0
0.026779651641845703,19353.0
0.026779651641845703,19584.0
0.026779651641845703,19706.0
0.026779651641845703,19587.0
0.026779651641845703,19416.0
0.026779651641845703,19568.0
0.026779651641845703,19448.0
0.026779651641845703,19343.0
0.026779651641845703,19187.0
0.026779651641845703,18998.0
0.026779651641845703,19149.0
0.026779651641845703,19343.0
0.026779651641845703,19471.0
0.026779651641845703,19581.0
0.026779651641845703,19714.0
0.026779651641845703,19605.0
0.026779651641845703,19414.0
0.026779651641845703,19580.0
0.026779651641845703,19427.0
0.026779651641845703,19286.0
0.026779651641845703,19506.0
0.026779651641845703,19382.0
0.026779651641845703,19189.0
0.026779651641845703,19368.0
0.026779651641845703,19259.0
0.026779651641845703,19385.0
0.026779651641845703,19280.0
0.026779651641845703,19058.0
0.026779651641845703,19303.0
0.026779651641845703,19159.0
0.026779651641845703,18763.0
0.026779651641845703,18915.0
0.026779651641845703,19078.0
0.026779651641845703,19252.0
0.026779651641845703,19425.0
0.026779651641845703,19617.0
0.026779651641845703,19491.0
0.026779651641845703,19159.0
0.026779651641845703,19467.0
0.026779651641845703,19320.0
0.026779651641845703,19192.0
0.026779651641845703,19414.0
0.026779651641845703,19281.0
0.026779651641845703,19084.0
0.026779651641845703,19208.0
0.026779651641845703,19371.0
0.026779651641845703,19486.0
0.026779651641845703,19614.0
0.026779651641845703,19506.0
0.026779651641845703,19280.0
0.026779651641845703,19144.0
0.026779651641845703,19289.0
0.026779651641845703,19512.0
0.026779651641845703,19377.0
0.026779651641845703,19264.0
0.026779651641845703,19145.0
0.026779651641845703,19044.0
0.026779651641845703,19170.0
0.026779651641845703,19318.0
0.026779651641845703,19128.0
0.026779651641845703,19309.0
0.026779651641845703,19417.0
0.026779651641845703,19282.0
0.026779651641845703,19094.0
0.026779651641845703,18741.0
0.026779651641845703,19019.0
0.026779651641845703,18742.0
0.026779651641845703,18882.0
0.026779651641845703,19105.0
0.026779651641845703,19266.0
0.026779651641845703,19146.0
0.026779651641845703,19320.0
0.026779651641845703,19219.0
0.026779651641845703,19077.0
0.026779651641845703,19221.0
0.026779651641845703,19415.0
0.026779651641845703,19126.0
0.026779651641845703,18906.0
0.026779651641845703,19302.0
0.026779651641845703,19118.0
0.026779651641845703,19243.0
0.026779651641845703,19080.0
0.026779651641845703,18972.0
0.026779651641845703,18808.0
0.026779651641845703,18996.0
0.026779651641845703,19157.0
0.026779651641845703,19292.0
0.026779651641845703,19120.0
0.026779651641845703,19269.0
0.026779651641845703,19095.0
0.026779651641845703,19293.0
0.026779651641845703,19158.0
0.026779651641845703,19263.0
0.026779651641845703,19097.0
0.026779651641845703,19235.0
0.026779651641845703,19012.0
0.026779651641845703,19243.0
0.026779651641845703,19133.0
0.026779651641845703,19304.0
0.026779651641845703,19131.0
0.026779651641845703,19239.0
0.026779651641845703,19379.0
0.026779651641845703,19514.0
0.026779651641845703,19361.0
0.026779651641845703,19130.0
0.026779651641845703,19302.0
0.026779651641845703,19505.0
0.026779651641845703,19288.0
0.026779651641845703,19515.0
0.026779651641845703,19284.0
0.026779651641845703,19455.0
0.026779651641845703,19562.0
0.026779651641845703,19452.0
0.026779651641845703,19587.0
0.026779651641845703,19707.0
0.026779651641845703,19546.0
0.026779651641845703,19692.0
0.026779651641845703,19567.0
0.026779651641845703,19709.0
0.026779651641845703,19511.0
0.026779651641845703,19711.0
0.03220176696777344,19589.0
0.03220176696777344,19694.0
0.03220176696777344,19804.0
0.03220176696777344,19686.0
0.03220176696777344,19819.0
0.03220176696777344,19711.0
0.03220176696777344,19601.0
0.03220176696777344,19711.0
0.03220176696777344,19540.0
0.03220176696777344,19664.0
0.03220176696777344,19793.0
0.03220176696777344,19676.0
0.03220176696777344,19793.0
0.03220176696777344,19913.0
0.03220176696777344,19739.0
0.03220176696777344,19616.0
0.03220176696777344,19782.0
0.03220176696777344,19901.0
0.03220176696777344,19768.0
0.03220176696777344,19663.0
0.03220176696777344,19529.0
0.03220176696777344,19409.0
0.03220176696777344,19267.0
0.03220176696777344,19093.0
0.03220176696777344,19389.0
0.03220176696777344,19497.0
0.03220176696777344,19615.0
0.03220176696777344,19507.0
0.03220176696777344,19355.0
0.03220176696777344,19480.0
0.03220176696777344,19589.0
0.03220176696777344,19377.0
0.03220176696777344,19606.0
0.03220176696777344,19435.0
0.03220176696777344,19536.0
0.03220176696777344,19710.0
0.03220176696777344,19233.0
0.03220176696777344,18988.0
0.03220176696777344,19130.0
0.03220176696777344,19413.0
0.03220176696777344,19544.0
0.03220176696777344,19433.0
0.03220176696777344,19672.0
0.03220176696777344,19918.0
0.03220176696777344,19704.0
0.03220176696777344,19512.0
0.03220176696777344,19727.0
0.03220176696777344,19575.0
0.03220176696777344,19689.0
0.03220176696777344,19848.0
0.03220176696777344,20001.0
0.03220176696777344,20102.0
0.03220176696777344,19974.0
0.03220176696777344,19865.0
0.03220176696777344,20001.0
0.03220176696777344,19841.0
0.03220176696777344,19723.0
0.03220176696777344,19844.0
0.03220176696777344,19954.0
0.03220176696777344,20075.0
0.03220176696777344,19887.0
0.03220176696777344,20089.0
0.03220176696777344,19938.0
0.03220176696777344,20102.0
0.03220176696777344,19963.0
0.03220176696777344,20076.0
0.03220176696777344,19967.0
0.03220176696777344,20076.0
0.03220176696777344,20187.0
0.03220176696777344,20077.0
0.03220176696777344,19681.0
0.03220176696777344,20039.0
0.03220176696777344,20174.0
0.03220176696777344,20011.0
0.03220176696777344,20201.0
0.03220176696777344,20309.0
0.03220176696777344,20182.0
0.03220176696777344,19922.0
0.03220176696777344,19805.0
0.03220176696777344,20028.0
0.03220176696777344,19732.0
0.03220176696777344,19953.0
0.03220176696777344,19848.0
0.03220176696777344,20112.0
0.03220176696777344,20009.0
0.03220176696777344,19638.0
0.03220176696777344,19747.0
0.03220176696777344,20119.0
0.03220176696777344,20016.0
0.03220176696777344,19878.0
0.03220176696777344,19759.0
0.03220176696777344,19912.0
0.03220176696777344,19513.0
0.03220176696777344,19618.0
0.03220176696777344,19874.0
0.03220176696777344,20119.0
0.03220176696777344,19897.0
0.03220176696777344,20081.0
0.03220176696777344,19910.0
0.03220176696777344,20099.0
0.03220176696777344,19946.0
0.03220176696777344,20118.0
0.03220176696777344,19983.0
0.03220176696777344,19841.0
0.03220176696777344,19993.0
0.03220176696777344,20115.0
0.03220176696777344,20218.0
0.03220176696777344,20083.0
0.03220176696777344,20200.0
0.03220176696777344,20310.0
0.03220176696777344,20178.0
0.03220176696777344,20301.0
0.03220176696777344,20117.0
0.03220176696777344,19996.0
0.03220176696777344,20105.0
0.03220176696777344,20294.0
0.03220176696777344,20412.0
0.03220176696777344,20283.0
0.03220176696777344,20388.0
0.03220176696777344,20263.0
0.03220176696777344,20060.0
0.03220176696777344,20214.0
0.03220176696777344,20334.0
0.03220176696777344,20443.0
0.03220176696777344,20334.0
0.03220176696777344,20211.0
0.03220176696777344,20416.0
0.03220176696777344,20306.0
0.03220176696777344,20115.0
0.03220176696777344,20313.0
0.03220176696777344,20180.0
0.03220176696777344,19839.0
0.03220176696777344,20200.0
0.03220176696777344,20309.0
0.035712480545043945,20204.0
0.035712480545043945,20309.0
0.035712480545043945,20419.0
0.035712480545043945,20278.0
0.035712480545043945,20403.0
0.035712480545043945,20519.0
0.035712480545043945,20406.0
0.035712480545043945,20291.0
0.035712480545043945,20155.0
0.035712480545043945,20304.0
0.035712480545043945,20021.0
0.035712480545043945,19881.0
0.035712480545043945,20177.0
0.035712480545043945,20315.0
0.035712480545043945,20184.0
0.035712480545043945,20038.0
0.035712480545043945,19922.0
0.035712480545043945,20118.0
0.035712480545043945,19912.0
0.035712480545043945,20114.0
0.035712480545043945,19893.0
0.035712480545043945,20109.0
0.035712480545043945,19976.0
0.035712480545043945,20117.0
0.035712480545043945,20008.0
0.035712480545043945,19900.0
0.035712480545043945,19786.0
0.035712480545043945,19670.0
0.035712480545043945,19565.0
0.035712480545043945,19710.0
0.035712480545043945,19536.0
0.035712480545043945,19651.0
0.035712480545043945,19791.0
0.035712480545043945,19620.0
0.035712480545043945,19753.0
0.035712480545043945,19899.0
0.035712480545043945,19727.0
0.035712480545043945,19566.0
0.035712480545043945,19758.0
0.035712480545043945,19902.0
0.035712480545043945,19766.0
0.035712480545043945,19622.0
0.035712480545043945,19422.0
0.035712480545043945,19545.0
0.035712480545043945,19762.0
0.035712480545043945,19904.0
0.035712480545043945,19702.0
0.035712480545043945,19910.0
0.035712480545043945,20018.0
0.035712480545043945,19900.0
0.035712480545043945,20019.0
0.035712480545043945,19908.0
0.035712480545043945,19766.0
0.035712480545043945,19876.0
0.035712480545043945,20006.0
0.035712480545043945,20109.0
0.035712480545043945,19960.0
0.035712480545043945,20076.0
0.035712480545043945,19606.0
0.035712480545043945,19935.0
0.035712480545043945,20093.0
0.035712480545043945,20279.0
0.035712480545043945,20418.0
0.035712480545043945,20288.0
0.035712480545043945,20402.0
0.035712480545043945,20301.0
0.035712480545043945,20086.0
0.035712480545043945,20228.0
0.035712480545043945,20118.0
0.035712480545043945,20274.0
0.035712480545043945,20390.0
0.035712480545043945,20499.0
0.035712480545043945,20600.0
0.035712480545043945,20714.0
0.035712480545043945,20572.0
0.035712480545043945,20707.0
0.035712480545043945,20509.0
0.035712480545043945,20675.0
0.035712480545043945,20810.0
0.035712480545043945,20684.0
0.035712480545043945,20560.0
0.035712480545043945,20452.0
0.035712480545043945,20562.0
0.035712480545043945,20698.0
0.035712480545043945,20588.0
0.035712480545043945,20487.0
0.035712480545043945,20367.0
0.035712480545043945,20178.0
0.035712480545043945,20329.0
0.035712480545043945,20470.0
0.035712480545043945,20600.0
0.035712480545043945,20499.0
0.035712480545043945,20607.0
0.035712480545043945,20717.0
0.035712480545043945,20594.0
0.035712480545043945,20714.0
0.035712480545043945,20487.0
0.035712480545043945,20676.0
0.035712480545043945,20573.0
0.035712480545043945,20706.0
0.035712480545043945,20590.0
0.035712480545043945,20455.0
0.035712480545043945,20348.0
0.035712480545043945,20215.0
0.035712480545043945,20075.0
0.035712480545043945,20249.0
0.035712480545043945,20367.0
0.035712480545043945,20262.0
0.035712480545043945,20390.0
0.035712480545043945,20517.0
0.035712480545043945,20365.0
0.035712480545043945,20478.0
0.035712480545043945,20583.0
0.035712480545043945,20360.0
0.035712480545043945,20511.0
0.035712480545043945,20655.0
0.035712480545043945,20504.0
0.035712480545043945,20620.0
0.035712480545043945,20723.0
0.035712480545043945,20579.0
0.035712480545043945,20791.0
0.035712480545043945,20663.0
0.035712480545043945,20816.0
0.035712480545043945,20683.0
0.035712480545043945,20494.0
0.035712480545043945,20613.0
0.035712480545043945,20741.0
0.035712480545043945,20911.0
0.035712480545043945,20794.0
0.035712480545043945,20895.0
0.035712480545043945,21000.0
0.035712480545043945,21108.0
0.035712480545043945,20896.0
0.035712480545043945,20746.0
0.035712480545043945,20907.0
0.035712480545043945,20699.0
0.035712480545043945,21015.0
0.035712480545043945,20870.0
0.035712480545043945,20996.0
0.035712480545043945,20826.0
0.035712480545043945,20987.0
0.035712480545043945,20824.0
0.035712480545043945,20680.0
0.035712480545043945,20874.0
0.035712480545043945,20758.0
0.035712480545043945,20564.0
0.035712480545043945,20680.0
0.035712480545043945,20814.0
0.035712480545043945,21012.0
0.035712480545043945,20810.0
0.035712480545043945,21005.0
0.035712480545043945,20900.0
0.035712480545043945,20778.0
0.035712480545043945,20670.0
0.035712480545043945,20802.0
0.035712480545043945,20676.0
0.035712480545043945,20808.0
0.035712480545043945,20655.0
0.035712480545043945,20788.0
0.035712480545043945,20596.0
0.035712480545043945,20804.0
0.035712480545043945,20905.0
0.035712480545043945,20787.0
0.035712480545043945,20634.0
0.035712480545043945,20515.0
0.035712480545043945,20406.0
0.035712480545043945,20600.0
0.035712480545043945,20465.0
0.035712480545043945,20350.0
0.035712480545043945,20465.0
0.035712480545043945,20304.0
0.035712480545043945,20143.0
0.035712480545043945,20369.0
0.035712480545043945,20228.0
0.035712480545043945,20093.0
0.035712480545043945,19899.0
0.035712480545043945,20144.0
0.035712480545043945,20279.0
0.035712480545043945,20147.0
0.035712480545043945,20313.0
0.035712480545043945,20204.0
0.035712480545043945,19732.0
0.035712480545043945,20210.0
0.035712480545043945,20072.0
0.035712480545043945,19937.0
0.035712480545043945,19824.0
0.035712480545043945,19962.0
0.035712480545043945,19804.0
0.035712480545043945,19946.0
0.035712480545043945,20106.0
0.035712480545043945,19998.0
0.035712480545043945,19882.0
0.035712480545043945,20011.0
0.035712480545043945,19894.0
0.035712480545043945,19999.0
0.035712480545043945,20117.0
0.035712480545043945,19965.0
0.035712480545043945,19850.0
0.035712480545043945,19994.0
0.035712480545043945,19771.0
0.035712480545043945,19526.0
0.035712480545043945,19718.0
0.035712480545043945,19898.0
0.035712480545043945,20062.0
0.035712480545043945,20205.0
0.035712480545043945,20100.0
0.035712480545043945,20219.0
0.035712480545043945,20094.0
0.035712480545043945,19991.0
0.035712480545043945,19884.0
0.035712480545043945,19764.0
0.035712480545043945,19877.0
0.035712480545043945,19994.0
0.04172849655151367,19830.0
0.04172849655151367,19962.0
0.04172849655151367,20107.0
0.04172849655151367,19998.0
0.04172849655151367,19690.0
0.04172849655151367,19921.0
0.04172849655151367,20115.0
0.042427778244018555,19981.0
0.042427778244018555,19871.0
0.042427778244018555,19625.0
0.042427778244018555,19885.0
0.042427778244018555,19739.0
0.042427778244018555,19918.0
0.042427778244018555,19817.0
0.042427778244018555,19689.0
0.042427778244018555,19797.0
0.042427778244018555,19678.0
0.042427778244018555,19806.0
0.042427778244018555,19913.0
0.04294729232788086,19781.0
0.04294729232788086,19671.0
0.04294729232788086,19799.0
0.04294729232788086,19917.0
0.04294729232788086,19803.0
0.04294729232788086,19679.0
0.04294729232788086,19487.0
0.04294729232788086,19651.0
0.04294729232788086,19770.0
0.04294729232788086,19903.0
0.04294729232788086,19707.0
0.04294729232788086,19878.0
0.04294729232788086,19995.0
0.04294729232788086,20116.0
0.04294729232788086,19937.0
0.04294729232788086,20072.0
0.04294729232788086,20202.0
0.04294729232788086,20061.0
0.04294729232788086,19853.0
0.04294729232788086,19734.0
0.04294729232788086,19592.0
0.04294729232788086,19744.0
0.04294729232788086,20003.0
0.04294729232788086,19858.0
0.04294729232788086,19486.0
0.04294729232788086,19714.0
0.04294729232788086,19858.0
0.04294729232788086,20080.0
0.04294729232788086,19854.0
0.04294729232788086,20050.0
0.04294729232788086,19931.0
0.04294729232788086,20115.0
0.04294729232788086,19982.0
0.04294729232788086,20117.0
0.04294729232788086,19989.0
0.04294729232788086,19750.0
0.04294729232788086,19866.0
0.04294729232788086,19999.0
0.04294729232788086,19871.0
0.04294729232788086,19612.0
0.04294729232788086,19838.0
0.04294729232788086,20115.0
0.04294729232788086,20218.0
0.04294729232788086,19990.0
0.04294729232788086,20195.0
0.04294729232788086,19931.0
0.04294729232788086,19715.0
0.04294729232788086,19895.0
0.04294729232788086,20159.0
0.04294729232788086,20014.0
0.04294729232788086,20171.0
0.04294729232788086,20311.0
0.04294729232788086,20157.0
0.04294729232788086,20309.0
0.04294729232788086,20171.0
0.04294729232788086,20304.0
0.04294729232788086,20186.0
0.04294729232788086,20030.0
0.04294729232788086,20139.0
0.04294729232788086,20029.0
0.04294729232788086,20151.0
0.04294729232788086,20296.0
0.04294729232788086,20413.0
0.04294729232788086,20256.0
0.04294729232788086,20413.0
0.04294729232788086,20296.0
0.04294729232788086,20183.0
0.04294729232788086,20297.0
0.04294729232788086,20180.0
0.04294729232788086,20077.0
0.04294729232788086,19941.0
0.04294729232788086,20113.0
0.04294729232788086,20008.0
0.04294729232788086,19882.0
0.04294729232788086,19992.0
0.04294729232788086,19820.0
0.04294729232788086,19997.0
0.04294729232788086,20104.0
0.04294729232788086,20001.0
0.04294729232788086,19737.0
0.04294729232788086,19996.0
0.04294729232788086,19830.0
0.04294729232788086,20019.0
0.04294729232788086,19900.0
0.04294729232788086,19770.0
0.04294729232788086,19917.0
0.04294729232788086,19787.0
0.04294729232788086,19906.0
0.04294729232788086,19799.0
0.04294729232788086,19640.0
0.04294729232788086,19532.0
0.04294729232788086,19649.0
0.04294729232788086,19773.0
0.04294729232788086,19896.0
0.04294729232788086,20005.0
0.04294729232788086,19834.0
0.04294729232788086,19998.0
0.04294729232788086,19819.0
0.04294729232788086,19944.0
0.04294729232788086,20107.0
0.04294729232788086,19881.0
0.04294729232788086,20055.0
0.04294729232788086,19946.0
0.04294729232788086,20118.0
0.04294729232788086,19929.0
0.04294729232788086,20100.0
0.04294729232788086,20219.0
0.04294729232788086,20111.0
0.04294729232788086,19945.0
0.04294729232788086,19751.0
0.04294729232788086,19945.0
0.04294729232788086,20111.0
0.04294729232788086,20216.0
0.04294729232788086,20052.0
0.04294729232788086,20161.0
0.04294729232788086,20271.0
0.04294729232788086,20126.0
0.04294729232788086,20303.0
0.04294729232788086,20168.0
0.04294729232788086,20310.0
0.04294729232788086,20190.0
0.04294729232788086,20309.0
0.04294729232788086,20417.0
0.04294729232788086,20292.0
0.04294729232788086,20393.0
0.04294729232788086,20266.0
0.04294729232788086,20151.0
0.04294729232788086,20269.0
0.04294729232788086,20377.0
0.04294729232788086,20504.0
0.04294729232788086,20614.0
0.04294729232788086,20466.0
0.04294729232788086,20333.0
0.04294729232788086,20453.0
0.04294729232788086,20334.0
0.04294729232788086,20486.0
0.04294729232788086,20381.0
0.04294729232788086,20484.0
0.04294729232788086,20610.0
0.04294729232788086,20494.0
0.04294729232788086,20609.0
0.04294729232788086,20486.0
0.04294729232788086,20608.0
0.04294729232788086,20713.0
0.04294729232788086,20527.0
0.04294729232788086,20717.0
0.04294729232788086,20584.0
0.04294729232788086,20457.0
0.04294729232788086,20612.0
0.04294729232788086,20452.0
0.04294729232788086,20342.0
0.04294729232788086,20478.0
0.04294729232788086,20261.0
0.04294729232788086,20396.0
0.04294729232788086,20524.0
0.04294729232788086,20652.0
0.04294729232788086,20763.0
0.04294729232788086,20900.0
0.04294729232788086,20774.0
0.04294729232788086,20660.0
0.04294729232788086,20819.0
0.04294729232788086,20700.0
0.04294729232788086,20599.0
0.04294729232788086,20707.0
0.04294729232788086,20602.0
0.04294729232788086,20469.0
0.04294729232788086,20585.0
0.04294729232788086,20699.0
0.04294729232788086,20570.0
0.04294729232788086,20435.0
0.04294729232788086,20544.0
0.04294729232788086,20692.0
0.04294729232788086,20560.0
0.04294729232788086,20693.0
0.04294729232788086,20794.0
0.04294729232788086,20596.0
0.04294729232788086,20722.0
0.04294729232788086,20892.0
0.04294729232788086,21005.0
0.04294729232788086,20885.0
0.04294729232788086,21018.0
0.04294729232788086,20855.0
0.04294729232788086,20974.0
0.04294729232788086,20794.0
0.04294729232788086,21017.0
0.04294729232788086,20900.0
0.04294729232788086,20772.0
0.04294729232788086,20892.0
0.04294729232788086,20771.0
0.04294729232788086,20878.0
0.04294729232788086,21011.0
0.04294729232788086,20883.0
0.04294729232788086,20711.0
0.04294729232788086,20882.0
0.04294729232788086,21012.0
0.04294729232788086,20893.0
0.04294729232788086,20749.0
0.04294729232788086,20893.0
0.04294729232788086,20774.0
0.04294729232788086,20660.0
0.04294729232788086,20779.0
0.04294729232788086,20637.0
0.04294729232788086,20819.0
0.04294729232788086,20638.0
0.04294729232788086,20759.0
0.04294729232788086,20886.0
0.04294729232788086,20779.0
0.04294729232788086,20896.0
0.04294729232788086,21015.0
0.04294729232788086,20860.0
0.04294729232788086,20991.0
0.04294729232788086,20890.0
0.04294729232788086,20757.0
0.04294729232788086,20891.0
0.04294729232788086,21016.0
0.04294729232788086,20890.0
0.04294729232788086,21013.0
0.04294729232788086,20903.0
0.04294729232788086,20770.0
0.04294729232788086,20902.0
0.04294729232788086,21005.0
0.04294729232788086,20872.0
0.04294729232788086,21013.0
0.04294729232788086,20873.0
0.04294729232788086,20729.0
0.04294729232788086,20607.0
0.04294729232788086,20793.0
0.04294729232788086,20674.0
0.04294729232788086,20537.0
0.04294729232788086,20657.0
0.04294729232788086,20790.0
0.04294729232788086,20680.0
0.04294729232788086,20809.0
0.04294729232788086,20914.0
0.04294729232788086,20762.0
0.04294729232788086,20884.0
0.04294729232788086,20753.0
0.04294729232788086,20650.0
0.04294729232788086,20811.0
0.04294729232788086,20659.0
0.04294729232788086,20809.0
0.04294729232788086,20704.0
0.04294729232788086,20814.0
0.04294729232788086,20686.0
0.04294729232788086,20796.0
0.04294729232788086,20656.0
0.04294729232788086,20791.0
0.04294729232788086,20905.0
0.04294729232788086,20795.0
0.04294729232788086,20914.0
0.04294729232788086,20753.0
0.04294729232788086,20898.0
0.04294729232788086,20663.0
0.04294729232788086,20796.0
0.04294729232788086,21018.0
0.04294729232788086,20901.0
0.04294729232788086,20792.0
0.04294729232788086,20626.0
0.04294729232788086,20808.0
0.04294729232788086,20918.0
0.04294729232788086,20809.0
0.04294729232788086,20919.0
0.04294729232788086,20794.0
0.04294729232788086,20897.0
0.04294729232788086,20692.0
0.04294729232788086,20910.0
0.04294729232788086,20800.0
0.04294729232788086,20915.0
0.04294729232788086,20795.0
0.04294729232788086,20687.0
0.04294729232788086,20804.0
0.04294729232788086,20627.0
0.04294729232788086,20788.0
0.04294729232788086,20674.0
0.05753183364868164,20557.0
0.05753183364868164,20662.0
0.05753183364868164,20771.0
0.05753183364868164,20913.0
0.05753183364868164,20784.0
0.05753183364868164,20661.0
0.05753183364868164,20461.0
0.05753183364868164,20677.0
0.05753183364868164,20778.0
0.05753183364868164,20915.0
0.05753183364868164,20800.0
0.05753183364868164,20639.0
0.05753183364868164,20781.0
0.05753183364868164,20670.0
0.05753183364868164,20819.0
0.05753183364868164,20689.0
0.05753183364868164,20813.0
0.05753183364868164,20918.0
0.05753183364868164,20768.0
0.05753183364868164,20908.0
0.05753183364868164,21015.0
0.05753183364868164,20883.0
0.05753183364868164,20750.0
0.05753183364868164,20867.0
0.05753183364868164,20993.0
0.05753183364868164,21110.0
0.05753183364868164,20988.0
0.05753183364868164,21104.0
0.05753183364868164,20999.0
0.05753183364868164,20872.0
0.05753183364868164,21017.0
0.05753183364868164,20903.0
0.05753183364868164,20787.0
0.05753183364868164,20903.0
0.05753183364868164,20770.0
0.05753183364868164,20889.0
0.05753183364868164,20749.0
0.05753183364868164,20872.0
0.05753183364868164,21018.0
0.05753183364868164,20883.0
0.05753183364868164,21019.0
0.05753183364868164,20914.0
0.05753183364868164,20805.0
0.05753183364868164,20919.0
0.05753183364868164,20809.0
0.05753183364868164,20689.0
0.05753183364868164,20809.0
0.05753183364868164,20918.0
0.05753183364868164,20815.0
0.05753183364868164,20671.0
0.05753183364868164,20786.0
0.05753183364868164,20896.0
0.05753183364868164,20749.0
0.05753183364868164,20859.0
0.05753183364868164,20973.0
0.05753183364868164,21117.0
0.05753183364868164,20895.0
0.05753183364868164,20761.0
0.05753183364868164,20977.0
0.05753183364868164,21105.0
0.05753183364868164,21216.0
0.05753183364868164,21115.0
0.05753183364868164,20929.0
0.05753183364868164,21109.0
0.05753183364868164,21219.0
0.05753183364868164,21047.0
0.05753183364868164,21207.0
0.05753183364868164,21063.0
0.05753183364868164,21166.0
0.05753183364868164,21319.0
0.05753183364868164,21208.0
0.05753183364868164,21090.0
0.05753183364868164,21218.0
0.05753183364868164,21036.0
0.05753183364868164,21207.0
0.05753183364868164,21315.0
0.05753183364868164,21416.0
0.05753183364868164,21306.0
0.05753183364868164,21203.0
0.05753183364868164,21314.0
0.05753183364868164,21419.0
0.05753183364868164,21268.0
0.05753183364868164,21144.0
0.05753183364868164,21297.0
0.05753183364868164,21400.0
0.07317233085632324,21505.0
0.07317233085632324,21385.0
0.07317233085632324,21513.0
0.07317233085632324,21403.0
0.07317233085632324,21513.0
0.07317233085632324,21371.0
0.07557153701782227,21503.0
0.07557153701782227,21384.0
0.07557153701782227,21493.0
0.07557153701782227,21334.0
0.07557153701782227,21469.0
0.07557153701782227,21601.0
0.07557153701782227,21711.0
0.07557153701782227,21575.0
0.07557153701782227,21708.0
0.07557153701782227,21597.0
0.07557153701782227,21489.0
0.07557153701782227,21318.0
0.07557153701782227,21510.0
0.07557153701782227,21378.0
0.07557153701782227,21489.0
0.07557153701782227,21611.0
0.07557153701782227,21465.0
0.07557153701782227,21609.0
0.07557153701782227,21717.0
0.07557153701782227,21602.0
0.07557153701782227,21501.0
0.07557153701782227,21616.0
0.07557153701782227,21717.0
0.07557153701782227,21598.0
0.07557153701782227,21717.0
0.07557153701782227,21610.0
0.07557153701782227,21494.0
0.07557153701782227,21610.0
0.07557153701782227,21717.0
0.08989644050598145,21616.0
0.08989644050598145,21717.0
