0.0,11898.0
0.0,12333.0
0.0,12494.0
0.0,11888.0
0.0,12446.0
0.0,12617.0
0.0,12265.0
0.0,12612.0
0.0,12451.0
0.0,12568.0
0.0,12706.0
0.0,12815.0
0.0,12918.0
0.0,12817.0
0.0,12674.0
0.0,12807.0
0.0,12916.0
0.0,12494.0
0.0,12848.0
0.0,12953.0
0.0,12527.0
0.0,12990.0
0.0,13111.0
0.0,12990.0
0.0,13109.0
0.0,12552.0
0.0,12687.0
0.0,13076.0
0.0,13278.0
0.0,13393.0
0.0,13508.0
0.0,13615.0
0.0,12560.0
0.0,12839.0
0.0,13500.0
0.0,13783.0
0.0,13891.0
0.0,13790.0
0.0,13891.0
0.0,14013.0
0.0,14118.0
0.0,13980.0
0.0,14116.0
0.0,13653.0
0.0,13876.0
0.0,14152.0
0.0,14035.0
0.0,14201.0
0.0,13452.0
0.0,14060.0
0.0,13957.0
0.0,14198.0
0.0,14095.0
0.0,13986.0
0.0,13703.0
0.0,13837.0
0.0,14025.0
0.0,13891.0
0.0,13758.0
0.0,13922.0
0.0,14083.0
0.0,13736.0
0.0,13988.0
0.0,14127.0
0.0,13961.0
0.0,13376.0
0.0,13271.0
0.0,13792.0
0.0,13990.0
0.0,14169.0
0.0,14294.0
0.0,14416.0
0.0,14519.0
0.0,14358.0
0.0,14502.0
0.0,14611.0
0.0,14504.0
0.0,14316.0
0.0,14474.0
0.0,14606.0
0.0,14716.0
0.0,14594.0
0.0,14714.0
0.0,14550.0
0.0,14676.0
0.0,14790.0
0.0,14918.0
0.0,14716.0
0.0,14909.0
0.0,14800.0
0.0,14917.0
0.0,14309.0
0.0,14452.0
0.0,14883.0
0.0,15017.0
0.0,15207.0
0.0,15316.0
0.0,14881.0
0.0,15136.0
0.0,15322.0
0.0,15511.0
0.0,15616.0
0.0,15719.0
0.0,15591.0
0.0,15465.0
0.0,15322.0
0.0,15455.0
0.0,15345.0
0.0,15455.0
0.0,15352.0
0.0,15496.0
0.0,15393.0
0.0,15511.0
0.0,15372.0
0.0,15507.0
0.0,15349.0
0.0,15504.0
0.0,15384.0
0.0,15487.0
0.0,15592.0
0.0,15448.0
0.0,15614.0
0.0,15225.0
0.0,15524.0
0.0,15654.0
0.0,15787.0
0.0,15897.0
0.0,15718.0
0.0,15838.0
0.0,15735.0
0.0,15627.0
0.0,15755.0
0.0,15233.0
0.0,15737.0
0.0,15636.0
0.0,15815.0
0.0,15697.0
0.0,15582.0
0.0,15448.0
0.0,15254.0
0.0,15454.0
0.0,15568.0
0.0,15443.0
0.0,15604.0
0.0,15449.0
0.0,15614.0
0.0,15504.0
0.0,15390.0
0.0,15507.0
0.0,15341.0
0.0,15492.0
0.0,15372.0
0.0,15507.0
0.0,15346.0
0.0,15241.0
0.0,15383.0
0.0,15509.0
0.0,15610.0
0.0,15445.0
0.0,15554.0
0.0,15421.0
0.0,15532.0
0.0,15633.0
0.0,15497.0
0.0,15304.0
0.0,15438.0
0.0,15691.0
0.0,15805.0
0.0,15672.0
0.0,15793.0
0.0,15683.0
0.0,15799.0
0.0,15253.0
0.0,15562.0
0.0,15891.0
0.0,15749.0
0.0,15905.0
0.0,15715.0
0.0,15879.0
0.0,15550.0
0.0,15858.0
0.0,15686.0
0.0,15838.0
0.0,15971.0
0.0,15718.0
0.0,16019.0
0.0,15855.0
0.0,16007.0
0.0,15902.0
0.01562047004699707,15770.0
0.01562047004699707,15875.0
0.01562047004699707,15741.0
0.01562047004699707,15615.0
0.01562047004699707,15747.0
0.01562047004699707,15857.0
0.01562047004699707,15973.0
0.01562047004699707,15864.0
0.01562047004699707,15998.0
0.01562047004699707,16113.0
0.01562047004699707,15991.0
0.01562047004699707,15856.0
0.01562047004699707,16016.0
0.01562047004699707,15764.0
0.01562047004699707,16014.0
0.01562047004699707,15881.0
0.01562047004699707,16013.0
0.01562047004699707,15879.0
0.01623392105102539,15375.0
0.01623392105102539,15766.0
0.01623392105102539,15651.0
0.01623392105102539,15863.0
0.01623392105102539,15472.0
0.01623392105102539,15589.0
0.01623392105102539,15786.0
0.01623392105102539,16003.0
0.01623392105102539,16194.0
0.01623392105102539,16093.0
0.01623392105102539,15976.0
0.01623392105102539,15866.0
0.01623392105102539,15752.0
0.01623392105102539,15637.0
0.01623392105102539,15777.0
0.01623392105102539,15676.0
0.01623392105102539,15804.0
0.01623392105102539,15495.0
0.01623392105102539,15731.0
0.01623392105102539,15617.0
0.01623392105102539,15438.0
0.01623392105102539,15541.0
0.01623392105102539,15718.0
0.01623392105102539,15852.0
0.01623392105102539,16015.0
0.01623392105102539,15906.0
0.01623392105102539,15475.0
0.01623392105102539,15827.0
0.01623392105102539,16016.0
0.01623392105102539,15882.0
0.01623392105102539,15545.0
0.01623392105102539,15875.0
0.01623392105102539,15652.0
0.01623392105102539,15908.0
0.01623392105102539,15803.0
0.01623392105102539,15918.0
0.01623392105102539,15718.0
0.01623392105102539,15915.0
0.01623392105102539,14970.0
0.01623392105102539,15532.0
0.01623392105102539,15725.0
0.01623392105102539,16115.0
0.01623392105102539,15994.0
0.01623392105102539,15642.0
0.01623392105102539,15949.0
0.01623392105102539,16059.0
0.01623392105102539,16194.0
0.01623392105102539,16005.0
0.01623392105102539,16184.0
0.01623392105102539,16065.0
0.01623392105102539,16182.0
0.01623392105102539,16318.0
0.01623392105102539,16201.0
0.01623392105102539,16306.0
0.01623392105102539,16166.0
0.01623392105102539,16315.0
0.01623392105102539,16187.0
0.01623392105102539,16305.0
0.01623392105102539,16189.0
0.01623392105102539,15953.0
0.01623392105102539,15836.0
0.01623392105102539,16092.0
0.01623392105102539,16209.0
0.01623392105102539,16104.0
0.01623392105102539,15854.0
0.01623392105102539,16057.0
0.01623392105102539,16179.0
0.01623392105102539,16016.0
0.01623392105102539,16180.0
0.01623392105102539,16065.0
0.01623392105102539,16184.0
0.01623392105102539,16032.0
0.01623392105102539,15883.0
0.01623392105102539,16016.0
0.01623392105102539,16179.0
0.01623392105102539,16074.0
0.01623392105102539,15857.0
0.01623392105102539,16002.0
0.01623392105102539,16194.0
0.01623392105102539,16023.0
0.01623392105102539,16189.0
0.01623392105102539,16299.0
0.01623392105102539,16108.0
0.01623392105102539,16274.0
0.01623392105102539,16111.0
0.01623392105102539,16265.0
0.01623392105102539,16120.0
0.01623392105102539,16311.0
0.01623392105102539,16179.0
0.01623392105102539,16293.0
0.01623392105102539,16413.0
0.01623392105102539,16278.0
0.01623392105102539,16080.0
0.01623392105102539,15877.0
0.01623392105102539,16071.0
0.01623392105102539,16287.0
0.01623392105102539,16410.0
0.01623392105102539,16256.0
0.01623392105102539,16112.0
0.01623392105102539,15992.0
0.01623392105102539,16186.0
0.01623392105102539,15856.0
0.01623392105102539,16202.0
0.01623392105102539,16069.0
0.01623392105102539,16170.0
0.01623392105102539,16290.0
0.01623392105102539,16416.0
0.01623392105102539,16284.0
0.01623392105102539,16133.0
0.01623392105102539,16275.0
0.01623392105102539,16383.0
0.01623392105102539,16500.0
0.01623392105102539,16146.0
0.01623392105102539,16279.0
0.01623392105102539,16468.0
0.01623392105102539,15553.0
0.01623392105102539,15695.0
0.01623392105102539,16193.0
0.01623392105102539,16601.0
0.01623392105102539,16883.0
0.01623392105102539,17015.0
0.01623392105102539,16707.0
0.01623392105102539,16862.0
0.01623392105102539,17054.0
0.01623392105102539,16877.0
0.01623392105102539,16529.0
0.01623392105102539,16673.0
0.01623392105102539,17073.0
0.01623392105102539,16953.0
0.01623392105102539,17117.0
0.01623392105102539,16982.0
0.01623392105102539,16703.0
0.01623392105102539,16873.0
0.01623392105102539,17036.0
0.01623392105102539,17162.0
0.01623392105102539,17313.0
0.01623392105102539,17177.0
0.01623392105102539,17011.0
0.01623392105102539,16818.0
0.01623392105102539,16982.0
0.01623392105102539,17185.0
0.01623392105102539,17295.0
0.01623392105102539,17400.0
0.01623392105102539,17240.0
0.01623392105102539,16719.0
0.01623392105102539,17110.0
0.01623392105102539,17318.0
0.01623392105102539,17176.0
0.01623392105102539,17041.0
0.01623392105102539,17281.0
0.01623392105102539,17130.0
0.01623392105102539,17291.0
0.01623392105102539,16992.0
0.01623392105102539,17245.0
0.01623392105102539,17053.0
0.01623392105102539,17224.0
0.01623392105102539,16824.0
0.01623392105102539,17142.0
0.01623392105102539,17275.0
0.01623392105102539,17432.0
0.01623392105102539,17560.0
0.01623392105102539,17680.0
0.01623392105102539,17800.0
0.01623392105102539,17499.0
0.01623392105102539,17335.0
0.01623392105102539,17132.0
0.01623392105102539,17456.0
0.01623392105102539,17600.0
0.01623392105102539,17781.0
0.01623392105102539,17680.0
0.01623392105102539,17483.0
0.01623392105102539,17680.0
0.01623392105102539,17519.0
0.01623392105102539,17699.0
0.01623392105102539,17579.0
0.01623392105102539,17189.0
0.01623392105102539,17566.0
0.01623392105102539,17718.0
0.01623392105102539,17608.0
0.01623392105102539,17301.0
0.01623392105102539,17483.0
0.01623392105102539,16588.0
0.01623392105102539,16975.0
0.01623392105102539,17343.0
0.01623392105102539,17673.0
0.01623392105102539,17873.0
0.01623392105102539,17768.0
0.01623392105102539,17659.0
0.01623392105102539,17526.0
0.01623392105102539,17244.0
0.01623392105102539,17508.0
0.01623392105102539,17715.0
0.01623392105102539,17385.0
0.01623392105102539,17574.0
0.01623392105102539,17787.0
0.01623392105102539,17606.0
0.01623392105102539,17734.0
0.01623392105102539,17854.0
0.01623392105102539,17991.0
0.01623392105102539,17583.0
0.01623392105102539,18015.0
0.01623392105102539,17887.0
0.01623392105102539,17698.0
0.01623392105102539,17849.0
0.01623392105102539,17970.0
0.01623392105102539,17813.0
0.01623392105102539,17669.0
0.01623392105102539,17891.0
0.01623392105102539,17992.0
0.01623392105102539,18105.0
0.01623392105102539,17991.0
0.01623392105102539,17865.0
0.01623392105102539,17610.0
0.01623392105102539,17905.0
0.01623392105102539,18013.0
0.01623392105102539,17858.0
0.01623392105102539,17707.0
0.01623392105102539,17850.0
0.01623392105102539,17984.0
0.01623392105102539,17818.0
0.01623392105102539,17939.0
0.01623392105102539,17820.0
0.01623392105102539,17934.0
0.01623392105102539,17610.0
0.01623392105102539,17807.0
0.01623392105102539,17566.0
0.01623392105102539,17882.0
0.01623392105102539,18045.0
0.01623392105102539,17913.0
0.01623392105102539,18023.0
0.01623392105102539,18197.0
0.01623392105102539,17957.0
0.01623392105102539,17837.0
0.01623392105102539,18100.0
0.01623392105102539,17974.0
0.01623392105102539,17844.0
0.01623392105102539,18010.0
0.01623392105102539,17899.0
0.01623392105102539,18004.0
0.01623392105102539,17830.0
0.01623392105102539,17577.0
0.01623392105102539,17891.0
0.01623392105102539,17768.0
0.01623392105102539,17917.0
0.01623392105102539,17807.0
0.01623392105102539,17694.0
0.01623392105102539,17497.0
0.01623392105102539,17679.0
0.01623392105102539,17789.0
0.01623392105102539,17905.0
0.01623392105102539,17761.0
0.01623392105102539,17466.0
0.01623392105102539,16904.0
0.01623392105102539,16782.0
0.01623392105102539,17491.0
0.01623392105102539,17370.0
0.01623392105102539,17610.0
0.01623392105102539,17719.0
0.01623392105102539,17563.0
0.01623392105102539,17707.0
0.01623392105102539,17574.0
0.01623392105102539,17377.0
0.01623392105102539,17558.0
0.01623392105102539,17282.0
0.01623392105102539,17480.0
0.01623392105102539,17602.0
0.01623392105102539,17723.0
0.01623392105102539,17917.0
0.01623392105102539,17754.0
0.01623392105102539,17890.0
0.01623392105102539,17785.0
0.01623392105102539,17663.0
0.01623392105102539,17810.0
0.01623392105102539,17423.0
0.01623392105102539,17774.0
0.01623392105102539,17664.0
0.01623392105102539,17816.0
0.01623392105102539,17713.0
0.01623392105102539,17513.0
0.01623392105102539,17636.0
0.01623392105102539,17764.0
0.01623392105102539,17897.0
0.01623392105102539,17703.0
0.01623392105102539,17919.0
0.01623392105102539,17605.0
0.01623392105102539,17389.0
0.01623392105102539,17503.0
0.01623392105102539,17889.0
0.01623392105102539,17700.0
0.01623392105102539,17818.0
0.01623392105102539,18013.0
0.01623392105102539,17831.0
0.01623392105102539,17961.0
0.01623392105102539,17840.0
0.01623392105102539,17975.0
0.01623392105102539,17839.0
0.01623392105102539,17991.0
0.01623392105102539,17863.0
0.01623392105102539,17990.0
0.01623392105102539,17873.0
0.01623392105102539,17709.0
0.01623392105102539,17893.0
0.01623392105102539,17637.0
0.01623392105102539,17838.0
0.01623392105102539,17987.0
0.01623392105102539,17775.0
0.01623392105102539,17975.0
0.01623392105102539,18090.0
0.01623392105102539,17980.0
0.01623392105102539,17783.0
0.01623392105102539,17915.0
0.01623392105102539,17798.0
0.01623392105102539,18000.0
0.01623392105102539,17760.0
0.01623392105102539,17576.0
0.01623392105102539,17852.0
0.01623392105102539,17982.0
0.01623392105102539,18115.0
0.01623392105102539,17769.0
0.01623392105102539,17981.0
0.01623392105102539,18114.0
0.01623392105102539,17898.0
0.01623392105102539,18206.0
0.01623392105102539,18089.0
0.01623392105102539,18215.0
0.01623392105102539,18099.0
0.01623392105102539,17969.0
0.01623392105102539,17817.0
0.01623392105102539,18007.0
0.01623392105102539,17873.0
0.01623392105102539,17673.0
0.01623392105102539,17786.0
0.01623392105102539,17896.0
0.01623392105102539,16804.0
0.01623392105102539,17575.0
0.01623392105102539,18020.0
0.01623392105102539,18148.0
0.01623392105102539,18251.0
0.01623392105102539,18044.0
0.01623392105102539,18309.0
0.01623392105102539,18176.0
0.01623392105102539,18317.0
0.01623392105102539,17999.0
0.01623392105102539,18222.0
0.01623392105102539,18331.0
0.01623392105102539,18466.0
0.01623392105102539,18331.0
0.01623392105102539,18228.0
0.01623392105102539,18393.0
0.01623392105102539,18273.0
0.01623392105102539,18392.0
0.01623392105102539,18194.0
0.01623392105102539,18376.0
0.01623392105102539,18246.0
0.01623392105102539,18397.0
0.01623392105102539,18516.0
0.01623392105102539,18402.0
0.01623392105102539,18221.0
0.01623392105102539,18359.0
0.01623392105102539,18231.0
0.01623392105102539,18402.0
0.01623392105102539,18510.0
0.01623392105102539,18344.0
0.01623392105102539,18477.0
0.01623392105102539,18613.0
0.01623392105102539,18466.0
0.01623392105102539,18322.0
0.01623392105102539,18439.0
0.01623392105102539,18591.0
0.01623392105102539,18490.0
0.01623392105102539,18308.0
0.01623392105102539,18455.0
0.01623392105102539,18601.0
0.01623392105102539,18483.0
0.01623392105102539,18336.0
0.01623392105102539,18195.0
0.01623392105102539,18386.0
0.01623392105102539,18277.0
0.01623392105102539,18162.0
0.01623392105102539,17898.0
0.01623392105102539,18209.0
0.01623392105102539,18316.0
0.01623392105102539,18164.0
0.01623392105102539,18001.0
0.01623392105102539,18157.0
0.01623392105102539,18311.0
0.01623392105102539,18116.0
0.01623392105102539,17990.0
0.01623392105102539,18162.0
0.01623392105102539,18306.0
0.01623392105102539,18030.0
0.01623392105102539,18140.0
0.01623392105102539,18241.0
0.01623392105102539,18457.0
0.01623392105102539,18583.0
0.01623392105102539,18698.0
0.01623392105102539,18812.0
0.01623392105102539,18596.0
0.01623392105102539,18757.0
0.01623392105102539,18642.0
0.01623392105102539,18197.0
0.01623392105102539,18443.0
0.01623392105102539,18794.0
0.01623392105102539,18676.0
0.01623392105102539,18527.0
0.01623392105102539,18690.0
0.01623392105102539,18580.0
0.01623392105102539,18416.0
0.01623392105102539,18108.0
0.01623392105102539,18347.0
0.01623392105102539,18592.0
0.01623392105102539,18718.0
0.01623392105102539,18566.0
0.01623392105102539,18710.0
0.01623392105102539,18573.0
0.01623392105102539,18430.0
0.01623392105102539,18554.0
0.01623392105102539,18655.0
0.01623392105102539,18304.0
0.01623392105102539,18171.0
0.01623392105102539,18472.0
0.01623392105102539,18636.0
0.01623392105102539,18520.0
0.01623392105102539,18330.0
0.01623392105102539,18494.0
0.01623392105102539,18658.0
0.01623392105102539,18817.0
0.01623392105102539,18646.0
0.01623392105102539,18787.0
0.01623392105102539,18595.0
0.01623392105102539,18425.0
0.01623392105102539,18316.0
0.01623392105102539,18104.0
0.01623392105102539,17987.0
0.01623392105102539,18296.0
0.01623392105102539,18428.0
0.01623392105102539,18571.0
0.01623392105102539,18406.0
0.01623392105102539,18271.0
0.01623392105102539,18107.0
0.01623392105102539,18366.0
0.01623392105102539,18511.0
0.01623392105102539,18125.0
0.01623392105102539,18320.0
0.01623392105102539,18595.0
0.01623392105102539,18711.0
0.01623392105102539,18548.0
0.01623392105102539,18289.0
0.01623392105102539,18618.0
0.01623392105102539,18454.0
0.01623392105102539,18331.0
0.01623392105102539,18451.0
0.01623392105102539,18571.0
0.01623392105102539,18705.0
0.01623392105102539,18569.0
0.01623392105102539,18693.0
0.01623392105102539,18502.0
0.01623392105102539,18662.0
0.01623392105102539,18542.0
0.01623392105102539,18713.0
0.01623392105102539,18587.0
0.01623392105102539,18717.0
0.01623392105102539,18597.0
0.01623392105102539,18478.0
0.01623392105102539,18335.0
0.01623392105102539,18501.0
0.01623392105102539,18307.0
0.01623392105102539,18460.0
0.01623392105102539,18593.0
0.01623392105102539,18449.0
0.01623392105102539,18283.0
0.01623392105102539,18512.0
0.01623392105102539,17851.0
0.01623392105102539,18362.0
0.01623392105102539,18140.0
0.01623392105102539,18342.0
0.01623392105102539,18601.0
0.01623392105102539,18500.0
0.01623392105102539,18261.0
0.01623392105102539,18450.0
0.01623392105102539,18602.0
0.01623392105102539,18713.0
0.01623392105102539,18553.0
0.01623392105102539,18415.0
0.01623392105102539,18612.0
0.01623392105102539,18349.0
0.01623392105102539,18578.0
0.01623392105102539,18417.0
0.01623392105102539,18614.0
0.01623392105102539,18463.0
0.01623392105102539,18598.0
0.01623392105102539,18707.0
0.01623392105102539,18506.0
0.01623392105102539,18688.0
0.01623392105102539,18536.0
0.01623392105102539,18683.0
0.01623392105102539,18573.0
0.01623392105102539,18465.0
0.01623392105102539,18351.0
0.01623392105102539,18242.0
0.01623392105102539,18391.0
0.01623392105102539,18075.0
0.01623392105102539,18236.0
0.01623392105102539,18406.0
0.01623392105102539,18613.0
0.01623392105102539,18499.0
0.01623392105102539,18353.0
0.01623392105102539,18456.0
0.01623392105102539,18602.0
0.01623392105102539,17831.0
0.01623392105102539,17968.0
0.01623392105102539,18521.0
0.01623392105102539,18817.0
0.01623392105102539,18440.0
0.01623392105102539,18731.0
0.01623392105102539,18534.0
0.01623392105102539,18787.0
0.01623392105102539,18419.0
0.01623392105102539,18647.0
0.01623392105102539,18899.0
0.01623392105102539,19018.0
0.01623392105102539,18717.0
0.01623392105102539,18535.0
0.01623392105102539,18657.0
0.01623392105102539,18961.0
0.01623392105102539,19071.0
0.01623392105102539,18968.0
0.01623392105102539,18852.0
0.01623392105102539,18987.0
0.01623392105102539,18683.0
0.01623392105102539,18965.0
0.01623392105102539,18690.0
0.01623392105102539,18994.0
0.01623392105102539,19097.0
0.01623392105102539,19213.0
0.01623392105102539,19022.0
0.01623392105102539,18777.0
0.01623392105102539,18934.0
0.01623392105102539,18675.0
0.01623392105102539,18495.0
0.01623392105102539,18975.0
0.01623392105102539,19113.0
0.01623392105102539,18959.0
0.01623392105102539,18851.0
0.01623392105102539,18966.0
0.01623392105102539,19082.0
0.01623392105102539,18967.0
0.01623392105102539,19082.0
0.01623392105102539,19185.0
0.01623392105102539,19302.0
0.01623392105102539,19120.0
0.01623392105102539,19314.0
0.01623392105102539,19068.0
0.01623392105102539,19268.0
0.01623392105102539,19390.0
0.01623392105102539,19495.0
0.01623392105102539,19604.0
0.01623392105102539,19709.0
0.01623392105102539,19456.0
0.01623392105102539,19640.0
0.01623392105102539,19780.0
0.01623392105102539,19900.0
0.01623392105102539,19744.0
0.01623392105102539,19918.0
0.01623392105102539,19802.0
0.01623392105102539,19910.0
0.01623392105102539,19800.0
0.01623392105102539,19641.0
0.01623392105102539,19806.0
0.01623392105102539,19701.0
0.01623392105102539,19588.0
0.01623392105102539,19332.0
0.01623392105102539,19567.0
0.01623392105102539,19681.0
0.01623392105102539,19562.0
0.01623392105102539,19440.0
0.01623392105102539,19570.0
0.01623392105102539,19463.0
0.01623392105102539,19330.0
0.01623392105102539,19496.0
0.01623392105102539,19307.0
0.01623392105102539,19416.0
0.01623392105102539,19526.0
0.01623392105102539,19298.0
0.01623392105102539,19141.0
0.01623392105102539,19517.0
0.01623392105102539,19380.0
0.01623392105102539,19516.0
0.01623392105102539,19355.0
0.01623392105102539,19490.0
0.01623392105102539,19325.0
0.01623392105102539,19073.0
0.01623392105102539,18515.0
0.01623392105102539,18991.0
0.01623392105102539,18846.0
0.01623392105102539,19142.0
0.01623392105102539,19033.0
0.01623392105102539,19290.0
0.01623392105102539,19406.0
0.01623392105102539,19290.0
0.01623392105102539,19410.0
0.01623392105102539,19288.0
0.01623392105102539,19160.0
0.01623392105102539,19288.0
0.01623392105102539,19405.0
0.01623392105102539,19518.0
0.01623392105102539,19236.0
0.01623392105102539,19481.0
0.01623392105102539,19172.0
0.01623392105102539,19337.0
0.01623392105102539,19587.0
0.01623392105102539,19696.0
0.01623392105102539,19561.0
0.01623392105102539,19713.0
0.01623392105102539,19589.0
0.01623392105102539,19465.0
0.01623392105102539,19281.0
0.01623392105102539,19507.0
0.01623392105102539,19375.0
0.01623392105102539,19228.0
0.01623392105102539,19408.0
0.01623392105102539,19179.0
0.01623392105102539,18972.0
0.01623392105102539,19318.0
0.01623392105102539,19184.0
0.01623392105102539,19043.0
0.01623392105102539,18872.0
0.01623392105102539,19111.0
0.01623392105102539,18815.0
0.01623392105102539,18931.0
0.01623392105102539,19092.0
0.01623392105102539,19243.0
0.01623392105102539,19376.0
0.01623392105102539,19508.0
0.01623392105102539,19617.0
0.01623392105102539,19465.0
0.01623392105102539,19575.0
0.01623392105102539,19680.0
0.01623392105102539,19544.0
0.01623392105102539,19668.0
0.01623392105102539,19515.0
0.01623392105102539,19250.0
0.01623392105102539,19602.0
0.01623392105102539,19486.0
0.01623392105102539,19344.0
0.01623392105102539,19136.0
0.01623392105102539,19328.0
0.01623392105102539,19078.0
0.01623392105102539,19398.0
0.01623392105102539,19206.0
0.01623392105102539,19409.0
0.01623392105102539,19186.0
0.01623392105102539,19399.0
0.01623392105102539,19233.0
0.01623392105102539,19375.0
0.01623392105102539,19495.0
0.01623392105102539,19298.0
0.01623392105102539,19493.0
0.01623392105102539,19344.0
0.01623392105102539,19485.0
0.01623392105102539,19380.0
0.01623392105102539,19256.0
0.01623392105102539,19419.0
0.01623392105102539,19248.0
0.01623392105102539,19414.0
0.01623392105102539,18982.0
0.01623392105102539,19306.0
0.01623392105102539,19201.0
0.01623392105102539,19352.0
0.01623392105102539,19518.0
0.01623392105102539,19332.0
0.01623392105102539,19468.0
0.01623392105102539,19590.0
0.01623392105102539,19704.0
0.01623392105102539,19491.0
0.01623392105102539,19349.0
0.01623392105102539,19197.0
0.01623392105102539,19350.0
0.01623392105102539,19567.0
0.01623392105102539,19672.0
0.01623392105102539,19793.0
0.01623392105102539,19629.0
0.01623392105102539,19779.0
0.01623392105102539,19666.0
0.01623392105102539,19785.0
0.01623392105102539,19918.0
0.01623392105102539,19438.0
0.01623392105102539,19819.0
0.01623392105102539,19640.0
0.01623392105102539,19861.0
0.01623392105102539,19532.0
0.01623392105102539,19754.0
0.01623392105102539,19908.0
0.01623392105102539,19728.0
0.01623392105102539,19945.0
0.01623392105102539,20087.0
0.01623392105102539,19957.0
0.01623392105102539,20076.0
0.01623392105102539,19962.0
0.01623392105102539,20086.0
0.01623392105102539,19891.0
0.01623392105102539,20057.0
0.01623392105102539,19857.0
0.01623392105102539,20073.0
0.01623392105102539,19965.0
0.01623392105102539,19846.0
0.01623392105102539,19989.0
0.01623392105102539,19884.0
0.01623392105102539,19991.0
0.01623392105102539,19765.0
0.01623392105102539,19915.0
0.01623392105102539,20079.0
0.01623392105102539,20213.0
0.01623392105102539,20110.0
0.01623392105102539,19975.0
0.01623392105102539,20105.0
0.01623392105102539,19910.0
0.01623392105102539,19756.0
0.01623392105102539,19984.0
0.01623392105102539,19688.0
0.01623392105102539,19312.0
0.01623392105102539,19815.0
0.01623392105102539,19957.0
0.01623392105102539,20065.0
0.01623392105102539,20179.0
0.01623392105102539,20298.0
0.01623392105102539,20147.0
0.01623392105102539,20318.0
0.01623392105102539,20152.0
0.01623392105102539,20000.0
0.01623392105102539,20191.0
0.01623392105102539,20307.0
0.01623392105102539,19987.0
0.01623392105102539,20305.0
0.01623392105102539,20410.0
0.01623392105102539,20244.0
0.01623392105102539,20114.0
0.01623392105102539,19949.0
0.01623392105102539,20084.0
0.01623392105102539,20315.0
0.01623392105102539,20154.0
0.01623392105102539,20293.0
0.01623392105102539,20190.0
0.01623392105102539,20319.0
0.01623392105102539,20211.0
0.01623392105102539,20020.0
0.01623392105102539,19804.0
0.01623392105102539,19583.0
0.01623392105102539,19853.0
0.01623392105102539,19714.0
0.01623392105102539,20003.0
0.01623392105102539,19692.0
0.01623392105102539,19883.0
0.01623392105102539,20053.0
0.01623392105102539,20178.0
0.01623392105102539,20291.0
0.01623392105102539,20078.0
0.01623392105102539,20301.0
0.01623392105102539,20110.0
0.01623392105102539,20317.0
0.01623392105102539,20173.0
0.01623392105102539,19970.0
0.01623392105102539,20151.0
0.01623392105102539,20296.0
0.01623392105102539,20146.0
0.01623392105102539,19995.0
0.01623392105102539,20179.0
0.01623392105102539,20074.0
0.01623392105102539,19932.0
0.01623392105102539,19804.0
0.01623392105102539,19912.0
0.01623392105102539,20102.0
0.01623392105102539,19921.0
0.01623392105102539,19727.0
0.01623392105102539,19942.0
0.01623392105102539,19832.0
0.01623392105102539,19997.0
0.01623392105102539,19877.0
0.01623392105102539,19982.0
0.01623392105102539,19429.0
0.01623392105102539,19869.0
0.01623392105102539,20043.0
0.01623392105102539,19754.0
0.01623392105102539,20091.0
0.01623392105102539,19958.0
0.01623392105102539,20078.0
0.01623392105102539,20195.0
0.01623392105102539,20060.0
0.01623392105102539,19911.0
0.01623392105102539,20100.0
0.01623392105102539,19776.0
0.01623392105102539,20056.0
0.01623392105102539,20184.0
0.01623392105102539,20071.0
0.01623392105102539,19881.0
0.01623392105102539,20117.0
0.01623392105102539,19985.0
0.03174281120300293,20115.0
0.03174281120300293,19951.0
0.03174281120300293,20095.0
0.03174281120300293,20198.0
0.03174281120300293,20078.0
0.03174281120300293,19889.0
0.03174281120300293,20081.0
0.03174281120300293,19971.0
0.032659292221069336,19818.0
0.032659292221069336,19975.0
0.032659292221069336,19781.0
0.032659292221069336,19552.0
0.032659292221069336,19797.0
0.032659292221069336,20010.0
0.032659292221069336,19878.0
0.032659292221069336,19773.0
0.032659292221069336,19665.0
0.032659292221069336,19807.0
0.032659292221069336,19633.0
0.032659292221069336,19806.0
0.032659292221069336,19686.0
0.032659292221069336,19542.0
0.032659292221069336,19703.0
0.032659292221069336,19592.0
0.032659292221069336,19431.0
0.032659292221069336,19186.0
0.032659292221069336,19474.0
0.032659292221069336,19606.0
0.032659292221069336,19473.0
0.032659292221069336,19356.0
0.032659292221069336,19509.0
0.032659292221069336,19273.0
0.032659292221069336,19453.0
0.032659292221069336,19343.0
0.032659292221069336,19234.0
0.032659292221069336,19133.0
0.032659292221069336,19243.0
0.032659292221069336,19367.0
0.032659292221069336,19502.0
0.032659292221069336,19362.0
0.032659292221069336,19482.0
0.032659292221069336,19587.0
0.032659292221069336,19688.0
0.032659292221069336,19518.0
0.032659292221069336,19682.0
0.032659292221069336,19565.0
0.032659292221069336,19683.0
0.032659292221069336,19562.0
0.032659292221069336,19420.0
0.032659292221069336,19592.0
0.032659292221069336,19465.0
0.032659292221069336,19598.0
0.032659292221069336,19426.0
0.032659292221069336,19549.0
0.032659292221069336,19654.0
0.032659292221069336,19521.0
0.032659292221069336,19130.0
0.032659292221069336,19438.0
0.032659292221069336,19593.0
0.032659292221069336,19819.0
0.032659292221069336,19702.0
0.032659292221069336,19518.0
0.032659292221069336,19679.0
0.032659292221069336,19790.0
0.032659292221069336,19598.0
0.032659292221069336,19818.0
0.032659292221069336,19583.0
0.032659292221069336,19411.0
0.032659292221069336,19611.0
0.032659292221069336,19746.0
0.032659292221069336,19878.0
0.032659292221069336,19748.0
0.032659292221069336,19881.0
0.032659292221069336,19749.0
0.032659292221069336,19625.0
0.032659292221069336,19122.0
0.032659292221069336,19453.0
0.032659292221069336,19613.0
0.032659292221069336,19816.0
0.032659292221069336,19706.0
0.032659292221069336,19834.0
0.032659292221069336,19966.0
0.032659292221069336,19792.0
0.032659292221069336,19950.0
0.032659292221069336,20106.0
0.032659292221069336,19917.0
0.032659292221069336,20018.0
0.032659292221069336,20198.0
0.032659292221069336,19975.0
0.032659292221069336,20134.0
0.032659292221069336,20244.0
0.032659292221069336,20408.0
0.032659292221069336,20191.0
0.032659292221069336,20407.0
0.032659292221069336,20274.0
0.032659292221069336,20173.0
0.032659292221069336,20317.0
0.032659292221069336,20198.0
0.032659292221069336,20063.0
0.032659292221069336,19893.0
0.032659292221069336,20045.0
0.032659292221069336,19879.0
0.032659292221069336,19763.0
0.032659292221069336,19590.0
0.032659292221069336,19885.0
0.03566479682922363,20018.0
0.03566479682922363,19883.0
0.03566479682922363,20016.0
0.03566479682922363,19759.0
0.03566479682922363,19998.0
0.03566479682922363,19791.0
0.03566479682922363,19909.0
0.03566479682922363,19706.0
0.03566479682922363,19851.0
0.03566479682922363,20045.0
0.03566479682922363,20160.0
0.03566479682922363,20284.0
0.03566479682922363,20181.0
0.03566479682922363,20291.0
0.03566479682922363,20131.0
0.03566479682922363,20024.0
0.03566479682922363,20176.0
0.03566479682922363,20292.0
0.03566479682922363,20150.0
0.03566479682922363,20043.0
0.03566479682922363,20178.0
0.03566479682922363,20298.0
0.03566479682922363,20407.0
0.03566479682922363,20306.0
0.03566479682922363,20409.0
0.03566479682922363,20510.0
0.03566479682922363,20391.0
0.03566479682922363,20169.0
0.03566479682922363,20058.0
0.03566479682922363,19930.0
0.03566479682922363,20072.0
0.03566479682922363,20244.0
0.03566479682922363,20393.0
0.03566479682922363,20273.0
0.03566479682922363,20141.0
0.03566479682922363,19850.0
0.03566479682922363,20202.0
0.03566479682922363,20084.0
0.03566479682922363,20187.0
0.03566479682922363,20068.0
0.03566479682922363,20203.0
0.03566479682922363,20083.0
0.03566479682922363,20209.0
0.03566479682922363,20077.0
0.03566479682922363,19913.0
0.03566479682922363,20030.0
0.03566479682922363,20181.0
0.03566479682922363,20067.0
0.03566479682922363,19934.0
0.03566479682922363,20045.0
0.03566479682922363,19936.0
0.03566479682922363,19833.0
0.03566479682922363,20005.0
0.03566479682922363,19891.0
0.03566479682922363,19746.0
0.03566479682922363,19868.0
0.03566479682922363,19981.0
0.03566479682922363,20113.0
0.03566479682922363,19981.0
0.03566479682922363,20090.0
0.03566479682922363,19910.0
0.03566479682922363,20087.0
0.03566479682922363,19872.0
0.03566479682922363,20108.0
0.03566479682922363,19668.0
0.03566479682922363,19787.0
0.03566479682922363,19919.0
0.03566479682922363,20286.0
0.03566479682922363,19934.0
0.03566479682922363,20215.0
0.03566479682922363,20062.0
0.03566479682922363,20256.0
0.03566479682922363,20416.0
0.03566479682922363,20311.0
0.03566479682922363,20117.0
0.03566479682922363,20238.0
0.03566479682922363,20419.0
0.03566479682922363,20284.0
0.03566479682922363,20394.0
0.03566479682922363,20511.0
0.03566479682922363,20389.0
0.03566479682922363,20507.0
0.03566479682922363,20404.0
0.03566479682922363,20188.0
0.03566479682922363,20062.0
0.03566479682922363,19754.0
0.03566479682922363,20091.0
0.03566479682922363,20243.0
0.03566479682922363,20109.0
0.03566479682922363,19951.0
0.03566479682922363,20149.0
0.03566479682922363,20315.0
0.03566479682922363,20205.0
0.03566479682922363,20308.0
0.03566479682922363,20182.0
0.03566479682922363,20289.0
0.03566479682922363,20134.0
0.03566479682922363,20031.0
0.03566479682922363,20213.0
0.03566479682922363,19933.0
0.03566479682922363,20103.0
0.03566479682922363,20316.0
0.03566479682922363,19805.0
0.03566479682922363,20074.0
0.03566479682922363,20248.0
0.03566479682922363,20517.0
0.03566479682922363,20236.0
0.03566479682922363,20346.0
0.03566479682922363,20477.0
0.03566479682922363,20353.0
0.03566479682922363,20582.0
0.03566479682922363,20704.0
0.03566479682922363,20587.0
0.03566479682922363,20478.0
0.03566479682922363,20605.0
0.03566479682922363,20254.0
0.03566479682922363,20578.0
0.03566479682922363,20456.0
0.03566479682922363,20291.0
0.03566479682922363,20503.0
0.03566479682922363,20326.0
0.03566479682922363,20486.0
0.03566479682922363,20247.0
0.03566479682922363,19959.0
0.03566479682922363,20338.0
0.03566479682922363,20205.0
0.03566479682922363,20401.0
0.03566479682922363,20504.0
0.03566479682922363,20338.0
0.03566479682922363,20210.0
0.03566479682922363,20417.0
0.03566479682922363,20267.0
0.03566479682922363,20104.0
0.03566479682922363,20302.0
0.03566479682922363,20153.0
0.03566479682922363,20275.0
0.03566479682922363,20410.0
0.03566479682922363,20513.0
0.03566479682922363,20614.0
0.03566479682922363,20507.0
0.03566479682922363,20383.0
0.03566479682922363,20519.0
0.03566479682922363,20387.0
0.03566479682922363,20492.0
0.03566479682922363,20608.0
0.03566479682922363,20715.0
0.03566479682922363,20378.0
0.03566479682922363,20262.0
0.03566479682922363,20143.0
0.03566479682922363,20327.0
0.03566479682922363,20504.0
0.03566479682922363,20681.0
0.03566479682922363,20412.0
0.03566479682922363,20696.0
0.03566479682922363,20569.0
0.03566479682922363,20713.0
0.03566479682922363,20604.0
0.03566479682922363,20432.0
0.03566479682922363,20331.0
0.03566479682922363,20497.0
0.03566479682922363,20604.0
0.03566479682922363,20444.0
0.03566479682922363,20594.0
0.03566479682922363,20718.0
0.03566479682922363,20520.0
0.03566479682922363,20671.0
0.03566479682922363,20780.0
0.03566479682922363,20603.0
0.03566479682922363,20766.0
0.03566479682922363,20610.0
0.03566479682922363,20440.0
0.03566479682922363,20715.0
0.03566479682922363,20552.0
0.03566479682922363,20678.0
0.03566479682922363,20815.0
0.03566479682922363,20678.0
0.03566479682922363,20795.0
0.03566479682922363,20684.0
0.03566479682922363,20414.0
0.03566479682922363,20622.0
0.03566479682922363,20810.0
0.03566479682922363,20705.0
0.03566479682922363,20589.0
0.03566479682922363,20454.0
0.03566479682922363,20573.0
0.03566479682922363,20427.0
0.03566479682922363,20283.0
0.03566479682922363,20441.0
0.03566479682922363,20299.0
0.03566479682922363,20427.0
0.03566479682922363,20587.0
0.03566479682922363,20707.0
0.03566479682922363,20818.0
0.03566479682922363,20919.0
0.03566479682922363,20806.0
0.03566479682922363,20648.0
0.03566479682922363,20540.0
0.03566479682922363,20693.0
0.03566479682922363,20512.0
0.03566479682922363,20704.0
0.03566479682922363,20597.0
0.03566479682922363,20447.0
0.03566479682922363,20573.0
0.03566479682922363,20449.0
0.03566479682922363,20588.0
0.03566479682922363,20487.0
0.03566479682922363,20365.0
0.03566479682922363,20475.0
0.03566479682922363,20576.0
0.03566479682922363,20396.0
0.03566479682922363,20516.0
0.03566479682922363,20398.0
0.03566479682922363,20595.0
0.03566479682922363,20713.0
0.03566479682922363,20487.0
0.03566479682922363,20708.0
0.03566479682922363,20817.0
0.03566479682922363,20657.0
0.03566479682922363,20534.0
0.03566479682922363,20711.0
0.03566479682922363,20583.0
0.03566479682922363,20715.0
0.03566479682922363,20594.0
0.03566479682922363,20474.0
0.03566479682922363,20348.0
0.03566479682922363,20471.0
0.03566479682922363,20361.0
0.03566479682922363,20502.0
0.03566479682922363,20350.0
0.03566479682922363,20496.0
0.03566479682922363,20615.0
0.03566479682922363,20482.0
0.03566479682922363,20282.0
0.03566479682922363,20445.0
0.03566479682922363,20312.0
0.03566479682922363,20202.0
0.03566479682922363,20415.0
0.03566479682922363,20287.0
0.03566479682922363,20411.0
0.03566479682922363,20516.0
0.03566479682922363,20390.0
0.03566479682922363,20504.0
0.03566479682922363,20617.0
0.03566479682922363,20482.0
0.03566479682922363,20284.0
0.03566479682922363,20432.0
0.03566479682922363,20598.0
0.03566479682922363,20453.0
0.03566479682922363,20607.0
0.03566479682922363,20498.0
0.03566479682922363,20615.0
0.03566479682922363,20501.0
0.03566479682922363,20617.0
0.03566479682922363,20425.0
0.03566479682922363,20262.0
0.03566479682922363,20485.0
0.03566479682922363,20618.0
0.03566479682922363,20509.0
0.03566479682922363,20374.0
0.03566479682922363,20514.0
0.03566479682922363,20394.0
0.03566479682922363,20516.0
0.03566479682922363,20396.0
0.03566479682922363,20285.0
0.03566479682922363,20413.0
0.03566479682922363,20285.0
0.03566479682922363,20169.0
0.03566479682922363,20297.0
0.03566479682922363,20411.0
0.03566479682922363,20297.0
0.03566479682922363,20405.0
0.03566479682922363,20262.0
0.03566479682922363,20137.0
0.03566479682922363,19996.0
0.03566479682922363,20194.0
0.03566479682922363,20041.0
0.03566479682922363,20169.0
0.03566479682922363,20290.0
0.03566479682922363,20410.0
0.03566479682922363,20274.0
0.03566479682922363,20145.0
0.03566479682922363,20250.0
0.03566479682922363,20145.0
0.03566479682922363,20292.0
0.03566479682922363,20079.0
0.03566479682922363,20240.0
0.03566479682922363,20349.0
0.03566479682922363,20483.0
0.03566479682922363,20337.0
0.03566479682922363,20228.0
0.03566479682922363,20419.0
0.03566479682922363,20283.0
0.03566479682922363,20132.0
0.03566479682922363,20258.0
0.03566479682922363,20395.0
0.03566479682922363,20294.0
0.03566479682922363,20150.0
0.03566479682922363,20310.0
0.03566479682922363,20182.0
0.03566479682922363,20066.0
0.03566479682922363,20208.0
0.03566479682922363,19996.0
0.03566479682922363,20217.0
0.03566479682922363,20070.0
0.03566479682922363,20215.0
0.03566479682922363,20092.0
0.03566479682922363,20202.0
0.03566479682922363,19963.0
0.03566479682922363,20116.0
0.03566479682922363,20308.0
0.03566479682922363,20195.0
0.03566479682922363,20035.0
0.03566479682922363,20143.0
0.03566479682922363,20275.0
0.03566479682922363,20136.0
0.03566479682922363,20288.0
0.0477137565612793,20181.0
0.0477137565612793,20021.0
0.0477137565612793,19880.0
0.0477137565612793,20050.0
0.0477137565612793,19848.0
0.0477137565612793,20069.0
0.0477137565612793,20176.0
0.0477137565612793,20069.0
0.0477137565612793,20196.0
0.0477137565612793,20307.0
0.0477137565612793,20176.0
0.0477137565612793,19992.0
0.0477137565612793,20115.0
0.0477137565612793,20259.0
0.0477137565612793,20117.0
0.0477137565612793,20267.0
0.0477137565612793,20119.0
0.04834866523742676,20266.0
0.04834866523742676,20414.0
0.04834866523742676,20293.0
0.04834866523742676,20048.0
0.04834866523742676,19939.0
0.04834866523742676,20090.0
0.04834866523742676,20316.0
0.04834866523742676,20122.0
0.04834866523742676,20247.0
0.04834866523742676,20355.0
0.04834866523742676,20225.0
0.04834866523742676,20358.0
0.04834866523742676,20467.0
0.04834866523742676,20616.0
0.04834866523742676,20492.0
0.04834866523742676,20360.0
0.04834866523742676,20505.0
0.04834866523742676,20344.0
0.04834866523742676,20504.0
0.04834866523742676,20395.0
0.04834866523742676,20292.0
0.04834866523742676,20406.0
0.04834866523742676,20295.0
0.04834866523742676,20168.0
0.04834866523742676,20301.0
0.04834866523742676,20140.0
0.04834866523742676,20298.0
0.04834866523742676,20401.0
0.04834866523742676,20184.0
0.04834866523742676,20398.0
0.04834866523742676,20514.0
0.04834866523742676,20367.0
0.04834866523742676,20516.0
0.04834866523742676,20364.0
0.04834866523742676,20471.0
0.04834866523742676,20572.0
0.04834866523742676,20703.0
0.04834866523742676,20588.0
0.04834866523742676,20365.0
0.04834866523742676,20495.0
0.04834866523742676,20600.0
0.04834866523742676,20744.0
0.04834866523742676,20868.0
0.04834866523742676,20719.0
0.04834866523742676,20910.0
0.04834866523742676,20697.0
0.04834866523742676,20587.0
0.04834866523742676,20787.0
0.04834866523742676,20898.0
0.04834866523742676,21013.0
0.04834866523742676,20905.0
0.04834866523742676,20751.0
0.04834866523742676,20901.0
0.04834866523742676,21015.0
0.04834866523742676,20897.0
0.04834866523742676,20766.0
0.04834866523742676,20497.0
0.04834866523742676,20775.0
0.04834866523742676,20902.0
0.04834866523742676,20775.0
0.04834866523742676,20917.0
0.04834866523742676,20735.0
0.04834866523742676,20901.0
0.04834866523742676,21014.0
0.04834866523742676,20869.0
0.04834866523742676,20545.0
0.04834866523742676,20856.0
0.04834866523742676,20999.0
0.04834866523742676,20811.0
0.04834866523742676,21000.0
0.04834866523742676,20883.0
0.04834866523742676,21007.0
0.04834866523742676,20889.0
0.04834866523742676,20776.0
0.04834866523742676,20885.0
0.04834866523742676,20780.0
0.04834866523742676,20913.0
0.04834866523742676,20793.0
0.04834866523742676,20913.0
0.04834866523742676,20810.0
0.04834866523742676,20673.0
0.04834866523742676,20543.0
0.04834866523742676,20678.0
0.04834866523742676,20577.0
0.04834866523742676,20444.0
0.04834866523742676,20584.0
0.04834866523742676,20464.0
0.04834866523742676,20583.0
0.04834866523742676,20700.0
0.04834866523742676,20586.0
0.04834866523742676,20451.0
0.04834866523742676,20571.0
0.04834866523742676,20688.0
0.04834866523742676,20819.0
0.04834866523742676,20694.0
0.04834866523742676,20560.0
0.04834866523742676,20695.0
0.04834866523742676,20590.0
0.04834866523742676,20719.0
0.04834866523742676,20567.0
0.04834866523742676,20677.0
0.04834866523742676,20544.0
0.04834866523742676,20717.0
0.04834866523742676,20600.0
0.04834866523742676,20716.0
0.04834866523742676,20557.0
0.04834866523742676,20328.0
0.04834866523742676,20533.0
0.04834866523742676,20685.0
0.04834866523742676,20818.0
0.04834866523742676,20683.0
0.04834866523742676,20578.0
0.04834866523742676,20691.0
0.04834866523742676,20808.0
0.04834866523742676,20917.0
0.04834866523742676,20784.0
0.04834866523742676,20919.0
0.04834866523742676,20800.0
0.04834866523742676,20629.0
0.04834866523742676,20345.0
0.04834866523742676,20654.0
0.04834866523742676,20532.0
0.04834866523742676,20312.0
0.04834866523742676,20591.0
0.04834866523742676,20696.0
0.04834866523742676,20810.0
0.04834866523742676,20637.0
0.04834866523742676,20819.0
0.04834866523742676,20698.0
0.04834866523742676,20807.0
0.04834866523742676,20908.0
0.04834866523742676,21013.0
0.04834866523742676,20799.0
0.04834866523742676,20970.0
0.04834866523742676,21103.0
0.04834866523742676,21213.0
0.04834866523742676,21087.0
0.04834866523742676,20959.0
0.04834866523742676,20793.0
0.04834866523742676,20984.0
0.04834866523742676,20784.0
0.04834866523742676,20947.0
0.04834866523742676,21118.0
0.04834866523742676,20983.0
0.04834866523742676,20864.0
0.04834866523742676,20692.0
0.04834866523742676,20881.0
0.04834866523742676,21013.0
0.04834866523742676,20896.0
0.04834866523742676,21015.0
0.04834866523742676,20899.0
0.04834866523742676,20782.0
0.04834866523742676,20918.0
0.04834866523742676,20817.0
0.04834866523742676,20712.0
0.04834866523742676,20611.0
0.04834866523742676,20712.0
0.04834866523742676,20815.0
0.04834866523742676,20695.0
0.04834866523742676,20812.0
0.04834866523742676,20919.0
0.04834866523742676,20783.0
0.04834866523742676,20635.0
0.04834866523742676,20760.0
0.04834866523742676,20895.0
0.04834866523742676,20780.0
0.04834866523742676,20642.0
0.04834866523742676,20783.0
0.04834866523742676,20904.0
0.04834866523742676,20753.0
0.04834866523742676,20634.0
0.04834866523742676,20526.0
0.04834866523742676,20708.0
0.04834866523742676,20567.0
0.04834866523742676,20685.0
0.04834866523742676,20813.0
0.04834866523742676,20914.0
0.04834866523742676,20781.0
0.04834866523742676,20900.0
0.04834866523742676,20772.0
0.04834866523742676,20906.0
0.04834866523742676,20762.0
0.04834866523742676,20867.0
0.04834866523742676,20997.0
0.04834866523742676,20845.0
0.04834866523742676,20971.0
0.04834866523742676,21086.0
0.04834866523742676,21219.0
0.04834866523742676,21101.0
0.04834866523742676,21219.0
0.04834866523742676,21112.0
0.04834866523742676,21001.0
0.04834866523742676,20857.0
0.04834866523742676,20977.0
0.04834866523742676,21085.0
0.04834866523742676,21218.0
0.04834866523742676,21086.0
0.04834866523742676,21213.0
0.04834866523742676,21071.0
0.04834866523742676,21208.0
0.04834866523742676,21098.0
0.04834866523742676,21218.0
0.04834866523742676,21098.0
0.04834866523742676,21215.0
0.04834866523742676,20989.0
0.04834866523742676,21153.0
0.06335616111755371,21260.0
0.06335616111755371,21388.0
0.06335616111755371,21516.0
0.06335616111755371,21399.0
0.06335616111755371,21515.0
0.06335616111755371,21406.0
0.06335616111755371,21511.0
0.06335616111755371,21379.0
0.06335616111755371,21250.0
0.06335616111755371,21376.0
0.06335616111755371,21517.0
0.06335616111755371,21400.0
0.06335616111755371,21517.0
0.06335616111755371,21409.0
0.06335616111755371,21519.0
0.06335616111755371,21370.0
0.06335616111755371,21516.0
0.06335616111755371,21390.0
0.06335616111755371,21273.0
0.06335616111755371,21392.0
0.06335616111755371,21264.0
0.06335616111755371,21114.0
0.06335616111755371,21293.0
0.06335616111755371,21169.0
0.06335616111755371,21316.0
0.06335616111755371,21183.0
0.06335616111755371,21318.0
0.06335616111755371,21209.0
0.06335616111755371,21018.0
0.06335616111755371,21147.0
0.06335616111755371,21307.0
0.06335616111755371,21416.0
0.06335616111755371,21294.0
0.06335616111755371,21166.0
0.06335616111755371,21302.0
0.06335616111755371,21419.0
0.06335616111755371,21272.0
0.06335616111755371,21380.0
0.06335616111755371,21501.0
0.06335616111755371,21612.0
0.06335616111755371,21481.0
0.06335616111755371,21605.0
0.06335616111755371,21479.0
0.06335616111755371,21610.0
0.06335616111755371,21481.0
0.06335616111755371,21613.0
0.06335616111755371,21512.0
0.06335616111755371,21382.0
0.06335616111755371,21510.0
0.06335616111755371,21618.0
0.06335616111755371,21487.0
0.06335616111755371,21305.0
0.06335616111755371,21476.0
0.06335616111755371,21604.0
0.06335616111755371,21713.0
0.0796959400177002,21814.0
0.0796959400177002,21704.0
0.0796959400177002,21814.0
