0.0,12312.0
0.0,11766.0
0.0,11946.0
0.0,11845.0
0.0,12033.0
0.0,12296.0
0.0,12512.0
0.0,11420.0
0.0,11838.0
0.0,12040.0
0.0,12206.0
0.0,12463.0
0.0,12728.0
0.0,12919.0
0.0,13082.0
0.0,12973.0
0.0,13083.0
0.0,13200.0
0.0,13009.0
0.0,13207.0
0.0,13035.0
0.0,13200.0
0.0,13313.0
0.0,13148.0
0.0,13311.0
0.0,13131.0
0.0,13303.0
0.0,13413.0
0.0,12897.0
0.0,13241.0
0.0,13443.0
0.0,12858.0
0.0,13458.0
0.0,13586.0
0.0,13706.0
0.0,13815.0
0.0,13705.0
0.0,13511.0
0.0,13688.0
0.0,13522.0
0.0,13701.0
0.0,13806.0
0.0,13689.0
0.0,13796.0
0.0,13913.0
0.0,13770.0
0.0,13919.0
0.0,13770.0
0.0,13881.0
0.0,13991.0
0.0,14114.0
0.0,14215.0
0.0,14104.0
0.0,13686.0
0.0,13994.0
0.0,14209.0
0.0,14100.0
0.0,14217.0
0.0,13869.0
0.0,14185.0
0.0,13579.0
0.0,13713.0
0.0,14229.0
0.0,13629.0
0.0,13748.0
0.0,14123.0
0.0,14441.0
0.0,14328.0
0.0,14505.0
0.0,14388.0
0.0,14516.0
0.0,14406.0
0.0,14069.0
0.0,13761.0
0.0,14173.0
0.0,13971.0
0.0,14248.0
0.0,14147.0
0.0,14296.0
0.0,14031.0
0.0,13509.0
0.0,13886.0
0.0,14052.0
0.0,14349.0
0.0,14466.0
0.0,14584.0
0.0,14382.0
0.0,14562.0
0.0,14684.0
0.0,14789.0
0.0,14610.0
0.0,14721.0
0.0,14912.0
0.0,14795.0
0.0,14618.0
0.0,14735.0
0.0,14867.0
0.0,14984.0
0.0,15117.0
0.0,14999.0
0.0,14836.0
0.0,14725.0
0.0,14840.0
0.0,14964.0
0.0,15105.0
0.016076326370239258,14988.0
0.016076326370239258,14860.0
0.016076326370239258,15012.0
0.016076326370239258,14907.0
0.016076326370239258,14709.0
0.016076326370239258,14817.0
0.016076326370239258,14665.0
0.016076326370239258,14820.0
0.016076326370239258,14443.0
0.016076326370239258,14768.0
0.016076326370239258,14889.0
0.016076326370239258,14999.0
0.016076326370239258,15188.0
0.016076326370239258,15083.0
0.016076326370239258,14911.0
0.016076326370239258,15016.0
0.016076326370239258,14828.0
0.016076326370239258,14720.0
0.016076326370239258,14376.0
0.016076326370239258,14897.0
0.016076326370239258,15012.0
0.016076326370239258,14832.0
0.016076326370239258,14708.0
0.016076326370239258,14900.0
0.016076326370239258,14777.0
0.016076326370239258,14915.0
0.016076326370239258,14805.0
0.016076326370239258,14650.0
0.016076326370239258,14772.0
0.016076326370239258,14896.0
0.016076326370239258,14733.0
0.016076326370239258,14882.0
0.016076326370239258,15015.0
0.016076326370239258,14908.0
0.016076326370239258,14788.0
0.016076326370239258,14639.0
0.016076326370239258,14771.0
0.016076326370239258,14874.0
0.016076326370239258,15007.0
0.016076326370239258,13952.0
0.016076326370239258,14437.0
0.016076326370239258,14621.0
0.016076326370239258,14731.0
0.016076326370239258,15172.0
0.016076326370239258,15413.0
0.016076326370239258,15156.0
0.016076326370239258,15399.0
0.016076326370239258,15156.0
0.016076326370239258,15372.0
0.016076326370239258,15180.0
0.016076326370239258,15281.0
0.016076326370239258,15391.0
0.016076326370239258,15572.0
0.016076326370239258,15197.0
0.016076326370239258,15493.0
0.016076326370239258,15613.0
0.016076326370239258,15790.0
0.016076326370239258,15900.0
0.016076326370239258,16008.0
0.016076326370239258,16115.0
0.016076326370239258,15987.0
0.016076326370239258,16119.0
0.016076326370239258,15981.0
0.016076326370239258,15849.0
0.016076326370239258,15979.0
0.016076326370239258,15846.0
0.016076326370239258,16010.0
0.016076326370239258,15833.0
0.016076326370239258,15999.0
0.016076326370239258,16118.0
0.016076326370239258,15952.0
0.016076326370239258,16070.0
0.016076326370239258,16179.0
0.016076326370239258,16293.0
0.016076326370239258,15871.0
0.016076326370239258,16152.0
0.016076326370239258,16276.0
0.016076326370239258,16421.0
0.016076326370239258,16587.0
0.016076326370239258,16701.0
0.016076326370239258,16424.0
0.016076326370239258,16569.0
0.016076326370239258,16781.0
0.016076326370239258,16485.0
0.016076326370239258,16786.0
0.016076326370239258,16919.0
0.016076326370239258,16728.0
0.016076326370239258,16551.0
0.016076326370239258,16804.0
0.016076326370239258,16615.0
0.016076326370239258,16811.0
0.016076326370239258,16596.0
0.016076326370239258,16801.0
0.016076326370239258,16909.0
0.016076326370239258,16792.0
0.016076326370239258,16673.0
0.016076326370239258,16541.0
0.016076326370239258,16409.0
0.016076326370239258,16570.0
0.016076326370239258,16709.0
0.016076326370239258,16606.0
0.016076326370239258,16472.0
0.016076326370239258,16585.0
0.016076326370239258,16690.0
0.016076326370239258,16798.0
0.016076326370239258,16695.0
0.016076326370239258,16814.0
0.016076326370239258,16917.0
0.016076326370239258,16772.0
0.016076326370239258,16567.0
0.016076326370239258,16761.0
0.016076326370239258,16409.0
0.016076326370239258,16626.0
0.016076326370239258,16842.0
0.016076326370239258,16541.0
0.016076326370239258,16765.0
0.016076326370239258,16988.0
0.016076326370239258,16073.0
0.016076326370239258,16737.0
0.016076326370239258,17014.0
0.016076326370239258,17193.0
0.016076326370239258,17054.0
0.016076326370239258,16773.0
0.016076326370239258,16668.0
0.016076326370239258,16865.0
0.016076326370239258,16970.0
0.016076326370239258,16865.0
0.016076326370239258,17117.0
0.016076326370239258,16596.0
0.016076326370239258,17083.0
0.016076326370239258,16867.0
0.016076326370239258,17024.0
0.016076326370239258,17165.0
0.016076326370239258,17035.0
0.016076326370239258,16851.0
0.016076326370239258,17110.0
0.016076326370239258,17002.0
0.016076326370239258,17119.0
0.016076326370239258,16978.0
0.016076326370239258,16861.0
0.016076326370239258,16996.0
0.016076326370239258,16332.0
0.016076326370239258,16820.0
0.016076326370239258,16975.0
0.016076326370239258,17167.0
0.016076326370239258,17052.0
0.016076326370239258,17168.0
0.016076326370239258,17271.0
0.016076326370239258,17416.0
0.016076326370239258,17311.0
0.016076326370239258,17117.0
0.016076326370239258,17314.0
0.016076326370239258,17200.0
0.016076326370239258,17316.0
0.016076326370239258,17104.0
0.016076326370239258,17278.0
0.016076326370239258,17417.0
0.016076326370239258,17284.0
0.016076326370239258,16959.0
0.016076326370239258,17120.0
0.016076326370239258,17315.0
0.016076326370239258,17214.0
0.016076326370239258,17350.0
0.016076326370239258,17232.0
0.016076326370239258,17016.0
0.016076326370239258,17142.0
0.016076326370239258,16919.0
0.016076326370239258,17065.0
0.016076326370239258,17262.0
0.016076326370239258,16836.0
0.016076326370239258,17007.0
0.016076326370239258,17406.0
0.016076326370239258,17261.0
0.016076326370239258,17399.0
0.016076326370239258,17504.0
0.016076326370239258,17619.0
0.016076326370239258,17509.0
0.016076326370239258,17635.0
0.016076326370239258,17758.0
0.016076326370239258,17874.0
0.016076326370239258,18002.0
0.016076326370239258,18109.0
0.016076326370239258,17987.0
0.016076326370239258,17868.0
0.016076326370239258,17969.0
0.016076326370239258,18113.0
0.01959395408630371,17993.0
0.01959395408630371,17506.0
0.01959395408630371,17707.0
0.01959395408630371,18074.0
0.01959395408630371,18183.0
0.01959395408630371,17771.0
0.01959395408630371,18124.0
0.01959395408630371,18015.0
0.01959395408630371,18173.0
0.01959395408630371,18303.0
0.01959395408630371,18139.0
0.01959395408630371,18250.0
0.01959395408630371,18401.0
0.01959395408630371,18518.0
0.01959395408630371,18321.0
0.01959395408630371,18458.0
0.01959395408630371,18357.0
0.01959395408630371,18476.0
0.01959395408630371,18339.0
0.01959395408630371,18444.0
0.01959395408630371,18553.0
0.01959395408630371,18695.0
0.01959395408630371,18573.0
0.01959395408630371,18466.0
0.01959395408630371,18606.0
0.01959395408630371,18495.0
0.01959395408630371,18379.0
0.01959395408630371,18274.0
0.01959395408630371,18117.0
0.01959395408630371,18306.0
0.01959395408630371,17821.0
0.01959395408630371,18261.0
0.01959395408630371,18002.0
0.01959395408630371,18298.0
0.01959395408630371,18165.0
0.01959395408630371,18316.0
0.01959395408630371,18020.0
0.01959395408630371,17905.0
0.01959395408630371,18057.0
0.01959395408630371,18248.0
0.01959395408630371,18396.0
0.01959395408630371,18512.0
0.01959395408630371,18331.0
0.01959395408630371,18495.0
0.01959395408630371,18602.0
0.01959395408630371,18719.0
0.01959395408630371,18605.0
0.01959395408630371,18502.0
0.01959395408630371,18610.0
0.01959395408630371,18493.0
0.01959395408630371,18230.0
0.01959395408630371,18508.0
0.01959395408630371,18398.0
0.01959395408630371,18274.0
0.01959395408630371,18405.0
0.01959395408630371,18292.0
0.01959395408630371,18175.0
0.01959395408630371,18009.0
0.01959395408630371,18206.0
0.01959395408630371,18316.0
0.01959395408630371,18145.0
0.01959395408630371,18006.0
0.01959395408630371,17885.0
0.01959395408630371,17369.0
0.01959395408630371,17677.0
0.01959395408630371,17796.0
0.01959395408630371,17955.0
0.01959395408630371,18239.0
0.01959395408630371,18113.0
0.01959395408630371,18315.0
0.01959395408630371,17948.0
0.01959395408630371,18272.0
0.01959395408630371,18386.0
0.01959395408630371,18262.0
0.01959395408630371,18367.0
0.01959395408630371,18241.0
0.01959395408630371,18393.0
0.01959395408630371,18519.0
0.01959395408630371,18412.0
0.01959395408630371,18260.0
0.01959395408630371,18144.0
0.01959395408630371,18264.0
0.01959395408630371,17823.0
0.01959395408630371,18198.0
0.01959395408630371,18088.0
0.01959395408630371,18203.0
0.01959395408630371,18055.0
0.01959395408630371,18235.0
0.01959395408630371,18401.0
0.01959395408630371,18085.0
0.01959395408630371,17954.0
0.01959395408630371,18256.0
0.01959395408630371,18419.0
0.01959395408630371,17524.0
0.01959395408630371,18082.0
0.01959395408630371,18361.0
0.01959395408630371,18053.0
0.01959395408630371,18276.0
0.01959395408630371,18489.0
0.01959395408630371,18707.0
0.01959395408630371,18546.0
0.01959395408630371,18404.0
0.01959395408630371,18604.0
0.01959395408630371,18485.0
0.01959395408630371,18615.0
0.01959395408630371,18485.0
0.01959395408630371,18341.0
0.01959395408630371,18513.0
0.01959395408630371,18216.0
0.01959395408630371,18452.0
0.01959395408630371,18585.0
0.01959395408630371,18695.0
0.01959395408630371,18137.0
0.01959395408630371,18561.0
0.01959395408630371,18451.0
0.01959395408630371,18628.0
0.01959395408630371,18498.0
0.01959395408630371,18382.0
0.01959395408630371,18514.0
0.01959395408630371,18636.0
0.01959395408630371,18472.0
0.01959395408630371,18624.0
0.01959395408630371,18774.0
0.01959395408630371,18891.0
0.01959395408630371,18758.0
0.01959395408630371,18639.0
0.01959395408630371,18771.0
0.01959395408630371,18895.0
0.01959395408630371,18734.0
0.01959395408630371,18915.0
0.01959395408630371,18769.0
0.01959395408630371,18895.0
0.01959395408630371,18698.0
0.01959395408630371,18597.0
0.01959395408630371,18736.0
0.01959395408630371,18845.0
0.01959395408630371,18987.0
0.01959395408630371,18808.0
0.01959395408630371,19005.0
0.01959395408630371,18888.0
0.01959395408630371,18746.0
0.01959395408630371,18462.0
0.01959395408630371,18087.0
0.01959395408630371,18257.0
0.01959395408630371,18719.0
0.01959395408630371,18836.0
0.01959395408630371,18619.0
0.01959395408630371,18427.0
0.01959395408630371,18739.0
0.01959395408630371,18599.0
0.01959395408630371,18811.0
0.01959395408630371,18387.0
0.01959395408630371,18767.0
0.01959395408630371,18876.0
0.01959395408630371,18986.0
0.01959395408630371,19089.0
0.01959395408630371,18965.0
0.01959395408630371,18764.0
0.01959395408630371,18986.0
0.01959395408630371,18878.0
0.01959395408630371,19011.0
0.01959395408630371,18885.0
0.01959395408630371,18662.0
0.01959395408630371,18877.0
0.01959395408630371,18767.0
0.01959395408630371,18618.0
0.01959395408630371,18789.0
0.01959395408630371,18667.0
0.01959395408630371,18812.0
0.01959395408630371,18657.0
0.01959395408630371,18790.0
0.01959395408630371,18302.0
0.01959395408630371,18708.0
0.01959395408630371,18871.0
0.01959395408630371,18984.0
0.01959395408630371,19098.0
0.01959395408630371,19215.0
0.01959395408630371,19108.0
0.01959395408630371,18796.0
0.01959395408630371,19111.0
0.01959395408630371,18996.0
0.01959395408630371,19097.0
0.01959395408630371,19212.0
0.01959395408630371,19093.0
0.01959395408630371,19200.0
0.01959395408630371,19095.0
0.01959395408630371,18979.0
0.01959395408630371,18870.0
0.01959395408630371,18977.0
0.01959395408630371,18874.0
0.01959395408630371,18633.0
0.01959395408630371,18783.0
0.01959395408630371,18682.0
0.01959395408630371,18161.0
0.01959395408630371,18798.0
0.01959395408630371,18903.0
0.01959395408630371,18764.0
0.01959395408630371,18657.0
0.01959395408630371,18799.0
0.01959395408630371,18689.0
0.01959395408630371,18584.0
0.01959395408630371,18716.0
0.01959395408630371,18545.0
0.01959395408630371,18437.0
0.01959395408630371,18235.0
0.01959395408630371,18466.0
0.01959395408630371,18618.0
0.01959395408630371,18509.0
0.01959395408630371,18103.0
0.01959395408630371,18275.0
0.01959395408630371,18392.0
0.01959395408630371,18501.0
0.01959395408630371,18368.0
0.01959395408630371,18187.0
0.01959395408630371,18055.0
0.01959395408630371,18323.0
0.01959395408630371,18432.0
0.01959395408630371,18719.0
0.01959395408630371,18483.0
0.01959395408630371,18586.0
0.01959395408630371,18738.0
0.01959395408630371,18460.0
0.01959395408630371,18695.0
0.01959395408630371,18886.0
0.01959395408630371,18723.0
0.01959395408630371,18851.0
0.01959395408630371,19015.0
0.01959395408630371,18793.0
0.01959395408630371,18927.0
0.01959395408630371,19080.0
0.01959395408630371,19187.0
0.01959395408630371,18872.0
0.01959395408630371,19078.0
0.01959395408630371,18919.0
0.01959395408630371,18713.0
0.01959395408630371,19119.0
0.01959395408630371,19005.0
0.01959395408630371,18877.0
0.01959395408630371,18768.0
0.01959395408630371,18884.0
0.01959395408630371,18767.0
0.01959395408630371,18660.0
0.01959395408630371,18532.0
0.01959395408630371,18409.0
0.01959395408630371,18292.0
0.01959395408630371,18515.0
0.01959395408630371,18236.0
0.01959395408630371,18355.0
0.01959395408630371,18558.0
0.01959395408630371,18718.0
0.01959395408630371,18566.0
0.01959395408630371,18400.0
0.01959395408630371,18566.0
0.01959395408630371,18706.0
0.01959395408630371,18509.0
0.01959395408630371,18318.0
0.01959395408630371,18177.0
0.01959395408630371,18480.0
0.01959395408630371,18619.0
0.01959395408630371,18453.0
0.01959395408630371,18607.0
0.01959395408630371,18355.0
0.01959395408630371,18223.0
0.01959395408630371,18372.0
0.01959395408630371,18601.0
0.01959395408630371,18711.0
0.01959395408630371,18496.0
0.01959395408630371,18688.0
0.01959395408630371,18518.0
0.01959395408630371,18646.0
0.01959395408630371,18472.0
0.01959395408630371,18624.0
0.01959395408630371,18460.0
0.01959395408630371,18320.0
0.01959395408630371,18483.0
0.01959395408630371,18591.0
0.01959395408630371,18781.0
0.01959395408630371,18479.0
0.01959395408630371,18663.0
0.01959395408630371,18909.0
0.01959395408630371,18712.0
0.01959395408630371,18847.0
0.01959395408630371,18529.0
0.01959395408630371,18796.0
0.01959395408630371,18680.0
0.01959395408630371,18801.0
0.01959395408630371,18953.0
0.01959395408630371,18820.0
0.01959395408630371,18699.0
0.01959395408630371,18912.0
0.01959395408630371,18715.0
0.01959395408630371,18880.0
0.01959395408630371,18708.0
0.01959395408630371,18818.0
0.01959395408630371,18984.0
0.01959395408630371,19117.0
0.01959395408630371,18927.0
0.01959395408630371,19101.0
0.01959395408630371,18912.0
0.01959395408630371,19091.0
0.01959395408630371,18978.0
0.01959395408630371,18842.0
0.01959395408630371,18967.0
0.01959395408630371,19085.0
0.01959395408630371,19192.0
0.01959395408630371,19018.0
0.01959395408630371,19179.0
0.01959395408630371,19295.0
0.01959395408630371,19135.0
0.01959395408630371,19283.0
0.01959395408630371,19394.0
0.01959395408630371,19283.0
0.01959395408630371,19164.0
0.01959395408630371,19295.0
0.01959395408630371,19161.0
0.01959395408630371,19294.0
0.01959395408630371,19140.0
0.01959395408630371,19037.0
0.01959395408630371,19194.0
0.01959395408630371,19043.0
0.01959395408630371,19176.0
0.01959395408630371,19293.0
0.01959395408630371,19178.0
0.01959395408630371,18429.0
0.01959395408630371,19006.0
0.01959395408630371,18897.0
0.01959395408630371,19058.0
0.01959395408630371,19247.0
0.01959395408630371,19405.0
0.01959395408630371,19052.0
0.01959395408630371,19277.0
0.01959395408630371,19448.0
0.01959395408630371,19612.0
0.01959395408630371,19713.0
0.01959395408630371,19561.0
0.01959395408630371,19444.0
0.01959395408630371,19604.0
0.01959395408630371,19443.0
0.01959395408630371,19559.0
0.01959395408630371,19694.0
0.01959395408630371,19549.0
0.01959395408630371,19690.0
0.01959395408630371,19583.0
0.01959395408630371,19704.0
0.01959395408630371,19525.0
0.01959395408630371,19716.0
0.01959395408630371,19606.0
0.01959395408630371,19443.0
0.01959395408630371,19340.0
0.01959395408630371,19127.0
0.01959395408630371,19322.0
0.01959395408630371,19519.0
0.01959395408630371,19367.0
0.01959395408630371,19217.0
0.01959395408630371,19381.0
0.01959395408630371,19256.0
0.01959395408630371,19388.0
0.01959395408630371,19274.0
0.01959395408630371,19394.0
0.01959395408630371,19276.0
0.01959395408630371,19159.0
0.01959395408630371,19319.0
0.01959395408630371,19188.0
0.01959395408630371,19291.0
0.01959395408630371,19405.0
0.01959395408630371,19213.0
0.01959395408630371,19103.0
0.01959395408630371,19247.0
0.01959395408630371,19355.0
0.01959395408630371,19191.0
0.01959395408630371,19318.0
0.01959395408630371,19481.0
0.01959395408630371,19609.0
0.01959395408630371,19504.0
0.01959395408630371,19619.0
0.01959395408630371,19503.0
0.01959395408630371,19613.0
0.01959395408630371,19360.0
0.01959395408630371,19616.0
0.01959395408630371,19466.0
0.01959395408630371,19300.0
0.01959395408630371,19482.0
0.01959395408630371,19374.0
0.01959395408630371,19504.0
0.01959395408630371,19346.0
0.01959395408630371,19489.0
0.01959395408630371,19298.0
0.01959395408630371,19407.0
0.01959395408630371,19001.0
0.01959395408630371,19195.0
0.01959395408630371,19610.0
0.01959395408630371,19489.0
0.01959395408630371,19346.0
0.01959395408630371,19486.0
0.01959395408630371,19371.0
0.01959395408630371,19146.0
0.01959395408630371,18843.0
0.01959395408630371,18953.0
0.01959395408630371,19320.0
0.01959395408630371,19517.0
0.01959395408630371,19345.0
0.01959395408630371,19505.0
0.01959395408630371,19385.0
0.01959395408630371,19244.0
0.01959395408630371,19124.0
0.01959395408630371,19243.0
0.01959395408630371,19415.0
0.01959395408630371,19282.0
0.01959395408630371,19400.0
0.01959395408630371,19284.0
0.01959395408630371,19066.0
0.01959395408630371,19174.0
0.01959395408630371,18980.0
0.01959395408630371,19113.0
0.01959395408630371,19386.0
0.01959395408630371,19502.0
0.01959395408630371,19616.0
0.01959395408630371,19381.0
0.01959395408630371,19246.0
0.01959395408630371,19386.0
0.01959395408630371,19221.0
0.01959395408630371,19423.0
0.01959395408630371,19540.0
0.01959395408630371,19701.0
0.01959395408630371,19802.0
0.01959395408630371,19684.0
0.01959395408630371,19801.0
0.01959395408630371,19686.0
0.01959395408630371,19577.0
0.01959395408630371,19695.0
0.01959395408630371,19815.0
0.01959395408630371,19682.0
0.01959395408630371,19519.0
0.01959395408630371,19380.0
0.01959395408630371,19510.0
0.01959395408630371,19717.0
0.01959395408630371,19565.0
0.01959395408630371,19365.0
0.01959395408630371,19041.0
0.01959395408630371,19272.0
0.01959395408630371,19540.0
0.01959395408630371,19645.0
0.01959395408630371,19536.0
0.01959395408630371,19394.0
0.01959395408630371,19515.0
0.01959395408630371,19053.0
0.01959395408630371,19269.0
0.01959395408630371,19671.0
0.01959395408630371,19778.0
0.01959395408630371,19630.0
0.01959395408630371,19497.0
0.01959395408630371,19629.0
0.01959395408630371,19748.0
0.01959395408630371,19349.0
0.01959395408630371,19515.0
0.01959395408630371,19662.0
0.01959395408630371,19978.0
0.01959395408630371,19814.0
0.01959395408630371,20004.0
0.01959395408630371,19624.0
0.01959395408630371,19832.0
0.01959395408630371,20111.0
0.01959395408630371,19994.0
0.01959395408630371,19841.0
0.01959395408630371,20000.0
0.01959395408630371,20109.0
0.01959395408630371,19925.0
0.01959395408630371,19797.0
0.01959395408630371,19961.0
0.01959395408630371,19765.0
0.01959395408630371,19923.0
0.01959395408630371,19816.0
0.01959395408630371,19950.0
0.01959395408630371,20053.0
0.01959395408630371,20190.0
0.01959395408630371,19988.0
0.01959395408630371,20214.0
0.01959395408630371,20104.0
0.01959395408630371,20214.0
0.01959395408630371,20087.0
0.01959395408630371,19924.0
0.01959395408630371,20118.0
0.01959395408630371,20015.0
0.01959395408630371,19878.0
0.01959395408630371,19684.0
0.01959395408630371,19866.0
0.01959395408630371,19705.0
0.01959395408630371,19850.0
0.01959395408630371,19968.0
0.01959395408630371,20075.0
0.01959395408630371,19926.0
0.01959395408630371,19486.0
0.01959395408630371,19774.0
0.01959395408630371,20052.0
0.01959395408630371,20205.0
0.01959395408630371,20315.0
0.01959395408630371,20196.0
0.01959395408630371,19972.0
0.01959395408630371,19812.0
0.01959395408630371,20017.0
0.01959395408630371,20139.0
0.01959395408630371,19737.0
0.01959395408630371,20088.0
0.01959395408630371,20262.0
0.01959395408630371,20082.0
0.01959395408630371,19869.0
0.01959395408630371,20201.0
0.01959395408630371,20318.0
0.01959395408630371,20186.0
0.01959395408630371,20077.0
0.01959395408630371,19967.0
0.01959395408630371,19772.0
0.01959395408630371,20017.0
0.01959395408630371,19820.0
0.01959395408630371,19638.0
0.01959395408630371,19494.0
0.01959395408630371,19678.0
0.01959395408630371,19807.0
0.01959395408630371,19959.0
0.01959395408630371,19768.0
0.01959395408630371,19939.0
0.01959395408630371,19731.0
0.01959395408630371,19913.0
0.01959395408630371,20115.0
0.01959395408630371,19943.0
0.01959395408630371,19842.0
0.01959395408630371,19630.0
0.01959395408630371,19754.0
0.01959395408630371,19945.0
0.01959395408630371,20062.0
0.01959395408630371,19873.0
0.01959395408630371,20116.0
0.01959395408630371,19987.0
0.01959395408630371,20103.0
0.01959395408630371,20218.0
0.01959395408630371,19851.0
0.01959395408630371,20074.0
0.01959395408630371,19917.0
0.01959395408630371,20111.0
0.01959395408630371,19983.0
0.01959395408630371,20131.0
0.01959395408630371,20234.0
0.01959395408630371,20363.0
0.01959395408630371,20260.0
0.01959395408630371,20412.0
0.01959395408630371,20283.0
0.01959395408630371,20392.0
0.01959395408630371,20516.0
0.01959395408630371,20384.0
0.01959395408630371,20500.0
0.01959395408630371,20366.0
0.01959395408630371,20250.0
0.01959395408630371,20372.0
0.01959395408630371,20201.0
0.01959395408630371,20371.0
0.01959395408630371,20500.0
0.01959395408630371,20383.0
0.01959395408630371,20105.0
0.01959395408630371,20412.0
0.01959395408630371,20217.0
0.01959395408630371,20380.0
0.01959395408630371,20517.0
0.01959395408630371,20407.0
0.01959395408630371,20128.0
0.01959395408630371,20341.0
0.01959395408630371,20477.0
0.01959395408630371,20600.0
0.01959395408630371,20434.0
0.01959395408630371,20310.0
0.01959395408630371,20202.0
0.01959395408630371,20057.0
0.01959395408630371,20295.0
0.01959395408630371,20398.0
0.01959395408630371,20297.0
0.01959395408630371,20412.0
0.01959395408630371,20295.0
0.01959395408630371,20181.0
0.01959395408630371,20066.0
0.01959395408630371,20186.0
0.01959395408630371,20319.0
0.03218483924865723,20135.0
0.03218483924865723,20017.0
0.03218483924865723,20145.0
0.03218483924865723,20254.0
0.03218483924865723,20091.0
0.03218483924865723,20201.0
0.03218483924865723,20390.0
0.03218483924865723,20508.0
0.03218483924865723,20386.0
0.03218483924865723,20170.0
0.03218483924865723,20419.0
0.03218483924865723,20283.0
0.03218483924865723,20174.0
0.03218483924865723,20289.0
0.03218483924865723,19957.0
0.03218483924865723,20264.0
0.03218483924865723,20140.0
0.03218483924865723,20304.0
0.03218483924865723,20197.0
0.03218483924865723,20079.0
0.03218483924865723,20184.0
0.03218483924865723,20293.0
0.03218483924865723,20403.0
0.03218483924865723,20154.0
0.03218483924865723,20303.0
0.03218483924865723,20484.0
0.03218483924865723,20368.0
0.03218483924865723,20258.0
0.03218483924865723,20413.0
0.03218483924865723,20208.0
0.03218483924865723,20350.0
0.03218483924865723,19405.0
0.03218483924865723,19622.0
0.03218483924865723,20244.0
0.03218483924865723,20092.0
0.03218483924865723,20494.0
0.03218483924865723,20346.0
0.03218483924865723,20507.0
0.03218483924865723,20400.0
0.03218483924865723,20505.0
0.03218483924865723,20383.0
0.03218483924865723,20278.0
0.03218483924865723,20065.0
0.03218483924865723,20193.0
0.03218483924865723,20301.0
0.03218483924865723,20185.0
0.03218483924865723,20033.0
0.03218483924865723,20278.0
0.03218483924865723,20022.0
0.03218483924865723,20318.0
0.03218483924865723,20198.0
0.03218483924865723,19972.0
0.03218483924865723,20158.0
0.03218483924865723,20032.0
0.03218483924865723,19883.0
0.03218483924865723,20096.0
0.03218483924865723,20218.0
0.03218483924865723,20113.0
0.03218483924865723,19947.0
0.03218483924865723,19765.0
0.03218483924865723,19946.0
0.03218483924865723,19639.0
0.03218483924865723,20015.0
0.03218483924865723,19834.0
0.03218483924865723,19995.0
0.03218483924865723,20112.0
0.03218483924865723,19942.0
0.03218483924865723,20083.0
0.03218483924865723,19966.0
0.03218483924865723,19802.0
0.03218483924865723,19954.0
0.03218483924865723,19802.0
0.03218483924865723,19975.0
0.03218483924865723,20110.0
0.03218483924865723,19952.0
0.03218483924865723,20116.0
0.03218483924865723,20011.0
0.03218483924865723,20116.0
0.03218483924865723,20001.0
0.03218483924865723,19807.0
0.03218483924865723,19970.0
0.03218483924865723,19810.0
0.03218483924865723,20001.0
0.03218483924865723,20102.0
0.03218483924865723,19950.0
0.03218483924865723,19719.0
0.03218483924865723,19558.0
0.03218483924865723,19818.0
0.03218483924865723,19541.0
0.03218483924865723,19894.0
0.03218483924865723,19721.0
0.03218483924865723,19892.0
0.03218483924865723,19782.0
0.03218483924865723,19904.0
0.03218483924865723,19749.0
0.03218483924865723,19881.0
0.03218483924865723,19734.0
0.03218483924865723,19906.0
0.03218483924865723,19786.0
0.03218483924865723,19904.0
0.03218483924865723,19796.0
0.03218483924865723,19654.0
0.03218483924865723,19338.0
0.03218483924865723,19697.0
0.03218483924865723,19567.0
0.03218483924865723,19672.0
0.03218483924865723,19562.0
0.03218483924865723,19704.0
0.03218483924865723,19475.0
0.03218483924865723,19657.0
0.03218483924865723,19506.0
0.03218483924865723,19694.0
0.03218483924865723,19523.0
0.03218483924865723,19401.0
0.03218483924865723,19105.0
0.03218483924865723,18982.0
0.03218483924865723,19313.0
0.03218483924865723,19518.0
0.03218483924865723,19327.0
0.03218483924865723,19483.0
0.03218483924865723,19584.0
0.03218483924865723,19253.0
0.03218483924865723,19590.0
0.03218483924865723,19697.0
0.03218483924865723,19537.0
0.03218483924865723,19701.0
0.03218483924865723,19566.0
0.03218483924865723,19673.0
0.03218483924865723,19502.0
0.03218483924865723,19316.0
0.03218483924865723,19575.0
0.03218483924865723,19224.0
0.03218483924865723,19530.0
0.03218483924865723,19701.0
0.03218483924865723,19559.0
0.03218483924865723,19713.0
0.03218483924865723,19585.0
0.03218483924865723,19695.0
0.03218483924865723,19581.0
0.03218483924865723,19365.0
0.03218483924865723,19509.0
0.03218483924865723,19703.0
0.03218483924865723,19586.0
0.03218483924865723,19719.0
0.03218483924865723,19611.0
0.03218483924865723,19478.0
0.03218483924865723,19211.0
0.03218483924865723,19434.0
0.03218483924865723,19558.0
0.03218483924865723,19313.0
0.03218483924865723,19479.0
0.03218483924865723,19686.0
0.03218483924865723,19803.0
0.03218483924865723,19609.0
0.03218483924865723,19742.0
0.03218483924865723,19605.0
0.03218483924865723,19415.0
0.03218483924865723,19694.0
0.03218483924865723,19542.0
0.03218483924865723,19652.0
0.03218483924865723,19760.0
0.03218483924865723,19625.0
0.03218483924865723,19813.0
0.03218483924865723,19685.0
0.03218483924865723,19813.0
0.03218483924865723,19692.0
0.03218483924865723,19818.0
0.03218483924865723,19655.0
0.03218483924865723,19484.0
0.03218483924865723,19331.0
0.03218483924865723,19612.0
0.03218483924865723,19477.0
0.03218483924865723,19594.0
0.03218483924865723,19708.0
0.03218483924865723,19544.0
0.03218483924865723,19426.0
0.03218483924865723,19570.0
0.03218483924865723,19347.0
0.03218483924865723,19583.0
0.03218483924865723,19480.0
0.03218483924865723,19356.0
0.03218483924865723,19484.0
0.03218483924865723,19615.0
0.03218483924865723,19433.0
0.03218483924865723,19300.0
0.03218483924865723,19471.0
0.03218483924865723,19598.0
0.03218483924865723,19471.0
0.03218483924865723,19312.0
0.03218483924865723,19498.0
0.03218483924865723,19618.0
0.03218483924865723,19511.0
0.03218483924865723,19394.0
0.03218483924865723,19205.0
0.03218483924865723,19086.0
0.03218483924865723,18850.0
0.03218483924865723,18978.0
0.03218483924865723,19241.0
0.03218483924865723,19109.0
0.03218483924865723,18866.0
0.03218483924865723,19191.0
0.03218483924865723,19086.0
0.03218483924865723,18879.0
0.03218483924865723,19045.0
0.03218483924865723,18905.0
0.03218483924865723,19076.0
0.03218483924865723,19210.0
0.03218483924865723,19079.0
0.03218483924865723,18978.0
0.03218483924865723,19097.0
0.03218483924865723,18916.0
0.03218483924865723,19068.0
0.03218483924865723,18963.0
0.03218483924865723,19098.0
0.03218483924865723,18932.0
0.03218483924865723,19042.0
0.03218483924865723,19168.0
0.03218483924865723,19292.0
0.03218483924865723,18715.0
0.03218483924865723,19116.0
0.03218483924865723,19247.0
0.03218483924865723,18988.0
0.03218483924865723,19182.0
0.03218483924865723,19502.0
0.03218483924865723,19607.0
0.03218483924865723,19467.0
0.03218483924865723,19588.0
0.03218483924865723,19342.0
0.03218483924865723,19459.0
0.03218483924865723,19681.0
0.03218483924865723,19784.0
0.03218483924865723,19632.0
0.03218483924865723,19784.0
0.03218483924865723,19553.0
0.03218483924865723,19747.0
0.03218483924865723,19866.0
0.03218483924865723,19765.0
0.03218483924865723,19916.0
0.03218483924865723,19678.0
0.03218483924865723,19907.0
0.03218483924865723,19802.0
0.03218483924865723,19694.0
0.03218483924865723,19500.0
0.03218483924865723,19381.0
0.03218483924865723,19544.0
0.03218483924865723,19185.0
0.03218483924865723,19537.0
0.03218483924865723,19687.0
0.03218483924865723,19792.0
0.03218483924865723,19620.0
0.03218483924865723,19725.0
0.03218483924865723,19841.0
0.03218483924865723,20015.0
0.03218483924865723,19810.0
0.03218483924865723,19989.0
0.03218483924865723,20109.0
0.03218483924865723,19985.0
0.03218483924865723,20099.0
0.03218483924865723,20207.0
0.03218483924865723,20104.0
0.03218483924865723,19971.0
0.03218483924865723,19807.0
0.03218483924865723,19908.0
0.03218483924865723,20041.0
0.03218483924865723,19936.0
0.03218483924865723,19827.0
0.03218483924865723,19639.0
0.03218483924865723,19895.0
0.03218483924865723,20016.0
0.03218483924865723,19729.0
0.03218483924865723,20006.0
0.03218483924865723,19815.0
0.03218483924865723,19652.0
0.03218483924865723,19859.0
0.03218483924865723,19979.0
0.03218483924865723,19859.0
0.03218483924865723,20017.0
0.03218483924865723,19800.0
0.03218483924865723,19948.0
0.03218483924865723,20067.0
0.03218483924865723,19915.0
0.03218483924865723,20034.0
0.03218483924865723,19924.0
0.03218483924865723,20025.0
0.03218483924865723,20142.0
0.03218483924865723,20267.0
0.03218483924865723,20390.0
0.03218483924865723,20239.0
0.03218483924865723,20105.0
0.03218483924865723,19752.0
0.03218483924865723,20150.0
0.03218483924865723,20049.0
0.03218483924865723,20182.0
0.03218483924865723,19830.0
0.03218483924865723,19990.0
0.03218483924865723,20246.0
0.03218483924865723,20381.0
0.03218483924865723,20233.0
0.03218483924865723,20116.0
0.03218483924865723,20236.0
0.03218483924865723,19963.0
0.03218483924865723,20281.0
0.03218483924865723,20160.0
0.03218483924865723,20311.0
0.03218483924865723,20190.0
0.03218483924865723,20068.0
0.03218483924865723,20183.0
0.03218483924865723,20288.0
0.03218483924865723,20109.0
0.03218483924865723,19989.0
0.03218483924865723,20153.0
0.03218483924865723,19950.0
0.03218483924865723,19800.0
0.03218483924865723,19670.0
0.03218483924865723,19951.0
0.03218483924865723,20091.0
0.03218483924865723,20204.0
0.03218483924865723,20064.0
0.03218483924865723,19945.0
0.03218483924865723,20097.0
0.03218483924865723,20215.0
0.03218483924865723,20054.0
0.03218483924865723,20214.0
0.03218483924865723,20079.0
0.03218483924865723,20219.0
0.03218483924865723,19956.0
0.03218483924865723,19798.0
0.03218483924865723,19998.0
0.03218483924865723,19890.0
0.03218483924865723,20102.0
0.03218483924865723,20211.0
0.03218483924865723,20067.0
0.03218483924865723,19959.0
0.03218483924865723,19746.0
0.03218483924865723,19895.0
0.03218483924865723,19775.0
0.03218483924865723,19941.0
0.03218483924865723,20048.0
0.03218483924865723,19825.0
0.03218483924865723,19978.0
0.03218483924865723,20180.0
0.03218483924865723,20316.0
0.03218483924865723,20188.0
0.03218483924865723,20070.0
0.03218483924865723,20216.0
0.03218483924865723,20115.0
0.03218483924865723,19982.0
0.03218483924865723,19782.0
0.03218483924865723,19999.0
0.03218483924865723,20100.0
0.03218483924865723,19914.0
0.03218483924865723,19761.0
0.03218483924865723,19633.0
0.03218483924865723,19803.0
0.03218483924865723,20005.0
0.03218483924865723,19879.0
0.03218483924865723,19756.0
0.03218483924865723,19893.0
0.03218483924865723,20012.0
0.03218483924865723,19706.0
0.03218483924865723,19932.0
0.03218483924865723,20104.0
0.03218483924865723,19703.0
0.03218483924865723,20011.0
0.03218483924865723,20188.0
0.03218483924865723,20073.0
0.03218483924865723,20215.0
0.03218483924865723,20098.0
0.03218483924865723,20219.0
0.03218483924865723,20091.0
0.03218483924865723,19889.0
0.03218483924865723,19992.0
0.03218483924865723,20205.0
0.03218483924865723,20068.0
0.03218483924865723,19951.0
0.03218483924865723,20112.0
0.03218483924865723,19958.0
0.03218483924865723,19677.0
0.03218483924865723,19849.0
0.03218483924865723,19984.0
0.03218483924865723,20095.0
0.03218483924865723,20317.0
0.03218483924865723,20151.0
0.03218483924865723,20041.0
0.03218483924865723,20207.0
0.03218483924865723,20000.0
0.03218483924865723,20198.0
0.03218483924865723,20306.0
0.03218483924865723,20186.0
0.03218483924865723,20083.0
0.03218483924865723,20209.0
0.03218483924865723,20065.0
0.03218483924865723,20183.0
0.03218483924865723,20305.0
0.03218483924865723,20194.0
0.03218483924865723,20085.0
0.03218483924865723,19687.0
0.03218483924865723,19837.0
0.03218483924865723,19732.0
0.03218483924865723,19924.0
0.03218483924865723,19806.0
0.03218483924865723,20114.0
0.03218483924865723,19806.0
0.03218483924865723,20106.0
0.03218483924865723,20214.0
0.03218483924865723,20054.0
0.03218483924865723,20206.0
0.03218483924865723,20045.0
0.03218483924865723,20163.0
0.03218483924865723,20021.0
0.03218483924865723,20182.0
0.03218483924865723,19980.0
0.03218483924865723,19751.0
0.03218483924865723,20070.0
0.03218483924865723,20192.0
0.03218483924865723,20073.0
0.03218483924865723,20212.0
0.03218483924865723,20067.0
0.03218483924865723,20194.0
0.03218483924865723,20042.0
0.03218483924865723,19916.0
0.03218483924865723,20104.0
0.03218483924865723,20205.0
0.03218483924865723,20313.0
0.03218483924865723,20057.0
0.03218483924865723,20189.0
0.03218483924865723,20354.0
0.03218483924865723,20484.0
0.03218483924865723,20594.0
0.03218483924865723,20371.0
0.03218483924865723,20606.0
0.03218483924865723,20471.0
0.03218483924865723,20339.0
0.03218483924865723,20460.0
0.03218483924865723,20597.0
0.03218483924865723,20451.0
0.03218483924865723,20333.0
0.03218483924865723,20457.0
0.03218483924865723,20259.0
0.03218483924865723,20392.0
0.03218483924865723,20528.0
0.03218483924865723,20638.0
0.03218483924865723,20778.0
0.03218483924865723,20671.0
0.03218483924865723,20791.0
0.03218483924865723,20635.0
0.03218483924865723,20514.0
0.03218483924865723,20642.0
0.03218483924865723,20440.0
0.03218483924865723,20655.0
0.03218483924865723,20771.0
0.03218483924865723,20601.0
0.03218483924865723,20366.0
0.03218483924865723,20716.0
0.03218483924865723,20565.0
0.03218483924865723,20424.0
0.03218483924865723,20605.0
0.03218483924865723,20495.0
0.03218483924865723,20385.0
0.03218483924865723,20249.0
0.03218483924865723,20124.0
0.03218483924865723,20315.0
0.03218483924865723,20144.0
0.03218483924865723,20027.0
0.03218483924865723,20193.0
0.03218483924865723,20090.0
0.03218483924865723,20215.0
0.03218483924865723,20021.0
0.03218483924865723,19902.0
0.03218483924865723,20081.0
0.03218483924865723,20190.0
0.03218483924865723,20295.0
0.03218483924865723,20419.0
0.03218483924865723,20253.0
0.03218483924865723,20363.0
0.03218483924865723,20515.0
0.03218483924865723,20399.0
0.03218483924865723,20270.0
0.03218483924865723,20082.0
0.03218483924865723,20298.0
0.03218483924865723,20148.0
0.03218483924865723,20318.0
0.03218483924865723,20139.0
0.03218483924865723,20289.0
0.03218483924865723,20125.0
0.03218483924865723,20289.0
0.03218483924865723,20168.0
0.03218483924865723,20038.0
0.03218483924865723,19925.0
0.03218483924865723,19792.0
0.03218483924865723,19986.0
0.03218483924865723,19885.0
0.03218483924865723,20005.0
0.03218483924865723,20112.0
0.03218483924865723,20213.0
0.03218483924865723,20061.0
0.03218483924865723,20178.0
0.03218483924865723,20304.0
0.03218483924865723,20414.0
0.03218483924865723,20294.0
0.03218483924865723,20407.0
0.03218483924865723,20268.0
0.03218483924865723,20411.0
0.03218483924865723,20514.0
0.03218483924865723,20398.0
0.03218483924865723,20293.0
0.03218483924865723,20111.0
0.03218483924865723,20300.0
0.03218483924865723,20192.0
0.03218483924865723,20309.0
0.03218483924865723,20417.0
0.04921317100524902,20257.0
0.04921317100524902,20149.0
0.04921317100524902,20036.0
0.04921317100524902,20200.0
0.04921317100524902,20305.0
0.04988265037536621,20117.0
0.04988265037536621,20272.0
0.04988265037536621,19964.0
0.04988265037536621,20289.0
0.04988265037536621,20397.0
0.04988265037536621,20072.0
0.04988265037536621,20371.0
0.04988265037536621,20182.0
0.04988265037536621,20372.0
0.04988265037536621,20182.0
0.04988265037536621,20021.0
0.04988265037536621,20244.0
0.050485849380493164,20376.0
0.050485849380493164,20509.0
0.050485849380493164,20390.0
0.050485849380493164,20511.0
0.050485849380493164,20383.0
0.050485849380493164,20494.0
0.050485849380493164,20359.0
0.050485849380493164,20237.0
0.050485849380493164,20113.0
0.050485849380493164,20263.0
0.050485849380493164,20113.0
0.050485849380493164,20311.0
0.050485849380493164,20113.0
0.050485849380493164,20310.0
0.050485849380493164,20136.0
0.050485849380493164,20256.0
0.050485849380493164,20373.0
0.050485849380493164,20491.0
0.050485849380493164,20610.0
0.050485849380493164,20479.0
0.050485849380493164,20346.0
0.050485849380493164,20466.0
0.050485849380493164,20614.0
0.050485849380493164,20482.0
0.050485849380493164,20614.0
0.050485849380493164,20504.0
0.050485849380493164,20609.0
0.050485849380493164,20489.0
0.050485849380493164,20605.0
0.050485849380493164,20478.0
0.050485849380493164,20312.0
0.050485849380493164,20436.0
0.050485849380493164,20558.0
0.050485849380493164,20449.0
0.050485849380493164,20565.0
0.050485849380493164,20717.0
0.050485849380493164,20608.0
0.050485849380493164,20483.0
0.050485849380493164,20319.0
0.050485849380493164,20507.0
0.050485849380493164,20610.0
0.050485849380493164,20433.0
0.050485849380493164,20325.0
0.050485849380493164,20516.0
0.050485849380493164,20361.0
0.050485849380493164,20474.0
0.050485849380493164,20603.0
0.050485849380493164,20719.0
0.050485849380493164,20554.0
0.050485849380493164,20714.0
0.050485849380493164,20574.0
0.050485849380493164,20457.0
0.050485849380493164,20338.0
0.050485849380493164,20504.0
0.050485849380493164,20382.0
0.050485849380493164,20190.0
0.050485849380493164,20407.0
0.050485849380493164,20298.0
0.050485849380493164,20406.0
0.050485849380493164,20290.0
0.050485849380493164,20182.0
0.050485849380493164,20291.0
0.050485849380493164,20148.0
0.050485849380493164,19880.0
0.050485849380493164,20050.0
0.050485849380493164,20232.0
0.050485849380493164,20068.0
0.050485849380493164,20268.0
0.050485849380493164,20398.0
0.050485849380493164,20288.0
0.050485849380493164,20398.0
0.050485849380493164,20518.0
0.050485849380493164,20366.0
0.050485849380493164,20488.0
0.050485849380493164,20317.0
0.050485849380493164,20514.0
0.050485849380493164,20406.0
0.050485849380493164,20184.0
0.050485849380493164,20396.0
0.050485849380493164,20288.0
0.050485849380493164,20162.0
0.050485849380493164,20303.0
0.050485849380493164,20188.0
0.050485849380493164,20071.0
0.050485849380493164,20179.0
0.050485849380493164,20007.0
0.050485849380493164,20200.0
0.050485849380493164,20090.0
0.050485849380493164,19968.0
0.050485849380493164,20104.0
0.050485849380493164,19988.0
0.050485849380493164,19856.0
0.050485849380493164,19991.0
0.050485849380493164,19859.0
0.050485849380493164,19614.0
0.050485849380493164,19857.0
0.050485849380493164,19978.0
0.050485849380493164,20108.0
0.050485849380493164,20217.0
0.050485849380493164,20104.0
0.050485849380493164,19984.0
0.050485849380493164,19870.0
0.050485849380493164,19995.0
0.050485849380493164,19871.0
0.050485849380493164,20016.0
0.050485849380493164,19895.0
0.050485849380493164,19774.0
0.050485849380493164,19906.0
0.050485849380493164,19773.0
0.050485849380493164,19906.0
0.050485849380493164,19770.0
0.050485849380493164,19582.0
0.050485849380493164,19709.0
0.050485849380493164,19870.0
0.050485849380493164,19693.0
0.050485849380493164,19837.0
0.050485849380493164,19980.0
0.050485849380493164,20089.0
0.050485849380493164,20210.0
0.050485849380493164,20092.0
0.050485849380493164,20211.0
0.050485849380493164,20050.0
0.050485849380493164,20207.0
0.050485849380493164,20046.0
0.050485849380493164,20188.0
0.050485849380493164,20067.0
0.050485849380493164,20211.0
0.050485849380493164,20095.0
0.050485849380493164,19970.0
0.050485849380493164,20094.0
0.050485849380493164,19872.0
0.050485849380493164,19989.0
0.050485849380493164,20123.0
0.050485849380493164,20307.0
0.050485849380493164,20415.0
0.050485849380493164,20249.0
0.050485849380493164,20371.0
0.050485849380493164,20238.0
0.050485849380493164,20410.0
0.050485849380493164,20305.0
0.050485849380493164,20414.0
0.050485849380493164,20270.0
0.050485849380493164,20398.0
0.06399726867675781,20274.0
0.06399726867675781,20407.0
0.06399726867675781,20304.0
0.06399726867675781,20199.0
0.06399726867675781,20085.0
0.06399726867675781,19933.0
0.06399726867675781,20078.0
0.06399726867675781,19944.0
0.06399726867675781,20062.0
0.06399726867675781,20201.0
0.06399726867675781,20071.0
0.06399726867675781,20194.0
0.06399726867675781,20065.0
0.06399726867675781,20194.0
0.06399726867675781,20313.0
0.06399726867675781,20168.0
0.06399726867675781,20283.0
0.06399726867675781,20172.0
0.06399726867675781,20042.0
0.06399726867675781,20206.0
0.06399726867675781,20099.0
0.06399726867675781,19876.0
0.06399726867675781,20062.0
0.06399726867675781,20172.0
0.06399726867675781,19986.0
0.06399726867675781,20184.0
0.06399726867675781,20310.0
0.06399726867675781,20192.0
0.06399726867675781,20091.0
0.06399726867675781,20211.0
0.06399726867675781,20014.0
0.06399726867675781,20175.0
0.06399726867675781,20319.0
0.06399726867675781,20197.0
0.06399726867675781,20312.0
0.06399726867675781,20211.0
0.06399726867675781,20092.0
0.06399726867675781,20193.0
0.06399726867675781,20045.0
0.06399726867675781,20179.0
0.06399726867675781,20284.0
0.06399726867675781,20412.0
0.06399726867675781,20278.0
0.06399726867675781,20391.0
0.06399726867675781,20510.0
0.06399726867675781,20298.0
0.06399726867675781,20428.0
0.06399726867675781,20538.0
0.06399726867675781,20688.0
0.06399726867675781,20578.0
0.06399726867675781,20692.0
0.06399726867675781,20797.0
0.06399726867675781,20648.0
0.06399726867675781,20457.0
0.06399726867675781,20324.0
0.06399726867675781,20588.0
0.06399726867675781,20464.0
0.06399726867675781,20349.0
0.06399726867675781,20072.0
0.06399726867675781,20375.0
0.06399726867675781,20507.0
0.06399726867675781,20290.0
0.06399726867675781,20161.0
0.06399726867675781,20359.0
0.06399726867675781,20480.0
0.06399726867675781,20283.0
0.06399726867675781,20418.0
0.06399726867675781,20566.0
0.06399726867675781,20718.0
0.06399726867675781,20554.0
0.06399726867675781,20687.0
0.06399726867675781,20795.0
0.06399726867675781,20916.0
0.06399726867675781,20716.0
0.06399726867675781,20882.0
0.06399726867675781,21004.0
0.06399726867675781,20895.0
0.06399726867675781,21019.0
0.06399726867675781,20822.0
0.06399726867675781,20936.0
0.06399726867675781,21064.0
0.06399726867675781,21217.0
0.06399726867675781,21095.0
0.06399726867675781,21198.0
0.06399726867675781,21038.0
0.06399726867675781,21157.0
0.06399726867675781,21290.0
0.06399726867675781,21400.0
0.06399726867675781,21280.0
0.06399726867675781,21412.0
0.06399726867675781,21240.0
0.06399726867675781,21374.0
0.06399726867675781,21507.0
0.06399726867675781,21371.0
0.06399726867675781,21239.0
0.06399726867675781,21419.0
0.06399726867675781,21261.0
0.06399726867675781,21414.0
0.06399726867675781,21244.0
0.06399726867675781,21402.0
0.06399726867675781,21301.0
0.06399726867675781,21192.0
0.06399726867675781,21312.0
0.06399726867675781,21114.0
0.06399726867675781,21270.0
0.06399726867675781,21371.0
0.06399726867675781,21511.0
0.06399726867675781,21378.0
0.06399726867675781,21245.0
0.06399726867675781,21370.0
0.06399726867675781,21252.0
0.06399726867675781,21418.0
0.06399726867675781,21292.0
0.06399726867675781,21401.0
0.06399726867675781,21300.0
0.06399726867675781,21190.0
0.06399726867675781,21085.0
0.06399726867675781,20942.0
0.06399726867675781,20823.0
0.06399726867675781,20932.0
0.06399726867675781,21087.0
0.06399726867675781,21203.0
0.06399726867675781,21081.0
0.06399726867675781,21217.0
0.06399726867675781,21100.0
0.06399726867675781,21218.0
0.06399726867675781,21319.0
0.06399726867675781,21209.0
0.06399726867675781,21101.0
0.06399726867675781,20951.0
0.06399726867675781,21067.0
0.06399726867675781,21199.0
0.06399726867675781,21035.0
0.06399726867675781,21195.0
0.06399726867675781,21310.0
0.06399726867675781,21196.0
0.06399726867675781,21306.0
0.06399726867675781,21173.0
0.06399726867675781,21281.0
0.06399726867675781,21410.0
0.06399726867675781,21203.0
0.06399726867675781,21392.0
0.06399726867675781,21493.0
0.06399726867675781,21354.0
0.06399726867675781,21487.0
0.06399726867675781,21605.0
0.06399726867675781,21485.0
0.06399726867675781,21618.0
0.06399726867675781,21504.0
0.06399726867675781,21618.0
0.06399726867675781,21498.0
0.06399726867675781,21612.0
0.06399726867675781,21498.0
0.06399726867675781,21370.0
0.06399726867675781,21515.0
0.06399726867675781,21399.0
0.06399726867675781,21506.0
0.06399726867675781,21617.0
0.07962679862976074,21499.0
0.07962679862976074,21385.0
0.07962679862976074,21232.0
0.07962679862976074,21413.0
0.07962679862976074,21304.0
0.07962679862976074,21196.0
0.07962679862976074,21314.0
0.07962679862976074,21207.0
0.07962679862976074,21315.0
0.07962679862976074,21210.0
0.07962679862976074,21315.0
0.07962679862976074,21072.0
0.07962679862976074,21313.0
0.07962679862976074,21203.0
0.07962679862976074,21319.0
0.07962679862976074,21214.0
0.07962679862976074,21097.0
0.07962679862976074,21214.0
0.07962679862976074,21319.0
0.07962679862976074,21203.0
0.07962679862976074,21317.0
0.07962679862976074,21176.0
0.07962679862976074,21311.0
0.07962679862976074,21167.0
0.07962679862976074,21283.0
0.07962679862976074,21414.0
0.07962679862976074,21293.0
0.07962679862976074,21160.0
0.07962679862976074,21302.0
0.07962679862976074,21412.0
0.07962679862976074,21291.0
0.07962679862976074,21161.0
0.07962679862976074,21302.0
0.07962679862976074,21416.0
0.07962679862976074,21306.0
0.07962679862976074,21416.0
0.07962679862976074,21307.0
0.07962679862976074,21416.0
0.07962679862976074,21298.0
0.07962679862976074,21419.0
0.07962679862976074,21316.0
0.07962679862976074,21171.0
0.07962679862976074,21276.0
0.07962679862976074,21386.0
0.07962679862976074,21506.0
0.07962679862976074,21615.0
0.07962679862976074,21490.0
0.07962679862976074,21614.0
0.09535980224609375,21717.0
0.09734368324279785,21601.0
0.09734368324279785,21493.0
0.09734368324279785,21610.0
0.09734368324279785,21444.0
0.09734368324279785,21574.0
0.09734368324279785,21691.0
0.09734368324279785,21813.0
0.09734368324279785,21699.0
0.09734368324279785,21806.0
0.1123199462890625,21914.0
0.11949515342712402,21781.0
0.11949515342712402,21676.0
0.11949515342712402,21819.0
0.11949515342712402,21709.0
0.11949515342712402,21814.0
