0.0,11873.0
0.0,12008.0
0.0,12125.0
0.0,12341.0
0.0,12492.0
0.0,12781.0
0.0,12902.0
0.0,13019.0
0.0,12876.0
0.0,12994.0
0.0,13104.0
0.0,12752.0
0.0,13027.0
0.0,12917.0
0.0,13098.0
0.0,13206.0
0.0,13098.0
0.0,13216.0
0.0,12927.0
0.0,13055.0
0.0,13251.0
0.0,13395.0
0.0,13292.0
0.0,13414.0
0.0,13293.0
0.0,13408.0
0.0,13257.0
0.0,13418.0
0.0,13309.0
0.0,13187.0
0.0,13311.0
0.0,12416.0
0.0,13164.0
0.0,13335.0
0.0,13486.0
0.0,13597.0
0.0,13717.0
0.0,12968.0
0.0,13271.0
0.0,13401.0
0.0,13848.0
0.0,13747.0
0.0,13632.0
0.0,13760.0
0.0,13566.0
0.0,13675.0
0.0,13913.0
0.0,13789.0
0.0,13897.0
0.0,14010.0
0.0,13882.0
0.0,14015.0
0.0,13430.0
0.0,13739.0
0.0,13936.0
0.0,14183.0
0.0,14300.0
0.0,14167.0
0.0,13970.0
0.0,14170.0
0.0,14290.0
0.0,14414.0
0.0,14253.0
0.0,14380.0
0.0,14483.0
0.0,14597.0
0.0,14397.0
0.0,14513.0
0.0,14622.0
0.0,14757.0
0.0,14903.0
0.0,14775.0
0.0,14880.0
0.0,14571.0
0.0,14918.0
0.0,14571.0
0.0,14908.0
0.0,14788.0
0.0,14679.0
0.0,14794.0
0.0,14670.0
0.0,14796.0
0.0,14459.0
0.0,14564.0
0.0,14728.0
0.0,14985.0
0.0,14880.0
0.0,15012.0
0.0,14901.0
0.0,13986.0
0.0,14791.0
0.0,14993.0
0.0,15096.0
0.0,14915.0
0.0,15086.0
0.0,14940.0
0.0,14831.0
0.0,14995.0
0.0,14878.0
0.0,14603.0
0.0,14891.0
0.0,14720.0
0.0,14825.0
0.0,14934.0
0.0,15090.0
0.0,14833.0
0.0,15026.0
0.0,15208.0
0.0,14403.0
0.0,14702.0
0.0,15095.0
0.0,15286.0
0.0,14987.0
0.0,15098.0
0.0,15321.0
0.0,15612.0
0.0,15492.0
0.0,15310.0
0.0,15484.0
0.0,15612.0
0.0,15091.0
0.0,15584.0
0.0,15236.0
0.0,15515.0
0.0,15678.0
0.0,15575.0
0.0,15694.0
0.0,15815.0
0.0,15699.0
0.0,15535.0
0.0,15717.0
0.0,15612.0
0.0,15717.0
0.0,15606.0
0.0,15501.0
0.0,15345.0
0.0,15227.0
0.0,15092.0
0.0,15245.0
0.0,15395.0
0.0,15260.0
0.0,15384.0
0.0,15275.0
0.0,15052.0
0.0,15249.0
0.0,15397.0
0.0,15234.0
0.0,15360.0
0.0,15494.0
0.0,15312.0
0.0,15498.0
0.0,15612.0
0.0,15497.0
0.0,15619.0
0.0,15455.0
0.0,15558.0
0.0,15700.0
0.0,15582.0
0.0,15460.0
0.0,15593.0
0.0,15290.0
0.0,15414.0
0.0,15708.0
0.0,15576.0
0.0,15706.0
0.0,15468.0
0.0,15604.0
0.0,15764.0
0.0,15899.0
0.0,16019.0
0.0,15889.0
0.0,16019.0
0.0,15889.0
0.0,15687.0
0.0,15913.0
0.0,15487.0
0.0,15839.0
0.0,16000.0
0.0,15883.0
0.0,16006.0
0.0,16115.0
0.0,15668.0
0.0,16000.0
0.0,16164.0
0.0,16011.0
0.0,16213.0
0.0,16079.0
0.0,15915.0
0.0,16118.0
0.0,15974.0
0.0,16118.0
0.0,15992.0
0.0,15789.0
0.0,15989.0
0.0,15787.0
0.0,15957.0
0.0,16083.0
0.0,16198.0
0.0,16089.0
0.0,15842.0
0.0,16040.0
0.0,16170.0
0.0,15998.0
0.0,16189.0
0.0,16299.0
0.0,16416.0
0.0,16293.0
0.0,15348.0
0.0,16137.0
0.0,16247.0
0.0,16483.0
0.0,16380.0
0.0,15288.0
0.0,16365.0
0.0,16517.0
0.0,16393.0
0.0,16498.0
0.0,16305.0
0.0,16186.0
0.0,16296.0
0.0,16454.0
0.0,16615.0
0.0,16505.0
0.0,16363.0
0.0,16249.0
0.0,15727.0
0.0,16255.0
0.0,16128.0
0.0,16255.0
0.0,15698.0
0.0,15927.0
0.0,16256.0
0.0,16420.0
0.0,16569.0
0.0,16441.0
0.0,16573.0
0.0,16715.0
0.0,16517.0
0.0,16301.0
0.0,16532.0
0.0,16641.0
0.0,16499.0
0.0,16707.0
0.0,16507.0
0.0,16691.0
0.0,16809.0
0.0,16679.0
0.0,16518.0
0.0,16639.0
0.0,16757.0
0.0,16893.0
0.0,17013.0
0.0,16865.0
0.0,17011.0
0.0,16851.0
0.0,16730.0
0.0,16594.0
0.0,16792.0
0.0,16902.0
0.0,17018.0
0.0,16502.0
0.0,16731.0
0.0,16934.0
0.0,17156.0
0.0,17300.0
0.0,17417.0
0.0,17233.0
0.0,17341.0
0.0,17446.0
0.0,17556.0
0.0,17696.0
0.0,17274.0
0.0,17516.0
0.0,17274.0
0.0,17627.0
0.0,17791.0
0.0,17681.0
0.0,17572.0
0.0,17465.0
0.0,17338.0
0.0,17457.0
0.0,17609.0
0.0,17495.0
0.0,17382.0
0.0,17483.0
0.0,17337.0
0.0,17509.0
0.0,17116.0
0.0,17425.0
0.0,17532.0
0.0,17417.0
0.0,17532.0
0.0,17646.0
0.0,17774.0
0.0,17906.0
0.0,17789.0
0.0,17598.0
0.0,17708.0
0.0,17889.0
0.0,17745.0
0.0,17896.0
0.0,17764.0
0.0,17631.0
0.0,17797.0
0.0,17667.0
0.0,17816.0
0.0,17613.0
0.0,17818.0
0.0,17648.0
0.0,17811.0
0.0,17671.0
0.0,17543.0
0.0,17715.0
0.0,17597.0
0.0,17483.0
0.0,17586.0
0.0,17357.0
0.0,17505.0
0.0,17686.0
0.0,17818.0
0.0,17698.0
0.0,17572.0
0.0,17346.0
0.0,17511.0
0.0,17644.0
0.0,17773.0
0.0,17485.0
0.0,17775.0
0.0,17905.0
0.0,17733.0
0.0,17511.0
0.0,17644.0
0.0,17851.0
0.0,17976.0
0.0,17771.0
0.0,17243.0
0.0,17810.0
0.0,18000.0
0.0,17895.0
0.0,17747.0
0.0,17549.0
0.0,17767.0
0.0,17882.0
0.0,17999.0
0.0,17841.0
0.0,17999.0
0.0,17898.0
0.0,17734.0
0.0,17576.0
0.0,17728.0
0.0,17576.0
0.0,17395.0
0.0,17621.0
0.0,17787.0
0.0,17913.0
0.0,17806.0
0.0,17689.0
0.0,17808.0
0.0,17698.0
0.0,17807.0
0.0,17686.0
0.0,17407.0
0.0,17653.0
0.0,17803.0
0.0,17685.0
0.0,17566.0
0.0,17375.0
0.0,17598.0
0.0,17304.0
0.0,16967.0
0.0,17235.0
0.0,17451.0
0.0,17644.0
0.0,17518.0
0.0,17679.0
0.0,17799.0
0.0,17613.0
0.0,17730.0
0.0,17893.0
0.0,18017.0
0.0,17902.0
0.0,17782.0
0.0,17619.0
0.0,17814.0
0.0,17704.0
0.0,17552.0
0.0,17716.0
0.0,17608.0
0.0,17473.0
0.0,16725.0
0.0,17438.0
0.0,17594.0
0.0,17477.0
0.0,17587.0
0.0,17692.0
0.0,17528.0
0.0,17641.0
0.0,17799.0
0.0,17666.0
0.0,17492.0
0.0,17636.0
0.0,17492.0
0.0,17379.0
0.0,17561.0
0.0,17681.0
0.0,17530.0
0.0,17676.0
0.0,17504.0
0.0,17368.0
0.0,17510.0
0.0,17400.0
0.0,17542.0
0.0,17661.0
0.0,17432.0
0.0,17300.0
0.0,16968.0
0.0,17119.0
0.0,17449.0
0.0,17635.0
0.0,17792.0
0.0,17643.0
0.0,17802.0
0.0,17637.0
0.0,17520.0
0.0,17639.0
0.0,17809.0
0.0,17541.0
0.0,17790.0
0.0,17600.0
0.0,17490.0
0.0,17690.0
0.0,17520.0
0.0,17655.0
0.0,17538.0
0.0,17691.0
0.0,17561.0
0.0,17694.0
0.0,17804.0
0.0,17703.0
0.0,17552.0
0.0,17410.0
0.0,17615.0
0.0,17480.0
0.0,17314.0
0.0,17450.0
0.0,17341.0
0.0,17475.0
0.0,17614.0
0.0,17421.0
0.0,17612.0
0.0,17451.0
0.0,17591.0
0.0,17698.0
0.0,17807.0
0.0,17917.0
0.0,17807.0
0.0,17702.0
0.0,17597.0
0.0,17718.0
0.0,17597.0
0.0,17487.0
0.0,17603.0
0.0,17398.0
0.0,17201.0
0.0,17492.0
0.0,17139.0
0.0,17471.0
0.0,17581.0
0.0,17691.0
0.0,17510.0
0.0,17702.0
0.0,17570.0
0.0,17687.0
0.0,17529.0
0.0,17347.0
0.0,17552.0
0.0,17685.0
0.0,17805.0
0.0,17686.0
0.0,17557.0
0.0,17450.0
0.0,17559.0
0.0,17703.0
0.0,17467.0
0.0,17656.0
0.0,17503.0
0.0,17631.0
0.0,17794.0
0.0,17628.0
0.0,17781.0
0.0,17632.0
0.0,17812.0
0.0,17913.0
0.0,17769.0
0.0,17878.0
0.0,17569.0
0.0,17406.0
0.0,17665.0
0.0,17893.0
0.0,17707.0
0.0,17839.0
0.0,17980.0
0.0,17830.0
0.0,17604.0
0.0,17725.0
0.0,17948.0
0.0,17814.0
0.0,18003.0
0.0,18117.0
0.0,17925.0
0.0,18113.0
0.0,17977.0
0.0,18112.0
0.0,17506.0
0.0,17700.0
0.0,18188.0
0.0,18299.0
0.0,18407.0
0.0,18282.0
0.0,18390.0
0.0,18495.0
0.0,18385.0
0.0,18154.0
0.0,18338.0
0.0,18006.0
0.0,18318.0
0.0,18118.0
0.0,18288.0
0.0,18448.0
0.0,18322.0
0.0,18508.0
0.0,18399.0
0.0,18247.0
0.0,18392.0
0.0,18501.0
0.0,18315.0
0.0,18447.0
0.0,18573.0
0.0,18695.0
0.0,18805.0
0.0,18642.0
0.0,18509.0
0.0,18700.0
0.0,18559.0
0.0,18409.0
0.0,18606.0
0.0,18449.0
0.0,18599.0
0.0,18438.0
0.0,18548.0
0.0,18325.0
0.0,18590.0
0.0,18325.0
0.0,18475.0
0.0,18163.0
0.0,18534.0
0.0,18674.0
0.0,18523.0
0.0,18713.0
0.0,18467.0
0.0,18633.0
0.0,18766.0
0.0,18882.0
0.0,18774.0
0.0,18917.0
0.0,18774.0
0.0,18558.0
0.0,18731.0
0.0,18864.0
0.0,18759.0
0.0,18864.0
0.0,18738.0
0.0,18846.0
0.0,18964.0
0.0,18840.0
0.0,18726.0
0.0,18843.0
0.0,18625.0
0.0,18751.0
0.0,18933.0
0.0,18787.0
0.0,18958.0
0.0,18826.0
0.0,18948.0
0.0,19083.0
0.0,19210.0
0.0,19311.0
0.011089086532592773,19203.0
0.011089086532592773,19070.0
0.011089086532592773,18961.0
0.011089086532592773,18841.0
0.011089086532592773,18986.0
0.011089086532592773,18853.0
0.011089086532592773,18990.0
0.011089086532592773,19097.0
0.011089086532592773,18952.0
0.011089086532592773,18851.0
0.011089086532592773,18998.0
0.011089086532592773,18881.0
0.011089086532592773,18590.0
0.011089086532592773,18731.0
0.011089086532592773,18977.0
0.011089086532592773,18806.0
0.011089086532592773,18318.0
0.011089086532592773,18908.0
0.011089086532592773,18662.0
0.011089086532592773,18900.0
0.011089086532592773,19017.0
0.011089086532592773,18758.0
0.011089086532592773,18891.0
0.011089086532592773,19085.0
0.011089086532592773,18941.0
0.011089086532592773,18713.0
0.011089086532592773,18949.0
0.011089086532592773,18839.0
0.011089086532592773,18990.0
0.011089086532592773,18801.0
0.011089086532592773,18682.0
0.011089086532592773,18864.0
0.011089086532592773,18754.0
0.011089086532592773,18505.0
0.011089086532592773,18748.0
0.011089086532592773,18906.0
0.011089086532592773,18766.0
0.011089086532592773,18559.0
0.011089086532592773,18754.0
0.011089086532592773,18906.0
0.011089086532592773,18413.0
0.011089086532592773,18701.0
0.011089086532592773,18111.0
0.011089086532592773,18354.0
0.011089086532592773,18980.0
0.011089086532592773,19095.0
0.011089086532592773,19213.0
0.011089086532592773,19022.0
0.011089086532592773,19213.0
0.011089086532592773,19060.0
0.011089086532592773,19190.0
0.011089086532592773,18993.0
0.011089086532592773,18750.0
0.011089086532592773,19049.0
0.011089086532592773,19201.0
0.011089086532592773,19091.0
0.011089086532592773,18950.0
0.011089086532592773,19108.0
0.011089086532592773,18973.0
0.011089086532592773,19101.0
0.011089086532592773,18983.0
0.011089086532592773,19115.0
0.011089086532592773,18920.0
0.011089086532592773,19086.0
0.011089086532592773,18985.0
0.011089086532592773,19102.0
0.011089086532592773,18946.0
0.011089086532592773,19111.0
0.011089086532592773,19006.0
0.011089086532592773,18891.0
0.011089086532592773,18731.0
0.011089086532592773,18908.0
0.011089086532592773,18735.0
0.011089086532592773,18624.0
0.011089086532592773,18806.0
0.011089086532592773,18616.0
0.011089086532592773,18813.0
0.011089086532592773,18661.0
0.011089086532592773,18509.0
0.011089086532592773,18670.0
0.011089086532592773,18552.0
0.011089086532592773,18687.0
0.011089086532592773,18547.0
0.011089086532592773,18678.0
0.011089086532592773,18556.0
0.011089086532592773,18411.0
0.011089086532592773,18556.0
0.011089086532592773,18423.0
0.011089086532592773,18568.0
0.011089086532592773,18447.0
0.011089086532592773,18611.0
0.011089086532592773,18281.0
0.011089086532592773,18493.0
0.011089086532592773,18713.0
0.011089086532592773,18597.0
0.011089086532592773,18354.0
0.011089086532592773,18547.0
0.011089086532592773,18713.0
0.011089086532592773,18596.0
0.011089086532592773,18308.0
0.011089086532592773,18500.0
0.011089086532592773,18397.0
0.011089086532592773,18233.0
0.011089086532592773,18374.0
0.011089086532592773,18257.0
0.011089086532592773,18509.0
0.011089086532592773,18372.0
0.011089086532592773,18512.0
0.011089086532592773,18395.0
0.011089086532592773,18504.0
0.011089086532592773,18377.0
0.011089086532592773,18186.0
0.011089086532592773,18046.0
0.011089086532592773,17808.0
0.011089086532592773,18061.0
0.011089086532592773,17841.0
0.011089086532592773,18057.0
0.011089086532592773,17952.0
0.011089086532592773,18187.0
0.011089086532592773,18297.0
0.011089086532592773,17730.0
0.011089086532592773,18017.0
0.011089086532592773,18241.0
0.011089086532592773,18413.0
0.011089086532592773,18298.0
0.011089086532592773,18401.0
0.011089086532592773,18281.0
0.011089086532592773,18479.0
0.011089086532592773,18334.0
0.011089086532592773,18150.0
0.011089086532592773,18347.0
0.011089086532592773,18461.0
0.011089086532592773,18295.0
0.011089086532592773,18144.0
0.011089086532592773,18387.0
0.011089086532592773,18504.0
0.011089086532592773,18296.0
0.011089086532592773,18467.0
0.011089086532592773,18616.0
0.011089086532592773,18364.0
0.011089086532592773,18479.0
0.011089086532592773,18639.0
0.011089086532592773,18504.0
0.011089086532592773,18363.0
0.011089086532592773,18517.0
0.011089086532592773,18359.0
0.011089086532592773,18460.0
0.011089086532592773,18587.0
0.011089086532592773,18800.0
0.011089086532592773,18636.0
0.011089086532592773,18753.0
0.011089086532592773,18587.0
0.011089086532592773,18809.0
0.011089086532592773,18620.0
0.011089086532592773,18783.0
0.011089086532592773,18905.0
0.011089086532592773,18779.0
0.011089086532592773,18670.0
0.011089086532592773,18561.0
0.011089086532592773,18666.0
0.011089086532592773,18563.0
0.011089086532592773,18701.0
0.011089086532592773,18562.0
0.011089086532592773,18403.0
0.011089086532592773,18537.0
0.011089086532592773,18321.0
0.011089086532592773,18612.0
0.011089086532592773,18503.0
0.011089086532592773,18370.0
0.011089086532592773,18228.0
0.011089086532592773,18419.0
0.011089086532592773,18281.0
0.011089086532592773,18176.0
0.011089086532592773,18302.0
0.011089086532592773,18415.0
0.011089086532592773,18249.0
0.011089086532592773,18121.0
0.011089086532592773,17950.0
0.011089086532592773,18206.0
0.011089086532592773,18057.0
0.011089086532592773,18196.0
0.011089086532592773,18026.0
0.011089086532592773,18136.0
0.011089086532592773,17954.0
0.011089086532592773,18177.0
0.011089086532592773,17953.0
0.011089086532592773,18139.0
0.011089086532592773,18285.0
0.011089086532592773,18406.0
0.011089086532592773,18209.0
0.011089086532592773,18398.0
0.011089086532592773,18517.0
0.011089086532592773,18325.0
0.011089086532592773,18473.0
0.011089086532592773,18606.0
0.011089086532592773,18474.0
0.011089086532592773,18326.0
0.011089086532592773,18218.0
0.011089086532592773,18084.0
0.011089086532592773,18214.0
0.011089086532592773,18408.0
0.011089086532592773,18210.0
0.011089086532592773,18410.0
0.011089086532592773,18260.0
0.011089086532592773,18380.0
0.011089086532592773,18516.0
0.011089086532592773,18366.0
0.011089086532592773,18508.0
0.011089086532592773,18380.0
0.011089086532592773,18500.0
0.011089086532592773,18611.0
0.011089086532592773,18716.0
0.011089086532592773,18584.0
0.011089086532592773,18693.0
0.011089086532592773,18801.0
0.011089086532592773,18917.0
0.011089086532592773,18726.0
0.011089086532592773,18858.0
0.011089086532592773,19016.0
0.011089086532592773,18725.0
0.011089086532592773,18895.0
0.011089086532592773,19000.0
0.011089086532592773,19179.0
0.011089086532592773,19058.0
0.011089086532592773,18950.0
0.011089086532592773,18835.0
0.011089086532592773,18730.0
0.011089086532592773,18911.0
0.011089086532592773,18621.0
0.011089086532592773,18811.0
0.011089086532592773,18944.0
0.011089086532592773,18809.0
0.011089086532592773,19011.0
0.011089086532592773,18884.0
0.011089086532592773,18765.0
0.011089086532592773,18873.0
0.011089086532592773,19000.0
0.011089086532592773,18842.0
0.011089086532592773,18711.0
0.011089086532592773,18864.0
0.011089086532592773,18983.0
0.011089086532592773,19117.0
0.011089086532592773,19004.0
0.011089086532592773,18894.0
0.011089086532592773,18659.0
0.011089086532592773,18808.0
0.011089086532592773,18967.0
0.011089086532592773,19085.0
0.011089086532592773,19213.0
0.011089086532592773,19066.0
0.011089086532592773,19206.0
0.016193866729736328,19013.0
0.016193866729736328,18903.0
0.016193866729736328,19098.0
0.016193866729736328,18953.0
0.016193866729736328,18843.0
0.016193866729736328,18727.0
0.016193866729736328,18891.0
0.016193866729736328,19012.0
0.016193866729736328,18849.0
0.016193866729736328,18959.0
0.016193866729736328,18780.0
0.016193866729736328,18067.0
0.016193866729736328,18864.0
0.016193866729736328,18628.0
0.016193866729736328,18851.0
0.016193866729736328,18986.0
0.016193866729736328,19095.0
0.016193866729736328,18900.0
0.016193866729736328,19103.0
0.016193866729736328,18975.0
0.016193866729736328,18855.0
0.016193866729736328,19015.0
0.016193866729736328,18869.0
0.016193866729736328,18736.0
0.016193866729736328,18597.0
0.016193866729736328,18761.0
0.016193866729736328,18602.0
0.016193866729736328,18725.0
0.016193866729736328,18561.0
0.016193866729736328,18443.0
0.016193866729736328,18579.0
0.016193866729736328,18800.0
0.016193866729736328,18544.0
0.016193866729736328,18760.0
0.016193866729736328,18912.0
0.016193866729736328,18724.0
0.016193866729736328,18908.0
0.016193866729736328,18685.0
0.016193866729736328,18908.0
0.016193866729736328,18791.0
0.016193866729736328,18600.0
0.016193866729736328,18484.0
0.016193866729736328,18323.0
0.016193866729736328,18586.0
0.016193866729736328,18704.0
0.016193866729736328,18522.0
0.016193866729736328,18696.0
0.016193866729736328,18809.0
0.016193866729736328,18627.0
0.016193866729736328,18769.0
0.016193866729736328,18660.0
0.016193866729736328,18437.0
0.016193866729736328,18694.0
0.016193866729736328,18492.0
0.016193866729736328,18607.0
0.016193866729736328,18796.0
0.016193866729736328,18913.0
0.016193866729736328,18614.0
0.016193866729736328,18860.0
0.016193866729736328,18991.0
0.016193866729736328,18770.0
0.016193866729736328,19006.0
0.016193866729736328,18836.0
0.016193866729736328,18999.0
0.016193866729736328,18776.0
0.016193866729736328,18920.0
0.016193866729736328,19100.0
0.016193866729736328,18980.0
0.016193866729736328,19113.0
0.016193866729736328,18916.0
0.016193866729736328,18795.0
0.016193866729736328,18995.0
0.016193866729736328,19114.0
0.016193866729736328,18871.0
0.016193866729736328,19055.0
0.016193866729736328,19187.0
0.016193866729736328,19065.0
0.016193866729736328,18945.0
0.016193866729736328,18616.0
0.016193866729736328,18924.0
0.016193866729736328,19087.0
0.016193866729736328,19190.0
0.016193866729736328,19316.0
0.016193866729736328,19194.0
0.016193866729736328,19059.0
0.016193866729736328,19174.0
0.016193866729736328,19307.0
0.016193866729736328,19180.0
0.016193866729736328,19050.0
0.016193866729736328,19201.0
0.016193866729736328,19086.0
0.016193866729736328,18983.0
0.016193866729736328,19100.0
0.016193866729736328,18864.0
0.016193866729736328,19106.0
0.016193866729736328,18962.0
0.016193866729736328,19112.0
0.016193866729736328,19217.0
0.016193866729736328,19052.0
0.016193866729736328,19213.0
0.016193866729736328,19104.0
0.016193866729736328,18999.0
0.016193866729736328,18898.0
0.016193866729736328,18704.0
0.016193866729736328,18601.0
0.016193866729736328,18754.0
0.016193866729736328,18902.0
0.016193866729736328,19012.0
0.016193866729736328,18812.0
0.016193866729736328,18939.0
0.016193866729736328,19118.0
0.016193866729736328,19004.0
0.016193866729736328,18741.0
0.016193866729736328,18609.0
0.016193866729736328,18717.0
0.016193866729736328,19018.0
0.016193866729736328,18901.0
0.016193866729736328,18712.0
0.016193866729736328,18834.0
0.016193866729736328,18983.0
0.016193866729736328,18780.0
0.016193866729736328,18912.0
0.016193866729736328,19021.0
0.016193866729736328,18842.0
0.016193866729736328,19031.0
0.016193866729736328,19136.0
0.016193866729736328,19281.0
0.016193866729736328,19390.0
0.016193866729736328,19271.0
0.016193866729736328,19415.0
0.016193866729736328,19283.0
0.016193866729736328,19415.0
0.016193866729736328,19292.0
0.016193866729736328,19409.0
0.016193866729736328,19518.0
0.016193866729736328,19408.0
0.016193866729736328,19162.0
0.016193866729736328,19030.0
0.016193866729736328,19259.0
0.016193866729736328,19379.0
0.016193866729736328,19495.0
0.016193866729736328,19323.0
0.016193866729736328,19512.0
0.016193866729736328,19386.0
0.016193866729736328,19253.0
0.016193866729736328,19356.0
0.016193866729736328,19475.0
0.016193866729736328,19585.0
0.016193866729736328,19362.0
0.016193866729736328,19598.0
0.016193866729736328,19449.0
0.016193866729736328,19550.0
0.016193866729736328,19702.0
0.016193866729736328,18625.0
0.016193866729736328,19038.0
0.016193866729736328,19469.0
0.016193866729736328,19598.0
0.016193866729736328,19824.0
0.016193866729736328,19674.0
0.016193866729736328,19883.0
0.016193866729736328,20009.0
0.016193866729736328,19893.0
0.016193866729736328,20049.0
0.016193866729736328,20184.0
0.016193866729736328,20287.0
0.016193866729736328,20051.0
0.016193866729736328,20189.0
0.016193866729736328,20051.0
0.016193866729736328,20253.0
0.016193866729736328,20373.0
0.016193866729736328,20264.0
0.016193866729736328,20403.0
0.016193866729736328,20512.0
0.016193866729736328,20407.0
0.016193866729736328,20306.0
0.016193866729736328,20110.0
0.016193866729736328,19990.0
0.016193866729736328,20181.0
0.016193866729736328,20062.0
0.016193866729736328,20186.0
0.016193866729736328,20291.0
0.016193866729736328,20398.0
0.016193866729736328,20287.0
0.016193866729736328,20065.0
0.016193866729736328,20261.0
0.016193866729736328,20396.0
0.016193866729736328,20180.0
0.016193866729736328,20064.0
0.016193866729736328,20216.0
0.016193866729736328,20020.0
0.016193866729736328,20236.0
0.016193866729736328,20094.0
0.016193866729736328,20243.0
0.016193866729736328,20383.0
0.016193866729736328,20502.0
0.016193866729736328,20618.0
0.016193866729736328,20434.0
0.016193866729736328,20301.0
0.016193866729736328,20483.0
0.016193866729736328,20601.0
0.016193866729736328,20492.0
0.016193866729736328,20357.0
0.016193866729736328,20240.0
0.016193866729736328,20087.0
0.016193866729736328,20238.0
0.016193866729736328,20355.0
0.016193866729736328,20483.0
0.016193866729736328,20359.0
0.016193866729736328,20252.0
0.016193866729736328,20402.0
0.016193866729736328,20282.0
0.016193866729736328,20128.0
0.016193866729736328,20019.0
0.016193866729736328,20207.0
0.016193866729736328,20047.0
0.016193866729736328,20211.0
0.016193866729736328,20058.0
0.016193866729736328,19951.0
0.016193866729736328,19809.0
0.016193866729736328,19701.0
0.016193866729736328,19400.0
0.016193866729736328,19591.0
0.016193866729736328,19733.0
0.016193866729736328,19962.0
0.016193866729736328,19853.0
0.016193866729736328,19962.0
0.016193866729736328,20079.0
0.016193866729736328,20190.0
0.016193866729736328,20299.0
0.016193866729736328,20166.0
0.016193866729736328,19977.0
0.016193866729736328,19862.0
0.016193866729736328,20048.0
0.016193866729736328,20163.0
0.016193866729736328,20283.0
0.016193866729736328,20174.0
0.016193866729736328,20294.0
0.016193866729736328,20174.0
0.016193866729736328,20307.0
0.016193866729736328,20414.0
0.016193866729736328,20266.0
0.016193866729736328,20114.0
0.016193866729736328,19885.0
0.016193866729736328,20167.0
0.016193866729736328,20300.0
0.016193866729736328,20410.0
0.016193866729736328,20216.0
0.016193866729736328,20375.0
0.016193866729736328,20170.0
0.016193866729736328,20312.0
0.016193866729736328,20519.0
0.016193866729736328,20317.0
0.016193866729736328,20491.0
0.016193866729736328,20060.0
0.016193866729736328,19926.0
0.016193866729736328,20092.0
0.016193866729736328,20515.0
0.016193866729736328,20356.0
0.016193866729736328,20239.0
0.016193866729736328,20392.0
0.016193866729736328,20283.0
0.016193866729736328,20095.0
0.016193866729736328,20277.0
0.016193866729736328,20405.0
0.016193866729736328,20219.0
0.016193866729736328,20059.0
0.016193866729736328,20280.0
0.016193866729736328,20091.0
0.016193866729736328,20252.0
0.016193866729736328,20402.0
0.016193866729736328,20509.0
0.016193866729736328,20327.0
0.016193866729736328,20460.0
0.016193866729736328,20613.0
0.016193866729736328,20436.0
0.016193866729736328,20588.0
0.016193866729736328,20702.0
0.016193866729736328,20546.0
0.016193866729736328,20681.0
0.016193866729736328,20791.0
0.016193866729736328,20652.0
0.016193866729736328,20542.0
0.016193866729736328,20416.0
0.016193866729736328,20610.0
0.016193866729736328,20474.0
0.016193866729736328,20364.0
0.016193866729736328,20484.0
0.016193866729736328,20358.0
0.016193866729736328,20488.0
0.016193866729736328,20368.0
0.016193866729736328,20477.0
0.016193866729736328,20598.0
0.016193866729736328,20414.0
0.016193866729736328,20619.0
0.016193866729736328,20511.0
0.016193866729736328,20612.0
0.016193866729736328,20199.0
0.016193866729736328,20387.0
0.016193866729736328,20632.0
0.016193866729736328,20748.0
0.016193866729736328,20882.0
0.016193866729736328,20721.0
0.016193866729736328,20900.0
0.016193866729736328,20770.0
0.016193866729736328,20911.0
0.016193866729736328,20704.0
0.016193866729736328,20809.0
0.016193866729736328,21011.0
0.016193866729736328,20848.0
0.016193866729736328,20743.0
0.016193866729736328,20561.0
0.016193866729736328,20787.0
0.016193866729736328,20621.0
0.016193866729736328,20810.0
0.016193866729736328,20619.0
0.016193866729736328,20785.0
0.016193866729736328,20909.0
0.016193866729736328,20790.0
0.016193866729736328,20537.0
0.016193866729736328,20728.0
0.016193866729736328,20898.0
0.016193866729736328,20682.0
0.016193866729736328,20905.0
0.016193866729736328,20798.0
0.016193866729736328,20907.0
0.016193866729736328,20792.0
0.016193866729736328,20640.0
0.016193866729736328,20349.0
0.016193866729736328,20450.0
0.016193866729736328,20794.0
0.016193866729736328,20672.0
0.016193866729736328,20780.0
0.016193866729736328,20894.0
0.016193866729736328,20742.0
0.016193866729736328,20584.0
0.016193866729736328,20433.0
0.016193866729736328,20282.0
0.016193866729736328,20150.0
0.016193866729736328,20429.0
0.016193866729736328,20595.0
0.016193866729736328,20474.0
0.016193866729736328,20366.0
0.016193866729736328,20505.0
0.016193866729736328,20352.0
0.016193866729736328,20143.0
0.016193866729736328,20408.0
0.016193866729736328,20299.0
0.016193866729736328,20149.0
0.016193866729736328,20277.0
0.016193866729736328,20113.0
0.016193866729736328,19971.0
0.016193866729736328,20198.0
0.016193866729736328,20095.0
0.016193866729736328,20203.0
0.016193866729736328,20311.0
0.016193866729736328,20416.0
0.016193866729736328,20266.0
0.016193866729736328,20054.0
0.016193866729736328,20209.0
0.016193866729736328,20399.0
0.016193866729736328,20518.0
0.016193866729736328,20352.0
0.016193866729736328,20517.0
0.016193866729736328,20337.0
0.016193866729736328,20234.0
0.016193866729736328,20126.0
0.016193866729736328,20246.0
0.016193866729736328,20410.0
0.016193866729736328,20187.0
0.016193866729736328,20309.0
0.016193866729736328,20469.0
0.016193866729736328,20595.0
0.016193866729736328,20710.0
0.016193866729736328,20590.0
0.016193866729736328,20450.0
0.016193866729736328,20610.0
0.016193866729736328,20419.0
0.016193866729736328,20528.0
0.016193866729736328,20694.0
0.016193866729736328,20575.0
0.016193866729736328,20381.0
0.016193866729736328,20541.0
0.016193866729736328,20422.0
0.016193866729736328,20599.0
0.016193866729736328,20247.0
0.016193866729736328,20470.0
0.016193866729736328,20365.0
0.016193866729736328,20588.0
0.016193866729736328,20217.0
0.016193866729736328,20388.0
0.016193866729736328,20707.0
0.016193866729736328,20814.0
0.016193866729736328,20681.0
0.016193866729736328,20806.0
0.016193866729736328,20688.0
0.016193866729736328,20808.0
0.016193866729736328,20642.0
0.016193866729736328,20541.0
0.016193866729736328,20683.0
0.016193866729736328,20572.0
0.016193866729736328,20307.0
0.016193866729736328,20601.0
0.016193866729736328,20494.0
0.016193866729736328,20597.0
0.016193866729736328,20416.0
0.016193866729736328,20609.0
0.016193866729736328,20474.0
0.016193866729736328,20369.0
0.016193866729736328,20487.0
0.016193866729736328,20588.0
0.016193866729736328,20395.0
0.016193866729736328,20169.0
0.016193866729736328,20503.0
0.016193866729736328,20389.0
0.016193866729736328,20261.0
0.016193866729736328,20147.0
0.016193866729736328,20308.0
0.016193866729736328,20413.0
0.016193866729736328,20190.0
0.016193866729736328,20062.0
0.016193866729736328,20251.0
0.016193866729736328,20403.0
0.016193866729736328,20512.0
0.016193866729736328,20270.0
0.016193866729736328,20492.0
0.016193866729736328,20602.0
0.016193866729736328,20497.0
0.016193866729736328,20336.0
0.016193866729736328,20218.0
0.016193866729736328,20372.0
0.016193866729736328,20254.0
0.016193866729736328,19997.0
0.016193866729736328,20242.0
0.016193866729736328,20393.0
0.016193866729736328,20257.0
0.016193866729736328,20392.0
0.016193866729736328,20508.0
0.016193866729736328,20619.0
0.016193866729736328,20503.0
0.016193866729736328,20394.0
0.016193866729736328,20252.0
0.016193866729736328,20103.0
0.016193866729736328,20294.0
0.016193866729736328,20410.0
0.016193866729736328,20265.0
0.016193866729736328,20105.0
0.016193866729736328,20219.0
0.016193866729736328,20333.0
0.016193866729736328,20505.0
0.016193866729736328,20278.0
0.016193866729736328,19984.0
0.016193866729736328,20419.0
0.016193866729736328,20285.0
0.016193866729736328,20143.0
0.016193866729736328,20012.0
0.016193866729736328,20207.0
0.016193866729736328,20106.0
0.016193866729736328,20001.0
0.016193866729736328,19812.0
0.016193866729736328,20001.0
0.016193866729736328,19796.0
0.016193866729736328,19928.0
0.016193866729736328,19763.0
0.016193866729736328,19654.0
0.016193866729736328,19831.0
0.016193866729736328,19718.0
0.016193866729736328,19835.0
0.016193866729736328,19981.0
0.016193866729736328,19864.0
0.016193866729736328,19704.0
0.016193866729736328,19839.0
0.016193866729736328,19729.0
0.016193866729736328,19911.0
0.016193866729736328,19748.0
0.016193866729736328,19889.0
0.016193866729736328,19760.0
0.016193866729736328,19869.0
0.016193866729736328,19697.0
0.016193866729736328,19902.0
0.016193866729736328,20007.0
0.016193866729736328,19828.0
0.016193866729736328,19693.0
0.016193866729736328,19884.0
0.016193866729736328,19710.0
0.016193866729736328,19601.0
0.016193866729736328,19785.0
0.016193866729736328,19917.0
0.016193866729736328,19728.0
0.016193866729736328,19888.0
0.016193866729736328,19996.0
0.016193866729736328,19836.0
0.016193866729736328,19986.0
0.016193866729736328,19867.0
0.016193866729736328,19751.0
0.016193866729736328,19879.0
0.016193866729736328,19718.0
0.016193866729736328,19862.0
0.016193866729736328,19969.0
0.016193866729736328,19774.0
0.016193866729736328,19900.0
0.016193866729736328,20037.0
0.016193866729736328,20173.0
0.016193866729736328,19989.0
0.016193866729736328,19863.0
0.016193866729736328,20089.0
0.016193866729736328,19867.0
0.016193866729736328,20032.0
0.016193866729736328,19924.0
0.016193866729736328,20077.0
0.016193866729736328,19906.0
0.016193866729736328,20032.0
0.016193866729736328,20195.0
0.016193866729736328,20063.0
0.016193866729736328,19892.0
0.016193866729736328,20090.0
0.016193866729736328,20209.0
0.016193866729736328,20095.0
0.016193866729736328,19869.0
0.016193866729736328,20086.0
0.016193866729736328,19799.0
0.016193866729736328,20080.0
0.016193866729736328,20209.0
0.016193866729736328,20045.0
0.016193866729736328,19910.0
0.016193866729736328,20019.0
0.016193866729736328,20177.0
0.016193866729736328,20305.0
0.016193866729736328,20198.0
0.016193866729736328,20072.0
0.016193866729736328,20208.0
0.016193866729736328,20094.0
0.016193866729736328,19904.0
0.016193866729736328,20088.0
0.016193866729736328,19843.0
0.016193866729736328,20009.0
0.016193866729736328,19788.0
0.016193866729736328,19960.0
0.016193866729736328,20205.0
0.016193866729736328,20306.0
0.016193866729736328,20199.0
0.016193866729736328,20053.0
0.016193866729736328,19914.0
0.016193866729736328,20049.0
0.016193866729736328,20208.0
0.016193866729736328,20048.0
0.016193866729736328,20208.0
0.016193866729736328,20084.0
0.016193866729736328,20219.0
0.016193866729736328,20118.0
0.016193866729736328,19928.0
0.016193866729736328,20047.0
0.016193866729736328,19883.0
0.016193866729736328,20080.0
0.016193866729736328,20199.0
0.016193866729736328,20082.0
0.016193866729736328,20187.0
0.031926870346069336,20307.0
0.031926870346069336,20133.0
0.031926870346069336,20240.0
0.031926870346069336,20354.0
0.031926870346069336,20467.0
0.031926870346069336,20583.0
0.031926870346069336,20432.0
0.031926870346069336,20563.0
0.031926870346069336,20705.0
0.031926870346069336,20575.0
0.031926870346069336,20705.0
0.031926870346069336,20810.0
0.031926870346069336,20674.0
0.031926870346069336,20557.0
0.031926870346069336,20675.0
0.031926870346069336,20565.0
0.031926870346069336,20445.0
0.031926870346069336,20305.0
0.031926870346069336,20103.0
0.031926870346069336,20362.0
0.031926870346069336,20257.0
0.031926870346069336,20104.0
0.031926870346069336,20312.0
0.031926870346069336,20186.0
0.031926870346069336,20042.0
0.031926870346069336,20168.0
0.031926870346069336,20298.0
0.031926870346069336,20173.0
0.031926870346069336,20287.0
0.031926870346069336,20186.0
0.031926870346069336,20067.0
0.031926870346069336,19876.0
0.031926870346069336,20010.0
0.031926870346069336,20213.0
0.031926870346069336,20110.0
0.031926870346069336,19916.0
0.031926870346069336,19797.0
0.031926870346069336,19918.0
0.031926870346069336,20033.0
0.031926870346069336,20199.0
0.031926870346069336,20075.0
0.031926870346069336,20213.0
0.031926870346069336,20093.0
0.031926870346069336,20203.0
0.031926870346069336,20095.0
0.031926870346069336,20203.0
0.031926870346069336,20075.0
0.031926870346069336,20218.0
0.031926870346069336,20319.0
0.031926870346069336,20210.0
0.031926870346069336,20311.0
0.031926870346069336,20198.0
0.031926870346069336,20307.0
0.031926870346069336,20185.0
0.031926870346069336,20067.0
0.031926870346069336,19934.0
0.031926870346069336,20085.0
0.031926870346069336,20207.0
0.031926870346069336,20102.0
0.031926870346069336,19981.0
0.031926870346069336,19867.0
0.031926870346069336,19748.0
0.031926870346069336,19894.0
0.031926870346069336,20012.0
0.031926870346069336,19911.0
0.031926870346069336,19785.0
0.031926870346069336,19911.0
0.031926870346069336,19776.0
0.031926870346069336,19901.0
0.031926870346069336,19771.0
0.031926870346069336,19880.0
0.031926870346069336,19997.0
0.031926870346069336,20107.0
0.031926870346069336,19848.0
0.031926870346069336,20032.0
0.031926870346069336,19923.0
0.031926870346069336,20094.0
0.031926870346069336,19917.0
0.031926870346069336,20025.0
0.031926870346069336,19917.0
0.031926870346069336,20108.0
0.031926870346069336,19999.0
0.031926870346069336,19861.0
0.031926870346069336,19991.0
0.031926870346069336,20099.0
0.031926870346069336,19908.0
0.031926870346069336,19754.0
0.031926870346069336,19954.0
0.031926870346069336,20078.0
0.031926870346069336,20187.0
0.031926870346069336,20035.0
0.031926870346069336,20168.0
0.031926870346069336,20063.0
0.031926870346069336,20168.0
0.031926870346069336,20277.0
0.031926870346069336,20111.0
0.031926870346069336,20243.0
0.031926870346069336,20363.0
0.031926870346069336,20508.0
0.031926870346069336,20615.0
0.031926870346069336,20483.0
0.031926870346069336,20584.0
0.031926870346069336,20443.0
0.031926870346069336,20609.0
0.031926870346069336,20474.0
0.031926870346069336,20618.0
0.031926870346069336,20508.0
0.031926870346069336,20400.0
0.031926870346069336,20517.0
0.031926870346069336,20345.0
0.031926870346069336,20186.0
0.031926870346069336,20378.0
0.031926870346069336,20510.0
0.031926870346069336,20615.0
0.031926870346069336,20462.0
0.031926870346069336,20615.0
0.031926870346069336,20466.0
0.031926870346069336,20576.0
0.031926870346069336,20702.0
0.031926870346069336,20597.0
0.031926870346069336,20490.0
0.031926870346069336,20319.0
0.031926870346069336,20427.0
0.031926870346069336,20606.0
0.031926870346069336,20495.0
0.031926870346069336,20608.0
0.031926870346069336,20713.0
0.031926870346069336,20468.0
0.031926870346069336,20683.0
0.031926870346069336,20567.0
0.031926870346069336,20717.0
0.031926870346069336,20592.0
0.031926870346069336,20466.0
0.031926870346069336,20599.0
0.031926870346069336,20422.0
0.031926870346069336,20616.0
0.031926870346069336,20499.0
0.031926870346069336,20618.0
0.031926870346069336,20513.0
0.031926870346069336,20387.0
0.031926870346069336,20172.0
0.031926870346069336,20385.0
0.031926870346069336,20504.0
0.031926870346069336,20394.0
0.031926870346069336,20497.0
0.031926870346069336,20602.0
0.031926870346069336,20713.0
0.031926870346069336,20608.0
0.031926870346069336,20455.0
0.031926870346069336,20258.0
0.031926870346069336,20386.0
0.031926870346069336,20580.0
0.031926870346069336,20706.0
0.031926870346069336,20578.0
0.031926870346069336,20469.0
0.031926870346069336,20595.0
0.031926870346069336,20715.0
0.031926870346069336,20589.0
0.031926870346069336,20696.0
0.031926870346069336,20813.0
0.031926870346069336,20670.0
0.031926870346069336,20789.0
0.031926870346069336,20653.0
0.031926870346069336,20800.0
0.031926870346069336,20691.0
0.031926870346069336,20816.0
0.031926870346069336,20700.0
0.031926870346069336,20500.0
0.031926870346069336,20695.0
0.031926870346069336,20800.0
0.031926870346069336,20699.0
0.031926870346069336,20800.0
0.031926870346069336,20671.0
0.031926870346069336,20556.0
0.031926870346069336,20709.0
0.031926870346069336,20818.0
0.031926870346069336,20683.0
0.031926870346069336,20818.0
0.031926870346069336,20692.0
0.031926870346069336,20557.0
0.031926870346069336,20366.0
0.031926870346069336,20569.0
0.031926870346069336,20684.0
0.031926870346069336,20567.0
0.031926870346069336,20683.0
0.031926870346069336,20569.0
0.031926870346069336,20381.0
0.031926870346069336,20552.0
0.031926870346069336,20688.0
0.031926870346069336,20814.0
0.031926870346069336,20667.0
0.031926870346069336,20552.0
0.031926870346069336,20667.0
0.031926870346069336,20464.0
0.031926870346069336,20658.0
0.031926870346069336,20801.0
0.031926870346069336,20606.0
0.031926870346069336,20777.0
0.031926870346069336,20670.0
0.031926870346069336,20787.0
0.031926870346069336,20901.0
0.031926870346069336,20721.0
0.031926870346069336,20910.0
0.031926870346069336,20790.0
0.031926870346069336,20899.0
0.031926870346069336,20749.0
0.031926870346069336,20884.0
0.031926870346069336,21005.0
0.031926870346069336,20811.0
0.031926870346069336,20967.0
0.031926870346069336,21099.0
0.031926870346069336,20963.0
0.031926870346069336,21096.0
0.031926870346069336,20995.0
0.031926870346069336,20862.0
0.031926870346069336,20965.0
0.031926870346069336,21117.0
0.031926870346069336,20980.0
0.031926870346069336,20871.0
0.031926870346069336,20991.0
0.031926870346069336,20788.0
0.031926870346069336,20924.0
0.031926870346069336,21064.0
0.031926870346069336,20894.0
0.031926870346069336,21058.0
0.031926870346069336,21216.0
0.031926870346069336,21027.0
0.031926870346069336,21177.0
0.031926870346069336,21050.0
0.031926870346069336,21202.0
0.031926870346069336,21318.0
0.031926870346069336,21205.0
0.031926870346069336,21097.0
0.031926870346069336,21205.0
0.031926870346069336,21097.0
0.031926870346069336,20994.0
0.031926870346069336,21108.0
0.031926870346069336,21218.0
0.031926870346069336,21099.0
0.031926870346069336,20958.0
0.031926870346069336,21093.0
0.031926870346069336,20977.0
0.031926870346069336,21096.0
0.031926870346069336,20943.0
0.031926870346069336,20811.0
0.031926870346069336,20993.0
0.031926870346069336,20780.0
0.031926870346069336,21011.0
0.031926870346069336,20855.0
0.031926870346069336,20995.0
0.031926870346069336,21116.0
0.031926870346069336,21007.0
0.031926870346069336,21116.0
0.031926870346069336,20973.0
0.031926870346069336,21112.0
0.031926870346069336,20886.0
0.031926870346069336,21083.0
0.031926870346069336,21206.0
0.031926870346069336,21062.0
0.031926870346069336,21199.0
0.031926870346069336,21079.0
0.031926870346069336,21188.0
0.031926870346069336,21310.0
0.031926870346069336,21413.0
0.031926870346069336,21298.0
0.031926870346069336,21408.0
0.031926870346069336,21294.0
0.047538042068481445,21401.0
0.047538042068481445,21222.0
0.047538042068481445,21358.0
0.047538042068481445,21472.0
0.047538042068481445,21614.0
0.047538042068481445,21486.0
0.047538042068481445,21594.0
0.047538042068481445,21475.0
0.047538042068481445,21592.0
0.047538042068481445,21701.0
0.047538042068481445,21566.0
0.047538042068481445,21430.0
0.047538042068481445,21549.0
0.047538042068481445,21677.0
0.047538042068481445,21809.0
0.04867672920227051,21694.0
0.04867672920227051,21566.0
0.04867672920227051,21714.0
0.04867672920227051,21582.0
0.04867672920227051,21709.0
0.04867672920227051,21606.0
0.04867672920227051,21488.0
0.04867672920227051,21379.0
0.04867672920227051,21482.0
0.04867672920227051,21600.0
0.04867672920227051,21497.0
0.04867672920227051,21390.0
0.04867672920227051,21516.0
0.04867672920227051,21332.0
0.04867672920227051,21503.0
0.04867672920227051,21343.0
0.04867672920227051,21496.0
0.04867672920227051,21609.0
0.04867672920227051,21718.0
0.04867672920227051,21597.0
0.04867672920227051,21486.0
0.04867672920227051,21344.0
0.04867672920227051,21508.0
0.04867672920227051,21615.0
0.04867672920227051,21465.0
0.04867672920227051,21597.0
0.04867672920227051,21487.0
0.04867672920227051,21345.0
0.04867672920227051,21499.0
0.04867672920227051,21604.0
0.04867672920227051,21705.0
0.04867672920227051,21547.0
0.04867672920227051,21697.0
0.04867672920227051,21579.0
0.04867672920227051,21703.0
0.04867672920227051,21593.0
0.04867672920227051,21703.0
0.04867672920227051,21505.0
0.04867672920227051,21626.0
0.04867672920227051,21786.0
0.04867672920227051,21667.0
0.04867672920227051,21812.0
0.04867672920227051,21699.0
0.04867672920227051,21810.0
0.04867672920227051,21913.0
0.04867672920227051,21806.0
0.04867672920227051,21672.0
0.04867672920227051,21814.0
0.04867672920227051,21693.0
0.04867672920227051,21504.0
0.04867672920227051,21684.0
0.04867672920227051,21812.0
0.04867672920227051,21704.0
0.04867672920227051,21812.0
0.04867672920227051,21919.0
0.04867672920227051,21809.0
0.04867672920227051,21682.0
0.04867672920227051,21792.0
0.04867672920227051,21673.0
0.04867672920227051,21540.0
0.04867672920227051,21692.0
0.04867672920227051,21811.0
0.04867672920227051,21708.0
0.04867672920227051,21544.0
0.04867672920227051,21654.0
0.04867672920227051,21773.0
0.04867672920227051,21911.0
0.04867672920227051,21803.0
0.04867672920227051,21918.0
0.04867672920227051,21807.0
0.04867672920227051,21682.0
0.04867672920227051,21817.0
0.04867672920227051,21708.0
0.06493306159973145,21819.0
0.06493306159973145,21705.0
0.06493306159973145,21572.0
0.06493306159973145,21686.0
0.06493306159973145,21804.0
0.06493306159973145,21913.0
0.07903599739074707,21803.0
0.07903599739074707,21913.0
0.07903599739074707,21804.0
0.07903599739074707,21907.0
0.07903599739074707,22015.0
