0.0,11993.0
0.0,12370.0
0.0,12515.0
0.0,12414.0
0.0,11992.0
0.0,11847.0
0.0,12208.0
0.0,12387.0
0.0,12502.0
0.0,12323.0
0.0,12456.0
0.0,11561.0
0.0,11732.0
0.0,12088.0
0.0,12310.0
0.0,12563.0
0.0,12743.0
0.0,12940.0
0.0,12418.0
0.0,12710.0
0.0,12910.0
0.0,13138.0
0.0,13241.0
0.0,12904.0
0.0,13117.0
0.0,13326.0
0.0,13113.0
0.0,12942.0
0.0,13283.0
0.0,13407.0
0.0,13292.0
0.0,13183.0
0.0,13288.0
0.0,13405.0
0.0,13514.0
0.0,13292.0
0.0,13000.0
0.0,13369.0
0.0,13510.0
0.0,13615.0
0.0,13254.0
0.0,13433.0
0.0,13698.0
0.0,13813.0
0.0,13461.0
0.0,13677.0
0.0,13854.0
0.0,13955.0
0.0,13850.0
0.0,13709.0
0.0,13858.0
0.0,13109.0
0.0,13725.0
0.0,14019.0
0.0,13810.0
0.0,13294.0
0.0,13792.0
0.0,13918.0
0.0,14053.0
0.0,13910.0
0.0,14040.0
0.0,14213.0
0.0,13919.0
0.0,14207.0
0.0,13979.0
0.0,14188.0
0.0,14298.0
0.0,14412.0
0.0,14311.0
0.0,14197.0
0.0,14308.0
0.0,14198.0
0.0,14317.0
0.0,14418.0
0.0,14285.0
0.0,14407.0
0.0,14281.0
0.0,14391.0
0.0,14214.0
0.0,14375.0
0.0,14483.0
0.0,14613.0
0.0,14433.0
0.0,14217.0
0.0,14458.0
0.0,14610.0
0.0,14233.0
0.0,14351.0
0.0,14484.0
0.0,14754.0
0.0,14906.0
0.0,14776.0
0.0,14884.0
0.0,14993.0
0.0,14784.0
0.0,14935.0
0.0,14832.0
0.0,14961.0
0.0,14620.0
0.0,14893.0
0.0,15038.0
0.0,15202.0
0.0,15084.0
0.0,14912.0
0.0,15028.0
0.0,15162.0
0.0,15299.0
0.0,15154.0
0.0,15274.0
0.0,15416.0
0.0,15299.0
0.0,14951.0
0.0,15131.0
0.0,15415.0
0.0,14809.0
0.0,15390.0
0.0,15282.0
0.0,15158.0
0.0,15261.0
0.0,15151.0
0.0,15314.0
0.0,15153.0
0.0,15313.0
0.0,14767.0
0.0,15073.0
0.0,15333.0
0.0,15497.0
0.0,15605.0
0.0,15107.0
0.0,15598.0
0.0,15434.0
0.0,15614.0
0.0,15434.0
0.0,15578.0
0.0,15337.0
0.0,15447.0
0.0,15685.0
0.0,15506.0
0.0,15660.0
0.0,15813.0
0.0,15918.0
0.0,15817.0
0.0,14872.0
0.0,15653.0
0.0,15537.0
0.0,15814.0
0.0,15919.0
0.0,15790.0
0.0,15671.0
0.0,15785.0
0.0,15228.0
0.0,14968.0
0.0,15538.0
0.0,15767.0
0.0,15900.0
0.0,15727.0
0.0,15498.0
0.0,15807.0
0.0,15523.0
0.0,15738.0
0.0,15853.0
0.0,15989.0
0.0,15880.0
0.0,15775.0
0.0,15894.0
0.0,16001.0
0.0,15510.0
0.0,15717.0
0.0,15842.0
0.0,16137.0
0.0,16284.0
0.0,16402.0
0.0,16295.0
0.0,16165.0
0.0,16298.0
0.0,16414.0
0.0,16280.0
0.0,16129.0
0.0,16246.0
0.0,16378.0
0.0,16224.0
0.0,16376.0
0.0,16492.0
0.0,16618.0
0.0,16482.0
0.0,16610.0
0.0,16482.0
0.0,16591.0
0.0,16718.0
0.0,16608.0
0.0,16490.0
0.0,16608.0
0.0,16475.0
0.0,16360.0
0.0,16196.0
0.0,16377.0
0.0,16511.0
0.0,16359.0
0.0,16469.0
0.0,16589.0
0.0,16440.0
0.0,16167.0
0.0,16395.0
0.0,16618.0
0.0,16509.0
0.0,16372.0
0.0,16477.0
0.0,16335.0
0.0,16506.0
0.0,16150.0
0.0,16501.0
0.0,16236.0
0.0,16467.0
0.0,16591.0
0.0,16700.0
0.0,16597.0
0.0,16327.0
0.0,16543.0
0.0,16320.0
0.0,16541.0
0.0,16425.0
0.0,16528.0
0.0,16680.0
0.0,16546.0
0.0,16703.0
0.0,16813.0
0.0,16689.0
0.0,16529.0
0.0,16718.0
0.0,16441.0
0.0,16719.0
0.0,16539.0
0.0,16710.0
0.0,16593.0
0.0,16449.0
0.0,16080.0
0.0,15852.0
0.0,16241.0
0.0,16506.0
0.0,16387.0
0.0,16495.0
0.0,16274.0
0.0,16391.0
0.0,16589.0
0.0,16486.0
0.0,16329.0
0.0,16487.0
0.0,16610.0
0.0,16500.0
0.0,16365.0
0.0,16486.0
0.0,16379.0
0.0,15794.0
0.0,16410.0
0.0,16194.0
0.0,16329.0
0.0,16489.0
0.0,16384.0
0.0,16269.0
0.0,16418.0
0.0,16300.0
0.0,16407.0
0.0,16302.0
0.0,16181.0
0.014090538024902344,16291.0
0.014090538024902344,16400.0
0.014090538024902344,16519.0
0.014090538024902344,16396.0
0.014090538024902344,16506.0
0.014090538024902344,16403.0
0.014090538024902344,16508.0
0.014090538024902344,16311.0
0.014090538024902344,16437.0
0.014090538024902344,16328.0
0.014090538024902344,16502.0
0.014090538024902344,16113.0
0.014090538024902344,16391.0
0.014090538024902344,16511.0
0.014090538024902344,16693.0
0.014090538024902344,16815.0
0.014090538024902344,16918.0
0.014090538024902344,16137.0
0.014090538024902344,16821.0
0.014090538024902344,16981.0
0.014090538024902344,16821.0
0.014090538024902344,16951.0
0.014090538024902344,16840.0
0.014090538024902344,16602.0
0.014090538024902344,16904.0
0.014090538024902344,16784.0
0.014090538024902344,16667.0
0.014090538024902344,16768.0
0.014090538024902344,16887.0
0.014090538024902344,17000.0
0.014090538024902344,16895.0
0.014090538024902344,16544.0
0.014090538024902344,16775.0
0.014090538024902344,17018.0
0.014090538024902344,16824.0
0.014090538024902344,16689.0
0.014090538024902344,16810.0
0.014090538024902344,16702.0
0.014090538024902344,16896.0
0.014090538024902344,16601.0
0.014090538024902344,16791.0
0.014090538024902344,16658.0
0.014090538024902344,16487.0
0.014090538024902344,16797.0
0.014090538024902344,16639.0
0.014090538024902344,16804.0
0.014090538024902344,16639.0
0.014090538024902344,16790.0
0.014090538024902344,16547.0
0.014090538024902344,16806.0
0.014090538024902344,16913.0
0.014090538024902344,17016.0
0.015098094940185547,16897.0
0.015098094940185547,17006.0
0.015098094940185547,16799.0
0.015098094940185547,16952.0
0.015098094940185547,17107.0
0.015098094940185547,17006.0
0.015098094940185547,16881.0
0.015098094940185547,16776.0
0.015098094940185547,16657.0
0.015098094940185547,16544.0
0.015098094940185547,16662.0
0.015098094940185547,16790.0
0.015098094940185547,16630.0
0.015098094940185547,16504.0
0.015098094940185547,16654.0
0.015098094940185547,16546.0
0.015098094940185547,16712.0
0.015098094940185547,16538.0
0.015098094940185547,16670.0
0.015098094940185547,16504.0
0.015098094940185547,16383.0
0.015098094940185547,16547.0
0.015098094940185547,16708.0
0.015098094940185547,16510.0
0.015098094940185547,16681.0
0.015098094940185547,16492.0
0.015098094940185547,16683.0
0.015098094940185547,16799.0
0.015098094940185547,16677.0
0.015098094940185547,16547.0
0.015098094940185547,16664.0
0.015098094940185547,16470.0
0.015098094940185547,16587.0
0.015098094940185547,16751.0
0.015098094940185547,16641.0
0.015098094940185547,16515.0
0.015098094940185547,16393.0
0.015098094940185547,16535.0
0.015098094940185547,16671.0
0.015098094940185547,16776.0
0.015098094940185547,16893.0
0.015098094940185547,17014.0
0.015098094940185547,16736.0
0.015098094940185547,16877.0
0.015098094940185547,17071.0
0.015098094940185547,16793.0
0.015098094940185547,17068.0
0.015098094940185547,16948.0
0.015098094940185547,17081.0
0.015098094940185547,17203.0
0.015098094940185547,17094.0
0.015098094940185547,17204.0
0.015098094940185547,17097.0
0.015098094940185547,16979.0
0.015098094940185547,17105.0
0.015098094940185547,16915.0
0.015098094940185547,17034.0
0.015098094940185547,16925.0
0.015098094940185547,17042.0
0.015098094940185547,16887.0
0.015098094940185547,17026.0
0.015098094940185547,17155.0
0.015098094940185547,17316.0
0.015098094940185547,17155.0
0.015098094940185547,17314.0
0.015098094940185547,17206.0
0.015098094940185547,17084.0
0.015098094940185547,16964.0
0.015098094940185547,17073.0
0.015098094940185547,17182.0
0.015098094940185547,17289.0
0.015098094940185547,17399.0
0.015098094940185547,17257.0
0.015098094940185547,17086.0
0.015098094940185547,16927.0
0.015098094940185547,17134.0
0.015098094940185547,17002.0
0.015098094940185547,17176.0
0.015098094940185547,17281.0
0.015098094940185547,17403.0
0.015098094940185547,17293.0
0.015098094940185547,17176.0
0.015098094940185547,17027.0
0.015098094940185547,17145.0
0.015098094940185547,17012.0
0.015098094940185547,16860.0
0.015098094940185547,17049.0
0.015098094940185547,17201.0
0.015098094940185547,17085.0
0.015098094940185547,17206.0
0.015098094940185547,17042.0
0.015098094940185547,17152.0
0.015098094940185547,16988.0
0.015098094940185547,16856.0
0.015098094940185547,17056.0
0.015098094940185547,17213.0
0.015098094940185547,17103.0
0.015098094940185547,16982.0
0.015098094940185547,17105.0
0.015098094940185547,16942.0
0.015098094940185547,16814.0
0.015098094940185547,16555.0
0.015098094940185547,16908.0
0.015098094940185547,16805.0
0.015098094940185547,16682.0
0.015098094940185547,16818.0
0.015098094940185547,16679.0
0.015098094940185547,16538.0
0.015098094940185547,16683.0
0.015098094940185547,16566.0
0.015098094940185547,16450.0
0.015098094940185547,16580.0
0.015098094940185547,16701.0
0.015098094940185547,16582.0
0.015098094940185547,16272.0
0.015098094940185547,16438.0
0.015098094940185547,16708.0
0.015098094940185547,16402.0
0.015098094940185547,16662.0
0.015098094940185547,16787.0
0.015098094940185547,16658.0
0.015098094940185547,16766.0
0.015098094940185547,16918.0
0.015098094940185547,16817.0
0.015098094940185547,16703.0
0.015098094940185547,16415.0
0.015098094940185547,16587.0
0.015098094940185547,16482.0
0.015098094940185547,16617.0
0.015098094940185547,16423.0
0.015098094940185547,16313.0
0.015098094940185547,16448.0
0.015098094940185547,16683.0
0.015098094940185547,16788.0
0.015098094940185547,16663.0
0.015098094940185547,16796.0
0.015098094940185547,16691.0
0.015098094940185547,16586.0
0.015098094940185547,16718.0
0.015098094940185547,16197.0
0.015098094940185547,16497.0
0.015098094940185547,16663.0
0.015098094940185547,16801.0
0.015098094940185547,16927.0
0.015098094940185547,17111.0
0.015098094940185547,16950.0
0.015098094940185547,17090.0
0.015098094940185547,16938.0
0.015098094940185547,17078.0
0.015098094940185547,17194.0
0.015098094940185547,16994.0
0.015098094940185547,17114.0
0.015098094940185547,17257.0
0.015098094940185547,17392.0
0.015098094940185547,17274.0
0.015098094940185547,17153.0
0.015098094940185547,17316.0
0.015098094940185547,17178.0
0.015098094940185547,17025.0
0.015098094940185547,17134.0
0.015098094940185547,17276.0
0.015098094940185547,17413.0
0.015098094940185547,16729.0
0.015098094940185547,17314.0
0.015098094940185547,17424.0
0.015098094940185547,17288.0
0.015098094940185547,17436.0
0.015098094940185547,17589.0
0.015098094940185547,17707.0
0.015098094940185547,17812.0
0.015098094940185547,17690.0
0.015098094940185547,17573.0
0.015098094940185547,17465.0
0.015098094940185547,17356.0
0.015098094940185547,17204.0
0.015098094940185547,17411.0
0.015098094940185547,17516.0
0.015098094940185547,17383.0
0.015098094940185547,17199.0
0.015098094940185547,17390.0
0.015098094940185547,17509.0
0.015098094940185547,17400.0
0.015098094940185547,17515.0
0.015098094940185547,17255.0
0.015098094940185547,17048.0
0.015098094940185547,17241.0
0.015098094940185547,17123.0
0.015098094940185547,17404.0
0.015098094940185547,17518.0
0.015098094940185547,17218.0
0.015098094940185547,17441.0
0.015098094940185547,17559.0
0.015098094940185547,17687.0
0.015098094940185547,17580.0
0.015098094940185547,17697.0
0.015098094940185547,17798.0
0.015098094940185547,17655.0
0.015098094940185547,17819.0
0.015098094940185547,17637.0
0.015098094940185547,17528.0
0.015098094940185547,17653.0
0.015098094940185547,17771.0
0.015098094940185547,17644.0
0.015098094940185547,17793.0
0.015098094940185547,17658.0
0.015098094940185547,17549.0
0.015098094940185547,17677.0
0.015098094940185547,17785.0
0.015098094940185547,17613.0
0.015098094940185547,17748.0
0.015098094940185547,17633.0
0.015098094940185547,17752.0
0.015098094940185547,17487.0
0.015098094940185547,17684.0
0.015098094940185547,17863.0
0.015098094940185547,17666.0
0.015098094940185547,17531.0
0.015098094940185547,17773.0
0.015098094940185547,17616.0
0.015098094940185547,17732.0
0.015098094940185547,17914.0
0.015098094940185547,17732.0
0.015098094940185547,17889.0
0.015098094940185547,17614.0
0.015098094940185547,17827.0
0.015098094940185547,17934.0
0.015098094940185547,18043.0
0.015098094940185547,18176.0
0.015098094940185547,18299.0
0.015098094940185547,18163.0
0.015098094940185547,18287.0
0.015098094940185547,18388.0
0.015098094940185547,18118.0
0.015098094940185547,18359.0
0.015098094940185547,18494.0
0.015098094940185547,18378.0
0.015098094940185547,18483.0
0.015098094940185547,18334.0
0.015098094940185547,18516.0
0.015098094940185547,18409.0
0.015098094940185547,18290.0
0.015098094940185547,18405.0
0.015098094940185547,18280.0
0.015098094940185547,18114.0
0.015098094940185547,17950.0
0.015098094940185547,18113.0
0.015098094940185547,18229.0
0.015098094940185547,18344.0
0.015098094940185547,18452.0
0.015098094940185547,18343.0
0.015098094940185547,18516.0
0.015098094940185547,18381.0
0.015098094940185547,18276.0
0.015098094940185547,18156.0
0.015098094940185547,17967.0
0.015098094940185547,18078.0
0.015098094940185547,17960.0
0.015098094940185547,17807.0
0.015098094940185547,17679.0
0.015098094940185547,17987.0
0.015098094940185547,17886.0
0.015098094940185547,18000.0
0.015098094940185547,17882.0
0.015098094940185547,18009.0
0.015098094940185547,17895.0
0.015098094940185547,18011.0
0.015098094940185547,17901.0
0.015098094940185547,18019.0
0.015098094940185547,17908.0
0.015098094940185547,17756.0
0.015098094940185547,17603.0
0.015098094940185547,17806.0
0.015098094940185547,17603.0
0.015098094940185547,17769.0
0.015098094940185547,17199.0
0.015098094940185547,17558.0
0.015098094940185547,17756.0
0.015098094940185547,17953.0
0.015098094940185547,18081.0
0.015098094940185547,18211.0
0.015098094940185547,18054.0
0.015098094940185547,18218.0
0.015098094940185547,18113.0
0.015098094940185547,17981.0
0.015098094940185547,17876.0
0.015098094940185547,17669.0
0.015098094940185547,17522.0
0.015098094940185547,17374.0
0.015098094940185547,17520.0
0.015098094940185547,17663.0
0.015098094940185547,17530.0
0.015098094940185547,17746.0
0.015098094940185547,17895.0
0.015098094940185547,17753.0
0.015098094940185547,17400.0
0.015098094940185547,17772.0
0.015098094940185547,17655.0
0.015098094940185547,17541.0
0.015098094940185547,17683.0
0.015098094940185547,17565.0
0.015098094940185547,17686.0
0.015098094940185547,17819.0
0.015098094940185547,17684.0
0.015098094940185547,17819.0
0.015098094940185547,17711.0
0.015098094940185547,17540.0
0.015098094940185547,17366.0
0.015098094940185547,17124.0
0.015098094940185547,17441.0
0.015098094940185547,17615.0
0.015098094940185547,17417.0
0.015098094940185547,17534.0
0.015098094940185547,17397.0
0.015098094940185547,17577.0
0.015098094940185547,17709.0
0.015098094940185547,17816.0
0.015098094940185547,17603.0
0.015098094940185547,17806.0
0.015098094940185547,17642.0
0.015098094940185547,17516.0
0.015098094940185547,17681.0
0.015098094940185547,17100.0
0.015098094940185547,17559.0
0.015098094940185547,17815.0
0.015098094940185547,17641.0
0.015098094940185547,17525.0
0.015098094940185547,17642.0
0.015098094940185547,17775.0
0.015098094940185547,17914.0
0.015098094940185547,17793.0
0.015098094940185547,17484.0
0.015098094940185547,17816.0
0.015098094940185547,17701.0
0.015098094940185547,17578.0
0.015098094940185547,17695.0
0.015098094940185547,17587.0
0.015098094940185547,17716.0
0.015098094940185547,17609.0
0.015098094940185547,17481.0
0.015098094940185547,17591.0
0.015098094940185547,17409.0
0.015098094940185547,17604.0
0.015098094940185547,17471.0
0.015098094940185547,17612.0
0.015098094940185547,17240.0
0.015098094940185547,17504.0
0.015098094940185547,17375.0
0.015098094940185547,17516.0
0.015098094940185547,17399.0
0.015098094940185547,17519.0
0.015098094940185547,17705.0
0.015098094940185547,17514.0
0.015098094940185547,17273.0
0.015098094940185547,17569.0
0.015098094940185547,17678.0
0.015098094940185547,17319.0
0.015098094940185547,17713.0
0.015098094940185547,17432.0
0.015098094940185547,17707.0
0.015098094940185547,17527.0
0.015098094940185547,17704.0
0.015098094940185547,17509.0
0.015098094940185547,17701.0
0.015098094940185547,17559.0
0.015098094940185547,17715.0
0.015098094940185547,17582.0
0.015098094940185547,17479.0
0.015098094940185547,17162.0
0.015098094940185547,17426.0
0.015098094940185547,17561.0
0.015098094940185547,17675.0
0.015098094940185547,17811.0
0.015098094940185547,17646.0
0.015098094940185547,17818.0
0.015098094940185547,17666.0
0.015098094940185547,17808.0
0.015098094940185547,17666.0
0.015098094940185547,17402.0
0.015098094940185547,17708.0
0.015098094940185547,17813.0
0.015098094940185547,17647.0
0.015098094940185547,17807.0
0.015098094940185547,17615.0
0.015098094940185547,17809.0
0.015098094940185547,17704.0
0.015098094940185547,17813.0
0.015098094940185547,17697.0
0.015098094940185547,17524.0
0.015098094940185547,17690.0
0.015098094940185547,17813.0
0.015098094940185547,17634.0
0.015098094940185547,17504.0
0.015098094940185547,17609.0
0.015098094940185547,17797.0
0.015098094940185547,17907.0
0.015098094940185547,17762.0
0.015098094940185547,17146.0
0.015098094940185547,17507.0
0.015098094940185547,17754.0
0.015098094940185547,17968.0
0.015098094940185547,18076.0
0.015098094940185547,18202.0
0.015098094940185547,17870.0
0.015098094940185547,18171.0
0.015098094940185547,18054.0
0.015098094940185547,17888.0
0.015098094940185547,17761.0
0.015098094940185547,17987.0
0.015098094940185547,17810.0
0.015098094940185547,17449.0
0.015098094940185547,17829.0
0.015098094940185547,17958.0
0.015098094940185547,17662.0
0.015098094940185547,17917.0
0.015098094940185547,18047.0
0.015098094940185547,18208.0
0.015098094940185547,18088.0
0.015098094940185547,18202.0
0.015098094940185547,18076.0
0.015098094940185547,17873.0
0.015098094940185547,18112.0
0.015098094940185547,18011.0
0.015098094940185547,17888.0
0.015098094940185547,17758.0
0.015098094940185547,17903.0
0.015098094940185547,17715.0
0.015098094940185547,17822.0
0.015098094940185547,18014.0
0.015098094940185547,17895.0
0.015098094940185547,18014.0
0.015098094940185547,17886.0
0.015098094940185547,17771.0
0.015098094940185547,17666.0
0.015098094940185547,17520.0
0.015098094940185547,17669.0
0.015098094940185547,17784.0
0.015098094940185547,17902.0
0.015098094940185547,17730.0
0.015098094940185547,17623.0
0.015098094940185547,17494.0
0.015098094940185547,17353.0
0.015098094940185547,17569.0
0.015098094940185547,17684.0
0.015098094940185547,17492.0
0.015098094940185547,17644.0
0.015098094940185547,17797.0
0.015098094940185547,17657.0
0.015098094940185547,17442.0
0.015098094940185547,17680.0
0.015098094940185547,17514.0
0.015098094940185547,17379.0
0.015098094940185547,17543.0
0.015098094940185547,17662.0
0.015098094940185547,17773.0
0.015098094940185547,17909.0
0.015098094940185547,18012.0
0.015098094940185547,17798.0
0.015098094940185547,18007.0
0.015098094940185547,17798.0
0.015098094940185547,17992.0
0.015098094940185547,18113.0
0.015098094940185547,17922.0
0.015098094940185547,18055.0
0.015098094940185547,18183.0
0.015098094940185547,18034.0
0.015098094940185547,18194.0
0.015098094940185547,18303.0
0.015098094940185547,18077.0
0.015098094940185547,18248.0
0.015098094940185547,18385.0
0.015098094940185547,18510.0
0.015098094940185547,18401.0
0.015098094940185547,18099.0
0.015098094940185547,18290.0
0.015098094940185547,18513.0
0.015098094940185547,18392.0
0.015098094940185547,18497.0
0.015098094940185547,18610.0
0.015098094940185547,18357.0
0.015098094940185547,18509.0
0.015098094940185547,18394.0
0.015098094940185547,18586.0
0.015098094940185547,18705.0
0.015098094940185547,18597.0
0.015098094940185547,18381.0
0.015098094940185547,18498.0
0.015098094940185547,18662.0
0.015098094940185547,18767.0
0.015098094940185547,18901.0
0.015098094940185547,18780.0
0.015098094940185547,18666.0
0.015098094940185547,18510.0
0.015098094940185547,18329.0
0.015098094940185547,18588.0
0.015098094940185547,18447.0
0.015098094940185547,18332.0
0.015098094940185547,18141.0
0.015098094940185547,17948.0
0.015098094940185547,18079.0
0.015098094940185547,18325.0
0.015098094940185547,18516.0
0.015098094940185547,18210.0
0.015098094940185547,18493.0
0.015098094940185547,18607.0
0.015098094940185547,18407.0
0.015098094940185547,18243.0
0.015098094940185547,18446.0
0.015098094940185547,18309.0
0.015098094940185547,18192.0
0.015098094940185547,18320.0
0.015098094940185547,18215.0
0.015098094940185547,18386.0
0.015098094940185547,18493.0
0.015098094940185547,18613.0
0.015098094940185547,18502.0
0.015098094940185547,18372.0
0.015098094940185547,18117.0
0.015098094940185547,18239.0
0.015098094940185547,18439.0
0.015098094940185547,18572.0
0.015098094940185547,18444.0
0.015098094940185547,18325.0
0.015098094940185547,18491.0
0.015098094940185547,18208.0
0.015098094940185547,18331.0
0.015098094940185547,18485.0
0.015098094940185547,18613.0
0.015098094940185547,18503.0
0.015098094940185547,18239.0
0.015098094940185547,18498.0
0.015098094940185547,18663.0
0.015098094940185547,18773.0
0.015098094940185547,18666.0
0.015098094940185547,18807.0
0.015098094940185547,18576.0
0.015098094940185547,18756.0
0.015098094940185547,18916.0
0.015098094940185547,18806.0
0.015098094940185547,18547.0
0.015098094940185547,18810.0
0.015098094940185547,18911.0
0.015098094940185547,18783.0
0.015098094940185547,18544.0
0.015098094940185547,18804.0
0.015098094940185547,18695.0
0.015098094940185547,18495.0
0.015098094940185547,18600.0
0.015098094940185547,18490.0
0.015098094940185547,18687.0
0.015098094940185547,18816.0
0.015098094940185547,18581.0
0.015098094940185547,18817.0
0.015098094940185547,18918.0
0.015098094940185547,18747.0
0.015098094940185547,18856.0
0.015098094940185547,18685.0
0.015098094940185547,18549.0
0.015098094940185547,18739.0
0.015098094940185547,18638.0
0.015098094940185547,18477.0
0.015098094940185547,18345.0
0.015098094940185547,18214.0
0.015098094940185547,18105.0
0.015098094940185547,18210.0
0.015098094940185547,18350.0
0.015098094940185547,18593.0
0.015098094940185547,18712.0
0.015098094940185547,18509.0
0.015098094940185547,18711.0
0.015098094940185547,18593.0
0.015098094940185547,18474.0
0.015098094940185547,18324.0
0.015098094940185547,18161.0
0.015098094940185547,18042.0
0.015098094940185547,17909.0
0.015098094940185547,17784.0
0.015098094940185547,17972.0
0.015098094940185547,18116.0
0.015098094940185547,17919.0
0.015098094940185547,18119.0
0.015098094940185547,17993.0
0.015098094940185547,17805.0
0.015098094940185547,17993.0
0.015098094940185547,18200.0
0.015098094940185547,18301.0
0.015098094940185547,18179.0
0.015098094940185547,18055.0
0.015098094940185547,18213.0
0.015098094940185547,18033.0
0.015098094940185547,18185.0
0.015098094940185547,18317.0
0.015098094940185547,18200.0
0.015098094940185547,17892.0
0.015098094940185547,18113.0
0.015098094940185547,18315.0
0.015098094940185547,18092.0
0.015098094940185547,18295.0
0.015098094940185547,18403.0
0.015098094940185547,18254.0
0.015098094940185547,18363.0
0.015098094940185547,18212.0
0.015098094940185547,18364.0
0.015098094940185547,18212.0
0.015098094940185547,18024.0
0.015098094940185547,18212.0
0.015098094940185547,18412.0
0.015098094940185547,18165.0
0.015098094940185547,18329.0
0.015098094940185547,18457.0
0.015098094940185547,18607.0
0.015098094940185547,18407.0
0.015098094940185547,18533.0
0.015098094940185547,18405.0
0.015098094940185547,18608.0
0.015098094940185547,18503.0
0.015098094940185547,18371.0
0.015098094940185547,18495.0
0.015098094940185547,18343.0
0.015098094940185547,18202.0
0.015098094940185547,18354.0
0.015098094940185547,18463.0
0.015098094940185547,18580.0
0.015098094940185547,18472.0
0.015098094940185547,18363.0
0.015098094940185547,18488.0
0.015098094940185547,18336.0
0.015098094940185547,18464.0
0.015098094940185547,18304.0
0.015098094940185547,18492.0
0.015098094940185547,18304.0
0.015098094940185547,18048.0
0.015098094940185547,18369.0
0.015098094940185547,18183.0
0.015098094940185547,17937.0
0.015098094940185547,18264.0
0.015098094940185547,18381.0
0.015098094940185547,18492.0
0.015098094940185547,18327.0
0.015098094940185547,18518.0
0.015098094940185547,18404.0
0.015098094940185547,18188.0
0.015098094940185547,18401.0
0.015098094940185547,18517.0
0.015098094940185547,18314.0
0.015098094940185547,18488.0
0.015098094940185547,18294.0
0.015098094940185547,18120.0
0.015098094940185547,18300.0
0.015098094940185547,18472.0
0.015098094940185547,18610.0
0.015098094940185547,18715.0
0.015098094940185547,18580.0
0.015098094940185547,18456.0
0.015098094940185547,18574.0
0.015098094940185547,18374.0
0.015098094940185547,18580.0
0.015098094940185547,18479.0
0.015098094940185547,18372.0
0.015098094940185547,18486.0
0.015098094940185547,18273.0
0.015098094940185547,18437.0
0.015098094940185547,18558.0
0.015098094940185547,18455.0
0.015098094940185547,18597.0
0.015098094940185547,18270.0
0.015098094940185547,18612.0
0.015098094940185547,18389.0
0.015098094940185547,18273.0
0.015098094940185547,18486.0
0.015098094940185547,18323.0
0.015098094940185547,18456.0
0.015098094940185547,18573.0
0.015098094940185547,18676.0
0.015098094940185547,18217.0
0.015098094940185547,18628.0
0.015098094940185547,18499.0
0.015098094940185547,18630.0
0.015098094940185547,18749.0
0.015098094940185547,18914.0
0.015098094940185547,18803.0
0.015098094940185547,18609.0
0.015098094940185547,18731.0
0.015098094940185547,18586.0
0.015098094940185547,18706.0
0.015098094940185547,18869.0
0.015098094940185547,19015.0
0.015098094940185547,18843.0
0.015098094940185547,18976.0
0.015098094940185547,19098.0
0.015098094940185547,18835.0
0.015098094940185547,18993.0
0.015098094940185547,19159.0
0.015098094940185547,19015.0
0.015098094940185547,18855.0
0.015098094940185547,18727.0
0.015098094940185547,18954.0
0.015098094940185547,19062.0
0.015098094940185547,18940.0
0.015098094940185547,19101.0
0.015098094940185547,19216.0
0.015098094940185547,19082.0
0.015098094940185547,18823.0
0.015098094940185547,19061.0
0.015098094940185547,19181.0
0.015098094940185547,19311.0
0.015098094940185547,19418.0
0.015098094940185547,19315.0
0.015098094940185547,19205.0
0.015098094940185547,19097.0
0.015098094940185547,18937.0
0.015098094940185547,19108.0
0.015098094940185547,18887.0
0.015098094940185547,18995.0
0.015098094940185547,18878.0
0.015098094940185547,18758.0
0.015098094940185547,18997.0
0.015098094940185547,18854.0
0.015098094940185547,18978.0
0.015098094940185547,18845.0
0.015098094940185547,19016.0
0.015098094940185547,18836.0
0.015098094940185547,18968.0
0.015098094940185547,19111.0
0.015098094940185547,18987.0
0.015098094940185547,19111.0
0.015098094940185547,18940.0
0.015098094940185547,19043.0
0.015098094940185547,19198.0
0.015098094940185547,19035.0
0.015098094940185547,19177.0
0.015098094940185547,19011.0
0.015098094940185547,19211.0
0.015098094940185547,19087.0
0.015098094940185547,19205.0
0.015098094940185547,19052.0
0.015098094940185547,19193.0
0.015098094940185547,18955.0
0.015098094940185547,19127.0
0.015098094940185547,19293.0
0.015098094940185547,19415.0
0.015098094940185547,19295.0
0.015098094940185547,19089.0
0.015098094940185547,19205.0
0.015098094940185547,19349.0
0.015098094940185547,19515.0
0.015098094940185547,19406.0
0.015098094940185547,19281.0
0.015098094940185547,19110.0
0.015098094940185547,18984.0
0.015098094940185547,19193.0
0.015098094940185547,19084.0
0.015098094940185547,19193.0
0.015098094940185547,19074.0
0.015098094940185547,18908.0
0.015098094940185547,19060.0
0.015098094940185547,19168.0
0.015098094940185547,19319.0
0.015098094940185547,19202.0
0.015098094940185547,19012.0
0.015098094940185547,19193.0
0.031018972396850586,19077.0
0.031018972396850586,19218.0
0.031018972396850586,19087.0
0.031018972396850586,18954.0
0.031018972396850586,18841.0
0.031018972396850586,18722.0
0.031018972396850586,18421.0
0.031018972396850586,18788.0
0.031018972396850586,18656.0
0.031018972396850586,18757.0
0.031018972396850586,18881.0
0.031018972396850586,19006.0
0.031018972396850586,18842.0
0.031018972396850586,19006.0
0.031018972396850586,18854.0
0.031018972396850586,18736.0
0.031018972396850586,18880.0
0.031018972396850586,18779.0
0.031018972396850586,18912.0
0.031018972396850586,18710.0
0.031018972396850586,18819.0
0.031018972396850586,18628.0
0.031018972396850586,18756.0
0.031018972396850586,18930.0
0.031018972396850586,18820.0
0.031018972396850586,18703.0
0.031018972396850586,18818.0
0.031018972396850586,18677.0
0.031018972396850586,18915.0
0.031018972396850586,18791.0
0.031018972396850586,18671.0
0.031018972396850586,18819.0
0.031018972396850586,18675.0
0.031018972396850586,18808.0
0.031018972396850586,18675.0
0.031018972396850586,18554.0
0.031018972396850586,18411.0
0.031018972396850586,18590.0
0.031018972396850586,18693.0
0.031018972396850586,18455.0
0.031018972396850586,18649.0
0.031018972396850586,18766.0
0.031018972396850586,18917.0
0.031018972396850586,18776.0
0.031018972396850586,18887.0
0.031018972396850586,18995.0
0.031018972396850586,18862.0
0.031018972396850586,19012.0
0.031018972396850586,18861.0
0.031018972396850586,18682.0
0.031018972396850586,18795.0
0.031018972396850586,18928.0
0.031018972396850586,19071.0
0.031018972396850586,19203.0
0.031018972396850586,19057.0
0.031018972396850586,18892.0
0.031018972396850586,19028.0
0.031018972396850586,18905.0
0.031018972396850586,19061.0
0.031018972396850586,19182.0
0.031018972396850586,19305.0
0.031018972396850586,19161.0
0.031018972396850586,19047.0
0.031018972396850586,18840.0
0.031018972396850586,19093.0
0.031018972396850586,18929.0
0.031018972396850586,19113.0
0.031018972396850586,18733.0
0.031018972396850586,19020.0
0.031018972396850586,19167.0
0.031018972396850586,19037.0
0.031018972396850586,19155.0
0.031018972396850586,19286.0
0.031018972396850586,19136.0
0.031018972396850586,18939.0
0.031018972396850586,19046.0
0.031018972396850586,18880.0
0.031018972396850586,19013.0
0.031018972396850586,18760.0
0.031018972396850586,18998.0
0.031018972396850586,19143.0
0.031018972396850586,19357.0
0.031018972396850586,19221.0
0.031018972396850586,19120.0
0.031018972396850586,19012.0
0.031018972396850586,19113.0
0.031018972396850586,19229.0
0.031018972396850586,19417.0
0.031018972396850586,19275.0
0.031018972396850586,19161.0
0.031018972396850586,19280.0
0.031018972396850586,19404.0
0.031018972396850586,19287.0
0.031018972396850586,19176.0
0.031018972396850586,19296.0
0.031018972396850586,19148.0
0.031018972396850586,19309.0
0.031018972396850586,19417.0
0.031018972396850586,19214.0
0.031018972396850586,19374.0
0.031018972396850586,19239.0
0.031018972396850586,19419.0
0.031018972396850586,19311.0
0.031018972396850586,19155.0
0.031018972396850586,19308.0
0.031018972396850586,19176.0
0.031018972396850586,18962.0
0.031018972396850586,18568.0
0.031018972396850586,18919.0
0.031018972396850586,19196.0
0.031018972396850586,19310.0
0.031018972396850586,19207.0
0.031018972396850586,19317.0
0.031018972396850586,19189.0
0.031018972396850586,19034.0
0.031018972396850586,19144.0
0.031018972396850586,19315.0
0.031018972396850586,19202.0
0.031018972396850586,19028.0
0.031018972396850586,19198.0
0.031018972396850586,19062.0
0.031018972396850586,19182.0
0.031018972396850586,19315.0
0.031018972396850586,19123.0
0.031018972396850586,19007.0
0.031018972396850586,19157.0
0.031018972396850586,19026.0
0.031018972396850586,19142.0
0.031018972396850586,18903.0
0.031018972396850586,19097.0
0.031018972396850586,19292.0
0.031018972396850586,19170.0
0.031018972396850586,18999.0
0.031018972396850586,19197.0
0.031018972396850586,18959.0
0.031018972396850586,19124.0
0.031018972396850586,19246.0
0.031018972396850586,19407.0
0.031018972396850586,19253.0
0.031018972396850586,19111.0
0.031018972396850586,19290.0
0.031018972396850586,19406.0
0.031018972396850586,19278.0
0.031018972396850586,19114.0
0.031018972396850586,19277.0
0.031018972396850586,19144.0
0.031018972396850586,19261.0
0.031018972396850586,19416.0
0.031018972396850586,19517.0
0.031018972396850586,19384.0
0.031018972396850586,19518.0
0.031018972396850586,19358.0
0.031018972396850586,19500.0
0.031018972396850586,19339.0
0.031018972396850586,19472.0
0.031018972396850586,19582.0
0.031018972396850586,19261.0
0.031018972396850586,19414.0
0.031018972396850586,19697.0
0.031018972396850586,19534.0
0.031018972396850586,19643.0
0.031018972396850586,19809.0
0.031018972396850586,19684.0
0.031018972396850586,19568.0
0.031018972396850586,19717.0
0.031018972396850586,19538.0
0.031018972396850586,19414.0
0.031018972396850586,19614.0
0.031018972396850586,19247.0
0.031018972396850586,19388.0
0.031018972396850586,19655.0
0.031018972396850586,19372.0
0.031018972396850586,19598.0
0.031018972396850586,19465.0
0.031018972396850586,19689.0
0.031018972396850586,19588.0
0.031018972396850586,19437.0
0.031018972396850586,19327.0
0.031018972396850586,19513.0
0.031018972396850586,19394.0
0.031018972396850586,19285.0
0.031018972396850586,19168.0
0.031018972396850586,18988.0
0.031018972396850586,19185.0
0.031018972396850586,19033.0
0.031018972396850586,19185.0
0.031018972396850586,19045.0
0.031018972396850586,19155.0
0.031018972396850586,19050.0
0.031018972396850586,19201.0
0.031018972396850586,19317.0
0.031018972396850586,19159.0
0.031018972396850586,19285.0
0.031018972396850586,19085.0
0.031018972396850586,18734.0
0.031018972396850586,19065.0
0.031018972396850586,19256.0
0.031018972396850586,19114.0
0.031018972396850586,19295.0
0.031018972396850586,19137.0
0.031018972396850586,19261.0
0.031018972396850586,19370.0
0.031018972396850586,19262.0
0.031018972396850586,19111.0
0.031018972396850586,19263.0
0.031018972396850586,19372.0
0.031018972396850586,19258.0
0.031018972396850586,19375.0
0.031018972396850586,19241.0
0.031018972396850586,19412.0
0.031018972396850586,19303.0
0.031018972396850586,19158.0
0.031018972396850586,18997.0
0.031018972396850586,19174.0
0.031018972396850586,19052.0
0.031018972396850586,18871.0
0.031018972396850586,19031.0
0.031018972396850586,19202.0
0.031018972396850586,19097.0
0.031018972396850586,19200.0
0.031018972396850586,19003.0
0.031018972396850586,19144.0
0.031018972396850586,18994.0
0.031018972396850586,19207.0
0.031018972396850586,19091.0
0.031018972396850586,18944.0
0.031018972396850586,19049.0
0.031018972396850586,19212.0
0.031018972396850586,19079.0
0.031018972396850586,19214.0
0.031018972396850586,19105.0
0.031018972396850586,18998.0
0.031018972396850586,18846.0
0.031018972396850586,18955.0
0.031018972396850586,19074.0
0.031018972396850586,18956.0
0.031018972396850586,19102.0
0.031018972396850586,19211.0
0.031018972396850586,18944.0
0.031018972396850586,19207.0
0.031018972396850586,19019.0
0.031018972396850586,19217.0
0.031018972396850586,19318.0
0.031018972396850586,19141.0
0.031018972396850586,18953.0
0.031018972396850586,19127.0
0.031018972396850586,18933.0
0.031018972396850586,18670.0
0.031018972396850586,18999.0
0.031018972396850586,18786.0
0.031018972396850586,19009.0
0.031018972396850586,19142.0
0.031018972396850586,19032.0
0.031018972396850586,19209.0
0.031018972396850586,19011.0
0.031018972396850586,18908.0
0.031018972396850586,19090.0
0.031018972396850586,19210.0
0.031018972396850586,19069.0
0.031018972396850586,18960.0
0.031018972396850586,19094.0
0.031018972396850586,18817.0
0.031018972396850586,18996.0
0.031018972396850586,19209.0
0.031018972396850586,19106.0
0.031018972396850586,18925.0
0.031018972396850586,18762.0
0.031018972396850586,18953.0
0.031018972396850586,19119.0
0.031018972396850586,18893.0
0.031018972396850586,19051.0
0.031018972396850586,19195.0
0.031018972396850586,19312.0
0.031018972396850586,19159.0
0.031018972396850586,19273.0
0.031018972396850586,19166.0
0.031018972396850586,19274.0
0.031018972396850586,19393.0
0.031018972396850586,19496.0
0.031018972396850586,19379.0
0.031018972396850586,19511.0
0.031018972396850586,19379.0
0.031018972396850586,19276.0
0.031018972396850586,19158.0
0.031018972396850586,19298.0
0.031018972396850586,19154.0
0.031018972396850586,19298.0
0.031018972396850586,19146.0
0.031018972396850586,19310.0
0.031018972396850586,19205.0
0.031018972396850586,19095.0
0.031018972396850586,18957.0
0.031018972396850586,19081.0
0.031018972396850586,18911.0
0.031018972396850586,19107.0
0.031018972396850586,18876.0
0.031018972396850586,18682.0
0.031018972396850586,18903.0
0.031018972396850586,19008.0
0.031018972396850586,19169.0
0.031018972396850586,19302.0
0.031018972396850586,19128.0
0.031018972396850586,19292.0
0.031018972396850586,19417.0
0.031018972396850586,19300.0
0.031018972396850586,19159.0
0.031018972396850586,19310.0
0.031018972396850586,19128.0
0.031018972396850586,19300.0
0.031018972396850586,19142.0
0.031018972396850586,18987.0
0.031018972396850586,19131.0
0.031018972396850586,19285.0
0.031018972396850586,19150.0
0.031018972396850586,19278.0
0.031018972396850586,19386.0
0.031018972396850586,19504.0
0.031018972396850586,19338.0
0.031018972396850586,19454.0
0.031018972396850586,19586.0
0.031018972396850586,19454.0
0.031018972396850586,19585.0
0.031018972396850586,19435.0
0.031018972396850586,19540.0
0.031018972396850586,19651.0
0.031018972396850586,19531.0
0.031018972396850586,19661.0
0.031018972396850586,19797.0
0.031018972396850586,19678.0
0.031018972396850586,19562.0
0.031018972396850586,19391.0
0.031018972396850586,19573.0
0.031018972396850586,19455.0
0.031018972396850586,19614.0
0.031018972396850586,19474.0
0.031018972396850586,19592.0
0.031018972396850586,19702.0
0.031018972396850586,19588.0
0.031018972396850586,19707.0
0.031018972396850586,19591.0
0.031018972396850586,19708.0
0.031018972396850586,19603.0
0.031018972396850586,19454.0
0.031018972396850586,19233.0
0.031018972396850586,19430.0
0.031018972396850586,19287.0
0.031018972396850586,19422.0
0.031018972396850586,19612.0
0.031018972396850586,19495.0
0.031018972396850586,19297.0
0.031018972396850586,19037.0
0.031018972396850586,19235.0
0.031018972396850586,19102.0
0.031018972396850586,19419.0
0.031018972396850586,19247.0
0.031018972396850586,19361.0
0.031018972396850586,19260.0
0.031018972396850586,19393.0
0.031018972396850586,19269.0
0.031018972396850586,19136.0
0.031018972396850586,19252.0
0.031018972396850586,19353.0
0.031018972396850586,19223.0
0.031018972396850586,19326.0
0.031018972396850586,19190.0
0.031018972396850586,19343.0
0.031018972396850586,19480.0
0.031018972396850586,19360.0
0.031018972396850586,19518.0
0.031018972396850586,19410.0
0.031018972396850586,19270.0
0.031018972396850586,19388.0
0.031018972396850586,19235.0
0.031018972396850586,19345.0
0.031018972396850586,19496.0
0.031018972396850586,19393.0
0.031018972396850586,19510.0
0.031018972396850586,19350.0
0.031018972396850586,19511.0
0.031018972396850586,19302.0
0.031018972396850586,19410.0
0.031018972396850586,19602.0
0.031018972396850586,19718.0
0.031018972396850586,19574.0
0.031018972396850586,19709.0
0.031018972396850586,19527.0
0.031018972396850586,19376.0
0.031018972396850586,19558.0
0.031018972396850586,19699.0
0.031018972396850586,19541.0
0.031018972396850586,19718.0
0.031018972396850586,19557.0
0.031018972396850586,19432.0
0.031018972396850586,19583.0
0.031018972396850586,19450.0
0.031018972396850586,19613.0
0.031018972396850586,19474.0
0.031018972396850586,19602.0
0.031018972396850586,19492.0
0.031018972396850586,19387.0
0.04712033271789551,19492.0
0.04712033271789551,19602.0
0.04712033271789551,19423.0
0.04712033271789551,19232.0
0.04712033271789551,19458.0
0.04712033271789551,19588.0
0.04712033271789551,19691.0
0.04712033271789551,19801.0
0.04712033271789551,19698.0
0.04712033271789551,19597.0
0.04712033271789551,19443.0
0.04712033271789551,19557.0
0.04712033271789551,19707.0
0.04712033271789551,19517.0
0.04712033271789551,19408.0
0.04712033271789551,19521.0
0.04712033271789551,19370.0
0.04712033271789551,19598.0
0.04712033271789551,19463.0
0.04712033271789551,19344.0
0.04712033271789551,19216.0
0.04712033271789551,19390.0
0.04712033271789551,19162.0
0.04712033271789551,19365.0
0.04712033271789551,19517.0
0.04712033271789551,19315.0
0.04712033271789551,19501.0
0.04712033271789551,19373.0
0.04712033271789551,19501.0
0.04712033271789551,19348.0
0.04712033271789551,19467.0
0.04712033271789551,19589.0
0.04712033271789551,19698.0
0.04712033271789551,19565.0
0.04712033271789551,19457.0
0.04712033271789551,19612.0
0.04712033271789551,19498.0
0.04712033271789551,19389.0
0.04712033271789551,19263.0
0.04712033271789551,19370.0
0.04712033271789551,19502.0
0.04712033271789551,19392.0
0.04712033271789551,19283.0
0.04712033271789551,19137.0
0.04712033271789551,19297.0
0.04712033271789551,19073.0
0.04712033271789551,19290.0
0.04712033271789551,19395.0
0.04712033271789551,19280.0
0.04712033271789551,19136.0
0.04712033271789551,19293.0
0.04712033271789551,19419.0
0.04712033271789551,19309.0
0.04712033271789551,19412.0
0.04712033271789551,19216.0
0.04712033271789551,19352.0
0.04712033271789551,19461.0
0.04712033271789551,19602.0
0.04712033271789551,19491.0
0.04712033271789551,19300.0
0.04712033271789551,19433.0
0.04712033271789551,19565.0
0.04712033271789551,19707.0
0.04712033271789551,19585.0
0.04712033271789551,19471.0
0.04712033271789551,19579.0
0.04712033271789551,19688.0
0.04712033271789551,19808.0
0.04712033271789551,19613.0
0.04712033271789551,19810.0
0.04712033271789551,19493.0
0.04712033271789551,19316.0
0.04712033271789551,19683.0
0.04712033271789551,19541.0
0.04712033271789551,19699.0
0.04712033271789551,19816.0
0.04712033271789551,19666.0
0.04712033271789551,19801.0
0.04712033271789551,19668.0
0.04712033271789551,19777.0
0.04712033271789551,19618.0
0.04712033271789551,19758.0
0.04712033271789551,19584.0
0.04712033271789551,19806.0
0.04712033271789551,19917.0
0.04712033271789551,19812.0
0.04712033271789551,19703.0
0.04712033271789551,19817.0
0.04712033271789551,19614.0
0.04712033271789551,19788.0
0.04712033271789551,19668.0
0.04712033271789551,19559.0
0.04712033271789551,19704.0
0.04712033271789551,19809.0
0.04712033271789551,19916.0
0.04712033271789551,19786.0
0.04712033271789551,19669.0
0.04712033271789551,19786.0
0.04712033271789551,19678.0
0.04712033271789551,19788.0
0.04712033271789551,19624.0
0.04712033271789551,19757.0
0.04712033271789551,19647.0
0.04712033271789551,19813.0
0.04712033271789551,19616.0
0.04712033271789551,19779.0
0.04712033271789551,19656.0
0.04712033271789551,19757.0
0.04712033271789551,19890.0
0.04712033271789551,19729.0
0.04712033271789551,19901.0
0.04712033271789551,19703.0
0.04712033271789551,19906.0
0.04712033271789551,19778.0
0.04712033271789551,19623.0
0.04712033271789551,19423.0
0.04712033271789551,19640.0
0.04712033271789551,19810.0
0.04712033271789551,19913.0
0.04712033271789551,19803.0
0.04712033271789551,19913.0
0.04712033271789551,19794.0
0.04712033271789551,19678.0
0.04712033271789551,19797.0
0.04712033271789551,19907.0
0.04712033271789551,19767.0
0.04712033271789551,19876.0
0.04712033271789551,19759.0
0.04712033271789551,19643.0
0.04712033271789551,19796.0
0.04712033271789551,19605.0
0.04712033271789551,19367.0
0.04712033271789551,19519.0
0.04712033271789551,19818.0
0.04712033271789551,19711.0
0.04712033271789551,19592.0
0.04712033271789551,19431.0
0.04712033271789551,19296.0
0.04712033271789551,19508.0
0.04712033271789551,19390.0
0.04712033271789551,19507.0
0.04712033271789551,19383.0
0.04712033271789551,19511.0
0.04712033271789551,19400.0
0.04712033271789551,19517.0
0.04712033271789551,19408.0
0.04712033271789551,19256.0
0.04712033271789551,19374.0
0.04712033271789551,19504.0
0.04712033271789551,19371.0
0.04712033271789551,19478.0
0.04712033271789551,19587.0
0.04712033271789551,19453.0
0.04712033271789551,19335.0
0.04712033271789551,19226.0
0.04712033271789551,19118.0
0.04712033271789551,19262.0
0.04712033271789551,19098.0
0.04712033271789551,18981.0
0.04712033271789551,19204.0
0.04712033271789551,19087.0
0.04712033271789551,19197.0
0.04712033271789551,19096.0
0.04712033271789551,19218.0
0.04712033271789551,19104.0
0.04712033271789551,18995.0
0.04712033271789551,18832.0
0.04712033271789551,18992.0
0.04712033271789551,19110.0
0.04712033271789551,18898.0
0.04712033271789551,19111.0
0.04712033271789551,18959.0
0.04712033271789551,19099.0
0.04712033271789551,19219.0
0.04712033271789551,19114.0
0.04712033271789551,18983.0
0.04712033271789551,18846.0
0.04712033271789551,18955.0
0.04712033271789551,18833.0
0.04712033271789551,18947.0
0.04712033271789551,19056.0
0.04712033271789551,19200.0
0.04712033271789551,19091.0
0.04712033271789551,19212.0
0.04712033271789551,19095.0
0.06274724006652832,19219.0
0.06274724006652832,19112.0
0.06337690353393555,18995.0
0.06337690353393555,18829.0
0.06337690353393555,19011.0
0.06337690353393555,18837.0
0.06337690353393555,18989.0
0.06337690353393555,19113.0
0.06337690353393555,19218.0
0.06337690353393555,19085.0
0.06337690353393555,18982.0
0.06337690353393555,18819.0
0.06337690353393555,19010.0
0.06337690353393555,18907.0
0.06337690353393555,18788.0
0.06337690353393555,18905.0
0.06337690353393555,19006.0
0.06337690353393555,19109.0
0.06337690353393555,18968.0
0.06337690353393555,19087.0
0.06337690353393555,18986.0
0.06337690353393555,19116.0
0.06337690353393555,18932.0
0.06337690353393555,18808.0
0.06337690353393555,18957.0
0.06337690353393555,19076.0
0.06337690353393555,19209.0
0.06337690353393555,19318.0
0.06337690353393555,19209.0
0.06337690353393555,19079.0
0.06337690353393555,19198.0
0.06337690353393555,19089.0
0.06337690353393555,18976.0
0.06337690353393555,19091.0
0.06337690353393555,19204.0
0.06337690353393555,19034.0
0.06337690353393555,19208.0
0.06337690353393555,19088.0
0.06337690353393555,19205.0
0.06337690353393555,19053.0
0.06337690353393555,19195.0
0.06337690353393555,19038.0
0.06337690353393555,19169.0
0.06337690353393555,19295.0
0.06337690353393555,19109.0
0.06337690353393555,19298.0
0.06337690353393555,19407.0
0.06337690353393555,19288.0
0.06337690353393555,19389.0
0.06337690353393555,19497.0
0.06337690353393555,19388.0
0.06337690353393555,19507.0
0.06337690353393555,19381.0
0.06337690353393555,19278.0
0.06337690353393555,19411.0
0.06337690353393555,19278.0
0.06337690353393555,19136.0
0.06337690353393555,19283.0
0.06337690353393555,19399.0
0.06337690353393555,19291.0
0.06337690353393555,19408.0
0.06337690353393555,19516.0
0.06337690353393555,19408.0
0.06337690353393555,19519.0
0.06337690353393555,19406.0
0.06337690353393555,19296.0
0.06337690353393555,19181.0
0.06337690353393555,19303.0
0.06337690353393555,19418.0
0.06337690353393555,19299.0
0.06337690353393555,19408.0
0.06337690353393555,19298.0
0.06337690353393555,19408.0
0.06337690353393555,19515.0
0.06337690353393555,19618.0
0.06337690353393555,19490.0
0.06337690353393555,19603.0
0.06337690353393555,19706.0
0.06337690353393555,19555.0
0.06337690353393555,19697.0
0.06337690353393555,19578.0
0.06337690353393555,19475.0
0.06337690353393555,19328.0
0.06337690353393555,19481.0
0.06337690353393555,19590.0
0.06337690353393555,19474.0
0.06337690353393555,19593.0
0.06337690353393555,19474.0
0.06337690353393555,19582.0
0.06337690353393555,19717.0
0.06337690353393555,19609.0
0.06337690353393555,19712.0
0.06337690353393555,19540.0
0.06337690353393555,19660.0
0.06337690353393555,19790.0
0.06337690353393555,19900.0
0.06337690353393555,19756.0
0.06337690353393555,19908.0
0.06337690353393555,19786.0
0.06337690353393555,19609.0
0.06337690353393555,19812.0
0.06337690353393555,19659.0
0.06337690353393555,19815.0
0.06337690353393555,19694.0
0.06337690353393555,19811.0
0.06337690353393555,19710.0
0.06337690353393555,19603.0
0.06337690353393555,19502.0
0.06337690353393555,19618.0
0.06337690353393555,19503.0
0.06337690353393555,19393.0
0.06337690353393555,19286.0
0.06337690353393555,19413.0
0.06337690353393555,19310.0
0.06337690353393555,19411.0
0.06337690353393555,19247.0
0.06337690353393555,19411.0
0.06337690353393555,19300.0
0.06337690353393555,19414.0
0.06337690353393555,19517.0
0.06337690353393555,19381.0
0.06337690353393555,19491.0
0.06337690353393555,19619.0
0.06337690353393555,19455.0
0.06337690353393555,19562.0
0.06337690353393555,19709.0
0.06337690353393555,19816.0
0.06337690353393555,19684.0
0.06337690353393555,19812.0
0.07838726043701172,19694.0
0.07838726043701172,19812.0
0.07838726043701172,19695.0
0.07838726043701172,19814.0
0.07838726043701172,19915.0
0.07838726043701172,19787.0
0.07838726043701172,19904.0
0.07838726043701172,20012.0
0.07838726043701172,19872.0
0.07838726043701172,20015.0
0.07838726043701172,19870.0
0.07838726043701172,19979.0
0.07838726043701172,19863.0
0.07838726043701172,20012.0
0.07838726043701172,19838.0
0.07838726043701172,19998.0
0.07838726043701172,20114.0
0.09424066543579102,19997.0
0.09424066543579102,19866.0
0.09424066543579102,19985.0
0.09424066543579102,20106.0
0.09424066543579102,20214.0
0.09424066543579102,20065.0
0.09424066543579102,20206.0
0.09424066543579102,20317.0
0.11211085319519043,20206.0
0.11412310600280762,20105.0
0.11412310600280762,20206.0
0.11412310600280762,20099.0
0.11412310600280762,20216.0
