0.0,59476.0
0.0,59586.0
0.0,59719.0
0.0,58625.0
0.0,59371.0
0.0,59476.0
0.0,59630.0
0.0,59780.0
0.0,59934.0
0.0,60177.0
0.0,60316.0
0.0,60417.0
0.0,59598.0
0.0,59735.0
0.0,60095.0
0.0,60405.0
0.0,60654.0
0.0,60787.0
0.0,60906.0
0.0,61007.0
0.0,60837.0
0.0,60994.0
0.0,61111.0
0.0,61010.0
0.0,61119.0
0.0,60118.0
0.0,60589.0
0.0,61109.0
0.0,61214.0
0.0,61369.0
0.0,61518.0
0.0,61619.0
0.0,61032.0
0.0,61514.0
0.0,61681.0
0.0,61784.0
0.0,61889.0
0.0,62001.0
0.0,62115.0
0.0,61866.0
0.0,62012.0
0.0,62117.0
0.0,62309.0
0.0,62417.0
0.0,62519.0
0.0,61574.0
0.0,61715.0
0.0,62468.0
0.0,62620.0
0.0,62810.0
0.0,62918.0
0.0,62746.0
0.0,62871.0
0.0,62987.0
0.0,63109.0
0.0,63212.0
0.0,62666.0
0.0,63212.0
0.0,63316.0
0.0,63200.0
0.0,63317.0
0.0,62797.0
0.0,63164.0
0.0,63314.0
0.0,63463.0
0.0,63269.0
0.0,63516.0
0.0,62678.0
0.0,63185.0
0.0,63545.0
0.0,63670.0
0.0,63773.0
0.0,63912.0
0.0,64013.0
0.0,64119.0
0.0,63204.0
0.0,63331.0
0.0,63907.0
0.0,64302.0
0.0,63673.0
0.0,64265.0
0.0,64392.0
0.0,64494.0
0.0,64606.0
0.0,64363.0
0.0,64544.0
0.0,64696.0
0.0,63929.0
0.0,64195.0
0.0,64746.0
0.0,64862.0
0.0,64996.0
0.0,65110.0
0.0,65005.0
0.0,65115.0
0.0,64996.0
0.0,65113.0
0.0,65008.0
0.0,64766.0
0.0,64918.0
0.0,65034.0
0.0,65140.0
0.0,65316.0
0.0,65419.0
0.0,64843.0
0.0,64949.0
0.0,65205.0
0.0,65498.0
0.0,65709.0
0.0,65813.0
0.0,65207.0
0.0,65380.0
0.0,65815.0
0.0,65934.0
0.0,66086.0
0.0,66209.0
0.0,66319.0
0.0,66108.0
0.0,66222.0
0.0,66398.0
0.0,66167.0
0.0,66304.0
0.0,66479.0
0.0,66589.0
0.0,66395.0
0.0,66607.0
0.0,66466.0
0.0,65984.0
0.0,66427.0
0.0,66075.0
0.0,66368.0
0.0,66617.0
0.0,66372.0
0.0,66510.0
0.0,66709.0
0.0,66813.0
0.0,66712.0
0.0,66602.0
0.0,66711.0
0.0,66126.0
0.0,66698.0
0.0,66818.0
0.0,66715.0
0.0,66590.0
0.0,66248.0
0.0,66432.0
0.0,66671.0
0.0,66776.0
0.0,66912.0
0.0,66803.0
0.0,66905.0
0.0,66772.0
0.0,66884.0
0.0,66998.0
0.0,66891.0
0.0,67014.0
0.0,66715.0
0.0,66904.0
0.0,66765.0
0.0,66911.0
0.0,67041.0
0.0,67165.0
0.0,66465.0
0.0,66873.0
0.0,66661.0
0.0,67098.0
0.0,66917.0
0.0,67209.0
0.0,67059.0
0.0,66513.0
0.0,66827.0
0.0,67216.0
0.0,67064.0
0.0,66947.0
0.0,67097.0
0.0,67198.0
0.0,67093.0
0.0,66800.0
0.0,66919.0
0.0,67071.0
0.0,67265.0
0.0,67407.0
0.0,67303.0
0.0,67148.0
0.0,67309.0
0.0,67199.0
0.0,67315.0
0.0,67201.0
0.0,67004.0
0.0,67216.0
0.0,67318.0
0.0,66362.0
0.0,67083.0
0.0,67310.0
0.0,67456.0
0.015169620513916016,67564.0
0.015169620513916016,67669.0
0.015169620513916016,67818.0
0.015169620513916016,67681.0
0.015169620513916016,67564.0
0.015169620513916016,67342.0
0.015169620513916016,67467.0
0.015169620513916016,67622.0
0.015169620513916016,67802.0
0.015169620513916016,66907.0
0.015169620513916016,67813.0
0.015169620513916016,67664.0
0.015169620513916016,67813.0
0.015169620513916016,67915.0
0.015169620513916016,67456.0
0.015169620513916016,67880.0
0.015169620513916016,67587.0
0.015169620513916016,67725.0
0.015169620513916016,67886.0
0.015169620513916016,68103.0
0.015169620513916016,68213.0
0.015169620513916016,68318.0
0.015169620513916016,68005.0
0.015169620513916016,68182.0
0.015169620513916016,68342.0
0.015169620513916016,68457.0
0.015169620513916016,68594.0
0.015169620513916016,68719.0
0.015169620513916016,68610.0
0.015169620513916016,67617.0
0.015169620513916016,67899.0
0.015169620513916016,68350.0
0.015169620513916016,68645.0
0.015169620513916016,68902.0
0.015169620513916016,69017.0
0.015169620513916016,68881.0
0.015169620513916016,69005.0
0.015169620513916016,68900.0
0.015169620513916016,67877.0
0.015169620513916016,68111.0
0.015169620513916016,68535.0
0.015169620513916016,69036.0
0.015169620513916016,69139.0
0.015169620513916016,68982.0
0.015169620513916016,69201.0
0.015169620513916016,69317.0
0.015169620513916016,69141.0
0.015169620513916016,69265.0
0.015169620513916016,69372.0
0.015169620513916016,68969.0
0.015169620513916016,69404.0
0.015169620513916016,69224.0
0.015169620513916016,69400.0
0.015169620513916016,68849.0
0.015169620513916016,68973.0
0.015169620513916016,69407.0
0.015169620513916016,69558.0
0.015169620513916016,69687.0
0.015169620513916016,69804.0
0.015169620513916016,69698.0
0.015169620513916016,69817.0
0.015169620513916016,69598.0
0.015169620513916016,69770.0
0.015169620513916016,69904.0
0.015169620513916016,70012.0
0.015169620513916016,69898.0
0.015169620513916016,70009.0
0.015169620513916016,69901.0
0.015169620513916016,69774.0
0.015169620513916016,69916.0
0.015169620513916016,69044.0
0.015169620513916016,69420.0
0.015169620513916016,69683.0
0.015169620513916016,69934.0
0.015169620513916016,70096.0
0.015169620513916016,70319.0
0.015169620513916016,70216.0
0.015169620513916016,70050.0
0.015169620513916016,70208.0
0.015169620513916016,70036.0
0.015169620513916016,70146.0
0.015169620513916016,70306.0
0.015169620513916016,70412.0
0.015169620513916016,70309.0
0.015169620513916016,70180.0
0.015169620513916016,70302.0
0.015169620513916016,70408.0
0.015169620513916016,70247.0
0.015169620513916016,70009.0
0.015169620513916016,70203.0
0.015169620513916016,70320.0
0.015169620513916016,70434.0
0.015169620513916016,70575.0
0.015169620513916016,70470.0
0.015169620513916016,69999.0
0.015169620513916016,70116.0
0.015169620513916016,70574.0
0.015169620513916016,70684.0
0.015169620513916016,70817.0
0.015169620513916016,70143.0
0.015169620513916016,70502.0
0.015169620513916016,70760.0
0.015169620513916016,71019.0
0.015169620513916016,70885.0
0.015169620513916016,70662.0
0.015169620513916016,70913.0
0.015169620513916016,70797.0
0.015169620513916016,70275.0
0.015169620513916016,70654.0
0.015169620513916016,70473.0
0.015169620513916016,70313.0
0.015169620513916016,70500.0
0.015169620513916016,70763.0
0.015169620513916016,70885.0
0.015169620513916016,70988.0
0.015169620513916016,70882.0
0.015169620513916016,70997.0
0.015169620513916016,71116.0
0.015169620513916016,70869.0
0.015169620513916016,70754.0
0.015169620513916016,70977.0
0.015169620513916016,71110.0
0.015169620513916016,71211.0
0.015169620513916016,71317.0
0.015169620513916016,71100.0
0.015169620513916016,70984.0
0.015169620513916016,71196.0
0.015169620513916016,71314.0
0.015169620513916016,71418.0
0.015169620513916016,71301.0
0.015169620513916016,71177.0
0.015169620513916016,71070.0
0.015169620513916016,70937.0
0.015169620513916016,71041.0
0.015169620513916016,71157.0
0.015169620513916016,71306.0
0.015169620513916016,71156.0
0.015169620513916016,71298.0
0.015169620513916016,71403.0
0.015169620513916016,71251.0
0.015169620513916016,71402.0
0.015169620513916016,71253.0
0.015169620513916016,71367.0
0.015169620513916016,71475.0
0.015169620513916016,70968.0
0.015169620513916016,71473.0
0.015169620513916016,71286.0
0.015169620513916016,71503.0
0.015169620513916016,71614.0
0.015169620513916016,71462.0
0.015169620513916016,71585.0
0.015169620513916016,71686.0
0.015169620513916016,71479.0
0.015169620513916016,71608.0
0.015169620513916016,71755.0
0.015169620513916016,71896.0
0.015169620513916016,71784.0
0.015169620513916016,71894.0
0.015169620513916016,71767.0
0.015169620513916016,71908.0
0.015169620513916016,71719.0
0.015169620513916016,71824.0
0.015169620513916016,71721.0
0.015169620513916016,71909.0
0.015169620513916016,72018.0
0.015169620513916016,71901.0
0.015169620513916016,70995.0
0.015169620513916016,71119.0
0.015169620513916016,71989.0
0.015169620513916016,71883.0
0.015169620513916016,71996.0
0.015169620513916016,72106.0
0.015169620513916016,71843.0
0.015169620513916016,72018.0
0.015169620513916016,72193.0
0.015169620513916016,72302.0
0.015169620513916016,72194.0
0.015169620513916016,72089.0
0.015169620513916016,72202.0
0.015169620513916016,71843.0
0.015169620513916016,72104.0
0.015169620513916016,72283.0
0.015169620513916016,72397.0
0.015169620513916016,72504.0
0.015169620513916016,72382.0
0.015169620513916016,72498.0
0.015169620513916016,72242.0
0.015169620513916016,72374.0
0.015169620513916016,72557.0
0.015169620513916016,72719.0
0.015169620513916016,72610.0
0.015169620513916016,72487.0
0.015169620513916016,72611.0
0.015169620513916016,72453.0
0.015169620513916016,72019.0
0.015169620513916016,72178.0
0.015169620513916016,72324.0
0.015169620513916016,72206.0
0.015169620513916016,72454.0
0.015169620513916016,72677.0
0.015169620513916016,72381.0
0.015169620513916016,72535.0
0.015169620513916016,72727.0
0.015169620513916016,72870.0
0.015169620513916016,72981.0
0.015169620513916016,72819.0
0.015169620513916016,72920.0
0.015169620513916016,73107.0
0.015169620513916016,72993.0
0.015169620513916016,72679.0
0.015169620513916016,72829.0
0.015169620513916016,72933.0
0.015169620513916016,73083.0
0.015169620513916016,73193.0
0.031114578247070312,73399.0
0.031114578247070312,73500.0
0.032201528549194336,73608.0
0.032201528549194336,73470.0
0.032201528549194336,73599.0
0.032201528549194336,73710.0
0.032201528549194336,73609.0
0.032201528549194336,73498.0
0.032201528549194336,73391.0
0.032201528549194336,73250.0
0.032201528549194336,73402.0
0.032201528549194336,73507.0
0.032201528549194336,73614.0
0.032201528549194336,73179.0
0.032201528549194336,73449.0
0.032201528549194336,73659.0
0.032201528549194336,73526.0
0.032201528549194336,73676.0
0.032201528549194336,73795.0
0.032201528549194336,73904.0
0.032201528549194336,73788.0
0.032201528549194336,73894.0
0.032201528549194336,73999.0
0.032201528549194336,74108.0
0.032201528549194336,73260.0
0.032201528549194336,73654.0
0.032201528549194336,73885.0
0.032201528549194336,74145.0
0.032201528549194336,74395.0
0.032201528549194336,74245.0
0.032201528549194336,74387.0
0.032201528549194336,74491.0
0.032201528549194336,74381.0
0.032201528549194336,74133.0
0.032201528549194336,74332.0
0.032201528549194336,74447.0
0.032201528549194336,74025.0
0.032201528549194336,74417.0
0.032201528549194336,73993.0
0.032201528549194336,74310.0
0.032201528549194336,74600.0
0.032201528549194336,74704.0
0.032201528549194336,74574.0
0.032201528549194336,74073.0
0.032201528549194336,74429.0
0.032201528549194336,74697.0
0.032201528549194336,74586.0
0.032201528549194336,74149.0
0.032201528549194336,74380.0
0.032201528549194336,74709.0
0.032201528549194336,74536.0
0.032201528549194336,74658.0
0.032201528549194336,74761.0
0.032201528549194336,74534.0
0.032201528549194336,74815.0
0.032201528549194336,74673.0
0.032201528549194336,74805.0
0.032201528549194336,74695.0
0.032201528549194336,74816.0
0.032201528549194336,74714.0
0.032201528549194336,74609.0
0.032201528549194336,74480.0
0.032201528549194336,73586.0
0.032201528549194336,73959.0
0.032201528549194336,74285.0
0.032201528549194336,74421.0
0.032201528549194336,74623.0
0.032201528549194336,74862.0
0.032201528549194336,74664.0
0.032201528549194336,74853.0
0.032201528549194336,74959.0
0.032201528549194336,74853.0
0.032201528549194336,74997.0
0.032201528549194336,75114.0
0.032201528549194336,75005.0
0.032201528549194336,74864.0
0.032201528549194336,74972.0
0.032201528549194336,75099.0
0.032201528549194336,75217.0
0.032201528549194336,74869.0
0.032201528549194336,75143.0
0.032201528549194336,75269.0
0.032201528549194336,75397.0
0.032201528549194336,74644.0
0.032201528549194336,75042.0
0.032201528549194336,75174.0
0.032201528549194336,75563.0
0.032201528549194336,75677.0
0.032201528549194336,75810.0
0.032201528549194336,75914.0
0.032201528549194336,75782.0
0.032201528549194336,75893.0
0.032201528549194336,76005.0
0.032201528549194336,75901.0
0.032201528549194336,76002.0
0.032201528549194336,75768.0
0.032201528549194336,75932.0
0.032201528549194336,76044.0
0.032201528549194336,76164.0
0.032201528549194336,76265.0
0.032201528549194336,76408.0
0.032201528549194336,76513.0
0.032201528549194336,76008.0
0.032201528549194336,76509.0
0.032201528549194336,75870.0
0.032201528549194336,76469.0
0.032201528549194336,76581.0
0.032201528549194336,76697.0
0.032201528549194336,76551.0
0.032201528549194336,76658.0
0.032201528549194336,76794.0
0.032201528549194336,75903.0
0.032201528549194336,76292.0
0.032201528549194336,76732.0
0.032201528549194336,76957.0
0.032201528549194336,77085.0
0.032201528549194336,77201.0
0.032201528549194336,76931.0
0.032201528549194336,77100.0
0.032201528549194336,77283.0
0.032201528549194336,77411.0
0.032201528549194336,77514.0
0.032201528549194336,77404.0
0.032201528549194336,77285.0
0.032201528549194336,77406.0
0.032201528549194336,77264.0
0.032201528549194336,77114.0
0.032201528549194336,77310.0
0.032201528549194336,77198.0
0.032201528549194336,77097.0
0.032201528549194336,77218.0
0.032201528549194336,77049.0
0.032201528549194336,77208.0
0.032201528549194336,76996.0
0.032201528549194336,76850.0
0.032201528549194336,76461.0
0.032201528549194336,76618.0
0.032201528549194336,76931.0
0.032201528549194336,77032.0
0.032201528549194336,77313.0
0.032201528549194336,76873.0
0.032201528549194336,77177.0
0.032201528549194336,77400.0
0.032201528549194336,77246.0
0.04721236228942871,77391.0
0.04721236228942871,77508.0
0.04721236228942871,77234.0
0.04721236228942871,77439.0
0.04721236228942871,77303.0
0.04721236228942871,77439.0
0.04721236228942871,77617.0
0.04721236228942871,77512.0
0.04721236228942871,77302.0
0.04721236228942871,77183.0
0.04721236228942871,77332.0
0.04721236228942871,77507.0
0.04836773872375488,77393.0
0.04836773872375488,77290.0
0.04836773872375488,77410.0
0.04836773872375488,77282.0
0.04836773872375488,77392.0
0.04836773872375488,77238.0
0.04836773872375488,77405.0
0.04836773872375488,77088.0
0.04836773872375488,77375.0
0.04836773872375488,77273.0
0.04836773872375488,77377.0
0.04836773872375488,77505.0
0.04836773872375488,77390.0
0.04836773872375488,77206.0
0.04836773872375488,77315.0
0.04836773872375488,77492.0
0.04836773872375488,77343.0
0.04836773872375488,77220.0
0.04836773872375488,77087.0
0.04836773872375488,77215.0
0.04836773872375488,77345.0
0.04836773872375488,77235.0
0.04836773872375488,77374.0
0.04836773872375488,77230.0
0.04836773872375488,77126.0
0.04836773872375488,77292.0
0.04836773872375488,77418.0
0.04836773872375488,77519.0
0.04836773872375488,77411.0
0.04836773872375488,77186.0
0.04836773872375488,77309.0
0.04836773872375488,77459.0
0.04836773872375488,77580.0
0.04836773872375488,77471.0
0.04836773872375488,77596.0
0.04836773872375488,77718.0
0.04836773872375488,77582.0
0.04836773872375488,77692.0
0.04836773872375488,77572.0
0.04836773872375488,77695.0
0.04836773872375488,77567.0
0.04836773872375488,77689.0
0.04836773872375488,77819.0
0.04836773872375488,77643.0
0.04836773872375488,77795.0
0.04836773872375488,77667.0
0.04836773872375488,77769.0
0.04836773872375488,77885.0
0.04836773872375488,77164.0
0.04836773872375488,77482.0
0.04836773872375488,77645.0
0.04836773872375488,77977.0
0.04836773872375488,78122.0
0.04836773872375488,78259.0
0.04836773872375488,78398.0
0.04836773872375488,78262.0
0.04836773872375488,78389.0
0.04836773872375488,78287.0
0.04836773872375488,77538.0
0.04836773872375488,77862.0
0.04836773872375488,77985.0
0.04836773872375488,78136.0
0.04836773872375488,78446.0
0.04836773872375488,78551.0
0.04836773872375488,78711.0
0.04836773872375488,78904.0
0.04836773872375488,78752.0
0.04836773872375488,78901.0
0.04836773872375488,78777.0
0.04836773872375488,78614.0
0.04836773872375488,78805.0
0.04836773872375488,78913.0
0.04836773872375488,78787.0
0.04836773872375488,78903.0
0.04836773872375488,78779.0
0.04836773872375488,78917.0
0.04836773872375488,78793.0
0.04836773872375488,78692.0
0.04836773872375488,78516.0
0.04836773872375488,78700.0
0.04836773872375488,78549.0
0.04836773872375488,78690.0
0.04836773872375488,78549.0
0.04836773872375488,78668.0
0.04836773872375488,77802.0
0.04836773872375488,78715.0
0.04836773872375488,78531.0
0.04836773872375488,78695.0
0.04836773872375488,78444.0
0.04836773872375488,78696.0
0.04836773872375488,78587.0
0.04836773872375488,78702.0
0.04836773872375488,78577.0
0.04836773872375488,78460.0
0.04836773872375488,78562.0
0.04836773872375488,78430.0
0.04836773872375488,78585.0
0.04836773872375488,78712.0
0.04836773872375488,78594.0
0.04836773872375488,78708.0
0.04836773872375488,78815.0
0.04836773872375488,78357.0
0.04836773872375488,78613.0
0.04836773872375488,78749.0
0.04836773872375488,79011.0
0.04836773872375488,78866.0
0.04836773872375488,79011.0
0.04836773872375488,78882.0
0.04836773872375488,78739.0
0.04836773872375488,78892.0
0.04836773872375488,79008.0
0.04836773872375488,78898.0
0.04836773872375488,78772.0
0.04836773872375488,78891.0
0.04836773872375488,78770.0
0.04836773872375488,78899.0
0.04836773872375488,78380.0
0.04836773872375488,78776.0
0.04836773872375488,78952.0
0.04836773872375488,78841.0
0.04836773872375488,78990.0
0.04836773872375488,79114.0
0.04836773872375488,79011.0
0.04836773872375488,78904.0
0.04836773872375488,79006.0
0.04836773872375488,78883.0
0.04836773872375488,79008.0
0.04836773872375488,78817.0
0.04836773872375488,78929.0
0.04836773872375488,79093.0
0.04836773872375488,79209.0
0.04836773872375488,79095.0
0.04836773872375488,78994.0
0.04836773872375488,78617.0
0.04836773872375488,78766.0
0.04836773872375488,79114.0
0.04836773872375488,79013.0
0.04836773872375488,78862.0
0.04836773872375488,78701.0
0.04836773872375488,78542.0
0.04836773872375488,78796.0
0.04836773872375488,78667.0
0.04836773872375488,78773.0
0.04836773872375488,78669.0
0.04836773872375488,78811.0
0.04836773872375488,78658.0
0.04836773872375488,78795.0
0.04836773872375488,78693.0
0.04836773872375488,78587.0
0.04836773872375488,78703.0
0.04836773872375488,78602.0
0.04836773872375488,78711.0
0.04836773872375488,78818.0
0.04836773872375488,78702.0
0.04836773872375488,78480.0
0.04836773872375488,78703.0
0.04836773872375488,78806.0
0.04836773872375488,78623.0
0.04836773872375488,78800.0
0.04836773872375488,78907.0
0.04836773872375488,79010.0
0.04836773872375488,78885.0
0.04836773872375488,78369.0
0.04836773872375488,78551.0
0.04836773872375488,78961.0
0.04836773872375488,78857.0
0.04836773872375488,79007.0
0.04836773872375488,78906.0
0.04836773872375488,78619.0
0.04836773872375488,78859.0
0.04836773872375488,78738.0
0.04836773872375488,78873.0
0.04836773872375488,78983.0
0.04836773872375488,79092.0
0.04836773872375488,78926.0
0.04836773872375488,79117.0
0.04836773872375488,79001.0
0.04836773872375488,78871.0
0.04836773872375488,78993.0
0.04836773872375488,79109.0
0.04836773872375488,79219.0
0.04836773872375488,79112.0
0.04836773872375488,78977.0
0.04836773872375488,78828.0
0.04836773872375488,78976.0
0.04836773872375488,78774.0
0.04836773872375488,78921.0
0.04836773872375488,79051.0
0.04836773872375488,78722.0
0.04836773872375488,79013.0
0.04836773872375488,79128.0
0.04836773872375488,79319.0
0.04836773872375488,79213.0
0.04836773872375488,79101.0
0.04836773872375488,78914.0
0.04836773872375488,79065.0
0.04836773872375488,78945.0
0.04836773872375488,79061.0
0.04836773872375488,79213.0
0.06289458274841309,79109.0
0.06289458274841309,78981.0
0.06289458274841309,79109.0
0.06289458274841309,78827.0
0.06289458274841309,79102.0
0.06289458274841309,79217.0
0.06289458274841309,79078.0
0.06289458274841309,78950.0
0.06289458274841309,78798.0
0.06289458274841309,78998.0
0.06289458274841309,78878.0
0.06289458274841309,79001.0
0.06289458274841309,78575.0
0.06289458274841309,78852.0
0.06289458274841309,79048.0
0.06289458274841309,79159.0
0.06289458274841309,78907.0
0.06289458274841309,79040.0
0.06289458274841309,79304.0
0.06289458274841309,79406.0
0.06289458274841309,79224.0
0.06289458274841309,79117.0
0.06289458274841309,79290.0
0.06289458274841309,79139.0
0.06289458274841309,79275.0
0.06289458274841309,79407.0
0.06289458274841309,79219.0
0.06289458274841309,79020.0
0.06289458274841309,79122.0
0.06289458274841309,79277.0
0.06289458274841309,79406.0
0.06289458274841309,79513.0
0.06289458274841309,79644.0
0.06289458274841309,79762.0
0.06289458274841309,79911.0
0.06289458274841309,80017.0
0.06289458274841309,79913.0
0.06289458274841309,80017.0
0.06289458274841309,79909.0
0.06289458274841309,79715.0
0.06289458274841309,79503.0
0.06289458274841309,79754.0
0.06289458274841309,79905.0
0.06289458274841309,79795.0
0.06289458274841309,79677.0
0.06289458274841309,79813.0
0.06289458274841309,79590.0
0.06289458274841309,79804.0
0.06289458274841309,79612.0
0.06289458274841309,79718.0
0.06289458274841309,79543.0
0.06289458274841309,79441.0
0.06289458274841309,79600.0
0.06289458274841309,79752.0
0.06289458274841309,79888.0
0.06289458274841309,79769.0
0.06289458274841309,79655.0
0.06289458274841309,79791.0
0.06289458274841309,79892.0
0.06289458274841309,79669.0
0.06289458274841309,79790.0
0.06289458274841309,79953.0
0.06289458274841309,80064.0
0.06289458274841309,80191.0
0.06289458274841309,80057.0
0.06289458274841309,79857.0
0.06289458274841309,79710.0
0.06289458274841309,80005.0
0.06289458274841309,79895.0
0.06289458274841309,80014.0
0.06289458274841309,79808.0
0.06289458274841309,79930.0
0.06289458274841309,79820.0
0.06289458274841309,79971.0
0.06289458274841309,80092.0
0.06289458274841309,79969.0
0.06289458274841309,80090.0
0.06289458274841309,80210.0
0.06289458274841309,80314.0
0.06289458274841309,80211.0
0.06289458274841309,80094.0
0.06289458274841309,79961.0
0.06289458274841309,80115.0
0.06289458274841309,79976.0
0.06289458274841309,80103.0
0.06289458274841309,79979.0
0.06289458274841309,79669.0
0.06289458274841309,79547.0
0.06289458274841309,79693.0
0.06289458274841309,79826.0
0.06289458274841309,80085.0
0.06289458274841309,79949.0
0.06289458274841309,80076.0
0.06289458274841309,80190.0
0.06289458274841309,80082.0
0.06289458274841309,80219.0
0.06289458274841309,80100.0
0.06289458274841309,79975.0
0.06289458274841309,80118.0
0.06289458274841309,79966.0
0.06289458274841309,80074.0
0.06289458274841309,79922.0
0.06289458274841309,80054.0
0.06289458274841309,80203.0
0.06289458274841309,80308.0
0.06289458274841309,80178.0
0.06289458274841309,80071.0
0.06289458274841309,80172.0
0.06289458274841309,80275.0
0.06289458274841309,80158.0
0.06289458274841309,80314.0
0.06289458274841309,80191.0
0.06289458274841309,80075.0
0.06289458274841309,80212.0
0.06289458274841309,80021.0
0.06289458274841309,80208.0
0.06289458274841309,80030.0
0.06289458274841309,79921.0
0.06289458274841309,79794.0
0.06289458274841309,79913.0
0.06289458274841309,80091.0
0.06289458274841309,79988.0
0.06289458274841309,80090.0
0.06289458274841309,79723.0
0.06289458274841309,80041.0
0.06289458274841309,80210.0
0.06289458274841309,80099.0
0.06289458274841309,80217.0
0.06289458274841309,80081.0
0.06289458274841309,80187.0
0.06289458274841309,80319.0
0.06289458274841309,80192.0
0.06289458274841309,80318.0
0.06289458274841309,80182.0
0.06289458274841309,80315.0
0.06289458274841309,80160.0
0.06289458274841309,80044.0
0.06289458274841309,80202.0
0.06289458274841309,80316.0
0.06289458274841309,80184.0
0.06289458274841309,80316.0
0.06289458274841309,80062.0
0.06289458274841309,80178.0
0.06289458274841309,80381.0
0.06289458274841309,80267.0
0.06289458274841309,80117.0
0.06289458274841309,80315.0
0.06289458274841309,80184.0
0.06289458274841309,80022.0
0.06289458274841309,80189.0
0.06289458274841309,80316.0
0.06289458274841309,80203.0
0.06289458274841309,80304.0
0.06289458274841309,79909.0
0.06289458274841309,80220.0
0.06289458274841309,80403.0
0.06289458274841309,80513.0
0.06289458274841309,80408.0
0.06289458274841309,80307.0
0.06289458274841309,80408.0
0.06289458274841309,80259.0
0.06289458274841309,80156.0
0.06289458274841309,80299.0
0.06289458274841309,80400.0
0.06289458274841309,80517.0
0.06289458274841309,80619.0
0.06289458274841309,80459.0
0.06289458274841309,80327.0
0.06289458274841309,80206.0
0.06289458274841309,80309.0
0.06289458274841309,80417.0
0.06289458274841309,80535.0
0.06289458274841309,80698.0
0.06289458274841309,80534.0
0.06289458274841309,80717.0
0.06289458274841309,80541.0
0.06289458274841309,80662.0
0.06289458274841309,80812.0
0.06289458274841309,80708.0
0.06289458274841309,80558.0
0.06289458274841309,80681.0
0.07860589027404785,80818.0
0.07860589027404785,80641.0
0.07860589027404785,80788.0
0.07860589027404785,80894.0
0.07860589027404785,80786.0
0.07860589027404785,80908.0
0.07860589027404785,81017.0
0.07860589027404785,80858.0
0.07860589027404785,80748.0
0.07860589027404785,80605.0
0.07860589027404785,80709.0
0.07860589027404785,80853.0
0.07860589027404785,80743.0
0.07860589027404785,80596.0
0.07860589027404785,80449.0
0.07860589027404785,80602.0
0.07860589027404785,80811.0
0.07860589027404785,80919.0
0.07860589027404785,80803.0
0.07860589027404785,80666.0
0.07860589027404785,80813.0
0.07860589027404785,80698.0
0.07860589027404785,80583.0
0.07860589027404785,80716.0
0.07860589027404785,80579.0
0.07860589027404785,80719.0
0.07860589027404785,80616.0
0.07860589027404785,80512.0
0.07860589027404785,80357.0
0.07860589027404785,80498.0
0.07860589027404785,80611.0
0.07860589027404785,80487.0
0.07860589027404785,80335.0
0.07860589027404785,80451.0
0.07860589027404785,80314.0
0.07860589027404785,80449.0
0.07860589027404785,80551.0
0.07860589027404785,80658.0
0.07860589027404785,80793.0
0.07860589027404785,80906.0
0.07860589027404785,81010.0
0.07860589027404785,80575.0
0.07860589027404785,80780.0
0.07860589027404785,80990.0
0.07860589027404785,81176.0
0.07860589027404785,81022.0
0.07860589027404785,80914.0
0.07860589027404785,81050.0
0.07860589027404785,81208.0
0.07860589027404785,81309.0
0.07860589027404785,81126.0
0.07860589027404785,81009.0
0.07860589027404785,81123.0
0.07860589027404785,81243.0
0.07860589027404785,81374.0
0.07860589027404785,81175.0
0.07860589027404785,81412.0
0.07860589027404785,81275.0
0.07860589027404785,81052.0
0.07860589027404785,81161.0
0.07860589027404785,81286.0
0.07860589027404785,81514.0
0.07860589027404785,81368.0
0.07860589027404785,81495.0
0.07860589027404785,81596.0
0.07860589027404785,81705.0
0.07860589027404785,81596.0
0.07860589027404785,81387.0
0.07860589027404785,81548.0
0.07860589027404785,81439.0
0.07860589027404785,81588.0
0.07860589027404785,81700.0
0.07860589027404785,81172.0
0.07860589027404785,81704.0
0.07860589027404785,81579.0
0.07860589027404785,81708.0
0.07860589027404785,81576.0
0.07860589027404785,81460.0
0.07860589027404785,81577.0
0.07860589027404785,80860.0
0.07860589027404785,81515.0
0.07860589027404785,81616.0
0.07860589027404785,81805.0
0.07860589027404785,81397.0
0.07860589027404785,81585.0
0.07860589027404785,81731.0
0.07860589027404785,81610.0
0.07860589027404785,81799.0
0.07860589027404785,82007.0
0.07860589027404785,81888.0
0.07860589027404785,81690.0
0.07860589027404785,81823.0
0.07860589027404785,81970.0
0.07860589027404785,82111.0
0.07860589027404785,81976.0
0.07860589027404785,82095.0
0.07860589027404785,82212.0
0.07860589027404785,82110.0
0.07860589027404785,81974.0
0.07860589027404785,82095.0
0.07860589027404785,81970.0
0.07860589027404785,82085.0
0.07860589027404785,82219.0
0.07860589027404785,81843.0
0.07860589027404785,82187.0
0.07860589027404785,82319.0
0.07860589027404785,82061.0
0.07860589027404785,82279.0
0.07860589027404785,82390.0
0.07860589027404785,82497.0
0.07860589027404785,82606.0
0.07860589027404785,82715.0
0.07860589027404785,82611.0
0.07860589027404785,82719.0
0.07860589027404785,82598.0
0.07860589027404785,82342.0
0.07860589027404785,82467.0
0.07860589027404785,82646.0
0.07860589027404785,82807.0
0.07860589027404785,82700.0
0.07860589027404785,82567.0
0.07860589027404785,82711.0
0.07860589027404785,82551.0
0.07860589027404785,82692.0
0.07860589027404785,82543.0
0.07860589027404785,82702.0
0.07860589027404785,82593.0
0.07860589027404785,82438.0
0.07860589027404785,82311.0
0.07860589027404785,82205.0
0.07860589027404785,82347.0
0.07860589027404785,82241.0
0.07860589027404785,82127.0
0.07860589027404785,82005.0
0.07860589027404785,82149.0
0.07860589027404785,82033.0
0.07860589027404785,81696.0
0.07860589027404785,81971.0
0.07860589027404785,82080.0
0.07860589027404785,82266.0
0.07860589027404785,82127.0
0.07860589027404785,82283.0
0.07860589027404785,81889.0
0.07860589027404785,82024.0
0.07860589027404785,81729.0
0.07860589027404785,81975.0
0.07860589027404785,82136.0
0.07860589027404785,82480.0
0.07860589027404785,82616.0
0.07860589027404785,82504.0
0.07860589027404785,82618.0
0.07860589027404785,82462.0
0.07860589027404785,82361.0
0.07860589027404785,82477.0
0.07860589027404785,81613.0
0.07860589027404785,82335.0
0.07860589027404785,82510.0
0.07860589027404785,82700.0
0.07860589027404785,82591.0
0.07860589027404785,82408.0
0.07860589027404785,82545.0
0.07860589027404785,82678.0
0.07860589027404785,82489.0
0.07860589027404785,82639.0
0.07860589027404785,82781.0
0.07860589027404785,82897.0
0.07860589027404785,82790.0
0.07860589027404785,82900.0
0.07860589027404785,82737.0
0.07860589027404785,82856.0
0.07860589027404785,83007.0
0.07860589027404785,82906.0
0.07860589027404785,82762.0
0.07860589027404785,82867.0
0.07860589027404785,82662.0
0.07860589027404785,82822.0
0.07860589027404785,82961.0
0.07860589027404785,83088.0
0.07860589027404785,82972.0
0.07860589027404785,83108.0
0.0942373275756836,83214.0
0.09475421905517578,83024.0
0.09475421905517578,83217.0
0.09475421905517578,83070.0
0.09475421905517578,82831.0
0.09475421905517578,82959.0
0.09475421905517578,83178.0
0.09475421905517578,83315.0
0.09475421905517578,83092.0
0.09475421905517578,83254.0
0.09475421905517578,83108.0
0.09475421905517578,83293.0
0.09475421905517578,83418.0
0.09475421905517578,83251.0
0.09475421905517578,83415.0
0.09475421905517578,83257.0
0.09475421905517578,83126.0
0.09475421905517578,83314.0
0.09475421905517578,83419.0
0.09475421905517578,83296.0
0.09475421905517578,83410.0
0.09475421905517578,83308.0
0.09475421905517578,83193.0
0.09475421905517578,83042.0
0.09475421905517578,83201.0
0.09475421905517578,83091.0
0.09475421905517578,82955.0
0.09475421905517578,83107.0
0.09475421905517578,82972.0
0.09475421905517578,83094.0
0.09475421905517578,83208.0
0.09475421905517578,83318.0
0.09475421905517578,83202.0
0.09475421905517578,83306.0
0.09475421905517578,83168.0
0.09475421905517578,83039.0
0.09475421905517578,82836.0
0.09475421905517578,83064.0
0.09475421905517578,83165.0
0.09475421905517578,83301.0
0.09475421905517578,82957.0
0.09475421905517578,83225.0
0.09475421905517578,82826.0
0.09475421905517578,83125.0
0.09475421905517578,83412.0
0.09475421905517578,83267.0
0.09475421905517578,83370.0
0.09475421905517578,83255.0
0.09475421905517578,83376.0
0.09475421905517578,83216.0
0.09475421905517578,83372.0
0.09475421905517578,83473.0
0.09475421905517578,83616.0
0.09475421905517578,83481.0
0.09475421905517578,83609.0
0.09475421905517578,83718.0
0.09475421905517578,83602.0
0.09475421905517578,83427.0
0.09475421905517578,83323.0
0.09475421905517578,83457.0
0.09475421905517578,83566.0
0.09475421905517578,83675.0
0.09475421905517578,83782.0
0.09475421905517578,83615.0
0.09475421905517578,83742.0
0.09475421905517578,83847.0
0.09475421905517578,83970.0
0.09475421905517578,84110.0
0.09475421905517578,84211.0
0.09475421905517578,84084.0
0.09475421905517578,84186.0
0.09475421905517578,84295.0
0.09475421905517578,84411.0
0.09475421905517578,84093.0
0.09475421905517578,84293.0
0.09475421905517578,84464.0
0.09475421905517578,84580.0
0.09475421905517578,84478.0
0.09475421905517578,84614.0
0.09475421905517578,84485.0
0.09475421905517578,84600.0
0.09475421905517578,84499.0
0.09475421905517578,84618.0
0.09475421905517578,84507.0
0.09475421905517578,84610.0
0.09475421905517578,84468.0
0.09475421905517578,84601.0
0.09475421905517578,84423.0
0.09475421905517578,84595.0
0.09475421905517578,84697.0
0.09475421905517578,84808.0
0.09475421905517578,84913.0
0.09475421905517578,85016.0
0.09475421905517578,84873.0
0.09475421905517578,84993.0
0.09475421905517578,85103.0
0.09475421905517578,84885.0
0.09475421905517578,84706.0
0.09475421905517578,84886.0
0.09475421905517578,85014.0
0.09475421905517578,85178.0
0.09475421905517578,85294.0
0.09475421905517578,85133.0
0.09475421905517578,85285.0
0.09475421905517578,85134.0
0.09475421905517578,85259.0
0.09475421905517578,85401.0
0.09475421905517578,85507.0
0.09475421905517578,85332.0
0.09475421905517578,85512.0
0.09475421905517578,85614.0
0.09475421905517578,85513.0
0.09475421905517578,85617.0
0.09475421905517578,85442.0
0.09475421905517578,85591.0
0.09475421905517578,85490.0
0.09475421905517578,85387.0
0.09475421905517578,85517.0
0.09475421905517578,85412.0
0.09475421905517578,85222.0
0.09475421905517578,85402.0
0.09475421905517578,85291.0
0.09475421905517578,85394.0
0.09475421905517578,85291.0
0.11035847663879395,85186.0
0.11035847663879395,85085.0
0.11035847663879395,85200.0
0.11035847663879395,85310.0
0.11035847663879395,85415.0
0.11035847663879395,85303.0
0.11035847663879395,85407.0
0.11035847663879395,85304.0
0.11035847663879395,85175.0
0.11035847663879395,85290.0
0.11035847663879395,85141.0
0.11035847663879395,85272.0
0.11035847663879395,85386.0
0.11035847663879395,85274.0
0.11035847663879395,85419.0
0.11035847663879395,85265.0
0.11035847663879395,85386.0
0.11035847663879395,85272.0
0.11035847663879395,85404.0
0.11035847663879395,85507.0
0.11035847663879395,85385.0
0.11035847663879395,85512.0
0.11035847663879395,85407.0
0.11035847663879395,85508.0
0.11035847663879395,85609.0
0.11035847663879395,85717.0
0.11035847663879395,85615.0
0.11035847663879395,85482.0
0.11035847663879395,85370.0
0.11035847663879395,85500.0
0.11035847663879395,85611.0
0.11035847663879395,85713.0
0.11035847663879395,85608.0
0.11035847663879395,85466.0
0.11035847663879395,85608.0
0.11035847663879395,85710.0
0.11035847663879395,85606.0
0.11035847663879395,85485.0
0.11035847663879395,85610.0
0.11035847663879395,85488.0
0.11035847663879395,85330.0
0.11035847663879395,85446.0
0.11035847663879395,85587.0
0.11035847663879395,85709.0
0.11035847663879395,85573.0
0.11035847663879395,85464.0
0.11035847663879395,85615.0
0.11035847663879395,85457.0
0.11035847663879395,85581.0
0.11035847663879395,85691.0
0.11035847663879395,85803.0
0.11035847663879395,85918.0
0.11035847663879395,85812.0
0.11035847663879395,85919.0
0.11035847663879395,85595.0
0.11035847663879395,85907.0
0.11035847663879395,85748.0
0.11035847663879395,85908.0
0.11035847663879395,85797.0
0.11035847663879395,85901.0
0.11035847663879395,85751.0
0.11035847663879395,85917.0
0.11035847663879395,85795.0
0.11035847663879395,85901.0
0.11035847663879395,85796.0
0.11035847663879395,85694.0
0.11035847663879395,85817.0
0.11035847663879395,85685.0
0.11035847663879395,85801.0
0.11035847663879395,85906.0
0.11035847663879395,85800.0
0.11035847663879395,85663.0
0.11035847663879395,85497.0
0.11035847663879395,85658.0
0.11035847663879395,85809.0
0.11035847663879395,85911.0
0.11035847663879395,85787.0
0.11035847663879395,85905.0
0.11035847663879395,85759.0
0.11035847663879395,85598.0
0.11035847663879395,85783.0
0.11035847663879395,85889.0
0.11035847663879395,86013.0
0.11035847663879395,85902.0
0.11035847663879395,86014.0
0.11035847663879395,85906.0
0.11035847663879395,85790.0
0.11035847663879395,85917.0
0.11035847663879395,85775.0
0.11035847663879395,85892.0
0.11035847663879395,85770.0
0.11035847663879395,85899.0
0.11035847663879395,85730.0
0.11035847663879395,85892.0
0.11035847663879395,85789.0
0.11035847663879395,85630.0
0.11035847663879395,85797.0
0.11035847663879395,85913.0
0.11035847663879395,85811.0
0.11035847663879395,85699.0
0.11035847663879395,85567.0
0.11035847663879395,85715.0
0.11035847663879395,85590.0
0.11035847663879395,85718.0
0.11035847663879395,85612.0
0.11035847663879395,85713.0
0.12609457969665527,85601.0
0.12609457969665527,85702.0
0.12609457969665527,85807.0
0.12609457969665527,85918.0
0.12609457969665527,85793.0
0.12609457969665527,85671.0
0.12609457969665527,85567.0
0.12609457969665527,85437.0
0.12609457969665527,85592.0
0.12609457969665527,85476.0
0.12609457969665527,85366.0
0.12609457969665527,85265.0
0.12609457969665527,85412.0
0.12609457969665527,85296.0
0.12609457969665527,85188.0
0.12609457969665527,85072.0
0.12609457969665527,85202.0
0.12609457969665527,85098.0
0.12609457969665527,84993.0
0.12609457969665527,84875.0
0.12609457969665527,84723.0
0.12609457969665527,84518.0
0.12609457969665527,84662.0
0.12609457969665527,84868.0
0.12609457969665527,84734.0
0.12609457969665527,84909.0
0.12609457969665527,85016.0
0.12609457969665527,84908.0
0.12609457969665527,84759.0
0.12609457969665527,84898.0
0.12609457969665527,84791.0
0.12609457969665527,84689.0
0.12609457969665527,84550.0
0.12609457969665527,84370.0
0.12609457969665527,84492.0
0.12609457969665527,84625.0
0.12609457969665527,84744.0
0.12609457969665527,84891.0
0.12609457969665527,85005.0
0.12609457969665527,85117.0
0.12609457969665527,84969.0
0.12609457969665527,85085.0
0.12609457969665527,85195.0
0.12609457969665527,85086.0
0.12609457969665527,84982.0
0.12609457969665527,84874.0
0.12609457969665527,84999.0
0.12609457969665527,84874.0
0.12609457969665527,84767.0
0.12609457969665527,84917.0
0.12609457969665527,84809.0
0.12609457969665527,84910.0
0.12609457969665527,84785.0
0.12609457969665527,84894.0
0.12609457969665527,85000.0
0.12609457969665527,85104.0
0.12609457969665527,85205.0
0.12609457969665527,85084.0
0.12609457969665527,85208.0
0.12609457969665527,85311.0
0.12609457969665527,85209.0
0.12609457969665527,85090.0
0.12609457969665527,84980.0
0.12609457969665527,84828.0
0.12609457969665527,84988.0
0.12609457969665527,85107.0
0.12609457969665527,84943.0
0.12609457969665527,85065.0
0.12609457969665527,85191.0
0.12609457969665527,85307.0
0.12609457969665527,85417.0
0.12609457969665527,85274.0
0.12609457969665527,85391.0
0.12609457969665527,85494.0
0.12609457969665527,85343.0
0.12609457969665527,85514.0
0.12609457969665527,85413.0
0.12609457969665527,85308.0
0.12609457969665527,85158.0
0.12609457969665527,85028.0
0.12609457969665527,85203.0
0.12609457969665527,85081.0
0.12609457969665527,84966.0
0.12609457969665527,85116.0
0.12609457969665527,84966.0
0.12609457969665527,85086.0
0.12609457969665527,85217.0
0.12609457969665527,85081.0
0.12609457969665527,84968.0
0.12609457969665527,85087.0
0.12609457969665527,85218.0
0.14169859886169434,85056.0
0.14169859886169434,85191.0
0.14169859886169434,84952.0
0.14169859886169434,85141.0
0.14169859886169434,85040.0
0.14169859886169434,85190.0
0.14169859886169434,85088.0
0.14169859886169434,85217.0
0.14169859886169434,84685.0
0.14169859886169434,85189.0
0.14169859886169434,85086.0
0.14169859886169434,85200.0
0.14169859886169434,85308.0
0.14169859886169434,85189.0
0.14169859886169434,85310.0
0.14169859886169434,85411.0
0.14169859886169434,85281.0
0.14169859886169434,85180.0
0.14169859886169434,85316.0
0.14169859886169434,85167.0
0.14169859886169434,85270.0
0.14169859886169434,85125.0
0.14169859886169434,85305.0
0.14169859886169434,85199.0
0.14169859886169434,85319.0
0.14169859886169434,85199.0
0.14169859886169434,85098.0
0.14169859886169434,84909.0
0.14169859886169434,85094.0
0.14169859886169434,85207.0
0.14169859886169434,85104.0
0.14169859886169434,85212.0
0.14169859886169434,85101.0
0.14169859886169434,85213.0
0.14169859886169434,85314.0
0.14169859886169434,85419.0
0.14169859886169434,85228.0
0.14169859886169434,85403.0
0.14169859886169434,85253.0
0.14169859886169434,85378.0
0.14169859886169434,85253.0
0.14169859886169434,85357.0
0.14169859886169434,85465.0
0.14169859886169434,85588.0
0.14169859886169434,85707.0
0.14169859886169434,85521.0
0.14169859886169434,85660.0
0.14169859886169434,85789.0
0.14169859886169434,85918.0
0.14169859886169434,85781.0
0.14169859886169434,85679.0
0.14169859886169434,85818.0
0.14169859886169434,85709.0
0.14169859886169434,85546.0
0.14169859886169434,85654.0
0.14169859886169434,85810.0
0.14169859886169434,85700.0
0.14169859886169434,85818.0
0.14169859886169434,85690.0
0.14169859886169434,85795.0
0.14169859886169434,85918.0
0.14169859886169434,85803.0
0.14169859886169434,85683.0
0.14169859886169434,85578.0
0.14169859886169434,85689.0
0.14169859886169434,85539.0
0.14169859886169434,85654.0
0.14169859886169434,85800.0
0.14169859886169434,85905.0
0.14169859886169434,85800.0
0.14169859886169434,85907.0
0.14169859886169434,85805.0
0.15732049942016602,85914.0
0.15732049942016602,85801.0
0.15732049942016602,85666.0
0.15791916847229004,85780.0
0.15791916847229004,85894.0
0.15791916847229004,85743.0
0.15791916847229004,85876.0
0.15791916847229004,85752.0
0.15791916847229004,85619.0
0.15791916847229004,85795.0
0.15791916847229004,85682.0
0.15791916847229004,85792.0
0.15791916847229004,85893.0
0.15791916847229004,86017.0
0.15791916847229004,85900.0
0.15791916847229004,86001.0
0.15791916847229004,85877.0
0.15791916847229004,85999.0
0.15791916847229004,86103.0
0.15791916847229004,86209.0
0.15791916847229004,86108.0
0.15791916847229004,85977.0
0.15791916847229004,85861.0
0.15791916847229004,86009.0
0.15791916847229004,85888.0
0.15791916847229004,86005.0
0.15791916847229004,85895.0
0.15791916847229004,86002.0
0.15791916847229004,85861.0
0.15791916847229004,86013.0
0.15791916847229004,85899.0
0.15791916847229004,85744.0
0.15791916847229004,85913.0
0.15791916847229004,85803.0
0.15791916847229004,85511.0
0.15791916847229004,85723.0
0.15791916847229004,85600.0
0.15791916847229004,85812.0
0.15791916847229004,85914.0
0.15791916847229004,85810.0
0.15791916847229004,85691.0
0.15791916847229004,85579.0
0.15791916847229004,85706.0
0.15791916847229004,85520.0
0.15791916847229004,85360.0
0.15791916847229004,85618.0
0.15791916847229004,85446.0
0.15791916847229004,85576.0
0.15791916847229004,85704.0
0.15791916847229004,85590.0
0.15791916847229004,85709.0
0.15791916847229004,85605.0
0.15791916847229004,85478.0
0.15791916847229004,85597.0
0.15791916847229004,85706.0
0.15791916847229004,85591.0
0.15791916847229004,85490.0
0.15791916847229004,85614.0
0.15791916847229004,85495.0
0.15791916847229004,85610.0
0.15791916847229004,85462.0
0.15791916847229004,85598.0
0.15791916847229004,85473.0
0.15791916847229004,85342.0
0.15791916847229004,85492.0
0.15791916847229004,85612.0
0.15791916847229004,85463.0
0.15791916847229004,85598.0
0.15791916847229004,85702.0
0.15791916847229004,85601.0
0.15791916847229004,85710.0
0.15791916847229004,85603.0
0.15791916847229004,85713.0
0.15791916847229004,85610.0
0.15791916847229004,85469.0
0.15791916847229004,85570.0
0.15791916847229004,85677.0
0.15791916847229004,85567.0
0.15791916847229004,85685.0
0.15791916847229004,85807.0
0.15791916847229004,85919.0
0.15791916847229004,85734.0
0.15791916847229004,85867.0
0.15791916847229004,85990.0
0.15791916847229004,86116.0
0.15791916847229004,86218.0
0.15791916847229004,85914.0
0.15791916847229004,86118.0
0.15791916847229004,86270.0
0.15791916847229004,86375.0
0.15791916847229004,86505.0
0.17351531982421875,86382.0
0.17351531982421875,86501.0
0.17351531982421875,86372.0
0.17351531982421875,86514.0
0.17351531982421875,86618.0
0.17351531982421875,86503.0
0.17351531982421875,86373.0
0.17351531982421875,86483.0
0.17351531982421875,86306.0
0.17351531982421875,86455.0
0.17351531982421875,86599.0
0.17351531982421875,86707.0
0.17351531982421875,86598.0
0.17351531982421875,86718.0
0.17351531982421875,86819.0
0.17351531982421875,86675.0
0.17351531982421875,86815.0
0.17351531982421875,86692.0
0.17351531982421875,86813.0
0.17351531982421875,86711.0
0.17351531982421875,86597.0
0.17351531982421875,86491.0
0.17351531982421875,86601.0
0.17351531982421875,86704.0
0.17351531982421875,86809.0
0.17351531982421875,86919.0
0.17351531982421875,86739.0
0.17351531982421875,86868.0
0.17351531982421875,86972.0
0.17351531982421875,87119.0
0.17351531982421875,87005.0
0.17351531982421875,86887.0
0.17351531982421875,87017.0
0.17351531982421875,87119.0
0.17351531982421875,87018.0
0.17351531982421875,86768.0
0.17351531982421875,87017.0
0.17351531982421875,86907.0
0.17351531982421875,87012.0
0.17351531982421875,86894.0
0.17351531982421875,87004.0
0.17351531982421875,87117.0
0.17351531982421875,87219.0
0.17351531982421875,87100.0
0.17351531982421875,86951.0
0.17351531982421875,87080.0
0.17351531982421875,87199.0
0.17351531982421875,87302.0
0.17351531982421875,87173.0
0.17351531982421875,87280.0
0.17351531982421875,87141.0
0.17351531982421875,87313.0
0.18923020362854004,87212.0
0.18923020362854004,87068.0
0.18923020362854004,87176.0
0.18923020362854004,87064.0
0.18923020362854004,87168.0
0.18923020362854004,87318.0
0.18923020362854004,87202.0
0.18923020362854004,87083.0
0.18923020362854004,87201.0
0.18923020362854004,87093.0
0.18923020362854004,87218.0
0.18923020362854004,87086.0
0.19489836692810059,87195.0
0.19489836692810059,87311.0
0.19489836692810059,87414.0
0.19489836692810059,87301.0
0.19489836692810059,87403.0
0.19489836692810059,87276.0
0.19489836692810059,87387.0
0.19489836692810059,87488.0
0.19489836692810059,87612.0
0.19489836692810059,87507.0
0.19489836692810059,87403.0
0.19489836692810059,87510.0
0.19489836692810059,87611.0
0.19489836692810059,87484.0
0.19489836692810059,87595.0
0.19489836692810059,87475.0
0.19489836692810059,87603.0
0.19489836692810059,87352.0
0.19489836692810059,87489.0
0.19489836692810059,87628.0
0.19489836692810059,87819.0
0.19489836692810059,87710.0
0.19489836692810059,87813.0
0.19489836692810059,87701.0
0.19489836692810059,87803.0
0.19489836692810059,87919.0
0.19489836692810059,87799.0
0.19489836692810059,87912.0
0.19489836692810059,88018.0
0.19489836692810059,87900.0
0.19489836692810059,88017.0
0.19489836692810059,87881.0
0.19489836692810059,88013.0
0.19489836692810059,87890.0
0.19489836692810059,87784.0
0.19489836692810059,87901.0
0.19489836692810059,88017.0
0.19489836692810059,87901.0
0.19489836692810059,88016.0
0.19489836692810059,87915.0
0.20556950569152832,87788.0
0.20556950569152832,87913.0
0.20556950569152832,87796.0
0.20556950569152832,87911.0
0.20556950569152832,87797.0
0.20556950569152832,87915.0
0.20556950569152832,87771.0
0.20556950569152832,87897.0
0.20556950569152832,88017.0
0.20556950569152832,87913.0
0.20556950569152832,88018.0
0.20556950569152832,87889.0
0.20556950569152832,88005.0
0.20556950569152832,88119.0
0.22107625007629395,88010.0
0.22107625007629395,88111.0
0.22107625007629395,87993.0
0.22107625007629395,88116.0
0.22107625007629395,88217.0
0.22107625007629395,88101.0
0.23678874969482422,87999.0
0.23678874969482422,87889.0
0.23678874969482422,87999.0
0.23678874969482422,88100.0
0.23678874969482422,88216.0
0.23678874969482422,88105.0
0.23678874969482422,88219.0
0.23678874969482422,88118.0
0.23678874969482422,88015.0
0.23678874969482422,88116.0
0.23678874969482422,88217.0
0.23678874969482422,88090.0
0.23678874969482422,88200.0
0.23678874969482422,88310.0
0.23678874969482422,88130.0
0.23678874969482422,88296.0
0.23678874969482422,88415.0
0.23678874969482422,88302.0
0.23678874969482422,88408.0
0.2524094581604004,88512.0
0.2524094581604004,88614.0
0.2524094581604004,88511.0
0.2524094581604004,88617.0
0.2524094581604004,88496.0
0.2524094581604004,88616.0
0.2524094581604004,88429.0
0.2524094581604004,88553.0
0.2524094581604004,88702.0
0.26795530319213867,88811.0
0.26795530319213867,88684.0
0.26795530319213867,88805.0
0.26795530319213867,88915.0
0.26795530319213867,89018.0
0.26795530319213867,88886.0
0.26795530319213867,89017.0
0.28402280807495117,89119.0
0.28402280807495117,89014.0
0.29503679275512695,89117.0
0.29503679275512695,89014.0
0.29503679275512695,88909.0
0.29503679275512695,89012.0
0.29503679275512695,89117.0
0.3000447750091553,89219.0
