0.0,12225.0
0.0,12370.0
0.0,12519.0
0.0,12410.0
0.0,12309.0
0.0,12416.0
0.0,12244.0
0.0,12395.0
0.0,12516.0
0.0,12409.0
0.0,12288.0
0.0,12408.0
0.0,12265.0
0.0,12380.0
0.0,12500.0
0.0,12618.0
0.0,12517.0
0.0,11602.0
0.0,12506.0
0.0,11985.0
0.0,12208.0
0.0,12333.0
0.0,12634.0
0.0,12805.0
0.0,12914.0
0.0,12789.0
0.0,12897.0
0.0,13015.0
0.0,12589.0
0.0,12780.0
0.0,12946.0
0.0,13143.0
0.0,13309.0
0.0,13112.0
0.0,13282.0
0.0,12930.0
0.0,13124.0
0.0,13317.0
0.0,13458.0
0.0,13575.0
0.0,13691.0
0.0,13800.0
0.0,13649.0
0.0,13810.0
0.0,13639.0
0.0,13797.0
0.0,13604.0
0.0,13750.0
0.0,13903.0
0.0,12811.0
0.0,13373.0
0.0,13800.0
0.0,14016.0
0.0,14166.0
0.0,14017.0
0.0,14141.0
0.0,14304.0
0.0,13877.0
0.0,14297.0
0.0,13949.0
0.0,14171.0
0.0,14371.0
0.0,14251.0
0.0,14408.0
0.0,14192.0
0.0,14418.0
0.0,14195.0
0.0,14387.0
0.0,14514.0
0.0,14619.0
0.0,14469.0
0.0,14595.0
0.0,14718.0
0.0,14573.0
0.0,14703.0
0.0,14816.0
0.0,14707.0
0.0,14584.0
0.0,14692.0
0.0,14813.0
0.0,14705.0
0.0,14514.0
0.0,14628.0
0.0,14763.0
0.0,14462.0
0.0,14683.0
0.0,14909.0
0.0,14800.0
0.0,14634.0
0.0,14412.0
0.0,14606.0
0.0,14739.0
0.0,14903.0
0.0,14776.0
0.0,14650.0
0.0,14545.0
0.0,14719.0
0.0,14601.0
0.0,14711.0
0.0,14601.0
0.0,14716.0
0.0,14546.0
0.0,14672.0
0.0,14816.0
0.0,14650.0
0.0,14487.0
0.0,14608.0
0.0,14713.0
0.0,14865.0
0.0,14691.0
0.0,14882.0
0.0,14774.0
0.0,14911.0
0.0,15016.0
0.0,14899.0
0.0,14477.0
0.0,14784.0
0.0,15007.0
0.0,15118.0
0.0,14994.0
0.0,14883.0
0.0,15016.0
0.0,14872.0
0.0,14980.0
0.0,15091.0
0.0,15219.0
0.0,14993.0
0.0,15142.0
0.0,15264.0
0.0,15157.0
0.0,14641.0
0.0,15078.0
0.0,15216.0
0.0,15095.0
0.0,14990.0
0.0,15172.0
0.0,14610.0
0.0,14982.0
0.0,15317.0
0.0,15202.0
0.0,15305.0
0.0,14968.0
0.0,15236.0
0.0,15362.0
0.0,15469.0
0.0,15570.0
0.0,15421.0
0.0,15295.0
0.0,15485.0
0.0,15363.0
0.0,15481.0
0.0,15586.0
0.0,15428.0
0.0,15570.0
0.0,15705.0
0.0,15559.0
0.0,15669.0
0.0,15556.0
0.0,15708.0
0.0,15818.0
0.0,15483.0
0.0,15750.0
0.0,15608.0
0.0,15456.0
0.0,15626.0
0.0,15403.0
0.0,15209.0
0.0,15373.0
0.0,15524.0
0.0,15808.0
0.0,15693.0
0.0,15147.0
0.0,15671.0
0.0,15800.0
0.0,15684.0
0.0,15818.0
0.0,14923.0
0.0,15309.0
0.0,15747.0
0.0,15913.0
0.0,16043.0
0.0,16195.0
0.0,16065.0
0.0,15010.0
0.0,15812.0
0.0,16193.0
0.0,16063.0
0.0,16209.0
0.0,16318.0
0.0,16126.0
0.0,16297.0
0.0,15740.0
0.0,16264.0
0.0,16111.0
0.0,16271.0
0.0,16138.0
0.0,16278.0
0.0,16173.0
0.0,16066.0
0.0,15902.0
0.0,16065.0
0.0,15908.0
0.0,16072.0
0.0,15805.0
0.0,16012.0
0.0,16139.0
0.0,16278.0
0.0,16126.0
0.0,15936.0
0.0,16174.0
0.0,16306.0
0.0,15557.0
0.0,16216.0
0.0,16364.0
0.0,16203.0
0.0,16405.0
0.0,16271.0
0.0,16412.0
0.0,16294.0
0.0,16124.0
0.0,16243.0
0.0,16388.0
0.0,16228.0
0.0,16125.0
0.0,16255.0
0.0,16397.0
0.0,16234.0
0.0,16354.0
0.0,16190.0
0.0,16311.0
0.0,16140.0
0.0,16389.0
0.0,16249.0
0.0,16415.0
0.0,16233.0
0.0,16413.0
0.0,16292.0
0.0,16151.0
0.0,16305.0
0.0,16166.0
0.0,16283.0
0.0,16416.0
0.0,16287.0
0.0,16093.0
0.0,16281.0
0.0,16397.0
0.0,16251.0
0.0,16417.0
0.0,16031.0
0.0,16341.0
0.0,16471.0
0.0,16576.0
0.0,16715.0
0.0,16561.0
0.0,16444.0
0.0,16615.0
0.0,16427.0
0.0,16576.0
0.0,16462.0
0.0,16352.0
0.0,16251.0
0.0,16121.0
0.0,16222.0
0.0,16081.0
0.0,16184.0
0.0,16306.0
0.0,16171.0
0.0,16300.0
0.0,16415.0
0.0,16294.0
0.0,16517.0
0.0,16337.0
0.0,16455.0
0.0,16328.0
0.0,16498.0
0.0,16368.0
0.0,16498.0
0.0,16379.0
0.0,16503.0
0.0,16377.0
0.0,16496.0
0.0,16377.0
0.0,16509.0
0.0,16361.0
0.0,16239.0
0.0,16121.0
0.0,15515.0
0.0,16179.0
0.0,16301.0
0.0,16193.0
0.0,16307.0
0.0,16191.0
0.0,16319.0
0.0,16197.0
0.0,15887.0
0.0,16085.0
0.0,16298.0
0.0,16166.0
0.0,15882.0
0.0,16127.0
0.0,16255.0
0.0,16364.0
0.0,16193.0
0.0,16323.0
0.0,16470.0
0.0,16586.0
0.0,16365.0
0.0,16487.0
0.0,16685.0
0.0,16792.0
0.0,16660.0
0.0,16550.0
0.0,16436.0
0.0,16568.0
0.0,16435.0
0.0,16605.0
0.0,16496.0
0.0,16612.0
0.0,16480.0
0.0,16173.0
0.0,15651.0
0.0,16031.0
0.0,15916.0
0.0,16193.0
0.0,16497.0
0.0,16331.0
0.0,16445.0
0.0,16586.0
0.0,16416.0
0.0,16613.0
0.0,16232.0
0.0,16439.0
0.0,16656.0
0.0,16765.0
0.0,16896.0
0.0,17017.0
0.0,16912.0
0.0,16773.0
0.0,16621.0
0.015628814697265625,16807.0
0.015628814697265625,16656.0
0.015628814697265625,16792.0
0.015628814697265625,16664.0
0.015628814697265625,16533.0
0.015628814697265625,16666.0
0.015628814697265625,16524.0
0.015628814697265625,16633.0
0.015628814697265625,16779.0
0.015628814697265625,16915.0
0.015628814697265625,16702.0
0.015628814697265625,16915.0
0.015628814697265625,16808.0
0.015628814697265625,16673.0
0.015628814697265625,16780.0
0.015628814697265625,16554.0
0.015628814697265625,15752.0
0.015628814697265625,16212.0
0.015628814697265625,16708.0
0.015628814697265625,16861.0
0.015628814697265625,16966.0
0.015628814697265625,17076.0
0.015628814697265625,17192.0
0.015628814697265625,17309.0
0.015628814697265625,16871.0
0.015628814697265625,17303.0
0.015628814697265625,16883.0
0.015628814697265625,16774.0
0.015628814697265625,17193.0
0.015628814697265625,16774.0
0.015628814697265625,16608.0
0.015628814697265625,16715.0
0.015628814697265625,17049.0
0.015628814697265625,16525.0
0.015628814697265625,16812.0
0.015628814697265625,17180.0
0.015628814697265625,17394.0
0.015628814697265625,17291.0
0.015628814697265625,17417.0
0.01647329330444336,17310.0
0.01647329330444336,17165.0
0.01647329330444336,16963.0
0.01647329330444336,17089.0
0.01647329330444336,17199.0
0.01647329330444336,17411.0
0.01647329330444336,17265.0
0.01647329330444336,17390.0
0.01647329330444336,17289.0
0.01647329330444336,17180.0
0.01647329330444336,17047.0
0.01647329330444336,17192.0
0.01647329330444336,17043.0
0.01647329330444336,16932.0
0.01647329330444336,16815.0
0.01647329330444336,17006.0
0.01647329330444336,16877.0
0.01647329330444336,16772.0
0.01647329330444336,16631.0
0.01647329330444336,16745.0
0.01647329330444336,16902.0
0.01647329330444336,17019.0
0.01647329330444336,16822.0
0.01647329330444336,16692.0
0.01647329330444336,16915.0
0.01647329330444336,16799.0
0.01647329330444336,16918.0
0.01647329330444336,16254.0
0.01647329330444336,16663.0
0.01647329330444336,16935.0
0.01647329330444336,16712.0
0.01647329330444336,16605.0
0.01647329330444336,16861.0
0.01647329330444336,16744.0
0.01647329330444336,16905.0
0.01647329330444336,17006.0
0.01647329330444336,16794.0
0.01647329330444336,16571.0
0.01647329330444336,16793.0
0.01647329330444336,17000.0
0.01647329330444336,16732.0
0.01647329330444336,16953.0
0.01647329330444336,17063.0
0.01647329330444336,16877.0
0.01647329330444336,17106.0
0.01647329330444336,16988.0
0.01647329330444336,16684.0
0.01647329330444336,16814.0
0.01647329330444336,17053.0
0.01647329330444336,17211.0
0.01647329330444336,17087.0
0.01647329330444336,17197.0
0.01647329330444336,17306.0
0.01647329330444336,17181.0
0.01647329330444336,17286.0
0.01647329330444336,17419.0
0.01647329330444336,17297.0
0.01647329330444336,17408.0
0.01647329330444336,17299.0
0.01647329330444336,17179.0
0.01647329330444336,17280.0
0.01647329330444336,17396.0
0.01647329330444336,17280.0
0.01647329330444336,16908.0
0.01647329330444336,17154.0
0.01647329330444336,17340.0
0.01647329330444336,17226.0
0.01647329330444336,16988.0
0.01647329330444336,17178.0
0.01647329330444336,17396.0
0.01647329330444336,17513.0
0.01647329330444336,17299.0
0.01647329330444336,17496.0
0.01647329330444336,17296.0
0.01647329330444336,17415.0
0.01647329330444336,17524.0
0.01647329330444336,17638.0
0.01647329330444336,17524.0
0.01647329330444336,17676.0
0.01647329330444336,17529.0
0.01647329330444336,17648.0
0.01647329330444336,17800.0
0.01647329330444336,17908.0
0.01647329330444336,17772.0
0.01647329330444336,17523.0
0.01647329330444336,17407.0
0.01647329330444336,17623.0
0.01647329330444336,17741.0
0.01647329330444336,17332.0
0.01647329330444336,17454.0
0.01647329330444336,17748.0
0.01647329330444336,17502.0
0.01647329330444336,17714.0
0.01647329330444336,17974.0
0.01647329330444336,17718.0
0.01647329330444336,17834.0
0.01647329330444336,18023.0
0.01647329330444336,18174.0
0.01647329330444336,17935.0
0.01647329330444336,18086.0
0.01647329330444336,18240.0
0.01647329330444336,18411.0
0.01647329330444336,18241.0
0.01647329330444336,17717.0
0.01647329330444336,17960.0
0.01647329330444336,18327.0
0.01647329330444336,17947.0
0.01647329330444336,17831.0
0.01647329330444336,18240.0
0.01647329330444336,18360.0
0.01647329330444336,18147.0
0.01647329330444336,18344.0
0.01647329330444336,18173.0
0.01647329330444336,18282.0
0.01647329330444336,18445.0
0.01647329330444336,18223.0
0.01647329330444336,18476.0
0.01647329330444336,18583.0
0.01647329330444336,18690.0
0.01647329330444336,18795.0
0.01647329330444336,18650.0
0.01647329330444336,18813.0
0.01647329330444336,18592.0
0.01647329330444336,18765.0
0.01647329330444336,18574.0
0.01647329330444336,18719.0
0.01647329330444336,18837.0
0.01647329330444336,19009.0
0.01647329330444336,18641.0
0.01647329330444336,18943.0
0.01647329330444336,18826.0
0.01647329330444336,18725.0
0.01647329330444336,18909.0
0.01647329330444336,19017.0
0.01647329330444336,18432.0
0.01647329330444336,18872.0
0.01647329330444336,19008.0
0.01647329330444336,18845.0
0.01647329330444336,19034.0
0.01647329330444336,19178.0
0.01647329330444336,18980.0
0.01647329330444336,19146.0
0.01647329330444336,19302.0
0.01647329330444336,19136.0
0.01647329330444336,19260.0
0.01647329330444336,19395.0
0.01647329330444336,19197.0
0.01647329330444336,19419.0
0.01647329330444336,19286.0
0.01647329330444336,18849.0
0.01647329330444336,19211.0
0.01647329330444336,19417.0
0.01647329330444336,19306.0
0.01647329330444336,19201.0
0.01647329330444336,19044.0
0.01647329330444336,18899.0
0.01647329330444336,19049.0
0.01647329330444336,19210.0
0.01647329330444336,19080.0
0.01647329330444336,19212.0
0.01647329330444336,18996.0
0.01647329330444336,18500.0
0.01647329330444336,18364.0
0.01647329330444336,18892.0
0.01647329330444336,19062.0
0.01647329330444336,19183.0
0.01647329330444336,19076.0
0.01647329330444336,19216.0
0.01647329330444336,19090.0
0.01647329330444336,18884.0
0.01647329330444336,18989.0
0.01647329330444336,18881.0
0.01647329330444336,19063.0
0.01647329330444336,19193.0
0.01647329330444336,18976.0
0.01647329330444336,19157.0
0.01647329330444336,19036.0
0.01647329330444336,18899.0
0.01647329330444336,19080.0
0.01647329330444336,19181.0
0.01647329330444336,19316.0
0.01647329330444336,19155.0
0.01647329330444336,19287.0
0.01647329330444336,19409.0
0.01647329330444336,19248.0
0.01647329330444336,19066.0
0.01647329330444336,19283.0
0.01647329330444336,19127.0
0.01647329330444336,19251.0
0.01647329330444336,18991.0
0.01647329330444336,19182.0
0.01647329330444336,19353.0
0.01647329330444336,19486.0
0.01647329330444336,19300.0
0.01647329330444336,19489.0
0.01647329330444336,19610.0
0.01647329330444336,19482.0
0.01647329330444336,19361.0
0.01647329330444336,19488.0
0.01647329330444336,19243.0
0.01647329330444336,19417.0
0.01647329330444336,19008.0
0.01647329330444336,19237.0
0.01647329330444336,19376.0
0.01647329330444336,19555.0
0.01647329330444336,19808.0
0.01647329330444336,19676.0
0.01647329330444336,19447.0
0.01647329330444336,19589.0
0.01647329330444336,19755.0
0.01647329330444336,19887.0
0.01647329330444336,20008.0
0.01647329330444336,19899.0
0.01647329330444336,19779.0
0.01647329330444336,19669.0
0.01647329330444336,19784.0
0.01647329330444336,19674.0
0.01647329330444336,19544.0
0.01647329330444336,19374.0
0.01647329330444336,19503.0
0.01647329330444336,19699.0
0.01647329330444336,19594.0
0.01647329330444336,19456.0
0.01647329330444336,19589.0
0.01647329330444336,19480.0
0.01647329330444336,19608.0
0.01647329330444336,19274.0
0.01647329330444336,19510.0
0.01647329330444336,19690.0
0.01647329330444336,19493.0
0.01647329330444336,19714.0
0.01647329330444336,19564.0
0.01647329330444336,19674.0
0.01647329330444336,19556.0
0.01647329330444336,19689.0
0.01647329330444336,19806.0
0.01647329330444336,19617.0
0.01647329330444336,19787.0
0.01647329330444336,19597.0
0.01647329330444336,19800.0
0.01647329330444336,19911.0
0.01647329330444336,20018.0
0.01647329330444336,19846.0
0.01647329330444336,19574.0
0.01647329330444336,19849.0
0.01647329330444336,19628.0
0.01647329330444336,19822.0
0.01647329330444336,19689.0
0.01647329330444336,19554.0
0.01647329330444336,19810.0
0.01647329330444336,19603.0
0.01647329330444336,19747.0
0.01647329330444336,19535.0
0.01647329330444336,19719.0
0.01647329330444336,19586.0
0.01647329330444336,19777.0
0.01647329330444336,19645.0
0.01647329330444336,19759.0
0.01647329330444336,18814.0
0.01647329330444336,19449.0
0.01647329330444336,19826.0
0.01647329330444336,19715.0
0.01647329330444336,19479.0
0.01647329330444336,19669.0
0.01647329330444336,19541.0
0.01647329330444336,19673.0
0.01647329330444336,19896.0
0.01647329330444336,20001.0
0.01647329330444336,19817.0
0.01647329330444336,19708.0
0.01647329330444336,19913.0
0.01647329330444336,19749.0
0.01647329330444336,19858.0
0.01647329330444336,19757.0
0.01647329330444336,19885.0
0.01647329330444336,19719.0
0.01647329330444336,19538.0
0.01647329330444336,19727.0
0.01647329330444336,19882.0
0.01647329330444336,19774.0
0.01647329330444336,19882.0
0.01647329330444336,19775.0
0.01647329330444336,19884.0
0.01647329330444336,19694.0
0.01647329330444336,19906.0
0.01647329330444336,19797.0
0.01647329330444336,19639.0
0.01647329330444336,19520.0
0.01647329330444336,19349.0
0.01647329330444336,19485.0
0.01647329330444336,19651.0
0.01647329330444336,19758.0
0.01647329330444336,19653.0
0.01647329330444336,19480.0
0.01647329330444336,19632.0
0.01647329330444336,19805.0
0.01647329330444336,19689.0
0.01647329330444336,19809.0
0.01647329330444336,19682.0
0.01647329330444336,19785.0
0.01647329330444336,19680.0
0.01647329330444336,19552.0
0.01647329330444336,19690.0
0.01647329330444336,19587.0
0.01647329330444336,19384.0
0.01647329330444336,19500.0
0.01647329330444336,19674.0
0.01647329330444336,19779.0
0.01647329330444336,19669.0
0.01647329330444336,19774.0
0.01647329330444336,19907.0
0.01647329330444336,19783.0
0.01647329330444336,19680.0
0.01647329330444336,19796.0
0.01647329330444336,19676.0
0.01647329330444336,19571.0
0.01647329330444336,19698.0
0.01647329330444336,19569.0
0.01647329330444336,19450.0
0.01647329330444336,19574.0
0.01647329330444336,19272.0
0.01647329330444336,19568.0
0.01647329330444336,19688.0
0.01647329330444336,19803.0
0.01647329330444336,19612.0
0.01647329330444336,19477.0
0.01647329330444336,19705.0
0.01647329330444336,19343.0
0.01647329330444336,19543.0
0.01647329330444336,19785.0
0.01647329330444336,19895.0
0.01647329330444336,19715.0
0.01647329330444336,19852.0
0.01647329330444336,19701.0
0.01647329330444336,19890.0
0.01647329330444336,20018.0
0.01647329330444336,19913.0
0.01647329330444336,19796.0
0.01647329330444336,19615.0
0.01647329330444336,19806.0
0.01647329330444336,19909.0
0.01647329330444336,19802.0
0.01647329330444336,19613.0
0.01647329330444336,19805.0
0.01647329330444336,19613.0
0.01647329330444336,19816.0
0.01647329330444336,19625.0
0.01647329330444336,19814.0
0.01647329330444336,19617.0
0.01647329330444336,19819.0
0.01647329330444336,19640.0
0.01647329330444336,19766.0
0.01647329330444336,19895.0
0.01647329330444336,19729.0
0.01647329330444336,19893.0
0.01647329330444336,19773.0
0.01647329330444336,19881.0
0.01647329330444336,19761.0
0.01647329330444336,19554.0
0.01647329330444336,19696.0
0.01647329330444336,19807.0
0.01647329330444336,19914.0
0.01647329330444336,20070.0
0.01647329330444336,20186.0
0.01647329330444336,20078.0
0.01647329330444336,20213.0
0.01647329330444336,20080.0
0.01647329330444336,19786.0
0.01647329330444336,20015.0
0.01647329330444336,20143.0
0.01647329330444336,20029.0
0.01647329330444336,19919.0
0.01647329330444336,19756.0
0.01647329330444336,19527.0
0.01647329330444336,19838.0
0.01647329330444336,19696.0
0.01647329330444336,19894.0
0.01647329330444336,20014.0
0.01647329330444336,19870.0
0.01647329330444336,19995.0
0.01647329330444336,19880.0
0.01647329330444336,19998.0
0.01647329330444336,19796.0
0.01647329330444336,20008.0
0.01647329330444336,19844.0
0.01647329330444336,19728.0
0.01647329330444336,19880.0
0.01647329330444336,19759.0
0.01647329330444336,19561.0
0.01647329330444336,19451.0
0.01647329330444336,19671.0
0.01647329330444336,19429.0
0.01647329330444336,19645.0
0.01647329330444336,19506.0
0.01647329330444336,19700.0
0.01647329330444336,19813.0
0.01647329330444336,19662.0
0.01647329330444336,19488.0
0.01647329330444336,19351.0
0.01647329330444336,19564.0
0.01647329330444336,19321.0
0.01647329330444336,19602.0
0.01647329330444336,19711.0
0.01647329330444336,19604.0
0.01647329330444336,19381.0
0.01647329330444336,19255.0
0.01647329330444336,19395.0
0.01647329330444336,19585.0
0.01647329330444336,19332.0
0.01647329330444336,19495.0
0.01647329330444336,19343.0
0.01647329330444336,19606.0
0.01647329330444336,19386.0
0.01647329330444336,19577.0
0.01647329330444336,19387.0
0.01647329330444336,19110.0
0.01647329330444336,19394.0
0.01647329330444336,19573.0
0.01647329330444336,19704.0
0.01647329330444336,19487.0
0.01647329330444336,19653.0
0.01647329330444336,19457.0
0.01647329330444336,19641.0
0.01647329330444336,19818.0
0.01647329330444336,19652.0
0.01647329330444336,19524.0
0.01647329330444336,19712.0
0.01647329330444336,19607.0
0.01647329330444336,19391.0
0.01647329330444336,19492.0
0.01647329330444336,19689.0
0.01647329330444336,19505.0
0.01647329330444336,19128.0
0.01647329330444336,19500.0
0.01647329330444336,19356.0
0.01647329330444336,19500.0
0.01647329330444336,19219.0
0.01647329330444336,19326.0
0.01647329330444336,19641.0
0.01647329330444336,19788.0
0.01647329330444336,19597.0
0.01647329330444336,19787.0
0.01647329330444336,19668.0
0.01647329330444336,19479.0
0.01647329330444336,19714.0
0.01647329330444336,19520.0
0.01647329330444336,19717.0
0.01647329330444336,19488.0
0.01647329330444336,19602.0
0.01647329330444336,19773.0
0.01647329330444336,19915.0
0.01647329330444336,19793.0
0.01647329330444336,19679.0
0.01647329330444336,19523.0
0.01647329330444336,19714.0
0.01647329330444336,19525.0
0.01647329330444336,19385.0
0.01647329330444336,19608.0
0.01647329330444336,19718.0
0.01647329330444336,19505.0
0.01647329330444336,19713.0
0.01647329330444336,19584.0
0.01647329330444336,19701.0
0.01647329330444336,19576.0
0.01647329330444336,19421.0
0.01647329330444336,19612.0
0.01647329330444336,19359.0
0.01647329330444336,19597.0
0.01647329330444336,19455.0
0.01647329330444336,19577.0
0.01647329330444336,19694.0
0.01647329330444336,19559.0
0.01647329330444336,19244.0
0.01647329330444336,19569.0
0.01647329330444336,19678.0
0.01647329330444336,19819.0
0.01647329330444336,19628.0
0.01647329330444336,19791.0
0.01647329330444336,19591.0
0.01647329330444336,19412.0
0.01647329330444336,19564.0
0.01647329330444336,19357.0
0.01647329330444336,19691.0
0.01647329330444336,19796.0
0.01647329330444336,19915.0
0.01647329330444336,19783.0
0.01647329330444336,19629.0
0.01647329330444336,19519.0
0.01647329330444336,19638.0
0.01647329330444336,19817.0
0.01647329330444336,19716.0
0.01647329330444336,19526.0
0.01647329330444336,19649.0
0.01647329330444336,19536.0
0.01647329330444336,19412.0
0.01647329330444336,19260.0
0.01647329330444336,19392.0
0.01647329330444336,19616.0
0.01647329330444336,19392.0
0.01647329330444336,19572.0
0.01647329330444336,19689.0
0.01647329330444336,19573.0
0.01647329330444336,19693.0
0.01647329330444336,19561.0
0.01647329330444336,19433.0
0.01647329330444336,19538.0
0.01647329330444336,19693.0
0.01647329330444336,19592.0
0.01647329330444336,19357.0
0.01647329330444336,19575.0
0.01647329330444336,19458.0
0.01647329330444336,19591.0
0.01647329330444336,19716.0
0.01647329330444336,19460.0
0.01647329330444336,19305.0
0.01647329330444336,19534.0
0.01647329330444336,19677.0
0.01647329330444336,19794.0
0.01647329330444336,19483.0
0.01647329330444336,19641.0
0.01647329330444336,19877.0
0.01647329330444336,19763.0
0.01647329330444336,19884.0
0.01647329330444336,19989.0
0.01647329330444336,19771.0
0.01647329330444336,19945.0
0.01647329330444336,19813.0
0.01647329330444336,19948.0
0.01647329330444336,20109.0
0.01647329330444336,19994.0
0.01647329330444336,19805.0
0.01647329330444336,19955.0
0.01647329330444336,19794.0
0.01647329330444336,19955.0
0.01647329330444336,20097.0
0.01647329330444336,20210.0
0.01647329330444336,20044.0
0.01647329330444336,19808.0
0.01647329330444336,20112.0
0.01647329330444336,19992.0
0.01647329330444336,19875.0
0.01647329330444336,19550.0
0.01647329330444336,19732.0
0.01647329330444336,19893.0
0.01647329330444336,20106.0
0.01647329330444336,20207.0
0.031609535217285156,19767.0
0.031609535217285156,20073.0
0.031609535217285156,20262.0
0.031609535217285156,20120.0
0.031609535217285156,20260.0
0.031609535217285156,20071.0
0.031609535217285156,20186.0
0.031609535217285156,20328.0
0.031609535217285156,20445.0
0.031609535217285156,20571.0
0.031609535217285156,20687.0
0.031609535217285156,20458.0
0.031609535217285156,20638.0
0.031609535217285156,20521.0
0.031609535217285156,20653.0
0.031609535217285156,20540.0
0.031609535217285156,20668.0
0.03261709213256836,20563.0
0.03261709213256836,20455.0
0.03261709213256836,20336.0
0.03261709213256836,20156.0
0.03261709213256836,20047.0
0.03261709213256836,20164.0
0.03261709213256836,20405.0
0.03261709213256836,20300.0
0.03261709213256836,20184.0
0.03261709213256836,20021.0
0.03261709213256836,20210.0
0.03261709213256836,20093.0
0.03261709213256836,19972.0
0.03261709213256836,20087.0
0.03261709213256836,20215.0
0.03261709213256836,20098.0
0.03261709213256836,20218.0
0.03261709213256836,20038.0
0.03261709213256836,19898.0
0.03261709213256836,20001.0
0.03261709213256836,19822.0
0.03261709213256836,20011.0
0.03261709213256836,19879.0
0.03261709213256836,20095.0
0.03261709213256836,19934.0
0.03261709213256836,20095.0
0.03261709213256836,20212.0
0.03261709213256836,20004.0
0.03261709213256836,19889.0
0.03261709213256836,19676.0
0.03261709213256836,19965.0
0.03261709213256836,19847.0
0.03261709213256836,20013.0
0.03261709213256836,19797.0
0.03261709213256836,19676.0
0.03261709213256836,19907.0
0.03261709213256836,19760.0
0.03261709213256836,19912.0
0.03261709213256836,19760.0
0.03261709213256836,19607.0
0.03261709213256836,19801.0
0.03261709213256836,19612.0
0.03261709213256836,19470.0
0.03261709213256836,19686.0
0.03261709213256836,19534.0
0.03261709213256836,19693.0
0.03261709213256836,19477.0
0.03261709213256836,19693.0
0.03261709213256836,19557.0
0.03261709213256836,19676.0
0.03261709213256836,19545.0
0.03261709213256836,19410.0
0.03261709213256836,19555.0
0.03261709213256836,19663.0
0.03261709213256836,19558.0
0.03261709213256836,19392.0
0.03261709213256836,19527.0
0.03261709213256836,19645.0
0.03261709213256836,19784.0
0.03261709213256836,19572.0
0.03261709213256836,19779.0
0.03261709213256836,19644.0
0.03261709213256836,19814.0
0.03261709213256836,19696.0
0.03261709213256836,19804.0
0.03261709213256836,19646.0
0.03261709213256836,19507.0
0.03261709213256836,19671.0
0.03261709213256836,19538.0
0.03261709213256836,19696.0
0.03261709213256836,19573.0
0.03261709213256836,19443.0
0.03261709213256836,19588.0
0.03261709213256836,19411.0
0.03261709213256836,19563.0
0.03261709213256836,19668.0
0.03261709213256836,19778.0
0.03261709213256836,19587.0
0.03261709213256836,19778.0
0.03261709213256836,19886.0
0.03261709213256836,19668.0
0.03261709213256836,19778.0
0.03261709213256836,19640.0
0.03261709213256836,19881.0
0.03261709213256836,19773.0
0.03261709213256836,19640.0
0.03261709213256836,19533.0
0.03261709213256836,19719.0
0.03261709213256836,19385.0
0.03261709213256836,19498.0
0.03261709213256836,19688.0
0.03261709213256836,19560.0
0.03261709213256836,19731.0
0.03261709213256836,19579.0
0.03261709213256836,19696.0
0.03261709213256836,19887.0
0.03261709213256836,19759.0
0.03261709213256836,19650.0
0.03261709213256836,19755.0
0.03261709213256836,19471.0
0.03261709213256836,19743.0
0.03261709213256836,19903.0
0.03261709213256836,19781.0
0.03261709213256836,19913.0
0.03261709213256836,19768.0
0.03261709213256836,19887.0
0.03261709213256836,19713.0
0.03261709213256836,19892.0
0.03261709213256836,19993.0
0.03261709213256836,20103.0
0.03261709213256836,19906.0
0.03261709213256836,20055.0
0.03261709213256836,19866.0
0.03261709213256836,19763.0
0.03261709213256836,20016.0
0.03261709213256836,19832.0
0.03261709213256836,20011.0
0.03261709213256836,19808.0
0.03261709213256836,19942.0
0.03261709213256836,20047.0
0.03261709213256836,19931.0
0.03261709213256836,19799.0
0.03261709213256836,20015.0
0.03261709213256836,19711.0
0.03261709213256836,19835.0
0.03261709213256836,20032.0
0.03261709213256836,20148.0
0.03261709213256836,20285.0
0.03261709213256836,20062.0
0.03261709213256836,19921.0
0.03261709213256836,19797.0
0.03261709213256836,20072.0
0.03261709213256836,20207.0
0.03261709213256836,20104.0
0.03261709213256836,19999.0
0.03261709213256836,19884.0
0.03261709213256836,19767.0
0.03261709213256836,19662.0
0.03261709213256836,19814.0
0.03261709213256836,19687.0
0.03261709213256836,19569.0
0.03261709213256836,19690.0
0.03261709213256836,19573.0
0.03261709213256836,19403.0
0.03261709213256836,19600.0
0.03261709213256836,19717.0
0.03261709213256836,19573.0
0.03261709213256836,19423.0
0.03261709213256836,19561.0
0.03261709213256836,19412.0
0.03261709213256836,19529.0
0.03261709213256836,19689.0
0.03261709213256836,19549.0
0.03261709213256836,19386.0
0.03261709213256836,19581.0
0.03261709213256836,19459.0
0.03261709213256836,19600.0
0.03261709213256836,19491.0
0.03261709213256836,19269.0
0.03261709213256836,19435.0
0.03261709213256836,19617.0
0.03261709213256836,19507.0
0.03261709213256836,19325.0
0.0476231575012207,19184.0
0.0476231575012207,19337.0
0.0476231575012207,19446.0
0.0476231575012207,19159.0
0.0476231575012207,19428.0
0.0476231575012207,19309.0
0.0476231575012207,19431.0
0.0476231575012207,19572.0
0.0476231575012207,19471.0
0.0476231575012207,19588.0
0.0476231575012207,19706.0
0.0476231575012207,19545.0
0.0476231575012207,19436.0
0.0476231575012207,19539.0
0.0476231575012207,19657.0
0.0476231575012207,19809.0
0.0476231575012207,19692.0
0.0476231575012207,19582.0
0.0476231575012207,19715.0
0.0476231575012207,19446.0
0.0476231575012207,19682.0
0.0476231575012207,19485.0
0.0476231575012207,19665.0
0.0476231575012207,19793.0
0.0476231575012207,19674.0
0.0476231575012207,19798.0
0.0476231575012207,19557.0
0.0476231575012207,19739.0
0.0476231575012207,19860.0
0.0476231575012207,19993.0
0.0476231575012207,19860.0
0.0476231575012207,19991.0
0.0476231575012207,19805.0
0.0476231575012207,19664.0
0.0476231575012207,19543.0
0.0476231575012207,19713.0
0.0476231575012207,19828.0
0.0476231575012207,19979.0
0.0476231575012207,19799.0
0.0476231575012207,20012.0
0.0476231575012207,20115.0
0.0476231575012207,19979.0
0.0476231575012207,20086.0
0.0476231575012207,20202.0
0.0476231575012207,20092.0
0.0476231575012207,19976.0
0.0476231575012207,19802.0
0.0476231575012207,19952.0
0.0476231575012207,20115.0
0.0476231575012207,19963.0
0.0476231575012207,19750.0
0.0476231575012207,19958.0
0.0476231575012207,20091.0
0.0476231575012207,19967.0
0.0476231575012207,20097.0
0.0476231575012207,19791.0
0.0476231575012207,19940.0
0.0476231575012207,19832.0
0.0476231575012207,20108.0
0.0476231575012207,19988.0
0.0476231575012207,20115.0
0.0476231575012207,19998.0
0.0476231575012207,19864.0
0.0476231575012207,19636.0
0.0476231575012207,19737.0
0.0476231575012207,19977.0
0.0476231575012207,20086.0
0.0476231575012207,20191.0
0.0476231575012207,20319.0
0.0476231575012207,20206.0
0.0476231575012207,20018.0
0.0476231575012207,20204.0
0.0476231575012207,20034.0
0.0476231575012207,19912.0
0.0476231575012207,20109.0
0.0476231575012207,19834.0
0.0476231575012207,20098.0
0.0476231575012207,19972.0
0.0476231575012207,20118.0
0.0476231575012207,19975.0
0.0476231575012207,19868.0
0.0476231575012207,20017.0
0.0476231575012207,19906.0
0.0476231575012207,19715.0
0.0476231575012207,19881.0
0.0476231575012207,19710.0
0.0476231575012207,19882.0
0.0476231575012207,19779.0
0.0476231575012207,19888.0
0.0476231575012207,20018.0
0.0476231575012207,19852.0
0.0476231575012207,19655.0
0.0476231575012207,19855.0
0.0476231575012207,19658.0
0.0476231575012207,19527.0
0.0476231575012207,19783.0
0.0476231575012207,19890.0
0.0476231575012207,19614.0
0.0476231575012207,19731.0
0.0476231575012207,19621.0
0.0476231575012207,19782.0
0.0476231575012207,19895.0
0.0476231575012207,20108.0
0.0476231575012207,20003.0
0.0476231575012207,20108.0
0.0476231575012207,19918.0
0.0476231575012207,19801.0
0.0476231575012207,19920.0
0.0476231575012207,20113.0
0.0476231575012207,19949.0
0.0476231575012207,20113.0
0.0476231575012207,19983.0
0.0476231575012207,20098.0
0.0476231575012207,19932.0
0.0476231575012207,19746.0
0.0476231575012207,19910.0
0.0476231575012207,20051.0
0.0476231575012207,20206.0
0.0476231575012207,20046.0
0.0476231575012207,20212.0
0.0476231575012207,20048.0
0.0476231575012207,19810.0
0.0476231575012207,19946.0
0.0476231575012207,20057.0
0.0476231575012207,20246.0
0.0476231575012207,20109.0
0.0476231575012207,19957.0
0.0476231575012207,20157.0
0.0476231575012207,20008.0
0.0476231575012207,20209.0
0.0476231575012207,20048.0
0.0476231575012207,19859.0
0.0476231575012207,19618.0
0.0476231575012207,19970.0
0.0476231575012207,19818.0
0.0476231575012207,19676.0
0.0476231575012207,19874.0
0.0476231575012207,20016.0
0.0476231575012207,19907.0
0.0476231575012207,20017.0
0.0476231575012207,19900.0
0.0476231575012207,20016.0
0.0476231575012207,19880.0
0.0476231575012207,19764.0
0.0476231575012207,19913.0
0.0476231575012207,19561.0
0.0476231575012207,19874.0
0.0476231575012207,19765.0
0.0476231575012207,19648.0
0.0476231575012207,19800.0
0.0476231575012207,19693.0
0.0476231575012207,19586.0
0.0476231575012207,19712.0
0.0476231575012207,19523.0
0.0476231575012207,19640.0
0.0476231575012207,19761.0
0.0476231575012207,19919.0
0.0476231575012207,19740.0
0.0476231575012207,19607.0
0.0476231575012207,19458.0
0.0476231575012207,19704.0
0.0476231575012207,19541.0
0.0476231575012207,19344.0
0.0476231575012207,19557.0
0.0476231575012207,19667.0
0.0476231575012207,19796.0
0.0476231575012207,19919.0
0.0476231575012207,19802.0
0.0476231575012207,19623.0
0.0476231575012207,19779.0
0.0476231575012207,19912.0
0.0476231575012207,19540.0
0.0476231575012207,19769.0
0.0476231575012207,19646.0
0.0476231575012207,19869.0
0.0476231575012207,19979.0
0.0476231575012207,20112.0
0.0476231575012207,19745.0
0.0476231575012207,19989.0
0.0476231575012207,20092.0
0.0476231575012207,20295.0
0.0476231575012207,20160.0
0.0476231575012207,20310.0
0.0476231575012207,20419.0
0.0476231575012207,20237.0
0.0476231575012207,20400.0
0.0476231575012207,20284.0
0.0476231575012207,20400.0
0.0476231575012207,20206.0
0.0476231575012207,20411.0
0.0476231575012207,20278.0
0.0476231575012207,20418.0
0.0476231575012207,20255.0
0.0476231575012207,20362.0
0.0476231575012207,20494.0
0.0476231575012207,20330.0
0.0476231575012207,20090.0
0.0476231575012207,20390.0
0.0476231575012207,20237.0
0.0476231575012207,20082.0
0.0476231575012207,20317.0
0.0476231575012207,20184.0
0.0476231575012207,20079.0
0.0476231575012207,19976.0
0.0476231575012207,20115.0
0.0476231575012207,19914.0
0.0476231575012207,20030.0
0.0476231575012207,20218.0
0.0476231575012207,20069.0
0.0476231575012207,19834.0
0.0476231575012207,20109.0
0.0476231575012207,20217.0
0.0476231575012207,20096.0
0.0476231575012207,19946.0
0.0476231575012207,20103.0
0.0476231575012207,19962.0
0.0476231575012207,20096.0
0.0476231575012207,19970.0
0.0476231575012207,19845.0
0.0476231575012207,19987.0
0.0476231575012207,20106.0
0.0476231575012207,19999.0
0.0476231575012207,19869.0
0.0476231575012207,19741.0
0.0476231575012207,19861.0
0.0476231575012207,19970.0
0.0476231575012207,19726.0
0.0476231575012207,20010.0
0.0476231575012207,19882.0
0.0476231575012207,19774.0
0.0476231575012207,19909.0
0.0476231575012207,20017.0
0.0476231575012207,19898.0
0.0476231575012207,20003.0
0.0476231575012207,19895.0
0.0476231575012207,20017.0
0.0476231575012207,19851.0
0.0476231575012207,19735.0
0.0476231575012207,19620.0
0.0476231575012207,19775.0
0.0476231575012207,19905.0
0.0476231575012207,20019.0
0.0476231575012207,19890.0
0.0476231575012207,20019.0
0.0476231575012207,19900.0
0.0476231575012207,19795.0
0.0476231575012207,19542.0
0.0476231575012207,19768.0
0.0476231575012207,19896.0
0.0476231575012207,19756.0
0.0476231575012207,19919.0
0.0476231575012207,19728.0
0.0476231575012207,19892.0
0.0476231575012207,20012.0
0.0476231575012207,20119.0
0.0476231575012207,19986.0
0.0476231575012207,20094.0
0.0476231575012207,20219.0
0.0476231575012207,19930.0
0.0476231575012207,20172.0
0.0476231575012207,20312.0
0.0476231575012207,20141.0
0.0476231575012207,20015.0
0.0476231575012207,20118.0
0.0476231575012207,20299.0
0.0476231575012207,20141.0
0.0476231575012207,19934.0
0.0476231575012207,20190.0
0.0476231575012207,20083.0
0.0476231575012207,20193.0
0.0476231575012207,19988.0
0.0476231575012207,20205.0
0.0476231575012207,20091.0
0.0476231575012207,20198.0
0.0476231575012207,20315.0
0.0476231575012207,20207.0
0.0476231575012207,20312.0
0.0476231575012207,20178.0
0.0476231575012207,19922.0
0.0476231575012207,20072.0
0.0476231575012207,20288.0
0.0476231575012207,20187.0
0.0476231575012207,20302.0
0.0476231575012207,20418.0
0.0476231575012207,20309.0
0.0476231575012207,20170.0
0.0476231575012207,20042.0
0.0476231575012207,19842.0
0.0476231575012207,20013.0
0.0476231575012207,20173.0
0.0476231575012207,20306.0
0.0476231575012207,20186.0
0.0476231575012207,20066.0
0.0476231575012207,20210.0
0.0476231575012207,20317.0
0.0476231575012207,20210.0
0.0476231575012207,20015.0
0.0476231575012207,20156.0
0.0476231575012207,19948.0
0.0476231575012207,20122.0
0.0476231575012207,19929.0
0.0476231575012207,20110.0
0.0476231575012207,20281.0
0.0476231575012207,20050.0
0.0476231575012207,20245.0
0.0476231575012207,20112.0
0.0476231575012207,20007.0
0.0476231575012207,20202.0
0.0476231575012207,20057.0
0.0476231575012207,20185.0
0.0476231575012207,20304.0
0.0476231575012207,20113.0
0.0476231575012207,20265.0
0.0476231575012207,20402.0
0.0476231575012207,20511.0
0.0476231575012207,20374.0
0.0476231575012207,20256.0
0.0476231575012207,20146.0
0.0476231575012207,20276.0
0.0476231575012207,20148.0
0.0476231575012207,20038.0
0.0476231575012207,20152.0
0.0476231575012207,20036.0
0.0476231575012207,19863.0
0.0476231575012207,20052.0
0.0476231575012207,20185.0
0.0476231575012207,20050.0
0.0476231575012207,19934.0
0.0476231575012207,19731.0
0.0476231575012207,19897.0
0.0476231575012207,20079.0
0.0476231575012207,20213.0
0.0476231575012207,20018.0
0.0476231575012207,20170.0
0.0476231575012207,20038.0
0.0476231575012207,19878.0
0.0476231575012207,19726.0
0.0476231575012207,19928.0
0.0476231575012207,20105.0
0.0476231575012207,19977.0
0.0476231575012207,19855.0
0.0476231575012207,19983.0
0.0476231575012207,19855.0
0.0476231575012207,20002.0
0.0476231575012207,20118.0
0.0476231575012207,20015.0
0.0476231575012207,19798.0
0.0476231575012207,19535.0
0.0476231575012207,19839.0
0.0476231575012207,19972.0
0.0476231575012207,19730.0
0.0476231575012207,19927.0
0.0476231575012207,20091.0
0.0476231575012207,19886.0
0.0476231575012207,20057.0
0.0476231575012207,20217.0
0.0476231575012207,20318.0
0.0476231575012207,20022.0
0.0476231575012207,19875.0
0.0476231575012207,20143.0
0.0476231575012207,20292.0
0.0476231575012207,20174.0
0.0476231575012207,20311.0
0.0476231575012207,20200.0
0.0476231575012207,20303.0
0.0476231575012207,20412.0
0.0476231575012207,20302.0
0.0476231575012207,20199.0
0.0476231575012207,20309.0
0.0476231575012207,20195.0
0.0476231575012207,20304.0
0.0476231575012207,20195.0
0.0476231575012207,20021.0
0.0476231575012207,20184.0
0.0476231575012207,19938.0
0.0476231575012207,20213.0
0.0476231575012207,20075.0
0.0476231575012207,20201.0
0.0476231575012207,20318.0
0.0476231575012207,20209.0
0.0476231575012207,20099.0
0.0476231575012207,19918.0
0.0476231575012207,19817.0
0.0476231575012207,19945.0
0.0476231575012207,20119.0
0.0476231575012207,19973.0
0.0476231575012207,20094.0
0.0476231575012207,19977.0
0.0476231575012207,20093.0
0.0476231575012207,19921.0
0.0476231575012207,20047.0
0.0476231575012207,19930.0
0.0476231575012207,20112.0
0.0476231575012207,20003.0
0.0476231575012207,20119.0
0.0476231575012207,19956.0
0.0476231575012207,20059.0
0.0476231575012207,20170.0
0.0476231575012207,20306.0
0.0476231575012207,20173.0
0.0476231575012207,20029.0
0.0476231575012207,20162.0
0.0476231575012207,20043.0
0.0476231575012207,20217.0
0.0476231575012207,20001.0
0.0476231575012207,19886.0
0.0476231575012207,20059.0
0.0476231575012207,20169.0
0.0476231575012207,20286.0
0.0476231575012207,20406.0
0.0476231575012207,20289.0
0.0476231575012207,20394.0
0.0476231575012207,20514.0
0.0476231575012207,20615.0
0.06342768669128418,20442.0
0.06342768669128418,20606.0
0.06342768669128418,20715.0
0.06342768669128418,20595.0
0.06342768669128418,20443.0
0.06342768669128418,20327.0
0.06342768669128418,20468.0
0.06342768669128418,20347.0
0.06342768669128418,20510.0
0.06342768669128418,20242.0
0.06342768669128418,20485.0
0.06342768669128418,20594.0
0.06342768669128418,20710.0
0.06342768669128418,20600.0
0.06342768669128418,20439.0
0.06342768669128418,20572.0
0.06342768669128418,20443.0
0.06342768669128418,20572.0
0.06342768669128418,20700.0
0.06342768669128418,20571.0
0.06342768669128418,20685.0
0.06342768669128418,20809.0
0.06342768669128418,20917.0
0.06342768669128418,20746.0
0.06342768669128418,20882.0
0.06342768669128418,21014.0
0.06342768669128418,20903.0
0.06342768669128418,20800.0
0.06342768669128418,20659.0
0.06342768669128418,20776.0
0.06342768669128418,20640.0
0.06342768669128418,20785.0
0.06342768669128418,20906.0
0.06342768669128418,20798.0
0.06342768669128418,20903.0
0.06342768669128418,20701.0
0.06342768669128418,20816.0
0.06342768669128418,21014.0
0.06342768669128418,20899.0
0.06342768669128418,20786.0
0.06342768669128418,20666.0
0.06342768669128418,20801.0
0.06342768669128418,20918.0
0.06342768669128418,20773.0
0.06342768669128418,20623.0
0.06342768669128418,20814.0
0.06342768669128418,20677.0
0.06342768669128418,20785.0
0.06342768669128418,20905.0
0.06342768669128418,20708.0
0.06342768669128418,20896.0
0.06342768669128418,20701.0
0.06342768669128418,20859.0
0.06342768669128418,20636.0
0.06342768669128418,20889.0
0.06342768669128418,20673.0
0.06342768669128418,20808.0
0.06342768669128418,20944.0
0.06342768669128418,21081.0
0.06342768669128418,20951.0
0.06342768669128418,21065.0
0.06342768669128418,21213.0
0.06342768669128418,21049.0
0.06342768669128418,21169.0
0.06342768669128418,21304.0
0.06342768669128418,21194.0
0.06342768669128418,21089.0
0.06342768669128418,21196.0
0.06342768669128418,21089.0
0.06342768669128418,20972.0
0.06342768669128418,21087.0
0.06342768669128418,20927.0
0.06342768669128418,21118.0
0.06342768669128418,20983.0
0.06342768669128418,21100.0
0.06342768669128418,21219.0
0.06342768669128418,21093.0
0.06342768669128418,20937.0
0.06342768669128418,21080.0
0.06342768669128418,20938.0
0.06342768669128418,21041.0
0.06342768669128418,21213.0
0.06342768669128418,21042.0
0.06342768669128418,20894.0
0.06342768669128418,21060.0
0.06342768669128418,21211.0
0.06342768669128418,21091.0
0.06342768669128418,20983.0
0.06342768669128418,21100.0
0.06342768669128418,20857.0
0.06342768669128418,21106.0
0.06342768669128418,20991.0
0.06342768669128418,20839.0
0.06342768669128418,20723.0
0.06342768669128418,20887.0
0.06342768669128418,21019.0
0.06342768669128418,20903.0
0.06342768669128418,20733.0
0.06342768669128418,20894.0
0.06342768669128418,21005.0
0.06342768669128418,20896.0
0.06342768669128418,21001.0
0.06342768669128418,20852.0
0.06342768669128418,21008.0
0.06342768669128418,20894.0
0.06342768669128418,20705.0
0.06342768669128418,20546.0
0.06342768669128418,20661.0
0.06342768669128418,20861.0
0.06342768669128418,20742.0
0.06342768669128418,20905.0
0.06342768669128418,20779.0
0.06342768669128418,20914.0
0.06342768669128418,20762.0
0.06342768669128418,20879.0
0.06342768669128418,21005.0
0.06342768669128418,21114.0
0.06342768669128418,20990.0
0.06342768669128418,20865.0
0.06342768669128418,20732.0
0.06342768669128418,20892.0
0.06342768669128418,21012.0
0.06342768669128418,20814.0
0.06342768669128418,20933.0
0.06342768669128418,21104.0
0.06342768669128418,20984.0
0.06342768669128418,20875.0
0.06342768669128418,20759.0
0.06342768669128418,20904.0
0.06342768669128418,21013.0
0.06342768669128418,20880.0
0.06342768669128418,20717.0
0.06342768669128418,20898.0
0.06342768669128418,21008.0
0.06342768669128418,20820.0
0.06342768669128418,21014.0
0.06342768669128418,20913.0
0.06342768669128418,20657.0
0.06342768669128418,20862.0
0.06342768669128418,20722.0
0.06342768669128418,20882.0
0.06342768669128418,20990.0
0.06342768669128418,20885.0
0.06342768669128418,21007.0
0.06342768669128418,21117.0
0.06342768669128418,21016.0
0.06342768669128418,20899.0
0.06342768669128418,20744.0
0.06342768669128418,20896.0
0.06342768669128418,20787.0
0.06342768669128418,20909.0
0.06342768669128418,21018.0
0.06342768669128418,20882.0
0.06342768669128418,20990.0
0.06342768669128418,21095.0
0.06342768669128418,21213.0
0.06342768669128418,21314.0
0.06342768669128418,21153.0
0.06342768669128418,21260.0
0.06342768669128418,21406.0
0.06342768669128418,21284.0
0.06342768669128418,21394.0
0.06342768669128418,21516.0
0.06342768669128418,21379.0
0.06342768669128418,21517.0
0.06342768669128418,21398.0
0.06342768669128418,21291.0
0.06342768669128418,21407.0
0.06342768669128418,21158.0
0.06342768669128418,21310.0
0.06342768669128418,21498.0
0.06342768669128418,21377.0
0.06342768669128418,21490.0
0.06342768669128418,21385.0
0.06342768669128418,21495.0
0.06342768669128418,21614.0
0.06342768669128418,21719.0
0.06342768669128418,21585.0
0.06342768669128418,21435.0
0.06342768669128418,21569.0
0.06342768669128418,21690.0
0.06342768669128418,21563.0
0.06342768669128418,21422.0
0.06342768669128418,21596.0
0.06342768669128418,21479.0
0.06342768669128418,21615.0
0.06342768669128418,21451.0
0.06342768669128418,21612.0
0.06342768669128418,21438.0
0.06342768669128418,21571.0
0.06342768669128418,21713.0
0.06342768669128418,21568.0
0.06342768669128418,21709.0
0.06342768669128418,21563.0
0.06342768669128418,21677.0
0.07945990562438965,21810.0
0.07945990562438965,21659.0
0.07945990562438965,21812.0
0.07945990562438965,21702.0
0.07945990562438965,21819.0
0.07945990562438965,21691.0
0.07945990562438965,21583.0
0.07945990562438965,21450.0
0.07945990562438965,21597.0
0.07945990562438965,21706.0
0.07945990562438965,21570.0
0.07945990562438965,21686.0
0.07945990562438965,21551.0
0.07945990562438965,21679.0
0.07945990562438965,21809.0
0.07945990562438965,21910.0
0.07945990562438965,22017.0
0.07945990562438965,21914.0
0.07945990562438965,22017.0
0.07945990562438965,21882.0
0.07945990562438965,22013.0
0.07945990562438965,21893.0
0.07945990562438965,21784.0
0.07945990562438965,21667.0
0.07945990562438965,21794.0
0.07945990562438965,21913.0
0.07945990562438965,21808.0
0.07945990562438965,21676.0
0.07945990562438965,21801.0
0.07945990562438965,21686.0
0.07945990562438965,21804.0
0.07945990562438965,21679.0
0.07945990562438965,21570.0
0.07945990562438965,21690.0
0.07945990562438965,21564.0
0.07945990562438965,21719.0
0.07945990562438965,21612.0
0.07945990562438965,21717.0
0.07945990562438965,21603.0
0.07945990562438965,21483.0
0.07945990562438965,21355.0
0.07945990562438965,21504.0
0.07945990562438965,21613.0
0.07945990562438965,21504.0
0.07945990562438965,21619.0
0.07945990562438965,21510.0
0.07945990562438965,21394.0
0.07945990562438965,21503.0
0.07945990562438965,21321.0
0.07945990562438965,21511.0
0.07945990562438965,21618.0
0.07945990562438965,21486.0
0.07945990562438965,21619.0
0.07945990562438965,21414.0
0.07945990562438965,21537.0
0.07945990562438965,21346.0
0.07945990562438965,21589.0
0.07945990562438965,21709.0
0.07945990562438965,21521.0
0.07945990562438965,21710.0
0.07945990562438965,21595.0
0.07945990562438965,21711.0
0.07945990562438965,21602.0
0.07945990562438965,21719.0
0.07945990562438965,21586.0
0.07945990562438965,21444.0
0.07945990562438965,21596.0
0.07945990562438965,21488.0
0.07945990562438965,21597.0
0.07945990562438965,21475.0
0.07945990562438965,21590.0
0.07945990562438965,21719.0
0.07945990562438965,21603.0
0.07945990562438965,21496.0
0.0953664779663086,21395.0
0.0953664779663086,21511.0
0.0953664779663086,21345.0
0.0953664779663086,21515.0
0.0953664779663086,21363.0
0.0953664779663086,21496.0
0.0953664779663086,21604.0
0.0953664779663086,21713.0
0.0953664779663086,21549.0
0.0953664779663086,21713.0
0.09899425506591797,21599.0
0.09899425506591797,21715.0
0.09899425506591797,21596.0
0.09899425506591797,21706.0
0.09899425506591797,21815.0
0.09899425506591797,21916.0
0.09899425506591797,21787.0
0.09899425506591797,21919.0
