0.0,29738.0
0.0,29898.0
0.0,30057.0
0.0,30296.0
0.0,30398.0
0.0,30581.0
0.0,30697.0
0.0,30458.0
0.0,30697.0
0.0,30801.0
0.0,30268.0
0.0,30516.0
0.0,30839.0
0.0,30737.0
0.0,30847.0
0.0,30951.0
0.0,31078.0
0.0,31194.0
0.0,31067.0
0.0,31199.0
0.0,30773.0
0.0,31031.0
0.0,31252.0
0.0,31353.0
0.0,31502.0
0.0,31370.0
0.0,31254.0
0.0,31370.0
0.0,31504.0
0.0,30722.0
0.0,31108.0
0.0,31514.0
0.0,31680.0
0.0,31792.0
0.0,31905.0
0.0,31666.0
0.0,31780.0
0.0,31977.0
0.0,31279.0
0.0,31466.0
0.0,32026.0
0.0,31674.0
0.0,31854.0
0.0,32040.0
0.0,32192.0
0.0,32329.0
0.0,32159.0
0.0,32332.0
0.0,32463.0
0.0,31470.0
0.0,32361.0
0.0,32494.0
0.0,32693.0
0.0,32798.0
0.0,32599.0
0.0,32790.0
0.0,32631.0
0.0,32758.0
0.0,32500.0
0.0,32649.0
0.0,32872.0
0.0,33005.0
0.0,32657.0
0.0,32838.0
0.0,33097.0
0.0,33198.0
0.0,33303.0
0.0,32697.0
0.0,33034.0
0.0,33384.0
0.0,32838.0
0.0,33323.0
0.0,33504.0
0.0,33373.0
0.0,33481.0
0.0,33597.0
0.0,33481.0
0.0,33583.0
0.0,33699.0
0.0,33594.0
0.0,33493.0
0.0,33320.0
0.0,33445.0
0.0,33580.0
0.0,33473.0
0.0,33600.0
0.0,33341.0
0.0,33456.0
0.0,33615.0
0.0,33730.0
0.0,33844.0
0.0,33946.0
0.0,33715.0
0.0,33947.0
0.0,34097.0
0.0,33911.0
0.0,34100.0
0.0,33750.0
0.0,33919.0
0.0,34122.0
0.0,34271.0
0.0,34393.0
0.0,34206.0
0.0,34105.0
0.0,34229.0
0.0,34388.0
0.0,34495.0
0.0,33604.0
0.0,34173.0
0.0,34464.0
0.0,34581.0
0.0,34753.0
0.0,34890.0
0.0,34707.0
0.0,34843.0
0.0,34986.0
0.0,34852.0
0.0,34972.0
0.0,35087.0
0.0,34986.0
0.0,35103.0
0.0,34953.0
0.0,35074.0
0.0,34971.0
0.0,34822.0
0.0,34959.0
0.0,35073.0
0.0,34956.0
0.0,34851.0
0.0,34958.0
0.0,35069.0
0.0,34878.0
0.0,34994.0
0.0,35122.0
0.0,35287.0
0.00801229476928711,35389.0
0.00801229476928711,35280.0
0.00801229476928711,35059.0
0.00801229476928711,35247.0
0.00801229476928711,35348.0
0.00801229476928711,35233.0
0.00801229476928711,35348.0
0.00801229476928711,35466.0
0.008702278137207031,35575.0
0.008702278137207031,35689.0
0.008702278137207031,35790.0
0.009420156478881836,35675.0
0.009420156478881836,35795.0
0.009420156478881836,35898.0
0.009420156478881836,35492.0
0.009420156478881836,35601.0
0.009420156478881836,35822.0
0.009420156478881836,36022.0
0.009420156478881836,36141.0
0.009420156478881836,36273.0
0.009420156478881836,36389.0
0.009420156478881836,36273.0
0.009420156478881836,36153.0
0.009420156478881836,36274.0
0.009420156478881836,36102.0
0.009420156478881836,36274.0
0.009420156478881836,36384.0
0.009420156478881836,36267.0
0.009420156478881836,36156.0
0.009420156478881836,35722.0
0.009420156478881836,35585.0
0.009420156478881836,35822.0
0.009420156478881836,36179.0
0.009420156478881836,35931.0
0.009420156478881836,36159.0
0.009420156478881836,35293.0
0.009420156478881836,36100.0
0.009420156478881836,35964.0
0.009420156478881836,36200.0
0.009420156478881836,35556.0
0.009420156478881836,35777.0
0.009420156478881836,35644.0
0.009420156478881836,35423.0
0.009420156478881836,35997.0
0.009420156478881836,36193.0
0.009420156478881836,36298.0
0.009420156478881836,35498.0
0.009420156478881836,35954.0
0.009420156478881836,36196.0
0.009420156478881836,36357.0
0.009420156478881836,36603.0
0.009420156478881836,36482.0
0.009420156478881836,36380.0
0.009420156478881836,36275.0
0.009420156478881836,36393.0
0.009420156478881836,36172.0
0.009420156478881836,36065.0
0.009420156478881836,36304.0
0.009420156478881836,35719.0
0.009420156478881836,36271.0
0.009420156478881836,36077.0
0.009420156478881836,36278.0
0.009420156478881836,36392.0
0.009420156478881836,35308.0
0.009420156478881836,35428.0
0.009420156478881836,36332.0
0.009420156478881836,36478.0
0.009420156478881836,36675.0
0.009420156478881836,36797.0
0.009420156478881836,36900.0
0.009420156478881836,36704.0
0.009420156478881836,36870.0
0.009420156478881836,36973.0
0.009420156478881836,36849.0
0.009420156478881836,36724.0
0.009420156478881836,36843.0
0.009420156478881836,36642.0
0.009420156478881836,36835.0
0.009420156478881836,36278.0
0.009420156478881836,36690.0
0.009420156478881836,36942.0
0.009420156478881836,37094.0
0.009420156478881836,36993.0
0.009420156478881836,37094.0
0.009420156478881836,37198.0
0.009420156478881836,36449.0
0.009420156478881836,36916.0
0.009420156478881836,37071.0
0.009420156478881836,37294.0
0.009420156478881836,37478.0
0.009420156478881836,37582.0
0.009420156478881836,37703.0
0.009420156478881836,37593.0
0.009420156478881836,37698.0
0.009420156478881836,36783.0
0.009420156478881836,37185.0
0.009420156478881836,37665.0
0.009420156478881836,37829.0
0.009420156478881836,37715.0
0.009420156478881836,37897.0
0.009420156478881836,37796.0
0.009420156478881836,37664.0
0.009420156478881836,37480.0
0.009420156478881836,37257.0
0.009420156478881836,37592.0
0.009420156478881836,37470.0
0.009420156478881836,37585.0
0.009420156478881836,37466.0
0.009420156478881836,37583.0
0.009420156478881836,37702.0
0.009420156478881836,37456.0
0.009420156478881836,37606.0
0.009420156478881836,37787.0
0.009420156478881836,37635.0
0.009420156478881836,37749.0
0.009420156478881836,37567.0
0.009420156478881836,37690.0
0.009420156478881836,37791.0
0.009420156478881836,37892.0
0.009420156478881836,38008.0
0.009420156478881836,38159.0
0.009420156478881836,37987.0
0.009420156478881836,38120.0
0.009420156478881836,38283.0
0.009420156478881836,38156.0
0.009420156478881836,38038.0
0.009420156478881836,38170.0
0.009420156478881836,38301.0
0.009420156478881836,38194.0
0.009420156478881836,38078.0
0.009420156478881836,38192.0
0.009420156478881836,38064.0
0.009420156478881836,38182.0
0.009420156478881836,37780.0
0.009420156478881836,37921.0
0.009420156478881836,38252.0
0.009420156478881836,38377.0
0.009420156478881836,37825.0
0.009420156478881836,38223.0
0.009420156478881836,38471.0
0.009420156478881836,38597.0
0.009420156478881836,38130.0
0.009420156478881836,38520.0
0.009420156478881836,38700.0
0.009420156478881836,38455.0
0.009420156478881836,38614.0
0.009420156478881836,38798.0
0.009420156478881836,38604.0
0.009420156478881836,38790.0
0.009420156478881836,38640.0
0.009420156478881836,38755.0
0.009420156478881836,38418.0
0.009420156478881836,38724.0
0.009420156478881836,38501.0
0.009420156478881836,38674.0
0.009420156478881836,38826.0
0.009420156478881836,38962.0
0.009420156478881836,38848.0
0.009420156478881836,38998.0
0.009420156478881836,38849.0
0.009420156478881836,38728.0
0.009420156478881836,38879.0
0.009420156478881836,38995.0
0.009420156478881836,39105.0
0.009420156478881836,38857.0
0.009420156478881836,39044.0
0.009420156478881836,38889.0
0.009420156478881836,39083.0
0.009420156478881836,38965.0
0.009420156478881836,38784.0
0.009420156478881836,38952.0
0.009420156478881836,39103.0
0.009420156478881836,38864.0
0.009420156478881836,39019.0
0.009420156478881836,39147.0
0.009420156478881836,39297.0
0.009420156478881836,39184.0
0.009420156478881836,38239.0
0.009420156478881836,39193.0
0.009420156478881836,39073.0
0.009420156478881836,38905.0
0.009420156478881836,39038.0
0.009420156478881836,38802.0
0.009420156478881836,38976.0
0.009420156478881836,39086.0
0.009420156478881836,39257.0
0.009420156478881836,39365.0
0.009420156478881836,39505.0
0.009420156478881836,39354.0
0.009420156478881836,39238.0
0.009420156478881836,39340.0
0.009420156478881836,39467.0
0.009420156478881836,39306.0
0.009420156478881836,39487.0
0.009420156478881836,39603.0
0.009420156478881836,39466.0
0.009420156478881836,39576.0
0.009420156478881836,39164.0
0.009420156478881836,39540.0
0.009420156478881836,39662.0
0.009420156478881836,39771.0
0.009420156478881836,39872.0
0.009420156478881836,40004.0
0.009420156478881836,39807.0
0.009420156478881836,39691.0
0.009420156478881836,39539.0
0.009420156478881836,39689.0
0.009420156478881836,39845.0
0.009420156478881836,39992.0
0.009420156478881836,39764.0
0.009420156478881836,39648.0
0.009420156478881836,39887.0
0.009420156478881836,39768.0
0.009420156478881836,39881.0
0.009420156478881836,39771.0
0.009420156478881836,39887.0
0.009420156478881836,39786.0
0.009420156478881836,39891.0
0.009420156478881836,39787.0
0.009420156478881836,39904.0
0.009420156478881836,39738.0
0.009420156478881836,38931.0
0.009420156478881836,39749.0
0.009420156478881836,39647.0
0.009420156478881836,39766.0
0.009420156478881836,39885.0
0.009420156478881836,39685.0
0.009420156478881836,39846.0
0.009420156478881836,39741.0
0.009420156478881836,39905.0
0.009420156478881836,39802.0
0.009420156478881836,39686.0
0.009420156478881836,39789.0
0.009420156478881836,38898.0
0.009420156478881836,39459.0
0.009420156478881836,39792.0
0.009420156478881836,39947.0
0.009420156478881836,39829.0
0.009420156478881836,39636.0
0.009420156478881836,39900.0
0.009420156478881836,39745.0
0.009420156478881836,39892.0
0.009420156478881836,39733.0
0.009420156478881836,39834.0
0.009420156478881836,39935.0
0.009420156478881836,40073.0
0.009420156478881836,39959.0
0.009420156478881836,39786.0
0.009420156478881836,39635.0
0.009420156478881836,39902.0
0.009420156478881836,39798.0
0.009420156478881836,39905.0
0.009420156478881836,39138.0
0.009420156478881836,39718.0
0.009420156478881836,39958.0
0.009420156478881836,39835.0
0.009420156478881836,39954.0
0.009420156478881836,39853.0
0.009420156478881836,39957.0
0.009420156478881836,40078.0
0.009420156478881836,39959.0
0.009420156478881836,40078.0
0.009420156478881836,40191.0
0.009420156478881836,40032.0
0.009420156478881836,40156.0
0.023940563201904297,40293.0
0.023940563201904297,40180.0
0.023940563201904297,40300.0
0.023940563201904297,40405.0
0.023940563201904297,40264.0
0.023940563201904297,40121.0
0.023940563201904297,40016.0
0.023940563201904297,40141.0
0.023940563201904297,40242.0
0.023940563201904297,40358.0
0.023940563201904297,40483.0
0.023940563201904297,40589.0
0.023940563201904297,40473.0
0.023940563201904297,40596.0
0.02539539337158203,40210.0
0.02539539337158203,40072.0
0.02539539337158203,40246.0
0.02539539337158203,40440.0
0.02539539337158203,40618.0
0.02539539337158203,40784.0
0.02539539337158203,40634.0
0.02539539337158203,40785.0
0.02539539337158203,40659.0
0.02539539337158203,40788.0
0.02539539337158203,40672.0
0.02539539337158203,40788.0
0.02539539337158203,40521.0
0.02539539337158203,40699.0
0.02539539337158203,40896.0
0.02539539337158203,40773.0
0.02539539337158203,40884.0
0.02539539337158203,40764.0
0.02539539337158203,40628.0
0.02539539337158203,40783.0
0.02539539337158203,40650.0
0.02539539337158203,40772.0
0.02539539337158203,40668.0
0.02539539337158203,40567.0
0.02539539337158203,40684.0
0.02539539337158203,40576.0
0.02539539337158203,40464.0
0.02539539337158203,40290.0
0.02539539337158203,40408.0
0.02539539337158203,40601.0
0.02539539337158203,40437.0
0.02539539337158203,40333.0
0.02539539337158203,40499.0
0.02539539337158203,40344.0
0.02539539337158203,40492.0
0.02539539337158203,40252.0
0.02539539337158203,40412.0
0.02539539337158203,40516.0
0.02539539337158203,40409.0
0.02539539337158203,40524.0
0.02539539337158203,40704.0
0.02539539337158203,40589.0
0.02539539337158203,40703.0
0.02539539337158203,40583.0
0.02539539337158203,40690.0
0.02539539337158203,40268.0
0.02539539337158203,40635.0
0.02539539337158203,40738.0
0.02539539337158203,40621.0
0.02539539337158203,40507.0
0.02539539337158203,40656.0
0.02539539337158203,40757.0
0.02539539337158203,40601.0
0.02539539337158203,40733.0
0.02539539337158203,40865.0
0.02539539337158203,40764.0
0.02539539337158203,40595.0
0.02539539337158203,39862.0
0.02539539337158203,40689.0
0.02539539337158203,39874.0
0.02539539337158203,40024.0
0.02539539337158203,40464.0
0.02539539337158203,40728.0
0.02539539337158203,40981.0
0.02539539337158203,40817.0
0.02539539337158203,40935.0
0.02539539337158203,41090.0
0.02539539337158203,41205.0
0.02539539337158203,41039.0
0.02539539337158203,41190.0
0.02539539337158203,41294.0
0.02539539337158203,41147.0
0.02539539337158203,41263.0
0.02539539337158203,41391.0
0.02539539337158203,41024.0
0.02539539337158203,41338.0
0.02539539337158203,41493.0
0.02539539337158203,41601.0
0.02539539337158203,41483.0
0.02539539337158203,41084.0
0.02539539337158203,41322.0
0.02539539337158203,41591.0
0.02539539337158203,41443.0
0.02539539337158203,41580.0
0.02539539337158203,41473.0
0.02539539337158203,41595.0
0.02539539337158203,41494.0
0.02539539337158203,41601.0
0.02539539337158203,41477.0
0.02539539337158203,41601.0
0.02539539337158203,41495.0
0.02539539337158203,41307.0
0.02539539337158203,41421.0
0.02539539337158203,41589.0
0.02539539337158203,41472.0
0.02539539337158203,41588.0
0.02539539337158203,41408.0
0.02539539337158203,41574.0
0.02539539337158203,41455.0
0.02539539337158203,41326.0
0.02539539337158203,41478.0
0.02539539337158203,41594.0
0.02539539337158203,41489.0
0.02539539337158203,41340.0
0.02539539337158203,41208.0
0.02539539337158203,41071.0
0.02539539337158203,41198.0
0.02539539337158203,41356.0
0.02539539337158203,41242.0
0.02539539337158203,41405.0
0.02539539337158203,41167.0
0.02539539337158203,41328.0
0.02539539337158203,41448.0
0.02539539337158203,41588.0
0.02539539337158203,41473.0
0.02539539337158203,41597.0
0.02539539337158203,41413.0
0.02539539337158203,41567.0
0.02539539337158203,41451.0
0.02539539337158203,41329.0
0.02539539337158203,41180.0
0.02539539337158203,41382.0
0.02539539337158203,41219.0
0.02539539337158203,41335.0
0.02539539337158203,41499.0
0.02539539337158203,41176.0
0.02539539337158203,41436.0
0.02539539337158203,41585.0
0.02539539337158203,41388.0
0.02539539337158203,40333.0
0.02539539337158203,40586.0
0.02539539337158203,41441.0
0.02539539337158203,41621.0
0.02539539337158203,41478.0
0.02539539337158203,41625.0
0.02539539337158203,41730.0
0.02539539337158203,41881.0
0.02539539337158203,41754.0
0.02539539337158203,41855.0
0.02539539337158203,41602.0
0.02539539337158203,41849.0
0.02539539337158203,41734.0
0.02539539337158203,41601.0
0.02539539337158203,41738.0
0.02539539337158203,41630.0
0.02539539337158203,41441.0
0.02539539337158203,41327.0
0.02539539337158203,41208.0
0.02539539337158203,41415.0
0.02539539337158203,41604.0
0.02539539337158203,41340.0
0.02539539337158203,41531.0
0.02539539337158203,41694.0
0.02539539337158203,41359.0
0.02539539337158203,41681.0
0.02539539337158203,41800.0
0.02539539337158203,41568.0
0.02539539337158203,41799.0
0.02539539337158203,41631.0
0.02539539337158203,41453.0
0.02539539337158203,41612.0
0.02539539337158203,41763.0
0.02539539337158203,41639.0
0.02539539337158203,41308.0
0.02539539337158203,41523.0
0.02539539337158203,41656.0
0.02539539337158203,41858.0
0.02539539337158203,41960.0
0.02539539337158203,41859.0
0.02539539337158203,41338.0
0.02539539337158203,41552.0
0.02539539337158203,41905.0
0.02539539337158203,42101.0
0.02539539337158203,41899.0
0.02539539337158203,42085.0
0.02539539337158203,42189.0
0.02539539337158203,42085.0
0.02539539337158203,42201.0
0.02539539337158203,42068.0
0.02539539337158203,41963.0
0.02539539337158203,42091.0
0.02539539337158203,41944.0
0.02539539337158203,42068.0
0.02539539337158203,41874.0
0.02539539337158203,41981.0
0.02539539337158203,42173.0
0.02539539337158203,42304.0
0.02539539337158203,42405.0
0.02539539337158203,42255.0
0.02539539337158203,42084.0
0.02539539337158203,42270.0
0.02539539337158203,42379.0
0.02539539337158203,42276.0
0.02539539337158203,42397.0
0.02539539337158203,42276.0
0.02539539337158203,42392.0
0.02539539337158203,42242.0
0.02539539337158203,42360.0
0.02539539337158203,42145.0
0.02539539337158203,42374.0
0.02539539337158203,42491.0
0.02539539337158203,42262.0
0.02539539337158203,42471.0
0.02539539337158203,42320.0
0.02539539337158203,42480.0
0.02539539337158203,42603.0
0.02539539337158203,42471.0
0.02539539337158203,42285.0
0.02539539337158203,42402.0
0.02539539337158203,42282.0
0.02539539337158203,42495.0
0.02539539337158203,42603.0
0.02539539337158203,42488.0
0.02539539337158203,42360.0
0.02539539337158203,41844.0
0.02539539337158203,42182.0
0.02539539337158203,42398.0
0.02539539337158203,42530.0
0.02539539337158203,42414.0
0.02539539337158203,42297.0
0.02539539337158203,42108.0
0.02539539337158203,42313.0
0.02539539337158203,42478.0
0.02539539337158203,42588.0
0.02539539337158203,42477.0
0.02539539337158203,42217.0
0.02539539337158203,42439.0
0.02539539337158203,42553.0
0.02539539337158203,42425.0
0.02539539337158203,42317.0
0.02539539337158203,42489.0
0.02539539337158203,42380.0
0.02539539337158203,42266.0
0.02539539337158203,42385.0
0.02539539337158203,42495.0
0.02539539337158203,42314.0
0.02539539337158203,42191.0
0.02539539337158203,42075.0
0.02539539337158203,42221.0
0.02539539337158203,42041.0
0.02539539337158203,41834.0
0.02539539337158203,42069.0
0.02539539337158203,42179.0
0.02539539337158203,42320.0
0.02539539337158203,42436.0
0.02539539337158203,42596.0
0.02539539337158203,42441.0
0.02539539337158203,42594.0
0.02539539337158203,42341.0
0.02539539337158203,42583.0
0.02539539337158203,42693.0
0.02539539337158203,42591.0
0.02539539337158203,42322.0
0.02539539337158203,42117.0
0.02539539337158203,41992.0
0.02539539337158203,42187.0
0.02539539337158203,42378.0
0.02539539337158203,42262.0
0.02539539337158203,42379.0
0.02539539337158203,42570.0
0.02539539337158203,42469.0
0.02539539337158203,42596.0
0.02539539337158203,42697.0
0.02539539337158203,41802.0
0.02539539337158203,42232.0
0.02539539337158203,42622.0
0.02539539337158203,42724.0
0.02539539337158203,42914.0
0.02539539337158203,42711.0
0.02539539337158203,42992.0
0.02539539337158203,42873.0
0.02539539337158203,43000.0
0.02539539337158203,42883.0
0.02539539337158203,42669.0
0.02539539337158203,42786.0
0.02539539337158203,42890.0
0.02539539337158203,43010.0
0.02539539337158203,43165.0
0.02539539337158203,43281.0
0.02539539337158203,43161.0
0.02539539337158203,42964.0
0.02539539337158203,43120.0
0.02539539337158203,43269.0
0.02539539337158203,42709.0
0.02539539337158203,43020.0
0.02539539337158203,43334.0
0.02539539337158203,43465.0
0.02539539337158203,43338.0
0.02539539337158203,43496.0
0.02539539337158203,43393.0
0.02539539337158203,43233.0
0.02539539337158203,42232.0
0.02539539337158203,43297.0
0.02539539337158203,43192.0
0.02539539337158203,43012.0
0.02539539337158203,42655.0
0.02539539337158203,42841.0
0.02539539337158203,43062.0
0.02539539337158203,43270.0
0.02539539337158203,43394.0
0.02539539337158203,43284.0
0.02539539337158203,43395.0
0.02539539337158203,42557.0
0.02539539337158203,42994.0
0.02539539337158203,43478.0
0.02539539337158203,43354.0
0.02539539337158203,43495.0
0.02539539337158203,43256.0
0.02539539337158203,43428.0
0.02539539337158203,43605.0
0.02539539337158203,43486.0
0.02539539337158203,43602.0
0.02539539337158203,43470.0
0.02539539337158203,42488.0
0.02539539337158203,42996.0
0.02539539337158203,43512.0
0.02539539337158203,43326.0
0.02539539337158203,42810.0
0.02539539337158203,43189.0
0.02539539337158203,43441.0
0.02539539337158203,43694.0
0.02539539337158203,43563.0
0.02539539337158203,43414.0
0.02539539337158203,43605.0
0.02539539337158203,43441.0
0.02539539337158203,43574.0
0.02539539337158203,43425.0
0.02539539337158203,43576.0
0.02539539337158203,43404.0
0.02539539337158203,43529.0
0.02539539337158203,43680.0
0.02539539337158203,43528.0
0.02539539337158203,43697.0
0.02539539337158203,43805.0
0.02539539337158203,43642.0
0.02539539337158203,43525.0
0.02539539337158203,43398.0
0.02539539337158203,43517.0
0.02539539337158203,43624.0
0.02539539337158203,43736.0
0.02539539337158203,43850.0
0.02539539337158203,43991.0
0.02539539337158203,43677.0
0.02539539337158203,43903.0
0.02539539337158203,43790.0
0.02539539337158203,43653.0
0.02539539337158203,43492.0
0.02539539337158203,43720.0
0.02539539337158203,43905.0
0.02539539337158203,43719.0
0.02539539337158203,43611.0
0.02539539337158203,43760.0
0.02539539337158203,43645.0
0.02539539337158203,43788.0
0.02539539337158203,43674.0
0.02539539337158203,43778.0
0.02539539337158203,43647.0
0.02539539337158203,43405.0
0.02539539337158203,43620.0
0.02539539337158203,43383.0
0.02539539337158203,43530.0
0.02539539337158203,43719.0
0.02539539337158203,43570.0
0.02539539337158203,43442.0
0.02539539337158203,43579.0
0.02539539337158203,43695.0
0.02539539337158203,43809.0
0.02539539337158203,43958.0
0.02539539337158203,44093.0
0.02539539337158203,43571.0
0.02539539337158203,43768.0
0.02539539337158203,44110.0
0.02539539337158203,44296.0
0.02539539337158203,44140.0
0.02539539337158203,44279.0
0.0399019718170166,44155.0
0.0399019718170166,43917.0
0.0399019718170166,44177.0
0.0399019718170166,44278.0
0.0399019718170166,44087.0
0.0399019718170166,44256.0
0.0399019718170166,44401.0
0.0399019718170166,43942.0
0.0399019718170166,44341.0
0.0399019718170166,44223.0
0.0399019718170166,44353.0
0.0399019718170166,44231.0
0.0399019718170166,44127.0
0.0399019718170166,44282.0
0.0399019718170166,43991.0
0.0399019718170166,43839.0
0.0399019718170166,44138.0
0.0399019718170166,44256.0
0.0399019718170166,44034.0
0.0399019718170166,44138.0
0.0399019718170166,44274.0
0.0399019718170166,44429.0
0.0399019718170166,44534.0
0.0399019718170166,44702.0
0.0399019718170166,44598.0
0.0399019718170166,44488.0
0.0399019718170166,44322.0
0.0399019718170166,44493.0
0.0399019718170166,44324.0
0.0399019718170166,44220.0
0.0399019718170166,44051.0
0.0399019718170166,44183.0
0.0399019718170166,44309.0
0.0399019718170166,44201.0
0.0399019718170166,44347.0
0.0399019718170166,44201.0
0.0399019718170166,44048.0
0.0399019718170166,44217.0
0.0399019718170166,44367.0
0.0399019718170166,44172.0
0.0399019718170166,44400.0
0.0399019718170166,44505.0
0.0399019718170166,44401.0
0.0399019718170166,44246.0
0.0399019718170166,44386.0
0.0399019718170166,44502.0
0.0399019718170166,44392.0
0.0399019718170166,44259.0
0.0399019718170166,44132.0
0.0399019718170166,44258.0
0.0399019718170166,44137.0
0.0399019718170166,44282.0
0.0399019718170166,44105.0
0.0399019718170166,44294.0
0.0399019718170166,44079.0
0.0399019718170166,44282.0
0.0399019718170166,44181.0
0.0399019718170166,44296.0
0.0399019718170166,44151.0
0.0399019718170166,44303.0
0.0399019718170166,44173.0
0.0399019718170166,44071.0
0.0399019718170166,44188.0
0.0399019718170166,44072.0
0.0399019718170166,44182.0
0.0399019718170166,44295.0
0.0399019718170166,43855.0
0.0399019718170166,44294.0
0.0399019718170166,44129.0
0.0399019718170166,44266.0
0.0399019718170166,44382.0
0.0399019718170166,44497.0
0.0399019718170166,44601.0
0.0399019718170166,44430.0
0.0399019718170166,44314.0
0.0399019718170166,44463.0
0.0399019718170166,44361.0
0.0399019718170166,44246.0
0.0399019718170166,44065.0
0.0399019718170166,44170.0
0.0399019718170166,44382.0
0.0399019718170166,44496.0
0.0399019718170166,44371.0
0.0399019718170166,44478.0
0.0399019718170166,44276.0
0.0399019718170166,44434.0
0.0399019718170166,44320.0
0.0399019718170166,44433.0
0.0399019718170166,44552.0
0.0399019718170166,44689.0
0.0399019718170166,44804.0
0.0399019718170166,44624.0
0.0399019718170166,44769.0
0.0399019718170166,44884.0
0.0399019718170166,44735.0
0.0399019718170166,44598.0
0.0399019718170166,44786.0
0.0399019718170166,44677.0
0.0399019718170166,44797.0
0.0399019718170166,44646.0
0.0399019718170166,44782.0
0.0399019718170166,44604.0
0.0399019718170166,44783.0
0.0399019718170166,44658.0
0.0399019718170166,44507.0
0.0399019718170166,44615.0
0.0399019718170166,44765.0
0.0399019718170166,44443.0
0.0399019718170166,44794.0
0.0399019718170166,44639.0
0.0399019718170166,44538.0
0.0399019718170166,44380.0
0.0399019718170166,44278.0
0.0399019718170166,44424.0
0.0399019718170166,44556.0
0.0399019718170166,44675.0
0.0399019718170166,44550.0
0.0399019718170166,44691.0
0.0399019718170166,44554.0
0.0399019718170166,44447.0
0.0399019718170166,44571.0
0.0399019718170166,44696.0
0.0399019718170166,44587.0
0.0399019718170166,44455.0
0.0399019718170166,44262.0
0.0399019718170166,44444.0
0.0399019718170166,44569.0
0.0399019718170166,44334.0
0.0399019718170166,44121.0
0.0399019718170166,44386.0
0.0399019718170166,44529.0
0.0399019718170166,44643.0
0.0399019718170166,44803.0
0.0399019718170166,44684.0
0.0399019718170166,44570.0
0.0399019718170166,44379.0
0.0399019718170166,44545.0
0.0399019718170166,44679.0
0.0399019718170166,44463.0
0.0399019718170166,44686.0
0.0399019718170166,44570.0
0.0399019718170166,44682.0
0.0399019718170166,44548.0
0.0399019718170166,44443.0
0.0399019718170166,44586.0
0.0399019718170166,44449.0
0.0399019718170166,44567.0
0.0399019718170166,44416.0
0.0399019718170166,44560.0
0.0399019718170166,44698.0
0.0399019718170166,44580.0
0.0399019718170166,44688.0
0.0399019718170166,44793.0
0.0399019718170166,44898.0
0.0399019718170166,44686.0
0.0399019718170166,44789.0
0.0399019718170166,44679.0
0.0399019718170166,44529.0
0.0399019718170166,44388.0
0.0399019718170166,44665.0
0.0399019718170166,44558.0
0.0399019718170166,44683.0
0.0399019718170166,44787.0
0.0399019718170166,44888.0
0.0399019718170166,44753.0
0.0399019718170166,44531.0
0.0399019718170166,44759.0
0.0399019718170166,44573.0
0.0399019718170166,44710.0
0.0399019718170166,44864.0
0.0399019718170166,44980.0
0.0399019718170166,45083.0
0.0399019718170166,45191.0
0.0399019718170166,45292.0
0.0399019718170166,45183.0
0.0399019718170166,45066.0
0.0399019718170166,44935.0
0.0399019718170166,45042.0
0.0399019718170166,45180.0
0.0399019718170166,45304.0
0.0399019718170166,45196.0
0.0399019718170166,44716.0
0.0399019718170166,45200.0
0.0399019718170166,45095.0
0.0399019718170166,44955.0
0.0399019718170166,45103.0
0.0399019718170166,44912.0
0.0399019718170166,44769.0
0.0399019718170166,44614.0
0.0399019718170166,44850.0
0.0399019718170166,44735.0
0.0399019718170166,44880.0
0.0399019718170166,44765.0
0.0399019718170166,44890.0
0.0399019718170166,44552.0
0.0399019718170166,44876.0
0.0399019718170166,44731.0
0.0399019718170166,44539.0
0.0399019718170166,44713.0
0.0399019718170166,44867.0
0.0399019718170166,44999.0
0.0399019718170166,44883.0
0.0399019718170166,45003.0
0.0399019718170166,45105.0
0.0399019718170166,44980.0
0.0399019718170166,44843.0
0.0399019718170166,44984.0
0.0399019718170166,45085.0
0.0399019718170166,45192.0
0.0399019718170166,45302.0
0.0399019718170166,45152.0
0.0399019718170166,45042.0
0.0399019718170166,45177.0
0.0399019718170166,45045.0
0.0399019718170166,44904.0
0.0399019718170166,45073.0
0.0399019718170166,44972.0
0.0399019718170166,45088.0
0.0399019718170166,45192.0
0.0399019718170166,45293.0
0.0399019718170166,45176.0
0.0399019718170166,45031.0
0.0399019718170166,45162.0
0.0399019718170166,45271.0
0.0399019718170166,45404.0
0.0399019718170166,45208.0
0.0399019718170166,44927.0
0.0399019718170166,45050.0
0.0399019718170166,45178.0
0.0399019718170166,45454.0
0.0399019718170166,45177.0
0.0399019718170166,45502.0
0.0399019718170166,45397.0
0.0399019718170166,45250.0
0.0399019718170166,45375.0
0.0399019718170166,45187.0
0.0399019718170166,45336.0
0.0399019718170166,45499.0
0.0399019718170166,45354.0
0.0399019718170166,45463.0
0.0399019718170166,45577.0
0.0399019718170166,45438.0
0.0399019718170166,45337.0
0.0399019718170166,45446.0
0.0399019718170166,45590.0
0.055901527404785156,45699.0
0.055901527404785156,45553.0
0.055901527404785156,45421.0
0.055901527404785156,45312.0
0.055901527404785156,45427.0
0.055901527404785156,45578.0
0.055901527404785156,45406.0
0.055901527404785156,45584.0
0.055901527404785156,45694.0
0.055901527404785156,45535.0
0.055901527404785156,45686.0
0.055901527404785156,45562.0
0.055901527404785156,45678.0
0.055901527404785156,45795.0
0.055901527404785156,45640.0
0.055901527404785156,45770.0
0.055901527404785156,45880.0
0.055901527404785156,45989.0
0.055901527404785156,46097.0
0.055901527404785156,45970.0
0.055901527404785156,45854.0
0.055901527404785156,45988.0
0.055901527404785156,46104.0
0.055901527404785156,45963.0
0.055901527404785156,45652.0
0.055901527404785156,45959.0
0.055901527404785156,45852.0
0.055901527404785156,45396.0
0.055901527404785156,45855.0
0.055901527404785156,45696.0
0.055901527404785156,45862.0
0.055901527404785156,46004.0
0.055901527404785156,45778.0
0.055901527404785156,45973.0
0.055901527404785156,45827.0
0.055901527404785156,45979.0
0.055901527404785156,45860.0
0.055901527404785156,45743.0
0.055901527404785156,45522.0
0.055901527404785156,45406.0
0.055901527404785156,45680.0
0.055901527404785156,45196.0
0.055901527404785156,45590.0
0.055901527404785156,45456.0
0.055901527404785156,45588.0
0.055901527404785156,45422.0
0.055901527404785156,45635.0
0.055901527404785156,45786.0
0.055901527404785156,45667.0
0.055901527404785156,45478.0
0.055901527404785156,45696.0
0.055901527404785156,45589.0
0.055901527404785156,45402.0
0.055901527404785156,45527.0
0.055901527404785156,45679.0
0.055901527404785156,45801.0
0.055901527404785156,45698.0
0.055901527404785156,45538.0
0.055901527404785156,45286.0
0.055901527404785156,45564.0
0.055901527404785156,45683.0
0.055901527404785156,45567.0
0.055901527404785156,45700.0
0.055901527404785156,45581.0
0.055901527404785156,45413.0
0.055901527404785156,45262.0
0.055901527404785156,45501.0
0.055901527404785156,45396.0
0.055901527404785156,45252.0
0.055901527404785156,45402.0
0.055901527404785156,45261.0
0.055901527404785156,45382.0
0.055901527404785156,45250.0
0.055901527404785156,45405.0
0.055901527404785156,45303.0
0.055901527404785156,45195.0
0.055901527404785156,45077.0
0.055901527404785156,45196.0
0.055901527404785156,45007.0
0.055901527404785156,44847.0
0.055901527404785156,44994.0
0.055901527404785156,45110.0
0.055901527404785156,44871.0
0.055901527404785156,45137.0
0.055901527404785156,44873.0
0.055901527404785156,45062.0
0.055901527404785156,45244.0
0.055901527404785156,45119.0
0.055901527404785156,45295.0
0.055901527404785156,45180.0
0.055901527404785156,45037.0
0.055901527404785156,44921.0
0.055901527404785156,45045.0
0.055901527404785156,45179.0
0.055901527404785156,44943.0
0.055901527404785156,45115.0
0.055901527404785156,45266.0
0.055901527404785156,45162.0
0.055901527404785156,45055.0
0.055901527404785156,45201.0
0.055901527404785156,45076.0
0.055901527404785156,44930.0
0.055901527404785156,44818.0
0.055901527404785156,44955.0
0.055901527404785156,44742.0
0.055901527404785156,44909.0
0.055901527404785156,45034.0
0.055901527404785156,45155.0
0.055901527404785156,45299.0
0.055901527404785156,45113.0
0.055901527404785156,45262.0
0.055901527404785156,45369.0
0.055901527404785156,45234.0
0.055901527404785156,45367.0
0.055901527404785156,45209.0
0.055901527404785156,44956.0
0.055901527404785156,45193.0
0.055901527404785156,44803.0
0.055901527404785156,44933.0
0.055901527404785156,45223.0
0.055901527404785156,45504.0
0.055901527404785156,45384.0
0.055901527404785156,45502.0
0.055901527404785156,45355.0
0.055901527404785156,45477.0
0.055901527404785156,45336.0
0.055901527404785156,45502.0
0.055901527404785156,45369.0
0.055901527404785156,45488.0
0.055901527404785156,45357.0
0.055901527404785156,45492.0
0.055901527404785156,45596.0
0.055901527404785156,45445.0
0.055901527404785156,45550.0
0.055901527404785156,45446.0
0.055901527404785156,45595.0
0.055901527404785156,45367.0
0.055901527404785156,45242.0
0.055901527404785156,45495.0
0.055901527404785156,45153.0
0.055901527404785156,45477.0
0.055901527404785156,45330.0
0.055901527404785156,45216.0
0.055901527404785156,45058.0
0.055901527404785156,45238.0
0.055901527404785156,45358.0
0.055901527404785156,45487.0
0.055901527404785156,45379.0
0.055901527404785156,45502.0
0.055901527404785156,45360.0
0.055901527404785156,45246.0
0.055901527404785156,44965.0
0.055901527404785156,45189.0
0.055901527404785156,45073.0
0.055901527404785156,45232.0
0.055901527404785156,45337.0
0.055901527404785156,45479.0
0.055901527404785156,45227.0
0.055901527404785156,45417.0
0.055901527404785156,45573.0
0.055901527404785156,45696.0
0.055901527404785156,45561.0
0.055901527404785156,45409.0
0.055901527404785156,45589.0
0.055901527404785156,45453.0
0.055901527404785156,45602.0
0.055901527404785156,45501.0
0.055901527404785156,45346.0
0.055901527404785156,45241.0
0.055901527404785156,45387.0
0.055901527404785156,45503.0
0.055901527404785156,45395.0
0.055901527404785156,45257.0
0.055901527404785156,45389.0
0.055901527404785156,45234.0
0.055901527404785156,45118.0
0.055901527404785156,45251.0
0.055901527404785156,45394.0
0.055901527404785156,45228.0
0.055901527404785156,45379.0
0.055901527404785156,45278.0
0.055901527404785156,45169.0
0.055901527404785156,45045.0
0.055901527404785156,44941.0
0.055901527404785156,45076.0
0.055901527404785156,44966.0
0.055901527404785156,44856.0
0.055901527404785156,44972.0
0.055901527404785156,44821.0
0.055901527404785156,44939.0
0.055901527404785156,45086.0
0.055901527404785156,44908.0
0.055901527404785156,44684.0
0.055901527404785156,44882.0
0.055901527404785156,44987.0
0.055901527404785156,45164.0
0.055901527404785156,45298.0
0.055901527404785156,45176.0
0.055901527404785156,45297.0
0.055901527404785156,45089.0
0.055901527404785156,44954.0
0.055901527404785156,44787.0
0.055901527404785156,45051.0
0.055901527404785156,45193.0
0.055901527404785156,44927.0
0.055901527404785156,45130.0
0.055901527404785156,45231.0
0.055901527404785156,45383.0
0.055901527404785156,45234.0
0.055901527404785156,45393.0
0.055901527404785156,45208.0
0.055901527404785156,45339.0
0.055901527404785156,45221.0
0.055901527404785156,45345.0
0.055901527404785156,45122.0
0.055901527404785156,45391.0
0.055901527404785156,45067.0
0.055901527404785156,45401.0
0.055901527404785156,45502.0
0.055901527404785156,45381.0
0.055901527404785156,45239.0
0.055901527404785156,45382.0
0.055901527404785156,45202.0
0.055901527404785156,45368.0
0.055901527404785156,45234.0
0.055901527404785156,45366.0
0.055901527404785156,45223.0
0.055901527404785156,45109.0
0.055901527404785156,45298.0
0.055901527404785156,45174.0
0.055901527404785156,45023.0
0.055901527404785156,44832.0
0.055901527404785156,45061.0
0.055901527404785156,45196.0
0.055901527404785156,45061.0
0.055901527404785156,45176.0
0.055901527404785156,45061.0
0.055901527404785156,45197.0
0.055901527404785156,44950.0
0.055901527404785156,45135.0
0.055901527404785156,45256.0
0.055901527404785156,45376.0
0.055901527404785156,45491.0
0.055901527404785156,45366.0
0.055901527404785156,45491.0
0.055901527404785156,45375.0
0.055901527404785156,45270.0
0.055901527404785156,45156.0
0.055901527404785156,45283.0
0.055901527404785156,45139.0
0.055901527404785156,45006.0
0.055901527404785156,44887.0
0.055901527404785156,45051.0
0.055901527404785156,44935.0
0.055901527404785156,45070.0
0.055901527404785156,44880.0
0.055901527404785156,45041.0
0.055901527404785156,45196.0
0.055901527404785156,45095.0
0.055901527404785156,44948.0
0.055901527404785156,44832.0
0.055901527404785156,44982.0
0.055901527404785156,44849.0
0.055901527404785156,44689.0
0.055901527404785156,44874.0
0.055901527404785156,44982.0
0.055901527404785156,45098.0
0.055901527404785156,44926.0
0.055901527404785156,45086.0
0.055901527404785156,45191.0
0.055901527404785156,45305.0
0.055901527404785156,45186.0
0.055901527404785156,45060.0
0.055901527404785156,44935.0
0.055901527404785156,44761.0
0.055901527404785156,44993.0
0.055901527404785156,44856.0
0.055901527404785156,44679.0
0.055901527404785156,44785.0
0.055901527404785156,44461.0
0.055901527404785156,44632.0
0.055901527404785156,44804.0
0.055901527404785156,44941.0
0.055901527404785156,45170.0
0.055901527404785156,45294.0
0.055901527404785156,45143.0
0.055901527404785156,45026.0
0.055901527404785156,44913.0
0.055901527404785156,45055.0
0.055901527404785156,45185.0
0.055901527404785156,45055.0
0.055901527404785156,45187.0
0.07204079627990723,45291.0
0.07204079627990723,45148.0
0.07204079627990723,45027.0
0.07204079627990723,45197.0
0.07204079627990723,45088.0
0.07204079627990723,44985.0
0.07204079627990723,44880.0
0.07204079627990723,44999.0
0.07204079627990723,44867.0
0.07204079627990723,44981.0
0.07204079627990723,44839.0
0.07204079627990723,44996.0
0.07204079627990723,44888.0
0.07204079627990723,44989.0
0.07204079627990723,45105.0
0.07204079627990723,44961.0
0.07204079627990723,45096.0
0.07204079627990723,44977.0
0.07204079627990723,44823.0
0.07204079627990723,44554.0
0.07204079627990723,44831.0
0.07204079627990723,44980.0
0.07204079627990723,44860.0
0.07204079627990723,44986.0
0.07204079627990723,45096.0
0.07204079627990723,44963.0
0.07204079627990723,45096.0
0.07204079627990723,44980.0
0.07204079627990723,44864.0
0.07204079627990723,44980.0
0.07204079627990723,44832.0
0.07204079627990723,44933.0
0.07204079627990723,44736.0
0.07204079627990723,44627.0
0.07204079627990723,44787.0
0.07204079627990723,44965.0
0.07204079627990723,44771.0
0.07204079627990723,45000.0
0.07204079627990723,44886.0
0.07204079627990723,45005.0
0.07204079627990723,44904.0
0.07204079627990723,44755.0
0.07204079627990723,44636.0
0.07204079627990723,44744.0
0.07204079627990723,44866.0
0.07204079627990723,44985.0
0.07204079627990723,45094.0
0.07204079627990723,44968.0
0.07204079627990723,44822.0
0.07204079627990723,44718.0
0.07204079627990723,44898.0
0.07204079627990723,44766.0
0.07204079627990723,44903.0
0.07204079627990723,44781.0
0.07204079627990723,44552.0
0.07204079627990723,44777.0
0.07204079627990723,44882.0
0.07204079627990723,44774.0
0.07204079627990723,44899.0
0.07204079627990723,44740.0
0.07204079627990723,44868.0
0.07204079627990723,44970.0
0.07204079627990723,44846.0
0.07204079627990723,44973.0
0.07204079627990723,44838.0
0.07204079627990723,44987.0
0.07204079627990723,44713.0
0.07204079627990723,44990.0
0.07204079627990723,44824.0
0.07204079627990723,44992.0
0.07204079627990723,45100.0
0.07204079627990723,44940.0
0.07204079627990723,45089.0
0.07204079627990723,44983.0
0.07204079627990723,45090.0
0.07204079627990723,44971.0
0.07204079627990723,45080.0
0.07204079627990723,45186.0
0.07204079627990723,45301.0
0.07204079627990723,45041.0
0.07204079627990723,44925.0
0.07204079627990723,45195.0
0.07204079627990723,45080.0
0.07204079627990723,45198.0
0.07204079627990723,45091.0
0.07204079627990723,44967.0
0.07204079627990723,45086.0
0.07204079627990723,45205.0
0.07204079627990723,44968.0
0.07204079627990723,45119.0
0.07204079627990723,44958.0
0.07204079627990723,45085.0
0.07204079627990723,45283.0
0.07204079627990723,45150.0
0.07204079627990723,45283.0
0.07204079627990723,45395.0
0.07204079627990723,45229.0
0.07204079627990723,45057.0
0.07204079627990723,45198.0
0.07204079627990723,45384.0
0.07204079627990723,45282.0
0.07204079627990723,45399.0
0.07204079627990723,45292.0
0.07204079627990723,45141.0
0.07204079627990723,45249.0
0.07204079627990723,45402.0
0.07204079627990723,45270.0
0.07204079627990723,45146.0
0.07204079627990723,45298.0
0.07204079627990723,45124.0
0.07204079627990723,45265.0
0.07204079627990723,45149.0
0.07204079627990723,45303.0
0.07204079627990723,45162.0
0.07204079627990723,45264.0
0.07204079627990723,45388.0
0.07204079627990723,45253.0
0.07204079627990723,45383.0
0.07204079627990723,45267.0
0.07204079627990723,45390.0
0.07204079627990723,45278.0
0.07204079627990723,45126.0
0.07204079627990723,45255.0
0.07204079627990723,45052.0
0.07204079627990723,45176.0
0.07204079627990723,45283.0
0.07204079627990723,45433.0
0.07204079627990723,45599.0
0.07204079627990723,45495.0
0.07204079627990723,45319.0
0.07204079627990723,45493.0
0.07204079627990723,45392.0
0.07204079627990723,45499.0
0.07204079627990723,45350.0
0.07204079627990723,45505.0
0.07204079627990723,45316.0
0.07204079627990723,45492.0
0.07204079627990723,45294.0
0.07204079627990723,45182.0
0.07204079627990723,45364.0
0.07204079627990723,45232.0
0.07204079627990723,45107.0
0.07204079627990723,45284.0
0.07204079627990723,45164.0
0.07204079627990723,45054.0
0.07204079627990723,45191.0
0.07204079627990723,45062.0
0.07204079627990723,45197.0
0.07204079627990723,44968.0
0.07204079627990723,45142.0
0.07204079627990723,45284.0
0.07204079627990723,45171.0
0.07204079627990723,45034.0
0.07204079627990723,44701.0
0.07204079627990723,44925.0
0.07204079627990723,45085.0
0.07204079627990723,45234.0
0.07204079627990723,45348.0
0.07204079627990723,45457.0
0.07204079627990723,45573.0
0.07204079627990723,45394.0
0.07204079627990723,45529.0
0.07204079627990723,45684.0
0.07204079627990723,45547.0
0.07204079627990723,45662.0
0.07204079627990723,45782.0
0.07204079627990723,45884.0
0.07204079627990723,45782.0
0.07204079627990723,45885.0
0.07204079627990723,46001.0
0.07204079627990723,45882.0
0.07204079627990723,45997.0
0.07204079627990723,45874.0
0.07204079627990723,45725.0
0.07204079627990723,45609.0
0.07204079627990723,45802.0
0.07204079627990723,45653.0
0.07204079627990723,45772.0
0.07204079627990723,45663.0
0.07204079627990723,45779.0
0.07204079627990723,45886.0
0.07204079627990723,46000.0
0.07204079627990723,45870.0
0.07204079627990723,45983.0
0.07204079627990723,46102.0
0.07204079627990723,45969.0
0.07204079627990723,46086.0
0.07204079627990723,45982.0
0.07204079627990723,46099.0
0.07204079627990723,46201.0
0.07204079627990723,46050.0
0.07204079627990723,45895.0
0.07204079627990723,46059.0
0.07204079627990723,45924.0
0.07204079627990723,46054.0
0.07204079627990723,45859.0
0.07204079627990723,45972.0
0.07204079627990723,46158.0
0.07204079627990723,46304.0
0.07204079627990723,46173.0
0.0879206657409668,46066.0
0.0879206657409668,46197.0
0.0879206657409668,46078.0
0.0879206657409668,46203.0
0.0879206657409668,46087.0
0.0879206657409668,45855.0
0.0879206657409668,46049.0
0.0879206657409668,46190.0
0.0879206657409668,46057.0
0.0879206657409668,45936.0
0.0879206657409668,46056.0
0.0879206657409668,45934.0
0.0879206657409668,46075.0
0.0879206657409668,45956.0
0.0879206657409668,46087.0
0.0879206657409668,45981.0
0.0879206657409668,45835.0
0.0879206657409668,45950.0
0.0879206657409668,46083.0
0.0879206657409668,46199.0
0.0879206657409668,46094.0
0.0879206657409668,46198.0
0.0879206657409668,46048.0
0.0879206657409668,46164.0
0.0879206657409668,46043.0
0.0879206657409668,46162.0
0.0879206657409668,46304.0
0.0879206657409668,46172.0
0.0879206657409668,46299.0
0.0879206657409668,46400.0
0.0879206657409668,46258.0
0.0879206657409668,46368.0
0.0879206657409668,46238.0
0.0879206657409668,46385.0
0.0879206657409668,46268.0
0.0879206657409668,46133.0
0.0879206657409668,46288.0
0.0879206657409668,46393.0
0.0879206657409668,46237.0
0.0879206657409668,46379.0
0.0879206657409668,46495.0
0.0879206657409668,46354.0
0.0879206657409668,46470.0
0.0879206657409668,46579.0
0.0879206657409668,46691.0
0.0879206657409668,46520.0
0.0879206657409668,46651.0
0.0879206657409668,46783.0
0.0879206657409668,46530.0
0.0879206657409668,46718.0
0.0879206657409668,46821.0
0.0879206657409668,46926.0
0.0879206657409668,47058.0
0.0879206657409668,46951.0
0.0879206657409668,47096.0
0.0879206657409668,46942.0
0.0879206657409668,47093.0
0.0879206657409668,46977.0
0.0879206657409668,47091.0
0.0879206657409668,46966.0
0.0879206657409668,47073.0
0.0879206657409668,47197.0
0.0879206657409668,47070.0
0.0879206657409668,47176.0
0.0879206657409668,47062.0
0.0879206657409668,46913.0
0.0879206657409668,47020.0
0.0879206657409668,47198.0
0.0879206657409668,47097.0
0.0879206657409668,46981.0
0.0879206657409668,46878.0
0.0879206657409668,46736.0
0.0879206657409668,46891.0
0.0879206657409668,47003.0
0.0879206657409668,46893.0
0.0879206657409668,46997.0
0.0879206657409668,46896.0
0.0879206657409668,46789.0
0.0879206657409668,46658.0
0.0879206657409668,46469.0
0.0879206657409668,46668.0
0.0879206657409668,46789.0
0.0879206657409668,46663.0
0.0879206657409668,46793.0
0.0879206657409668,46903.0
0.0879206657409668,46778.0
0.0879206657409668,46677.0
0.0879206657409668,46802.0
0.0879206657409668,46660.0
0.0879206657409668,46764.0
0.0879206657409668,46897.0
0.0879206657409668,46765.0
0.0879206657409668,46874.0
0.0879206657409668,46990.0
0.0879206657409668,46887.0
0.0879206657409668,46756.0
0.0879206657409668,46647.0
0.0879206657409668,46784.0
0.0879206657409668,46647.0
0.0879206657409668,46766.0
0.0879206657409668,46867.0
0.0879206657409668,46748.0
0.0879206657409668,46623.0
0.0879206657409668,46758.0
0.0879206657409668,46643.0
0.10002994537353516,46450.0
0.10002994537353516,46611.0
0.10002994537353516,46473.0
0.10002994537353516,46629.0
0.10002994537353516,46793.0
0.10002994537353516,46900.0
0.10002994537353516,46786.0
0.10002994537353516,46895.0
0.10002994537353516,46746.0
0.10002994537353516,46891.0
0.10002994537353516,46769.0
0.10002994537353516,46896.0
0.10002994537353516,46775.0
0.10002994537353516,46628.0
0.10002994537353516,46765.0
0.10002994537353516,46881.0
0.10002994537353516,46727.0
0.10002994537353516,46882.0
0.10002994537353516,46722.0
0.10002994537353516,46885.0
0.10002994537353516,46986.0
0.10002994537353516,46851.0
0.10002994537353516,46728.0
0.10002994537353516,46867.0
0.10002994537353516,47005.0
0.10002994537353516,46900.0
0.10002994537353516,46784.0
0.10002994537353516,46899.0
0.10002994537353516,46739.0
0.10002994537353516,46634.0
0.10002994537353516,46802.0
0.10002994537353516,46689.0
0.10002994537353516,46424.0
0.10002994537353516,46550.0
0.10002994537353516,46755.0
0.10002994537353516,46887.0
0.10002994537353516,46771.0
0.10002994537353516,46667.0
0.10412240028381348,46792.0
0.10412240028381348,46897.0
0.10412240028381348,46764.0
0.10412240028381348,46867.0
0.10412240028381348,46760.0
0.10412240028381348,46890.0
0.10412240028381348,46992.0
0.10412240028381348,46839.0
0.10412240028381348,46989.0
0.10412240028381348,47097.0
0.10412240028381348,46978.0
0.10412240028381348,47081.0
0.10412240028381348,47197.0
0.10412240028381348,47081.0
0.10412240028381348,47185.0
0.10412240028381348,47301.0
0.10412240028381348,47151.0
0.10412240028381348,47291.0
0.10412240028381348,47173.0
0.10412240028381348,47298.0
0.10412240028381348,47178.0
0.10412240028381348,47017.0
0.10412240028381348,47203.0
0.10412240028381348,47091.0
0.10412240028381348,46975.0
0.10412240028381348,47100.0
0.10412240028381348,46937.0
0.10412240028381348,47098.0
0.10412240028381348,46971.0
0.10412240028381348,47088.0
0.10412240028381348,47205.0
0.10412240028381348,47088.0
0.10412240028381348,46978.0
0.10412240028381348,47094.0
0.10412240028381348,46979.0
0.10412240028381348,46865.0
0.10412240028381348,46750.0
0.10412240028381348,46885.0
0.10412240028381348,46993.0
0.10412240028381348,47100.0
0.10412240028381348,46999.0
0.10412240028381348,46869.0
0.10412240028381348,47004.0
0.10412240028381348,46876.0
0.10412240028381348,46995.0
0.10412240028381348,47105.0
0.10412240028381348,47003.0
0.10412240028381348,46896.0
0.12107110023498535,46997.0
0.12107110023498535,46877.0
0.12107110023498535,46993.0
0.12107110023498535,47100.0
0.12107110023498535,46985.0
0.12107110023498535,47099.0
0.12107110023498535,46927.0
0.12107110023498535,47069.0
0.12107110023498535,47190.0
0.12107110023498535,47048.0
0.12107110023498535,47180.0
0.12107110023498535,47281.0
0.12107110023498535,47400.0
0.12107110023498535,47505.0
0.12107110023498535,47402.0
0.12107110023498535,47241.0
0.12107110023498535,47125.0
0.12107110023498535,47273.0
0.12107110023498535,47160.0
0.12107110023498535,47297.0
0.12107110023498535,47141.0
0.12107110023498535,47268.0
0.12107110023498535,47399.0
0.12107110023498535,47262.0
0.12107110023498535,47378.0
0.12107110023498535,47498.0
0.12107110023498535,47397.0
0.12107110023498535,47242.0
0.12107110023498535,47377.0
0.12107110023498535,47494.0
0.12107110023498535,47595.0
0.12107110023498535,47413.0
0.12107110023498535,47526.0
0.12107110023498535,47645.0
0.12107110023498535,47788.0
0.12107110023498535,47889.0
0.12107110023498535,47999.0
0.12107110023498535,47882.0
0.12107110023498535,47997.0
0.12107110023498535,47890.0
0.12107110023498535,48004.0
0.13616323471069336,47888.0
0.13616323471069336,48004.0
0.13616323471069336,47839.0
0.13616323471069336,47961.0
0.13616323471069336,48090.0
0.13616323471069336,47965.0
0.13616323471069336,48096.0
0.13616323471069336,47955.0
0.13616323471069336,48057.0
0.13616323471069336,48198.0
0.13616323471069336,48032.0
0.13616323471069336,48135.0
0.13616323471069336,48025.0
0.13616323471069336,48142.0
0.13616323471069336,48301.0
0.13616323471069336,48402.0
0.13616323471069336,48286.0
0.13616323471069336,48399.0
0.13616323471069336,48265.0
0.13616323471069336,48401.0
0.13616323471069336,48290.0
0.13616323471069336,48394.0
0.13616323471069336,48504.0
0.15188932418823242,48403.0
0.15188932418823242,48288.0
0.15188932418823242,48403.0
0.15188932418823242,48504.0
