0.0,29456.0
0.0,29733.0
0.0,29987.0
0.0,30328.0
0.0,30499.0
0.0,29633.0
0.0,30326.0
0.0,30437.0
0.0,30693.0
0.0,30798.0
0.0,30364.0
0.0,30514.0
0.0,30699.0
0.0,30988.0
0.0,30757.0
0.0,30935.0
0.0,31084.0
0.0,31196.0
0.0,31047.0
0.0,31164.0
0.0,31301.0
0.0,30879.0
0.0,30984.0
0.0,31108.0
0.0,31450.0
0.0,31588.0
0.0,31704.0
0.0,31599.0
0.0,31429.0
0.0,31581.0
0.0,31443.0
0.0,31569.0
0.0,31689.0
0.0,31793.0
0.0,30699.0
0.0,30813.0
0.0,31497.0
0.0,31678.0
0.0,31875.0
0.0,32188.0
0.0,32084.0
0.0,32203.0
0.0,31202.0
0.0,31952.0
0.0,32207.0
0.0,32325.0
0.0,32491.0
0.0,32377.0
0.0,32272.0
0.0,32389.0
0.0,32495.0
0.0,32596.0
0.0,32699.0
0.0,32803.0
0.0,32904.0
0.0,32785.0
0.0,32680.0
0.0,32790.0
0.0,32898.0
0.0,32795.0
0.0,32102.0
0.0,32348.0
0.0,32825.0
0.0,32991.0
0.0,32825.0
0.0,32358.0
0.0,32882.0
0.0,32990.0
0.0,32677.0
0.0,33002.0
0.0,32187.0
0.0,32548.0
0.0,33046.0
0.0,33191.0
0.0,33301.0
0.0,33151.0
0.0,33261.0
0.0,33378.0
0.0,33487.0
0.0,32989.0
0.0,33266.0
0.0,33398.0
0.0,33696.0
0.0,33355.0
0.0,33589.0
0.0,33789.0
0.0,33623.0
0.0,33739.0
0.0,33843.0
0.0,33980.0
0.0,34096.0
0.0,33972.0
0.0,33791.0
0.0,33907.0
0.0,34081.0
0.0,34195.0
0.0,34302.0
0.0,34182.0
0.0,34298.0
0.0,33770.0
0.0,34047.0
0.0,34155.0
0.0,34468.0
0.0,34589.0
0.0,34693.0
0.0,34589.0
0.0,34705.0
0.0,34594.0
0.0,34168.0
0.0,34318.0
0.0,34574.0
0.0,34761.0
0.0,34302.0
0.0,34616.0
0.0,34829.0
0.0,34981.0
0.0,35092.0
0.0,35195.0
0.0,35298.0
0.0,34548.0
0.0,35196.0
0.0,35375.0
0.0,35484.0
0.0,35593.0
0.0,35701.0
0.0,35805.0
0.0,34713.0
0.0,34903.0
0.0,35134.0
0.0,35867.0
0.0,36052.0
0.0,36194.0
0.0,35510.0
0.0,35834.0
0.0,36061.0
0.0,36178.0
0.0,36378.0
0.0,36571.0
0.0,36693.0
0.0,36587.0
0.0,36702.0
0.0,36425.0
0.0,36662.0
0.0,36766.0
0.0,36220.0
0.0,36677.0
0.0,36868.0
0.0,36980.0
0.0,37096.0
0.0,36989.0
0.0,36735.0
0.0,36626.0
0.0,36872.0
0.0,36973.0
0.0,37083.0
0.0,37202.0
0.0,37024.0
0.0,37188.0
0.0,36995.0
0.0,37151.0
0.0,37032.0
0.0,37196.0
0.0,37085.0
0.0,36968.0
0.0,37103.0
0.0,37002.0
0.0,36057.0
0.0,36237.0
0.0,36518.0
0.0,36820.0
0.0,36699.0
0.0,36596.0
0.0,36923.0
0.0,37162.0
0.0,37283.0
0.0,37109.0
0.0,36999.0
0.0,37144.0
0.0,37295.0
0.0,37139.0
0.0,37264.0
0.0,37148.0
0.0,37273.0
0.0,37400.0
0.0,37155.0
0.0,37275.0
0.0,37400.0
0.0,37561.0
0.0,37236.0
0.0,37508.0
0.0,36424.0
0.0,36624.0
0.0,37526.0
0.0,37752.0
0.0,37609.0
0.0,37501.0
0.0,37262.0
0.0,37587.0
0.0,37470.0
0.0,37325.0
0.0,37426.0
0.0,37195.0
0.0,37464.0
0.0,37566.0
0.0,37697.0
0.0,37581.0
0.0,37478.0
0.0,37284.0
0.0,37183.0
0.0,37392.0
0.0,37241.0
0.0,37393.0
0.0,37137.0
0.0,37273.0
0.0,37432.0
0.0,37584.0
0.0,37346.0
0.0,37483.0
0.0,37367.0
0.0,37570.0
0.0,37268.0
0.0,37559.0
0.0,37696.0
0.0,37511.0
0.0,37670.0
0.0,37560.0
0.0,37665.0
0.0,37475.0
0.0,37605.0
0.0,37802.0
0.0,37525.0
0.0,37784.0
0.0,37675.0
0.0,37799.0
0.0,37696.0
0.0,37172.0
0.0,37554.0
0.0,37768.0
0.0,37891.0
0.0,37577.0
0.0,37866.0
0.0,37982.0
0.0,36927.0
0.0,37262.0
0.0,37450.0
0.0,37834.0
0.0,38244.0
0.0,38391.0
0.0,38504.0
0.0,38215.0
0.0,37313.0
0.0,38313.0
0.0,38482.0
0.0,38601.0
0.0,37927.0
0.0,38514.0
0.0,38703.0
0.0,37865.0
0.0,38162.0
0.0,38605.0
0.0,38882.0
0.0,38999.0
0.0,38674.0
0.0,38897.0
0.0,39052.0
0.0,39192.0
0.0,39020.0
0.0,39151.0
0.0,39297.0
0.0,39097.0
0.0,39265.0
0.0,38621.0
0.0,38820.0
0.0,38941.0
0.0,39372.0
0.0,39574.0
0.0,38989.0
0.0,39161.0
0.0,39493.0
0.0,39356.0
0.0,39619.0
0.0,39451.0
0.0,39299.0
0.0,39479.0
0.0,39580.0
0.0,39761.0
0.0,39865.0
0.0,39745.0
0.0,39859.0
0.0,39999.0
0.0,39877.0
0.0,39993.0
0.0,39011.0
0.0,39263.0
0.0,39378.0
0.0,39989.0
0.0,40187.0
0.0,40370.0
0.0,40484.0
0.0,40377.0
0.0,40194.0
0.0,40006.0
0.0,39859.0
0.0,40119.0
0.0,40272.0
0.0,40147.0
0.0,40277.0
0.0,40158.0
0.0,39810.0
0.0,39962.0
0.0,40220.0
0.0,40387.0
0.0,40501.0
0.0,40399.0
0.0,40501.0
0.0,40602.0
0.0,40441.0
0.0,40340.0
0.0,40491.0
0.0,40390.0
0.0,40265.0
0.0,40113.0
0.0,40257.0
0.0,40389.0
0.0,40504.0
0.0,40354.0
0.0,40239.0
0.0,40059.0
0.0,40172.0
0.0,40333.0
0.0,40439.0
0.0,40561.0
0.0,40675.0
0.0,40790.0
0.0,40892.0
0.0,40997.0
0.0,40888.0
0.0,41002.0
0.0,40811.0
0.0,41000.0
0.0,40218.0
0.0,40612.0
0.0,41007.0
0.0,41143.0
0.0,40819.0
0.0,41012.0
0.0,41128.0
0.0,41316.0
0.0,41450.0
0.0,41315.0
0.0,41060.0
0.0,41331.0
0.0,41230.0
0.0,41385.0
0.0,41504.0
0.0,40971.0
0.0,41342.0
0.0,41457.0
0.0,41606.0
0.0,41783.0
0.0,41902.0
0.0,41702.0
0.0,41844.0
0.0,42002.0
0.0,42103.0
0.0,41994.0
0.0,41623.0
0.0,41924.0
0.0,42090.0
0.0,41988.0
0.0,42098.0
0.0,41962.0
0.0,42083.0
0.0,41912.0
0.0,42037.0
0.0,42182.0
0.0,41891.0
0.0,42201.0
0.0,41590.0
0.0,41803.0
0.0,41955.0
0.0,42228.0
0.0,42479.0
0.0,42605.0
0.0,42461.0
0.0,42316.0
0.0,42203.0
0.0,42051.0
0.0,42217.0
0.0,42371.0
0.01500701904296875,42098.0
0.01500701904296875,42371.0
0.01500701904296875,42169.0
0.01500701904296875,42061.0
0.01500701904296875,42220.0
0.01500701904296875,42116.0
0.01500701904296875,42219.0
0.01500701904296875,42403.0
0.01500701904296875,42261.0
0.01500701904296875,42102.0
0.01500701904296875,42301.0
0.01500701904296875,42012.0
0.01500701904296875,42221.0
0.01500701904296875,42340.0
0.01500701904296875,42200.0
0.01500701904296875,42357.0
0.01500701904296875,42490.0
0.01500701904296875,42358.0
0.01500701904296875,42459.0
0.01500701904296875,41937.0
0.01500701904296875,42504.0
0.01500701904296875,42392.0
0.01500701904296875,42255.0
0.01500701904296875,42151.0
0.01500701904296875,42302.0
0.01500701904296875,42177.0
0.01500701904296875,41900.0
0.01500701904296875,42168.0
0.01500701904296875,42042.0
0.01500701904296875,42191.0
0.01500701904296875,42019.0
0.01500701904296875,42140.0
0.01500701904296875,42265.0
0.01500701904296875,41930.0
0.01500701904296875,42058.0
0.01500701904296875,42310.0
0.01500701904296875,42429.0
0.01500701904296875,42265.0
0.01500701904296875,42501.0
0.01500701904296875,42334.0
0.01500701904296875,42479.0
0.01500701904296875,42594.0
0.01500701904296875,42473.0
0.01500701904296875,42321.0
0.01500701904296875,42450.0
0.01500701904296875,42581.0
0.01500701904296875,42383.0
0.01500701904296875,42056.0
0.01500701904296875,42493.0
0.01500701904296875,42379.0
0.01500701904296875,42256.0
0.01500701904296875,42369.0
0.01500701904296875,42175.0
0.01500701904296875,42279.0
0.01500701904296875,42113.0
0.01500701904296875,41982.0
0.01500701904296875,41863.0
0.01500701904296875,42140.0
0.01796102523803711,42301.0
0.01796102523803711,42108.0
0.01796102523803711,41882.0
0.01796102523803711,42146.0
0.01796102523803711,41785.0
0.01796102523803711,42028.0
0.01796102523803711,42205.0
0.01796102523803711,42104.0
0.01796102523803711,42236.0
0.01796102523803711,42385.0
0.01796102523803711,42501.0
0.01796102523803711,42395.0
0.01796102523803711,42182.0
0.01796102523803711,42368.0
0.01796102523803711,42488.0
0.01796102523803711,42346.0
0.01796102523803711,42447.0
0.01796102523803711,42569.0
0.01796102523803711,42448.0
0.01796102523803711,42551.0
0.01796102523803711,42679.0
0.01796102523803711,42564.0
0.01796102523803711,42442.0
0.01796102523803711,42578.0
0.01796102523803711,42687.0
0.01796102523803711,42473.0
0.01796102523803711,42616.0
0.01796102523803711,42735.0
0.01796102523803711,42538.0
0.01796102523803711,42750.0
0.01796102523803711,42866.0
0.01796102523803711,43002.0
0.01796102523803711,42815.0
0.01796102523803711,43005.0
0.01796102523803711,42901.0
0.01796102523803711,42787.0
0.01796102523803711,42897.0
0.01796102523803711,42707.0
0.01796102523803711,42834.0
0.01796102523803711,42955.0
0.01796102523803711,42839.0
0.01796102523803711,42997.0
0.01796102523803711,42004.0
0.01796102523803711,41902.0
0.01796102523803711,42211.0
0.01796102523803711,42859.0
0.01796102523803711,42976.0
0.01796102523803711,43081.0
0.01796102523803711,42900.0
0.01796102523803711,43158.0
0.01796102523803711,43280.0
0.01796102523803711,42674.0
0.01796102523803711,42322.0
0.01796102523803711,42639.0
0.01796102523803711,43184.0
0.01796102523803711,43344.0
0.01796102523803711,43486.0
0.01796102523803711,43590.0
0.01796102523803711,43471.0
0.01796102523803711,43576.0
0.01796102523803711,43694.0
0.01796102523803711,43397.0
0.01796102523803711,43620.0
0.01796102523803711,43788.0
0.01796102523803711,43658.0
0.01796102523803711,43798.0
0.01796102523803711,43646.0
0.01796102523803711,43754.0
0.01796102523803711,43517.0
0.01796102523803711,43794.0
0.01796102523803711,43477.0
0.01796102523803711,43690.0
0.01796102523803711,43545.0
0.01796102523803711,43768.0
0.01796102523803711,43872.0
0.01796102523803711,43756.0
0.01796102523803711,43547.0
0.01796102523803711,43740.0
0.01796102523803711,43604.0
0.01796102523803711,43789.0
0.01796102523803711,43897.0
0.01796102523803711,43796.0
0.01796102523803711,43679.0
0.01796102523803711,43378.0
0.01796102523803711,42487.0
0.01796102523803711,43382.0
0.01796102523803711,43569.0
0.01796102523803711,43785.0
0.01796102523803711,43582.0
0.01796102523803711,43746.0
0.01796102523803711,43891.0
0.01796102523803711,43992.0
0.01796102523803711,44102.0
0.01796102523803711,43998.0
0.01796102523803711,43890.0
0.01796102523803711,43997.0
0.01796102523803711,43887.0
0.01796102523803711,43783.0
0.01796102523803711,43540.0
0.01796102523803711,43733.0
0.01796102523803711,43860.0
0.01796102523803711,44000.0
0.01796102523803711,43748.0
0.01796102523803711,43908.0
0.01796102523803711,44097.0
0.01796102523803711,44204.0
0.01796102523803711,44089.0
0.01796102523803711,43938.0
0.01796102523803711,44078.0
0.01796102523803711,43964.0
0.01796102523803711,44094.0
0.01796102523803711,43936.0
0.01796102523803711,44077.0
0.01796102523803711,43973.0
0.01796102523803711,44075.0
0.01796102523803711,44178.0
0.01796102523803711,43966.0
0.01796102523803711,44115.0
0.01796102523803711,44302.0
0.01796102523803711,44187.0
0.01796102523803711,43916.0
0.01796102523803711,44106.0
0.01796102523803711,44287.0
0.01796102523803711,44015.0
0.01796102523803711,44302.0
0.01796102523803711,44134.0
0.01796102523803711,44008.0
0.01796102523803711,44136.0
0.01796102523803711,43955.0
0.01796102523803711,43850.0
0.01796102523803711,44103.0
0.01796102523803711,43967.0
0.01796102523803711,43847.0
0.01796102523803711,43199.0
0.01796102523803711,43851.0
0.01796102523803711,43960.0
0.01796102523803711,43805.0
0.01796102523803711,43703.0
0.01796102523803711,43602.0
0.01796102523803711,43782.0
0.01796102523803711,43621.0
0.01796102523803711,43514.0
0.01796102523803711,43650.0
0.01796102523803711,43534.0
0.01796102523803711,43393.0
0.01796102523803711,43513.0
0.01796102523803711,43622.0
0.01796102523803711,43738.0
0.01796102523803711,43855.0
0.01796102523803711,43739.0
0.01796102523803711,43488.0
0.01796102523803711,43783.0
0.01796102523803711,43888.0
0.01796102523803711,43701.0
0.01796102523803711,43369.0
0.01796102523803711,43516.0
0.01796102523803711,43860.0
0.01796102523803711,43703.0
0.01796102523803711,43831.0
0.01796102523803711,43981.0
0.01796102523803711,43878.0
0.01796102523803711,43738.0
0.01796102523803711,43550.0
0.01796102523803711,43773.0
0.01796102523803711,43664.0
0.01796102523803711,43796.0
0.01796102523803711,43209.0
0.01796102523803711,43799.0
0.01796102523803711,43669.0
0.01796102523803711,43565.0
0.01796102523803711,43437.0
0.01796102523803711,43201.0
0.01796102523803711,43385.0
0.01796102523803711,43245.0
0.01796102523803711,43445.0
0.01796102523803711,43589.0
0.01796102523803711,43704.0
0.01796102523803711,43309.0
0.01796102523803711,43654.0
0.01796102523803711,43755.0
0.01796102523803711,43566.0
0.01796102523803711,43701.0
0.01796102523803711,43808.0
0.01796102523803711,43648.0
0.01796102523803711,43807.0
0.01796102523803711,43968.0
0.01796102523803711,44103.0
0.01796102523803711,43982.0
0.01796102523803711,43869.0
0.01796102523803711,43711.0
0.01796102523803711,43465.0
0.01796102523803711,43704.0
0.01796102523803711,43890.0
0.01796102523803711,44001.0
0.01796102523803711,43802.0
0.01796102523803711,43927.0
0.01796102523803711,44068.0
0.01796102523803711,44175.0
0.01796102523803711,44040.0
0.01796102523803711,43847.0
0.01796102523803711,43701.0
0.01796102523803711,43930.0
0.01796102523803711,43788.0
0.01796102523803711,43937.0
0.01796102523803711,44079.0
0.01796102523803711,43938.0
0.01796102523803711,44090.0
0.01796102523803711,43901.0
0.01796102523803711,43771.0
0.01796102523803711,43992.0
0.01796102523803711,44100.0
0.01796102523803711,44204.0
0.01796102523803711,44096.0
0.01796102523803711,43296.0
0.01796102523803711,43882.0
0.01796102523803711,44014.0
0.01796102523803711,44286.0
0.01796102523803711,44390.0
0.01796102523803711,44504.0
0.01796102523803711,44403.0
0.01796102523803711,44276.0
0.01796102523803711,44403.0
0.01796102523803711,44505.0
0.01796102523803711,44387.0
0.01796102523803711,44279.0
0.01796102523803711,44395.0
0.01796102523803711,44274.0
0.01796102523803711,43875.0
0.01796102523803711,44061.0
0.01796102523803711,44227.0
0.01796102523803711,44455.0
0.01796102523803711,44597.0
0.01796102523803711,44473.0
0.01796102523803711,44318.0
0.01796102523803711,44447.0
0.01796102523803711,44549.0
0.01796102523803711,44701.0
0.01796102523803711,44485.0
0.01796102523803711,44684.0
0.01796102523803711,44535.0
0.01796102523803711,44654.0
0.01796102523803711,44505.0
0.01796102523803711,44625.0
0.01796102523803711,44805.0
0.01796102523803711,44547.0
0.01796102523803711,44760.0
0.01796102523803711,44896.0
0.01796102523803711,44673.0
0.01796102523803711,44875.0
0.01796102523803711,44689.0
0.01796102523803711,44880.0
0.01796102523803711,44657.0
0.01796102523803711,44838.0
0.01796102523803711,44988.0
0.01796102523803711,44711.0
0.01796102523803711,44969.0
0.01796102523803711,44859.0
0.01796102523803711,44973.0
0.01796102523803711,45098.0
0.01796102523803711,44901.0
0.01796102523803711,45050.0
0.01796102523803711,45174.0
0.01796102523803711,45280.0
0.01796102523803711,45383.0
0.01796102523803711,45111.0
0.01796102523803711,45349.0
0.01796102523803711,45214.0
0.01796102523803711,45353.0
0.01796102523803711,45469.0
0.01796102523803711,45337.0
0.01796102523803711,45077.0
0.01796102523803711,45329.0
0.01796102523803711,45445.0
0.01796102523803711,45329.0
0.01796102523803711,45495.0
0.01796102523803711,45227.0
0.01796102523803711,45442.0
0.01796102523803711,45598.0
0.01796102523803711,45491.0
0.01796102523803711,45374.0
0.01796102523803711,45264.0
0.01796102523803711,45405.0
0.01796102523803711,45286.0
0.01796102523803711,45170.0
0.01796102523803711,45298.0
0.01796102523803711,45399.0
0.01796102523803711,44956.0
0.01796102523803711,44842.0
0.01796102523803711,45087.0
0.01796102523803711,45350.0
0.01796102523803711,45469.0
0.01796102523803711,45576.0
0.01796102523803711,45363.0
0.01796102523803711,45476.0
0.01796102523803711,45659.0
0.01796102523803711,45771.0
0.01796102523803711,45881.0
0.01796102523803711,45756.0
0.01796102523803711,45655.0
0.01796102523803711,45804.0
0.01796102523803711,45367.0
0.01796102523803711,45766.0
0.01796102523803711,45617.0
0.01796102523803711,45724.0
0.01796102523803711,45879.0
0.01796102523803711,46000.0
0.01796102523803711,45772.0
0.01796102523803711,46001.0
0.01796102523803711,45897.0
0.01796102523803711,45998.0
0.01796102523803711,45846.0
0.01796102523803711,45955.0
0.01796102523803711,46102.0
0.01796102523803711,45987.0
0.01796102523803711,45847.0
0.01796102523803711,46005.0
0.01796102523803711,45888.0
0.01796102523803711,45642.0
0.01796102523803711,45887.0
0.01796102523803711,45728.0
0.01796102523803711,45884.0
0.01796102523803711,45662.0
0.01796102523803711,45844.0
0.01796102523803711,45450.0
0.01796102523803711,45893.0
0.01796102523803711,45777.0
0.01796102523803711,45676.0
0.01796102523803711,45536.0
0.01796102523803711,45676.0
0.01796102523803711,45799.0
0.01796102523803711,45684.0
0.01796102523803711,45803.0
0.031055927276611328,45671.0
0.031055927276611328,45795.0
0.031055927276611328,45899.0
0.03222012519836426,45752.0
0.03222012519836426,45870.0
0.03222012519836426,45718.0
0.03222012519836426,45600.0
0.03222012519836426,45749.0
0.03222012519836426,45865.0
0.03222012519836426,45993.0
0.03222012519836426,45594.0
0.03222012519836426,45776.0
0.03222012519836426,46081.0
0.03222012519836426,45560.0
0.03222012519836426,45912.0
0.03222012519836426,46188.0
0.03222012519836426,46080.0
0.03222012519836426,46197.0
0.03222012519836426,46045.0
0.03222012519836426,46152.0
0.03222012519836426,46271.0
0.03222012519836426,45794.0
0.03222012519836426,45945.0
0.03222012519836426,45813.0
0.03222012519836426,46304.0
0.03222012519836426,46188.0
0.03222012519836426,46298.0
0.03222012519836426,46121.0
0.03222012519836426,46270.0
0.03222012519836426,46374.0
0.03222012519836426,46500.0
0.03222012519836426,46195.0
0.03222012519836426,46445.0
0.03222012519836426,46582.0
0.03222012519836426,46442.0
0.03222012519836426,46603.0
0.03222012519836426,46353.0
0.03222012519836426,46581.0
0.03222012519836426,46271.0
0.03222012519836426,46562.0
0.03222012519836426,46152.0
0.03222012519836426,46338.0
0.03222012519836426,46552.0
0.03222012519836426,46798.0
0.03222012519836426,46489.0
0.03222012519836426,46711.0
0.03222012519836426,46836.0
0.03222012519836426,46966.0
0.03222012519836426,46859.0
0.03222012519836426,46750.0
0.03222012519836426,46901.0
0.03222012519836426,46797.0
0.03222012519836426,46653.0
0.03222012519836426,46517.0
0.03222012519836426,46390.0
0.03222012519836426,46534.0
0.03222012519836426,46395.0
0.03222012519836426,46589.0
0.03222012519836426,46478.0
0.03222012519836426,46263.0
0.03222012519836426,46472.0
0.03222012519836426,46580.0
0.03222012519836426,46452.0
0.03222012519836426,46562.0
0.03222012519836426,46690.0
0.03222012519836426,46481.0
0.03222012519836426,46183.0
0.03222012519836426,46069.0
0.03222012519836426,46270.0
0.03222012519836426,46588.0
0.03222012519836426,46689.0
0.03222012519836426,46586.0
0.03222012519836426,46372.0
0.03222012519836426,46524.0
0.03222012519836426,46423.0
0.03222012519836426,46560.0
0.03222012519836426,46665.0
0.03222012519836426,46561.0
0.03222012519836426,46703.0
0.03222012519836426,46589.0
0.03222012519836426,46434.0
0.03222012519836426,46601.0
0.03222012519836426,46450.0
0.03222012519836426,46605.0
0.03222012519836426,46418.0
0.03222012519836426,46166.0
0.03222012519836426,46450.0
0.03222012519836426,46585.0
0.03222012519836426,46426.0
0.03222012519836426,46314.0
0.03222012519836426,46211.0
0.03222012519836426,46355.0
0.03222012519836426,46037.0
0.03222012519836426,45922.0
0.03222012519836426,46302.0
0.03222012519836426,46138.0
0.03222012519836426,46273.0
0.03222012519836426,46154.0
0.03222012519836426,46278.0
0.03222012519836426,46128.0
0.03222012519836426,46004.0
0.03222012519836426,46136.0
0.03222012519836426,46239.0
0.03222012519836426,46129.0
0.03222012519836426,46292.0
0.03222012519836426,46138.0
0.03222012519836426,46303.0
0.03222012519836426,46171.0
0.03222012519836426,46005.0
0.03222012519836426,46131.0
0.03222012519836426,45971.0
0.03222012519836426,45850.0
0.03222012519836426,45987.0
0.03222012519836426,46148.0
0.03222012519836426,46288.0
0.03222012519836426,45772.0
0.03222012519836426,45921.0
0.03222012519836426,46275.0
0.03222012519836426,46391.0
0.03222012519836426,46593.0
0.03222012519836426,46444.0
0.03222012519836426,46594.0
0.03222012519836426,46454.0
0.03222012519836426,46569.0
0.03222012519836426,46452.0
0.03222012519836426,46592.0
0.03222012519836426,46488.0
0.03222012519836426,46351.0
0.03222012519836426,46157.0
0.03222012519836426,46333.0
0.03222012519836426,46466.0
0.03222012519836426,46363.0
0.03222012519836426,46467.0
0.03222012519836426,46362.0
0.03222012519836426,46256.0
0.03222012519836426,46143.0
0.03222012519836426,45904.0
0.03222012519836426,46117.0
0.03222012519836426,46291.0
0.03222012519836426,46039.0
0.03222012519836426,45855.0
0.03222012519836426,46086.0
0.03222012519836426,46250.0
0.03222012519836426,46373.0
0.03222012519836426,46476.0
0.03222012519836426,46276.0
0.03222012519836426,46091.0
0.03222012519836426,46250.0
0.03222012519836426,46140.0
0.03222012519836426,46390.0
0.03222012519836426,46499.0
0.03222012519836426,46375.0
0.03222012519836426,46175.0
0.03222012519836426,46370.0
0.03222012519836426,46117.0
0.03222012519836426,46339.0
0.03222012519836426,46212.0
0.03222012519836426,46373.0
0.03222012519836426,46171.0
0.03222012519836426,46402.0
0.03222012519836426,46298.0
0.03222012519836426,46178.0
0.03222012519836426,45998.0
0.03222012519836426,46149.0
0.03222012519836426,46286.0
0.03222012519836426,46387.0
0.03222012519836426,46491.0
0.03222012519836426,46330.0
0.03222012519836426,46131.0
0.03222012519836426,46328.0
0.03222012519836426,46462.0
0.03222012519836426,46346.0
0.03222012519836426,46232.0
0.03222012519836426,46393.0
0.03222012519836426,46137.0
0.03222012519836426,46284.0
0.03222012519836426,46439.0
0.03222012519836426,46314.0
0.03222012519836426,46486.0
0.03222012519836426,46241.0
0.03222012519836426,46039.0
0.03222012519836426,46405.0
0.03222012519836426,46296.0
0.03222012519836426,46191.0
0.03222012519836426,45998.0
0.03222012519836426,46191.0
0.03222012519836426,46042.0
0.03222012519836426,46183.0
0.03222012519836426,46293.0
0.03222012519836426,46080.0
0.03222012519836426,46199.0
0.03222012519836426,46019.0
0.03222012519836426,46250.0
0.03222012519836426,46393.0
0.03222012519836426,46502.0
0.03222012519836426,46367.0
0.03222012519836426,46108.0
0.03222012519836426,45947.0
0.03222012519836426,46262.0
0.03222012519836426,46386.0
0.03222012519836426,46225.0
0.03222012519836426,46076.0
0.03222012519836426,46247.0
0.03222012519836426,46146.0
0.03222012519836426,45877.0
0.03222012519836426,45736.0
0.03222012519836426,45893.0
0.03222012519836426,45777.0
0.03222012519836426,45980.0
0.03222012519836426,46125.0
0.03222012519836426,46261.0
0.03222012519836426,46362.0
0.03222012519836426,46234.0
0.03222012519836426,46375.0
0.03222012519836426,46234.0
0.03222012519836426,46357.0
0.03222012519836426,46232.0
0.03222012519836426,46383.0
0.03222012519836426,46484.0
0.03222012519836426,46604.0
0.03222012519836426,46018.0
0.03222012519836426,46327.0
0.03222012519836426,46482.0
0.03222012519836426,46765.0
0.03222012519836426,46629.0
0.03222012519836426,46352.0
0.03222012519836426,46125.0
0.03222012519836426,46323.0
0.03222012519836426,46628.0
0.03222012519836426,46731.0
0.03222012519836426,46551.0
0.03222012519836426,46661.0
0.03222012519836426,46506.0
0.03222012519836426,46364.0
0.03222012519836426,46555.0
0.03222012519836426,46735.0
0.03222012519836426,46903.0
0.03222012519836426,46784.0
0.03222012519836426,46508.0
0.03222012519836426,46766.0
0.03222012519836426,46543.0
0.03222012519836426,46703.0
0.03222012519836426,46838.0
0.03222012519836426,46951.0
0.03222012519836426,47083.0
0.03222012519836426,46955.0
0.03222012519836426,46794.0
0.03222012519836426,46946.0
0.03222012519836426,47070.0
0.03222012519836426,47185.0
0.03222012519836426,47082.0
0.03222012519836426,46950.0
0.03222012519836426,46298.0
0.03222012519836426,46147.0
0.03222012519836426,46506.0
0.03222012519836426,46966.0
0.03222012519836426,46757.0
0.03222012519836426,46610.0
0.03222012519836426,46770.0
0.03222012519836426,46665.0
0.03222012519836426,46859.0
0.03222012519836426,46981.0
0.03222012519836426,47083.0
0.03222012519836426,46820.0
0.03222012519836426,47080.0
0.03222012519836426,47205.0
0.03222012519836426,46910.0
0.03222012519836426,47128.0
0.03222012519836426,47273.0
0.03222012519836426,47389.0
0.03222012519836426,47206.0
0.03222012519836426,47352.0
0.03222012519836426,47484.0
0.03222012519836426,47365.0
0.03222012519836426,47504.0
0.03222012519836426,47394.0
0.03222012519836426,47262.0
0.03222012519836426,47140.0
0.03222012519836426,47245.0
0.03222012519836426,47126.0
0.03222012519836426,47275.0
0.03222012519836426,47397.0
0.03222012519836426,47278.0
0.03222012519836426,47114.0
0.03222012519836426,47228.0
0.03222012519836426,47075.0
0.03222012519836426,47223.0
0.03222012519836426,47020.0
0.03222012519836426,47297.0
0.03222012519836426,47141.0
0.03222012519836426,47293.0
0.03222012519836426,46911.0
0.03222012519836426,47163.0
0.03222012519836426,47040.0
0.03222012519836426,47255.0
0.03222012519836426,47127.0
0.03222012519836426,47259.0
0.03222012519836426,47149.0
0.03222012519836426,47282.0
0.03222012519836426,47117.0
0.03222012519836426,47258.0
0.03222012519836426,47378.0
0.03222012519836426,47218.0
0.03222012519836426,47114.0
0.03222012519836426,47283.0
0.03222012519836426,47020.0
0.03222012519836426,47243.0
0.03222012519836426,47357.0
0.03222012519836426,47484.0
0.046811819076538086,47367.0
0.046811819076538086,47263.0
0.04745769500732422,47381.0
0.04745769500732422,47485.0
0.04745769500732422,47377.0
0.049696922302246094,47261.0
0.05053424835205078,47146.0
0.05053424835205078,47037.0
0.05053424835205078,46916.0
0.05053424835205078,46757.0
0.05053424835205078,46655.0
0.05150604248046875,46852.0
0.05150604248046875,46742.0
0.05150604248046875,46619.0
0.05150604248046875,46510.0
0.05150604248046875,46698.0
0.05150604248046875,46597.0
0.05150604248046875,46407.0
0.05150604248046875,46600.0
0.05150604248046875,46499.0
0.05247831344604492,46328.0
0.05247831344604492,46489.0
0.05247831344604492,46202.0
0.05247831344604492,46498.0
0.05247831344604492,46339.0
0.05247831344604492,46442.0
0.05247831344604492,46281.0
0.05247831344604492,46117.0
0.05247831344604492,46353.0
0.05247831344604492,46474.0
0.05247831344604492,46602.0
0.05247831344604492,46465.0
0.05247831344604492,46602.0
0.05247831344604492,46704.0
0.05247831344604492,46602.0
0.05247831344604492,46478.0
0.05247831344604492,46601.0
0.05247831344604492,46455.0
0.05247831344604492,46312.0
0.05247831344604492,46489.0
0.05247831344604492,46322.0
0.05247831344604492,46502.0
0.05247831344604492,46389.0
0.05247831344604492,46273.0
0.05247831344604492,46381.0
0.05247831344604492,46229.0
0.05247831344604492,46063.0
0.05247831344604492,46266.0
0.05247831344604492,46391.0
0.05247831344604492,46505.0
0.05247831344604492,46395.0
0.05247831344604492,46281.0
0.05247831344604492,46152.0
0.05247831344604492,45963.0
0.05247831344604492,46194.0
0.05247831344604492,46091.0
0.05247831344604492,45897.0
0.05247831344604492,46014.0
0.05247831344604492,46161.0
0.05247831344604492,46014.0
0.05247831344604492,46188.0
0.057985544204711914,45822.0
0.057985544204711914,46093.0
0.057985544204711914,46253.0
0.057985544204711914,46372.0
0.057985544204711914,46265.0
0.057985544204711914,46397.0
0.057985544204711914,46260.0
0.057985544204711914,46376.0
0.057985544204711914,46142.0
0.057985544204711914,46323.0
0.057985544204711914,46484.0
0.057985544204711914,46354.0
0.057985544204711914,46247.0
0.057985544204711914,46398.0
0.057985544204711914,46284.0
0.057985544204711914,46053.0
0.057985544204711914,46194.0
0.057985544204711914,46349.0
0.057985544204711914,46468.0
0.057985544204711914,46588.0
0.057985544204711914,46412.0
0.057985544204711914,46578.0
0.057985544204711914,46328.0
0.057985544204711914,46444.0
0.057985544204711914,46561.0
0.057985544204711914,46761.0
0.057985544204711914,46896.0
0.057985544204711914,46997.0
0.057985544204711914,46863.0
0.057985544204711914,46714.0
0.057985544204711914,46865.0
0.057985544204711914,46976.0
0.057985544204711914,47095.0
0.057985544204711914,47199.0
0.057985544204711914,46961.0
0.057985544204711914,46828.0
0.057985544204711914,47061.0
0.057985544204711914,47197.0
0.057985544204711914,47064.0
0.057985544204711914,46867.0
0.057985544204711914,47095.0
0.057985544204711914,46934.0
0.057985544204711914,46815.0
0.057985544204711914,46675.0
0.057985544204711914,46883.0
0.057985544204711914,46733.0
0.057985544204711914,46842.0
0.057985544204711914,46945.0
0.057985544204711914,47096.0
0.057985544204711914,46960.0
0.057985544204711914,47085.0
0.057985544204711914,46904.0
0.057985544204711914,46520.0
0.057985544204711914,46623.0
0.057985544204711914,47062.0
0.057985544204711914,47197.0
0.057985544204711914,47045.0
0.057985544204711914,47188.0
0.057985544204711914,47083.0
0.06249356269836426,46852.0
0.06249356269836426,47024.0
0.06249356269836426,47190.0
0.06249356269836426,47300.0
0.06249356269836426,47036.0
0.06249356269836426,47283.0
0.06249356269836426,47387.0
0.06249356269836426,47142.0
0.06249356269836426,47351.0
0.06249356269836426,47498.0
0.06249356269836426,47378.0
0.06249356269836426,47263.0
0.06249356269836426,47138.0
0.06249356269836426,47304.0
0.06249356269836426,47127.0
0.06249356269836426,47017.0
0.06249356269836426,47169.0
0.06249356269836426,47284.0
0.06249356269836426,47182.0
0.06249356269836426,47038.0
0.06249356269836426,46823.0
0.06249356269836426,47008.0
0.06249356269836426,47138.0
0.06249356269836426,47252.0
0.06249356269836426,47385.0
0.06249356269836426,47154.0
0.06249356269836426,47369.0
0.06249356269836426,47471.0
0.06249356269836426,47590.0
0.06249356269836426,47447.0
0.06249356269836426,47287.0
0.06609535217285156,47408.0
0.06609535217285156,47515.0
0.06609535217285156,47653.0
0.06609535217285156,47523.0
0.06609535217285156,47351.0
0.06609535217285156,47227.0
0.06609535217285156,47397.0
0.06609535217285156,47574.0
0.06609535217285156,47705.0
0.06609535217285156,47556.0
0.06609535217285156,47680.0
0.06609535217285156,47487.0
0.06609535217285156,47673.0
0.06609535217285156,47798.0
0.06836771965026855,47673.0
0.06836771965026855,47803.0
0.06836771965026855,47675.0
0.07033085823059082,47551.0
0.07033085823059082,47697.0
0.07033085823059082,47570.0
0.07033085823059082,47437.0
0.07033085823059082,47551.0
0.07033085823059082,47667.0
0.07033085823059082,47559.0
0.07033085823059082,47409.0
0.07033085823059082,47513.0
0.07033085823059082,47698.0
0.07033085823059082,47804.0
0.07271838188171387,47697.0
0.07271838188171387,47579.0
0.07271838188171387,47451.0
0.07271838188171387,47583.0
0.07271838188171387,47693.0
0.07271838188171387,47551.0
0.07271838188171387,47400.0
0.07271838188171387,47527.0
0.07271838188171387,47669.0
0.07271838188171387,47788.0
0.07271838188171387,47901.0
0.07271838188171387,47792.0
0.07271838188171387,47904.0
0.07271838188171387,47646.0
0.07271838188171387,47861.0
0.07271838188171387,47738.0
0.07271838188171387,47552.0
0.07271838188171387,47659.0
0.07271838188171387,47827.0
0.07271838188171387,47709.0
0.07271838188171387,47898.0
0.07271838188171387,47793.0
0.07271838188171387,47898.0
0.07271838188171387,47680.0
0.07271838188171387,47864.0
0.07271838188171387,47727.0
0.07271838188171387,47891.0
0.07271838188171387,47740.0
0.07271838188171387,47877.0
0.07271838188171387,47746.0
0.07271838188171387,47614.0
0.07271838188171387,47450.0
0.07271838188171387,47608.0
0.07271838188171387,47786.0
0.07271838188171387,47644.0
0.07271838188171387,47772.0
0.07271838188171387,47904.0
0.07271838188171387,47755.0
0.07271838188171387,47642.0
0.07271838188171387,47765.0
0.07271838188171387,47574.0
0.07271838188171387,47760.0
0.07271838188171387,47656.0
0.07271838188171387,47798.0
0.07271838188171387,47643.0
0.07271838188171387,47784.0
0.07271838188171387,47680.0
0.07271838188171387,47784.0
0.07271838188171387,47583.0
0.07271838188171387,47710.0
0.07271838188171387,47861.0
0.07822918891906738,47760.0
0.07822918891906738,47889.0
0.07822918891906738,47698.0
0.07822918891906738,47850.0
0.07822918891906738,47965.0
0.07822918891906738,47777.0
0.07822918891906738,47927.0
0.07822918891906738,48028.0
0.07822918891906738,47854.0
0.07822918891906738,48032.0
0.07822918891906738,48181.0
0.07822918891906738,48018.0
0.07822918891906738,47915.0
0.07822918891906738,48061.0
0.07822918891906738,48179.0
0.07822918891906738,47842.0
0.07822918891906738,48107.0
0.07822918891906738,48215.0
0.07822918891906738,48404.0
0.07952761650085449,48293.0
0.07952761650085449,48176.0
0.07952761650085449,48286.0
0.07952761650085449,48171.0
0.07952761650085449,48272.0
0.07952761650085449,48171.0
0.07952761650085449,48304.0
0.07952761650085449,48203.0
0.07952761650085449,48068.0
0.07952761650085449,48186.0
0.07952761650085449,48054.0
0.07952761650085449,48172.0
0.07952761650085449,48286.0
0.08221888542175293,48403.0
0.08221888542175293,48049.0
0.08221888542175293,48343.0
0.08221888542175293,48451.0
0.08221888542175293,48335.0
0.08221888542175293,48462.0
0.08221888542175293,48265.0
0.08221888542175293,48478.0
0.08221888542175293,48331.0
0.08221888542175293,48489.0
0.08375144004821777,48291.0
0.08375144004821777,48463.0
0.08375144004821777,48360.0
0.08375144004821777,48232.0
0.08375144004821777,48085.0
0.08375144004821777,48239.0
0.08375144004821777,48398.0
0.08375144004821777,48288.0
0.08375144004821777,48093.0
0.08375144004821777,48285.0
0.08375144004821777,48170.0
0.08375144004821777,48066.0
0.08375144004821777,48204.0
0.08375144004821777,48094.0
0.08375144004821777,47992.0
0.08375144004821777,47876.0
0.08375144004821777,47773.0
0.08375144004821777,47615.0
0.08375144004821777,47719.0
0.08375144004821777,47833.0
0.08375144004821777,47715.0
0.08375144004821777,47888.0
0.08375144004821777,47761.0
0.08375144004821777,47654.0
0.08375144004821777,47794.0
0.08375144004821777,47903.0
0.08375144004821777,47797.0
0.08375144004821777,47901.0
0.08375144004821777,47723.0
0.08375144004821777,47903.0
0.08375144004821777,47766.0
0.08375144004821777,47879.0
0.08375144004821777,47724.0
0.08375144004821777,47898.0
0.08375144004821777,47754.0
0.08375144004821777,47882.0
0.08375144004821777,47764.0
0.08375144004821777,47578.0
0.08375144004821777,47725.0
0.08375144004821777,47850.0
0.08375144004821777,47724.0
0.08375144004821777,47905.0
0.08375144004821777,47733.0
0.08375144004821777,47613.0
0.08375144004821777,47721.0
0.08375144004821777,47861.0
0.08375144004821777,47965.0
0.08375144004821777,48081.0
0.08375144004821777,48186.0
0.08375144004821777,48068.0
0.08375144004821777,48198.0
0.08375144004821777,48040.0
0.08375144004821777,47936.0
0.08375144004821777,48084.0
0.08375144004821777,47976.0
0.08375144004821777,47718.0
0.08375144004821777,47940.0
0.08375144004821777,48092.0
0.08375144004821777,48198.0
0.08375144004821777,48300.0
0.08375144004821777,48168.0
0.08375144004821777,48052.0
0.08375144004821777,48153.0
0.08375144004821777,48260.0
0.08375144004821777,48383.0
0.08375144004821777,48499.0
0.08375144004821777,48348.0
0.08375144004821777,48465.0
0.08375144004821777,48320.0
0.08375144004821777,48173.0
0.08375144004821777,48380.0
0.08375144004821777,48494.0
0.08375144004821777,48605.0
0.08375144004821777,48498.0
0.08375144004821777,48387.0
0.08375144004821777,48262.0
0.08375144004821777,48153.0
0.08375144004821777,48045.0
0.08375144004821777,47500.0
0.08375144004821777,47392.0
0.08375144004821777,47494.0
0.08375144004821777,47649.0
0.08375144004821777,47941.0
0.08375144004821777,48115.0
0.08375144004821777,48375.0
0.08375144004821777,48259.0
0.08375144004821777,48110.0
0.08375144004821777,48274.0
0.08375144004821777,48398.0
0.08375144004821777,48499.0
0.08375144004821777,48602.0
0.08375144004821777,48498.0
0.08375144004821777,48390.0
0.08375144004821777,48289.0
0.09425759315490723,48161.0
0.09425759315490723,48051.0
0.09425759315490723,48200.0
0.09425759315490723,48008.0
0.09425759315490723,48166.0
0.09425759315490723,48291.0
0.09425759315490723,48394.0
0.09425759315490723,48254.0
0.09425759315490723,48403.0
0.09425759315490723,48266.0
0.09425759315490723,48376.0
0.09425759315490723,48167.0
0.09425759315490723,48362.0
0.09425759315490723,48463.0
0.09425759315490723,48605.0
0.09425759315490723,48459.0
0.09425759315490723,48207.0
0.09425759315490723,48071.0
0.09425759315490723,48268.0
0.09425759315490723,48434.0
0.09425759315490723,48581.0
0.09425759315490723,48691.0
0.09425759315490723,48585.0
0.09425759315490723,48484.0
0.09425759315490723,48604.0
0.09425759315490723,48490.0
0.09425759315490723,48599.0
0.09425759315490723,48450.0
0.09425759315490723,48583.0
0.09425759315490723,48467.0
0.09425759315490723,48317.0
0.09425759315490723,48425.0
0.09425759315490723,48595.0
0.09425759315490723,48337.0
0.09425759315490723,48218.0
0.09425759315490723,48079.0
0.09425759315490723,48337.0
0.09425759315490723,48482.0
0.09425759315490723,48600.0
0.09425759315490723,48471.0
0.09425759315490723,48575.0
0.09425759315490723,48394.0
0.09425759315490723,48514.0
0.09425759315490723,48311.0
0.09425759315490723,48593.0
0.09425759315490723,48700.0
0.09425759315490723,48597.0
0.09425759315490723,48481.0
0.09425759315490723,48586.0
0.09425759315490723,48703.0
0.09425759315490723,48594.0
0.09425759315490723,48437.0
0.09425759315490723,48588.0
0.09425759315490723,48447.0
0.09425759315490723,48562.0
0.09425759315490723,48672.0
0.09425759315490723,48787.0
0.09425759315490723,48506.0
0.09425759315490723,48748.0
0.09425759315490723,48647.0
0.09425759315490723,48763.0
0.09425759315490723,48574.0
0.09425759315490723,48703.0
0.09425759315490723,48857.0
0.09425759315490723,49004.0
0.09425759315490723,48882.0
0.09425759315490723,48766.0
0.09425759315490723,48891.0
0.09425759315490723,48705.0
0.09425759315490723,48854.0
0.09425759315490723,48985.0
0.09425759315490723,49093.0
0.09425759315490723,48968.0
0.09425759315490723,48830.0
0.09425759315490723,48953.0
0.09425759315490723,48819.0
0.09425759315490723,48974.0
0.09425759315490723,49075.0
0.09425759315490723,48963.0
0.09425759315490723,48858.0
0.09425759315490723,48982.0
0.09425759315490723,48866.0
0.09425759315490723,49003.0
0.09425759315490723,48884.0
0.09425759315490723,48999.0
0.09425759315490723,48885.0
0.09425759315490723,48992.0
0.09425759315490723,48877.0
0.09425759315490723,48754.0
0.09425759315490723,48644.0
0.09425759315490723,48530.0
0.09425759315490723,48691.0
0.09425759315490723,48800.0
0.09425759315490723,48600.0
0.09425759315490723,48794.0
0.09425759315490723,48897.0
0.09425759315490723,48775.0
0.09425759315490723,48890.0
0.09425759315490723,48606.0
0.09425759315490723,48483.0
0.09425759315490723,48686.0
0.09425759315490723,48847.0
0.09425759315490723,48993.0
0.09425759315490723,48812.0
0.09425759315490723,48961.0
0.09425759315490723,48775.0
0.09425759315490723,48674.0
0.09425759315490723,48790.0
0.09425759315490723,48895.0
0.09425759315490723,49002.0
0.09425759315490723,49158.0
0.09425759315490723,49053.0
0.09425759315490723,49188.0
0.09425759315490723,49085.0
0.09425759315490723,49204.0
0.09425759315490723,49030.0
0.09425759315490723,49195.0
0.09425759315490723,49298.0
0.10988426208496094,49140.0
0.10988426208496094,49289.0
0.10988426208496094,49168.0
0.10988426208496094,49061.0
0.10988426208496094,49204.0
0.11090755462646484,49097.0
0.11090755462646484,48952.0
0.11090755462646484,49076.0
0.11090755462646484,48952.0
0.11090755462646484,49084.0
0.11090755462646484,49189.0
0.11090755462646484,49299.0
0.11090755462646484,49190.0
0.11090755462646484,49291.0
0.11090755462646484,49171.0
0.11090755462646484,48986.0
0.11090755462646484,49179.0
0.11090755462646484,49293.0
0.11090755462646484,48951.0
0.11090755462646484,49257.0
0.11090755462646484,49373.0
0.11090755462646484,49196.0
0.11090755462646484,49323.0
0.11090755462646484,49143.0
0.11090755462646484,49402.0
0.11090755462646484,49266.0
0.11090755462646484,49382.0
0.11090755462646484,49498.0
0.11090755462646484,49382.0
0.11090755462646484,49237.0
0.11090755462646484,49105.0
0.11090755462646484,49229.0
0.11090755462646484,49393.0
0.11090755462646484,49258.0
0.11090755462646484,49398.0
0.11090755462646484,49505.0
0.11090755462646484,49354.0
0.11090755462646484,49469.0
0.11090755462646484,49355.0
0.11090755462646484,49470.0
0.11090755462646484,49588.0
0.11090755462646484,49704.0
0.11090755462646484,49545.0
0.11090755462646484,49659.0
0.11090755462646484,49787.0
0.11090755462646484,49896.0
0.11090755462646484,49769.0
0.11090755462646484,49904.0
0.11090755462646484,49788.0
0.11090755462646484,49653.0
0.11090755462646484,49538.0
0.11090755462646484,49685.0
0.11090755462646484,49556.0
0.11090755462646484,49657.0
0.11090755462646484,49792.0
0.11090755462646484,49683.0
0.11090755462646484,49489.0
0.11090755462646484,49686.0
0.11090755462646484,49567.0
0.11090755462646484,49703.0
0.11090755462646484,49578.0
0.11090755462646484,49454.0
0.11090755462646484,49272.0
0.11090755462646484,49458.0
0.11090755462646484,49339.0
0.11090755462646484,49471.0
0.11090755462646484,49362.0
0.11090755462646484,49485.0
0.11090755462646484,49338.0
0.11090755462646484,49448.0
0.11090755462646484,49598.0
0.11090755462646484,49444.0
0.11090755462646484,49563.0
0.11090755462646484,49671.0
0.11090755462646484,49789.0
0.11090755462646484,49671.0
0.11090755462646484,49779.0
0.11090755462646484,49661.0
0.11090755462646484,49771.0
0.11090755462646484,49895.0
0.11090755462646484,49794.0
0.11090755462646484,49691.0
0.11090755462646484,49526.0
0.11090755462646484,49698.0
0.11090755462646484,49799.0
0.11090755462646484,49900.0
0.11090755462646484,49751.0
0.11090755462646484,49854.0
0.11090755462646484,49963.0
0.11090755462646484,50081.0
0.11090755462646484,50202.0
0.11090755462646484,50305.0
0.11090755462646484,50191.0
0.1259920597076416,50305.0
0.1259920597076416,50182.0
0.1259920597076416,50065.0
0.1259920597076416,49952.0
0.1259920597076416,50082.0
0.1259920597076416,49947.0
0.1259920597076416,49838.0
0.1259920597076416,49979.0
0.1259920597076416,50101.0
0.1259920597076416,50205.0
0.1259920597076416,50079.0
0.1259920597076416,49978.0
0.1259920597076416,50087.0
0.1259920597076416,50201.0
0.1259920597076416,50021.0
0.1259920597076416,50203.0
0.1259920597076416,50098.0
0.1259920597076416,49921.0
0.1259920597076416,50031.0
0.1259920597076416,50204.0
0.1259920597076416,50079.0
0.1259920597076416,49857.0
0.1259920597076416,50038.0
0.1259920597076416,49903.0
0.1259920597076416,49800.0
0.1259920597076416,49922.0
0.1259920597076416,50074.0
0.1259920597076416,49919.0
0.1259920597076416,50079.0
0.1259920597076416,49932.0
0.1259920597076416,50081.0
0.1259920597076416,49956.0
0.1259920597076416,50082.0
0.1259920597076416,50202.0
0.1259920597076416,50065.0
0.1259920597076416,50200.0
0.1259920597076416,50072.0
0.1259920597076416,50204.0
0.1259920597076416,50100.0
0.1259920597076416,50203.0
0.1259920597076416,50100.0
0.1259920597076416,49997.0
0.14179563522338867,49856.0
0.14179563522338867,49966.0
0.14179563522338867,50101.0
0.14179563522338867,50204.0
0.14179563522338867,50094.0
0.14179563522338867,49978.0
0.14179563522338867,50100.0
0.14179563522338867,50204.0
0.14179563522338867,50100.0
0.14179563522338867,50205.0
0.14179563522338867,50097.0
0.14179563522338867,50205.0
0.14179563522338867,50074.0
0.14179563522338867,50189.0
0.14179563522338867,50295.0
0.14179563522338867,50185.0
0.14179563522338867,50304.0
0.14179563522338867,50167.0
0.14179563522338867,50286.0
0.14179563522338867,50404.0
0.14179563522338867,50298.0
0.14179563522338867,50403.0
0.14179563522338867,50273.0
0.14179563522338867,50389.0
0.14179563522338867,50256.0
0.14179563522338867,50400.0
0.14179563522338867,50290.0
0.14179563522338867,50400.0
0.14179563522338867,50290.0
0.14179563522338867,50402.0
0.14179563522338867,50270.0
0.14179563522338867,50393.0
0.14179563522338867,50503.0
0.15814208984375,50358.0
0.15814208984375,50243.0
0.15814208984375,50354.0
0.15814208984375,50498.0
0.15814208984375,50601.0
0.15814208984375,50705.0
0.15814208984375,50521.0
0.15814208984375,50653.0
0.15814208984375,50781.0
0.15814208984375,50664.0
0.15814208984375,50783.0
0.15814208984375,50904.0
0.15814208984375,50790.0
0.15814208984375,50666.0
0.15814208984375,50781.0
0.15814208984375,50897.0
0.15814208984375,50757.0
0.15814208984375,50885.0
0.15814208984375,50986.0
0.15814208984375,51099.0
0.15814208984375,51200.0
0.15814208984375,51092.0
0.15814208984375,51201.0
0.15814208984375,51050.0
0.15814208984375,51178.0
0.15814208984375,51299.0
0.1742722988128662,51405.0
