0.0,30100.0
0.0025177001953125,29579.0
0.0025177001953125,29932.0
0.0025177001953125,30204.0
0.0025177001953125,29805.0
0.0025177001953125,30067.0
0.0025177001953125,30275.0
0.0025177001953125,30391.0
0.0025177001953125,30505.0
0.0025177001953125,29590.0
0.0025177001953125,29877.0
0.0025177001953125,30552.0
0.0025177001953125,30669.0
0.0025177001953125,30777.0
0.0025177001953125,30900.0
0.0025177001953125,30100.0
0.0025177001953125,30812.0
0.0025177001953125,30983.0
0.0025177001953125,31099.0
0.0025177001953125,30928.0
0.0025177001953125,31033.0
0.0025177001953125,31166.0
0.0025177001953125,31291.0
0.0025177001953125,30775.0
0.0025177001953125,31056.0
0.0025177001953125,31326.0
0.0025177001953125,31447.0
0.0025177001953125,31557.0
0.0025177001953125,31677.0
0.0025177001953125,31786.0
0.0025177001953125,31524.0
0.0025177001953125,31648.0
0.0025177001953125,31877.0
0.0025177001953125,31993.0
0.0025177001953125,32102.0
0.0025177001953125,32205.0
0.0025177001953125,32096.0
0.0025177001953125,31858.0
0.0025177001953125,31636.0
0.0025177001953125,31944.0
0.0025177001953125,32072.0
0.0025177001953125,32196.0
0.0025177001953125,32076.0
0.0025177001953125,31975.0
0.0025177001953125,32099.0
0.0025177001953125,31991.0
0.0025177001953125,32100.0
0.0025177001953125,32201.0
0.0025177001953125,32098.0
0.0025177001953125,31982.0
0.0025177001953125,32100.0
0.0025177001953125,31426.0
0.0025177001953125,31697.0
0.0025177001953125,32068.0
0.0025177001953125,32192.0
0.0025177001953125,32067.0
0.0025177001953125,32257.0
0.0025177001953125,32378.0
0.0025177001953125,32497.0
0.0025177001953125,32354.0
0.0025177001953125,32245.0
0.0025177001953125,32396.0
0.0025177001953125,32500.0
0.0025177001953125,32601.0
0.0025177001953125,32477.0
0.0025177001953125,32368.0
0.0025177001953125,32478.0
0.0025177001953125,32586.0
0.0025177001953125,32703.0
0.0025177001953125,32602.0
0.0025177001953125,32143.0
0.0025177001953125,32496.0
0.0025177001953125,32643.0
0.0025177001953125,32775.0
0.0025177001953125,32504.0
0.0025177001953125,32742.0
0.0025177001953125,32889.0
0.0025177001953125,32770.0
0.0025177001953125,32892.0
0.0025177001953125,33001.0
0.0025177001953125,32880.0
0.0025177001953125,32991.0
0.0025177001953125,33105.0
0.0025177001953125,32577.0
0.0025177001953125,32955.0
0.0025177001953125,33095.0
0.0025177001953125,33198.0
0.0025177001953125,33356.0
0.0025177001953125,33086.0
0.0025177001953125,33393.0
0.0025177001953125,33496.0
0.0025177001953125,33074.0
0.0025177001953125,33357.0
0.0025177001953125,33599.0
0.0025177001953125,33405.0
0.0025177001953125,33596.0
0.0025177001953125,33248.0
0.0025177001953125,33455.0
0.0025177001953125,33323.0
0.0025177001953125,33481.0
0.0025177001953125,33678.0
0.0025177001953125,33804.0
0.0025177001953125,32989.0
0.0025177001953125,33629.0
0.0025177001953125,33203.0
0.0025177001953125,33783.0
0.0025177001953125,33636.0
0.0025177001953125,33503.0
0.0025177001953125,33685.0
0.0025177001953125,33398.0
0.0025177001953125,33549.0
0.0025177001953125,32851.0
0.0025177001953125,33240.0
0.0025177001953125,33483.0
0.0025177001953125,33865.0
0.0025177001953125,33979.0
0.0025177001953125,34100.0
0.0025177001953125,33991.0
0.0025177001953125,34098.0
0.0025177001953125,34204.0
0.0025177001953125,33896.0
0.0025177001953125,34063.0
0.0025177001953125,33780.0
0.0025177001953125,33924.0
0.0025177001953125,33807.0
0.0025177001953125,34153.0
0.0025177001953125,34266.0
0.0025177001953125,34403.0
0.0025177001953125,34504.0
0.0025177001953125,34115.0
0.0025177001953125,34458.0
0.0025177001953125,33991.0
0.0025177001953125,34276.0
0.0025177001953125,34535.0
0.0025177001953125,34002.0
0.0025177001953125,34160.0
0.0025177001953125,34455.0
0.0025177001953125,34721.0
0.0025177001953125,34868.0
0.0025177001953125,34978.0
0.0025177001953125,35093.0
0.0025177001953125,35203.0
0.0025177001953125,35100.0
0.0025177001953125,34930.0
0.0025177001953125,35062.0
0.0025177001953125,35179.0
0.0025177001953125,35292.0
0.0025177001953125,35134.0
0.0025177001953125,35282.0
0.0025177001953125,34337.0
0.0025177001953125,35183.0
0.0025177001953125,35349.0
0.0025177001953125,35465.0
0.0025177001953125,35602.0
0.0025177001953125,34853.0
0.0025177001953125,35581.0
0.0025177001953125,35701.0
0.0025177001953125,35803.0
0.0025177001953125,35425.0
0.0025177001953125,35777.0
0.0025177001953125,35905.0
0.0025177001953125,35795.0
0.0025177001953125,34701.0
0.0025177001953125,35525.0
0.0025177001953125,35863.0
0.0025177001953125,35979.0
0.0025177001953125,36080.0
0.0025177001953125,36199.0
0.0025177001953125,36303.0
0.0025177001953125,36202.0
0.0025177001953125,36094.0
0.0025177001953125,35256.0
0.0025177001953125,35465.0
0.0025177001953125,35725.0
0.0025177001953125,35951.0
0.0025177001953125,36202.0
0.0025177001953125,36436.0
0.0025177001953125,36591.0
0.0025177001953125,36397.0
0.0025177001953125,36273.0
0.0025177001953125,35545.0
0.0025177001953125,35760.0
0.0025177001953125,36473.0
0.0025177001953125,36605.0
0.0025177001953125,35823.0
0.0025177001953125,36550.0
0.0025177001953125,36664.0
0.0025177001953125,36797.0
0.0025177001953125,36681.0
0.0025177001953125,36795.0
0.0025177001953125,36903.0
0.0025177001953125,36669.0
0.0025177001953125,36869.0
0.0025177001953125,36741.0
0.0025177001953125,36843.0
0.0025177001953125,36963.0
0.0025177001953125,37096.0
0.0025177001953125,36329.0
0.0025177001953125,36518.0
0.0025177001953125,37157.0
0.0025177001953125,37280.0
0.0025177001953125,37156.0
0.0025177001953125,37271.0
0.0025177001953125,37380.0
0.0025177001953125,37028.0
0.0025177001953125,37364.0
0.0025177001953125,37478.0
0.0025177001953125,37593.0
0.0025177001953125,37446.0
0.0025177001953125,37345.0
0.0025177001953125,37212.0
0.0025177001953125,37362.0
0.0025177001953125,37196.0
0.0025177001953125,37319.0
0.0025177001953125,37496.0
0.0025177001953125,37604.0
0.0025177001953125,37497.0
0.0025177001953125,36405.0
0.0025177001953125,37063.0
0.0025177001953125,37563.0
0.0025177001953125,37450.0
0.0025177001953125,37555.0
0.0025177001953125,37658.0
0.0025177001953125,37468.0
0.0025177001953125,37681.0
0.0025177001953125,37797.0
0.0025177001953125,37680.0
0.0025177001953125,37395.0
0.0025177001953125,37593.0
0.0025177001953125,37739.0
0.0025177001953125,37900.0
0.0025177001953125,37261.0
0.0025177001953125,37881.0
0.0025177001953125,37996.0
0.0025177001953125,37891.0
0.0025177001953125,37745.0
0.0025177001953125,37393.0
0.0025177001953125,37697.0
0.0025177001953125,37837.0
0.0025177001953125,37944.0
0.0025177001953125,38065.0
0.0025177001953125,37839.0
0.0025177001953125,38019.0
0.0025177001953125,38124.0
0.0025177001953125,37449.0
0.0025177001953125,38107.0
0.0025177001953125,38287.0
0.0025177001953125,38140.0
0.0025177001953125,38289.0
0.0025177001953125,38157.0
0.0025177001953125,37985.0
0.0025177001953125,38178.0
0.0025177001953125,38069.0
0.0025177001953125,37698.0
0.0025177001953125,37403.0
0.0025177001953125,37665.0
0.0025177001953125,37784.0
0.0025177001953125,37911.0
0.0025177001953125,38279.0
0.0025177001953125,38394.0
0.0025177001953125,37412.0
0.0025177001953125,38316.0
0.0025177001953125,38441.0
0.0025177001953125,38604.0
0.0025177001953125,38481.0
0.0025177001953125,38367.0
0.0025177001953125,38490.0
0.0025177001953125,38384.0
0.0025177001953125,38500.0
0.0025177001953125,38385.0
0.0025177001953125,38269.0
0.0025177001953125,38386.0
0.0025177001953125,38265.0
0.0025177001953125,37659.0
0.0025177001953125,38091.0
0.0025177001953125,38201.0
0.0025177001953125,38447.0
0.0025177001953125,38587.0
0.0025177001953125,38472.0
0.0025177001953125,38234.0
0.0025177001953125,38405.0
0.0025177001953125,38554.0
0.0025177001953125,38673.0
0.0025177001953125,38801.0
0.0025177001953125,38905.0
0.0025177001953125,37904.0
0.0025177001953125,38347.0
0.0025177001953125,38599.0
0.0025177001953125,38826.0
0.0025177001953125,39151.0
0.0025177001953125,39305.0
0.0025177001953125,39123.0
0.0025177001953125,39256.0
0.0025177001953125,39391.0
0.0025177001953125,39183.0
0.0025177001953125,39340.0
0.0025177001953125,39475.0
0.0025177001953125,39326.0
0.0025177001953125,39498.0
0.0025177001953125,39363.0
0.0025177001953125,39247.0
0.0025177001953125,39370.0
0.0025177001953125,39249.0
0.0025177001953125,39374.0
0.0025177001953125,39207.0
0.0025177001953125,39343.0
0.0025177001953125,39461.0
0.0025177001953125,39359.0
0.0025177001953125,39489.0
0.0025177001953125,39384.0
0.0025177001953125,39244.0
0.0025177001953125,39140.0
0.0025177001953125,39282.0
0.0025177001953125,39055.0
0.0025177001953125,39163.0
0.0025177001953125,39352.0
0.0025177001953125,38767.0
0.0025177001953125,39074.0
0.0025177001953125,39238.0
0.0025177001953125,39600.0
0.0025177001953125,39460.0
0.0025177001953125,39597.0
0.0025177001953125,39494.0
0.0025177001953125,39297.0
0.0025177001953125,39457.0
0.0025177001953125,39571.0
0.0025177001953125,39678.0
0.0025177001953125,39553.0
0.0025177001953125,39681.0
0.0025177001953125,39556.0
0.0025177001953125,39449.0
0.0025177001953125,39321.0
0.0025177001953125,39206.0
0.0025177001953125,38860.0
0.0025177001953125,39032.0
0.0025177001953125,38915.0
0.0025177001953125,39100.0
0.0025177001953125,38978.0
0.0025177001953125,39215.0
0.0025177001953125,39385.0
0.0025177001953125,39275.0
0.0025177001953125,39167.0
0.0025177001953125,38908.0
0.0025177001953125,39173.0
0.0025177001953125,39038.0
0.0025177001953125,39173.0
0.0025177001953125,39064.0
0.0025177001953125,38711.0
0.0025177001953125,39105.0
0.0025177001953125,38916.0
0.0025177001953125,39084.0
0.0025177001953125,38947.0
0.0025177001953125,39088.0
0.0025177001953125,39191.0
0.0025177001953125,39293.0
0.0025177001953125,39156.0
0.0025177001953125,39303.0
0.0025177001953125,39193.0
0.0025177001953125,39029.0
0.0025177001953125,39164.0
0.0025177001953125,39003.0
0.0025177001953125,39138.0
0.0025177001953125,39294.0
0.0025177001953125,39395.0
0.0025177001953125,39259.0
0.0025177001953125,39375.0
0.0025177001953125,39478.0
0.0025177001953125,39603.0
0.0025177001953125,39396.0
0.0025177001953125,39585.0
0.0025177001953125,39469.0
0.0025177001953125,39026.0
0.0025177001953125,39392.0
0.0025177001953125,39557.0
0.0025177001953125,39450.0
0.0025177001953125,39348.0
0.0025177001953125,39456.0
0.0025177001953125,39593.0
0.0025177001953125,39488.0
0.0025177001953125,39330.0
0.0025177001953125,38898.0
0.0025177001953125,39399.0
0.0025177001953125,39118.0
0.0025177001953125,39300.0
0.0025177001953125,39197.0
0.0025177001953125,39017.0
0.0025177001953125,39282.0
0.0025177001953125,39398.0
0.0025177001953125,39248.0
0.0025177001953125,39391.0
0.0025177001953125,39038.0
0.0025177001953125,39250.0
0.0025177001953125,39503.0
0.0025177001953125,39400.0
0.0025177001953125,39263.0
0.0025177001953125,39401.0
0.0025177001953125,39504.0
0.0025177001953125,39122.0
0.0025177001953125,39226.0
0.0025177001953125,39477.0
0.0025177001953125,39638.0
0.0025177001953125,39790.0
0.0025177001953125,39894.0
0.0025177001953125,40003.0
0.0025177001953125,39884.0
0.0025177001953125,39985.0
0.0025177001953125,39884.0
0.0025177001953125,39760.0
0.0025177001953125,39578.0
0.0025177001953125,39783.0
0.0025177001953125,39905.0
0.0025177001953125,39601.0
0.0025177001953125,39891.0
0.0025177001953125,39992.0
0.0025177001953125,39746.0
0.0025177001953125,39957.0
0.0025177001953125,40104.0
0.018646955490112305,39977.0
0.018646955490112305,39851.0
0.018646955490112305,39982.0
0.018646955490112305,40103.0
0.018646955490112305,39999.0
0.018646955490112305,39836.0
0.018646955490112305,39631.0
0.018646955490112305,39751.0
0.018646955490112305,39600.0
0.018646955490112305,39834.0
0.018646955490112305,39976.0
0.018646955490112305,39610.0
0.018646955490112305,39937.0
0.018646955490112305,40056.0
0.018646955490112305,40180.0
0.018646955490112305,39943.0
0.018646955490112305,40103.0
0.018646955490112305,39983.0
0.018646955490112305,40098.0
0.018646955490112305,40246.0
0.018646955490112305,40123.0
0.018646955490112305,40235.0
0.018646955490112305,40401.0
0.018646955490112305,40094.0
0.018646955490112305,40220.0
0.018646955490112305,40504.0
0.018646955490112305,40362.0
0.018646955490112305,40504.0
0.018646955490112305,40400.0
0.018646955490112305,40269.0
0.018646955490112305,40401.0
0.018646955490112305,40094.0
0.018646955490112305,40365.0
0.018646955490112305,40250.0
0.018646955490112305,40391.0
0.018646955490112305,40268.0
0.018646955490112305,39834.0
0.018646955490112305,40304.0
0.018646955490112305,40132.0
0.018646955490112305,40263.0
0.018646955490112305,40160.0
0.018646955490112305,40290.0
0.018646955490112305,40120.0
0.018646955490112305,40294.0
0.018646955490112305,40184.0
0.018646955490112305,40288.0
0.018646955490112305,40103.0
0.018646955490112305,40243.0
0.018646955490112305,40393.0
0.018646955490112305,40055.0
0.018646955490112305,40308.0
0.018646955490112305,40166.0
0.018646955490112305,40364.0
0.018646955490112305,40074.0
0.018646955490112305,40364.0
0.018646955490112305,40229.0
0.018646955490112305,40331.0
0.018646955490112305,40208.0
0.018646955490112305,40390.0
0.018646955490112305,40192.0
0.018646955490112305,40316.0
0.018646955490112305,39658.0
0.018646955490112305,40285.0
0.018646955490112305,40422.0
0.018646955490112305,40156.0
0.018646955490112305,40314.0
0.018646955490112305,40523.0
0.018646955490112305,40652.0
0.018646955490112305,40794.0
0.018646955490112305,40678.0
0.018646955490112305,40558.0
0.018646955490112305,40430.0
0.018646955490112305,40567.0
0.018646955490112305,40367.0
0.018646955490112305,40537.0
0.018646955490112305,40692.0
0.018646955490112305,39980.0
0.018646955490112305,40104.0
0.018646955490112305,40262.0
0.018646955490112305,40411.0
0.018646955490112305,40964.0
0.018646955490112305,41071.0
0.018646955490112305,40963.0
0.018646955490112305,40848.0
0.018646955490112305,40967.0
0.018646955490112305,41092.0
0.018646955490112305,40973.0
0.018646955490112305,41089.0
0.018646955490112305,40975.0
0.018646955490112305,41094.0
0.018646955490112305,41203.0
0.018646955490112305,41026.0
0.018646955490112305,41189.0
0.018646955490112305,40862.0
0.018646955490112305,41093.0
0.018646955490112305,41229.0
0.018646955490112305,41402.0
0.018646955490112305,40845.0
0.018646955490112305,41112.0
0.018646955490112305,41379.0
0.018646955490112305,41510.0
0.018646955490112305,41398.0
0.018646955490112305,41583.0
0.018646955490112305,41442.0
0.018646955490112305,41106.0
0.018646955490112305,41504.0
0.018646955490112305,41401.0
0.018646955490112305,41136.0
0.018646955490112305,40992.0
0.018646955490112305,41213.0
0.018646955490112305,41346.0
0.018646955490112305,41504.0
0.018646955490112305,41336.0
0.018646955490112305,41491.0
0.018646955490112305,41601.0
0.018646955490112305,41380.0
0.018646955490112305,41605.0
0.018646955490112305,41475.0
0.018646955490112305,41357.0
0.018646955490112305,41485.0
0.018646955490112305,41348.0
0.018646955490112305,41190.0
0.018646955490112305,41354.0
0.018646955490112305,40854.0
0.018646955490112305,41025.0
0.018646955490112305,41468.0
0.018646955490112305,41600.0
0.018646955490112305,41484.0
0.018646955490112305,41604.0
0.018646955490112305,41449.0
0.018646955490112305,41328.0
0.018646955490112305,41464.0
0.018646955490112305,41308.0
0.018646955490112305,41443.0
0.018646955490112305,41336.0
0.018646955490112305,41466.0
0.018646955490112305,41356.0
0.018646955490112305,41457.0
0.018646955490112305,41577.0
0.018646955490112305,41693.0
0.018646955490112305,41805.0
0.018646955490112305,41681.0
0.018646955490112305,41790.0
0.018646955490112305,41897.0
0.018646955490112305,41784.0
0.018646955490112305,41656.0
0.018646955490112305,41772.0
0.018646955490112305,41875.0
0.018646955490112305,41756.0
0.018646955490112305,41897.0
0.018646955490112305,41655.0
0.018646955490112305,41843.0
0.018646955490112305,41711.0
0.018646955490112305,41812.0
0.018646955490112305,41951.0
0.018646955490112305,42078.0
0.018646955490112305,41971.0
0.018646955490112305,41449.0
0.018646955490112305,41973.0
0.018646955490112305,41449.0
0.018646955490112305,41779.0
0.018646955490112305,42093.0
0.018646955490112305,41842.0
0.018646955490112305,41979.0
0.018646955490112305,42096.0
0.018646955490112305,42254.0
0.018646955490112305,42023.0
0.018646955490112305,42281.0
0.018646955490112305,42397.0
0.018646955490112305,42236.0
0.018646955490112305,42396.0
0.018646955490112305,42082.0
0.018646955490112305,42345.0
0.018646955490112305,42504.0
0.018646955490112305,42390.0
0.018646955490112305,42505.0
0.018646955490112305,42401.0
0.018646955490112305,42505.0
0.018646955490112305,42242.0
0.018646955490112305,42406.0
0.018646955490112305,42574.0
0.018646955490112305,42679.0
0.018646955490112305,42803.0
0.018646955490112305,42678.0
0.018646955490112305,42529.0
0.018646955490112305,42645.0
0.018646955490112305,42465.0
0.018646955490112305,42668.0
0.018646955490112305,42795.0
0.018646955490112305,42691.0
0.018646955490112305,42576.0
0.018646955490112305,42679.0
0.018646955490112305,42567.0
0.018646955490112305,42464.0
0.018646955490112305,42600.0
0.018646955490112305,42467.0
0.018646955490112305,42344.0
0.018646955490112305,41982.0
0.018646955490112305,42291.0
0.018646955490112305,42423.0
0.018646955490112305,42556.0
0.018646955490112305,42700.0
0.018646955490112305,42512.0
0.018646955490112305,42395.0
0.018646955490112305,42581.0
0.018646955490112305,42702.0
0.018646955490112305,42588.0
0.018646955490112305,42692.0
0.018646955490112305,41699.0
0.018646955490112305,41961.0
0.018646955490112305,42440.0
0.018646955490112305,42835.0
0.018646955490112305,42734.0
0.018646955490112305,42863.0
0.018646955490112305,42970.0
0.018646955490112305,42757.0
0.018646955490112305,42973.0
0.018646955490112305,43088.0
0.018646955490112305,42955.0
0.018646955490112305,43092.0
0.018646955490112305,42188.0
0.018646955490112305,42540.0
0.018646955490112305,43159.0
0.018646955490112305,43286.0
0.018646955490112305,43404.0
0.018646955490112305,43290.0
0.018646955490112305,43189.0
0.018646955490112305,43050.0
0.018646955490112305,43199.0
0.018646955490112305,43039.0
0.018646955490112305,42399.0
0.018646955490112305,42617.0
0.018646955490112305,43031.0
0.018646955490112305,43172.0
0.018646955490112305,43396.0
0.018646955490112305,43504.0
0.018646955490112305,43379.0
0.018646955490112305,43263.0
0.018646955490112305,43403.0
0.018646955490112305,43285.0
0.018646955490112305,43169.0
0.018646955490112305,43296.0
0.018646955490112305,43043.0
0.018646955490112305,43219.0
0.018646955490112305,43334.0
0.018646955490112305,43500.0
0.018646955490112305,43247.0
0.018646955490112305,43403.0
0.018646955490112305,43564.0
0.018646955490112305,43457.0
0.018646955490112305,43602.0
0.018646955490112305,43265.0
0.018646955490112305,43398.0
0.018646955490112305,43685.0
0.018646955490112305,43547.0
0.018646955490112305,43652.0
0.018646955490112305,43804.0
0.018646955490112305,43606.0
0.018646955490112305,43800.0
0.018646955490112305,43665.0
0.018646955490112305,43508.0
0.018646955490112305,43669.0
0.018646955490112305,43438.0
0.018646955490112305,43632.0
0.018646955490112305,43439.0
0.018646955490112305,43697.0
0.018646955490112305,43565.0
0.018646955490112305,43397.0
0.018646955490112305,43586.0
0.018646955490112305,43691.0
0.018646955490112305,43536.0
0.018646955490112305,43685.0
0.018646955490112305,43799.0
0.018646955490112305,43683.0
0.018646955490112305,43790.0
0.018646955490112305,43630.0
0.018646955490112305,43511.0
0.018646955490112305,43629.0
0.018646955490112305,43482.0
0.018646955490112305,43266.0
0.018646955490112305,43574.0
0.018646955490112305,43687.0
0.018646955490112305,43583.0
0.018646955490112305,43699.0
0.018646955490112305,43590.0
0.018646955490112305,43089.0
0.018646955490112305,43474.0
0.018646955490112305,43652.0
0.018646955490112305,43774.0
0.018646955490112305,43902.0
0.018646955490112305,43758.0
0.018646955490112305,43879.0
0.018646955490112305,43980.0
0.018646955490112305,43808.0
0.018646955490112305,43989.0
0.018646955490112305,44096.0
0.018646955490112305,43965.0
0.018646955490112305,44090.0
0.018646955490112305,44193.0
0.018646955490112305,44092.0
0.018646955490112305,43985.0
0.018646955490112305,43869.0
0.018646955490112305,43644.0
0.018646955490112305,43804.0
0.018646955490112305,43930.0
0.018646955490112305,44101.0
0.018646955490112305,43952.0
0.018646955490112305,43824.0
0.018646955490112305,43954.0
0.018646955490112305,43813.0
0.018646955490112305,43979.0
0.018646955490112305,43764.0
0.018646955490112305,43939.0
0.018646955490112305,44084.0
0.018646955490112305,43947.0
0.018646955490112305,44052.0
0.018646955490112305,44156.0
0.018646955490112305,44014.0
0.018646955490112305,43829.0
0.018646955490112305,43684.0
0.018646955490112305,43969.0
0.018646955490112305,44078.0
0.018646955490112305,43958.0
0.018646955490112305,44075.0
0.018646955490112305,44176.0
0.018646955490112305,44039.0
0.018646955490112305,44186.0
0.018646955490112305,44028.0
0.018646955490112305,44174.0
0.018646955490112305,44289.0
0.018646955490112305,44147.0
0.018646955490112305,44284.0
0.018646955490112305,44168.0
0.018646955490112305,44287.0
0.018646955490112305,44388.0
0.018646955490112305,44270.0
0.018646955490112305,44130.0
0.018646955490112305,43972.0
0.018646955490112305,44154.0
0.018646955490112305,44271.0
0.018646955490112305,44134.0
0.018646955490112305,43994.0
0.018646955490112305,44160.0
0.018646955490112305,44261.0
0.018646955490112305,44037.0
0.018646955490112305,44179.0
0.018646955490112305,44049.0
0.018646955490112305,44153.0
0.018646955490112305,44268.0
0.018646955490112305,44432.0
0.018646955490112305,44595.0
0.018646955490112305,43771.0
0.018646955490112305,44543.0
0.018646955490112305,44694.0
0.018646955490112305,44798.0
0.018646955490112305,44553.0
0.018646955490112305,44767.0
0.018646955490112305,44509.0
0.018646955490112305,44794.0
0.018646955490112305,44624.0
0.018646955490112305,44796.0
0.018646955490112305,44681.0
0.018646955490112305,44797.0
0.018646955490112305,44616.0
0.018646955490112305,44744.0
0.018646955490112305,44860.0
0.018646955490112305,44999.0
0.018646955490112305,44813.0
0.018646955490112305,44916.0
0.018646955490112305,45035.0
0.018646955490112305,45171.0
0.018646955490112305,45057.0
0.018646955490112305,45199.0
0.018646955490112305,44914.0
0.018646955490112305,45204.0
0.018646955490112305,44995.0
0.018646955490112305,45198.0
0.018646955490112305,45009.0
0.018646955490112305,45185.0
0.018646955490112305,45068.0
0.018646955490112305,44919.0
0.018646955490112305,45085.0
0.018646955490112305,45199.0
0.018646955490112305,44928.0
0.018646955490112305,45063.0
0.018646955490112305,45289.0
0.018646955490112305,44576.0
0.018646955490112305,44806.0
0.018646955490112305,45398.0
0.018646955490112305,45253.0
0.018646955490112305,45397.0
0.018646955490112305,45281.0
0.018646955490112305,45129.0
0.018646955490112305,44985.0
0.018646955490112305,44870.0
0.018646955490112305,44456.0
0.018646955490112305,44980.0
0.018646955490112305,44825.0
0.018646955490112305,44937.0
0.018646955490112305,45105.0
0.034809112548828125,44929.0
0.034809112548828125,45067.0
0.034809112548828125,44816.0
0.034809112548828125,44973.0
0.034809112548828125,45110.0
0.034809112548828125,45253.0
0.034809112548828125,45403.0
0.034809112548828125,45005.0
0.034809112548828125,45129.0
0.034809112548828125,45320.0
0.034809112548828125,45201.0
0.034809112548828125,45498.0
0.034809112548828125,45599.0
0.034809112548828125,45442.0
0.034809112548828125,45276.0
0.034809112548828125,45416.0
0.034809112548828125,45550.0
0.034809112548828125,45700.0
0.034809112548828125,45563.0
0.034809112548828125,45017.0
0.034809112548828125,45523.0
0.034809112548828125,45676.0
0.034809112548828125,45424.0
0.034809112548828125,45663.0
0.034809112548828125,45536.0
0.034809112548828125,45705.0
0.034809112548828125,45603.0
0.034809112548828125,45498.0
0.034809112548828125,45395.0
0.034809112548828125,45204.0
0.034809112548828125,45403.0
0.034809112548828125,45287.0
0.034809112548828125,45403.0
0.034809112548828125,45268.0
0.034809112548828125,44798.0
0.034809112548828125,44929.0
0.034809112548828125,45110.0
0.034809112548828125,45489.0
0.034809112548828125,45372.0
0.034809112548828125,45243.0
0.034809112548828125,45380.0
0.034809112548828125,45494.0
0.034809112548828125,45391.0
0.034809112548828125,45217.0
0.034809112548828125,45405.0
0.034809112548828125,45297.0
0.034809112548828125,45154.0
0.034809112548828125,45271.0
0.034809112548828125,45170.0
0.034809112548828125,45055.0
0.034809112548828125,45187.0
0.034809112548828125,45290.0
0.034809112548828125,45134.0
0.034809112548828125,45286.0
0.034809112548828125,45389.0
0.034809112548828125,45280.0
0.034809112548828125,45399.0
0.034809112548828125,45245.0
0.034809112548828125,45134.0
0.034809112548828125,45253.0
0.034809112548828125,45398.0
0.034809112548828125,45279.0
0.034809112548828125,45177.0
0.034809112548828125,45290.0
0.034809112548828125,45114.0
0.034809112548828125,44993.0
0.034809112548828125,44871.0
0.034809112548828125,45039.0
0.034809112548828125,45182.0
0.034809112548828125,45036.0
0.034809112548828125,45152.0
0.034809112548828125,45019.0
0.034809112548828125,45174.0
0.034809112548828125,45055.0
0.034809112548828125,45172.0
0.034809112548828125,45001.0
0.034809112548828125,44864.0
0.034809112548828125,45091.0
0.034809112548828125,44949.0
0.034809112548828125,45070.0
0.034809112548828125,44965.0
0.034809112548828125,44833.0
0.034809112548828125,44984.0
0.034809112548828125,44745.0
0.034809112548828125,44852.0
0.034809112548828125,45042.0
0.034809112548828125,44927.0
0.034809112548828125,45089.0
0.034809112548828125,44961.0
0.034809112548828125,45084.0
0.034809112548828125,45200.0
0.034809112548828125,45029.0
0.034809112548828125,45193.0
0.034809112548828125,45089.0
0.034809112548828125,45205.0
0.034809112548828125,45042.0
0.034809112548828125,45153.0
0.034809112548828125,45285.0
0.034809112548828125,45168.0
0.034809112548828125,44974.0
0.034809112548828125,45162.0
0.034809112548828125,45046.0
0.034809112548828125,45169.0
0.034809112548828125,45048.0
0.034809112548828125,44934.0
0.034809112548828125,45067.0
0.034809112548828125,45205.0
0.034809112548828125,45098.0
0.034809112548828125,44953.0
0.034809112548828125,45070.0
0.034809112548828125,45175.0
0.034809112548828125,45007.0
0.034809112548828125,45162.0
0.034809112548828125,45012.0
0.034809112548828125,44911.0
0.034809112548828125,45051.0
0.034809112548828125,44914.0
0.034809112548828125,45051.0
0.034809112548828125,45161.0
0.034809112548828125,45268.0
0.034809112548828125,45128.0
0.034809112548828125,44992.0
0.034809112548828125,45141.0
0.034809112548828125,45302.0
0.034809112548828125,44993.0
0.034809112548828125,45208.0
0.034809112548828125,45380.0
0.034809112548828125,45276.0
0.034809112548828125,45145.0
0.034809112548828125,44983.0
0.034809112548828125,45139.0
0.034809112548828125,45008.0
0.034809112548828125,45193.0
0.034809112548828125,45020.0
0.034809112548828125,45199.0
0.034809112548828125,45083.0
0.034809112548828125,45198.0
0.034809112548828125,45050.0
0.034809112548828125,44920.0
0.034809112548828125,45057.0
0.034809112548828125,44875.0
0.034809112548828125,44610.0
0.034809112548828125,44891.0
0.034809112548828125,45001.0
0.034809112548828125,45122.0
0.034809112548828125,45273.0
0.034809112548828125,45403.0
0.034809112548828125,45245.0
0.034809112548828125,45056.0
0.034809112548828125,45215.0
0.034809112548828125,45404.0
0.034809112548828125,45253.0
0.034809112548828125,45369.0
0.034809112548828125,45478.0
0.034809112548828125,45303.0
0.034809112548828125,45156.0
0.034809112548828125,45281.0
0.034809112548828125,45078.0
0.034809112548828125,45264.0
0.034809112548828125,45413.0
0.034809112548828125,45544.0
0.034809112548828125,45651.0
0.034809112548828125,45770.0
0.034809112548828125,45591.0
0.034809112548828125,45744.0
0.034809112548828125,45617.0
0.034809112548828125,45766.0
0.034809112548828125,45613.0
0.034809112548828125,45498.0
0.034809112548828125,45689.0
0.034809112548828125,45803.0
0.034809112548828125,45671.0
0.034809112548828125,45803.0
0.034809112548828125,45702.0
0.034809112548828125,45582.0
0.034809112548828125,45348.0
0.034809112548828125,45489.0
0.034809112548828125,45694.0
0.034809112548828125,45800.0
0.034809112548828125,45668.0
0.034809112548828125,45784.0
0.034809112548828125,45575.0
0.034809112548828125,45784.0
0.034809112548828125,45670.0
0.034809112548828125,45797.0
0.034809112548828125,45647.0
0.034809112548828125,45479.0
0.034809112548828125,45620.0
0.034809112548828125,45752.0
0.034809112548828125,45645.0
0.034809112548828125,45759.0
0.034809112548828125,45638.0
0.034809112548828125,45784.0
0.034809112548828125,45668.0
0.034809112548828125,45803.0
0.034809112548828125,45684.0
0.034809112548828125,45359.0
0.034809112548828125,45240.0
0.034809112548828125,45422.0
0.034809112548828125,45192.0
0.034809112548828125,45312.0
0.034809112548828125,45694.0
0.034809112548828125,45570.0
0.034809112548828125,45694.0
0.034809112548828125,45114.0
0.034809112548828125,45497.0
0.034809112548828125,45607.0
0.034809112548828125,45446.0
0.034809112548828125,45798.0
0.034809112548828125,45632.0
0.034809112548828125,45788.0
0.034809112548828125,45682.0
0.034809112548828125,45540.0
0.034809112548828125,45061.0
0.034809112548828125,45552.0
0.034809112548828125,45687.0
0.034809112548828125,45802.0
0.034809112548828125,45683.0
0.034809112548828125,45785.0
0.034809112548828125,45905.0
0.034809112548828125,45624.0
0.034809112548828125,45816.0
0.034809112548828125,45961.0
0.034809112548828125,45835.0
0.034809112548828125,45726.0
0.034809112548828125,45852.0
0.034809112548828125,46003.0
0.034809112548828125,45852.0
0.034809112548828125,45719.0
0.034809112548828125,45896.0
0.034809112548828125,45795.0
0.034809112548828125,45671.0
0.034809112548828125,45519.0
0.034809112548828125,45638.0
0.034809112548828125,45742.0
0.034809112548828125,45852.0
0.034809112548828125,45967.0
0.034809112548828125,45842.0
0.034809112548828125,45250.0
0.034809112548828125,45502.0
0.034809112548828125,45704.0
0.034809112548828125,46059.0
0.034809112548828125,45930.0
0.034809112548828125,46049.0
0.034809112548828125,45885.0
0.034809112548828125,46022.0
0.034809112548828125,45906.0
0.034809112548828125,45654.0
0.034809112548828125,45882.0
0.034809112548828125,46040.0
0.034809112548828125,45895.0
0.034809112548828125,46042.0
0.034809112548828125,45876.0
0.034809112548828125,46072.0
0.034809112548828125,45884.0
0.034809112548828125,46082.0
0.034809112548828125,46198.0
0.034809112548828125,46047.0
0.034809112548828125,46198.0
0.034809112548828125,46079.0
0.034809112548828125,46189.0
0.034809112548828125,45960.0
0.034809112548828125,46144.0
0.034809112548828125,46286.0
0.034809112548828125,46139.0
0.034809112548828125,46294.0
0.034809112548828125,46403.0
0.034809112548828125,46294.0
0.034809112548828125,46399.0
0.034809112548828125,46260.0
0.034809112548828125,46032.0
0.034809112548828125,46256.0
0.034809112548828125,46375.0
0.034809112548828125,46113.0
0.034809112548828125,46264.0
0.034809112548828125,46503.0
0.034809112548828125,46400.0
0.034809112548828125,46231.0
0.034809112548828125,46390.0
0.034809112548828125,46254.0
0.034809112548828125,46145.0
0.034809112548828125,46281.0
0.034809112548828125,46072.0
0.034809112548828125,46240.0
0.034809112548828125,46054.0
0.034809112548828125,46267.0
0.034809112548828125,45915.0
0.034809112548828125,46269.0
0.034809112548828125,46132.0
0.034809112548828125,45989.0
0.034809112548828125,46183.0
0.034809112548828125,46051.0
0.034809112548828125,45947.0
0.034809112548828125,46078.0
0.034809112548828125,45966.0
0.034809112548828125,46076.0
0.034809112548828125,45925.0
0.034809112548828125,46068.0
0.034809112548828125,45943.0
0.05034995079040527,45784.0
0.05034995079040527,45893.0
0.05034995079040527,45790.0
0.05034995079040527,45653.0
0.05034995079040527,45841.0
0.05034995079040527,45993.0
0.05034995079040527,45877.0
0.05034995079040527,45699.0
0.05034995079040527,45874.0
0.05034995079040527,45760.0
0.05034995079040527,45571.0
0.05034995079040527,45452.0
0.05034995079040527,45570.0
0.05034995079040527,45719.0
0.05034995079040527,45859.0
0.05034995079040527,46001.0
0.05034995079040527,45863.0
0.05034995079040527,45601.0
0.05034995079040527,45759.0
0.05034995079040527,45896.0
0.05034995079040527,46021.0
0.05034995079040527,45911.0
0.05034995079040527,46019.0
0.05034995079040527,46128.0
0.05034995079040527,46021.0
0.05034995079040527,46201.0
0.05034995079040527,46037.0
0.05034995079040527,46168.0
0.05034995079040527,46284.0
0.05034995079040527,46175.0
0.05034995079040527,46292.0
0.05034995079040527,46188.0
0.05034995079040527,46298.0
0.05034995079040527,46085.0
0.05034995079040527,46234.0
0.05034995079040527,46112.0
0.05034995079040527,46298.0
0.05034995079040527,46132.0
0.05034995079040527,46233.0
0.05034995079040527,46361.0
0.05034995079040527,46234.0
0.05034995079040527,46394.0
0.05034995079040527,46210.0
0.05034995079040527,46109.0
0.05034995079040527,46293.0
0.05034995079040527,46397.0
0.05034995079040527,46498.0
0.05034995079040527,46280.0
0.05034995079040527,46387.0
0.05034995079040527,46570.0
0.05034995079040527,46677.0
0.05034995079040527,46537.0
0.05034995079040527,46362.0
0.05034995079040527,46170.0
0.05034995079040527,46341.0
0.05034995079040527,46160.0
0.05034995079040527,46455.0
0.05034995079040527,46588.0
0.05034995079040527,46462.0
0.05034995079040527,46330.0
0.05034995079040527,46484.0
0.05034995079040527,46588.0
0.05034995079040527,46487.0
0.05034995079040527,46371.0
0.05034995079040527,46074.0
0.05034995079040527,46315.0
0.05034995079040527,46421.0
0.05034995079040527,46530.0
0.05034995079040527,46693.0
0.05034995079040527,46403.0
0.05034995079040527,46626.0
0.05034995079040527,46503.0
0.05034995079040527,46372.0
0.05034995079040527,46581.0
0.05034995079040527,46471.0
0.05034995079040527,46596.0
0.05034995079040527,46461.0
0.05034995079040527,46580.0
0.05034995079040527,46705.0
0.05034995079040527,46601.0
0.05034995079040527,46271.0
0.05034995079040527,46474.0
0.05034995079040527,46289.0
0.05034995079040527,46587.0
0.05034995079040527,46471.0
0.05034995079040527,46592.0
0.05034995079040527,46479.0
0.05034995079040527,46598.0
0.05034995079040527,46488.0
0.05034995079040527,46603.0
0.05034995079040527,46388.0
0.05034995079040527,46501.0
0.05034995079040527,46682.0
0.05034995079040527,46798.0
0.05034995079040527,46649.0
0.05034995079040527,46764.0
0.05034995079040527,46897.0
0.05034995079040527,46756.0
0.05034995079040527,46900.0
0.05034995079040527,46785.0
0.05034995079040527,46901.0
0.05034995079040527,46745.0
0.05034995079040527,46896.0
0.05034995079040527,46588.0
0.05034995079040527,46890.0
0.05034995079040527,46709.0
0.05034995079040527,46852.0
0.05034995079040527,47001.0
0.05034995079040527,46884.0
0.05034995079040527,46682.0
0.05034995079040527,46850.0
0.05034995079040527,46563.0
0.05034995079040527,46677.0
0.05034995079040527,46560.0
0.05034995079040527,46746.0
0.05034995079040527,46937.0
0.05034995079040527,46827.0
0.05034995079040527,46982.0
0.05034995079040527,47092.0
0.05034995079040527,46956.0
0.05034995079040527,47092.0
0.05034995079040527,46878.0
0.05034995079040527,46760.0
0.05034995079040527,47002.0
0.05034995079040527,46869.0
0.05034995079040527,46697.0
0.05034995079040527,46576.0
0.05034995079040527,46693.0
0.05034995079040527,46843.0
0.05034995079040527,46965.0
0.05034995079040527,47084.0
0.05034995079040527,47202.0
0.05034995079040527,47092.0
0.05034995079040527,46957.0
0.05034995079040527,46791.0
0.05034995079040527,46945.0
0.05034995079040527,47062.0
0.05034995079040527,47199.0
0.05034995079040527,46939.0
0.05034995079040527,47154.0
0.05034995079040527,47289.0
0.05034995079040527,47156.0
0.05034995079040527,47291.0
0.05034995079040527,47097.0
0.05034995079040527,47295.0
0.05034995079040527,46952.0
0.05034995079040527,47124.0
0.05034995079040527,47395.0
0.05034995079040527,47497.0
0.05034995079040527,47357.0
0.05034995079040527,47250.0
0.05034995079040527,47377.0
0.05034995079040527,47257.0
0.05034995079040527,47122.0
0.05034995079040527,47006.0
0.05034995079040527,47196.0
0.05034995079040527,47080.0
0.05034995079040527,47187.0
0.05034995079040527,46998.0
0.05034995079040527,47130.0
0.05034995079040527,47249.0
0.05034995079040527,47377.0
0.05034995079040527,47258.0
0.05034995079040527,47121.0
0.05034995079040527,47243.0
0.05034995079040527,47126.0
0.05034995079040527,47275.0
0.05034995079040527,47165.0
0.05034995079040527,47282.0
0.05034995079040527,47402.0
0.05034995079040527,47265.0
0.05034995079040527,47104.0
0.05034995079040527,46956.0
0.05034995079040527,47165.0
0.05034995079040527,47294.0
0.05034995079040527,47180.0
0.05034995079040527,47079.0
0.05034995079040527,47182.0
0.05034995079040527,47304.0
0.05034995079040527,47405.0
0.05034995079040527,47181.0
0.05034995079040527,47321.0
0.05034995079040527,47499.0
0.05034995079040527,47395.0
0.05034995079040527,47236.0
0.05034995079040527,47388.0
0.05034995079040527,47173.0
0.05034995079040527,47401.0
0.05034995079040527,47300.0
0.05034995079040527,47404.0
0.05034995079040527,47287.0
0.05034995079040527,47115.0
0.05034995079040527,47300.0
0.05034995079040527,47164.0
0.05034995079040527,47000.0
0.05034995079040527,47121.0
0.05034995079040527,46958.0
0.05034995079040527,46775.0
0.05034995079040527,47025.0
0.05034995079040527,47154.0
0.05034995079040527,47258.0
0.05034995079040527,47141.0
0.05034995079040527,47290.0
0.05034995079040527,47181.0
0.05034995079040527,47295.0
0.05034995079040527,47405.0
0.05034995079040527,47286.0
0.05034995079040527,47075.0
0.05034995079040527,47287.0
0.05034995079040527,47185.0
0.05034995079040527,47063.0
0.05034995079040527,46956.0
0.05034995079040527,46791.0
0.05034995079040527,46988.0
0.05034995079040527,46802.0
0.05034995079040527,46952.0
0.05034995079040527,46846.0
0.05034995079040527,46704.0
0.05034995079040527,46821.0
0.05034995079040527,46979.0
0.05034995079040527,46835.0
0.05034995079040527,46987.0
0.05034995079040527,46858.0
0.06597042083740234,46727.0
0.06597042083740234,46873.0
0.06597042083740234,46756.0
0.06597042083740234,46891.0
0.06597042083740234,46999.0
0.06597042083740234,47100.0
0.06597042083740234,46950.0
0.06597042083740234,47097.0
0.06597042083740234,46983.0
0.06597042083740234,46859.0
0.06597042083740234,46975.0
0.06597042083740234,46849.0
0.06597042083740234,46982.0
0.06597042083740234,47086.0
0.06597042083740234,46958.0
0.06597042083740234,46803.0
0.06597042083740234,46947.0
0.06597042083740234,47079.0
0.06597042083740234,47188.0
0.06597042083740234,47067.0
0.06597042083740234,47181.0
0.06597042083740234,47071.0
0.06597042083740234,46944.0
0.06597042083740234,46748.0
0.06597042083740234,47003.0
0.06597042083740234,46852.0
0.06597042083740234,46976.0
0.06597042083740234,46851.0
0.06597042083740234,46970.0
0.06597042083740234,47098.0
0.06597042083740234,46930.0
0.06597042083740234,47060.0
0.06597042083740234,47202.0
0.06597042083740234,47067.0
0.06597042083740234,47204.0
0.06597042083740234,47071.0
0.06597042083740234,46912.0
0.06597042083740234,47061.0
0.06597042083740234,46893.0
0.06597042083740234,47079.0
0.06597042083740234,46960.0
0.06597042083740234,47096.0
0.06597042083740234,46924.0
0.06597042083740234,47056.0
0.06597042083740234,47182.0
0.06597042083740234,47011.0
0.06597042083740234,47165.0
0.06597042083740234,47297.0
0.06597042083740234,47190.0
0.06597042083740234,47054.0
0.06597042083740234,46926.0
0.06597042083740234,47063.0
0.06597042083740234,46928.0
0.06597042083740234,47089.0
0.06597042083740234,46968.0
0.06597042083740234,46863.0
0.06597042083740234,46716.0
0.06597042083740234,46889.0
0.06597042083740234,46740.0
0.06597042083740234,46637.0
0.06597042083740234,46801.0
0.06597042083740234,46691.0
0.06597042083740234,46805.0
0.06597042083740234,46656.0
0.06597042083740234,46793.0
0.06597042083740234,46691.0
0.06597042083740234,46433.0
0.06597042083740234,46703.0
0.06597042083740234,46588.0
0.06597042083740234,46698.0
0.06597042083740234,46568.0
0.06597042083740234,46678.0
0.06597042083740234,46797.0
0.06597042083740234,46672.0
0.06597042083740234,46779.0
0.06597042083740234,46900.0
0.06597042083740234,46783.0
0.06597042083740234,46634.0
0.06597042083740234,46779.0
0.06597042083740234,46644.0
0.06597042083740234,46533.0
0.06597042083740234,46685.0
0.06597042083740234,46584.0
0.06597042083740234,46686.0
0.06597042083740234,46544.0
0.06597042083740234,46645.0
0.06597042083740234,46752.0
0.06597042083740234,46883.0
0.06597042083740234,47000.0
0.06597042083740234,46887.0
0.06597042083740234,46768.0
0.06597042083740234,46891.0
0.06597042083740234,46781.0
0.06597042083740234,46676.0
0.06597042083740234,46794.0
0.06597042083740234,46634.0
0.06597042083740234,46771.0
0.06597042083740234,46633.0
0.06597042083740234,46499.0
0.06597042083740234,46641.0
0.06597042083740234,46763.0
0.06597042083740234,46899.0
0.06597042083740234,46791.0
0.06597042083740234,46627.0
0.06597042083740234,46774.0
0.06597042083740234,46592.0
0.06597042083740234,46795.0
0.06597042083740234,46637.0
0.06597042083740234,46752.0
0.06597042083740234,46627.0
0.06597042083740234,46437.0
0.06597042083740234,46617.0
0.06597042083740234,46777.0
0.06597042083740234,46891.0
0.06597042083740234,46775.0
0.06597042083740234,46659.0
0.06597042083740234,46532.0
0.06597042083740234,46693.0
0.06597042083740234,46589.0
0.06597042083740234,46695.0
0.06597042083740234,46562.0
0.06597042083740234,46673.0
0.06597042083740234,46798.0
0.06597042083740234,46595.0
0.06597042083740234,46714.0
0.06597042083740234,46816.0
0.06597042083740234,46965.0
0.06597042083740234,47090.0
0.06597042083740234,46708.0
0.06597042083740234,47069.0
0.06597042083740234,47199.0
0.06597042083740234,47098.0
0.06597042083740234,46984.0
0.06597042083740234,47093.0
0.06597042083740234,46894.0
0.06597042083740234,46999.0
0.06597042083740234,47180.0
0.06597042083740234,47290.0
0.06597042083740234,47175.0
0.06597042083740234,47023.0
0.06597042083740234,47200.0
0.06597042083740234,47301.0
0.06597042083740234,47165.0
0.06597042083740234,47296.0
0.06597042083740234,47172.0
0.06597042083740234,47273.0
0.06597042083740234,47061.0
0.06597042083740234,47234.0
0.06597042083740234,47126.0
0.06597042083740234,47298.0
0.06597042083740234,47179.0
0.08167695999145508,47072.0
0.08167695999145508,46967.0
0.08167695999145508,47090.0
0.08167695999145508,46948.0
0.08167695999145508,47089.0
0.08257055282592773,46965.0
0.08257055282592773,47081.0
0.08257055282592773,46838.0
0.08257055282592773,47081.0
0.08257055282592773,47205.0
0.08257055282592773,47056.0
0.08257055282592773,47185.0
0.08257055282592773,47292.0
0.08257055282592773,47402.0
0.08257055282592773,47287.0
0.08257055282592773,47164.0
0.08257055282592773,47267.0
0.08257055282592773,47386.0
0.08257055282592773,47489.0
0.08257055282592773,47353.0
0.08257055282592773,47458.0
0.08257055282592773,47347.0
0.08257055282592773,47485.0
0.08257055282592773,47303.0
0.08257055282592773,47433.0
0.08257055282592773,47590.0
0.08257055282592773,47705.0
0.08257055282592773,47600.0
0.08257055282592773,47493.0
0.08257055282592773,47603.0
0.08257055282592773,47413.0
0.08257055282592773,47579.0
0.08257055282592773,47466.0
0.08257055282592773,47587.0
0.08257055282592773,47461.0
0.08257055282592773,47290.0
0.08257055282592773,47505.0
0.08257055282592773,47390.0
0.08257055282592773,47226.0
0.08257055282592773,47353.0
0.08257055282592773,47247.0
0.08257055282592773,47109.0
0.08257055282592773,47301.0
0.08257055282592773,47200.0
0.08257055282592773,47084.0
0.08257055282592773,47189.0
0.08257055282592773,47052.0
0.08257055282592773,46935.0
0.08257055282592773,47104.0
0.08257055282592773,46958.0
0.08257055282592773,46853.0
0.08257055282592773,46745.0
0.08257055282592773,46587.0
0.08257055282592773,46788.0
0.08257055282592773,46889.0
0.08257055282592773,46752.0
0.08257055282592773,46888.0
0.08257055282592773,46778.0
0.08257055282592773,46890.0
0.08257055282592773,47000.0
0.08257055282592773,46863.0
0.08257055282592773,46978.0
0.08257055282592773,47088.0
0.08257055282592773,47193.0
0.08257055282592773,47083.0
0.08257055282592773,47184.0
0.08257055282592773,47052.0
0.08257055282592773,47168.0
0.08257055282592773,47281.0
0.08257055282592773,47104.0
0.08257055282592773,47287.0
0.08257055282592773,47403.0
0.08257055282592773,47260.0
0.08257055282592773,47379.0
0.08257055282592773,47502.0
0.08257055282592773,47383.0
0.08257055282592773,47498.0
0.08257055282592773,47389.0
0.08257055282592773,47249.0
0.08257055282592773,47402.0
0.08257055282592773,47288.0
0.08257055282592773,47128.0
0.08257055282592773,47289.0
0.08257055282592773,47390.0
0.08257055282592773,47281.0
0.08257055282592773,47172.0
0.08257055282592773,47281.0
0.08257055282592773,47108.0
0.08257055282592773,47252.0
0.08257055282592773,47360.0
0.08257055282592773,47211.0
0.08257055282592773,47347.0
0.08257055282592773,47193.0
0.08257055282592773,47330.0
0.08257055282592773,47441.0
0.08257055282592773,47590.0
0.08257055282592773,47695.0
0.08257055282592773,47563.0
0.08257055282592773,47687.0
0.08257055282592773,47803.0
0.09765791893005371,47683.0
0.09765791893005371,47553.0
0.09765791893005371,47393.0
0.09765791893005371,47605.0
0.0983436107635498,47469.0
0.0983436107635498,47593.0
0.0983436107635498,47461.0
0.0983436107635498,47336.0
0.0983436107635498,47462.0
0.0983436107635498,47341.0
0.0983436107635498,47450.0
0.0983436107635498,47582.0
0.0983436107635498,47699.0
0.0983436107635498,47501.0
0.0983436107635498,47650.0
0.0983436107635498,47766.0
0.0983436107635498,47563.0
0.0983436107635498,47748.0
0.0983436107635498,47869.0
0.0983436107635498,47753.0
0.0983436107635498,47877.0
0.1003568172454834,47708.0
0.1003568172454834,47833.0
0.1003568172454834,47684.0
0.1003568172454834,47868.0
0.1003568172454834,47982.0
0.1003568172454834,47829.0
0.1003568172454834,47938.0
0.1003568172454834,48087.0
0.1003568172454834,47935.0
0.1003568172454834,48103.0
0.1003568172454834,47984.0
0.1003568172454834,48103.0
0.1003568172454834,48002.0
0.1003568172454834,47897.0
0.1003568172454834,47724.0
0.1003568172454834,47600.0
0.1003568172454834,47792.0
0.1003568172454834,47682.0
0.1003568172454834,47553.0
0.1003568172454834,47688.0
0.1003568172454834,47794.0
0.1003568172454834,47899.0
0.1003568172454834,48003.0
0.1003568172454834,47823.0
0.1003568172454834,47959.0
0.1003568172454834,48099.0
0.1003568172454834,47981.0
0.1003568172454834,47880.0
0.1003568172454834,47770.0
0.1003568172454834,47895.0
0.1003568172454834,47786.0
0.1003568172454834,47629.0
0.1003568172454834,47795.0
0.1003568172454834,47904.0
0.1003568172454834,47764.0
0.1003568172454834,47598.0
0.1003568172454834,47749.0
0.1003568172454834,47884.0
0.1003568172454834,48002.0
0.1003568172454834,47893.0
0.1003568172454834,47708.0
0.1003568172454834,47824.0
0.1003568172454834,47940.0
0.1003568172454834,48078.0
0.1003568172454834,48190.0
0.1003568172454834,48006.0
0.1003568172454834,48185.0
0.1003568172454834,48084.0
0.1003568172454834,47938.0
0.1003568172454834,48048.0
0.1003568172454834,48195.0
0.1003568172454834,48091.0
0.1003568172454834,47987.0
0.1003568172454834,47885.0
0.1003568172454834,47736.0
0.1003568172454834,47851.0
0.1003568172454834,48004.0
0.1003568172454834,47854.0
0.1003568172454834,47956.0
0.1003568172454834,48091.0
0.1003568172454834,47966.0
0.1003568172454834,48099.0
0.1003568172454834,47983.0
0.1003568172454834,47831.0
0.1003568172454834,47966.0
0.1003568172454834,48074.0
0.1003568172454834,48191.0
0.1003568172454834,48292.0
0.1003568172454834,48402.0
0.1003568172454834,48295.0
0.1003568172454834,48397.0
0.11419987678527832,48254.0
0.11419987678527832,48137.0
0.11419987678527832,48244.0
0.11419987678527832,48366.0
0.11419987678527832,48246.0
0.11419987678527832,48378.0
0.11419987678527832,48491.0
0.11419987678527832,48598.0
0.11419987678527832,48702.0
0.11419987678527832,48595.0
0.11419987678527832,48704.0
0.11419987678527832,48573.0
0.11419987678527832,48704.0
0.11419987678527832,48577.0
0.11419987678527832,48684.0
0.11419987678527832,48572.0
0.11419987678527832,48693.0
0.11419987678527832,48578.0
0.11419987678527832,48469.0
0.11419987678527832,48602.0
0.11419987678527832,48486.0
0.11419987678527832,48591.0
0.11419987678527832,48489.0
0.11419987678527832,48604.0
0.11419987678527832,48490.0
0.11419987678527832,48387.0
0.11419987678527832,48256.0
0.11419987678527832,48390.0
0.11419987678527832,48246.0
0.11419987678527832,48095.0
0.11419987678527832,48241.0
0.11419987678527832,48399.0
0.11419987678527832,48298.0
0.11419987678527832,48399.0
0.11419987678527832,48500.0
0.11419987678527832,48360.0
0.11419987678527832,48501.0
0.11419987678527832,48602.0
0.11419987678527832,48704.0
0.11419987678527832,48583.0
0.11419987678527832,48406.0
0.11419987678527832,48587.0
0.11419987678527832,48479.0
0.11419987678527832,48582.0
0.11419987678527832,48696.0
0.11419987678527832,48594.0
0.11419987678527832,48382.0
0.11419987678527832,48603.0
0.11419987678527832,48400.0
0.11419987678527832,48582.0
0.11419987678527832,48691.0
0.11419987678527832,48573.0
0.11419987678527832,48459.0
0.11419987678527832,48593.0
0.11419987678527832,48427.0
0.11419987678527832,48543.0
0.11419987678527832,48695.0
0.11419987678527832,48590.0
0.12929010391235352,48705.0
0.12929010391235352,48582.0
0.12929010391235352,48696.0
0.12929010391235352,48804.0
0.12929010391235352,48703.0
0.12929010391235352,48579.0
0.12929010391235352,48425.0
0.12929010391235352,48605.0
0.12929010391235352,48476.0
0.12929010391235352,48592.0
0.12929010391235352,48459.0
0.12929010391235352,48596.0
0.12929010391235352,48464.0
0.12929010391235352,48576.0
0.12929010391235352,48454.0
0.12929010391235352,48605.0
0.12929010391235352,48492.0
0.12929010391235352,48385.0
0.12929010391235352,48492.0
0.12929010391235352,48359.0
0.12929010391235352,48503.0
0.12929010391235352,48342.0
0.12929010391235352,48475.0
0.12929010391235352,48596.0
0.12929010391235352,48480.0
0.12929010391235352,48605.0
0.12929010391235352,48482.0
0.12929010391235352,48601.0
0.12929010391235352,48482.0
0.12929010391235352,48602.0
0.14499902725219727,48501.0
0.14499902725219727,48320.0
0.14499902725219727,48465.0
0.14499902725219727,48579.0
0.14499902725219727,48703.0
0.14499902725219727,48805.0
0.14499902725219727,48693.0
0.14499902725219727,48803.0
0.14499902725219727,48904.0
0.14499902725219727,48773.0
0.14499902725219727,48897.0
0.14499902725219727,49002.0
0.14499902725219727,48878.0
0.14499902725219727,48990.0
0.14499902725219727,49094.0
0.14499902725219727,49202.0
0.1655733585357666,49303.0
0.1655733585357666,49176.0
0.1655733585357666,49296.0
0.17658257484436035,49403.0
0.17658257484436035,49287.0
0.17658257484436035,49404.0
0.17658257484436035,49505.0
