0.0,29599.0
0.0,29886.0
0.0,30189.0
0.0,30293.0
0.0,30418.0
0.0,30598.0
0.0,29616.0
0.0,30077.0
0.0,30522.0
0.0,30780.0
0.0,30477.0
0.0,30773.0
0.0,30905.0
0.0,30804.0
0.0,30672.0
0.0,30781.0
0.0,30905.0
0.0,30781.0
0.0,30898.0
0.0,30376.0
0.0,30685.0
0.0,30948.0
0.0,31098.0
0.0,31199.0
0.0,30765.0
0.0,31010.0
0.0,31285.0
0.0,31395.0
0.0,31086.0
0.0,31222.0
0.0,31451.0
0.0,31578.0
0.0,31702.0
0.0,31585.0
0.0,31686.0
0.0,31492.0
0.0,31665.0
0.0,31787.0
0.0,30972.0
0.0,31314.0
0.0,31888.0
0.0,31785.0
0.0,31563.0
0.0,31678.0
0.0,31793.0
0.0,31942.0
0.0,32103.0
0.0,32205.0
0.0,32098.0
0.0,31925.0
0.0,31480.0
0.0,31671.0
0.0,31893.0
0.0,32060.0
0.0,32238.0
0.0,32398.0
0.0,32262.0
0.0,32017.0
0.0,32267.0
0.0,32386.0
0.0,32487.0
0.0,32597.0
0.0,32701.0
0.0,32597.0
0.0,32702.0
0.0,31647.0
0.0,32375.0
0.0,32504.0
0.0,32887.0
0.0,31886.0
0.0,32572.0
0.0,32793.0
0.0,32959.0
0.0,33089.0
0.0,33224.0
0.0,33359.0
0.0,33467.0
0.0,33572.0
0.0,33678.0
0.0,33797.0
0.0,33648.0
0.0,33795.0
0.0,33676.0
0.0,33803.0
0.0,33461.0
0.0,33664.0
0.0,33819.0
0.0,33934.0
0.0,33713.0
0.0,33907.0
0.0,33806.0
0.0,33914.0
0.0,34030.0
0.0,34133.0
0.0,34270.0
0.0,34405.0
0.0,34270.0
0.0,34048.0
0.0,34162.0
0.0,34035.0
0.0,34149.0
0.0,34389.0
0.0,34504.0
0.0,34152.0
0.0,34351.0
0.0,34486.0
0.0,34699.0
0.0,34572.0
0.0,34467.0
0.0,34000.0
0.0,34214.0
0.0,34450.0
0.0,34346.0
0.0,33564.0
0.0,33959.0
0.0,34419.0
0.0,34601.0
0.0,34750.0
0.0,34864.0
0.0,34976.0
0.0,35104.0
0.0,34238.0
0.0,34546.0
0.0,34740.0
0.0,35261.0
0.0,35389.0
0.0,34661.0
0.0,35122.0
0.0,35419.0
0.0,35523.0
0.0,35329.0
0.0,35565.0
0.0,35666.0
0.0,35776.0
0.0,35879.0
0.0,35707.0
0.0,35900.0
0.0,35706.0
0.0,35867.0
0.0,35988.0
0.0,35810.0
0.0,35996.0
0.0,36097.0
0.0,35954.0
0.0,36071.0
0.0,36188.0
0.0,36022.0
0.0,35852.0
0.0,36050.0
0.0,36201.0
0.0,36097.0
0.0,35834.0
0.0,35957.0
0.0,36199.0
0.0,35970.0
0.0,36146.0
0.0,36298.0
0.0,36170.0
0.0,36285.0
0.0,36392.0
0.0,36282.0
0.0,36383.0
0.0,36494.0
0.0,36263.0
0.0,36375.0
0.0,36482.0
0.0,36279.0
0.0,36493.0
0.0,36634.0
0.0,36736.0
0.0,36900.0
0.0,36778.0
0.0,36882.0
0.0,36683.0
0.0,36827.0
0.0,36967.0
0.0,36866.0
0.0,36759.0
0.0,36900.0
0.0,36613.0
0.0,36446.0
0.0,35608.0
0.0,35885.0
0.0,36572.0
0.0,36823.0
0.0,36974.0
0.0,36781.0
0.0,36895.0
0.0,37066.0
0.0,37170.0
0.0,37035.0
0.0,37187.0
0.0,37290.0
0.0,37400.0
0.0,37142.0
0.0,37352.0
0.0,37479.0
0.0,37338.0
0.0,37504.0
0.0,36971.0
0.0,37471.0
0.0,36950.0
0.0,37120.0
0.0,36620.0
0.0,37295.0
0.0,37572.0
0.0,37704.0
0.0,37601.0
0.0,37487.0
0.0,37601.0
0.0,37704.0
0.0,37453.0
0.0,37613.0
0.0,37779.0
0.0,37670.0
0.0,37791.0
0.0,37676.0
0.0,37515.0
0.0,37676.0
0.0,37524.0
0.0,37702.0
0.0,37541.0
0.0,37696.0
0.0,37022.0
0.0,37572.0
0.0,37682.0
0.0,37541.0
0.0,37730.0
0.0,37846.0
0.0,37289.0
0.0,37878.0
0.0,38001.0
0.0,37898.0
0.0,37999.0
0.0,37891.0
0.0,37124.0
0.0,37581.0
0.0,37812.0
0.0,37648.0
0.0,37417.0
0.0,37704.0
0.0,37893.0
0.0,38038.0
0.0,37913.0
0.0,38102.0
0.0,38205.0
0.0,38084.0
0.0,37906.0
0.0,38058.0
0.0,38179.0
0.0,37937.0
0.0,37204.0
0.0,37634.0
0.0,37795.0
0.0,38164.0
0.0,38334.0
0.0,38493.0
0.0,38370.0
0.0,38488.0
0.0,37938.0
0.0,38445.0
0.0,38571.0
0.0,38705.0
0.0,38604.0
0.0,38503.0
0.0,37918.0
0.0,38096.0
0.0,37970.0
0.0,38431.0
0.0,38550.0
0.0,38666.0
0.0,38801.0
0.0,38691.0
0.0,38588.0
0.0,38485.0
0.0,38362.0
0.0,37447.0
0.0,38148.0
0.0,38381.0
0.0,38600.0
0.0,38386.0
0.0,38583.0
0.0,38699.0
0.0,38800.0
0.0,38699.0
0.0,38596.0
0.0,38697.0
0.0,38562.0
0.0,38312.0
0.0,38478.0
0.0,38675.0
0.0,38805.0
0.0,38691.0
0.0,38562.0
0.0,38676.0
0.0,38516.0
0.0,38668.0
0.0,38479.0
0.0,38638.0
0.0,37940.0
0.0,38356.0
0.0,38709.0
0.0,38898.0
0.0,38768.0
0.0,38897.0
0.0,39001.0
0.0,38893.0
0.0,39000.0
0.0,38895.0
0.0,39000.0
0.0,38882.0
0.0,38711.0
0.0,38858.0
0.0,38752.0
0.0,38291.0
0.0,38680.0
0.0,38795.0
0.0,38979.0
0.0,39092.0
0.0,38971.0
0.0,38856.0
0.0,38996.0
0.0,38536.0
0.0,38840.0
0.0,39071.0
0.0,39191.0
0.0,39072.0
0.0,39181.0
0.0,39301.0
0.0,39068.0
0.0,38609.0
0.0,39097.0
0.0,38982.0
0.0,39087.0
0.0,39302.0
0.0,39158.0
0.0,39285.0
0.0,39184.0
0.0,38987.0
0.0,39123.0
0.0,39269.0
0.0,39033.0
0.0,39140.0
0.0,39385.0
0.0,38392.0
0.0,38696.0
0.0,38919.0
0.0,39557.0
0.0,39689.0
0.0,39509.0
0.0,39680.0
0.0,38586.0
0.0,38773.0
0.0,39119.0
0.0,39511.0
0.0,39800.0
0.0,39916.0
0.0,39789.0
0.0,39938.0
0.0,39772.0
0.0,40074.0
0.0,40183.0
0.0,39894.0
0.0,40085.0
0.0,40277.0
0.0,40167.0
0.013593673706054688,40066.0
0.013593673706054688,40199.0
0.013593673706054688,40054.0
0.013593673706054688,39632.0
0.013593673706054688,40030.0
0.013593673706054688,39878.0
0.013593673706054688,40027.0
0.013593673706054688,40153.0
0.013593673706054688,39737.0
0.013593673706054688,40204.0
0.013593673706054688,40103.0
0.013593673706054688,39999.0
0.013593673706054688,39697.0
0.013593673706054688,39960.0
0.013593673706054688,40061.0
0.013593673706054688,40180.0
0.013593673706054688,40002.0
0.013593673706054688,40148.0
0.013593673706054688,40032.0
0.013593673706054688,39912.0
0.013593673706054688,40089.0
0.013593673706054688,40198.0
0.013593673706054688,39967.0
0.013593673706054688,40174.0
0.013593673706054688,40058.0
0.013593673706054688,40199.0
0.013593673706054688,40085.0
0.013593673706054688,39970.0
0.013593673706054688,40085.0
0.013593673706054688,39822.0
0.013593673706054688,40043.0
0.013593673706054688,40194.0
0.013593673706054688,39987.0
0.013593673706054688,40151.0
0.013593673706054688,40252.0
0.013593673706054688,40031.0
0.013593673706054688,40151.0
0.013593673706054688,40039.0
0.013593673706054688,40291.0
0.013593673706054688,40151.0
0.013593673706054688,39402.0
0.013593673706054688,39680.0
0.013593673706054688,40032.0
0.013593673706054688,40402.0
0.013593673706054688,40189.0
0.013593673706054688,40312.0
0.013593673706054688,40503.0
0.013593673706054688,40388.0
0.013593673706054688,40283.0
0.013593673706054688,40396.0
0.013593673706054688,40282.0
0.013593673706054688,40401.0
0.013593673706054688,40032.0
0.013593673706054688,40297.0
0.013593673706054688,40483.0
0.013593673706054688,40604.0
0.013593673706054688,40407.0
0.013593673706054688,40223.0
0.013593673706054688,40414.0
0.013593673706054688,40573.0
0.013593673706054688,40697.0
0.013593673706054688,40581.0
0.013593673706054688,40120.0
0.013593673706054688,40257.0
0.013593673706054688,40605.0
0.013593673706054688,40760.0
0.013593673706054688,40892.0
0.013593673706054688,40773.0
0.013593673706054688,40658.0
0.013593673706054688,40497.0
0.013593673706054688,40639.0
0.013593673706054688,40772.0
0.013593673706054688,40640.0
0.013593673706054688,40763.0
0.013593673706054688,40302.0
0.013593673706054688,40730.0
0.013593673706054688,40845.0
0.013593673706054688,40948.0
0.013593673706054688,40847.0
0.013593673706054688,40714.0
0.013593673706054688,40866.0
0.013593673706054688,40468.0
0.013593673706054688,40852.0
0.013593673706054688,40637.0
0.013593673706054688,40825.0
0.013593673706054688,40957.0
0.013593673706054688,40834.0
0.013593673706054688,40942.0
0.013593673706054688,41070.0
0.013593673706054688,40943.0
0.013593673706054688,41097.0
0.013593673706054688,40845.0
0.013593673706054688,41044.0
0.013593673706054688,41161.0
0.013593673706054688,41283.0
0.013593673706054688,41390.0
0.013593673706054688,40874.0
0.013593673706054688,41300.0
0.013593673706054688,41410.0
0.013593673706054688,41537.0
0.013593673706054688,41371.0
0.013593673706054688,41212.0
0.013593673706054688,41386.0
0.013593673706054688,41566.0
0.013593673706054688,41218.0
0.013593673706054688,41403.0
0.013593673706054688,41521.0
0.013593673706054688,41772.0
0.013593673706054688,41897.0
0.013593673706054688,42000.0
0.013593673706054688,41891.0
0.013593673706054688,41756.0
0.013593673706054688,41872.0
0.013593673706054688,41990.0
0.013593673706054688,42091.0
0.013593673706054688,41754.0
0.013593673706054688,41948.0
0.013593673706054688,42200.0
0.013593673706054688,42039.0
0.013593673706054688,42174.0
0.013593673706054688,42067.0
0.013593673706054688,41939.0
0.013593673706054688,41687.0
0.013593673706054688,41833.0
0.013593673706054688,42007.0
0.013593673706054688,42193.0
0.013593673706054688,42302.0
0.013593673706054688,42181.0
0.013593673706054688,42049.0
0.013593673706054688,42191.0
0.013593673706054688,42039.0
0.013593673706054688,41938.0
0.013593673706054688,42054.0
0.013593673706054688,42201.0
0.013593673706054688,42059.0
0.013593673706054688,42202.0
0.013593673706054688,42098.0
0.013593673706054688,41900.0
0.013593673706054688,41711.0
0.013593673706054688,41935.0
0.013593673706054688,41812.0
0.013593673706054688,41937.0
0.013593673706054688,42058.0
0.013593673706054688,41867.0
0.013593673706054688,42072.0
0.013593673706054688,42177.0
0.013593673706054688,41992.0
0.013593673706054688,42169.0
0.013593673706054688,42273.0
0.013593673706054688,42082.0
0.013593673706054688,42297.0
0.013593673706054688,42105.0
0.013593673706054688,42246.0
0.013593673706054688,41779.0
0.013593673706054688,42154.0
0.013593673706054688,42027.0
0.013593673706054688,41836.0
0.013593673706054688,42052.0
0.013593673706054688,41919.0
0.013593673706054688,42134.0
0.013593673706054688,42027.0
0.013593673706054688,42148.0
0.013593673706054688,42039.0
0.013593673706054688,42163.0
0.013593673706054688,42293.0
0.013593673706054688,42190.0
0.013593673706054688,42305.0
0.013593673706054688,42171.0
0.013593673706054688,41087.0
0.013593673706054688,41204.0
0.013593673706054688,41575.0
0.013593673706054688,41689.0
0.013593673706054688,42156.0
0.013593673706054688,42583.0
0.013593673706054688,42705.0
0.013593673706054688,42573.0
0.013593673706054688,42295.0
0.013593673706054688,42192.0
0.013593673706054688,42437.0
0.013593673706054688,42313.0
0.013593673706054688,42488.0
0.013593673706054688,42369.0
0.013593673706054688,42268.0
0.013593673706054688,42131.0
0.013593673706054688,41976.0
0.013593673706054688,42175.0
0.013593673706054688,42062.0
0.013593673706054688,41952.0
0.013593673706054688,41845.0
0.013593673706054688,41997.0
0.013593673706054688,41571.0
0.013593673706054688,41906.0
0.013593673706054688,42010.0
0.013593673706054688,42176.0
0.013593673706054688,42299.0
0.013593673706054688,42400.0
0.013593673706054688,42276.0
0.013593673706054688,42031.0
0.013593673706054688,42273.0
0.013593673706054688,42153.0
0.013593673706054688,41800.0
0.013593673706054688,42120.0
0.013593673706054688,42275.0
0.013593673706054688,42000.0
0.013593673706054688,42269.0
0.013593673706054688,42377.0
0.013593673706054688,42491.0
0.013593673706054688,41546.0
0.013593673706054688,42401.0
0.013593673706054688,42587.0
0.013593673706054688,42441.0
0.013593673706054688,42275.0
0.013593673706054688,42489.0
0.013593673706054688,42377.0
0.013593673706054688,42486.0
0.013593673706054688,42209.0
0.013593673706054688,42357.0
0.013593673706054688,42531.0
0.013593673706054688,42357.0
0.013593673706054688,42506.0
0.013593673706054688,42389.0
0.013593673706054688,42548.0
0.013593673706054688,42433.0
0.013593673706054688,42589.0
0.013593673706054688,42384.0
0.013593673706054688,42564.0
0.013593673706054688,42686.0
0.013593673706054688,42582.0
0.013593673706054688,42295.0
0.013593673706054688,42447.0
0.013593673706054688,42645.0
0.013593673706054688,42504.0
0.013593673706054688,42388.0
0.013593673706054688,42569.0
0.013593673706054688,42422.0
0.013593673706054688,42313.0
0.013593673706054688,42429.0
0.013593673706054688,42253.0
0.013593673706054688,42369.0
0.013593673706054688,42488.0
0.013593673706054688,42294.0
0.013593673706054688,42489.0
0.013593673706054688,42599.0
0.013593673706054688,42422.0
0.013593673706054688,42695.0
0.013593673706054688,42801.0
0.013593673706054688,42646.0
0.013593673706054688,42761.0
0.013593673706054688,42866.0
0.013593673706054688,42685.0
0.013593673706054688,42804.0
0.013593673706054688,42935.0
0.013593673706054688,43065.0
0.013593673706054688,42666.0
0.013593673706054688,42941.0
0.013593673706054688,43096.0
0.013593673706054688,42980.0
0.013593673706054688,43183.0
0.013593673706054688,43036.0
0.013593673706054688,43169.0
0.013593673706054688,42983.0
0.013593673706054688,43191.0
0.013593673706054688,42968.0
0.013593673706054688,43168.0
0.013593673706054688,43013.0
0.013593673706054688,43193.0
0.013593673706054688,43084.0
0.013593673706054688,42736.0
0.013593673706054688,42634.0
0.013593673706054688,42865.0
0.013593673706054688,43009.0
0.013593673706054688,43196.0
0.013593673706054688,43005.0
0.013593673706054688,43197.0
0.013593673706054688,43083.0
0.013593673706054688,42818.0
0.013593673706054688,42697.0
0.013593673706054688,42844.0
0.013593673706054688,43040.0
0.013593673706054688,43175.0
0.013593673706054688,43023.0
0.013593673706054688,42849.0
0.013593673706054688,43015.0
0.013593673706054688,43129.0
0.013593673706054688,42985.0
0.013593673706054688,43185.0
0.013593673706054688,43033.0
0.013593673706054688,43158.0
0.013593673706054688,42730.0
0.013593673706054688,42915.0
0.013593673706054688,43273.0
0.013593673706054688,43401.0
0.013593673706054688,43290.0
0.013593673706054688,43185.0
0.013593673706054688,43057.0
0.013593673706054688,43158.0
0.013593673706054688,43282.0
0.013593673706054688,43392.0
0.013593673706054688,43495.0
0.013593673706054688,43309.0
0.013593673706054688,43458.0
0.013593673706054688,43260.0
0.013593673706054688,43471.0
0.013593673706054688,43361.0
0.013593673706054688,43162.0
0.013593673706054688,43031.0
0.013593673706054688,43205.0
0.013593673706054688,43065.0
0.013593673706054688,43225.0
0.013593673706054688,43377.0
0.013593673706054688,43269.0
0.013593673706054688,43402.0
0.013593673706054688,43286.0
0.013593673706054688,43390.0
0.013593673706054688,43497.0
0.013593673706054688,43394.0
0.013593673706054688,43280.0
0.013593673706054688,43382.0
0.013593673706054688,43235.0
0.013593673706054688,43375.0
0.013593673706054688,43502.0
0.013593673706054688,43251.0
0.013593673706054688,43500.0
0.013593673706054688,43351.0
0.013593673706054688,43483.0
0.013593673706054688,43603.0
0.013593673706054688,43423.0
0.013593673706054688,43559.0
0.013593673706054688,43432.0
0.013593673706054688,43277.0
0.013593673706054688,43470.0
0.013593673706054688,43575.0
0.013593673706054688,43691.0
0.013593673706054688,43589.0
0.013593673706054688,43453.0
0.013593673706054688,43556.0
0.013593673706054688,43666.0
0.013593673706054688,43549.0
0.013593673706054688,43663.0
0.013593673706054688,43791.0
0.013593673706054688,43686.0
0.013593673706054688,43579.0
0.013593673706054688,43451.0
0.013593673706054688,43568.0
0.013593673706054688,43684.0
0.013593673706054688,43292.0
0.013593673706054688,43591.0
0.013593673706054688,43707.0
0.013593673706054688,43860.0
0.013593673706054688,43991.0
0.013593673706054688,43842.0
0.013593673706054688,43997.0
0.013593673706054688,43884.0
0.013593673706054688,43985.0
0.013593673706054688,44086.0
0.013593673706054688,44194.0
0.013593673706054688,44304.0
0.013593673706054688,44117.0
0.013593673706054688,44299.0
0.013593673706054688,44125.0
0.013593673706054688,43821.0
0.013593673706054688,44101.0
0.013593673706054688,44273.0
0.013593673706054688,44074.0
0.013593673706054688,43933.0
0.013593673706054688,43802.0
0.013593673706054688,43929.0
0.013593673706054688,44043.0
0.013593673706054688,44209.0
0.013593673706054688,44353.0
0.013593673706054688,44499.0
0.013593673706054688,44379.0
0.013593673706054688,44237.0
0.013593673706054688,44388.0
0.013593673706054688,44278.0
0.013593673706054688,44156.0
0.013593673706054688,44303.0
0.013593673706054688,44157.0
0.013593673706054688,44008.0
0.013593673706054688,44179.0
0.013593673706054688,44043.0
0.013593673706054688,43899.0
0.013593673706054688,44093.0
0.013593673706054688,43968.0
0.013593673706054688,44081.0
0.013593673706054688,43910.0
0.013593673706054688,44077.0
0.013593673706054688,43952.0
0.013593673706054688,43851.0
0.013593673706054688,43671.0
0.013593673706054688,43842.0
0.02930307388305664,43979.0
0.02930307388305664,43776.0
0.02930307388305664,43913.0
0.02930307388305664,43757.0
0.02930307388305664,43912.0
0.02930307388305664,44098.0
0.02930307388305664,43423.0
0.02930307388305664,43745.0
0.02930307388305664,43943.0
0.02930307388305664,44213.0
0.02930307388305664,43692.0
0.02930307388305664,43841.0
0.02930307388305664,44103.0
0.02930307388305664,43937.0
0.02930307388305664,44251.0
0.02930307388305664,44489.0
0.02930307388305664,44592.0
0.02930307388305664,44240.0
0.02930307388305664,43960.0
0.02930307388305664,43565.0
0.02930307388305664,43815.0
0.02930307388305664,44031.0
0.02930307388305664,43896.0
0.02930307388305664,44190.0
0.02930307388305664,44582.0
0.02930307388305664,44436.0
0.02930307388305664,44569.0
0.02930307388305664,44459.0
0.02930307388305664,44586.0
0.02930307388305664,44464.0
0.02930307388305664,44272.0
0.02930307388305664,44498.0
0.02930307388305664,44127.0
0.02930307388305664,44497.0
0.02930307388305664,44381.0
0.02930307388305664,44489.0
0.02930307388305664,44593.0
0.02930307388305664,44379.0
0.02930307388305664,44193.0
0.02930307388305664,44411.0
0.02930307388305664,44252.0
0.02930307388305664,44419.0
0.02930307388305664,44581.0
0.02930307388305664,44477.0
0.02930307388305664,44585.0
0.02930307388305664,44689.0
0.02930307388305664,44522.0
0.02930307388305664,44699.0
0.02930307388305664,44310.0
0.02930307388305664,44562.0
0.02930307388305664,44105.0
0.02930307388305664,44436.0
0.02930307388305664,44285.0
0.02930307388305664,44698.0
0.02930307388305664,44534.0
0.02930307388305664,44670.0
0.02930307388305664,44454.0
0.02930307388305664,44684.0
0.02930307388305664,44805.0
0.02930307388305664,44650.0
0.02930307388305664,43949.0
0.02930307388305664,44310.0
0.02930307388305664,44504.0
0.02930307388305664,44649.0
0.02930307388305664,44997.0
0.02930307388305664,44651.0
0.02930307388305664,45003.0
0.02930307388305664,44851.0
0.02930307388305664,44679.0
0.02930307388305664,44574.0
0.02930307388305664,44780.0
0.02930307388305664,44884.0
0.02930307388305664,44648.0
0.02930307388305664,44813.0
0.02930307388305664,44950.0
0.02930307388305664,45101.0
0.02930307388305664,44912.0
0.02930307388305664,44727.0
0.02930307388305664,44842.0
0.02930307388305664,45031.0
0.02930307388305664,45191.0
0.02930307388305664,45081.0
0.02930307388305664,44980.0
0.02930307388305664,44879.0
0.02930307388305664,44765.0
0.02930307388305664,44890.0
0.02930307388305664,44659.0
0.02930307388305664,44797.0
0.02930307388305664,44955.0
0.02930307388305664,45091.0
0.02930307388305664,44517.0
0.02930307388305664,44852.0
0.02930307388305664,45173.0
0.02930307388305664,45063.0
0.02930307388305664,44950.0
0.02930307388305664,45084.0
0.02930307388305664,44860.0
0.02930307388305664,45099.0
0.02930307388305664,44510.0
0.02930307388305664,44744.0
0.02930307388305664,45004.0
0.02930307388305664,44673.0
0.02930307388305664,45114.0
0.02930307388305664,44586.0
0.02930307388305664,44717.0
0.02930307388305664,44948.0
0.02930307388305664,45285.0
0.02930307388305664,45444.0
0.02930307388305664,45204.0
0.02930307388305664,45475.0
0.02930307388305664,45320.0
0.02930307388305664,45430.0
0.02930307388305664,45159.0
0.02930307388305664,45427.0
0.02930307388305664,45604.0
0.02930307388305664,45404.0
0.02930307388305664,45300.0
0.02930307388305664,45497.0
0.02930307388305664,45303.0
0.02930307388305664,45414.0
0.02930307388305664,45292.0
0.02930307388305664,45486.0
0.02930307388305664,45596.0
0.02930307388305664,45468.0
0.02930307388305664,45302.0
0.02930307388305664,45447.0
0.02930307388305664,45332.0
0.02930307388305664,45499.0
0.02930307388305664,45138.0
0.02930307388305664,45293.0
0.02930307388305664,45597.0
0.02930307388305664,45698.0
0.02930307388305664,45231.0
0.02930307388305664,45691.0
0.02930307388305664,45583.0
0.02930307388305664,45693.0
0.02930307388305664,45528.0
0.02930307388305664,45642.0
0.02930307388305664,45756.0
0.02930307388305664,45609.0
0.02930307388305664,45740.0
0.02930307388305664,45878.0
0.02930307388305664,45990.0
0.02930307388305664,45823.0
0.02930307388305664,45958.0
0.02930307388305664,46100.0
0.02930307388305664,45890.0
0.02930307388305664,46050.0
0.02930307388305664,46202.0
0.02930307388305664,46053.0
0.02930307388305664,45928.0
0.02930307388305664,46098.0
0.02930307388305664,45821.0
0.02930307388305664,45987.0
0.02930307388305664,46176.0
0.02930307388305664,46031.0
0.02930307388305664,45901.0
0.02930307388305664,46014.0
0.02930307388305664,46148.0
0.02930307388305664,45978.0
0.02930307388305664,46202.0
0.02930307388305664,46022.0
0.02930307388305664,45856.0
0.02930307388305664,46070.0
0.02930307388305664,45947.0
0.02930307388305664,45777.0
0.02930307388305664,45951.0
0.02930307388305664,45840.0
0.02930307388305664,45959.0
0.02930307388305664,45770.0
0.02930307388305664,45910.0
0.02930307388305664,46059.0
0.02930307388305664,46175.0
0.02930307388305664,46028.0
0.02930307388305664,45890.0
0.02930307388305664,46074.0
0.02930307388305664,45925.0
0.02930307388305664,46105.0
0.02930307388305664,45692.0
0.02930307388305664,45982.0
0.02930307388305664,46191.0
0.02930307388305664,46075.0
0.02930307388305664,45971.0
0.02930307388305664,45753.0
0.02930307388305664,45905.0
0.02930307388305664,46093.0
0.02930307388305664,46197.0
0.02930307388305664,46298.0
0.02930307388305664,45994.0
0.02930307388305664,46280.0
0.02930307388305664,46082.0
0.02930307388305664,46279.0
0.02930307388305664,46162.0
0.02930307388305664,46298.0
0.02930307388305664,46189.0
0.02930307388305664,46027.0
0.02930307388305664,46159.0
0.02930307388305664,46017.0
0.02930307388305664,46195.0
0.02930307388305664,46304.0
0.02930307388305664,46186.0
0.02930307388305664,46081.0
0.02930307388305664,45944.0
0.02930307388305664,46064.0
0.02930307388305664,46174.0
0.02930307388305664,46023.0
0.02930307388305664,45852.0
0.02930307388305664,46030.0
0.02930307388305664,45929.0
0.02930307388305664,46086.0
0.02930307388305664,45912.0
0.02930307388305664,46053.0
0.02930307388305664,46177.0
0.02930307388305664,46057.0
0.02930307388305664,46190.0
0.02930307388305664,45941.0
0.02930307388305664,46093.0
0.02930307388305664,46268.0
0.02930307388305664,46390.0
0.02930307388305664,46007.0
0.02930307388305664,46314.0
0.02930307388305664,46415.0
0.02930307388305664,46275.0
0.02930307388305664,45961.0
0.02930307388305664,45809.0
0.02930307388305664,46084.0
0.02930307388305664,46255.0
0.02930307388305664,46452.0
0.02930307388305664,46333.0
0.02930307388305664,46216.0
0.02930307388305664,46334.0
0.02930307388305664,46490.0
0.02930307388305664,46337.0
0.02930307388305664,46477.0
0.02930307388305664,46340.0
0.02930307388305664,46050.0
0.02930307388305664,46345.0
0.02930307388305664,46145.0
0.02930307388305664,46370.0
0.02930307388305664,46234.0
0.02930307388305664,46371.0
0.02930307388305664,46252.0
0.02930307388305664,46384.0
0.02930307388305664,46262.0
0.02930307388305664,46385.0
0.02930307388305664,46504.0
0.02930307388305664,46265.0
0.02930307388305664,46394.0
0.02930307388305664,46594.0
0.02930307388305664,46424.0
0.02930307388305664,46577.0
0.02930307388305664,46417.0
0.02930307388305664,46080.0
0.02930307388305664,46423.0
0.02930307388305664,46567.0
0.02930307388305664,46341.0
0.02930307388305664,46593.0
0.02930307388305664,46472.0
0.02930307388305664,46586.0
0.02930307388305664,46696.0
0.02930307388305664,46525.0
0.02930307388305664,46679.0
0.02930307388305664,46795.0
0.02930307388305664,46900.0
0.02930307388305664,46745.0
0.02930307388305664,46892.0
0.02930307388305664,46647.0
0.02930307388305664,46798.0
0.02930307388305664,46664.0
0.02930307388305664,46871.0
0.02930307388305664,46718.0
0.02930307388305664,46530.0
0.02930307388305664,46648.0
0.02930307388305664,46545.0
0.02930307388305664,46682.0
0.02930307388305664,46566.0
0.02930307388305664,46407.0
0.02930307388305664,46677.0
0.02930307388305664,46567.0
0.02930307388305664,46436.0
0.02930307388305664,46603.0
0.02930307388305664,46351.0
0.02930307388305664,46559.0
0.02930307388305664,46667.0
0.02930307388305664,46535.0
0.02930307388305664,46660.0
0.02930307388305664,46796.0
0.02930307388305664,46639.0
0.02930307388305664,46755.0
0.02930307388305664,46622.0
0.02930307388305664,46731.0
0.02930307388305664,46851.0
0.02930307388305664,46956.0
0.02930307388305664,47061.0
0.02930307388305664,46947.0
0.02930307388305664,46604.0
0.02930307388305664,46486.0
0.02930307388305664,46658.0
0.02930307388305664,46982.0
0.02930307388305664,47105.0
0.02930307388305664,46467.0
0.02930307388305664,46850.0
0.02930307388305664,46982.0
0.02930307388305664,47166.0
0.02930307388305664,47337.0
0.02930307388305664,47486.0
0.02930307388305664,47379.0
0.02930307388305664,47274.0
0.02930307388305664,47133.0
0.02930307388305664,47255.0
0.02930307388305664,47405.0
0.02930307388305664,47247.0
0.02930307388305664,46951.0
0.02930307388305664,47175.0
0.02930307388305664,47317.0
0.02930307388305664,47501.0
0.02930307388305664,47391.0
0.02930307388305664,47182.0
0.02930307388305664,47396.0
0.02930307388305664,47286.0
0.02930307388305664,47172.0
0.02930307388305664,46992.0
0.02930307388305664,47127.0
0.04494953155517578,47011.0
0.04494953155517578,46874.0
0.04494953155517578,46732.0
0.04494953155517578,46900.0
0.04494953155517578,47066.0
0.04494953155517578,46916.0
0.04494953155517578,46617.0
0.04494953155517578,46869.0
0.04494953155517578,47018.0
0.04494953155517578,47143.0
0.04494953155517578,47013.0
0.04494953155517578,47183.0
0.04494953155517578,47286.0
0.04494953155517578,47108.0
0.04494953155517578,47293.0
0.04494953155517578,47400.0
0.04494953155517578,47273.0
0.04494953155517578,47079.0
0.04494953155517578,47224.0
0.04494953155517578,47340.0
0.04494953155517578,47492.0
0.04494953155517578,47340.0
0.04494953155517578,47224.0
0.04494953155517578,47057.0
0.04494953155517578,47192.0
0.04494953155517578,47309.0
0.04649996757507324,47486.0
0.04649996757507324,47601.0
0.04649996757507324,47429.0
0.04649996757507324,47589.0
0.04649996757507324,47418.0
0.04649996757507324,47578.0
0.04649996757507324,47419.0
0.04649996757507324,47596.0
0.04649996757507324,47321.0
0.04649996757507324,47605.0
0.04649996757507324,47391.0
0.04649996757507324,47533.0
0.04649996757507324,47365.0
0.04649996757507324,47591.0
0.04649996757507324,47701.0
0.04649996757507324,47542.0
0.04649996757507324,47393.0
0.04649996757507324,47256.0
0.04649996757507324,47499.0
0.04649996757507324,47362.0
0.04649996757507324,47261.0
0.04649996757507324,47113.0
0.04649996757507324,47283.0
0.04649996757507324,47395.0
0.04649996757507324,47262.0
0.04649996757507324,47133.0
0.04649996757507324,47301.0
0.04649996757507324,47187.0
0.04649996757507324,46903.0
0.04649996757507324,46787.0
0.04649996757507324,47032.0
0.04649996757507324,46728.0
0.04649996757507324,46860.0
0.04649996757507324,47155.0
0.04649996757507324,47283.0
0.04649996757507324,47058.0
0.04649996757507324,47281.0
0.04649996757507324,47388.0
0.04649996757507324,46928.0
0.04649996757507324,47287.0
0.04649996757507324,47466.0
0.04649996757507324,47317.0
0.04649996757507324,47444.0
0.04649996757507324,47594.0
0.04649996757507324,47470.0
0.04649996757507324,47598.0
0.04649996757507324,47493.0
0.04649996757507324,47353.0
0.04649996757507324,47083.0
0.04649996757507324,47274.0
0.04649996757507324,47080.0
0.04649996757507324,47331.0
0.04649996757507324,47222.0
0.04649996757507324,47394.0
0.04649996757507324,47152.0
0.04649996757507324,47292.0
0.04649996757507324,47478.0
0.04649996757507324,47281.0
0.04649996757507324,47476.0
0.04649996757507324,47310.0
0.04649996757507324,47483.0
0.04649996757507324,47345.0
0.04649996757507324,47130.0
0.04649996757507324,47239.0
0.04649996757507324,47402.0
0.04649996757507324,47597.0
0.04649996757507324,47420.0
0.04649996757507324,47560.0
0.04649996757507324,47695.0
0.04649996757507324,47579.0
0.04649996757507324,47469.0
0.04649996757507324,47297.0
0.04649996757507324,47439.0
0.04649996757507324,47273.0
0.04649996757507324,47458.0
0.04649996757507324,47605.0
0.04649996757507324,47487.0
0.04649996757507324,47342.0
0.04649996757507324,47495.0
0.04649996757507324,47276.0
0.04649996757507324,47476.0
0.04649996757507324,47324.0
0.04649996757507324,47504.0
0.04649996757507324,47389.0
0.04649996757507324,47281.0
0.04649996757507324,47401.0
0.04649996757507324,47217.0
0.04649996757507324,47114.0
0.04649996757507324,47228.0
0.04649996757507324,47330.0
0.04649996757507324,47435.0
0.04649996757507324,47221.0
0.04649996757507324,47444.0
0.04649996757507324,47597.0
0.04649996757507324,47381.0
0.04649996757507324,47492.0
0.04649996757507324,47705.0
0.04649996757507324,47443.0
0.04649996757507324,47247.0
0.04649996757507324,47093.0
0.04649996757507324,47391.0
0.04649996757507324,47596.0
0.04649996757507324,47461.0
0.04649996757507324,47319.0
0.04649996757507324,47173.0
0.04649996757507324,47291.0
0.04649996757507324,47446.0
0.04649996757507324,47296.0
0.04649996757507324,47505.0
0.04649996757507324,47274.0
0.04649996757507324,47464.0
0.04649996757507324,47363.0
0.04649996757507324,47139.0
0.04649996757507324,47362.0
0.04649996757507324,47478.0
0.04649996757507324,47594.0
0.04649996757507324,47394.0
0.04649996757507324,47560.0
0.04649996757507324,47692.0
0.04649996757507324,47397.0
0.04649996757507324,47498.0
0.04649996757507324,47747.0
0.04649996757507324,47874.0
0.04649996757507324,47754.0
0.04649996757507324,47530.0
0.04649996757507324,47759.0
0.04649996757507324,47876.0
0.04649996757507324,47762.0
0.04649996757507324,47897.0
0.04649996757507324,47788.0
0.04649996757507324,47669.0
0.04649996757507324,47517.0
0.04649996757507324,47642.0
0.04649996757507324,47537.0
0.04649996757507324,47342.0
0.04649996757507324,47528.0
0.04649996757507324,47633.0
0.04649996757507324,47753.0
0.04649996757507324,47575.0
0.04649996757507324,47678.0
0.04649996757507324,47524.0
0.04649996757507324,47753.0
0.04649996757507324,47886.0
0.04649996757507324,47759.0
0.04649996757507324,47643.0
0.04649996757507324,47453.0
0.04649996757507324,47614.0
0.04649996757507324,47800.0
0.04649996757507324,47695.0
0.04649996757507324,47800.0
0.04649996757507324,47901.0
0.04649996757507324,47786.0
0.04649996757507324,47887.0
0.04649996757507324,47528.0
0.04649996757507324,47744.0
0.04649996757507324,47969.0
0.04649996757507324,47801.0
0.04649996757507324,47978.0
0.04649996757507324,47877.0
0.04649996757507324,47722.0
0.04649996757507324,47618.0
0.04649996757507324,47404.0
0.04649996757507324,47600.0
0.04649996757507324,47734.0
0.04649996757507324,47585.0
0.04649996757507324,47782.0
0.04649996757507324,47531.0
0.04649996757507324,47391.0
0.04649996757507324,47653.0
0.04649996757507324,47782.0
0.04649996757507324,47678.0
0.04649996757507324,47550.0
0.04649996757507324,47421.0
0.04649996757507324,47577.0
0.04649996757507324,47693.0
0.04649996757507324,47418.0
0.04649996757507324,47661.0
0.04649996757507324,47777.0
0.04649996757507324,47675.0
0.04649996757507324,47785.0
0.04649996757507324,47890.0
0.04649996757507324,47785.0
0.04649996757507324,47676.0
0.04649996757507324,47408.0
0.04649996757507324,47576.0
0.04649996757507324,47745.0
0.04649996757507324,47882.0
0.04649996757507324,47749.0
0.04649996757507324,47500.0
0.04649996757507324,47744.0
0.04649996757507324,47854.0
0.04649996757507324,48003.0
0.04649996757507324,47790.0
0.04649996757507324,47959.0
0.04649996757507324,48104.0
0.04649996757507324,47980.0
0.04649996757507324,47872.0
0.04649996757507324,47692.0
0.04649996757507324,47572.0
0.04649996757507324,47700.0
0.04649996757507324,47565.0
0.04649996757507324,47770.0
0.04649996757507324,47894.0
0.04649996757507324,47787.0
0.04649996757507324,47652.0
0.04649996757507324,47507.0
0.04649996757507324,47635.0
0.04649996757507324,47799.0
0.04649996757507324,47666.0
0.04649996757507324,47784.0
0.04649996757507324,47674.0
0.04649996757507324,47564.0
0.04649996757507324,47671.0
0.04649996757507324,47535.0
0.04649996757507324,47675.0
0.04649996757507324,47794.0
0.04649996757507324,47639.0
0.04649996757507324,47758.0
0.04649996757507324,47581.0
0.04649996757507324,47739.0
0.04649996757507324,47632.0
0.04649996757507324,47749.0
0.04649996757507324,47589.0
0.04649996757507324,47785.0
0.04649996757507324,47611.0
0.04649996757507324,47774.0
0.04649996757507324,47605.0
0.04649996757507324,47434.0
0.04649996757507324,47655.0
0.04649996757507324,47765.0
0.04649996757507324,47612.0
0.04649996757507324,47801.0
0.04649996757507324,47638.0
0.04649996757507324,47802.0
0.04649996757507324,47684.0
0.04649996757507324,47800.0
0.04649996757507324,47623.0
0.04649996757507324,47772.0
0.04649996757507324,47892.0
0.04649996757507324,47993.0
0.04649996757507324,47877.0
0.06109786033630371,47693.0
0.06109786033630371,47826.0
0.06109786033630371,47987.0
0.06109786033630371,47875.0
0.06109786033630371,47997.0
0.06109786033630371,47850.0
0.06109786033630371,47975.0
0.06109786033630371,48078.0
0.06109786033630371,47977.0
0.06109786033630371,48080.0
0.06109786033630371,47954.0
0.06109786033630371,47833.0
0.06109786033630371,47979.0
0.06109786033630371,47863.0
0.06109786033630371,48005.0
0.06109786033630371,47878.0
0.06109786033630371,47769.0
0.06109786033630371,47561.0
0.06109786033630371,47749.0
0.06109786033630371,47851.0
0.06109786033630371,47709.0
0.06109786033630371,47549.0
0.06109786033630371,47752.0
0.06109786033630371,47881.0
0.06109786033630371,47778.0
0.06109786033630371,47658.0
0.06109786033630371,47799.0
0.06109786033630371,47505.0
0.06109786033630371,47656.0
0.06109786033630371,47833.0
0.06109786033630371,47947.0
0.06109786033630371,48080.0
0.06109786033630371,48198.0
0.06109786033630371,48061.0
0.06109786033630371,47950.0
0.06109786033630371,47831.0
0.06109786033630371,47946.0
0.06109786033630371,48055.0
0.06109786033630371,47945.0
0.06109786033630371,47831.0
0.06109786033630371,47968.0
0.06109786033630371,48094.0
0.06109786033630371,47965.0
0.06109786033630371,48066.0
0.06109786033630371,47875.0
0.06109786033630371,47632.0
0.06109786033630371,47969.0
0.06109786033630371,47844.0
0.06109786033630371,47695.0
0.06109786033630371,47883.0
0.06109786033630371,47761.0
0.06109786033630371,47627.0
0.06109786033630371,47741.0
0.06109786033630371,47875.0
0.06109786033630371,47990.0
0.06109786033630371,48094.0
0.06109786033630371,47941.0
0.06109786033630371,48062.0
0.06109786033630371,48195.0
0.06109786033630371,47999.0
0.06109786033630371,48106.0
0.06109786033630371,48253.0
0.06109786033630371,48399.0
0.06109786033630371,48287.0
0.06109786033630371,48169.0
0.06109786033630371,48285.0
0.06109786033630371,48152.0
0.06109786033630371,47918.0
0.06109786033630371,48111.0
0.06109786033630371,47929.0
0.06109786033630371,48181.0
0.06109786033630371,48037.0
0.06109786033630371,48189.0
0.06109786033630371,47992.0
0.06109786033630371,48158.0
0.06109786033630371,48297.0
0.06109786033630371,48165.0
0.06109786033630371,48270.0
0.06109786033630371,48397.0
0.06109786033630371,48499.0
0.06109786033630371,48393.0
0.06109786033630371,48292.0
0.06109786033630371,48397.0
0.06109786033630371,48278.0
0.06109786033630371,48403.0
0.06109786033630371,48253.0
0.06109786033630371,48377.0
0.06109786033630371,48261.0
0.06109786033630371,48405.0
0.06109786033630371,48273.0
0.06109786033630371,48394.0
0.06109786033630371,48217.0
0.06109786033630371,48333.0
0.06109786033630371,48471.0
0.06109786033630371,48173.0
0.06109786033630371,48423.0
0.06109786033630371,48281.0
0.06109786033630371,48479.0
0.06109786033630371,48328.0
0.06109786033630371,48181.0
0.06109786033630371,48314.0
0.06109786033630371,48421.0
0.06109786033630371,48524.0
0.06109786033630371,48676.0
0.06109786033630371,48792.0
0.06109786033630371,48659.0
0.06109786033630371,48796.0
0.06109786033630371,48601.0
0.06109786033630371,48792.0
0.06109786033630371,48603.0
0.06109786033630371,48786.0
0.06109786033630371,48670.0
0.06109786033630371,48799.0
0.06109786033630371,48675.0
0.06109786033630371,48800.0
0.06109786033630371,48555.0
0.06109786033630371,48749.0
0.06109786033630371,48894.0
0.06109786033630371,48770.0
0.06109786033630371,48663.0
0.06109786033630371,48775.0
0.06109786033630371,48891.0
0.06109786033630371,48783.0
0.06109786033630371,48533.0
0.06109786033630371,48800.0
0.06109786033630371,48679.0
0.06109786033630371,48801.0
0.06109786033630371,48666.0
0.06109786033630371,48782.0
0.06109786033630371,48520.0
0.06109786033630371,48671.0
0.06109786033630371,48827.0
0.06109786033630371,48671.0
0.06109786033630371,48855.0
0.06109786033630371,48711.0
0.06109786033630371,48883.0
0.06109786033630371,48719.0
0.06109786033630371,48820.0
0.06109786033630371,48930.0
0.06109786033630371,49070.0
0.06109786033630371,49192.0
0.06109786033630371,48995.0
0.06109786033630371,49147.0
0.06109786033630371,49283.0
0.06109786033630371,49402.0
0.06109786033630371,49270.0
0.06109786033630371,49079.0
0.06109786033630371,49288.0
0.06109786033630371,49162.0
0.06109786033630371,49038.0
0.06109786033630371,49157.0
0.06109786033630371,49300.0
0.06109786033630371,49149.0
0.06109786033630371,48951.0
0.06109786033630371,49153.0
0.06109786033630371,49298.0
0.06109786033630371,48991.0
0.06109786033630371,49254.0
0.06109786033630371,49385.0
0.06109786033630371,49501.0
0.06109786033630371,49376.0
0.06109786033630371,49485.0
0.06109786033630371,49315.0
0.06109786033630371,49198.0
0.06109786033630371,48993.0
0.06109786033630371,49291.0
0.07673335075378418,49142.0
0.07673335075378418,49284.0
0.07673335075378418,49399.0
0.07673335075378418,49500.0
0.07673335075378418,49315.0
0.07673335075378418,49476.0
0.07673335075378418,49600.0
0.07673335075378418,49495.0
0.07673335075378418,49599.0
0.07673335075378418,49483.0
0.07673335075378418,49365.0
0.07673335075378418,49481.0
0.07673335075378418,49379.0
0.07673335075378418,49275.0
0.07673335075378418,49170.0
0.07673335075378418,49055.0
0.07673335075378418,49196.0
0.07673335075378418,49044.0
0.07673335075378418,49168.0
0.07673335075378418,49052.0
0.07673335075378418,49203.0
0.07673335075378418,49304.0
0.07673335075378418,49168.0
0.07673335075378418,49275.0
0.07673335075378418,49160.0
0.07673335075378418,49278.0
0.07673335075378418,49386.0
0.07673335075378418,49495.0
0.07673335075378418,49379.0
0.07673335075378418,49498.0
0.07673335075378418,49368.0
0.07673335075378418,49165.0
0.07673335075378418,49036.0
0.07673335075378418,49150.0
0.07673335075378418,49348.0
0.07673335075378418,49475.0
0.07673335075378418,49354.0
0.07673335075378418,49222.0
0.07673335075378418,49393.0
0.07673335075378418,49273.0
0.07673335075378418,49375.0
0.07673335075378418,49483.0
0.07673335075378418,49598.0
0.07673335075378418,49493.0
0.07673335075378418,49384.0
0.07673335075378418,49500.0
0.07673335075378418,49334.0
0.07673335075378418,49490.0
0.07673335075378418,49348.0
0.07673335075378418,49489.0
0.07673335075378418,49593.0
0.07673335075378418,49703.0
0.07673335075378418,49563.0
0.07673335075378418,49420.0
0.07673335075378418,49535.0
0.07673335075378418,49656.0
0.07673335075378418,49794.0
0.07673335075378418,49634.0
0.07673335075378418,49760.0
0.07673335075378418,49873.0
0.07673335075378418,49756.0
0.07673335075378418,49637.0
0.07673335075378418,49534.0
0.07673335075378418,49694.0
0.07673335075378418,49549.0
0.07673335075378418,49678.0
0.07673335075378418,49569.0
0.07673335075378418,49457.0
0.07673335075378418,49272.0
0.07673335075378418,49498.0
0.07673335075378418,49369.0
0.07673335075378418,49268.0
0.07673335075378418,49400.0
0.07673335075378418,49274.0
0.07673335075378418,49404.0
0.07673335075378418,49289.0
0.07673335075378418,49133.0
0.07673335075378418,49292.0
0.07673335075378418,49182.0
0.07673335075378418,49299.0
0.07673335075378418,49180.0
0.07673335075378418,48957.0
0.07673335075378418,49200.0
0.07673335075378418,49303.0
0.07673335075378418,49167.0
0.07673335075378418,49273.0
0.07673335075378418,49383.0
0.07673335075378418,49490.0
0.07673335075378418,49293.0
0.07673335075378418,49410.0
0.07673335075378418,49527.0
0.07673335075378418,49678.0
0.07673335075378418,49568.0
0.07673335075378418,49427.0
0.07673335075378418,49562.0
0.07673335075378418,49459.0
0.07673335075378418,49301.0
0.07673335075378418,49493.0
0.07673335075378418,49348.0
0.07673335075378418,49452.0
0.07673335075378418,49578.0
0.07673335075378418,49705.0
0.07673335075378418,49590.0
0.09243440628051758,49699.0
0.09243440628051758,49583.0
0.09243440628051758,49698.0
0.09243440628051758,49594.0
0.09243440628051758,49467.0
0.09243440628051758,49275.0
0.09243440628051758,49470.0
0.09243440628051758,49341.0
0.09243440628051758,49457.0
0.09243440628051758,49576.0
0.09243440628051758,49685.0
0.09243440628051758,49583.0
0.09243440628051758,49466.0
0.09243440628051758,49576.0
0.09243440628051758,49691.0
0.09243440628051758,49801.0
0.09243440628051758,49656.0
0.09243440628051758,49797.0
0.09243440628051758,49696.0
0.09243440628051758,49560.0
0.09243440628051758,49668.0
0.09243440628051758,49560.0
0.09243440628051758,49678.0
0.09243440628051758,49426.0
0.09243440628051758,49686.0
0.09243440628051758,49583.0
0.09243440628051758,49397.0
0.09243440628051758,49590.0
0.09243440628051758,49458.0
0.09243440628051758,49578.0
0.09243440628051758,49681.0
0.09243440628051758,49786.0
0.10002756118774414,49681.0
0.10002756118774414,49493.0
0.10002756118774414,49628.0
0.10002756118774414,49772.0
0.10002756118774414,49888.0
0.10002756118774414,49779.0
0.10002756118774414,49644.0
0.10002756118774414,49768.0
0.10002756118774414,49876.0
0.10002756118774414,49767.0
0.10002756118774414,49898.0
0.10002756118774414,49767.0
0.10002756118774414,49666.0
0.10002756118774414,49791.0
0.10002756118774414,49675.0
0.10002756118774414,49790.0
0.10002756118774414,49893.0
0.10002756118774414,49790.0
0.10002756118774414,49899.0
0.10002756118774414,50000.0
0.10002756118774414,49818.0
0.10002756118774414,49976.0
0.10002756118774414,50081.0
0.10002756118774414,50188.0
0.10002756118774414,50302.0
0.10002756118774414,50188.0
0.10002756118774414,50071.0
0.10002756118774414,50201.0
0.10002756118774414,50084.0
0.10002756118774414,49966.0
0.10002756118774414,50087.0
0.10002756118774414,49936.0
0.10002756118774414,50091.0
0.10002756118774414,50196.0
0.10002756118774414,50079.0
0.10002756118774414,50201.0
0.10857605934143066,50303.0
0.10857605934143066,50164.0
0.10857605934143066,50291.0
0.10857605934143066,50405.0
0.10857605934143066,50298.0
0.10857605934143066,50174.0
0.10857605934143066,50277.0
0.10857605934143066,50136.0
0.10857605934143066,50252.0
0.10857605934143066,50376.0
0.10857605934143066,50243.0
0.10857605934143066,50394.0
0.10857605934143066,50264.0
0.10857605934143066,50148.0
0.10857605934143066,50267.0
0.10857605934143066,50391.0
0.10857605934143066,50267.0
0.10857605934143066,50399.0
0.10857605934143066,50500.0
0.10857605934143066,50601.0
0.10857605934143066,50494.0
0.10857605934143066,50343.0
0.10857605934143066,50473.0
0.10857605934143066,50593.0
0.10857605934143066,50705.0
0.10857605934143066,50538.0
0.10857605934143066,50675.0
0.10857605934143066,50803.0
0.10857605934143066,50678.0
0.10857605934143066,50795.0
0.10857605934143066,50681.0
0.10857605934143066,50798.0
0.10857605934143066,50647.0
0.10857605934143066,50796.0
0.10857605934143066,50905.0
0.12421512603759766,50789.0
0.12421512603759766,50903.0
0.12421512603759766,50787.0
0.12421512603759766,50898.0
0.12421512603759766,50775.0
0.12421512603759766,50652.0
0.12421512603759766,50801.0
0.12421512603759766,50657.0
0.12421512603759766,50789.0
0.12421512603759766,50898.0
0.12421512603759766,50749.0
0.12421512603759766,50861.0
0.12421512603759766,50997.0
0.12421512603759766,50870.0
0.12421512603759766,50994.0
0.12421512603759766,51099.0
0.12421512603759766,50964.0
0.12421512603759766,51097.0
0.12421512603759766,50982.0
0.12421512603759766,51098.0
0.12421512603759766,50994.0
0.12421512603759766,51101.0
0.12421512603759766,51205.0
0.1398301124572754,51096.0
0.1398301124572754,50992.0
0.15684843063354492,51099.0
0.15684843063354492,51203.0
