0.0,29689.0
0.0,29959.0
0.0,30198.0
0.0,30303.0
0.0,30420.0
0.0,30583.0
0.0,30480.0
0.0,30594.0
0.0,30699.0
0.0,30178.0
0.0,30339.0
0.0,30645.0
0.0,30899.0
0.0,30201.0
0.0,30303.0
0.0,30944.0
0.0,31101.0
0.0,30938.0
0.0,31056.0
0.0,31180.0
0.0,30758.0
0.0,31095.0
0.0,31276.0
0.0,31381.0
0.0,31491.0
0.0,31592.0
0.0,31482.0
0.0,31598.0
0.0,31702.0
0.0,30864.0
0.0,31613.0
0.0,31763.0
0.0,31893.0
0.0,32003.0
0.0,30948.0
0.0,31181.0
0.0,31310.0
0.0,31633.0
0.0,32137.0
0.0,32245.0
0.0,32437.0
0.0,32574.0
0.0,32691.0
0.0,32801.0
0.0,32691.0
0.0,32792.0
0.0,32896.0
0.0,32726.0
0.0,32856.0
0.0,32988.0
0.0,32718.0
0.0,32939.0
0.0,33060.0
0.0,32829.0
0.0,32980.0
0.0,32875.0
0.0,33059.0
0.0,33178.0
0.0,33283.0
0.0,33403.0
0.0,33302.0
0.0,33069.0
0.0,33258.0
0.0,33154.0
0.0,33281.0
0.0,33391.0
0.0,33270.0
0.0,33385.0
0.0,33495.0
0.0,33303.0
0.0,33475.0
0.0,33595.0
0.0,32729.0
0.0,33353.0
0.0,33519.0
0.0,33635.0
0.0,33787.0
0.0,33922.0
0.0,34081.0
0.0,33976.0
0.0,34092.0
0.0,34200.0
0.0,33741.0
0.0,34097.0
0.0,34304.0
0.0,33537.0
0.0,33842.0
0.0,34258.0
0.0,34470.0
0.0,34589.0
0.0,34417.0
0.0,34564.0
0.0,34463.0
0.0,34570.0
0.0,34705.0
0.0,34271.0
0.0,34602.0
0.0,34718.0
0.0,34873.0
0.0,34997.0
0.0,34845.0
0.0,34946.0
0.0,34828.0
0.0,34978.0
0.0,34861.0
0.0,34969.0
0.0,35072.0
0.0,35177.0
0.0,35074.0
0.0,35201.0
0.0,35302.0
0.0,35048.0
0.0,35285.0
0.0,35386.0
0.0,35489.0
0.0,35352.0
0.0,35474.0
0.0,35602.0
0.0,35478.0
0.0,35599.0
0.0,35494.0
0.0,35598.0
0.0,35361.0
0.0,35564.0
0.0,34815.0
0.0,35487.0
0.0,35688.0
0.0,35801.0
0.0,35693.0
0.0,35566.0
0.0,35676.0
0.0,35784.0
0.0,35664.0
0.0,35778.0
0.0,35556.0
0.0,35745.0
0.0,35533.0
0.0,35724.0
0.0,35834.0
0.0,35998.0
0.0,35103.0
0.0,35251.0
0.0,35930.0
0.0,36082.0
0.0,36252.0
0.0,36401.0
0.0,36505.0
0.0,36353.0
0.0,36473.0
0.0,36354.0
0.0,36205.0
0.0,36363.0
0.0,36498.0
0.0,36377.0
0.0,36480.0
0.0,36259.0
0.0,36375.0
0.0,35976.0
0.0,36294.0
0.0,36591.0
0.0,36456.0
0.0,36592.0
0.0,36422.0
0.0,36536.0
0.0,36428.0
0.0,35679.0
0.0,36424.0
0.0,36289.0
0.0,36449.0
0.0,36565.0
0.0,36686.0
0.0,36804.0
0.0,36690.0
0.0,36572.0
0.0,36698.0
0.0,36375.0
0.0,36541.0
0.0,36409.0
0.0,36540.0
0.0,36662.0
0.0,36814.0
0.0,36949.0
0.0,36325.0
0.0,36776.0
0.0,37055.0
0.0,37167.0
0.0,37299.0
0.0,37175.0
0.0,37277.0
0.0,37393.0
0.0,37503.0
0.0,37605.0
0.0,37497.0
0.0,37604.0
0.0,37298.0
0.0,37492.0
0.0,37697.0
0.0,37545.0
0.0,37670.0
0.0,37801.0
0.0,37685.0
0.0,37803.0
0.0,37639.0
0.0,37800.0
0.0,37668.0
0.0,37552.0
0.0,37671.0
0.0,37555.0
0.0,37669.0
0.0,37512.0
0.0,37698.0
0.0,37532.0
0.0,36999.0
0.0,37209.0
0.0,37370.0
0.0,37623.0
0.0,37782.0
0.0,37900.0
0.0,38095.0
0.0,37959.0
0.0,37318.0
0.0,37421.0
0.0,37882.0
0.0,38091.0
0.0,38245.0
0.0,37927.0
0.0,38046.0
0.0,38335.0
0.0,38149.0
0.0,38323.0
0.0,38479.0
0.0,38012.0
0.0,38442.0
0.0,38594.0
0.0,38440.0
0.0,38589.0
0.0,38468.0
0.0,38595.0
0.0,38165.0
0.0,38007.0
0.0,38289.0
0.0,38457.0
0.0,38655.0
0.0,38098.0
0.0,38319.0
0.0,38724.0
0.0,38521.0
0.0,38707.0
0.0,38856.0
0.0,38177.0
0.0,38568.0
0.0,38831.0
0.0,39103.0
0.0,38977.0
0.0,38625.0
0.0,38916.0
0.0,38769.0
0.0,38936.0
0.0,38729.0
0.0,38997.0
0.0,38883.0
0.0,38546.0
0.0,38833.0
0.0,38731.0
0.0,38146.0
0.0,38348.0
0.0,38810.0
0.0,38998.0
0.0,39099.0
0.0,38977.0
0.0,39098.0
0.0,39205.0
0.0,39095.0
0.0,38842.0
0.0,39006.0
0.0,38555.0
0.0,38893.0
0.0,39079.0
0.0,39246.0
0.0,39401.0
0.0,39294.0
0.0,39176.0
0.0,38908.0
0.0,39083.0
0.0,39208.0
0.0,39369.0
0.0,38725.0
0.0,39199.0
0.0,39336.0
0.0,39525.0
0.0,39694.0
0.0,39795.0
0.0,39668.0
0.0,39803.0
0.0,39675.0
0.0,39787.0
0.0,39680.0
0.0,39805.0
0.0,39702.0
0.0,39559.0
0.0,39373.0
0.0,39493.0
0.0,39685.0
0.0,39354.0
0.0,39542.0
0.0,39658.0
0.0,39897.0
0.015509843826293945,39706.0
0.015509843826293945,39838.0
0.015509843826293945,39979.0
0.015509843826293945,40087.0
0.015509843826293945,39893.0
0.015509843826293945,40063.0
0.015509843826293945,39899.0
0.015509843826293945,40101.0
0.015509843826293945,39017.0
0.015509843826293945,40029.0
0.015509843826293945,40170.0
0.015509843826293945,40285.0
0.015509843826293945,40115.0
0.015509843826293945,39921.0
0.015509843826293945,40180.0
0.015509843826293945,40289.0
0.015509843826293945,40139.0
0.015509843826293945,40272.0
0.015509843826293945,40390.0
0.015509843826293945,40169.0
0.015509843826293945,40395.0
0.016622304916381836,40281.0
0.016622304916381836,40389.0
0.016622304916381836,40287.0
0.016622304916381836,40170.0
0.016622304916381836,40066.0
0.016622304916381836,40199.0
0.016622304916381836,40038.0
0.016622304916381836,39937.0
0.016622304916381836,40053.0
0.016622304916381836,40202.0
0.016622304916381836,40072.0
0.016622304916381836,39957.0
0.016622304916381836,40081.0
0.016622304916381836,39921.0
0.016622304916381836,40097.0
0.016622304916381836,39962.0
0.016622304916381836,40099.0
0.017737150192260742,39951.0
0.017737150192260742,40102.0
0.017737150192260742,39973.0
0.017737150192260742,39781.0
0.017737150192260742,39990.0
0.017737150192260742,39792.0
0.017737150192260742,39974.0
0.017737150192260742,39858.0
0.017737150192260742,39703.0
0.017737150192260742,39835.0
0.017737150192260742,39961.0
0.017737150192260742,40103.0
0.017737150192260742,39864.0
0.017737150192260742,40011.0
0.017737150192260742,40125.0
0.017737150192260742,40289.0
0.017737150192260742,40007.0
0.017737150192260742,40114.0
0.017737150192260742,39982.0
0.017737150192260742,40164.0
0.017737150192260742,40330.0
0.017737150192260742,40214.0
0.017737150192260742,40336.0
0.017737150192260742,40439.0
0.017737150192260742,40588.0
0.017737150192260742,40474.0
0.017737150192260742,40361.0
0.017737150192260742,40254.0
0.017737150192260742,40117.0
0.017737150192260742,40294.0
0.017737150192260742,39868.0
0.017737150192260742,40058.0
0.017737150192260742,40255.0
0.017737150192260742,40073.0
0.017737150192260742,40208.0
0.017737150192260742,40077.0
0.017737150192260742,39838.0
0.017737150192260742,40120.0
0.017737150192260742,40266.0
0.017737150192260742,40500.0
0.017737150192260742,40266.0
0.017737150192260742,40389.0
0.017737150192260742,40543.0
0.017737150192260742,40662.0
0.017737150192260742,40547.0
0.017737150192260742,40439.0
0.017737150192260742,40590.0
0.017737150192260742,40422.0
0.017737150192260742,40581.0
0.017737150192260742,40392.0
0.017737150192260742,40502.0
0.017737150192260742,40617.0
0.017737150192260742,40761.0
0.017737150192260742,40890.0
0.017737150192260742,40764.0
0.017737150192260742,40654.0
0.017737150192260742,40784.0
0.017737150192260742,40596.0
0.017737150192260742,40412.0
0.017737150192260742,40555.0
0.017737150192260742,40733.0
0.017737150192260742,40547.0
0.017737150192260742,40755.0
0.017737150192260742,40898.0
0.017737150192260742,40786.0
0.017737150192260742,40670.0
0.017737150192260742,40785.0
0.017737150192260742,40887.0
0.017737150192260742,40735.0
0.017737150192260742,40894.0
0.017737150192260742,40785.0
0.017737150192260742,40899.0
0.017737150192260742,40776.0
0.017737150192260742,40669.0
0.017737150192260742,40553.0
0.017737150192260742,40674.0
0.017737150192260742,40789.0
0.017737150192260742,40679.0
0.017737150192260742,40571.0
0.017737150192260742,40420.0
0.017737150192260742,40583.0
0.017737150192260742,40699.0
0.017737150192260742,40558.0
0.017737150192260742,40210.0
0.017737150192260742,40562.0
0.017737150192260742,40432.0
0.017737150192260742,40560.0
0.017737150192260742,40662.0
0.017737150192260742,40785.0
0.017737150192260742,40648.0
0.017737150192260742,40783.0
0.017737150192260742,40492.0
0.017737150192260742,40649.0
0.017737150192260742,40871.0
0.017737150192260742,40674.0
0.017737150192260742,40900.0
0.017737150192260742,40790.0
0.017737150192260742,39808.0
0.017737150192260742,40382.0
0.017737150192260742,40524.0
0.017737150192260742,40815.0
0.017737150192260742,40935.0
0.017737150192260742,41152.0
0.017737150192260742,41303.0
0.017737150192260742,41198.0
0.017737150192260742,41073.0
0.017737150192260742,40964.0
0.017737150192260742,40801.0
0.017737150192260742,40940.0
0.017737150192260742,41058.0
0.017737150192260742,41168.0
0.017737150192260742,40994.0
0.017737150192260742,41110.0
0.017737150192260742,41305.0
0.017737150192260742,41042.0
0.017737150192260742,41203.0
0.017737150192260742,41101.0
0.017737150192260742,41298.0
0.017737150192260742,41404.0
0.017737150192260742,41209.0
0.017737150192260742,41402.0
0.017737150192260742,41197.0
0.017737150192260742,41342.0
0.017737150192260742,41479.0
0.017737150192260742,41323.0
0.017737150192260742,41484.0
0.017737150192260742,41337.0
0.017737150192260742,41477.0
0.017737150192260742,41594.0
0.017737150192260742,41459.0
0.017737150192260742,41578.0
0.017737150192260742,41427.0
0.017737150192260742,41245.0
0.017737150192260742,41401.0
0.017737150192260742,41289.0
0.017737150192260742,41404.0
0.017737150192260742,41509.0
0.017737150192260742,41376.0
0.017737150192260742,41489.0
0.017737150192260742,41698.0
0.017737150192260742,41579.0
0.017737150192260742,41686.0
0.017737150192260742,41794.0
0.017737150192260742,41678.0
0.017737150192260742,41326.0
0.017737150192260742,41209.0
0.017737150192260742,41380.0
0.017737150192260742,41571.0
0.017737150192260742,41769.0
0.017737150192260742,41645.0
0.017737150192260742,41754.0
0.017737150192260742,41883.0
0.017737150192260742,41743.0
0.017737150192260742,41634.0
0.017737150192260742,41804.0
0.017737150192260742,41685.0
0.017737150192260742,41348.0
0.017737150192260742,40957.0
0.017737150192260742,41160.0
0.017737150192260742,41352.0
0.017737150192260742,41548.0
0.017737150192260742,41732.0
0.017737150192260742,41854.0
0.017737150192260742,41688.0
0.017737150192260742,41872.0
0.017737150192260742,42024.0
0.017737150192260742,41860.0
0.017737150192260742,42068.0
0.017737150192260742,42184.0
0.017737150192260742,41992.0
0.017737150192260742,41876.0
0.017737150192260742,42101.0
0.017737150192260742,41998.0
0.017737150192260742,41802.0
0.017737150192260742,41968.0
0.017737150192260742,42082.0
0.017737150192260742,42189.0
0.017737150192260742,41992.0
0.017737150192260742,42143.0
0.017737150192260742,42029.0
0.017737150192260742,41820.0
0.017737150192260742,42083.0
0.017737150192260742,42204.0
0.017737150192260742,41995.0
0.017737150192260742,41866.0
0.017737150192260742,42102.0
0.017737150192260742,41980.0
0.017737150192260742,41796.0
0.017737150192260742,41681.0
0.017737150192260742,41866.0
0.017737150192260742,41975.0
0.017737150192260742,42082.0
0.017737150192260742,42198.0
0.017737150192260742,42049.0
0.017737150192260742,42170.0
0.017737150192260742,42289.0
0.017737150192260742,42183.0
0.017737150192260742,41920.0
0.017737150192260742,42117.0
0.017737150192260742,41998.0
0.017737150192260742,42120.0
0.017737150192260742,42236.0
0.017737150192260742,42355.0
0.017737150192260742,42230.0
0.017737150192260742,42377.0
0.017737150192260742,42227.0
0.017737150192260742,42126.0
0.017737150192260742,42284.0
0.017737150192260742,42118.0
0.017737150192260742,42013.0
0.017737150192260742,42187.0
0.017737150192260742,42065.0
0.017737150192260742,41909.0
0.017737150192260742,42062.0
0.017737150192260742,41888.0
0.017737150192260742,42061.0
0.017737150192260742,41943.0
0.017737150192260742,42052.0
0.017737150192260742,41867.0
0.017737150192260742,42061.0
0.017737150192260742,41954.0
0.017737150192260742,41834.0
0.017737150192260742,42002.0
0.017737150192260742,41867.0
0.017737150192260742,41999.0
0.017737150192260742,41857.0
0.017737150192260742,41974.0
0.017737150192260742,42093.0
0.017737150192260742,42196.0
0.017737150192260742,42077.0
0.017737150192260742,41780.0
0.017737150192260742,41932.0
0.017737150192260742,42138.0
0.017737150192260742,41985.0
0.017737150192260742,42187.0
0.017737150192260742,42296.0
0.017737150192260742,42166.0
0.017737150192260742,42296.0
0.017737150192260742,42174.0
0.017737150192260742,42025.0
0.017737150192260742,42169.0
0.017737150192260742,42297.0
0.017737150192260742,42126.0
0.017737150192260742,42241.0
0.017737150192260742,42350.0
0.017737150192260742,42248.0
0.017737150192260742,42394.0
0.017737150192260742,42287.0
0.017737150192260742,42391.0
0.017737150192260742,42501.0
0.017737150192260742,42602.0
0.017737150192260742,42343.0
0.017737150192260742,42535.0
0.017737150192260742,42337.0
0.017737150192260742,42591.0
0.017737150192260742,42482.0
0.017737150192260742,42246.0
0.017737150192260742,42080.0
0.017737150192260742,42347.0
0.017737150192260742,42163.0
0.017737150192260742,42348.0
0.017737150192260742,42490.0
0.017737150192260742,42185.0
0.017737150192260742,42331.0
0.017737150192260742,42461.0
0.017737150192260742,42662.0
0.017737150192260742,41847.0
0.017737150192260742,42172.0
0.017737150192260742,42687.0
0.017737150192260742,42573.0
0.017737150192260742,42725.0
0.017737150192260742,42872.0
0.017737150192260742,42581.0
0.017737150192260742,42746.0
0.017737150192260742,42958.0
0.017737150192260742,43072.0
0.017737150192260742,43196.0
0.017737150192260742,43074.0
0.017737150192260742,42931.0
0.017737150192260742,43056.0
0.017737150192260742,43157.0
0.017737150192260742,42965.0
0.017737150192260742,43117.0
0.017737150192260742,43240.0
0.017737150192260742,43125.0
0.017737150192260742,43260.0
0.017737150192260742,43066.0
0.017737150192260742,43305.0
0.017737150192260742,43153.0
0.017737150192260742,42952.0
0.017737150192260742,42784.0
0.017737150192260742,43067.0
0.017737150192260742,43191.0
0.017737150192260742,43046.0
0.017737150192260742,42837.0
0.017737150192260742,42944.0
0.017737150192260742,42793.0
0.017737150192260742,42998.0
0.017737150192260742,43148.0
0.017737150192260742,43272.0
0.017737150192260742,43377.0
0.017737150192260742,43482.0
0.017737150192260742,43377.0
0.017737150192260742,43492.0
0.017737150192260742,43331.0
0.017737150192260742,43468.0
0.017737150192260742,43353.0
0.017737150192260742,43472.0
0.017737150192260742,43291.0
0.017737150192260742,43458.0
0.017737150192260742,43323.0
0.017737150192260742,43489.0
0.017737150192260742,43371.0
0.017737150192260742,43505.0
0.017737150192260742,43363.0
0.017737150192260742,43262.0
0.017737150192260742,43378.0
0.017737150192260742,43262.0
0.017737150192260742,43381.0
0.017737150192260742,43272.0
0.017737150192260742,42810.0
0.017737150192260742,43245.0
0.017737150192260742,43346.0
0.017737150192260742,42930.0
0.017737150192260742,43367.0
0.017737150192260742,43200.0
0.017737150192260742,43385.0
0.017737150192260742,42881.0
0.017737150192260742,43145.0
0.017737150192260742,43387.0
0.017737150192260742,43520.0
0.017737150192260742,43690.0
0.017737150192260742,43587.0
0.017737150192260742,43393.0
0.017737150192260742,43503.0
0.017737150192260742,43667.0
0.017737150192260742,43502.0
0.017737150192260742,43371.0
0.017737150192260742,43566.0
0.017737150192260742,43446.0
0.017737150192260742,43574.0
0.017737150192260742,43427.0
0.017737150192260742,43544.0
0.017737150192260742,43652.0
0.017737150192260742,43757.0
0.017737150192260742,43627.0
0.017737150192260742,43772.0
0.017737150192260742,43899.0
0.017737150192260742,43766.0
0.017737150192260742,43883.0
0.017737150192260742,43673.0
0.017737150192260742,43869.0
0.017737150192260742,43750.0
0.017737150192260742,43905.0
0.017737150192260742,43697.0
0.017737150192260742,43853.0
0.017737150192260742,43651.0
0.017737150192260742,43819.0
0.017737150192260742,43924.0
0.017737150192260742,44056.0
0.017737150192260742,44198.0
0.017737150192260742,44074.0
0.017737150192260742,44190.0
0.017737150192260742,44303.0
0.017737150192260742,44130.0
0.017737150192260742,44239.0
0.017737150192260742,44122.0
0.017737150192260742,44252.0
0.017737150192260742,44403.0
0.017737150192260742,44261.0
0.017737150192260742,44106.0
0.017737150192260742,44218.0
0.017737150192260742,44376.0
0.017737150192260742,44183.0
0.017737150192260742,44067.0
0.017737150192260742,44245.0
0.017737150192260742,44363.0
0.017737150192260742,44212.0
0.017737150192260742,44372.0
0.017737150192260742,44497.0
0.017737150192260742,44604.0
0.017737150192260742,44443.0
0.017737150192260742,44326.0
0.017737150192260742,44492.0
0.017737150192260742,44594.0
0.017737150192260742,44449.0
0.017737150192260742,44247.0
0.017737150192260742,44382.0
0.017737150192260742,44240.0
0.017737150192260742,44505.0
0.017737150192260742,44381.0
0.017737150192260742,44225.0
0.017737150192260742,44049.0
0.017737150192260742,43770.0
0.017737150192260742,44177.0
0.017737150192260742,44033.0
0.017737150192260742,43884.0
0.017737150192260742,44075.0
0.03130698204040527,44194.0
0.03130698204040527,43929.0
0.03130698204040527,43783.0
0.03130698204040527,44095.0
0.03130698204040527,43928.0
0.03130698204040527,44083.0
0.03243851661682129,43905.0
0.03243851661682129,43748.0
0.03243851661682129,43891.0
0.03243851661682129,44042.0
0.03243851661682129,43917.0
0.03243851661682129,44105.0
0.03243851661682129,43991.0
0.03243851661682129,43814.0
0.03243851661682129,43928.0
0.03243851661682129,44088.0
0.03243851661682129,43897.0
0.03243851661682129,43685.0
0.03243851661682129,43990.0
0.03243851661682129,43881.0
0.03243851661682129,43778.0
0.03243851661682129,43900.0
0.03243851661682129,43775.0
0.03243851661682129,43632.0
0.03243851661682129,43748.0
0.03243851661682129,43875.0
0.03243851661682129,43978.0
0.03243851661682129,43809.0
0.03243851661682129,43672.0
0.03243851661682129,43845.0
0.03243851661682129,43520.0
0.03243851661682129,43684.0
0.03243851661682129,43905.0
0.03243851661682129,44008.0
0.03243851661682129,43873.0
0.03243851661682129,44071.0
0.03243851661682129,43961.0
0.03243851661682129,44067.0
0.03243851661682129,44176.0
0.03243851661682129,44066.0
0.03243851661682129,44167.0
0.03243851661682129,44283.0
0.03243851661682129,44156.0
0.03243851661682129,43995.0
0.03243851661682129,43708.0
0.03243851661682129,44015.0
0.03243851661682129,44176.0
0.03243851661682129,44069.0
0.03243851661682129,44199.0
0.03243851661682129,44039.0
0.03243851661682129,44185.0
0.03243851661682129,43997.0
0.03243851661682129,44176.0
0.03243851661682129,44046.0
0.03243851661682129,43894.0
0.03243851661682129,44103.0
0.03243851661682129,43951.0
0.03243851661682129,44066.0
0.03243851661682129,43869.0
0.03243851661682129,44092.0
0.03243851661682129,43971.0
0.03243851661682129,43868.0
0.03243851661682129,43988.0
0.03243851661682129,43869.0
0.03243851661682129,43762.0
0.03243851661682129,43659.0
0.03243851661682129,43778.0
0.03243851661682129,43641.0
0.03243851661682129,43526.0
0.03243851661682129,43669.0
0.03243851661682129,43539.0
0.03243851661682129,43435.0
0.03243851661682129,43325.0
0.03243851661682129,43439.0
0.03243851661682129,43588.0
0.03243851661682129,43480.0
0.03243851661682129,43367.0
0.03243851661682129,43262.0
0.03243851661682129,43404.0
0.03243851661682129,43303.0
0.03243851661682129,43184.0
0.03243851661682129,43298.0
0.03243851661682129,43169.0
0.03637862205505371,43295.0
0.03637862205505371,43154.0
0.03637862205505371,43029.0
0.03637862205505371,43204.0
0.03637862205505371,43103.0
0.03637862205505371,42985.0
0.03637862205505371,43095.0
0.03637862205505371,42960.0
0.03637862205505371,42706.0
0.03637862205505371,42991.0
0.03637862205505371,42870.0
0.03637862205505371,42718.0
0.03637862205505371,42828.0
0.03637862205505371,42961.0
0.03637862205505371,42845.0
0.03637862205505371,42973.0
0.03747391700744629,43095.0
0.03747391700744629,42905.0
0.03747391700744629,42786.0
0.03747391700744629,42921.0
0.03747391700744629,43042.0
0.03747391700744629,42940.0
0.03747391700744629,42782.0
0.03747391700744629,42992.0
0.03747391700744629,42864.0
0.03747391700744629,42973.0
0.03747391700744629,43077.0
0.03747391700744629,42931.0
0.03747391700744629,42821.0
0.03747391700744629,42963.0
0.038481712341308594,43080.0
0.038481712341308594,42976.0
0.038481712341308594,42875.0
0.038481712341308594,42991.0
0.038481712341308594,42586.0
0.038481712341308594,42950.0
0.038481712341308594,43074.0
0.0394749641418457,42872.0
0.0394749641418457,43050.0
0.0394749641418457,43199.0
0.04047250747680664,43026.0
0.04047250747680664,42837.0
0.04047250747680664,42944.0
0.04047250747680664,43103.0
0.04047250747680664,42964.0
0.04047250747680664,43092.0
0.04047250747680664,43255.0
0.04047250747680664,43017.0
0.04047250747680664,43210.0
0.04047250747680664,43396.0
0.04102206230163574,43211.0
0.04102206230163574,43379.0
0.04102206230163574,43224.0
0.04102206230163574,43089.0
0.04102206230163574,43269.0
0.04202127456665039,43097.0
0.04202127456665039,42901.0
0.04202127456665039,43067.0
0.04202127456665039,43207.0
0.04202127456665039,43348.0
0.04202127456665039,43147.0
0.04202127456665039,43356.0
0.04202127456665039,43467.0
0.04311561584472656,43590.0
0.04311561584472656,43484.0
0.04311561584472656,43146.0
0.04311561584472656,43335.0
0.04311561584472656,43137.0
0.04311561584472656,43389.0
0.04311561584472656,43535.0
0.04311561584472656,43407.0
0.04311561584472656,43515.0
0.04311561584472656,43326.0
0.04311561584472656,43484.0
0.04311561584472656,43375.0
0.04311561584472656,43249.0
0.04311561584472656,43495.0
0.044209957122802734,43188.0
0.044209957122802734,43313.0
0.044209957122802734,43534.0
0.044209957122802734,43415.0
0.044209957122802734,43570.0
0.044209957122802734,43679.0
0.044209957122802734,43574.0
0.044209957122802734,43693.0
0.044209957122802734,43523.0
0.044209957122802734,43315.0
0.044209957122802734,43580.0
0.045119285583496094,43456.0
0.045119285583496094,43343.0
0.045119285583496094,43480.0
0.045119285583496094,43285.0
0.045119285583496094,43474.0
0.045119285583496094,43339.0
0.045119285583496094,43175.0
0.045119285583496094,43339.0
0.047225236892700195,43490.0
0.047225236892700195,43322.0
0.047225236892700195,43156.0
0.047225236892700195,42961.0
0.047225236892700195,43301.0
0.047225236892700195,43084.0
0.047225236892700195,43219.0
0.047225236892700195,43014.0
0.047225236892700195,43259.0
0.047225236892700195,43137.0
0.047225236892700195,43242.0
0.047225236892700195,43397.0
0.047225236892700195,43188.0
0.047225236892700195,43056.0
0.047225236892700195,42952.0
0.047225236892700195,43159.0
0.047225236892700195,43026.0
0.047225236892700195,42856.0
0.047225236892700195,42728.0
0.047225236892700195,42611.0
0.047225236892700195,42876.0
0.047225236892700195,42591.0
0.047225236892700195,42847.0
0.047225236892700195,42641.0
0.047225236892700195,42900.0
0.04842805862426758,42758.0
0.04842805862426758,42859.0
0.04842805862426758,42963.0
0.04842805862426758,42785.0
0.04842805862426758,42976.0
0.04942917823791504,42830.0
0.049800872802734375,42992.0
0.049800872802734375,42877.0
0.049800872802734375,42992.0
0.049800872802734375,42888.0
0.049800872802734375,42760.0
0.0502772331237793,42897.0
0.0502772331237793,42787.0
0.0502772331237793,42628.0
0.0502772331237793,42470.0
0.0502772331237793,42698.0
0.0502772331237793,42583.0
0.0502772331237793,42450.0
0.0502772331237793,42584.0
0.0502772331237793,42468.0
0.0502772331237793,42578.0
0.0502772331237793,42469.0
0.0502772331237793,42302.0
0.0502772331237793,42403.0
0.0502772331237793,42532.0
0.0502772331237793,42668.0
0.0502772331237793,42773.0
0.0502772331237793,42671.0
0.0502772331237793,42802.0
0.0502772331237793,42681.0
0.0502772331237793,42571.0
0.0502772331237793,42134.0
0.0502772331237793,42260.0
0.0502772331237793,42503.0
0.0502772331237793,42749.0
0.0502772331237793,42891.0
0.0502772331237793,42619.0
0.0502772331237793,42460.0
0.0502772331237793,42718.0
0.0502772331237793,42563.0
0.0502772331237793,42714.0
0.0502772331237793,42613.0
0.0502772331237793,42206.0
0.0502772331237793,42538.0
0.0502772331237793,42769.0
0.0502772331237793,42413.0
0.0502772331237793,42803.0
0.0502772331237793,42659.0
0.0502772331237793,42763.0
0.0502772331237793,42887.0
0.0502772331237793,42736.0
0.0502772331237793,42850.0
0.0502772331237793,42954.0
0.0502772331237793,42838.0
0.0502772331237793,42707.0
0.0502772331237793,42876.0
0.0502772331237793,42989.0
0.0502772331237793,43096.0
0.0502772331237793,43202.0
0.0502772331237793,43086.0
0.0502772331237793,42974.0
0.0502772331237793,42634.0
0.0502772331237793,42918.0
0.0502772331237793,42782.0
0.0502772331237793,42666.0
0.0502772331237793,42889.0
0.0502772331237793,42770.0
0.0502772331237793,42669.0
0.0502772331237793,42786.0
0.0502772331237793,42677.0
0.0502772331237793,42563.0
0.0502772331237793,42437.0
0.0502772331237793,42327.0
0.0502772331237793,42462.0
0.0502772331237793,42587.0
0.0502772331237793,42366.0
0.0502772331237793,42482.0
0.0502772331237793,42585.0
0.0502772331237793,42728.0
0.0502772331237793,42892.0
0.0502772331237793,42776.0
0.0502772331237793,42896.0
0.0502772331237793,42762.0
0.0502772331237793,42644.0
0.0502772331237793,42754.0
0.0502772331237793,42903.0
0.0502772331237793,42771.0
0.0502772331237793,42582.0
0.0502772331237793,42698.0
0.0502772331237793,42534.0
0.0502772331237793,42698.0
0.0502772331237793,42870.0
0.0502772331237793,42605.0
0.0502772331237793,42901.0
0.0502772331237793,42778.0
0.0502772331237793,42532.0
0.0502772331237793,42416.0
0.0502772331237793,42639.0
0.0502772331237793,42796.0
0.0502772331237793,42905.0
0.0502772331237793,42804.0
0.0502772331237793,42700.0
0.0502772331237793,42550.0
0.0502772331237793,42678.0
0.0502772331237793,42570.0
0.0502772331237793,42682.0
0.0502772331237793,42523.0
0.0502772331237793,42418.0
0.0502772331237793,42578.0
0.0502772331237793,42357.0
0.0502772331237793,42531.0
0.0502772331237793,42422.0
0.0502772331237793,42259.0
0.0502772331237793,42378.0
0.0502772331237793,42599.0
0.0502772331237793,42356.0
0.0502772331237793,42488.0
0.0502772331237793,42603.0
0.0502772331237793,42788.0
0.0502772331237793,42673.0
0.0502772331237793,42797.0
0.0502772331237793,42665.0
0.0502772331237793,42505.0
0.0502772331237793,42384.0
0.0502772331237793,42516.0
0.0502772331237793,42381.0
0.0502772331237793,42497.0
0.0502772331237793,42393.0
0.0502772331237793,42529.0
0.0502772331237793,42630.0
0.0502772331237793,42733.0
0.0502772331237793,42885.0
0.0502772331237793,42739.0
0.0502772331237793,42483.0
0.0502772331237793,42795.0
0.0502772331237793,42609.0
0.0502772331237793,42791.0
0.0502772331237793,42901.0
0.0502772331237793,42800.0
0.0502772331237793,42657.0
0.0502772331237793,42799.0
0.0502772331237793,42674.0
0.0502772331237793,42557.0
0.0502772331237793,42331.0
0.0502772331237793,42482.0
0.0502772331237793,42604.0
0.0502772331237793,42438.0
0.0502772331237793,42651.0
0.0502772331237793,42527.0
0.0502772331237793,42660.0
0.0502772331237793,42782.0
0.0502772331237793,42613.0
0.0502772331237793,42784.0
0.0502772331237793,42670.0
0.0502772331237793,42561.0
0.0502772331237793,42338.0
0.0502772331237793,42479.0
0.0502772331237793,42581.0
0.0502772331237793,42745.0
0.0502772331237793,42881.0
0.0502772331237793,43005.0
0.0502772331237793,42884.0
0.0502772331237793,42765.0
0.0502772331237793,42891.0
0.0502772331237793,42994.0
0.0502772331237793,42843.0
0.0502772331237793,42980.0
0.0502772331237793,42872.0
0.0502772331237793,43004.0
0.0502772331237793,42815.0
0.0502772331237793,42944.0
0.0502772331237793,43099.0
0.0502772331237793,42957.0
0.0502772331237793,43065.0
0.0502772331237793,42952.0
0.0502772331237793,42777.0
0.0502772331237793,42992.0
0.0502772331237793,42862.0
0.0502772331237793,42981.0
0.0502772331237793,42817.0
0.0502772331237793,42942.0
0.0502772331237793,43090.0
0.0502772331237793,43204.0
0.0502772331237793,43084.0
0.0502772331237793,43193.0
0.0502772331237793,43092.0
0.0502772331237793,42861.0
0.0502772331237793,43058.0
0.0502772331237793,43192.0
0.0502772331237793,43091.0
0.0502772331237793,42989.0
0.0502772331237793,42831.0
0.0502772331237793,42940.0
0.0502772331237793,42791.0
0.0502772331237793,42905.0
0.0502772331237793,43058.0
0.0502772331237793,42930.0
0.0502772331237793,43080.0
0.0502772331237793,42965.0
0.0502772331237793,42846.0
0.0502772331237793,42967.0
0.0502772331237793,43075.0
0.0502772331237793,42918.0
0.0502772331237793,42758.0
0.0502772331237793,42894.0
0.0502772331237793,43084.0
0.0502772331237793,43188.0
0.0502772331237793,43289.0
0.0502772331237793,43104.0
0.0502772331237793,42982.0
0.0502772331237793,43171.0
0.0502772331237793,42948.0
0.0502772331237793,43170.0
0.0502772331237793,43065.0
0.0502772331237793,42910.0
0.0502772331237793,43100.0
0.0502772331237793,42990.0
0.0502772331237793,43092.0
0.0502772331237793,42941.0
0.0502772331237793,43086.0
0.0502772331237793,42864.0
0.0502772331237793,43032.0
0.0502772331237793,43179.0
0.0502772331237793,43305.0
0.0502772331237793,43188.0
0.0502772331237793,43047.0
0.0502772331237793,42939.0
0.0502772331237793,41994.0
0.0502772331237793,42526.0
0.0502772331237793,42786.0
0.0502772331237793,42938.0
0.0502772331237793,43219.0
0.0502772331237793,43363.0
0.0502772331237793,43505.0
0.0502772331237793,43266.0
0.0502772331237793,43475.0
0.0502772331237793,43368.0
0.0502772331237793,43488.0
0.0502772331237793,43265.0
0.0502772331237793,43155.0
0.0502772331237793,43314.0
0.0502772331237793,43470.0
0.0502772331237793,43575.0
0.0502772331237793,43368.0
0.0502772331237793,43590.0
0.0502772331237793,43426.0
0.0502772331237793,43536.0
0.0502772331237793,43422.0
0.0502772331237793,43580.0
0.0502772331237793,43697.0
0.0502772331237793,43798.0
0.0502772331237793,43678.0
0.0502772331237793,43553.0
0.0502772331237793,43411.0
0.0502772331237793,43566.0
0.0502772331237793,43419.0
0.0502772331237793,43546.0
0.0502772331237793,43663.0
0.0502772331237793,43485.0
0.0502772331237793,43697.0
0.0502772331237793,43798.0
0.06360054016113281,43903.0
0.06360054016113281,43802.0
0.06360054016113281,43675.0
0.06460690498352051,43370.0
0.06460690498352051,43591.0
0.06460690498352051,43800.0
0.06460690498352051,43663.0
0.06460690498352051,43539.0
0.06460690498352051,43387.0
0.06460690498352051,43504.0
0.06460690498352051,43619.0
0.06460690498352051,43771.0
0.06460690498352051,43664.0
0.06460690498352051,43777.0
0.06460690498352051,43898.0
0.06561446189880371,43677.0
0.06561446189880371,43841.0
0.06561446189880371,43724.0
0.06561446189880371,43856.0
0.06561446189880371,43567.0
0.06561446189880371,43806.0
0.06561446189880371,44000.0
0.06561446189880371,43891.0
0.06561446189880371,43769.0
0.06561446189880371,43887.0
0.06660604476928711,44002.0
0.06660604476928711,43888.0
0.06660604476928711,43730.0
0.06660604476928711,43840.0
0.06660604476928711,43720.0
0.06660604476928711,43584.0
0.06660604476928711,43784.0
0.06660604476928711,43901.0
0.06660604476928711,43698.0
0.06660604476928711,43898.0
0.06660604476928711,43787.0
0.06760597229003906,43504.0
0.06760597229003906,43617.0
0.06760597229003906,43904.0
0.06760597229003906,43711.0
0.06760597229003906,43896.0
0.06760597229003906,43461.0
0.06760597229003906,43664.0
0.06760597229003906,43969.0
0.06760597229003906,44079.0
0.06760597229003906,43953.0
0.06760597229003906,44069.0
0.06860589981079102,44202.0
0.06860589981079102,44098.0
0.06860589981079102,43966.0
0.06860589981079102,44094.0
0.06860589981079102,43984.0
0.06860589981079102,43781.0
0.06860589981079102,43972.0
0.06860589981079102,43835.0
0.06860589981079102,44005.0
0.06860589981079102,43796.0
0.06860589981079102,43921.0
0.06860589981079102,44070.0
0.06860589981079102,44202.0
0.06960558891296387,44097.0
0.06960558891296387,43992.0
0.06960558891296387,44101.0
0.06960558891296387,44202.0
0.06960558891296387,44076.0
0.06960558891296387,44192.0
0.06960558891296387,44076.0
0.06960558891296387,43958.0
0.06960558891296387,43736.0
0.06960558891296387,43966.0
0.06960558891296387,43777.0
0.06960558891296387,43993.0
0.06960558891296387,43871.0
0.06960558891296387,43975.0
0.06960558891296387,44077.0
0.06960558891296387,43936.0
0.06960558891296387,44087.0
0.06960558891296387,43926.0
0.06960558891296387,43726.0
0.06960558891296387,43971.0
0.06960558891296387,44104.0
0.07111167907714844,43945.0
0.07111167907714844,44103.0
0.07111167907714844,43980.0
0.07111167907714844,43875.0
0.07111167907714844,43724.0
0.07111167907714844,43894.0
0.07111167907714844,43780.0
0.07111167907714844,43887.0
0.07111167907714844,43763.0
0.07111167907714844,43646.0
0.07111167907714844,43525.0
0.07111167907714844,43675.0
0.07111167907714844,43800.0
0.07111167907714844,43663.0
0.07111167907714844,43803.0
0.07111167907714844,43684.0
0.07211470603942871,43568.0
0.07211470603942871,43705.0
0.07211470603942871,43604.0
0.07211470603942871,43339.0
0.07211470603942871,43567.0
0.07211470603942871,43684.0
0.07311439514160156,43788.0
0.07311439514160156,43895.0
0.07411432266235352,43762.0
0.07411432266235352,43872.0
0.07411432266235352,44003.0
0.07411432266235352,43787.0
0.07411432266235352,44002.0
0.07411432266235352,43853.0
0.0751950740814209,43988.0
0.0751950740814209,43874.0
0.0751950740814209,43990.0
0.0751950740814209,43855.0
0.0751950740814209,44004.0
0.0751950740814209,43854.0
0.07611465454101562,43979.0
0.07611465454101562,43862.0
0.07611465454101562,43977.0
0.07611465454101562,44095.0
0.07611465454101562,43898.0
0.07611465454101562,44047.0
0.07611465454101562,44198.0
0.07611465454101562,44094.0
0.07611465454101562,44199.0
0.07719564437866211,44095.0
0.07719564437866211,43959.0
0.07719564437866211,43810.0
0.07719564437866211,43953.0
0.07719564437866211,44060.0
0.07719564437866211,44182.0
0.07719564437866211,44031.0
0.07719564437866211,44189.0
0.07719564437866211,44084.0
0.07719564437866211,43951.0
0.07719564437866211,44089.0
0.07719564437866211,43974.0
0.07719564437866211,44090.0
0.07719564437866211,44204.0
0.07719564437866211,44019.0
0.07819342613220215,44185.0
0.07819342613220215,44030.0
0.07819342613220215,44188.0
0.07819342613220215,44293.0
0.07819342613220215,44397.0
0.07819342613220215,44498.0
0.07819342613220215,44603.0
0.07819342613220215,44474.0
0.07819342613220215,44371.0
0.07819342613220215,44504.0
0.07911396026611328,44332.0
0.07911396026611328,44200.0
0.07911396026611328,44352.0
0.07911396026611328,44245.0
0.07911396026611328,44382.0
0.07911396026611328,44137.0
0.07911396026611328,44274.0
0.07911396026611328,44441.0
0.07911396026611328,44571.0
0.07911396026611328,44312.0
0.07911396026611328,44504.0
0.07911396026611328,44678.0
0.07911396026611328,44504.0
0.07911396026611328,44676.0
0.07911396026611328,44790.0
0.08011388778686523,44687.0
0.08011388778686523,44801.0
0.08011388778686523,44905.0
0.08111381530761719,44798.0
0.08207464218139648,44905.0
0.08311605453491211,44791.0
0.08311605453491211,44893.0
0.08411359786987305,44743.0
0.08411359786987305,44890.0
0.08411359786987305,44767.0
0.08411359786987305,44887.0
0.08411359786987305,44754.0
0.08411359786987305,44871.0
0.0851128101348877,44985.0
0.0851128101348877,44821.0
0.0851128101348877,44982.0
0.0851128101348877,44855.0
0.0851128101348877,44971.0
0.0851128101348877,44746.0
0.0851128101348877,44976.0
0.0851128101348877,44875.0
0.08612251281738281,44991.0
0.08612251281738281,44836.0
0.08612251281738281,44606.0
0.08612251281738281,44809.0
0.08612251281738281,44956.0
0.08612251281738281,45077.0
0.08612251281738281,44948.0
0.08712244033813477,45097.0
0.08712244033813477,44948.0
0.08712244033813477,45072.0
0.08712244033813477,44962.0
0.08712244033813477,45090.0
0.08812594413757324,44910.0
0.08812594413757324,45078.0
0.08812594413757324,45182.0
0.08912277221679688,45077.0
0.08912277221679688,45203.0
0.08912277221679688,44945.0
0.08912277221679688,45127.0
0.08912277221679688,45019.0
0.08912277221679688,45200.0
0.08912277221679688,45053.0
0.08912277221679688,44843.0
0.08912277221679688,44985.0
0.08912277221679688,45155.0
0.09011268615722656,45018.0
0.09011268615722656,45173.0
0.09011268615722656,45056.0
0.09011268615722656,45175.0
0.09011268615722656,45300.0
0.09119653701782227,45172.0
0.09119653701782227,45304.0
0.09119653701782227,45058.0
0.09119653701782227,45256.0
0.09119653701782227,45389.0
0.0921931266784668,45492.0
0.0921931266784668,45375.0
0.0921931266784668,45483.0
0.0921931266784668,45319.0
0.0921931266784668,45471.0
0.0921931266784668,45369.0
0.0921931266784668,45484.0
0.0921931266784668,45293.0
0.0921931266784668,45428.0
0.0921931266784668,45600.0
0.09311246871948242,45704.0
0.09311246871948242,45560.0
0.09311246871948242,45665.0
0.09311246871948242,45794.0
0.09411406517028809,45895.0
0.09411406517028809,45780.0
0.09411406517028809,45883.0
0.09411406517028809,45782.0
0.09411406517028809,45899.0
0.09411406517028809,45783.0
0.09411406517028809,45478.0
0.09411406517028809,45662.0
0.09411406517028809,45881.0
0.09520292282104492,45997.0
0.09520292282104492,45877.0
0.09520292282104492,45750.0
0.09520292282104492,45603.0
0.09520292282104492,45343.0
0.09520292282104492,45614.0
0.09520292282104492,45751.0
0.09520292282104492,45649.0
0.09520292282104492,45775.0
0.09520292282104492,45894.0
0.09520292282104492,45723.0
0.09520292282104492,45867.0
0.09520292282104492,45759.0
0.09520292282104492,45604.0
0.09520292282104492,45741.0
0.09520292282104492,45892.0
0.09520292282104492,45788.0
0.09620356559753418,45656.0
0.09620356559753418,45780.0
0.09620356559753418,45903.0
0.09620356559753418,45779.0
0.09620356559753418,45897.0
0.09620356559753418,45780.0
0.09711503982543945,45650.0
0.09711503982543945,45778.0
0.09732246398925781,45902.0
0.09732246398925781,46003.0
0.09732246398925781,45866.0
0.09732246398925781,45743.0
0.09732246398925781,45896.0
0.09849262237548828,46001.0
0.09849262237548828,45829.0
0.09849262237548828,45940.0
0.09849262237548828,46101.0
0.09849262237548828,46203.0
0.09849262237548828,46100.0
0.09849262237548828,45963.0
0.09849262237548828,45835.0
0.09849262237548828,45963.0
0.09849262237548828,45853.0
0.09849262237548828,45728.0
0.09849262237548828,45876.0
0.09849262237548828,45766.0
0.09849262237548828,45587.0
0.09849262237548828,45759.0
0.09849262237548828,45869.0
0.09849262237548828,45970.0
0.09849262237548828,45838.0
0.09849262237548828,45726.0
0.09849262237548828,45886.0
0.09849262237548828,45761.0
0.09849262237548828,45656.0
0.09849262237548828,45789.0
0.09849262237548828,45591.0
0.09849262237548828,45700.0
0.09849262237548828,45894.0
0.09849262237548828,46004.0
0.09849262237548828,45888.0
0.09849262237548828,45778.0
0.09849262237548828,45617.0
0.09849262237548828,45754.0
0.09849262237548828,45869.0
0.09849262237548828,45740.0
0.09849262237548828,45879.0
0.09849262237548828,45731.0
0.09849262237548828,45867.0
0.09849262237548828,45997.0
0.09849262237548828,45872.0
0.09849262237548828,45982.0
0.09849262237548828,45878.0
0.09849262237548828,46002.0
0.09849262237548828,45901.0
0.09849262237548828,45762.0
0.09849262237548828,45889.0
0.09849262237548828,46003.0
0.09849262237548828,45851.0
0.09849262237548828,46005.0
0.09849262237548828,45869.0
0.09849262237548828,45998.0
0.09849262237548828,45882.0
0.09849262237548828,45637.0
0.09849262237548828,45754.0
0.09849262237548828,45623.0
0.09849262237548828,45742.0
0.09849262237548828,45982.0
0.09849262237548828,46097.0
0.09849262237548828,45984.0
0.09849262237548828,45877.0
0.09849262237548828,45980.0
0.09849262237548828,45878.0
0.09849262237548828,45994.0
0.09849262237548828,45880.0
0.09849262237548828,45981.0
0.09849262237548828,45866.0
0.09849262237548828,45988.0
0.09849262237548828,45775.0
0.09849262237548828,45949.0
0.09849262237548828,46072.0
0.09849262237548828,45921.0
0.09849262237548828,46095.0
0.09849262237548828,46199.0
0.09849262237548828,46029.0
0.09849262237548828,46142.0
0.09849262237548828,46287.0
0.09849262237548828,46182.0
0.09849262237548828,46294.0
0.09849262237548828,46133.0
0.09849262237548828,46249.0
0.09849262237548828,46363.0
0.09849262237548828,46178.0
0.09849262237548828,46327.0
0.09849262237548828,46456.0
0.09849262237548828,46605.0
0.09849262237548828,46437.0
0.09849262237548828,46554.0
0.09849262237548828,46695.0
0.09849262237548828,46543.0
0.09849262237548828,46696.0
0.09849262237548828,46567.0
0.09849262237548828,46451.0
0.09849262237548828,46561.0
0.09849262237548828,46686.0
0.09849262237548828,46794.0
0.09849262237548828,46691.0
0.09849262237548828,46588.0
0.09849262237548828,46445.0
0.09849262237548828,46317.0
0.09849262237548828,46198.0
0.09849262237548828,46354.0
0.09849262237548828,46503.0
0.09849262237548828,46309.0
0.09849262237548828,46496.0
0.09849262237548828,46380.0
0.09849262237548828,46496.0
0.09849262237548828,46366.0
0.09849262237548828,46265.0
0.09849262237548828,46396.0
0.09849262237548828,46238.0
0.09849262237548828,46382.0
0.09849262237548828,46499.0
0.09849262237548828,46338.0
0.09849262237548828,46494.0
0.09849262237548828,46335.0
0.09849262237548828,46451.0
0.09849262237548828,46298.0
0.09849262237548828,46165.0
0.09849262237548828,46329.0
0.09849262237548828,46432.0
0.09849262237548828,46587.0
0.09849262237548828,46442.0
0.09849262237548828,46549.0
0.09849262237548828,46653.0
0.09849262237548828,46793.0
0.09849262237548828,46667.0
0.09849262237548828,46499.0
0.09849262237548828,46699.0
0.09849262237548828,46564.0
0.09849262237548828,46705.0
0.09849262237548828,46604.0
0.09849262237548828,46487.0
0.09849262237548828,46352.0
0.11309051513671875,46232.0
0.11309051513671875,46127.0
0.11309051513671875,46266.0
0.11309051513671875,46391.0
0.11373353004455566,46244.0
0.11373353004455566,46384.0
0.11373353004455566,46489.0
0.11373353004455566,46321.0
0.11373353004455566,46468.0
0.11373353004455566,46367.0
0.11477327346801758,46482.0
0.11477327346801758,46604.0
0.11477327346801758,46455.0
0.11477327346801758,46302.0
0.11477327346801758,46486.0
0.11477327346801758,46369.0
0.11477327346801758,46499.0
0.11477327346801758,46397.0
0.11477327346801758,46502.0
0.11477327346801758,46370.0
0.11477327346801758,46473.0
0.11477327346801758,46352.0
0.11477327346801758,46460.0
0.11477327346801758,46326.0
0.11477327346801758,46504.0
0.11477327346801758,46385.0
0.11477327346801758,46505.0
0.11477327346801758,46398.0
0.11477327346801758,46289.0
0.11477327346801758,46185.0
0.11477327346801758,46304.0
0.11477327346801758,46188.0
0.11477327346801758,46070.0
0.11477327346801758,46172.0
0.11477327346801758,46304.0
0.11477327346801758,46405.0
0.11477327346801758,46217.0
0.11477327346801758,46393.0
0.11477327346801758,46252.0
0.11477327346801758,46372.0
0.11477327346801758,46493.0
0.11477327346801758,46366.0
0.11477327346801758,46253.0
0.11477327346801758,46384.0
0.11477327346801758,46283.0
0.11477327346801758,46132.0
0.11477327346801758,46289.0
0.11477327346801758,46180.0
0.11477327346801758,46281.0
0.11477327346801758,46166.0
0.11477327346801758,46301.0
0.11477327346801758,46135.0
0.11477327346801758,46266.0
0.11477327346801758,46163.0
0.11477327346801758,46304.0
0.11477327346801758,46153.0
0.11477327346801758,46029.0
0.11477327346801758,46154.0
0.11477327346801758,46296.0
0.11477327346801758,46397.0
0.11477327346801758,46288.0
0.11477327346801758,46168.0
0.11477327346801758,46284.0
0.11477327346801758,46097.0
0.11477327346801758,46299.0
0.11477327346801758,46179.0
0.11477327346801758,46046.0
0.11477327346801758,46176.0
0.11477327346801758,46299.0
0.11477327346801758,46183.0
0.11477327346801758,46293.0
0.11477327346801758,46185.0
0.11477327346801758,46059.0
0.11477327346801758,46186.0
0.11477327346801758,46295.0
0.11477327346801758,46117.0
0.11477327346801758,46296.0
0.11477327346801758,46032.0
0.11477327346801758,46266.0
0.11477327346801758,46398.0
0.11477327346801758,46264.0
0.11477327346801758,46038.0
0.11477327346801758,46185.0
0.11477327346801758,46370.0
0.11477327346801758,46262.0
0.11477327346801758,46148.0
0.11477327346801758,46267.0
0.11477327346801758,46384.0
0.11477327346801758,46485.0
0.11477327346801758,46602.0
0.11477327346801758,46438.0
0.11477327346801758,46591.0
0.11477327346801758,46488.0
0.11477327346801758,46591.0
0.11477327346801758,46700.0
0.11477327346801758,46802.0
0.11477327346801758,46904.0
0.11477327346801758,46787.0
0.11477327346801758,46895.0
0.11477327346801758,46764.0
0.11477327346801758,46658.0
0.11477327346801758,46436.0
0.11477327346801758,46645.0
0.11477327346801758,46796.0
0.1288747787475586,46622.0
0.1288747787475586,46783.0
0.1288747787475586,46904.0
0.1288747787475586,46788.0
0.1288747787475586,46889.0
0.1288747787475586,46732.0
0.13048291206359863,46614.0
0.13048291206359863,46803.0
0.13048291206359863,46684.0
0.13048291206359863,46789.0
0.13048291206359863,46587.0
0.13048291206359863,46751.0
0.13048291206359863,46870.0
0.13048291206359863,46986.0
0.13048291206359863,46865.0
0.13048291206359863,46996.0
0.13048291206359863,46872.0
0.13048291206359863,46995.0
0.13048291206359863,46894.0
0.13048291206359863,46769.0
0.13048291206359863,46902.0
0.13048291206359863,46798.0
0.13048291206359863,46902.0
0.13048291206359863,46758.0
0.13048291206359863,46876.0
0.13048291206359863,46985.0
0.13048291206359863,47104.0
0.13048291206359863,46992.0
0.13048291206359863,47104.0
0.13048291206359863,46989.0
0.13048291206359863,47103.0
0.13048291206359863,47001.0
0.13048291206359863,46898.0
0.13048291206359863,47005.0
0.13048291206359863,46856.0
0.13048291206359863,46747.0
0.13048291206359863,46862.0
0.13048291206359863,46987.0
0.13048291206359863,47095.0
0.13048291206359863,46966.0
0.13048291206359863,47087.0
0.13048291206359863,47188.0
0.13048291206359863,47291.0
0.13048291206359863,47190.0
0.13048291206359863,47080.0
0.13048291206359863,47199.0
0.13048291206359863,47300.0
0.13048291206359863,47401.0
0.14499139785766602,47282.0
0.14499139785766602,47392.0
0.14499139785766602,47284.0
0.14499139785766602,47401.0
0.14499139785766602,47294.0
0.14499139785766602,47191.0
0.14499139785766602,47303.0
0.14499139785766602,47198.0
0.14499139785766602,47008.0
0.14499139785766602,47168.0
0.14499139785766602,47300.0
0.14499139785766602,47402.0
0.14499139785766602,47284.0
0.14499139785766602,47404.0
0.14499139785766602,47291.0
0.14499139785766602,47405.0
0.14499139785766602,47254.0
0.14499139785766602,47403.0
0.14499139785766602,47279.0
0.14499139785766602,47397.0
0.14499139785766602,47250.0
0.14499139785766602,47392.0
0.14499139785766602,47495.0
0.16070318222045898,47603.0
0.16070318222045898,47481.0
0.16070318222045898,47590.0
0.16070318222045898,47489.0
0.16070318222045898,47597.0
0.1713109016418457,47700.0
0.1713109016418457,47804.0
0.1713109016418457,47905.0
0.1932697296142578,47797.0
0.1932697296142578,47905.0
