0.0,29868.0
0.0,30198.0
0.0,30305.0
0.0,29783.0
0.0,30282.0
0.0,30398.0
0.0,30501.0
0.0,30385.0
0.0,30493.0
0.0,30603.0
0.0,30493.0
0.0,29726.0
0.0,30304.0
0.0,30440.0
0.0,30640.0
0.0,30757.0
0.0,30563.0
0.0,30779.0
0.0,30904.0
0.0,29810.0
0.0,30122.0
0.0,30786.0
0.0,31090.0
0.0,30691.0
0.0,30889.0
0.0,31138.0
0.0,31240.0
0.0,31382.0
0.0,31483.0
0.0,31600.0
0.0,30926.0
0.0,31456.0
0.0,31681.0
0.0,31797.0
0.0,31048.0
0.0,31338.0
0.0,31698.0
0.0,31914.0
0.0,32105.0
0.0,31548.0
0.0,32077.0
0.0,32182.0
0.0,32079.0
0.0,32199.0
0.0,32083.0
0.0,31978.0
0.0,32092.0
0.0,32198.0
0.0,31739.0
0.0,32093.0
0.0,32288.0
0.0,32403.0
0.0,32260.0
0.0,32361.0
0.0,32465.0
0.0,32249.0
0.0,32445.0
0.0,32561.0
0.0,32675.0
0.0,32790.0
0.0,32683.0
0.0,32155.0
0.0,32328.0
0.0,32617.0
0.0,32894.0
0.0,32564.0
0.0,32807.0
0.0,32978.0
0.0,32783.0
0.0,32892.0
0.0,33004.0
0.0,33172.0
0.0,33277.0
0.0,32855.0
0.0,33226.0
0.0,33334.0
0.0,33497.0
0.0,33380.0
0.0,33500.0
0.0,33284.0
0.0,33491.0
0.0,33390.0
0.0,33289.0
0.0,33400.0
0.0,33151.0
0.0,33403.0
0.0,33504.0
0.0,33070.0
0.0,33286.0
0.0,33574.0
0.0,33378.0
0.0,33525.0
0.0,33680.0
0.0,33573.0
0.0,33700.0
0.0,33595.0
0.0,33128.0
0.0,33481.0
0.0,33665.0
0.0,33798.0
0.0,33486.0
0.0,33590.0
0.0,33057.0
0.0,33182.0
0.0,33576.0
0.0,33692.0
0.0,33863.0
0.0,33996.0
0.0,34099.0
0.0,34393.0
0.0,33894.0
0.0,34001.0
0.0,33303.0
0.0,33952.0
0.0,34395.0
0.0,34513.0
0.0,34691.0
0.0,34798.0
0.0,34427.0
0.0,34757.0
0.0,34642.0
0.0,34743.0
0.0,34870.0
0.0,34354.0
0.0,34679.0
0.0,34807.0
0.0,35033.0
0.0,35180.0
0.0,35289.0
0.0,35405.0
0.0,35289.0
0.0,35111.0
0.0,35008.0
0.0,35153.0
0.0,35261.0
0.0,35018.0
0.0,35138.0
0.0,35369.0
0.0,35485.0
0.0,35285.0
0.0,35478.0
0.0,35602.0
0.0,35475.0
0.0,35282.0
0.0,35459.0
0.0,35575.0
0.0,35349.0
0.0,35529.0
0.0,35670.0
0.0,35802.0
0.0,35697.0
0.0,35577.0
0.0,35463.0
0.0,35283.0
0.0,35390.0
0.0,35530.0
0.0,35661.0
0.0,35782.0
0.0,35886.0
0.0,35991.0
0.0,35866.0
0.0,35988.0
0.0,36090.0
0.0,35868.0
0.0,36010.0
0.0,35837.0
0.0,35968.0
0.0,36129.0
0.0,36297.0
0.0,36193.0
0.0,36030.0
0.0,36201.0
0.0,35671.0
0.0,35822.0
0.0,36302.0
0.0,36193.0
0.0,36092.0
0.0,35924.0
0.0,36075.0
0.0,35969.0
0.0,36079.0
0.0,36189.0
0.0,36305.0
0.0,36174.0
0.0,35814.0
0.0,35965.0
0.0,36120.0
0.0,36391.0
0.0,36284.0
0.0,36399.0
0.0,35508.0
0.0,35337.0
0.0,35596.0
0.0,36355.0
0.0,36003.0
0.0,36387.0
0.0,36492.0
0.0,36601.0
0.0,36271.0
0.0,36445.0
0.0,36623.0
0.0,36794.0
0.0,36469.0
0.0,36766.0
0.0,36892.0
0.0,36741.0
0.0,36634.0
0.0,36786.0
0.0,36670.0
0.0,36802.0
0.0,36905.0
0.0,36789.0
0.0,36642.0
0.0,36776.0
0.0,36904.0
0.0,37005.0
0.0,36902.0
0.0,36422.0
0.0,36698.0
0.0,36861.0
0.0,37005.0
0.0,37195.0
0.0,37094.0
0.0,36817.0
0.0,37008.0
0.0,37174.0
0.0,37305.0
0.0,37107.0
0.0,36723.0
0.0,37199.0
0.0,37083.0
0.0,37199.0
0.0157015323638916,37081.0
0.0157015323638916,36977.0
0.0157015323638916,36851.0
0.0157015323638916,36955.0
0.0157015323638916,37073.0
0.0157015323638916,37189.0
0.0157015323638916,37302.0
0.0157015323638916,37200.0
0.016480684280395508,37076.0
0.016480684280395508,36944.0
0.016480684280395508,37081.0
0.016480684280395508,37188.0
0.016480684280395508,37289.0
0.016480684280395508,37399.0
0.016480684280395508,37288.0
0.016480684280395508,37398.0
0.016480684280395508,37050.0
0.016480684280395508,37401.0
0.016480684280395508,37230.0
0.016480684280395508,37370.0
0.016480684280395508,37254.0
0.016480684280395508,37359.0
0.016480684280395508,37478.0
0.016480684280395508,37584.0
0.016480684280395508,37464.0
0.016480684280395508,37350.0
0.016480684280395508,37459.0
0.016480684280395508,37318.0
0.016480684280395508,37504.0
0.016480684280395508,37386.0
0.016480684280395508,37490.0
0.016480684280395508,37363.0
0.016480684280395508,37125.0
0.016480684280395508,37242.0
0.016480684280395508,37388.0
0.016480684280395508,37585.0
0.016480684280395508,37705.0
0.016480684280395508,37176.0
0.016480684280395508,37658.0
0.016480684280395508,37794.0
0.016480684280395508,37904.0
0.016480684280395508,37697.0
0.016480684280395508,37854.0
0.016480684280395508,37745.0
0.016480684280395508,37864.0
0.016480684280395508,37978.0
0.016480684280395508,37868.0
0.016480684280395508,37999.0
0.016480684280395508,37877.0
0.016480684280395508,37737.0
0.016480684280395508,37859.0
0.016480684280395508,37996.0
0.016480684280395508,37887.0
0.016480684280395508,37762.0
0.016480684280395508,37654.0
0.016480684280395508,37798.0
0.016480684280395508,37900.0
0.016480684280395508,37785.0
0.016480684280395508,37895.0
0.016480684280395508,37773.0
0.016480684280395508,37672.0
0.016480684280395508,36727.0
0.016480684280395508,37340.0
0.016480684280395508,37780.0
0.016480684280395508,37564.0
0.016480684280395508,37769.0
0.016480684280395508,37416.0
0.016480684280395508,37639.0
0.016480684280395508,37790.0
0.016480684280395508,37950.0
0.016480684280395508,38096.0
0.016480684280395508,37991.0
0.016480684280395508,37887.0
0.016480684280395508,37682.0
0.016480684280395508,37896.0
0.016480684280395508,37718.0
0.016480684280395508,37846.0
0.016480684280395508,38005.0
0.016480684280395508,37872.0
0.016480684280395508,37977.0
0.016480684280395508,37846.0
0.016480684280395508,37961.0
0.016480684280395508,38062.0
0.016480684280395508,38189.0
0.016480684280395508,38034.0
0.016480684280395508,38169.0
0.016480684280395508,37995.0
0.016480684280395508,37705.0
0.016480684280395508,37821.0
0.016480684280395508,37934.0
0.016480684280395508,38233.0
0.016480684280395508,37879.0
0.016480684280395508,38105.0
0.016480684280395508,38343.0
0.016480684280395508,38238.0
0.016480684280395508,38397.0
0.016480684280395508,38240.0
0.016480684280395508,38121.0
0.016480684280395508,38303.0
0.016480684280395508,38135.0
0.016480684280395508,38276.0
0.016480684280395508,38381.0
0.016480684280395508,38280.0
0.016480684280395508,38401.0
0.016480684280395508,38156.0
0.016480684280395508,38342.0
0.016480684280395508,38463.0
0.016480684280395508,38346.0
0.016480684280395508,38495.0
0.016480684280395508,38380.0
0.016480684280395508,38504.0
0.016480684280395508,38349.0
0.016480684280395508,38486.0
0.016480684280395508,38382.0
0.016480684280395508,38261.0
0.016480684280395508,38091.0
0.016480684280395508,38226.0
0.016480684280395508,38342.0
0.016480684280395508,38503.0
0.016480684280395508,38354.0
0.016480684280395508,38464.0
0.016480684280395508,38586.0
0.016480684280395508,38702.0
0.016480684280395508,37902.0
0.016480684280395508,38635.0
0.016480684280395508,38750.0
0.016480684280395508,38566.0
0.016480684280395508,38755.0
0.016480684280395508,38905.0
0.016480684280395508,38753.0
0.016480684280395508,38902.0
0.016480684280395508,38765.0
0.016480684280395508,38900.0
0.016480684280395508,38793.0
0.016480684280395508,38688.0
0.016480684280395508,38564.0
0.016480684280395508,38326.0
0.016480684280395508,38502.0
0.016480684280395508,38658.0
0.016480684280395508,38548.0
0.016480684280395508,38371.0
0.016480684280395508,38531.0
0.016480684280395508,38647.0
0.016480684280395508,38796.0
0.016480684280395508,38686.0
0.016480684280395508,38555.0
0.016480684280395508,38693.0
0.016480684280395508,38580.0
0.016480684280395508,37847.0
0.016480684280395508,38426.0
0.016480684280395508,38584.0
0.016480684280395508,38792.0
0.016480684280395508,38675.0
0.016480684280395508,38538.0
0.016480684280395508,38671.0
0.016480684280395508,38480.0
0.016480684280395508,38320.0
0.016480684280395508,38585.0
0.016480684280395508,38696.0
0.016480684280395508,38032.0
0.016480684280395508,38631.0
0.016480684280395508,38780.0
0.016480684280395508,38904.0
0.016480684280395508,38122.0
0.016480684280395508,38308.0
0.016480684280395508,38695.0
0.016480684280395508,38990.0
0.016480684280395508,38880.0
0.016480684280395508,38989.0
0.016480684280395508,39129.0
0.016480684280395508,39264.0
0.016480684280395508,39397.0
0.016480684280395508,39246.0
0.016480684280395508,39347.0
0.016480684280395508,39246.0
0.016480684280395508,39386.0
0.016480684280395508,39270.0
0.016480684280395508,39392.0
0.016480684280395508,39494.0
0.016480684280395508,39352.0
0.016480684280395508,39453.0
0.016480684280395508,39595.0
0.016480684280395508,39493.0
0.016480684280395508,39355.0
0.016480684280395508,39464.0
0.016480684280395508,39358.0
0.016480684280395508,39257.0
0.016480684280395508,39096.0
0.016480684280395508,39252.0
0.016480684280395508,39381.0
0.016480684280395508,39268.0
0.016480684280395508,39376.0
0.016480684280395508,39495.0
0.016480684280395508,39373.0
0.016480684280395508,39084.0
0.016480684280395508,39222.0
0.016480684280395508,39445.0
0.016480684280395508,39604.0
0.016480684280395508,39446.0
0.016480684280395508,39576.0
0.016480684280395508,39448.0
0.016480684280395508,39599.0
0.016480684280395508,39479.0
0.016480684280395508,39293.0
0.016480684280395508,39153.0
0.016480684280395508,39362.0
0.016480684280395508,39255.0
0.016480684280395508,39395.0
0.016480684280395508,39169.0
0.016480684280395508,39290.0
0.016480684280395508,39140.0
0.016480684280395508,39366.0
0.016480684280395508,39250.0
0.016480684280395508,39368.0
0.016480684280395508,39489.0
0.016480684280395508,39368.0
0.016480684280395508,39145.0
0.016480684280395508,39287.0
0.016480684280395508,39471.0
0.016480684280395508,38827.0
0.016480684280395508,39047.0
0.016480684280395508,39560.0
0.016480684280395508,39681.0
0.016480684280395508,39571.0
0.016480684280395508,39420.0
0.016480684280395508,39597.0
0.016480684280395508,39476.0
0.016480684280395508,39287.0
0.016480684280395508,39495.0
0.016480684280395508,39390.0
0.016480684280395508,39255.0
0.016480684280395508,39373.0
0.016480684280395508,39257.0
0.016480684280395508,39141.0
0.016480684280395508,39298.0
0.016480684280395508,39107.0
0.016480684280395508,39277.0
0.016480684280395508,39166.0
0.016480684280395508,39288.0
0.016480684280395508,39404.0
0.016480684280395508,39286.0
0.016480684280395508,39176.0
0.016480684280395508,39286.0
0.016480684280395508,39165.0
0.016480684280395508,39275.0
0.016480684280395508,39142.0
0.016480684280395508,39300.0
0.016480684280395508,39141.0
0.016480684280395508,38944.0
0.016480684280395508,39194.0
0.016480684280395508,39033.0
0.016480684280395508,39205.0
0.016480684280395508,39103.0
0.016480684280395508,38208.0
0.016480684280395508,38591.0
0.016480684280395508,38956.0
0.016480684280395508,39219.0
0.016480684280395508,39404.0
0.016480684280395508,38645.0
0.016480684280395508,38831.0
0.016480684280395508,38722.0
0.016480684280395508,39201.0
0.016480684280395508,39392.0
0.016480684280395508,39513.0
0.016480684280395508,39322.0
0.016480684280395508,39499.0
0.016480684280395508,39618.0
0.016480684280395508,39725.0
0.016480684280395508,39886.0
0.016480684280395508,40003.0
0.016480684280395508,39868.0
0.016480684280395508,39984.0
0.016480684280395508,39863.0
0.016480684280395508,39998.0
0.016480684280395508,39784.0
0.016480684280395508,39998.0
0.016480684280395508,39849.0
0.016480684280395508,39689.0
0.016480684280395508,39890.0
0.016480684280395508,39991.0
0.016480684280395508,39856.0
0.016480684280395508,39989.0
0.016480684280395508,39832.0
0.016480684280395508,39991.0
0.016480684280395508,39840.0
0.016480684280395508,39992.0
0.016480684280395508,39891.0
0.016480684280395508,39758.0
0.016480684280395508,39905.0
0.016480684280395508,39611.0
0.016480684280395508,39762.0
0.016480684280395508,39959.0
0.016480684280395508,40060.0
0.016480684280395508,39772.0
0.016480684280395508,40023.0
0.016480684280395508,39895.0
0.016480684280395508,40072.0
0.016480684280395508,40186.0
0.016480684280395508,40291.0
0.016480684280395508,40109.0
0.016480684280395508,40226.0
0.016480684280395508,40377.0
0.016480684280395508,40493.0
0.016480684280395508,40228.0
0.016480684280395508,40386.0
0.016480684280395508,40546.0
0.016480684280395508,40383.0
0.016480684280395508,40586.0
0.016480684280395508,40440.0
0.016480684280395508,40589.0
0.016480684280395508,40481.0
0.016480684280395508,40588.0
0.016480684280395508,40357.0
0.016480684280395508,40551.0
0.016480684280395508,40666.0
0.016480684280395508,40791.0
0.016480684280395508,40690.0
0.016480684280395508,40791.0
0.016480684280395508,40893.0
0.016480684280395508,40772.0
0.016480684280395508,40251.0
0.016480684280395508,40131.0
0.016480684280395508,40477.0
0.016480684280395508,40784.0
0.016480684280395508,40607.0
0.016480684280395508,40805.0
0.016480684280395508,40690.0
0.016480684280395508,40561.0
0.016480684280395508,40678.0
0.016480684280395508,40792.0
0.016480684280395508,40634.0
0.016480684280395508,40498.0
0.016480684280395508,40701.0
0.016480684280395508,40568.0
0.016480684280395508,40342.0
0.016480684280395508,40497.0
0.016480684280395508,40655.0
0.016480684280395508,40521.0
0.016480684280395508,40409.0
0.016480684280395508,40536.0
0.016480684280395508,40110.0
0.016480684280395508,40481.0
0.016480684280395508,40130.0
0.016480684280395508,40544.0
0.016480684280395508,40429.0
0.016480684280395508,40571.0
0.016480684280395508,40312.0
0.016480684280395508,40104.0
0.016480684280395508,40498.0
0.016480684280395508,40380.0
0.016480684280395508,40481.0
0.016480684280395508,40583.0
0.016480684280395508,39934.0
0.016480684280395508,40550.0
0.016480684280395508,40669.0
0.016480684280395508,40786.0
0.016480684280395508,40646.0
0.016480684280395508,40529.0
0.016480684280395508,40687.0
0.016480684280395508,39849.0
0.016480684280395508,40088.0
0.016480684280395508,40600.0
0.016480684280395508,40705.0
0.016480684280395508,40993.0
0.016480684280395508,40790.0
0.016480684280395508,40894.0
0.016480684280395508,41075.0
0.016480684280395508,41204.0
0.016480684280395508,41103.0
0.016480684280395508,40978.0
0.016480684280395508,41082.0
0.016480684280395508,41203.0
0.016480684280395508,41072.0
0.016480684280395508,41195.0
0.016480684280395508,41051.0
0.016480684280395508,41200.0
0.016480684280395508,41006.0
0.016480684280395508,41186.0
0.016480684280395508,40271.0
0.016480684280395508,40799.0
0.016480684280395508,41231.0
0.016480684280395508,41405.0
0.016480684280395508,41231.0
0.016480684280395508,41090.0
0.016480684280395508,41256.0
0.016480684280395508,41393.0
0.016480684280395508,41494.0
0.016480684280395508,41300.0
0.016480684280395508,41184.0
0.016480684280395508,41329.0
0.016480684280395508,41474.0
0.016480684280395508,41288.0
0.016480684280395508,41466.0
0.016480684280395508,41573.0
0.016480684280395508,41459.0
0.016480684280395508,41310.0
0.016480684280395508,41465.0
0.016480684280395508,41306.0
0.016480684280395508,41472.0
0.016480684280395508,41321.0
0.016480684280395508,41453.0
0.016480684280395508,41583.0
0.016480684280395508,41441.0
0.016480684280395508,41257.0
0.016480684280395508,41456.0
0.016480684280395508,41572.0
0.016480684280395508,41268.0
0.016480684280395508,41161.0
0.016480684280395508,41443.0
0.016480684280395508,41558.0
0.016480684280395508,41455.0
0.016480684280395508,41605.0
0.016480684280395508,41342.0
0.016480684280395508,41539.0
0.016480684280395508,41694.0
0.016480684280395508,41804.0
0.016480684280395508,41694.0
0.016480684280395508,41564.0
0.016480684280395508,41700.0
0.016480684280395508,41585.0
0.016480684280395508,41690.0
0.016480684280395508,41532.0
0.016480684280395508,41683.0
0.016480684280395508,41791.0
0.016480684280395508,41420.0
0.016480684280395508,41544.0
0.016480684280395508,41062.0
0.016480684280395508,41583.0
0.016480684280395508,41840.0
0.016480684280395508,41987.0
0.016480684280395508,41886.0
0.016480684280395508,41748.0
0.016480684280395508,41868.0
0.016480684280395508,41347.0
0.016480684280395508,41870.0
0.016480684280395508,41973.0
0.016480684280395508,41824.0
0.016480684280395508,41995.0
0.016480684280395508,41886.0
0.016480684280395508,41492.0
0.016480684280395508,41716.0
0.016480684280395508,41900.0
0.016480684280395508,42031.0
0.016480684280395508,42195.0
0.016480684280395508,41900.0
0.016480684280395508,41612.0
0.016480684280395508,41982.0
0.016480684280395508,42133.0
0.016480684280395508,42265.0
0.016480684280395508,42158.0
0.016480684280395508,42011.0
0.016480684280395508,42205.0
0.016480684280395508,42054.0
0.03156757354736328,41868.0
0.03156757354736328,42018.0
0.03156757354736328,41910.0
0.03156757354736328,42069.0
0.03156757354736328,42185.0
0.03156757354736328,42298.0
0.03156757354736328,41719.0
0.03156757354736328,42122.0
0.03156757354736328,42291.0
0.03156757354736328,42493.0
0.032370805740356445,42388.0
0.032370805740356445,41985.0
0.032370805740356445,42092.0
0.032370805740356445,42382.0
0.032370805740356445,42590.0
0.032370805740356445,42370.0
0.032370805740356445,42481.0
0.032370805740356445,42656.0
0.032370805740356445,42788.0
0.032370805740356445,42902.0
0.032370805740356445,42762.0
0.032370805740356445,42887.0
0.032370805740356445,42778.0
0.032370805740356445,42899.0
0.032370805740356445,42795.0
0.032370805740356445,42659.0
0.032370805740356445,42766.0
0.032370805740356445,42869.0
0.032370805740356445,42713.0
0.032370805740356445,42901.0
0.032370805740356445,42745.0
0.032370805740356445,42878.0
0.032370805740356445,42748.0
0.032370805740356445,42899.0
0.032370805740356445,42459.0
0.032370805740356445,42816.0
0.032370805740356445,42993.0
0.032370805740356445,43094.0
0.032370805740356445,42973.0
0.032370805740356445,42702.0
0.032370805740356445,42968.0
0.032370805740356445,43076.0
0.032370805740356445,43195.0
0.032370805740356445,43036.0
0.032370805740356445,42877.0
0.032370805740356445,42758.0
0.032370805740356445,42657.0
0.032370805740356445,42866.0
0.032370805740356445,42985.0
0.032370805740356445,42776.0
0.032370805740356445,42978.0
0.032370805740356445,43095.0
0.032370805740356445,42838.0
0.032370805740356445,42994.0
0.032370805740356445,43108.0
0.032370805740356445,43292.0
0.032370805740356445,43126.0
0.032370805740356445,43248.0
0.032370805740356445,43399.0
0.032370805740356445,43233.0
0.032370805740356445,43394.0
0.032370805740356445,42915.0
0.032370805740356445,43354.0
0.032370805740356445,43188.0
0.032370805740356445,43362.0
0.032370805740356445,42979.0
0.032370805740356445,43350.0
0.032370805740356445,43499.0
0.032370805740356445,43398.0
0.032370805740356445,43212.0
0.032370805740356445,43104.0
0.032370805740356445,42907.0
0.032370805740356445,43158.0
0.032370805740356445,43273.0
0.032370805740356445,43382.0
0.032370805740356445,43268.0
0.032370805740356445,43391.0
0.032370805740356445,43275.0
0.032370805740356445,43174.0
0.032370805740356445,43278.0
0.032370805740356445,43398.0
0.032370805740356445,43295.0
0.032370805740356445,43185.0
0.032370805740356445,43071.0
0.032370805740356445,42894.0
0.032370805740356445,42793.0
0.032370805740356445,42917.0
0.032370805740356445,42746.0
0.032370805740356445,42962.0
0.032370805740356445,43103.0
0.032370805740356445,42925.0
0.032370805740356445,42803.0
0.032370805740356445,42964.0
0.032370805740356445,43089.0
0.032370805740356445,42973.0
0.032370805740356445,42831.0
0.032370805740356445,42974.0
0.032370805740356445,42869.0
0.032370805740356445,42767.0
0.032370805740356445,42870.0
0.032370805740356445,42759.0
0.032370805740356445,42618.0
0.032370805740356445,42722.0
0.032370805740356445,42896.0
0.032370805740356445,42789.0
0.032370805740356445,42630.0
0.032370805740356445,42793.0
0.032370805740356445,42609.0
0.032370805740356445,42761.0
0.032370805740356445,42902.0
0.032370805740356445,42781.0
0.032370805740356445,42887.0
0.032370805740356445,42763.0
0.032370805740356445,42628.0
0.032370805740356445,42729.0
0.032370805740356445,42557.0
0.032370805740356445,42785.0
0.032370805740356445,42652.0
0.032370805740356445,42536.0
0.032370805740356445,42696.0
0.032370805740356445,42535.0
0.032370805740356445,42334.0
0.032370805740356445,42202.0
0.032370805740356445,42321.0
0.032370805740356445,42512.0
0.032370805740356445,42700.0
0.032370805740356445,42555.0
0.032370805740356445,42697.0
0.032370805740356445,42084.0
0.032370805740356445,42549.0
0.032370805740356445,42755.0
0.032370805740356445,42622.0
0.032370805740356445,42023.0
0.032370805740356445,41862.0
0.032370805740356445,42310.0
0.032370805740356445,42550.0
0.032370805740356445,42711.0
0.032370805740356445,42601.0
0.032370805740356445,42702.0
0.032370805740356445,42863.0
0.032370805740356445,42700.0
0.032370805740356445,42832.0
0.032370805740356445,42974.0
0.032370805740356445,43088.0
0.032370805740356445,42980.0
0.032370805740356445,43090.0
0.032370805740356445,43200.0
0.032370805740356445,42972.0
0.032370805740356445,42863.0
0.032370805740356445,42736.0
0.032370805740356445,42950.0
0.032370805740356445,43051.0
0.032370805740356445,43186.0
0.032370805740356445,43301.0
0.032370805740356445,43176.0
0.032370805740356445,43061.0
0.032370805740356445,43196.0
0.032370805740356445,43069.0
0.032370805740356445,43170.0
0.032370805740356445,43295.0
0.032370805740356445,43072.0
0.032370805740356445,43277.0
0.032370805740356445,43160.0
0.032370805740356445,43275.0
0.032370805740356445,43402.0
0.032370805740356445,43031.0
0.032370805740356445,43268.0
0.032370805740356445,43489.0
0.032370805740356445,43338.0
0.032370805740356445,43468.0
0.032370805740356445,43590.0
0.032370805740356445,43458.0
0.032370805740356445,43600.0
0.032370805740356445,43439.0
0.032370805740356445,43565.0
0.032370805740356445,43666.0
0.032370805740356445,43769.0
0.032370805740356445,43901.0
0.032370805740356445,43772.0
0.032370805740356445,43600.0
0.032370805740356445,43755.0
0.032370805740356445,43600.0
0.032370805740356445,43419.0
0.032370805740356445,43549.0
0.032370805740356445,43738.0
0.032370805740356445,43594.0
0.032370805740356445,43766.0
0.032370805740356445,43379.0
0.032370805740356445,43620.0
0.032370805740356445,43737.0
0.032370805740356445,43963.0
0.032370805740356445,44089.0
0.032370805740356445,44205.0
0.032370805740356445,44002.0
0.032370805740356445,44184.0
0.032370805740356445,44029.0
0.032370805740356445,43880.0
0.032370805740356445,43779.0
0.032370805740356445,44000.0
0.032370805740356445,43849.0
0.032370805740356445,43950.0
0.032370805740356445,43834.0
0.032370805740356445,43959.0
0.032370805740356445,44094.0
0.032370805740356445,44203.0
0.032370805740356445,44078.0
0.032370805740356445,43933.0
0.032370805740356445,44064.0
0.032370805740356445,43958.0
0.032370805740356445,44099.0
0.032370805740356445,43989.0
0.032370805740356445,43863.0
0.032370805740356445,43995.0
0.032370805740356445,43764.0
0.032370805740356445,43908.0
0.032370805740356445,44079.0
0.032370805740356445,43714.0
0.032370805740356445,43838.0
0.032370805740356445,44030.0
0.032370805740356445,44284.0
0.032370805740356445,44401.0
0.032370805740356445,44269.0
0.032370805740356445,44150.0
0.032370805740356445,44298.0
0.032370805740356445,44073.0
0.032370805740356445,44287.0
0.032370805740356445,44184.0
0.032370805740356445,43995.0
0.032370805740356445,44186.0
0.032370805740356445,44070.0
0.032370805740356445,44195.0
0.032370805740356445,44082.0
0.032370805740356445,43962.0
0.032370805740356445,44092.0
0.032370805740356445,44201.0
0.032370805740356445,43960.0
0.032370805740356445,44176.0
0.032370805740356445,44075.0
0.032370805740356445,43955.0
0.032370805740356445,44082.0
0.032370805740356445,44192.0
0.032370805740356445,44068.0
0.032370805740356445,44196.0
0.032370805740356445,43914.0
0.032370805740356445,43799.0
0.032370805740356445,44055.0
0.032370805740356445,44202.0
0.032370805740356445,44083.0
0.032370805740356445,44199.0
0.032370805740356445,44049.0
0.032370805740356445,43930.0
0.032370805740356445,44061.0
0.032370805740356445,44189.0
0.032370805740356445,44075.0
0.032370805740356445,44189.0
0.032370805740356445,44294.0
0.032370805740356445,44395.0
0.032370805740356445,44286.0
0.032370805740356445,44400.0
0.032370805740356445,43888.0
0.032370805740356445,44294.0
0.032370805740356445,44190.0
0.032370805740356445,44358.0
0.032370805740356445,44504.0
0.032370805740356445,44403.0
0.032370805740356445,44179.0
0.032370805740356445,44075.0
0.032370805740356445,43951.0
0.032370805740356445,44175.0
0.032370805740356445,44285.0
0.032370805740356445,44163.0
0.032370805740356445,44273.0
0.032370805740356445,44394.0
0.032370805740356445,44266.0
0.032370805740356445,44074.0
0.032370805740356445,44184.0
0.032370805740356445,44361.0
0.032370805740356445,43955.0
0.032370805740356445,44168.0
0.032370805740356445,44376.0
0.032370805740356445,44594.0
0.032370805740356445,44477.0
0.032370805740356445,44374.0
0.032370805740356445,44183.0
0.032370805740356445,44398.0
0.032370805740356445,44284.0
0.032370805740356445,44126.0
0.032370805740356445,43949.0
0.032370805740356445,44175.0
0.032370805740356445,44004.0
0.032370805740356445,44195.0
0.032370805740356445,44059.0
0.032370805740356445,44180.0
0.032370805740356445,44294.0
0.032370805740356445,44143.0
0.032370805740356445,44029.0
0.032370805740356445,44157.0
0.032370805740356445,44038.0
0.032370805740356445,43924.0
0.032370805740356445,44073.0
0.032370805740356445,43971.0
0.032370805740356445,44102.0
0.032370805740356445,43980.0
0.032370805740356445,43790.0
0.032370805740356445,43966.0
0.032370805740356445,43856.0
0.032370805740356445,43993.0
0.032370805740356445,43889.0
0.032370805740356445,43690.0
0.032370805740356445,43884.0
0.032370805740356445,43998.0
0.032370805740356445,43888.0
0.032370805740356445,43680.0
0.032370805740356445,43553.0
0.032370805740356445,43430.0
0.032370805740356445,43579.0
0.032370805740356445,43760.0
0.032370805740356445,43589.0
0.032370805740356445,43786.0
0.032370805740356445,43670.0
0.032370805740356445,43414.0
0.032370805740356445,43608.0
0.032370805740356445,43793.0
0.032370805740356445,43684.0
0.032370805740356445,43486.0
0.032370805740356445,43699.0
0.032370805740356445,43804.0
0.032370805740356445,43679.0
0.032370805740356445,43453.0
0.032370805740356445,43593.0
0.032370805740356445,43712.0
0.032370805740356445,43605.0
0.032370805740356445,43740.0
0.032370805740356445,43872.0
0.032370805740356445,43749.0
0.032370805740356445,43164.0
0.032370805740356445,43693.0
0.032370805740356445,43863.0
0.032370805740356445,43967.0
0.032370805740356445,43791.0
0.032370805740356445,43950.0
0.032370805740356445,43841.0
0.032370805740356445,44000.0
0.032370805740356445,43654.0
0.032370805740356445,44001.0
0.032370805740356445,43845.0
0.032370805740356445,43740.0
0.032370805740356445,43860.0
0.032370805740356445,43989.0
0.032370805740356445,43881.0
0.032370805740356445,43679.0
0.032370805740356445,43789.0
0.032370805740356445,43917.0
0.032370805740356445,44076.0
0.032370805740356445,43860.0
0.032370805740356445,44099.0
0.032370805740356445,43948.0
0.032370805740356445,44099.0
0.032370805740356445,43957.0
0.032370805740356445,43827.0
0.032370805740356445,43685.0
0.032370805740356445,43887.0
0.04746365547180176,43999.0
0.04746365547180176,43839.0
0.04746365547180176,43949.0
0.04746365547180176,44065.0
0.04746365547180176,43938.0
0.04746365547180176,44074.0
0.04746365547180176,43820.0
0.04746365547180176,44011.0
0.04746365547180176,44162.0
0.04746365547180176,44052.0
0.04746365547180176,43931.0
0.04746365547180176,44104.0
0.04746365547180176,43984.0
0.04746365547180176,43804.0
0.04746365547180176,43957.0
0.04746365547180176,44064.0
0.04746365547180176,43870.0
0.04746365547180176,43997.0
0.04746365547180176,43809.0
0.04746365547180176,44099.0
0.04746365547180176,43989.0
0.04746365547180176,43768.0
0.04746365547180176,43940.0
0.04746365547180176,44046.0
0.04746365547180176,44201.0
0.04746365547180176,43983.0
0.04746365547180176,44200.0
0.04746365547180176,44095.0
0.04746365547180176,43945.0
0.04746365547180176,43817.0
0.04746365547180176,43973.0
0.04746365547180176,44075.0
0.04746365547180176,43947.0
0.04746365547180176,44079.0
0.04746365547180176,44188.0
0.04746365547180176,44046.0
0.04746365547180176,43918.0
0.04746365547180176,44054.0
0.04746365547180176,44167.0
0.04746365547180176,44284.0
0.04746365547180176,44152.0
0.04746365547180176,43855.0
0.04746365547180176,44082.0
0.04746365547180176,43905.0
0.04746365547180176,44175.0
0.04746365547180176,44279.0
0.04746365547180176,44402.0
0.04746365547180176,44197.0
0.04746365547180176,44083.0
0.04746365547180176,44278.0
0.04746365547180176,44143.0
0.04746365547180176,43990.0
0.04746365547180176,43869.0
0.04746365547180176,44091.0
0.04746365547180176,43930.0
0.04746365547180176,44053.0
0.04746365547180176,43577.0
0.04746365547180176,43678.0
0.04746365547180176,44014.0
0.04746365547180176,44289.0
0.04746365547180176,44402.0
0.04746365547180176,43401.0
0.04746365547180176,44328.0
0.04746365547180176,44499.0
0.04746365547180176,44398.0
0.04746365547180176,44500.0
0.04746365547180176,44292.0
0.04746365547180176,43849.0
0.04746365547180176,44094.0
0.04746365547180176,44231.0
0.04746365547180176,44556.0
0.04746365547180176,44286.0
0.04746365547180176,44494.0
0.04746365547180176,44646.0
0.04746365547180176,44783.0
0.04746365547180176,44680.0
0.04746365547180176,44798.0
0.04746365547180176,44688.0
0.04746365547180176,44793.0
0.04746365547180176,44691.0
0.04746365547180176,44590.0
0.04746365547180176,44455.0
0.04746365547180176,44328.0
0.04746365547180176,44502.0
0.04746365547180176,44605.0
0.04746365547180176,44504.0
0.04746365547180176,44327.0
0.04746365547180176,44082.0
0.04746365547180176,44198.0
0.04746365547180176,44391.0
0.04746365547180176,44516.0
0.04746365547180176,44645.0
0.04746365547180176,44796.0
0.04746365547180176,44530.0
0.04746365547180176,44722.0
0.04746365547180176,44547.0
0.04746365547180176,44415.0
0.04746365547180176,44703.0
0.04746365547180176,44404.0
0.04746365547180176,44617.0
0.04746365547180176,44775.0
0.04746365547180176,44584.0
0.04746365547180176,44694.0
0.04746365547180176,44864.0
0.04746365547180176,44746.0
0.04746365547180176,44895.0
0.04746365547180176,44998.0
0.04746365547180176,45105.0
0.04746365547180176,45001.0
0.04746365547180176,44777.0
0.04746365547180176,45002.0
0.04746365547180176,44890.0
0.04746365547180176,44735.0
0.04746365547180176,44538.0
0.04746365547180176,44751.0
0.04746365547180176,44634.0
0.04746365547180176,44800.0
0.04746365547180176,44510.0
0.04746365547180176,44684.0
0.04746365547180176,44826.0
0.04746365547180176,44981.0
0.04746365547180176,44807.0
0.04746365547180176,44987.0
0.04746365547180176,44816.0
0.04746365547180176,45000.0
0.04746365547180176,44792.0
0.04746365547180176,45005.0
0.04746365547180176,44865.0
0.04746365547180176,44977.0
0.04746365547180176,45094.0
0.04746365547180176,44945.0
0.04746365547180176,44822.0
0.04746365547180176,44974.0
0.04746365547180176,44838.0
0.04746365547180176,44972.0
0.04746365547180176,45081.0
0.04746365547180176,45188.0
0.04746365547180176,45302.0
0.04746365547180176,45128.0
0.04746365547180176,44999.0
0.04746365547180176,45149.0
0.04746365547180176,45273.0
0.04746365547180176,45405.0
0.04746365547180176,45236.0
0.04746365547180176,45352.0
0.04746365547180176,45461.0
0.04746365547180176,45277.0
0.04746365547180176,45160.0
0.04746365547180176,45300.0
0.04746365547180176,45132.0
0.04746365547180176,45313.0
0.04746365547180176,45499.0
0.04746365547180176,45384.0
0.04746365547180176,45494.0
0.04746365547180176,45345.0
0.04746365547180176,45487.0
0.04746365547180176,45345.0
0.04746365547180176,45232.0
0.04746365547180176,45357.0
0.04746365547180176,45173.0
0.04746365547180176,45355.0
0.04746365547180176,45465.0
0.04746365547180176,45284.0
0.04746365547180176,45483.0
0.04746365547180176,45257.0
0.04746365547180176,45472.0
0.04746365547180176,45317.0
0.04746365547180176,45441.0
0.04746365547180176,45593.0
0.04746365547180176,45467.0
0.04746365547180176,45574.0
0.04746365547180176,45678.0
0.04746365547180176,45520.0
0.04746365547180176,45705.0
0.04746365547180176,45512.0
0.04746365547180176,45400.0
0.04746365547180176,45604.0
0.04746365547180176,45210.0
0.04746365547180176,45403.0
0.04746365547180176,45550.0
0.04746365547180176,45678.0
0.04746365547180176,45538.0
0.04746365547180176,45722.0
0.04746365547180176,45606.0
0.04746365547180176,45759.0
0.04746365547180176,45871.0
0.04746365547180176,45722.0
0.04746365547180176,45570.0
0.04746365547180176,45319.0
0.04746365547180176,45536.0
0.04746365547180176,45651.0
0.04746365547180176,45903.0
0.04746365547180176,45681.0
0.04746365547180176,45835.0
0.04746365547180176,45990.0
0.04746365547180176,45773.0
0.04746365547180176,45954.0
0.04746365547180176,45830.0
0.04746365547180176,45944.0
0.04746365547180176,46093.0
0.04746365547180176,45958.0
0.04746365547180176,45435.0
0.04746365547180176,45896.0
0.04746365547180176,46064.0
0.04746365547180176,45849.0
0.04746365547180176,46021.0
0.04746365547180176,46176.0
0.04746365547180176,46298.0
0.04746365547180176,46193.0
0.04746365547180176,46084.0
0.04746365547180176,46189.0
0.04746365547180176,46038.0
0.04746365547180176,45907.0
0.04746365547180176,46100.0
0.04746365547180176,45984.0
0.04746365547180176,46103.0
0.04746365547180176,45986.0
0.04746365547180176,45869.0
0.04746365547180176,45699.0
0.04746365547180176,45865.0
0.04746365547180176,45695.0
0.04746365547180176,45877.0
0.04746365547180176,45768.0
0.04746365547180176,45627.0
0.04746365547180176,45759.0
0.04746365547180176,45617.0
0.04746365547180176,45732.0
0.04746365547180176,45876.0
0.04746365547180176,45773.0
0.04746365547180176,45894.0
0.04746365547180176,45775.0
0.04746365547180176,45901.0
0.04746365547180176,45799.0
0.04746365547180176,45593.0
0.04746365547180176,45771.0
0.04746365547180176,45619.0
0.04746365547180176,45785.0
0.04746365547180176,45639.0
0.04746365547180176,45523.0
0.04746365547180176,45646.0
0.04746365547180176,45749.0
0.04746365547180176,45858.0
0.04746365547180176,45969.0
0.04746365547180176,46088.0
0.04746365547180176,45967.0
0.04746365547180176,45850.0
0.04746365547180176,45389.0
0.04746365547180176,45673.0
0.04746365547180176,45872.0
0.04746365547180176,46070.0
0.04746365547180176,46198.0
0.04746365547180176,46064.0
0.04746365547180176,45860.0
0.04746365547180176,46072.0
0.04746365547180176,45466.0
0.04746365547180176,45861.0
0.04746365547180176,45646.0
0.04746365547180176,45978.0
0.04746365547180176,46095.0
0.04746365547180176,45788.0
0.04746365547180176,46033.0
0.04746365547180176,46219.0
0.04746365547180176,46403.0
0.04746365547180176,46298.0
0.04746365547180176,46139.0
0.04746365547180176,46254.0
0.04746365547180176,46396.0
0.04746365547180176,46220.0
0.04746365547180176,46370.0
0.04746365547180176,46266.0
0.04746365547180176,46382.0
0.04746365547180176,46137.0
0.04746365547180176,46398.0
0.04746365547180176,46158.0
0.04746365547180176,46349.0
0.04746365547180176,46468.0
0.04746365547180176,46591.0
0.04746365547180176,46474.0
0.04746365547180176,46352.0
0.04746365547180176,46485.0
0.04746365547180176,46369.0
0.04746365547180176,46254.0
0.04746365547180176,46135.0
0.04746365547180176,46295.0
0.04746365547180176,46400.0
0.04746365547180176,46504.0
0.04746365547180176,46134.0
0.04746365547180176,45970.0
0.04746365547180176,46254.0
0.04746365547180176,46491.0
0.04746365547180176,46359.0
0.04746365547180176,46474.0
0.04746365547180176,46337.0
0.04746365547180176,46501.0
0.04746365547180176,46395.0
0.04746365547180176,46181.0
0.04746365547180176,46071.0
0.04746365547180176,46172.0
0.04746365547180176,46041.0
0.04746365547180176,46229.0
0.04746365547180176,46365.0
0.04746365547180176,46483.0
0.06317377090454102,46334.0
0.06317377090454102,46456.0
0.06317377090454102,46593.0
0.06317377090454102,46317.0
0.06317377090454102,46519.0
0.06317377090454102,46671.0
0.06317377090454102,46780.0
0.06317377090454102,46902.0
0.06317377090454102,46754.0
0.06317377090454102,46493.0
0.06317377090454102,46653.0
0.06317377090454102,46779.0
0.06317377090454102,46959.0
0.06317377090454102,47086.0
0.06317377090454102,46904.0
0.06317377090454102,46789.0
0.06317377090454102,46948.0
0.06317377090454102,47093.0
0.06317377090454102,46986.0
0.06317377090454102,46861.0
0.06317377090454102,46970.0
0.06317377090454102,47099.0
0.06317377090454102,46878.0
0.06317377090454102,46769.0
0.06317377090454102,46911.0
0.06317377090454102,47061.0
0.06317377090454102,47189.0
0.06568646430969238,47305.0
0.06568646430969238,47054.0
0.06568646430969238,47263.0
0.06568646430969238,47156.0
0.06568646430969238,47305.0
0.06568646430969238,47175.0
0.06568646430969238,47296.0
0.06568646430969238,47402.0
0.06568646430969238,47301.0
0.06568646430969238,47187.0
0.06568646430969238,47304.0
0.06568646430969238,47182.0
0.06568646430969238,47066.0
0.06568646430969238,47201.0
0.06568646430969238,47302.0
0.06568646430969238,47159.0
0.06568646430969238,47272.0
0.06568646430969238,47391.0
0.06568646430969238,47284.0
0.06568646430969238,47093.0
0.06568646430969238,46957.0
0.06568646430969238,47131.0
0.06568646430969238,47256.0
0.06568646430969238,47405.0
0.06568646430969238,47300.0
0.06568646430969238,47190.0
0.06568646430969238,47057.0
0.06568646430969238,47191.0
0.06568646430969238,47049.0
0.06568646430969238,47188.0
0.06568646430969238,47051.0
0.06568646430969238,47171.0
0.06568646430969238,47305.0
0.06568646430969238,47017.0
0.06568646430969238,47133.0
0.06568646430969238,47299.0
0.06568646430969238,47437.0
0.06568646430969238,47598.0
0.06568646430969238,47463.0
0.06568646430969238,47583.0
0.06568646430969238,47452.0
0.06568646430969238,47602.0
0.06568646430969238,47394.0
0.06568646430969238,47275.0
0.06568646430969238,47474.0
0.06568646430969238,47354.0
0.06568646430969238,47469.0
0.06568646430969238,47583.0
0.06568646430969238,47691.0
0.06568646430969238,47589.0
0.06568646430969238,47483.0
0.06568646430969238,47593.0
0.06568646430969238,47461.0
0.06568646430969238,47596.0
0.06568646430969238,47483.0
0.06568646430969238,47366.0
0.06568646430969238,47480.0
0.06568646430969238,47592.0
0.06568646430969238,47420.0
0.06568646430969238,47521.0
0.06568646430969238,47698.0
0.06568646430969238,47802.0
0.06568646430969238,47600.0
0.06568646430969238,47727.0
0.06568646430969238,47896.0
0.06568646430969238,47789.0
0.06568646430969238,47587.0
0.06568646430969238,47730.0
0.06568646430969238,47578.0
0.06568646430969238,47787.0
0.06568646430969238,47605.0
0.06568646430969238,47729.0
0.06568646430969238,47887.0
0.06568646430969238,47994.0
0.06568646430969238,47842.0
0.06568646430969238,47998.0
0.06568646430969238,47807.0
0.06568646430969238,47691.0
0.06568646430969238,47823.0
0.06568646430969238,47986.0
0.06568646430969238,47836.0
0.06568646430969238,47952.0
0.06568646430969238,48060.0
0.06568646430969238,48200.0
0.06568646430969238,48019.0
0.06568646430969238,48182.0
0.06568646430969238,48021.0
0.06568646430969238,48198.0
0.06568646430969238,48305.0
0.06568646430969238,48184.0
0.06568646430969238,48059.0
0.06568646430969238,48205.0
0.06568646430969238,48059.0
0.06568646430969238,48200.0
0.06568646430969238,48081.0
0.06568646430969238,48202.0
0.06568646430969238,48049.0
0.06568646430969238,48155.0
0.06568646430969238,48262.0
0.06568646430969238,48136.0
0.06568646430969238,48296.0
0.06568646430969238,48192.0
0.06568646430969238,48038.0
0.06568646430969238,48154.0
0.06568646430969238,48271.0
0.06568646430969238,48116.0
0.06568646430969238,48305.0
0.06568646430969238,48155.0
0.06568646430969238,48277.0
0.06568646430969238,48393.0
0.06568646430969238,48156.0
0.06568646430969238,48392.0
0.06568646430969238,48496.0
0.06568646430969238,48349.0
0.06568646430969238,48176.0
0.06568646430969238,48319.0
0.06568646430969238,48477.0
0.06568646430969238,48354.0
0.06568646430969238,48458.0
0.06568646430969238,48585.0
0.06568646430969238,48476.0
0.06568646430969238,48592.0
0.06568646430969238,48458.0
0.06568646430969238,48256.0
0.06568646430969238,48464.0
0.06568646430969238,48336.0
0.06568646430969238,48499.0
0.06568646430969238,48352.0
0.06568646430969238,48484.0
0.06568646430969238,48372.0
0.06568646430969238,48179.0
0.06568646430969238,48075.0
0.06568646430969238,47912.0
0.06568646430969238,48133.0
0.06568646430969238,48022.0
0.06568646430969238,48162.0
0.06568646430969238,48047.0
0.06568646430969238,48149.0
0.06568646430969238,48300.0
0.06568646430969238,48116.0
0.06568646430969238,48009.0
0.06568646430969238,48203.0
0.06568646430969238,48026.0
0.06568646430969238,48179.0
0.06568646430969238,48039.0
0.06568646430969238,48194.0
0.06568646430969238,48049.0
0.06568646430969238,48154.0
0.06568646430969238,48259.0
0.06568646430969238,48153.0
0.06568646430969238,48293.0
0.06568646430969238,48138.0
0.06568646430969238,48291.0
0.06568646430969238,48394.0
0.06568646430969238,48499.0
0.06568646430969238,48601.0
0.06568646430969238,48463.0
0.06568646430969238,48305.0
0.06568646430969238,48463.0
0.06568646430969238,48596.0
0.06568646430969238,48702.0
0.06568646430969238,48803.0
0.06568646430969238,48586.0
0.06568646430969238,48794.0
0.06568646430969238,48634.0
0.06568646430969238,48776.0
0.06568646430969238,48896.0
0.06568646430969238,49004.0
0.06568646430969238,48903.0
0.06568646430969238,48773.0
0.06568646430969238,48638.0
0.06568646430969238,48779.0
0.06568646430969238,48663.0
0.06568646430969238,48512.0
0.06568646430969238,48690.0
0.06568646430969238,48496.0
0.06568646430969238,48695.0
0.06568646430969238,48805.0
0.06568646430969238,48664.0
0.06568646430969238,48508.0
0.06568646430969238,48697.0
0.06568646430969238,48503.0
0.06568646430969238,48619.0
0.06568646430969238,48756.0
0.06568646430969238,48904.0
0.06568646430969238,48726.0
0.06568646430969238,48846.0
0.06568646430969238,48703.0
0.06568646430969238,48819.0
0.06568646430969238,49000.0
0.06568646430969238,49102.0
0.0792698860168457,48960.0
0.0792698860168457,49077.0
0.0792698860168457,49186.0
0.0792698860168457,49081.0
0.0792698860168457,49198.0
0.0792698860168457,49009.0
0.0792698860168457,49135.0
0.0792698860168457,49009.0
0.0792698860168457,48883.0
0.0792698860168457,49072.0
0.0792698860168457,48932.0
0.0792698860168457,48758.0
0.0792698860168457,48965.0
0.0792698860168457,48851.0
0.0792698860168457,48986.0
0.0792698860168457,48871.0
0.0792698860168457,48982.0
0.0792698860168457,49085.0
0.0792698860168457,48933.0
0.0792698860168457,49048.0
0.0792698860168457,49194.0
0.0792698860168457,49039.0
0.0792698860168457,49140.0
0.0792698860168457,49300.0
0.0792698860168457,49199.0
0.0792698860168457,49091.0
0.0792698860168457,49203.0
0.0792698860168457,49054.0
0.0792698860168457,49190.0
0.08393144607543945,49049.0
0.08393144607543945,48835.0
0.08393144607543945,48986.0
0.08393144607543945,49116.0
0.08393144607543945,48953.0
0.08393144607543945,49172.0
0.08393144607543945,49303.0
0.08393144607543945,49202.0
0.08393144607543945,49093.0
0.08393144607543945,49198.0
0.08393144607543945,49084.0
0.08393144607543945,48981.0
0.08393144607543945,48879.0
0.08393144607543945,48993.0
0.08393144607543945,48879.0
0.08393144607543945,49005.0
0.08393144607543945,48648.0
0.08393144607543945,48849.0
0.08393144607543945,49044.0
0.08393144607543945,48884.0
0.08393144607543945,49009.0
0.08393144607543945,49167.0
0.08393144607543945,49033.0
0.08393144607543945,49152.0
0.08393144607543945,48958.0
0.08393144607543945,48792.0
0.08393144607543945,49063.0
0.08393144607543945,49186.0
0.08393144607543945,49081.0
0.08393144607543945,49182.0
0.08393144607543945,49060.0
0.08393144607543945,49188.0
0.08393144607543945,49302.0
0.08393144607543945,49150.0
0.08393144607543945,49040.0
0.08393144607543945,49141.0
0.08393144607543945,49005.0
0.08393144607543945,49175.0
0.08393144607543945,49282.0
0.08393144607543945,49386.0
0.08393144607543945,49493.0
0.09502720832824707,49602.0
0.09502720832824707,49447.0
0.09502720832824707,49592.0
0.09502720832824707,49455.0
0.09502720832824707,49595.0
0.09502720832824707,49444.0
0.09502720832824707,49579.0
0.09502720832824707,49688.0
0.09502720832824707,49571.0
0.09502720832824707,49684.0
0.09502720832824707,49540.0
0.09502720832824707,49699.0
0.09502720832824707,49800.0
0.09502720832824707,49680.0
0.09502720832824707,49798.0
0.09502720832824707,49640.0
0.09502720832824707,49778.0
0.09502720832824707,49903.0
0.09502720832824707,49791.0
0.09502720832824707,49590.0
0.09502720832824707,49785.0
0.09502720832824707,49684.0
0.09502720832824707,49577.0
0.09502720832824707,49694.0
0.09502720832824707,49528.0
0.09502720832824707,49253.0
0.09502720832824707,49471.0
0.09502720832824707,49643.0
0.09502720832824707,49773.0
0.09502720832824707,49892.0
0.09502720832824707,49771.0
0.09502720832824707,49620.0
0.09502720832824707,49730.0
0.09502720832824707,49570.0
0.09502720832824707,49789.0
0.09502720832824707,49623.0
0.09502720832824707,49789.0
0.09502720832824707,49682.0
0.09502720832824707,49801.0
0.09502720832824707,49697.0
0.09502720832824707,49596.0
0.09502720832824707,49465.0
0.09502720832824707,49566.0
0.09502720832824707,49701.0
0.09502720832824707,49803.0
0.09502720832824707,49663.0
0.09502720832824707,49782.0
0.09502720832824707,49640.0
0.09502720832824707,49782.0
0.09502720832824707,49655.0
0.09502720832824707,49776.0
0.09502720832824707,49613.0
0.09502720832824707,49765.0
0.09502720832824707,49637.0
0.09502720832824707,49788.0
0.09502720832824707,49904.0
0.09502720832824707,49783.0
0.09502720832824707,49673.0
0.09502720832824707,49800.0
0.09502720832824707,49667.0
0.09502720832824707,49804.0
0.09502720832824707,49674.0
0.09502720832824707,49558.0
0.09502720832824707,49681.0
0.09502720832824707,49795.0
0.09502720832824707,49663.0
0.09502720832824707,49777.0
0.09502720832824707,49642.0
0.09502720832824707,49758.0
0.09502720832824707,49866.0
0.09502720832824707,49757.0
0.09502720832824707,49598.0
0.09502720832824707,49756.0
0.09502720832824707,49886.0
0.09502720832824707,49677.0
0.09502720832824707,49893.0
0.09502720832824707,49708.0
0.09502720832824707,49899.0
0.09502720832824707,50003.0
0.09502720832824707,49893.0
0.09502720832824707,49767.0
0.09502720832824707,49609.0
0.09502720832824707,49781.0
0.09502720832824707,49896.0
0.09502720832824707,49725.0
0.09502720832824707,49895.0
0.09502720832824707,49758.0
0.09502720832824707,49894.0
0.11073660850524902,49769.0
0.11073660850524902,49624.0
0.11073660850524902,49733.0
0.11073660850524902,49863.0
0.11073660850524902,49982.0
0.11073660850524902,50103.0
0.11073660850524902,49931.0
0.11073660850524902,50057.0
0.11073660850524902,50197.0
0.11073660850524902,50083.0
0.11073660850524902,49932.0
0.11073660850524902,50075.0
0.11073660850524902,50184.0
0.11073660850524902,50299.0
0.11073660850524902,50197.0
0.11073660850524902,50093.0
0.11073660850524902,50197.0
0.11073660850524902,49979.0
0.11073660850524902,50130.0
0.11073660850524902,50258.0
0.11073660850524902,50401.0
0.11073660850524902,50293.0
0.11073660850524902,50165.0
0.11073660850524902,50296.0
0.11073660850524902,50192.0
0.11073660850524902,50300.0
0.11073660850524902,50176.0
0.11073660850524902,50283.0
0.11073660850524902,50403.0
0.11073660850524902,50261.0
0.11073660850524902,50366.0
0.11073660850524902,50486.0
0.11073660850524902,50361.0
0.11073660850524902,50257.0
0.11073660850524902,50364.0
0.11073660850524902,50500.0
0.11073660850524902,50381.0
0.11073660850524902,50484.0
0.11073660850524902,50371.0
0.11073660850524902,50189.0
0.11073660850524902,50372.0
0.11073660850524902,50493.0
0.11073660850524902,50384.0
0.11073660850524902,50263.0
0.11073660850524902,50154.0
0.11073660850524902,50039.0
0.11073660850524902,49912.0
0.11073660850524902,50033.0
0.11073660850524902,50171.0
0.11073660850524902,50298.0
0.11073660850524902,50120.0
0.11073660850524902,50277.0
0.11073660850524902,50399.0
0.11073660850524902,50210.0
0.11073660850524902,50099.0
0.11073660850524902,50255.0
0.11073660850524902,50390.0
0.11073660850524902,50216.0
0.11073660850524902,50404.0
0.11073660850524902,50251.0
0.11073660850524902,50384.0
0.11073660850524902,50488.0
0.11073660850524902,50590.0
0.11073660850524902,50453.0
0.1263580322265625,50577.0
0.1263580322265625,50702.0
0.1263580322265625,50601.0
0.1263580322265625,50498.0
0.1263580322265625,50361.0
0.1263580322265625,50229.0
0.1263580322265625,50345.0
0.1263580322265625,50494.0
0.1263580322265625,50387.0
0.1263580322265625,50490.0
0.1263580322265625,50604.0
0.1263580322265625,50497.0
0.1263580322265625,50285.0
0.1263580322265625,50461.0
0.1263580322265625,50579.0
0.1263580322265625,50680.0
0.1263580322265625,50796.0
0.1263580322265625,50680.0
0.1263580322265625,50802.0
0.1263580322265625,50633.0
0.1263580322265625,50748.0
0.1263580322265625,50890.0
0.1263580322265625,50997.0
0.1263580322265625,50881.0
0.1263580322265625,50996.0
0.1263580322265625,50837.0
0.1263580322265625,50978.0
0.1263580322265625,50838.0
0.1263580322265625,50994.0
0.1263580322265625,51095.0
0.1263580322265625,51205.0
0.1263580322265625,51104.0
0.1419055461883545,51205.0
0.1419055461883545,51083.0
0.1419055461883545,51191.0
0.1419055461883545,51068.0
0.1419055461883545,51196.0
0.1419055461883545,51303.0
0.1419055461883545,51193.0
0.1419055461883545,51304.0
0.1419055461883545,51146.0
0.1419055461883545,51305.0
0.15828585624694824,51202.0
0.15828585624694824,51099.0
0.15828585624694824,51203.0
0.15828585624694824,51304.0
0.15828585624694824,51177.0
0.15828585624694824,51302.0
0.16588139533996582,51405.0
0.1734781265258789,51284.0
0.1734781265258789,51394.0
0.1734781265258789,51497.0
