0.0,29438.0
0.0,29878.0
0.0,30238.0
0.0,29323.0
0.0,29627.0
0.0,30374.0
0.0,30493.0
0.0,30594.0
0.0,30356.0
0.0,30502.0
0.0,30612.0
0.0,30752.0
0.0,30903.0
0.0,30088.0
0.0,30237.0
0.0,30833.0
0.0,31005.0
0.0,31187.0
0.0,30438.0
0.0,30604.0
0.0,31037.0
0.0,31371.0
0.0,31491.0
0.0,31260.0
0.0,31481.0
0.0,31594.0
0.0,31160.0
0.0,31295.0
0.0,31453.0
0.0,31683.0
0.0,31839.0
0.0,31988.0
0.0,32097.0
0.0,31931.0
0.0,32081.0
0.0,32182.0
0.0,31715.0
0.0,31970.0
0.0,32097.0
0.0,32301.0
0.0,32467.0
0.0,32572.0
0.0,32676.0
0.0,32796.0
0.0,32900.0
0.0,32315.0
0.0,32624.0
0.0,32947.0
0.0,33082.0
0.0,32947.0
0.0,33050.0
0.0,33165.0
0.0,33300.0
0.0,33193.0
0.0,33044.0
0.0,32346.0
0.0,33038.0
0.0,33154.0
0.0,33290.0
0.0,33140.0
0.0,33000.0
0.0,33104.0
0.0,33255.0
0.0,33371.0
0.0,33262.0
0.0,33387.0
0.0,33497.0
0.0,33598.0
0.0,33488.0
0.0,33589.0
0.0,33367.0
0.0,33549.0
0.0,33663.0
0.0,33793.0
0.0,33689.0
0.0,33546.0
0.0,33687.0
0.0,33791.0
0.0,33896.0
0.0,33745.0
0.0,33877.0
0.0,33996.0
0.0,34102.0
0.0,33966.0
0.0,33862.0
0.0,33528.0
0.0,33809.0
0.0,33923.0
0.0,34075.0
0.0,32983.0
0.0,33155.0
0.0,34058.0
0.0,34244.0
0.0,34401.0
0.0,33880.0
0.0,34050.0
0.0,34427.0
0.0,34600.0
0.0,34494.0
0.0,34595.0
0.0,34698.0
0.0,34477.0
0.0,34680.0
0.0,34799.0
0.0,34439.0
0.0,34623.0
0.0,34863.0
0.0,34986.0
0.0,34553.0
0.0,34976.0
0.0,35091.0
0.0,34977.0
0.0,34850.0
0.0,34964.0
0.0,35096.0
0.0,34923.0
0.0,35101.0
0.0,34846.0
0.0,34960.0
0.0,34804.0
0.0,35056.0
0.0,35176.0
0.0,35060.0
0.0,35187.0
0.0,34942.0
0.0,35157.0
0.0,35052.0
0.0,35201.0
0.0,35100.0
0.0,34848.0
0.0,35091.0
0.0,34919.0
0.0,35041.0
0.0,34914.0
0.0,35077.0
0.0,34976.0
0.0,34827.0
0.0,34678.0
0.0,34901.0
0.0,34786.0
0.0,34902.0
0.0,34801.0
0.0,34685.0
0.0,34793.0
0.0,34578.0
0.0,34715.0
0.0,34832.0
0.0,34660.0
0.0,34836.0
0.0,34999.0
0.0,35104.0
0.0,34558.0
0.0,34736.0
0.0,34913.0
0.0,35110.0
0.0,35229.0
0.0,35502.0
0.0,35318.0
0.0,35467.0
0.0,35577.0
0.0,35347.0
0.0,35526.0
0.0,35675.0
0.0,35794.0
0.0,35679.0
0.0,35557.0
0.0,35663.0
0.0,35796.0
0.0,35664.0
0.0,35801.0
0.0,35905.0
0.0,35773.0
0.0,35374.0
0.0,35661.0
0.0,35495.0
0.0,35708.0
0.0,35873.0
0.0,35764.0
0.0,35887.0
0.0,35701.0
0.0,35826.0
0.0,35995.0
0.0,35875.0
0.0,36003.0
0.0,35577.0
0.0,35806.0
0.0,35974.0
0.0,35854.0
0.0,36042.0
0.0,36166.0
0.0,36289.0
0.0,36185.0
0.0,36296.0
0.0,36067.0
0.0,36248.0
0.0,36369.0
0.0,36477.0
0.0,36601.0
0.0,36497.0
0.0,36193.0
0.0,36362.0
0.0,36502.0
0.0,36666.0
0.0,36784.0
0.0,36905.0
0.0,36801.0
0.0,36700.0
0.0,36056.0
0.0,36387.0
0.0,36193.0
0.0,36594.0
0.0,36789.0
0.0,36232.0
0.0,36354.0
0.0,36492.0
0.0,36690.0
0.0,37088.0
0.0,37204.0
0.0,36964.0
0.0,37088.0
0.0,36930.0
0.0,37039.0
0.0,37159.0
0.0,37353.0
0.0,37499.0
0.0,37322.0
0.0,37457.0
0.0,37574.0
0.0,37704.0
0.0,37030.0
0.0,37604.0
0.0,37706.0
0.0,37530.0
0.0,37722.0
0.0,37891.0
0.0,37728.0
0.0,37876.0
0.0,37986.0
0.0,38102.0
0.0,37992.0
0.0,37813.0
0.0,37977.0
0.0,37828.0
0.0,37973.0
0.0,38080.0
0.0,37960.0
0.0,37835.0
0.0,37995.0
0.0,37831.0
0.0,38002.0
0.0,37885.0
0.0,37713.0
0.0,37838.0
0.0,37954.0
0.0,38082.0
0.01562952995300293,37335.0
0.01562952995300293,38052.0
0.01562952995300293,38202.0
0.01562952995300293,38031.0
0.01562952995300293,38150.0
0.01562952995300293,38264.0
0.01562952995300293,38379.0
0.01562952995300293,37805.0
0.01562952995300293,37946.0
0.01562952995300293,38372.0
0.01562952995300293,38244.0
0.01562952995300293,38442.0
0.01562952995300293,38323.0
0.01562952995300293,38201.0
0.01562952995300293,38332.0
0.01562952995300293,38466.0
0.01562952995300293,38602.0
0.01562952995300293,38407.0
0.01562952995300293,38542.0
0.01562952995300293,38698.0
0.01562952995300293,38530.0
0.01562952995300293,37934.0
0.01562952995300293,38161.0
0.01562952995300293,38524.0
0.01562952995300293,38655.0
0.01562952995300293,38794.0
0.01562952995300293,38979.0
0.01562952995300293,39089.0
0.01562952995300293,38649.0
0.01562952995300293,39019.0
0.01562952995300293,39191.0
0.01562952995300293,39305.0
0.01562952995300293,38772.0
0.01562952995300293,38904.0
0.01562952995300293,39394.0
0.01562952995300293,39230.0
0.01562952995300293,39347.0
0.01562952995300293,39454.0
0.01562952995300293,39563.0
0.01562952995300293,39678.0
0.01562952995300293,39795.0
0.01562952995300293,39692.0
0.01562952995300293,39574.0
0.01562952995300293,39457.0
0.01562952995300293,39342.0
0.01562952995300293,39468.0
0.01562952995300293,39365.0
0.01562952995300293,39489.0
0.01562952995300293,38586.0
0.01562952995300293,39162.0
0.01562952995300293,39351.0
0.01562952995300293,39473.0
0.01562952995300293,39358.0
0.01562952995300293,39655.0
0.01562952995300293,39771.0
0.01562952995300293,39887.0
0.01562952995300293,40003.0
0.01562952995300293,39887.0
0.01562952995300293,39660.0
0.01562952995300293,39526.0
0.01562952995300293,39780.0
0.01562952995300293,39252.0
0.01562952995300293,39652.0
0.01562952995300293,39813.0
0.01562952995300293,40001.0
0.01562952995300293,39885.0
0.01562952995300293,39588.0
0.01562952995300293,39873.0
0.01562952995300293,39977.0
0.01562952995300293,39872.0
0.01562952995300293,39742.0
0.01562952995300293,39897.0
0.01562952995300293,39790.0
0.01562952995300293,39903.0
0.01562952995300293,40004.0
0.01562952995300293,39819.0
0.01562952995300293,39956.0
0.01562952995300293,40059.0
0.01562952995300293,40175.0
0.01562952995300293,40282.0
0.01562952995300293,40181.0
0.01562952995300293,40301.0
0.01562952995300293,40180.0
0.01562952995300293,40289.0
0.01562952995300293,40176.0
0.01562952995300293,40298.0
0.01562952995300293,40148.0
0.01562952995300293,40264.0
0.01562952995300293,40141.0
0.01562952995300293,40269.0
0.01562952995300293,40072.0
0.01562952995300293,40271.0
0.01562952995300293,40134.0
0.01562952995300293,40266.0
0.01562952995300293,40398.0
0.01562952995300293,39997.0
0.01562952995300293,40200.0
0.01562952995300293,40496.0
0.01562952995300293,40380.0
0.01562952995300293,40505.0
0.01562952995300293,40374.0
0.01562952995300293,40170.0
0.01562952995300293,40307.0
0.01562952995300293,40457.0
0.01562952995300293,40320.0
0.01562952995300293,40200.0
0.01562952995300293,40379.0
0.01562952995300293,40244.0
0.01562952995300293,40373.0
0.01562952995300293,40494.0
0.01562952995300293,40391.0
0.01562952995300293,40021.0
0.01562952995300293,40402.0
0.01562952995300293,40250.0
0.01562952995300293,40145.0
0.01562952995300293,40303.0
0.01562952995300293,40134.0
0.01562952995300293,39946.0
0.01562952995300293,40098.0
0.01562952995300293,40284.0
0.01562952995300293,40161.0
0.01562952995300293,40037.0
0.01562952995300293,40153.0
0.01562952995300293,39981.0
0.01562952995300293,40170.0
0.01562952995300293,40297.0
0.01562952995300293,40188.0
0.01562952995300293,40072.0
0.01562952995300293,39893.0
0.01562952995300293,40079.0
0.01562952995300293,39965.0
0.01562952995300293,40082.0
0.01562952995300293,39951.0
0.01562952995300293,39850.0
0.01562952995300293,39994.0
0.01562952995300293,40101.0
0.01562952995300293,39987.0
0.01562952995300293,39465.0
0.01562952995300293,39860.0
0.01562952995300293,40083.0
0.01562952995300293,40193.0
0.01562952995300293,39770.0
0.01562952995300293,40184.0
0.01562952995300293,40293.0
0.01562952995300293,40186.0
0.01562952995300293,39988.0
0.01562952995300293,40185.0
0.01562952995300293,40075.0
0.01562952995300293,39948.0
0.01562952995300293,40099.0
0.01562952995300293,39911.0
0.01562952995300293,40104.0
0.01562952995300293,39976.0
0.01562952995300293,39839.0
0.01562952995300293,39997.0
0.01562952995300293,39597.0
0.01562952995300293,39473.0
0.01562952995300293,39887.0
0.01562952995300293,39606.0
0.01562952995300293,39868.0
0.01562952995300293,39645.0
0.01562952995300293,39808.0
0.01562952995300293,39925.0
0.01562952995300293,39824.0
0.01562952995300293,39940.0
0.01562952995300293,40043.0
0.01562952995300293,39919.0
0.01562952995300293,40078.0
0.01562952995300293,40199.0
0.01562952995300293,40302.0
0.01562952995300293,40181.0
0.01562952995300293,40064.0
0.01562952995300293,40174.0
0.01562952995300293,40055.0
0.01562952995300293,40197.0
0.01562952995300293,40065.0
0.01562952995300293,40169.0
0.01562952995300293,40271.0
0.01562952995300293,40399.0
0.01562952995300293,40297.0
0.01562952995300293,40167.0
0.01562952995300293,40287.0
0.01562952995300293,40124.0
0.01562952995300293,40296.0
0.01562952995300293,40186.0
0.01562952995300293,39834.0
0.01562952995300293,39964.0
0.01562952995300293,39857.0
0.01562952995300293,40065.0
0.01562952995300293,39949.0
0.01562952995300293,40133.0
0.01562952995300293,40305.0
0.01562952995300293,40145.0
0.01562952995300293,40283.0
0.01562952995300293,39996.0
0.01562952995300293,40289.0
0.01562952995300293,40393.0
0.01562952995300293,40505.0
0.01562952995300293,40350.0
0.01562952995300293,40485.0
0.01562952995300293,40600.0
0.01562952995300293,40705.0
0.01562952995300293,40602.0
0.01562952995300293,40450.0
0.01562952995300293,40592.0
0.01562952995300293,40451.0
0.01562952995300293,40311.0
0.01562952995300293,40454.0
0.01562952995300293,40603.0
0.01562952995300293,40330.0
0.01562952995300293,40446.0
0.01562952995300293,40668.0
0.01562952995300293,40320.0
0.01562952995300293,40628.0
0.01562952995300293,40784.0
0.01562952995300293,40208.0
0.01562952995300293,40569.0
0.01562952995300293,40844.0
0.01562952995300293,40958.0
0.01562952995300293,40765.0
0.01562952995300293,40928.0
0.01562952995300293,40765.0
0.01562952995300293,40993.0
0.01562952995300293,40873.0
0.01562952995300293,40988.0
0.01562952995300293,40832.0
0.01562952995300293,41003.0
0.01562952995300293,40857.0
0.01562952995300293,40668.0
0.01562952995300293,40881.0
0.01562952995300293,40745.0
0.01562952995300293,40546.0
0.01562952995300293,40797.0
0.01562952995300293,40676.0
0.01562952995300293,40557.0
0.01562952995300293,40702.0
0.01562952995300293,40576.0
0.01562952995300293,40428.0
0.01562952995300293,40558.0
0.01562952995300293,40443.0
0.01562952995300293,40326.0
0.01562952995300293,40445.0
0.01562952995300293,40547.0
0.01562952995300293,40693.0
0.01562952995300293,40555.0
0.01562952995300293,40670.0
0.01562952995300293,40802.0
0.01562952995300293,40580.0
0.01562952995300293,40802.0
0.01562952995300293,40674.0
0.01562952995300293,40571.0
0.01562952995300293,40689.0
0.01562952995300293,40579.0
0.01562952995300293,40680.0
0.01562952995300293,40282.0
0.01562952995300293,40637.0
0.01562952995300293,40756.0
0.01562952995300293,40898.0
0.01562952995300293,40716.0
0.01562952995300293,40863.0
0.01562952995300293,40988.0
0.01562952995300293,41104.0
0.01562952995300293,40990.0
0.01562952995300293,41105.0
0.01562952995300293,40958.0
0.01562952995300293,41092.0
0.01562952995300293,41193.0
0.01562952995300293,41086.0
0.01562952995300293,40889.0
0.01562952995300293,41103.0
0.01562952995300293,40841.0
0.01562952995300293,41001.0
0.01562952995300293,41150.0
0.01562952995300293,40980.0
0.01562952995300293,41093.0
0.01562952995300293,41279.0
0.01562952995300293,41395.0
0.01562952995300293,40879.0
0.01562952995300293,41047.0
0.01562952995300293,41449.0
0.01562952995300293,41314.0
0.01562952995300293,41441.0
0.01562952995300293,41590.0
0.01562952995300293,41699.0
0.01562952995300293,41804.0
0.01562952995300293,41663.0
0.01562952995300293,41799.0
0.01562952995300293,41903.0
0.01562952995300293,41731.0
0.01562952995300293,41894.0
0.01562952995300293,41435.0
0.01562952995300293,41731.0
0.01562952995300293,41962.0
0.01562952995300293,42077.0
0.01562952995300293,42200.0
0.01562952995300293,42083.0
0.01562952995300293,41889.0
0.01562952995300293,41787.0
0.01562952995300293,41975.0
0.01562952995300293,42090.0
0.01562952995300293,41986.0
0.01562952995300293,41623.0
0.01562952995300293,41990.0
0.01562952995300293,42091.0
0.01562952995300293,41932.0
0.01562952995300293,42052.0
0.01562952995300293,41903.0
0.01562952995300293,42055.0
0.01562952995300293,41939.0
0.01562952995300293,41788.0
0.01562952995300293,41943.0
0.01562952995300293,42053.0
0.01562952995300293,41938.0
0.01562952995300293,42089.0
0.01562952995300293,41675.0
0.01562952995300293,41896.0
0.01562952995300293,42017.0
0.01562952995300293,42230.0
0.01562952995300293,42333.0
0.01562952995300293,42501.0
0.01562952995300293,42605.0
0.01562952995300293,42445.0
0.01562952995300293,42323.0
0.01562952995300293,42110.0
0.01562952995300293,42295.0
0.01562952995300293,42074.0
0.01562952995300293,42359.0
0.01562952995300293,42251.0
0.01562952995300293,41976.0
0.01562952995300293,42123.0
0.01562952995300293,42401.0
0.01562952995300293,42230.0
0.01562952995300293,42100.0
0.01562952995300293,42242.0
0.01562952995300293,42366.0
0.01562952995300293,42495.0
0.01562952995300293,42309.0
0.01562952995300293,42456.0
0.01562952995300293,42582.0
0.01562952995300293,42458.0
0.01562952995300293,42574.0
0.01562952995300293,42698.0
0.01562952995300293,42799.0
0.01562952995300293,42476.0
0.01562952995300293,42656.0
0.01562952995300293,42781.0
0.01562952995300293,42973.0
0.01562952995300293,43083.0
0.01562952995300293,42950.0
0.01562952995300293,43093.0
0.01562952995300293,42988.0
0.01562952995300293,42853.0
0.01562952995300293,42707.0
0.01562952995300293,42831.0
0.01562952995300293,43003.0
0.01562952995300293,42902.0
0.01562952995300293,42787.0
0.01562952995300293,42661.0
0.01562952995300293,42793.0
0.031250953674316406,42661.0
0.031250953674316406,42776.0
0.031250953674316406,42893.0
0.031250953674316406,42784.0
0.031250953674316406,42499.0
0.031250953674316406,42696.0
0.031250953674316406,42887.0
0.031250953674316406,43001.0
0.031250953674316406,42823.0
0.031250953674316406,41985.0
0.031250953674316406,42893.0
0.031250953674316406,42779.0
0.031250953674316406,42645.0
0.031250953674316406,42800.0
0.031250953674316406,42649.0
0.031250953674316406,42785.0
0.031250953674316406,42669.0
0.031250953674316406,42778.0
0.031250953674316406,42669.0
0.031250953674316406,42776.0
0.031250953674316406,42883.0
0.031250953674316406,42744.0
0.031250953674316406,42572.0
0.031250953674316406,42774.0
0.031250953674316406,42619.0
0.031250953674316406,42760.0
0.031250953674316406,42905.0
0.031250953674316406,42786.0
0.031250953674316406,42665.0
0.031250953674316406,42767.0
0.031250953674316406,42887.0
0.031250953674316406,42995.0
0.031250953674316406,42846.0
0.031250953674316406,42998.0
0.031250953674316406,42889.0
0.031250953674316406,42764.0
0.031250953674316406,42433.0
0.031250953674316406,42714.0
0.031250953674316406,42889.0
0.031250953674316406,42676.0
0.031250953674316406,42875.0
0.031250953674316406,42771.0
0.031250953674316406,42662.0
0.031250953674316406,42555.0
0.031250953674316406,42692.0
0.031250953674316406,42543.0
0.031250953674316406,42427.0
0.031250953674316406,42574.0
0.031250953674316406,42681.0
0.031250953674316406,42529.0
0.031250953674316406,42413.0
0.031250953674316406,42572.0
0.031250953674316406,42696.0
0.031250953674316406,42800.0
0.031250953674316406,42695.0
0.031250953674316406,42798.0
0.031250953674316406,42656.0
0.031250953674316406,42791.0
0.031250953674316406,42676.0
0.031250953674316406,42790.0
0.031250953674316406,42675.0
0.031250953674316406,42574.0
0.031250953674316406,42382.0
0.031250953674316406,42585.0
0.031250953674316406,42465.0
0.031250953674316406,42595.0
0.031250953674316406,42458.0
0.031250953674316406,42598.0
0.031250953674316406,42494.0
0.031250953674316406,42291.0
0.031250953674316406,42148.0
0.031250953674316406,42299.0
0.031250953674316406,42496.0
0.031250953674316406,42601.0
0.031250953674316406,42451.0
0.031250953674316406,42604.0
0.031250953674316406,42705.0
0.031250953674316406,41988.0
0.031250953674316406,42204.0
0.031250953674316406,42548.0
0.031250953674316406,42845.0
0.031250953674316406,42993.0
0.031250953674316406,42874.0
0.031250953674316406,42717.0
0.031250953674316406,42525.0
0.031250953674316406,42669.0
0.031250953674316406,42517.0
0.031250953674316406,42730.0
0.031250953674316406,42868.0
0.031250953674316406,42743.0
0.031250953674316406,42900.0
0.031250953674316406,42604.0
0.031250953674316406,42788.0
0.031250953674316406,42964.0
0.031250953674316406,43069.0
0.031250953674316406,43177.0
0.031250953674316406,43293.0
0.031250953674316406,43405.0
0.031250953674316406,43299.0
0.031250953674316406,43194.0
0.031250953674316406,43078.0
0.031250953674316406,43185.0
0.031250953674316406,43003.0
0.031250953674316406,43185.0
0.031250953674316406,43078.0
0.031250953674316406,43197.0
0.031250953674316406,43087.0
0.031250953674316406,43192.0
0.031250953674316406,43063.0
0.031250953674316406,42835.0
0.031250953674316406,42612.0
0.031250953674316406,42919.0
0.031250953674316406,42784.0
0.031250953674316406,42667.0
0.031250953674316406,42891.0
0.031250953674316406,42746.0
0.031250953674316406,42895.0
0.031250953674316406,42779.0
0.031250953674316406,42655.0
0.031250953674316406,42804.0
0.031250953674316406,42694.0
0.031250953674316406,42562.0
0.031250953674316406,42693.0
0.031250953674316406,42572.0
0.031250953674316406,42421.0
0.031250953674316406,42575.0
0.031250953674316406,42426.0
0.031250953674316406,42580.0
0.031250953674316406,42395.0
0.031250953674316406,42584.0
0.031250953674316406,42688.0
0.031250953674316406,42351.0
0.031250953674316406,42544.0
0.031250953674316406,42797.0
0.031250953674316406,42665.0
0.031250953674316406,42781.0
0.031250953674316406,42583.0
0.031250953674316406,42780.0
0.031250953674316406,42679.0
0.031250953674316406,42498.0
0.031250953674316406,42622.0
0.031250953674316406,42783.0
0.031250953674316406,42651.0
0.031250953674316406,42766.0
0.031250953674316406,42898.0
0.031250953674316406,42737.0
0.031250953674316406,42889.0
0.031250953674316406,42772.0
0.031250953674316406,42614.0
0.031250953674316406,42733.0
0.031250953674316406,42903.0
0.031250953674316406,42756.0
0.031250953674316406,42620.0
0.031250953674316406,42787.0
0.031250953674316406,42904.0
0.031250953674316406,42796.0
0.031250953674316406,42628.0
0.031250953674316406,42777.0
0.031250953674316406,42902.0
0.031250953674316406,42770.0
0.031250953674316406,42898.0
0.031250953674316406,42644.0
0.031250953674316406,42825.0
0.031250953674316406,42934.0
0.031250953674316406,43073.0
0.031250953674316406,43190.0
0.031250953674316406,43300.0
0.031250953674316406,43101.0
0.031250953674316406,43231.0
0.031250953674316406,43345.0
0.031250953674316406,43182.0
0.031250953674316406,43376.0
0.031250953674316406,43271.0
0.031250953674316406,43387.0
0.031250953674316406,43184.0
0.031250953674316406,43402.0
0.031250953674316406,43227.0
0.031250953674316406,43378.0
0.031250953674316406,43221.0
0.031250953674316406,43370.0
0.031250953674316406,43186.0
0.031250953674316406,43067.0
0.031250953674316406,43188.0
0.031250953674316406,43321.0
0.031250953674316406,43487.0
0.031250953674316406,43368.0
0.031250953674316406,43491.0
0.031250953674316406,43278.0
0.031250953674316406,43458.0
0.031250953674316406,43338.0
0.031250953674316406,43475.0
0.031250953674316406,43222.0
0.031250953674316406,43402.0
0.031250953674316406,43548.0
0.031250953674316406,43666.0
0.031250953674316406,43528.0
0.031250953674316406,43339.0
0.031250953674316406,43137.0
0.031250953674316406,43409.0
0.031250953674316406,43591.0
0.031250953674316406,43484.0
0.031250953674316406,43333.0
0.031250953674316406,43485.0
0.031250953674316406,43200.0
0.031250953674316406,43451.0
0.031250953674316406,43350.0
0.031250953674316406,43476.0
0.031250953674316406,43374.0
0.031250953674316406,43500.0
0.031250953674316406,43339.0
0.031250953674316406,43458.0
0.031250953674316406,42658.0
0.031250953674316406,43069.0
0.031250953674316406,43500.0
0.031250953674316406,43607.0
0.031250953674316406,43712.0
0.031250953674316406,43598.0
0.031250953674316406,43775.0
0.031250953674316406,43663.0
0.031250953674316406,43777.0
0.031250953674316406,43896.0
0.031250953674316406,43754.0
0.031250953674316406,43619.0
0.031250953674316406,43739.0
0.031250953674316406,43879.0
0.031250953674316406,43988.0
0.031250953674316406,43621.0
0.031250953674316406,43902.0
0.031250953674316406,43767.0
0.031250953674316406,43664.0
0.031250953674316406,43551.0
0.031250953674316406,43736.0
0.031250953674316406,43858.0
0.031250953674316406,43710.0
0.031250953674316406,43846.0
0.031250953674316406,43733.0
0.031250953674316406,43624.0
0.031250953674316406,43804.0
0.031250953674316406,43688.0
0.031250953674316406,43574.0
0.031250953674316406,43683.0
0.031250953674316406,43793.0
0.031250953674316406,43060.0
0.031250953674316406,43447.0
0.031250953674316406,43852.0
0.031250953674316406,43968.0
0.031250953674316406,43661.0
0.031250953674316406,43973.0
0.031250953674316406,43815.0
0.031250953674316406,43703.0
0.031250953674316406,43804.0
0.031250953674316406,43990.0
0.031250953674316406,43887.0
0.031250953674316406,43760.0
0.031250953674316406,43629.0
0.031250953674316406,43800.0
0.031250953674316406,43657.0
0.031250953674316406,43473.0
0.031250953674316406,43666.0
0.031250953674316406,43783.0
0.031250953674316406,43653.0
0.031250953674316406,43794.0
0.031250953674316406,43898.0
0.031250953674316406,44005.0
0.031250953674316406,43869.0
0.031250953674316406,43656.0
0.031250953674316406,43846.0
0.031250953674316406,43742.0
0.031250953674316406,43894.0
0.031250953674316406,43480.0
0.031250953674316406,43774.0
0.031250953674316406,43987.0
0.031250953674316406,43774.0
0.031250953674316406,43911.0
0.031250953674316406,44093.0
0.031250953674316406,43956.0
0.031250953674316406,43644.0
0.031250953674316406,43890.0
0.031250953674316406,43789.0
0.031250953674316406,43911.0
0.031250953674316406,44075.0
0.031250953674316406,43956.0
0.031250953674316406,44075.0
0.031250953674316406,43930.0
0.031250953674316406,43781.0
0.031250953674316406,43394.0
0.031250953674316406,43271.0
0.031250953674316406,43141.0
0.031250953674316406,42956.0
0.031250953674316406,43493.0
0.031250953674316406,43653.0
0.031250953674316406,43775.0
0.031250953674316406,43876.0
0.031250953674316406,43734.0
0.031250953674316406,43612.0
0.031250953674316406,43789.0
0.031250953674316406,43905.0
0.031250953674316406,43735.0
0.031250953674316406,43613.0
0.031250953674316406,43734.0
0.031250953674316406,43872.0
0.031250953674316406,43768.0
0.031250953674316406,43870.0
0.031250953674316406,44002.0
0.031250953674316406,43820.0
0.031250953674316406,43923.0
0.031250953674316406,44090.0
0.031250953674316406,43966.0
0.031250953674316406,43585.0
0.031250953674316406,43884.0
0.031250953674316406,43529.0
0.031250953674316406,43731.0
0.031250953674316406,43980.0
0.031250953674316406,44123.0
0.031250953674316406,44258.0
0.031250953674316406,44153.0
0.031250953674316406,44267.0
0.031250953674316406,44142.0
0.031250953674316406,44019.0
0.031250953674316406,44124.0
0.031250953674316406,43959.0
0.031250953674316406,44196.0
0.04687380790710449,44029.0
0.04687380790710449,44193.0
0.04687380790710449,44092.0
0.04687380790710449,43928.0
0.04687380790710449,44100.0
0.04687380790710449,43494.0
0.04687380790710449,43825.0
0.04687380790710449,44165.0
0.04687380790710449,43919.0
0.04687380790710449,44090.0
0.04687380790710449,44225.0
0.04687380790710449,44071.0
0.04687380790710449,44276.0
0.04687380790710449,44127.0
0.04687380790710449,44260.0
0.04687380790710449,44119.0
0.04687380790710449,44256.0
0.04687380790710449,44393.0
0.04687380790710449,44203.0
0.04687380790710449,44384.0
0.04687380790710449,44254.0
0.04687380790710449,44364.0
0.04687380790710449,44175.0
0.04687380790710449,44360.0
0.04687380790710449,44475.0
0.04687380790710449,44303.0
0.04687380790710449,44431.0
0.04687380790710449,44544.0
0.04687380790710449,44437.0
0.04687380790710449,44539.0
0.04687380790710449,44702.0
0.04687380790710449,44560.0
0.04687380790710449,44700.0
0.04687380790710449,44463.0
0.04687380790710449,44613.0
0.04687380790710449,44428.0
0.04687380790710449,44551.0
0.04687380790710449,44749.0
0.04687380790710449,44604.0
0.04687380790710449,44749.0
0.04687380790710449,44645.0
0.04687380790710449,44243.0
0.04687380790710449,44659.0
0.04687380790710449,44408.0
0.04687380790710449,44538.0
0.04687380790710449,44692.0
0.04687380790710449,44826.0
0.04687380790710449,44704.0
0.04687380790710449,44555.0
0.04687380790710449,44797.0
0.04687380790710449,44665.0
0.04687380790710449,44541.0
0.04687380790710449,44704.0
0.04687380790710449,44586.0
0.04687380790710449,44423.0
0.04687380790710449,44584.0
0.04687380790710449,44482.0
0.04687380790710449,44360.0
0.04687380790710449,44477.0
0.04687380790710449,44604.0
0.04687380790710449,44495.0
0.04687380790710449,44379.0
0.04687380790710449,44233.0
0.04687380790710449,44374.0
0.04687380790710449,44194.0
0.04687380790710449,44065.0
0.04687380790710449,44233.0
0.04687380790710449,44341.0
0.04687380790710449,44496.0
0.04687380790710449,44368.0
0.04687380790710449,44489.0
0.04687380790710449,44594.0
0.04687380790710449,44699.0
0.04687380790710449,44802.0
0.04687380790710449,44650.0
0.04687380790710449,44801.0
0.04687380790710449,44648.0
0.04687380790710449,44529.0
0.04687380790710449,44689.0
0.04687380790710449,44496.0
0.04687380790710449,44631.0
0.04687380790710449,44792.0
0.04687380790710449,44893.0
0.04687380790710449,45003.0
0.04687380790710449,44795.0
0.04687380790710449,44991.0
0.04687380790710449,44848.0
0.04687380790710449,45003.0
0.04687380790710449,44893.0
0.04687380790710449,45000.0
0.04687380790710449,44872.0
0.04687380790710449,44725.0
0.04687380790710449,44869.0
0.04687380790710449,44701.0
0.04687380790710449,44808.0
0.04687380790710449,44943.0
0.04687380790710449,44805.0
0.04687380790710449,44702.0
0.04687380790710449,44833.0
0.04687380790710449,44982.0
0.052381277084350586,44856.0
0.052381277084350586,44717.0
0.052381277084350586,44602.0
0.052381277084350586,44458.0
0.052381277084350586,44687.0
0.052381277084350586,44406.0
0.052381277084350586,44601.0
0.052381277084350586,44781.0
0.052381277084350586,44665.0
0.052381277084350586,44513.0
0.052381277084350586,44623.0
0.052381277084350586,44495.0
0.052381277084350586,44696.0
0.052381277084350586,44491.0
0.052381277084350586,44677.0
0.052381277084350586,44804.0
0.052381277084350586,44623.0
0.052381277084350586,44759.0
0.052381277084350586,44658.0
0.052381277084350586,44525.0
0.052381277084350586,44328.0
0.052381277084350586,44174.0
0.052381277084350586,44505.0
0.052381277084350586,44395.0
0.052381277084350586,44204.0
0.052381277084350586,44089.0
0.052381277084350586,44247.0
0.052381277084350586,44054.0
0.052381277084350586,44297.0
0.052381277084350586,44100.0
0.052381277084350586,44233.0
0.052381277084350586,44401.0
0.052381277084350586,44291.0
0.052381277084350586,44156.0
0.052381277084350586,44271.0
0.052381277084350586,44393.0
0.052381277084350586,44494.0
0.052381277084350586,44393.0
0.052381277084350586,44277.0
0.052381277084350586,44391.0
0.052381277084350586,44205.0
0.052381277084350586,44088.0
0.052381277084350586,44237.0
0.052381277084350586,44396.0
0.052381277084350586,44285.0
0.052381277084350586,44398.0
0.052381277084350586,44295.0
0.052381277084350586,44097.0
0.052381277084350586,44222.0
0.052381277084350586,44351.0
0.052381277084350586,44216.0
0.052381277084350586,44106.0
0.052381277084350586,43884.0
0.052381277084350586,44097.0
0.052381277084350586,44221.0
0.052381277084350586,44062.0
0.052381277084350586,44254.0
0.052381277084350586,44141.0
0.052381277084350586,43987.0
0.052381277084350586,44155.0
0.052381277084350586,44286.0
0.052381277084350586,44117.0
0.052381277084350586,44218.0
0.052381277084350586,44393.0
0.052381277084350586,44494.0
0.052381277084350586,44357.0
0.052381277084350586,44485.0
0.052381277084350586,44335.0
0.052381277084350586,43334.0
0.052381277084350586,44354.0
0.052381277084350586,44484.0
0.052381277084350586,44089.0
0.052381277084350586,44304.0
0.052381277084350586,44180.0
0.052381277084350586,44397.0
0.052381277084350586,44507.0
0.052381277084350586,44376.0
0.052381277084350586,44530.0
0.052381277084350586,44344.0
0.052381277084350586,44459.0
0.052381277084350586,44652.0
0.052381277084350586,44761.0
0.052381277084350586,44652.0
0.052381277084350586,44505.0
0.052381277084350586,44642.0
0.052381277084350586,44762.0
0.052381277084350586,44875.0
0.052381277084350586,44755.0
0.052381277084350586,44625.0
0.052381277084350586,44401.0
0.052381277084350586,44573.0
0.052381277084350586,44803.0
0.052381277084350586,44649.0
0.052381277084350586,44765.0
0.052381277084350586,44888.0
0.052381277084350586,44751.0
0.052381277084350586,44605.0
0.052381277084350586,44480.0
0.052381277084350586,44630.0
0.052381277084350586,44805.0
0.052381277084350586,44389.0
0.052381277084350586,44703.0
0.052381277084350586,44877.0
0.052381277084350586,44736.0
0.052381277084350586,44611.0
0.052381277084350586,44456.0
0.052381277084350586,44321.0
0.052381277084350586,44422.0
0.052381277084350586,44668.0
0.052381277084350586,44796.0
0.052381277084350586,44899.0
0.052381277084350586,44798.0
0.052381277084350586,44683.0
0.052381277084350586,44800.0
0.052381277084350586,44583.0
0.052381277084350586,44777.0
0.052381277084350586,44878.0
0.052381277084350586,44773.0
0.052381277084350586,44877.0
0.052381277084350586,44993.0
0.052381277084350586,44751.0
0.052381277084350586,44854.0
0.052381277084350586,45003.0
0.052381277084350586,45202.0
0.052381277084350586,45303.0
0.052381277084350586,45143.0
0.052381277084350586,45030.0
0.052381277084350586,45182.0
0.052381277084350586,45291.0
0.052381277084350586,45170.0
0.052381277084350586,44984.0
0.052381277084350586,44806.0
0.052381277084350586,45090.0
0.052381277084350586,44916.0
0.052381277084350586,45068.0
0.052381277084350586,45199.0
0.052381277084350586,45085.0
0.052381277084350586,44886.0
0.052381277084350586,45075.0
0.052381277084350586,45203.0
0.052381277084350586,45035.0
0.052381277084350586,44865.0
0.052381277084350586,45088.0
0.052381277084350586,44963.0
0.052381277084350586,44786.0
0.052381277084350586,44978.0
0.052381277084350586,45096.0
0.052381277084350586,44991.0
0.052381277084350586,44839.0
0.052381277084350586,44969.0
0.052381277084350586,45089.0
0.052381277084350586,44838.0
0.052381277084350586,45098.0
0.052381277084350586,44975.0
0.052381277084350586,44860.0
0.052381277084350586,44758.0
0.052381277084350586,44868.0
0.052381277084350586,44528.0
0.052381277084350586,44787.0
0.052381277084350586,44557.0
0.052381277084350586,44861.0
0.052381277084350586,44992.0
0.052381277084350586,44810.0
0.052381277084350586,44915.0
0.052381277084350586,45092.0
0.052381277084350586,44988.0
0.052381277084350586,44883.0
0.052381277084350586,45005.0
0.052381277084350586,44881.0
0.052381277084350586,44995.0
0.052381277084350586,44864.0
0.052381277084350586,44715.0
0.052381277084350586,44901.0
0.052381277084350586,44784.0
0.052381277084350586,44900.0
0.052381277084350586,44720.0
0.052381277084350586,44889.0
0.052381277084350586,44990.0
0.052381277084350586,45095.0
0.052381277084350586,45205.0
0.052381277084350586,45089.0
0.052381277084350586,45205.0
0.052381277084350586,45085.0
0.052381277084350586,44836.0
0.052381277084350586,45021.0
0.052381277084350586,44039.0
0.052381277084350586,44673.0
0.052381277084350586,44867.0
0.052381277084350586,45111.0
0.052381277084350586,45275.0
0.052381277084350586,45478.0
0.052381277084350586,45322.0
0.052381277084350586,45485.0
0.052381277084350586,45594.0
0.052381277084350586,45449.0
0.052381277084350586,45597.0
0.052381277084350586,45704.0
0.052381277084350586,45522.0
0.052381277084350586,45680.0
0.052381277084350586,45798.0
0.052381277084350586,45684.0
0.052381277084350586,45482.0
0.052381277084350586,45662.0
0.052381277084350586,45534.0
0.052381277084350586,45433.0
0.052381277084350586,45119.0
0.052381277084350586,45258.0
0.052381277084350586,45486.0
0.052381277084350586,45657.0
0.052381277084350586,45471.0
0.052381277084350586,45637.0
0.052381277084350586,45783.0
0.052381277084350586,45891.0
0.052381277084350586,45790.0
0.052381277084350586,45905.0
0.052381277084350586,45742.0
0.052381277084350586,45608.0
0.052381277084350586,45793.0
0.052381277084350586,45660.0
0.052381277084350586,45776.0
0.052381277084350586,45582.0
0.052381277084350586,45794.0
0.06288838386535645,45898.0
0.06288838386535645,45779.0
0.06288838386535645,45660.0
0.06288838386535645,45785.0
0.06288838386535645,45898.0
0.06288838386535645,45713.0
0.06288838386535645,45855.0
0.06288838386535645,45611.0
0.06288838386535645,45783.0
0.06288838386535645,45660.0
0.06288838386535645,45818.0
0.06288838386535645,45967.0
0.06288838386535645,45779.0
0.06288838386535645,45642.0
0.06288838386535645,45757.0
0.06288838386535645,45881.0
0.06288838386535645,46067.0
0.06288838386535645,46204.0
0.06288838386535645,46029.0
0.06288838386535645,46167.0
0.06288838386535645,46058.0
0.06288838386535645,46199.0
0.06288838386535645,46013.0
0.06288838386535645,46159.0
0.06288838386535645,46020.0
0.06288838386535645,46152.0
0.06288838386535645,46287.0
0.06288838386535645,46149.0
0.06288838386535645,46008.0
0.06288838386535645,46186.0
0.06288838386535645,46076.0
0.06288838386535645,45969.0
0.06288838386535645,45777.0
0.06288838386535645,45998.0
0.06288838386535645,45894.0
0.06288838386535645,45776.0
0.06288838386535645,45667.0
0.06288838386535645,45800.0
0.06288838386535645,45693.0
0.06288838386535645,45563.0
0.06288838386535645,45453.0
0.06288838386535645,45600.0
0.06288838386535645,45703.0
0.06288838386535645,45536.0
0.06288838386535645,45414.0
0.06288838386535645,45563.0
0.06288838386535645,45320.0
0.06288838386535645,45492.0
0.06288838386535645,45705.0
0.06288838386535645,45592.0
0.06288838386535645,45701.0
0.06288838386535645,45498.0
0.06288838386535645,45696.0
0.06288838386535645,45802.0
0.06288838386535645,45665.0
0.06288838386535645,45783.0
0.06288838386535645,45586.0
0.06288838386535645,45761.0
0.06288838386535645,45889.0
0.06288838386535645,45717.0
0.06288838386535645,45903.0
0.06288838386535645,45754.0
0.06288838386535645,45870.0
0.06288838386535645,46002.0
0.06288838386535645,45817.0
0.06288838386535645,45665.0
0.06288838386535645,45853.0
0.06288838386535645,45737.0
0.06288838386535645,45878.0
0.06288838386535645,45988.0
0.06288838386535645,45881.0
0.06288838386535645,45701.0
0.06288838386535645,45816.0
0.06288838386535645,45405.0
0.06288838386535645,45853.0
0.06288838386535645,45995.0
0.06288838386535645,45890.0
0.06288838386535645,45710.0
0.06288838386535645,45878.0
0.06288838386535645,46003.0
0.06288838386535645,45845.0
0.06288838386535645,45713.0
0.06288838386535645,45888.0
0.06288838386535645,45999.0
0.06288838386535645,45813.0
0.06288838386535645,45962.0
0.06288838386535645,45834.0
0.06288838386535645,45696.0
0.06288838386535645,45882.0
0.06288838386535645,45765.0
0.06288838386535645,45902.0
0.06288838386535645,45786.0
0.06288838386535645,45893.0
0.06288838386535645,45665.0
0.06288838386535645,45844.0
0.06288838386535645,45999.0
0.06288838386535645,45706.0
0.06288838386535645,45820.0
0.06288838386535645,46051.0
0.06288838386535645,46174.0
0.06288838386535645,46025.0
0.06288838386535645,46135.0
0.06288838386535645,45995.0
0.06288838386535645,46127.0
0.06288838386535645,46257.0
0.06288838386535645,46039.0
0.06288838386535645,46198.0
0.06288838386535645,46335.0
0.06288838386535645,46221.0
0.06288838386535645,46395.0
0.06288838386535645,46281.0
0.06288838386535645,46402.0
0.06288838386535645,46503.0
0.06288838386535645,46382.0
0.06288838386535645,46496.0
0.06288838386535645,46364.0
0.06288838386535645,46480.0
0.06288838386535645,46369.0
0.06288838386535645,46476.0
0.06288838386535645,46324.0
0.06288838386535645,46466.0
0.06288838386535645,46363.0
0.06288838386535645,46493.0
0.06288838386535645,46272.0
0.06288838386535645,46404.0
0.06288838386535645,46574.0
0.06288838386535645,46433.0
0.06288838386535645,46545.0
0.06288838386535645,46680.0
0.06288838386535645,46799.0
0.06288838386535645,46644.0
0.06288838386535645,46776.0
0.06288838386535645,46901.0
0.06288838386535645,46794.0
0.06288838386535645,46650.0
0.06288838386535645,46518.0
0.06288838386535645,46372.0
0.06288838386535645,46553.0
0.06288838386535645,46704.0
0.06288838386535645,46473.0
0.06288838386535645,46608.0
0.06288838386535645,46459.0
0.06288838386535645,46631.0
0.06288838386535645,46782.0
0.06288838386535645,46588.0
0.06288838386535645,46774.0
0.06288838386535645,46884.0
0.06288838386535645,46747.0
0.06288838386535645,46624.0
0.06288838386535645,46767.0
0.06288838386535645,46599.0
0.06288838386535645,46768.0
0.06288838386535645,46885.0
0.06288838386535645,46994.0
0.06288838386535645,47099.0
0.06288838386535645,46924.0
0.06288838386535645,47095.0
0.06288838386535645,47204.0
0.06288838386535645,47094.0
0.06288838386535645,46985.0
0.06288838386535645,47101.0
0.06288838386535645,47202.0
0.06288838386535645,47030.0
0.06288838386535645,47165.0
0.06288838386535645,46970.0
0.06288838386535645,47116.0
0.06288838386535645,47298.0
0.06288838386535645,47181.0
0.06288838386535645,47063.0
0.06288838386535645,46862.0
0.06288838386535645,47083.0
0.06288838386535645,46967.0
0.06288838386535645,47089.0
0.06288838386535645,47191.0
0.06288838386535645,47019.0
0.06288838386535645,46858.0
0.06288838386535645,47081.0
0.06288838386535645,46971.0
0.06288838386535645,46870.0
0.06288838386535645,46994.0
0.06288838386535645,46889.0
0.06288838386535645,46765.0
0.06288838386535645,46902.0
0.06288838386535645,46751.0
0.06288838386535645,46867.0
0.06288838386535645,46998.0
0.06288838386535645,46897.0
0.06288838386535645,46781.0
0.06288838386535645,46568.0
0.06288838386535645,46739.0
0.06288838386535645,46558.0
0.06288838386535645,46721.0
0.06288838386535645,46574.0
0.06288838386535645,46775.0
0.06288838386535645,46672.0
0.06288838386535645,46776.0
0.06288838386535645,46634.0
0.06288838386535645,46519.0
0.06288838386535645,46674.0
0.06288838386535645,46543.0
0.06288838386535645,46418.0
0.06288838386535645,46570.0
0.06288838386535645,46327.0
0.06288838386535645,46597.0
0.06288838386535645,46411.0
0.06288838386535645,46536.0
0.06288838386535645,46435.0
0.06288838386535645,46603.0
0.06288838386535645,46405.0
0.06288838386535645,46594.0
0.06288838386535645,46489.0
0.06288838386535645,46593.0
0.06288838386535645,46315.0
0.06288838386535645,46439.0
0.06288838386535645,46662.0
0.06288838386535645,46546.0
0.06288838386535645,46667.0
0.07851457595825195,46446.0
0.07851457595825195,46598.0
0.07851457595825195,46428.0
0.07851457595825195,46666.0
0.07851457595825195,46783.0
0.07851457595825195,46675.0
0.07851457595825195,46544.0
0.07851457595825195,46428.0
0.07851457595825195,46586.0
0.07851457595825195,46409.0
0.07851457595825195,46272.0
0.07851457595825195,46391.0
0.07851457595825195,46542.0
0.07851457595825195,46653.0
0.07851457595825195,46763.0
0.07851457595825195,46894.0
0.07851457595825195,46778.0
0.07851457595825195,46603.0
0.07851457595825195,46743.0
0.07851457595825195,46903.0
0.07851457595825195,46800.0
0.07851457595825195,46611.0
0.07851457595825195,46489.0
0.07851457595825195,46638.0
0.07851457595825195,46798.0
0.07851457595825195,46695.0
0.07851457595825195,46798.0
0.07851457595825195,46905.0
0.07851457595825195,46768.0
0.07851457595825195,46892.0
0.07851457595825195,46787.0
0.07851457595825195,46677.0
0.07851457595825195,46558.0
0.07851457595825195,46693.0
0.07851457595825195,46575.0
0.07851457595825195,46447.0
0.07851457595825195,46562.0
0.07851457595825195,46703.0
0.07851457595825195,46540.0
0.07851457595825195,46362.0
0.07851457595825195,46528.0
0.07851457595825195,46414.0
0.07851457595825195,46600.0
0.07851457595825195,46377.0
0.07851457595825195,46566.0
0.07851457595825195,46681.0
0.07851457595825195,46565.0
0.07851457595825195,46684.0
0.07851457595825195,46802.0
0.07851457595825195,46700.0
0.07851457595825195,46582.0
0.07851457595825195,46463.0
0.07851457595825195,46585.0
0.07851457595825195,46436.0
0.07851457595825195,46559.0
0.07851457595825195,46442.0
0.07851457595825195,46302.0
0.07851457595825195,46449.0
0.07851457595825195,46345.0
0.07851457595825195,46450.0
0.07851457595825195,46320.0
0.07851457595825195,46446.0
0.07851457595825195,46576.0
0.07851457595825195,46697.0
0.07851457595825195,46528.0
0.07851457595825195,46637.0
0.07851457595825195,46754.0
0.07851457595825195,46901.0
0.07851457595825195,47005.0
0.07851457595825195,46889.0
0.07851457595825195,47005.0
0.07851457595825195,46782.0
0.07851457595825195,46952.0
0.07851457595825195,47101.0
0.07851457595825195,46991.0
0.07851457595825195,47096.0
0.07851457595825195,47198.0
0.07851457595825195,47083.0
0.07851457595825195,46966.0
0.07851457595825195,47085.0
0.07851457595825195,46813.0
0.07851457595825195,47060.0
0.07851457595825195,47176.0
0.07851457595825195,47069.0
0.07851457595825195,46903.0
0.07851457595825195,47084.0
0.07851457595825195,46937.0
0.07851457595825195,47082.0
0.07851457595825195,46978.0
0.07851457595825195,47088.0
0.07851457595825195,47198.0
0.07851457595825195,47299.0
0.07851457595825195,47400.0
0.07851457595825195,47285.0
0.07851457595825195,47164.0
0.07851457595825195,47044.0
0.07851457595825195,47160.0
0.07851457595825195,46988.0
0.07851457595825195,47149.0
0.07851457595825195,47252.0
0.07851457595825195,47401.0
0.07851457595825195,47230.0
0.07851457595825195,47120.0
0.07851457595825195,47241.0
0.07851457595825195,47369.0
0.07851457595825195,47497.0
0.07851457595825195,47348.0
0.07851457595825195,47458.0
0.07851457595825195,47600.0
0.07851457595825195,47475.0
0.07851457595825195,47370.0
0.07851457595825195,47484.0
0.07851457595825195,47302.0
0.07851457595825195,47427.0
0.07851457595825195,47586.0
0.07851457595825195,47705.0
0.07851457595825195,47591.0
0.07851457595825195,47472.0
0.07851457595825195,47585.0
0.07851457595825195,47459.0
0.07851457595825195,47591.0
0.07851457595825195,47693.0
0.07851457595825195,47579.0
0.07851457595825195,47468.0
0.07851457595825195,47366.0
0.07851457595825195,47502.0
0.07851457595825195,47365.0
0.07851457595825195,47484.0
0.07851457595825195,47598.0
0.07851457595825195,47699.0
0.07851457595825195,47558.0
0.07851457595825195,47444.0
0.07851457595825195,47568.0
0.07851457595825195,47399.0
0.07851457595825195,47585.0
0.07851457595825195,47688.0
0.07851457595825195,47798.0
0.07851457595825195,47697.0
0.07851457595825195,47528.0
0.07851457595825195,47660.0
0.07851457595825195,47550.0
0.07851457595825195,47369.0
0.07851457595825195,47591.0
0.07851457595825195,47461.0
0.07851457595825195,47345.0
0.07851457595825195,47478.0
0.07851457595825195,47370.0
0.07851457595825195,47475.0
0.07851457595825195,47595.0
0.07851457595825195,47485.0
0.07851457595825195,47588.0
0.07851457595825195,47463.0
0.07851457595825195,47578.0
0.07851457595825195,47441.0
0.07851457595825195,47324.0
0.07851457595825195,47488.0
0.07851457595825195,47360.0
0.07851457595825195,47501.0
0.09413743019104004,47272.0
0.09413743019104004,47465.0
0.09413743019104004,47319.0
0.09413743019104004,47503.0
0.09413743019104004,47384.0
0.09413743019104004,47500.0
0.09413743019104004,47396.0
0.09413743019104004,47503.0
0.09413743019104004,47396.0
0.09413743019104004,47276.0
0.09413743019104004,47404.0
0.09413743019104004,47301.0
0.09413743019104004,47177.0
0.09413743019104004,47058.0
0.09413743019104004,46948.0
0.09413743019104004,46838.0
0.09413743019104004,46994.0
0.09413743019104004,46861.0
0.09413743019104004,46981.0
0.09413743019104004,46866.0
0.09413743019104004,46999.0
0.09413743019104004,47101.0
0.09413743019104004,47000.0
0.09413743019104004,46865.0
0.09413743019104004,46982.0
0.09413743019104004,46877.0
0.09413743019104004,46764.0
0.09413743019104004,46879.0
0.09413743019104004,46760.0
0.09413743019104004,46891.0
0.09413743019104004,46736.0
0.09413743019104004,46593.0
0.09413743019104004,46700.0
0.09413743019104004,46900.0
0.09413743019104004,46748.0
0.09413743019104004,46641.0
0.09413743019104004,46795.0
0.09413743019104004,46619.0
0.09413743019104004,46733.0
0.09413743019104004,46879.0
0.09413743019104004,46989.0
0.09413743019104004,46856.0
0.09413743019104004,47005.0
0.09413743019104004,46890.0
0.09413743019104004,47000.0
0.09413743019104004,46886.0
0.09413743019104004,47003.0
0.09413743019104004,46871.0
0.09413743019104004,46990.0
0.09413743019104004,46850.0
0.09413743019104004,47003.0
0.09413743019104004,46844.0
0.09413743019104004,46955.0
0.09413743019104004,47104.0
0.09413743019104004,46948.0
0.09413743019104004,47083.0
0.09413743019104004,47201.0
0.09413743019104004,47065.0
0.09413743019104004,46918.0
0.09413743019104004,47088.0
0.09413743019104004,47198.0
0.09413743019104004,47084.0
0.09413743019104004,47200.0
0.09413743019104004,47087.0
0.09413743019104004,47203.0
0.09413743019104004,47083.0
0.09413743019104004,46959.0
0.09413743019104004,46838.0
0.09413743019104004,47000.0
0.09413743019104004,46829.0
0.09413743019104004,46978.0
0.09413743019104004,47093.0
0.09413743019104004,47196.0
0.09413743019104004,47297.0
0.10976123809814453,47398.0
0.10976123809814453,47268.0
0.10976123809814453,47165.0
0.10976123809814453,47305.0
0.10976123809814453,47187.0
0.10976123809814453,47301.0
0.10976123809814453,47404.0
0.10976123809814453,47298.0
0.10976123809814453,47147.0
0.10976123809814453,47266.0
0.10976123809814453,47403.0
0.10976123809814453,47253.0
0.10976123809814453,47390.0
0.10976123809814453,47497.0
0.10976123809814453,47362.0
0.10976123809814453,47482.0
0.10976123809814453,47372.0
0.10976123809814453,47479.0
0.10976123809814453,47362.0
0.10976123809814453,47463.0
0.10976123809814453,47596.0
0.10976123809814453,47456.0
0.10976123809814453,47592.0
0.10976123809814453,47696.0
0.10976123809814453,47592.0
0.10976123809814453,47705.0
0.10976123809814453,47604.0
0.10976123809814453,47494.0
0.10976123809814453,47381.0
0.10976123809814453,47498.0
0.10976123809814453,47380.0
0.10976123809814453,47486.0
0.10976123809814453,47600.0
0.10976123809814453,47704.0
0.10976123809814453,47584.0
0.10976123809814453,47703.0
0.10976123809814453,47532.0
0.10976123809814453,47702.0
0.10976123809814453,47588.0
0.10976123809814453,47704.0
0.10976123809814453,47572.0
0.10976123809814453,47690.0
0.10976123809814453,47804.0
0.12601375579833984,47698.0
0.12601375579833984,47803.0
0.12601375579833984,47696.0
0.12601375579833984,47801.0
0.12601375579833984,47905.0
0.12601375579833984,47797.0
0.12601375579833984,47681.0
0.12601375579833984,47785.0
0.12601375579833984,47643.0
0.12601375579833984,47766.0
0.12601375579833984,47882.0
0.12601375579833984,47990.0
0.12601375579833984,47874.0
0.12601375579833984,47991.0
0.12601375579833984,48101.0
0.12601375579833984,47991.0
0.12601375579833984,48099.0
0.12601375579833984,48205.0
0.12601375579833984,48086.0
0.12601375579833984,48196.0
0.14161062240600586,48063.0
0.14161062240600586,48201.0
0.1527082920074463,48100.0
0.1527082920074463,48201.0
0.15680527687072754,48302.0
0.15680527687072754,48201.0
0.15680527687072754,48302.0
