0.0,59160.0
0.0,59375.0
0.0,59565.0
0.0,59763.0
0.0,59868.0
0.0,60000.0
0.0,60115.0
0.0,59031.0
0.0,59809.0
0.0,59931.0
0.0,60104.0
0.0,60248.0
0.0,60501.0
0.0,60610.0
0.0,60711.0
0.0,59737.0
0.0,59934.0
0.0,60338.0
0.0,60696.0
0.0,60970.0
0.0,60014.0
0.0,60742.0
0.0,60917.0
0.0,61112.0
0.0,61228.0
0.0,61344.0
0.0,61476.0
0.0,61611.0
0.0,61712.0
0.0,60681.0
0.0,60956.0
0.0,61270.0
0.0,61431.0
0.0,61825.0
0.0,61947.0
0.0,62156.0
0.0,62286.0
0.0,62419.0
0.0,62177.0
0.0,62360.0
0.0,62495.0
0.0,62600.0
0.0,62704.0
0.0,62818.0
0.0,62660.0
0.0,62769.0
0.0,62895.0
0.0,63001.0
0.0,62702.0
0.0,62900.0
0.0,63023.0
0.0,63129.0
0.0,63290.0
0.0,63406.0
0.0,63216.0
0.0,63348.0
0.0,62996.0
0.0,63176.0
0.0,63436.0
0.0,63574.0
0.0,62876.0
0.0,63449.0
0.0,63686.0
0.0,63811.0
0.0,63914.0
0.0,64015.0
0.0,63843.0
0.0,63989.0
0.0,64090.0
0.0,64202.0
0.0,64309.0
0.0,64410.0
0.0,63643.0
0.0,63786.0
0.0,64399.0
0.0,64580.0
0.0,64698.0
0.0,64809.0
0.0,64914.0
0.0,64734.0
0.0,64895.0
0.0,64999.0
0.0,64896.0
0.0,64493.0
0.0,64878.0
0.0,65001.0
0.0,65110.0
0.0,64055.0
0.0,64771.0
0.0,65089.0
0.0,65261.0
0.0,65408.0
0.0,65302.0
0.0,65141.0
0.0,65316.0
0.0,65419.0
0.0,64780.0
0.0,65076.0
0.0,65272.0
0.0,65438.0
0.0,65701.0
0.0,65818.0
0.0,65189.0
0.0,65597.0
0.0,65832.0
0.0,65962.0
0.0,66085.0
0.0,66192.0
0.0,66308.0
0.0,66164.0
0.0,65527.0
0.0,65657.0
0.0,66106.0
0.0,66336.0
0.0,66488.0
0.0,66603.0
0.0,66717.0
0.0,66610.0
0.0,66335.0
0.0,66469.0
0.0,66288.0
0.0,66538.0
0.0,66663.0
0.0,66805.0
0.0,66027.0
0.0,66617.0
0.0,66372.0
0.0,66629.0
0.0,66820.0
0.0,66940.0
0.0,67119.0
0.0,66984.0
0.0,67107.0
0.0,66212.0
0.0,66996.0
0.0,66887.0
0.0,67009.0
0.0,67197.0
0.0,67299.0
0.0,67101.0
0.0,67259.0
0.0,67374.0
0.0,67244.0
0.0,67402.0
0.0,67517.0
0.0,67401.0
0.0,67285.0
0.0,67182.0
0.0,66944.0
0.0,67146.0
0.0,67271.0
0.0,67414.0
0.0,67515.0
0.0,67413.0
0.0,67519.0
0.0,67415.0
0.0,67516.0
0.0,67320.0
0.0,67519.0
0.0,67317.0
0.0,67516.0
0.0,67619.0
0.0,67388.0
0.0,67549.0
0.0,67082.0
0.0,67249.0
0.0,67361.0
0.0,67511.0
0.0,67827.0
0.0,68011.0
0.0,67889.0
0.0,67991.0
0.0,68113.0
0.0,67947.0
0.0,68083.0
0.0,68189.0
0.0,68292.0
0.0,68162.0
0.0,68275.0
0.0,68389.0
0.0,68517.0
0.0,68310.0
0.0,68497.0
0.0,68613.0
0.0,68317.0
0.0,68494.0
0.0,68688.0
0.0,68797.0
0.0,68918.0
0.0,68702.0
0.0,68903.0
0.0,69018.0
0.0,68817.0
0.0,68975.0
0.0,69079.0
0.0,69181.0
0.0,69302.0
0.0,69141.0
0.0,69250.0
0.0,69368.0
0.0,69266.0
0.0,69387.0
0.0,69515.0
0.0,69618.0
0.0,69460.0
0.0,69572.0
0.0,69700.0
0.0,69810.0
0.0,69911.0
0.0,70013.0
0.0,69819.0
0.0,69979.0
0.0,70104.0
0.0,69982.0
0.0,70092.0
0.0,70203.0
0.0,69486.0
0.0,69822.0
0.0,70205.0
0.0,70401.0
0.0,70519.0
0.0,70410.0
0.0,70287.0
0.0,70412.0
0.0,69612.0
0.0,70334.0
0.0,70506.0
0.0,70381.0
0.0,70517.0
0.0,70411.0
0.015643835067749023,70518.0
0.015643835067749023,70343.0
0.015643835067749023,70505.0
0.015643835067749023,70362.0
0.015643835067749023,70501.0
0.015643835067749023,70606.0
0.015643835067749023,70384.0
0.015643835067749023,70521.0
0.015643835067749023,70672.0
0.015643835067749023,69923.0
0.015643835067749023,70084.0
0.015643835067749023,70529.0
0.015643835067749023,70856.0
0.015643835067749023,71003.0
0.015643835067749023,70773.0
0.015643835067749023,70943.0
0.015643835067749023,71072.0
0.015643835067749023,71173.0
0.015643835067749023,71045.0
0.015643835067749023,71194.0
0.015643835067749023,71048.0
0.015643835067749023,71181.0
0.015643835067749023,71080.0
0.015643835067749023,71200.0
0.015643835067749023,71057.0
0.015643835067749023,71216.0
0.015643835067749023,70956.0
0.015643835067749023,71129.0
0.015643835067749023,70997.0
0.015643835067749023,70896.0
0.015643835067749023,71005.0
0.015643835067749023,71154.0
0.015643835067749023,71290.0
0.015643835067749023,71395.0
0.015643835067749023,71222.0
0.015643835067749023,71417.0
0.015643835067749023,71518.0
0.015643835067749023,71393.0
0.015643835067749023,70820.0
0.015643835067749023,71071.0
0.015643835067749023,71262.0
0.015643835067749023,71457.0
0.015643835067749023,71596.0
0.015643835067749023,71718.0
0.015643835067749023,71598.0
0.015643835067749023,71783.0
0.015643835067749023,71677.0
0.015643835067749023,71802.0
0.015643835067749023,71283.0
0.015643835067749023,71566.0
0.015643835067749023,71694.0
0.015643835067749023,71989.0
0.015643835067749023,72110.0
0.015643835067749023,71982.0
0.015643835067749023,72103.0
0.015643835067749023,72206.0
0.015643835067749023,72105.0
0.015643835067749023,72216.0
0.015643835067749023,71889.0
0.015643835067749023,72141.0
0.015643835067749023,72309.0
0.015643835067749023,72415.0
0.015643835067749023,71577.0
0.015643835067749023,71683.0
0.015643835067749023,71972.0
0.015643835067749023,72473.0
0.015643835067749023,72655.0
0.015643835067749023,72818.0
0.015643835067749023,72703.0
0.015643835067749023,72570.0
0.015643835067749023,72461.0
0.015643835067749023,72600.0
0.015643835067749023,72705.0
0.015643835067749023,72813.0
0.015643835067749023,72561.0
0.015643835067749023,72814.0
0.015643835067749023,72713.0
0.015643835067749023,72515.0
0.015643835067749023,72656.0
0.015643835067749023,72760.0
0.015643835067749023,72912.0
0.015643835067749023,72379.0
0.015643835067749023,72568.0
0.015643835067749023,72916.0
0.015643835067749023,73040.0
0.015643835067749023,73154.0
0.015643835067749023,73271.0
0.015643835067749023,73142.0
0.015643835067749023,73314.0
0.015643835067749023,73171.0
0.015643835067749023,73012.0
0.015643835067749023,73187.0
0.015643835067749023,73313.0
0.015643835067749023,73195.0
0.015643835067749023,73306.0
0.015643835067749023,73174.0
0.015643835067749023,73317.0
0.015643835067749023,73122.0
0.015643835067749023,73262.0
0.015643835067749023,73403.0
0.015643835067749023,73507.0
0.015643835067749023,72985.0
0.015643835067749023,73344.0
0.015643835067749023,73515.0
0.015643835067749023,73708.0
0.015643835067749023,73812.0
0.015643835067749023,72819.0
0.015643835067749023,73000.0
0.015643835067749023,73599.0
0.015643835067749023,73958.0
0.015643835067749023,73854.0
0.015643835067749023,73979.0
0.015643835067749023,73631.0
0.015643835067749023,73854.0
0.015643835067749023,74043.0
0.015643835067749023,74190.0
0.015643835067749023,74318.0
0.015643835067749023,74005.0
0.015643835067749023,74176.0
0.015643835067749023,74384.0
0.015643835067749023,74496.0
0.015643835067749023,74381.0
0.015643835067749023,74487.0
0.015643835067749023,74600.0
0.015643835067749023,74495.0
0.015643835067749023,74605.0
0.015643835067749023,74504.0
0.015643835067749023,74606.0
0.015643835067749023,74459.0
0.015643835067749023,74356.0
0.015643835067749023,74459.0
0.015643835067749023,74346.0
0.015643835067749023,74507.0
0.015643835067749023,74401.0
0.015643835067749023,74105.0
0.015643835067749023,73980.0
0.015643835067749023,74174.0
0.015643835067749023,74326.0
0.015643835067749023,74187.0
0.015643835067749023,74390.0
0.015643835067749023,74517.0
0.015643835067749023,74396.0
0.015643835067749023,74519.0
0.015643835067749023,74414.0
0.015643835067749023,74177.0
0.015643835067749023,74381.0
0.015643835067749023,74508.0
0.015643835067749023,74611.0
0.015643835067749023,74493.0
0.015643835067749023,74618.0
0.015643835067749023,74395.0
0.015643835067749023,74572.0
0.015643835067749023,74707.0
0.015643835067749023,74566.0
0.015643835067749023,74708.0
0.015643835067749023,74597.0
0.015643835067749023,74475.0
0.015643835067749023,74589.0
0.015643835067749023,74488.0
0.015643835067749023,74602.0
0.015643835067749023,74404.0
0.015643835067749023,74605.0
0.015643835067749023,74710.0
0.015643835067749023,74519.0
0.015643835067749023,74710.0
0.015643835067749023,74593.0
0.015643835067749023,74422.0
0.015643835067749023,74611.0
0.015643835067749023,74490.0
0.015643835067749023,74609.0
0.015643835067749023,74476.0
0.015643835067749023,74580.0
0.015643835067749023,74701.0
0.015643835067749023,74524.0
0.015643835067749023,74678.0
0.015643835067749023,74563.0
0.015643835067749023,74672.0
0.015643835067749023,74478.0
0.015643835067749023,74691.0
0.015643835067749023,74575.0
0.015643835067749023,74469.0
0.015643835067749023,74618.0
0.015643835067749023,74323.0
0.015643835067749023,74456.0
0.015643835067749023,74617.0
0.015643835067749023,74785.0
0.015643835067749023,73913.0
0.015643835067749023,74090.0
0.015643835067749023,74628.0
0.015643835067749023,74748.0
0.015643835067749023,74971.0
0.015643835067749023,75116.0
0.015643835067749023,75304.0
0.015643835067749023,75412.0
0.015643835067749023,75311.0
0.015643835067749023,75416.0
0.015643835067749023,75293.0
0.015643835067749023,75409.0
0.015643835067749023,75515.0
0.015643835067749023,75618.0
0.015643835067749023,75466.0
0.015643835067749023,75600.0
0.015643835067749023,75494.0
0.015643835067749023,75609.0
0.015643835067749023,75496.0
0.015643835067749023,75612.0
0.015643835067749023,75477.0
0.015643835067749023,75594.0
0.015643835067749023,75696.0
0.015643835067749023,75815.0
0.015643835067749023,75711.0
0.015643835067749023,75581.0
0.015643835067749023,75711.0
0.015643835067749023,75604.0
0.015643835067749023,75713.0
0.015643835067749023,75815.0
0.015643835067749023,75624.0
0.015643835067749023,75501.0
0.015643835067749023,75667.0
0.015643835067749023,75808.0
0.015643835067749023,75909.0
0.015643835067749023,75714.0
0.015643835067749023,75916.0
0.015643835067749023,75814.0
0.015643835067749023,75705.0
0.015643835067749023,75809.0
0.015643835067749023,75610.0
0.015643835067749023,75712.0
0.015643835067749023,75915.0
0.03176379203796387,75764.0
0.03176379203796387,75637.0
0.03176379203796387,75774.0
0.03176379203796387,75500.0
0.03176379203796387,75651.0
0.03176379203796387,75840.0
0.03176379203796387,76000.0
0.03176379203796387,75743.0
0.03176379203796387,75995.0
0.03176379203796387,75892.0
0.03176379203796387,76001.0
0.03176379203796387,75893.0
0.03176379203796387,75779.0
0.03176379203796387,75897.0
0.03176379203796387,75998.0
0.03176379203796387,75817.0
0.03176379203796387,75972.0
0.03176379203796387,76101.0
0.03176379203796387,76217.0
0.03176379203796387,76111.0
0.03176379203796387,76008.0
0.03176379203796387,76114.0
0.03176379203796387,76003.0
0.03176379203796387,76111.0
0.03176379203796387,75981.0
0.03176379203796387,76117.0
0.03176379203796387,76003.0
0.03176379203796387,75894.0
0.03176379203796387,76014.0
0.03176379203796387,75123.0
0.03176379203796387,75611.0
0.03176379203796387,75931.0
0.03176379203796387,76198.0
0.03176379203796387,76027.0
0.03176379203796387,75901.0
0.03176379203796387,76014.0
0.03176379203796387,75647.0
0.03176379203796387,76029.0
0.03176379203796387,75914.0
0.03176379203796387,76102.0
0.03176379203796387,75913.0
0.03176379203796387,76042.0
0.03176379203796387,76201.0
0.03176379203796387,75842.0
0.03176379203796387,76192.0
0.03176379203796387,76311.0
0.03176379203796387,75929.0
0.03176379203796387,76183.0
0.03176379203796387,76372.0
0.03176379203796387,76519.0
0.03176379203796387,76405.0
0.03176379203796387,76214.0
0.03176379203796387,75657.0
0.03176379203796387,75840.0
0.03176379203796387,76061.0
0.03176379203796387,76317.0
0.03176379203796387,76453.0
0.03176379203796387,76611.0
0.03176379203796387,76767.0
0.03176379203796387,76902.0
0.03176379203796387,76769.0
0.03176379203796387,76895.0
0.03176379203796387,77011.0
0.03176379203796387,76895.0
0.03176379203796387,76763.0
0.03176379203796387,76917.0
0.03176379203796387,76749.0
0.03176379203796387,76865.0
0.03176379203796387,76980.0
0.03176379203796387,77115.0
0.03176379203796387,76767.0
0.03176379203796387,77117.0
0.03176379203796387,77000.0
0.03176379203796387,76864.0
0.03176379203796387,77015.0
0.03176379203796387,76880.0
0.03176379203796387,76985.0
0.03176379203796387,77101.0
0.03176379203796387,76965.0
0.03176379203796387,77092.0
0.03176379203796387,76910.0
0.03176379203796387,77094.0
0.03176379203796387,77203.0
0.03176379203796387,77319.0
0.03176379203796387,76818.0
0.03176379203796387,77003.0
0.03176379203796387,77266.0
0.03176379203796387,77455.0
0.03176379203796387,77578.0
0.03176379203796387,77716.0
0.03176379203796387,77581.0
0.03176379203796387,77469.0
0.03176379203796387,77357.0
0.03176379203796387,77476.0
0.03176379203796387,77584.0
0.03176379203796387,77694.0
0.03176379203796387,77804.0
0.03176379203796387,77913.0
0.03176379203796387,77307.0
0.03176379203796387,77827.0
0.03176379203796387,77977.0
0.03176379203796387,77627.0
0.03176379203796387,77504.0
0.03176379203796387,77764.0
0.03176379203796387,77974.0
0.03176379203796387,77300.0
0.03176379203796387,77748.0
0.03176379203796387,78014.0
0.03176379203796387,78203.0
0.03176379203796387,78101.0
0.03176379203796387,77973.0
0.03176379203796387,78092.0
0.03176379203796387,78193.0
0.03176379203796387,78018.0
0.03176379203796387,78120.0
0.03176379203796387,78309.0
0.03176379203796387,78184.0
0.03176379203796387,77995.0
0.03176379203796387,77887.0
0.03176379203796387,78092.0
0.03176379203796387,78201.0
0.03176379203796387,78085.0
0.03176379203796387,78201.0
0.03176379203796387,78067.0
0.03176379203796387,77884.0
0.03176379203796387,77762.0
0.03176379203796387,77952.0
0.03176379203796387,78078.0
0.03176379203796387,78182.0
0.03176379203796387,78308.0
0.03176379203796387,78418.0
0.03176379203796387,78257.0
0.03176379203796387,78062.0
0.03176379203796387,78237.0
0.03176379203796387,78401.0
0.03176379203796387,78212.0
0.03176379203796387,78096.0
0.03176379203796387,78285.0
0.03176379203796387,78097.0
0.03176379203796387,78274.0
0.03176379203796387,78404.0
0.03176379203796387,78514.0
0.03176379203796387,78386.0
0.03176379203796387,77937.0
0.03176379203796387,77579.0
0.03176379203796387,78061.0
0.03176379203796387,78306.0
0.03176379203796387,78506.0
0.03176379203796387,78383.0
0.03176379203796387,78510.0
0.03176379203796387,78406.0
0.03176379203796387,78518.0
0.03176379203796387,78392.0
0.03176379203796387,78517.0
0.03176379203796387,78391.0
0.03176379203796387,78272.0
0.03176379203796387,78418.0
0.03176379203796387,78276.0
0.03176379203796387,78172.0
0.03176379203796387,78296.0
0.03176379203796387,78169.0
0.03176379203796387,78040.0
0.03176379203796387,78146.0
0.03176379203796387,78279.0
0.03176379203796387,78177.0
0.03176379203796387,78288.0
0.03176379203796387,78412.0
0.03176379203796387,78309.0
0.03176379203796387,78417.0
0.03176379203796387,78308.0
0.03176379203796387,78148.0
0.03176379203796387,78314.0
0.03176379203796387,78198.0
0.03176379203796387,78049.0
0.03176379203796387,78164.0
0.03176379203796387,78289.0
0.03176379203796387,78413.0
0.03176379203796387,78097.0
0.03176379203796387,78299.0
0.03176379203796387,78162.0
0.03176379203796387,78320.0
0.03176379203796387,78512.0
0.03176379203796387,78395.0
0.03176379203796387,78192.0
0.03176379203796387,78345.0
0.03176379203796387,78504.0
0.03176379203796387,78350.0
0.03176379203796387,78184.0
0.03176379203796387,78078.0
0.03176379203796387,78259.0
0.03176379203796387,78149.0
0.03176379203796387,78276.0
0.03176379203796387,78411.0
0.03176379203796387,78236.0
0.03176379203796387,77837.0
0.03176379203796387,78103.0
0.03176379203796387,78251.0
0.03176379203796387,78444.0
0.03176379203796387,78598.0
0.03176379203796387,78700.0
0.03176379203796387,78811.0
0.03176379203796387,78701.0
0.03176379203796387,78448.0
0.03176379203796387,78609.0
0.03176379203796387,78448.0
0.03176379203796387,78620.0
0.03176379203796387,78802.0
0.03176379203796387,78673.0
0.03176379203796387,78809.0
0.03176379203796387,78919.0
0.03176379203796387,78793.0
0.03176379203796387,78570.0
0.03176379203796387,78743.0
0.03176379203796387,78619.0
0.03176379203796387,78735.0
0.03176379203796387,78865.0
0.03176379203796387,79007.0
0.03176379203796387,78839.0
0.03176379203796387,78994.0
0.03176379203796387,78674.0
0.03176379203796387,78931.0
0.03176379203796387,79077.0
0.03176379203796387,79209.0
0.03176379203796387,79311.0
0.03176379203796387,79028.0
0.03176379203796387,79175.0
0.03176379203796387,79326.0
0.03176379203796387,79442.0
0.03176379203796387,79618.0
0.04737687110900879,79516.0
0.04737687110900879,79378.0
0.04737687110900879,79163.0
0.04737687110900879,79406.0
0.04737687110900879,79282.0
0.04737687110900879,79162.0
0.04737687110900879,79263.0
0.04737687110900879,79093.0
0.04737687110900879,79235.0
0.04737687110900879,79071.0
0.04737687110900879,79192.0
0.04737687110900879,79356.0
0.04737687110900879,79500.0
0.04737687110900879,79393.0
0.04737687110900879,79223.0
0.04737687110900879,79397.0
0.04737687110900879,79500.0
0.04737687110900879,79375.0
0.04737687110900879,79476.0
0.04737687110900879,79613.0
0.04737687110900879,79503.0
0.04737687110900879,79344.0
0.04737687110900879,79508.0
0.04737687110900879,79342.0
0.04737687110900879,79498.0
0.04737687110900879,79394.0
0.04737687110900879,79288.0
0.04737687110900879,79116.0
0.04737687110900879,79248.0
0.04737687110900879,79102.0
0.04737687110900879,79292.0
0.04737687110900879,79131.0
0.04737687110900879,79253.0
0.04737687110900879,79003.0
0.04737687110900879,79226.0
0.04737687110900879,79342.0
0.04737687110900879,79479.0
0.04737687110900879,79277.0
0.04737687110900879,79493.0
0.04737687110900879,79368.0
0.04737687110900879,79491.0
0.04737687110900879,79609.0
0.04737687110900879,79473.0
0.04737687110900879,79606.0
0.04737687110900879,79473.0
0.04737687110900879,79339.0
0.04737687110900879,79003.0
0.04737687110900879,79237.0
0.04737687110900879,79447.0
0.04737687110900879,79609.0
0.04737687110900879,79508.0
0.04737687110900879,79324.0
0.04737687110900879,79216.0
0.04737687110900879,79389.0
0.04737687110900879,79497.0
0.04737687110900879,79598.0
0.04737687110900879,79457.0
0.04737687110900879,79591.0
0.04737687110900879,79480.0
0.04737687110900879,79610.0
0.04737687110900879,79485.0
0.04737687110900879,79360.0
0.04737687110900879,79228.0
0.04737687110900879,79384.0
0.04737687110900879,78771.0
0.04737687110900879,79133.0
0.04737687110900879,79294.0
0.04737687110900879,79576.0
0.04737687110900879,79700.0
0.04737687110900879,79584.0
0.04737687110900879,79710.0
0.04737687110900879,79606.0
0.04737687110900879,79715.0
0.04737687110900879,79588.0
0.04737687110900879,79480.0
0.04737687110900879,79600.0
0.04737687110900879,79710.0
0.04737687110900879,79590.0
0.04737687110900879,79698.0
0.04737687110900879,79812.0
0.04737687110900879,79669.0
0.04737687110900879,79810.0
0.04737687110900879,79912.0
0.04737687110900879,79731.0
0.04737687110900879,79620.0
0.04737687110900879,79806.0
0.04737687110900879,79693.0
0.04737687110900879,79504.0
0.04737687110900879,79638.0
0.04737687110900879,79811.0
0.04737687110900879,79656.0
0.04737687110900879,79804.0
0.04737687110900879,79907.0
0.04737687110900879,79798.0
0.04737687110900879,79908.0
0.04737687110900879,79726.0
0.04737687110900879,79831.0
0.04737687110900879,79974.0
0.04737687110900879,79832.0
0.04737687110900879,79981.0
0.04737687110900879,80085.0
0.04737687110900879,80207.0
0.04737687110900879,80033.0
0.04737687110900879,80169.0
0.04737687110900879,80060.0
0.04737687110900879,79746.0
0.04737687110900879,79992.0
0.04737687110900879,80115.0
0.04737687110900879,79926.0
0.04737687110900879,80073.0
0.04737687110900879,80313.0
0.04737687110900879,80171.0
0.04737687110900879,80070.0
0.04737687110900879,80193.0
0.04737687110900879,79948.0
0.04737687110900879,80148.0
0.04737687110900879,80306.0
0.04737687110900879,80412.0
0.04737687110900879,80302.0
0.04737687110900879,80147.0
0.04737687110900879,80288.0
0.04737687110900879,80167.0
0.04737687110900879,80300.0
0.04737687110900879,80401.0
0.04737687110900879,80150.0
0.04737687110900879,80298.0
0.04737687110900879,80440.0
0.04737687110900879,80590.0
0.04737687110900879,80382.0
0.04737687110900879,80517.0
0.04737687110900879,80670.0
0.04737687110900879,80798.0
0.04737687110900879,80911.0
0.04737687110900879,80726.0
0.04737687110900879,80840.0
0.04737687110900879,81010.0
0.04737687110900879,80907.0
0.04737687110900879,81012.0
0.04737687110900879,80853.0
0.04737687110900879,81008.0
0.04737687110900879,81117.0
0.04737687110900879,80995.0
0.04737687110900879,81104.0
0.04737687110900879,81218.0
0.04737687110900879,81115.0
0.04737687110900879,80906.0
0.04737687110900879,80797.0
0.04737687110900879,80991.0
0.04737687110900879,80875.0
0.04737687110900879,80978.0
0.04737687110900879,81101.0
0.04737687110900879,80880.0
0.04737687110900879,81038.0
0.04737687110900879,81170.0
0.04737687110900879,81046.0
0.04737687110900879,81205.0
0.04737687110900879,80618.0
0.04737687110900879,81112.0
0.04737687110900879,81010.0
0.04737687110900879,81137.0
0.04737687110900879,81243.0
0.04737687110900879,81353.0
0.04737687110900879,81512.0
0.04737687110900879,81389.0
0.04737687110900879,81490.0
0.04737687110900879,81592.0
0.04737687110900879,81707.0
0.04737687110900879,81808.0
0.04737687110900879,81658.0
0.04737687110900879,81551.0
0.04737687110900879,81687.0
0.04737687110900879,81814.0
0.04737687110900879,81709.0
0.04737687110900879,81551.0
0.04737687110900879,81665.0
0.04737687110900879,81555.0
0.04737687110900879,81366.0
0.04737687110900879,81571.0
0.04737687110900879,81677.0
0.04737687110900879,81801.0
0.04737687110900879,81918.0
0.04737687110900879,81054.0
0.04737687110900879,81554.0
0.04737687110900879,81883.0
0.04737687110900879,82032.0
0.04737687110900879,82198.0
0.04737687110900879,82310.0
0.04737687110900879,82207.0
0.04737687110900879,82071.0
0.04737687110900879,82214.0
0.04737687110900879,82104.0
0.04737687110900879,82211.0
0.04737687110900879,82108.0
0.04737687110900879,82003.0
0.04737687110900879,81870.0
0.04737687110900879,81686.0
0.04737687110900879,81809.0
0.04737687110900879,81950.0
0.04737687110900879,82068.0
0.04737687110900879,81921.0
0.04737687110900879,81784.0
0.04737687110900879,81984.0
0.04737687110900879,81882.0
0.04737687110900879,82008.0
0.04737687110900879,81892.0
0.04737687110900879,81749.0
0.04737687110900879,81908.0
0.06299996376037598,81789.0
0.06299996376037598,81893.0
0.06299996376037598,81995.0
0.06299996376037598,81892.0
0.06299996376037598,81998.0
0.06299996376037598,81893.0
0.06299996376037598,82015.0
0.06299996376037598,81825.0
0.06299996376037598,82012.0
0.06299996376037598,81906.0
0.06299996376037598,82007.0
0.06299996376037598,82111.0
0.06299996376037598,82009.0
0.06299996376037598,81769.0
0.06299996376037598,81993.0
0.06299996376037598,81888.0
0.06299996376037598,81766.0
0.06299996376037598,81605.0
0.06299996376037598,81781.0
0.06299996376037598,81653.0
0.06299996376037598,81544.0
0.06299996376037598,81395.0
0.06299996376037598,81527.0
0.06299996376037598,81630.0
0.06299996376037598,81436.0
0.06299996376037598,81641.0
0.06299996376037598,81482.0
0.06299996376037598,81689.0
0.06299996376037598,81796.0
0.06299996376037598,81918.0
0.06299996376037598,81817.0
0.06299996376037598,81683.0
0.06299996376037598,81582.0
0.06299996376037598,81686.0
0.06299996376037598,81810.0
0.06299996376037598,81637.0
0.06299996376037598,81795.0
0.06299996376037598,81685.0
0.06299996376037598,81553.0
0.06299996376037598,81711.0
0.06299996376037598,81602.0
0.06299996376037598,81498.0
0.06299996376037598,81397.0
0.06299996376037598,80812.0
0.06299996376037598,81003.0
0.06299996376037598,81488.0
0.06299996376037598,81265.0
0.06299996376037598,81404.0
0.06299996376037598,81523.0
0.06299996376037598,81666.0
0.06299996376037598,81818.0
0.06299996376037598,81373.0
0.06299996376037598,81660.0
0.06299996376037598,81841.0
0.06299996376037598,81984.0
0.06299996376037598,82119.0
0.06299996376037598,82005.0
0.06299996376037598,82115.0
0.06299996376037598,82006.0
0.06299996376037598,81819.0
0.06299996376037598,81922.0
0.06299996376037598,82086.0
0.06299996376037598,81931.0
0.06299996376037598,82078.0
0.06299996376037598,82185.0
0.06299996376037598,82302.0
0.06299996376037598,82417.0
0.06299996376037598,82157.0
0.06299996376037598,82036.0
0.06299996376037598,82274.0
0.06299996376037598,82160.0
0.06299996376037598,82275.0
0.06299996376037598,82387.0
0.06299996376037598,82518.0
0.06299996376037598,82294.0
0.06299996376037598,82458.0
0.06299996376037598,81912.0
0.06299996376037598,82320.0
0.06299996376037598,82610.0
0.06299996376037598,82408.0
0.06299996376037598,82553.0
0.06299996376037598,82405.0
0.06299996376037598,82516.0
0.06299996376037598,82670.0
0.06299996376037598,82546.0
0.06299996376037598,82350.0
0.06299996376037598,82500.0
0.06299996376037598,82712.0
0.06299996376037598,82548.0
0.06299996376037598,82676.0
0.06299996376037598,82809.0
0.06299996376037598,82621.0
0.06299996376037598,82743.0
0.06299996376037598,82867.0
0.06299996376037598,82740.0
0.06299996376037598,82626.0
0.06299996376037598,82762.0
0.06299996376037598,82880.0
0.06299996376037598,82981.0
0.06299996376037598,83119.0
0.06299996376037598,82025.0
0.06299996376037598,83042.0
0.06299996376037598,83146.0
0.06299996376037598,83289.0
0.06299996376037598,83407.0
0.06299996376037598,83285.0
0.06299996376037598,83392.0
0.06299996376037598,83245.0
0.06299996376037598,83362.0
0.06299996376037598,83519.0
0.06299996376037598,83411.0
0.06299996376037598,83287.0
0.06299996376037598,83388.0
0.06299996376037598,83500.0
0.06299996376037598,83601.0
0.06299996376037598,83484.0
0.06299996376037598,83615.0
0.06299996376037598,83507.0
0.06299996376037598,83318.0
0.06299996376037598,83202.0
0.06299996376037598,83044.0
0.06299996376037598,83289.0
0.06299996376037598,83413.0
0.06299996376037598,83299.0
0.06299996376037598,83176.0
0.06299996376037598,83319.0
0.06299996376037598,83158.0
0.06299996376037598,83310.0
0.06299996376037598,83190.0
0.06299996376037598,83053.0
0.06299996376037598,83188.0
0.06299996376037598,83307.0
0.06299996376037598,83409.0
0.06299996376037598,83282.0
0.06299996376037598,83415.0
0.06299996376037598,83148.0
0.06299996376037598,83354.0
0.06299996376037598,83459.0
0.06299996376037598,83358.0
0.06299996376037598,83493.0
0.06299996376037598,83388.0
0.06299996376037598,83498.0
0.06299996376037598,82970.0
0.06299996376037598,83322.0
0.06299996376037598,83550.0
0.06299996376037598,83448.0
0.06299996376037598,83287.0
0.06299996376037598,83396.0
0.06299996376037598,83573.0
0.06299996376037598,83421.0
0.06299996376037598,83604.0
0.06299996376037598,82888.0
0.06299996376037598,83226.0
0.06299996376037598,83536.0
0.06299996376037598,83742.0
0.06299996376037598,83902.0
0.06299996376037598,83759.0
0.06299996376037598,83917.0
0.06299996376037598,83754.0
0.06299996376037598,83618.0
0.06299996376037598,83769.0
0.06299996376037598,83911.0
0.06299996376037598,83790.0
0.06299996376037598,83689.0
0.06299996376037598,83587.0
0.06299996376037598,83698.0
0.06299996376037598,83548.0
0.06299996376037598,83679.0
0.06299996376037598,83819.0
0.06299996376037598,83659.0
0.06299996376037598,83788.0
0.06299996376037598,83901.0
0.06299996376037598,83729.0
0.06299996376037598,83917.0
0.06299996376037598,83784.0
0.06299996376037598,83919.0
0.06299996376037598,83772.0
0.06299996376037598,83876.0
0.06299996376037598,83724.0
0.06299996376037598,83891.0
0.06299996376037598,83787.0
0.06299996376037598,83903.0
0.07862353324890137,83758.0
0.07862353324890137,83642.0
0.07862353324890137,83789.0
0.07862353324890137,83683.0
0.07862353324890137,83420.0
0.07862353324890137,83522.0
0.07862353324890137,83746.0
0.07862353324890137,83866.0
0.07862353324890137,84008.0
0.07862353324890137,83873.0
0.07862353324890137,83989.0
0.07862353324890137,83871.0
0.07862353324890137,84007.0
0.07862353324890137,84113.0
0.07862353324890137,83959.0
0.07862353324890137,84101.0
0.07862353324890137,83992.0
0.07862353324890137,84111.0
0.07862353324890137,84007.0
0.07862353324890137,83891.0
0.07862353324890137,83999.0
0.07862353324890137,84115.0
0.07862353324890137,83991.0
0.07862353324890137,84117.0
0.07862353324890137,84013.0
0.07862353324890137,83890.0
0.07862353324890137,84017.0
0.07862353324890137,83876.0
0.07862353324890137,83996.0
0.07862353324890137,83884.0
0.07862353324890137,83769.0
0.07862353324890137,83899.0
0.07862353324890137,84000.0
0.07862353324890137,83891.0
0.07862353324890137,83998.0
0.07862353324890137,84107.0
0.07862353324890137,84216.0
0.07862353324890137,84069.0
0.07862353324890137,83941.0
0.07862353324890137,83837.0
0.07862353324890137,83992.0
0.07862353324890137,84103.0
0.07862353324890137,84218.0
0.07862353324890137,84060.0
0.07862353324890137,84190.0
0.07862353324890137,83782.0
0.07862353324890137,84124.0
0.07862353324890137,84256.0
0.07862353324890137,84359.0
0.07862353324890137,84237.0
0.07862353324890137,84126.0
0.07862353324890137,84280.0
0.07862353324890137,84140.0
0.07862353324890137,84257.0
0.07862353324890137,84145.0
0.07862353324890137,84314.0
0.07862353324890137,84150.0
0.07862353324890137,84007.0
0.07862353324890137,84168.0
0.07862353324890137,84310.0
0.07862353324890137,84419.0
0.07862353324890137,84309.0
0.07862353324890137,84142.0
0.07862353324890137,83961.0
0.07862353324890137,84128.0
0.07862353324890137,83993.0
0.07862353324890137,84120.0
0.07862353324890137,84260.0
0.07862353324890137,84150.0
0.07862353324890137,83943.0
0.07862353324890137,84110.0
0.07862353324890137,84272.0
0.07862353324890137,84122.0
0.07862353324890137,84305.0
0.07862353324890137,84198.0
0.07862353324890137,84085.0
0.07862353324890137,83937.0
0.07862353324890137,84112.0
0.07862353324890137,83993.0
0.07862353324890137,84097.0
0.07862353324890137,84219.0
0.07862353324890137,84047.0
0.07862353324890137,84153.0
0.07862353324890137,84286.0
0.07862353324890137,84414.0
0.07862353324890137,84299.0
0.07862353324890137,84187.0
0.07862353324890137,84301.0
0.07862353324890137,84406.0
0.07862353324890137,84280.0
0.07862353324890137,84161.0
0.07862353324890137,84303.0
0.07862353324890137,84413.0
0.07862353324890137,84263.0
0.07862353324890137,84409.0
0.07862353324890137,84511.0
0.07862353324890137,84404.0
0.07862353324890137,84264.0
0.07862353324890137,84115.0
0.07862353324890137,84251.0
0.07862353324890137,84417.0
0.07862353324890137,84256.0
0.07862353324890137,84385.0
0.07862353324890137,84488.0
0.07862353324890137,84297.0
0.07862353324890137,84447.0
0.07862353324890137,84596.0
0.07862353324890137,84715.0
0.07862353324890137,84816.0
0.07862353324890137,84650.0
0.07862353324890137,84800.0
0.07862353324890137,84643.0
0.07862353324890137,84744.0
0.07862353324890137,84907.0
0.07862353324890137,84798.0
0.07862353324890137,84683.0
0.07862353324890137,84566.0
0.07862353324890137,84683.0
0.07862353324890137,84543.0
0.07862353324890137,84714.0
0.07862353324890137,84605.0
0.07862353324890137,84490.0
0.07862353324890137,84606.0
0.07862353324890137,84256.0
0.07862353324890137,84419.0
0.07862353324890137,84643.0
0.07862353324890137,84770.0
0.07862353324890137,84888.0
0.07862353324890137,84746.0
0.07862353324890137,84907.0
0.07862353324890137,84787.0
0.07862353324890137,84912.0
0.07862353324890137,85018.0
0.07862353324890137,84842.0
0.07862353324890137,84691.0
0.07862353324890137,84837.0
0.07862353324890137,84722.0
0.07862353324890137,84881.0
0.07862353324890137,84743.0
0.07862353324890137,84870.0
0.07862353324890137,84756.0
0.07862353324890137,84235.0
0.07862353324890137,84439.0
0.07862353324890137,84847.0
0.07862353324890137,84986.0
0.07862353324890137,84880.0
0.07862353324890137,84996.0
0.07862353324890137,84841.0
0.07862353324890137,85001.0
0.07862353324890137,85110.0
0.07862353324890137,84968.0
0.07862353324890137,85095.0
0.09424662590026855,85218.0
0.09424662590026855,85054.0
0.09424662590026855,85190.0
0.09424662590026855,85074.0
0.09424662590026855,85214.0
0.09424662590026855,85315.0
0.09424662590026855,85174.0
0.09575581550598145,85315.0
0.09575581550598145,85091.0
0.09575581550598145,85205.0
0.09575581550598145,85407.0
0.09575581550598145,85055.0
0.09575581550598145,85176.0
0.09575581550598145,85406.0
0.09575581550598145,85304.0
0.09575581550598145,85489.0
0.09575581550598145,85612.0
0.09575581550598145,85270.0
0.09575581550598145,85572.0
0.09575581550598145,85718.0
0.09575581550598145,85586.0
0.09575581550598145,85152.0
0.09575581550598145,85601.0
0.09575581550598145,85500.0
0.09575581550598145,85388.0
0.09575581550598145,85493.0
0.09575581550598145,85388.0
0.09575581550598145,85287.0
0.09575581550598145,85161.0
0.09575581550598145,85055.0
0.09575581550598145,85211.0
0.09575581550598145,85314.0
0.09575581550598145,85193.0
0.09575581550598145,85001.0
0.09575581550598145,85168.0
0.09575581550598145,85063.0
0.09575581550598145,84958.0
0.09575581550598145,84807.0
0.09575581550598145,85001.0
0.09575581550598145,85116.0
0.09575581550598145,85014.0
0.09575581550598145,84900.0
0.09575581550598145,84793.0
0.09575581550598145,84677.0
0.09575581550598145,84524.0
0.09575581550598145,84627.0
0.09575581550598145,84503.0
0.09575581550598145,84644.0
0.09575581550598145,84760.0
0.09575581550598145,84909.0
0.09575581550598145,85016.0
0.09575581550598145,84819.0
0.09575581550598145,84965.0
0.09575581550598145,84860.0
0.09575581550598145,85007.0
0.09575581550598145,84860.0
0.09575581550598145,85010.0
0.09575581550598145,84834.0
0.09575581550598145,85005.0
0.09575581550598145,84890.0
0.09575581550598145,85004.0
0.09575581550598145,84877.0
0.09575581550598145,84978.0
0.09575581550598145,84853.0
0.09575581550598145,84994.0
0.09575581550598145,84867.0
0.09575581550598145,84764.0
0.09575581550598145,84872.0
0.09575581550598145,84982.0
0.09575581550598145,85104.0
0.09575581550598145,85214.0
0.09575581550598145,85315.0
0.09575581550598145,85179.0
0.09575581550598145,85311.0
0.09575581550598145,85199.0
0.09575581550598145,85079.0
0.09575581550598145,84890.0
0.09575581550598145,84697.0
0.09575581550598145,85012.0
0.09575581550598145,84903.0
0.09575581550598145,85007.0
0.09575581550598145,84863.0
0.09575581550598145,85017.0
0.09575581550598145,84909.0
0.09575581550598145,84753.0
0.09575581550598145,84893.0
0.09575581550598145,85013.0
0.09575581550598145,84895.0
0.09575581550598145,85009.0
0.09575581550598145,84863.0
0.09575581550598145,84607.0
0.09575581550598145,84915.0
0.09575581550598145,84788.0
0.09575581550598145,84903.0
0.09575581550598145,84775.0
0.09575581550598145,84908.0
0.09575581550598145,84768.0
0.09575581550598145,84580.0
0.09575581550598145,84788.0
0.09575581550598145,84905.0
0.09575581550598145,85019.0
0.09575581550598145,84795.0
0.09575581550598145,84897.0
0.09575581550598145,84787.0
0.09575581550598145,85004.0
0.09575581550598145,84903.0
0.09575581550598145,84800.0
0.09575581550598145,84668.0
0.09575581550598145,84502.0
0.09575581550598145,84707.0
0.09575581550598145,84813.0
0.09575581550598145,84643.0
0.09575581550598145,84325.0
0.09575581550598145,84555.0
0.09575581550598145,84761.0
0.09575581550598145,84881.0
0.09575581550598145,84773.0
0.09575581550598145,84900.0
0.09575581550598145,85015.0
0.09575581550598145,84890.0
0.09575581550598145,85011.0
0.09575581550598145,84881.0
0.09575581550598145,84983.0
0.09575581550598145,84821.0
0.11026167869567871,84970.0
0.11026167869567871,84856.0
0.11026167869567871,84745.0
0.11026167869567871,84877.0
0.11026167869567871,84993.0
0.11026167869567871,85112.0
0.11026167869567871,85002.0
0.11026167869567871,84608.0
0.11026167869567871,84505.0
0.11026167869567871,84772.0
0.11026167869567871,84662.0
0.11026167869567871,84795.0
0.11026167869567871,84998.0
0.11026167869567871,85107.0
0.11026167869567871,85005.0
0.11026167869567871,84864.0
0.11026167869567871,84983.0
0.11026167869567871,85114.0
0.11026167869567871,84995.0
0.11026167869567871,84880.0
0.11026167869567871,84989.0
0.11026167869567871,85110.0
0.11026167869567871,84960.0
0.11026167869567871,85068.0
0.11026167869567871,85204.0
0.11026167869567871,85305.0
0.11026167869567871,85191.0
0.11026167869567871,85069.0
0.11026167869567871,85180.0
0.11026167869567871,85037.0
0.11026167869567871,85189.0
0.11026167869567871,85299.0
0.11026167869567871,85141.0
0.11026167869567871,85030.0
0.11026167869567871,85176.0
0.11026167869567871,85040.0
0.11026167869567871,85197.0
0.11026167869567871,85306.0
0.11026167869567871,85150.0
0.11026167869567871,85273.0
0.11026167869567871,85374.0
0.11026167869567871,85496.0
0.11026167869567871,85613.0
0.11026167869567871,85719.0
0.11026167869567871,85615.0
0.11026167869567871,85498.0
0.11026167869567871,85612.0
0.11026167869567871,85497.0
0.11026167869567871,85350.0
0.11026167869567871,85496.0
0.11026167869567871,85350.0
0.11026167869567871,85489.0
0.11026167869567871,85343.0
0.11026167869567871,85212.0
0.11026167869567871,85392.0
0.11026167869567871,85498.0
0.11026167869567871,85379.0
0.11026167869567871,85258.0
0.11026167869567871,85410.0
0.11026167869567871,85227.0
0.11026167869567871,85415.0
0.11026167869567871,85288.0
0.11026167869567871,85171.0
0.11026167869567871,85316.0
0.11026167869567871,85196.0
0.11026167869567871,85093.0
0.11026167869567871,84941.0
0.11026167869567871,84803.0
0.11026167869567871,84995.0
0.11026167869567871,84873.0
0.11026167869567871,84651.0
0.11026167869567871,84852.0
0.11026167869567871,85003.0
0.11026167869567871,84880.0
0.11026167869567871,84650.0
0.11026167869567871,84888.0
0.11026167869567871,85005.0
0.11026167869567871,84863.0
0.11026167869567871,84692.0
0.11026167869567871,84892.0
0.11026167869567871,85016.0
0.11026167869567871,85119.0
0.11026167869567871,84991.0
0.11026167869567871,85113.0
0.11026167869567871,84992.0
0.11026167869567871,84853.0
0.11026167869567871,84998.0
0.11026167869567871,85104.0
0.11026167869567871,85207.0
0.11026167869567871,85106.0
0.11026167869567871,84905.0
0.11026167869567871,85051.0
0.11026167869567871,85189.0
0.11026167869567871,85290.0
0.11026167869567871,85132.0
0.11026167869567871,85289.0
0.11026167869567871,85417.0
0.11026167869567871,85282.0
0.11026167869567871,85410.0
0.11026167869567871,85243.0
0.11026167869567871,85411.0
0.11026167869567871,85234.0
0.11026167869567871,85067.0
0.11026167869567871,85261.0
0.11026167869567871,85409.0
0.11026167869567871,85232.0
0.11026167869567871,85345.0
0.11026167869567871,85229.0
0.11026167869567871,85390.0
0.11026167869567871,85502.0
0.12588810920715332,85612.0
0.12588810920715332,85453.0
0.12588810920715332,85296.0
0.12588810920715332,85182.0
0.12588810920715332,85380.0
0.12588810920715332,85226.0
0.12588810920715332,85102.0
0.12588810920715332,85310.0
0.12588810920715332,85418.0
0.12588810920715332,85310.0
0.12588810920715332,85206.0
0.12588810920715332,85092.0
0.12588810920715332,85212.0
0.12588810920715332,85111.0
0.12588810920715332,84991.0
0.12588810920715332,85110.0
0.12588810920715332,85214.0
0.12588810920715332,85097.0
0.12588810920715332,85206.0
0.12588810920715332,85060.0
0.12588810920715332,85212.0
0.12588810920715332,85102.0
0.12588810920715332,85210.0
0.12588810920715332,84965.0
0.12588810920715332,85203.0
0.12588810920715332,85305.0
0.12588810920715332,85419.0
0.12588810920715332,85290.0
0.12588810920715332,85415.0
0.12588810920715332,85273.0
0.12588810920715332,85383.0
0.12588810920715332,85499.0
0.12588810920715332,85600.0
0.12588810920715332,85717.0
0.12588810920715332,85615.0
0.12588810920715332,85478.0
0.12588810920715332,85372.0
0.12588810920715332,85515.0
0.12588810920715332,85368.0
0.12588810920715332,85209.0
0.12588810920715332,85101.0
0.12588810920715332,85267.0
0.12588810920715332,85388.0
0.12588810920715332,85507.0
0.12588810920715332,85369.0
0.12588810920715332,85498.0
0.12588810920715332,85392.0
0.12588810920715332,85033.0
0.12588810920715332,85162.0
0.12588810920715332,85471.0
0.12588810920715332,85611.0
0.12588810920715332,85484.0
0.12588810920715332,85602.0
0.12588810920715332,85707.0
0.12588810920715332,85813.0
0.12588810920715332,85621.0
0.12588810920715332,85765.0
0.12588810920715332,85870.0
0.12588810920715332,86019.0
0.12588810920715332,85865.0
0.12588810920715332,85981.0
0.12588810920715332,86113.0
0.12588810920715332,85912.0
0.12588810920715332,86027.0
0.12588810920715332,86196.0
0.12588810920715332,86093.0
0.12588810920715332,86208.0
0.12588810920715332,86107.0
0.12588810920715332,85975.0
0.12588810920715332,85835.0
0.12588810920715332,86005.0
0.12588810920715332,85865.0
0.12588810920715332,85679.0
0.12588810920715332,85784.0
0.12588810920715332,85952.0
0.12588810920715332,86098.0
0.12588810920715332,86219.0
0.12588810920715332,86098.0
0.12588810920715332,85913.0
0.12588810920715332,86060.0
0.12588810920715332,86161.0
0.12588810920715332,86302.0
0.12588810920715332,86412.0
0.12588810920715332,86289.0
0.12588810920715332,86411.0
0.12588810920715332,86513.0
0.12588810920715332,86392.0
0.12588810920715332,86519.0
0.12588810920715332,86403.0
0.12588810920715332,86290.0
0.12588810920715332,86403.0
0.12588810920715332,86280.0
0.1415109634399414,86141.0
0.1415109634399414,86314.0
0.1415109634399414,86173.0
0.1415109634399414,86067.0
0.1415109634399414,85966.0
0.1415109634399414,86098.0
0.1415109634399414,85997.0
0.1415109634399414,86102.0
0.1415109634399414,85953.0
0.1415109634399414,86070.0
0.1415109634399414,86208.0
0.1415109634399414,86103.0
0.1415109634399414,86002.0
0.1415109634399414,86118.0
0.1415109634399414,85996.0
0.1415109634399414,86101.0
0.1415109634399414,86217.0
0.1415109634399414,86102.0
0.1415109634399414,85999.0
0.1415109634399414,85889.0
0.1415109634399414,85686.0
0.1415109634399414,85896.0
0.1415109634399414,86013.0
0.1415109634399414,85868.0
0.1415109634399414,85718.0
0.1415109634399414,85873.0
0.1415109634399414,85989.0
0.1415109634399414,86115.0
0.1415109634399414,86011.0
0.1415109634399414,86112.0
0.1415109634399414,86219.0
0.1415109634399414,86056.0
0.1415109634399414,86159.0
0.1415109634399414,86275.0
0.1415109634399414,86165.0
0.1415109634399414,86295.0
0.1415109634399414,86179.0
0.1415109634399414,86050.0
0.1415109634399414,86184.0
0.1415109634399414,86293.0
0.1415109634399414,86398.0
0.1415109634399414,86504.0
0.1415109634399414,86403.0
0.1415109634399414,86251.0
0.1415109634399414,86400.0
0.1415109634399414,86510.0
0.1415109634399414,86337.0
0.1415109634399414,86487.0
0.1415109634399414,86371.0
0.1415109634399414,86511.0
0.1415109634399414,86615.0
0.1415109634399414,86451.0
0.1415109634399414,86601.0
0.1415109634399414,86717.0
0.1415109634399414,86594.0
0.1415109634399414,86477.0
0.1415109634399414,86598.0
0.1415109634399414,86448.0
0.1415109634399414,86595.0
0.1415109634399414,86699.0
0.1415109634399414,86803.0
0.1415109634399414,86914.0
0.1415109634399414,86798.0
0.1415109634399414,86915.0
0.1415109634399414,86788.0
0.1415109634399414,86916.0
0.1415109634399414,86797.0
0.1415109634399414,86898.0
0.1415109634399414,86768.0
0.1415109634399414,86908.0
0.1415109634399414,86804.0
0.1415109634399414,86918.0
0.1415109634399414,86603.0
0.1415109634399414,86778.0
0.1415109634399414,87012.0
0.1415109634399414,86911.0
0.1415109634399414,86778.0
0.1415109634399414,86918.0
0.1415109634399414,86788.0
0.1415109634399414,86683.0
0.1415109634399414,86577.0
0.1415109634399414,86710.0
0.1415109634399414,86579.0
0.1415109634399414,86708.0
0.1415109634399414,86586.0
0.1415109634399414,86691.0
0.1415109634399414,86810.0
0.1415109634399414,86708.0
0.1571342945098877,86594.0
0.1571342945098877,86473.0
0.1571342945098877,86615.0
0.1571342945098877,86463.0
0.1571342945098877,86571.0
0.1571342945098877,86714.0
0.1571342945098877,86816.0
0.1571342945098877,86688.0
0.1571342945098877,86819.0
0.1571342945098877,86684.0
0.1571342945098877,86798.0
0.1571342945098877,86917.0
0.1571342945098877,86782.0
0.1571342945098877,86918.0
0.1571342945098877,86808.0
0.1571342945098877,86698.0
0.1571342945098877,86813.0
0.1571342945098877,86710.0
0.1571342945098877,86566.0
0.1571342945098877,86718.0
0.1571342945098877,86561.0
0.1571342945098877,86716.0
0.1571342945098877,86607.0
0.1571342945098877,86499.0
0.1571342945098877,86619.0
0.1571342945098877,86463.0
0.1571342945098877,86602.0
0.1571342945098877,86501.0
0.1571342945098877,86610.0
0.1571342945098877,86475.0
0.1571342945098877,86582.0
0.1571342945098877,86719.0
0.1571342945098877,86586.0
0.1571342945098877,86691.0
0.1571342945098877,86792.0
0.1571342945098877,86907.0
0.1571342945098877,86804.0
0.1571342945098877,86687.0
0.1571342945098877,86808.0
0.1571342945098877,86706.0
0.1571342945098877,86808.0
0.1571342945098877,86917.0
0.1571342945098877,86772.0
0.1571342945098877,86915.0
0.1571342945098877,86753.0
0.1571342945098877,86904.0
0.17275786399841309,86749.0
0.17275786399841309,86648.0
0.17275786399841309,86762.0
0.17275786399841309,86865.0
0.17275786399841309,86981.0
0.17275786399841309,87097.0
0.17275786399841309,87211.0
0.17275786399841309,87319.0
0.17275786399841309,87171.0
0.17275786399841309,87288.0
0.17275786399841309,87166.0
0.17275786399841309,87283.0
0.17275786399841309,87388.0
0.17275786399841309,87515.0
0.17275786399841309,87388.0
0.17275786399841309,87502.0
0.17275786399841309,87372.0
0.17275786399841309,87504.0
0.17275786399841309,87618.0
0.17275786399841309,87459.0
0.17275786399841309,87354.0
0.17275786399841309,87508.0
0.17275786399841309,87323.0
0.17275786399841309,87474.0
0.17275786399841309,87616.0
0.17275786399841309,87499.0
0.17275786399841309,87614.0
0.17275786399841309,87497.0
0.17275786399841309,87617.0
0.17275786399841309,87476.0
0.17275786399841309,87600.0
0.17275786399841309,87486.0
0.17275786399841309,87614.0
0.17275786399841309,87498.0
0.17275786399841309,87613.0
0.17275786399841309,87490.0
0.17275786399841309,87592.0
0.17275786399841309,87714.0
0.17275786399841309,87605.0
0.17275786399841309,87501.0
0.17275786399841309,87602.0
0.17275786399841309,87500.0
0.17275786399841309,87619.0
0.17275786399841309,87504.0
0.17275786399841309,87386.0
0.17275786399841309,87285.0
0.17275786399841309,87386.0
0.17275786399841309,87507.0
0.17275786399841309,87615.0
0.17275786399841309,87464.0
0.17275786399841309,87613.0
0.17275786399841309,87716.0
0.17275786399841309,87614.0
0.18866467475891113,87510.0
0.18866467475891113,87616.0
0.18866467475891113,87515.0
0.18866467475891113,87618.0
0.18866467475891113,87511.0
0.18866467475891113,87612.0
0.18866467475891113,87500.0
0.18866467475891113,87390.0
0.18866467475891113,87517.0
0.18866467475891113,87412.0
0.18866467475891113,87285.0
0.18866467475891113,87180.0
0.18866467475891113,87302.0
0.18866467475891113,87410.0
0.18866467475891113,87291.0
0.18866467475891113,87114.0
0.18866467475891113,87250.0
0.18866467475891113,87400.0
0.18866467475891113,87271.0
0.18866467475891113,87373.0
0.18866467475891113,87489.0
0.19588661193847656,87599.0
0.19588661193847656,87456.0
0.19588661193847656,87588.0
0.19588661193847656,87695.0
0.19588661193847656,87805.0
0.19588661193847656,87672.0
0.19588661193847656,87811.0
0.19588661193847656,87691.0
0.19588661193847656,87815.0
0.19588661193847656,87919.0
0.19588661193847656,87800.0
0.19588661193847656,87669.0
0.19588661193847656,87791.0
0.19588661193847656,87892.0
0.19588661193847656,88004.0
0.19588661193847656,88119.0
0.2046668529510498,88003.0
0.2046668529510498,87894.0
0.2046668529510498,88006.0
0.2046668529510498,88111.0
0.2207179069519043,88212.0
0.2207179069519043,88106.0
0.2207179069519043,88210.0
0.2207179069519043,88094.0
0.2207179069519043,87979.0
0.2207179069519043,88111.0
0.2207179069519043,88219.0
0.2207179069519043,88103.0
0.2207179069519043,88217.0
0.2207179069519043,88109.0
0.2207179069519043,87990.0
0.2207179069519043,88117.0
0.2207179069519043,88010.0
0.2207179069519043,88111.0
0.2207179069519043,88006.0
0.2207179069519043,88114.0
0.2207179069519043,88219.0
0.23681926727294922,88111.0
0.23681926727294922,88219.0
0.23681926727294922,88116.0
0.23681926727294922,88218.0
0.23681926727294922,88116.0
0.23681926727294922,88218.0
0.23681926727294922,88110.0
0.23681926727294922,88218.0
0.23681926727294922,88111.0
0.23681926727294922,87986.0
0.23681926727294922,88095.0
0.23681926727294922,88213.0
0.23681926727294922,88059.0
0.23681926727294922,88192.0
0.23681926727294922,88304.0
0.25263500213623047,88152.0
0.25263500213623047,88296.0
0.25263500213623047,88397.0
0.25263500213623047,88501.0
0.25263500213623047,88390.0
0.25263500213623047,88504.0
0.25263500213623047,88362.0
0.25263500213623047,88479.0
0.25263500213623047,88604.0
0.25263500213623047,88713.0
0.25263500213623047,88817.0
0.25263500213623047,88688.0
0.25263500213623047,88804.0
0.25263500213623047,88917.0
0.25263500213623047,89019.0
0.25263500213623047,88911.0
0.26964402198791504,89016.0
0.26964402198791504,89117.0
0.3007678985595703,89014.0
0.3007678985595703,88863.0
0.3007678985595703,89019.0
0.3007678985595703,88911.0
0.3007678985595703,89017.0
0.3325614929199219,88916.0
0.3325614929199219,89019.0
0.36416196823120117,88916.0
0.3849680423736572,89018.0
0.39885544776916504,89119.0
