0.0,30033.0
0.0,30170.0
0.0,30276.0
0.0,30400.0
0.0,30505.0
0.0,30404.0
0.0,30005.0
0.0,30381.0
0.0,30496.0
0.0,30390.0
0.0,30500.0
0.0,29445.0
0.0,30227.0
0.0,30504.0
0.0,30648.0
0.0,30801.0
0.0,30903.0
0.0,30794.0
0.0,30901.0
0.0,30624.0
0.0,30771.0
0.0,30874.0
0.0,31095.0
0.0,30874.0
0.0,30990.0
0.0,31144.0
0.0,31260.0
0.0,31376.0
0.0,31493.0
0.0,31596.0
0.0,31698.0
0.0,31000.0
0.0,31499.0
0.0,31788.0
0.0,31890.0
0.0,31753.0
0.0,31583.0
0.0,31726.0
0.0,31849.0
0.0,31968.0
0.0,31825.0
0.0,31962.0
0.0,31859.0
0.0,31965.0
0.0,32081.0
0.0,32186.0
0.0,31948.0
0.0,32194.0
0.0,32304.0
0.0,31967.0
0.0,32164.0
0.0,32315.0
0.0,32464.0
0.0,32591.0
0.0,32488.0
0.0,32054.0
0.0,32414.0
0.0,31681.0
0.0,31821.0
0.0,32139.0
0.0,32424.0
0.0,32749.0
0.0,32889.0
0.0,32992.0
0.0,32869.0
0.0,32991.0
0.0,32889.0
0.0,32997.0
0.0,32881.0
0.0,32997.0
0.0,32881.0
0.0,32738.0
0.0,32890.0
0.0,32565.0
0.0,32880.0
0.0,32983.0
0.0,32873.0
0.0,32977.0
0.0,32875.0
0.0,32768.0
0.0,32019.0
0.0,32622.0
0.0,32800.0
0.0,32999.0
0.0,32084.0
0.0,32489.0
0.0,32386.0
0.0,32779.0
0.0,33060.0
0.0,33201.0
0.0,33096.0
0.0,32992.0
0.0,33100.0
0.0,32567.0
0.0,32046.0
0.0,32451.0
0.0,32801.0
0.0,32956.0
0.0,33201.0
0.0,33329.0
0.0,33453.0
0.0,33581.0
0.0,33233.0
0.0,33417.0
0.0,33646.0
0.0,33778.0
0.0,33533.0
0.0,33746.0
0.0,33896.0
0.0,33999.0
0.0,33647.0
0.0,33886.0
0.0,34012.0
0.0,34131.0
0.0,34297.0
0.0,34402.0
0.0,33856.0
0.0,34322.0
0.0,34473.0
0.0,34358.0
0.0,34477.0
0.0,34353.0
0.0,34504.0
0.0,34376.0
0.0,34087.0
0.0,34332.0
0.0,34479.0
0.0,34583.0
0.0,34467.0
0.0,34591.0
0.0,34487.0
0.0,34594.0
0.0,34244.0
0.0,34596.0
0.0,34480.0
0.0,34235.0
0.0,34420.0
0.0,34596.0
0.0,34703.0
0.0,34298.0
0.0,34464.0
0.0,34800.0
0.0,34606.0
0.0,34455.0
0.0,34137.0
0.0,34568.0
0.0,34463.0
0.0,34601.0
0.0,34479.0
0.0,34588.0
0.0,34433.0
0.0,34557.0
0.0,34098.0
0.0,33979.0
0.0,34090.0
0.0,34404.0
0.0,34663.0
0.0,34805.0
0.0,33804.0
0.0,33949.0
0.0,34225.0
0.0,34876.0
0.0,34993.0
0.0,35160.0
0.0,35057.0
0.0,35173.0
0.0,34988.0
0.0,35089.0
0.0,35249.0
0.0,35368.0
0.0,35484.0
0.0,35306.0
0.0,35492.0
0.0,35602.0
0.0,35495.0
0.0,34502.0
0.0,35134.0
0.0,35549.0
0.0,35699.0
0.0,35114.0
0.0,35485.0
0.0,35631.0
0.0,35260.0
0.0,35573.0
0.0,35779.0
0.0,35916.0
0.0,36074.0
0.0,35835.0
0.0,36026.0
0.0,35860.0
0.0,35990.0
0.0,36127.0
0.0,36262.0
0.0,36367.0
0.0,36483.0
0.0,36597.0
0.0,36704.0
0.0,36588.0
0.0,36394.0
0.0,36519.0
0.0,36660.0
0.0,36508.0
0.0,36623.0
0.0,36783.0
0.0,36592.0
0.0,36720.0
0.0,36857.0
0.0,36977.0
0.0,36086.0
0.0,36247.0
0.0,36486.0
0.0,36980.0
0.0,37274.0
0.0,37386.0
0.0,37284.0
0.0,37400.0
0.0,37281.0
0.0,37036.0
0.0,37224.0
0.0,37387.0
0.0,36830.0
0.0,37235.0
0.0,37429.0
0.0,37542.0
0.0,37678.0
0.0,37525.0
0.0,37655.0
0.0,37788.0
0.0,37679.0
0.0,37795.0
0.0,37658.0
0.0,37373.0
0.0,37705.0
0.0,37588.0
0.0,37705.0
0.0,37585.0
0.0,37399.0
0.0,37285.0
0.0,37418.0
0.0,37282.0
0.0,37443.0
0.0,37598.0
0.0,37457.0
0.0,37341.0
0.0,37496.0
0.0,36714.0
0.0,37098.0
0.0,37343.0
0.0,37592.0
0.0,37404.0
0.0,37527.0
0.0,37770.0
0.0,37886.0
0.0,38001.0
0.0,37894.0
0.0,37787.0
0.0,37655.0
0.0,37805.0
0.0,37690.0
0.0,37544.0
0.0,37660.0
0.0,37544.0
0.0,37696.0
0.0,37360.0
0.0,37598.0
0.0,37735.0
0.0,37868.0
0.0,37993.0
0.0,38097.0
0.0,37858.0
0.0,38053.0
0.0,38168.0
0.0,38284.0
0.0,38386.0
0.0,38490.0
0.0,38364.0
0.0,38505.0
0.0,38389.0
0.0,38498.0
0.0,38370.0
0.0,38210.0
0.0,38391.0
0.015712976455688477,38275.0
0.015712976455688477,37853.0
0.015712976455688477,37695.0
0.015712976455688477,38172.0
0.015712976455688477,38028.0
0.015712976455688477,38132.0
0.015712976455688477,37901.0
0.015712976455688477,38123.0
0.015712976455688477,38011.0
0.015712976455688477,38160.0
0.015712976455688477,37644.0
0.015712976455688477,37903.0
0.015712976455688477,38274.0
0.015712976455688477,37903.0
0.015712976455688477,38305.0
0.015712976455688477,38164.0
0.015712976455688477,38034.0
0.015712976455688477,38163.0
0.015712976455688477,38298.0
0.015712976455688477,38156.0
0.015712976455688477,38302.0
0.015712976455688477,38165.0
0.015712976455688477,38049.0
0.015712976455688477,37925.0
0.015712976455688477,38077.0
0.015712976455688477,37968.0
0.015712976455688477,38073.0
0.015712976455688477,38195.0
0.015712976455688477,38296.0
0.015712976455688477,38161.0
0.015712976455688477,38305.0
0.015712976455688477,38158.0
0.015712976455688477,38011.0
0.015712976455688477,38116.0
0.015712976455688477,38274.0
0.015712976455688477,38404.0
0.015712976455688477,38300.0
0.015712976455688477,38078.0
0.015712976455688477,38267.0
0.015712976455688477,38166.0
0.015712976455688477,38268.0
0.015712976455688477,38372.0
0.015712976455688477,38243.0
0.015712976455688477,38124.0
0.015712976455688477,38294.0
0.015712976455688477,38189.0
0.015712976455688477,38005.0
0.015712976455688477,38204.0
0.015712976455688477,38087.0
0.015712976455688477,37828.0
0.015712976455688477,38075.0
0.015712976455688477,38185.0
0.015712976455688477,38299.0
0.015712976455688477,38133.0
0.015712976455688477,38265.0
0.015712976455688477,38402.0
0.015712976455688477,38265.0
0.015712976455688477,38155.0
0.015712976455688477,38272.0
0.015712976455688477,37857.0
0.015712976455688477,38057.0
0.015712976455688477,38244.0
0.015712976455688477,38393.0
0.015712976455688477,38515.0
0.015712976455688477,38658.0
0.015712976455688477,38793.0
0.015712976455688477,38901.0
0.015712976455688477,38782.0
0.015712976455688477,38583.0
0.015712976455688477,38472.0
0.015712976455688477,38593.0
0.015712976455688477,38759.0
0.015712976455688477,38646.0
0.015712976455688477,38513.0
0.015712976455688477,38685.0
0.015712976455688477,38578.0
0.015712976455688477,38056.0
0.015712976455688477,38483.0
0.015712976455688477,38346.0
0.015712976455688477,38591.0
0.015712976455688477,38475.0
0.015712976455688477,38325.0
0.015712976455688477,38466.0
0.015712976455688477,38323.0
0.015712976455688477,38497.0
0.015712976455688477,38396.0
0.015712976455688477,38197.0
0.015712976455688477,38089.0
0.015712976455688477,37623.0
0.015712976455688477,37914.0
0.015712976455688477,38130.0
0.015712976455688477,37998.0
0.015712976455688477,37707.0
0.015712976455688477,38078.0
0.015712976455688477,38260.0
0.015712976455688477,38138.0
0.015712976455688477,38258.0
0.015712976455688477,38405.0
0.015712976455688477,38250.0
0.015712976455688477,38394.0
0.015712976455688477,37528.0
0.015712976455688477,37840.0
0.015712976455688477,38239.0
0.015712976455688477,38361.0
0.015712976455688477,38479.0
0.015712976455688477,38674.0
0.015712976455688477,38840.0
0.015712976455688477,38693.0
0.015712976455688477,38887.0
0.015712976455688477,39005.0
0.015712976455688477,38900.0
0.015712976455688477,38760.0
0.015712976455688477,38877.0
0.015712976455688477,38740.0
0.015712976455688477,38491.0
0.015712976455688477,38754.0
0.015712976455688477,38878.0
0.015712976455688477,39004.0
0.015712976455688477,39105.0
0.015712976455688477,38842.0
0.015712976455688477,38943.0
0.015712976455688477,39072.0
0.015712976455688477,39279.0
0.015712976455688477,39401.0
0.015712976455688477,39279.0
0.015712976455688477,39393.0
0.015712976455688477,39155.0
0.015712976455688477,39322.0
0.015712976455688477,39478.0
0.015712976455688477,39262.0
0.015712976455688477,39448.0
0.015712976455688477,39580.0
0.015712976455688477,39052.0
0.015712976455688477,39255.0
0.015712976455688477,39694.0
0.015712976455688477,39545.0
0.015712976455688477,39363.0
0.015712976455688477,39507.0
0.015712976455688477,39382.0
0.015712976455688477,39554.0
0.015712976455688477,39452.0
0.015712976455688477,39603.0
0.015712976455688477,39502.0
0.015712976455688477,39351.0
0.015712976455688477,39486.0
0.015712976455688477,39600.0
0.015712976455688477,39465.0
0.015712976455688477,39601.0
0.015712976455688477,39463.0
0.015712976455688477,39334.0
0.015712976455688477,39479.0
0.015712976455688477,39321.0
0.015712976455688477,39481.0
0.015712976455688477,39380.0
0.015712976455688477,39256.0
0.015712976455688477,39130.0
0.015712976455688477,38981.0
0.015712976455688477,39152.0
0.015712976455688477,39030.0
0.015712976455688477,39144.0
0.015712976455688477,39280.0
0.015712976455688477,39166.0
0.015712976455688477,39000.0
0.015712976455688477,39116.0
0.015712976455688477,39236.0
0.015712976455688477,39114.0
0.015712976455688477,39290.0
0.015712976455688477,39395.0
0.015712976455688477,39251.0
0.015712976455688477,39367.0
0.015712976455688477,39215.0
0.015712976455688477,39386.0
0.015712976455688477,39270.0
0.015712976455688477,39401.0
0.015712976455688477,39088.0
0.015712976455688477,39262.0
0.015712976455688477,38857.0
0.015712976455688477,39337.0
0.015712976455688477,39115.0
0.015712976455688477,39386.0
0.015712976455688477,39225.0
0.015712976455688477,39376.0
0.015712976455688477,39231.0
0.015712976455688477,39070.0
0.015712976455688477,39203.0
0.015712976455688477,39338.0
0.015712976455688477,39453.0
0.015712976455688477,39182.0
0.015712976455688477,39331.0
0.015712976455688477,39604.0
0.015712976455688477,39474.0
0.015712976455688477,39584.0
0.015712976455688477,39191.0
0.015712976455688477,39417.0
0.015712976455688477,39571.0
0.015712976455688477,39697.0
0.015712976455688477,39468.0
0.015712976455688477,39690.0
0.015712976455688477,39890.0
0.015712976455688477,39994.0
0.015712976455688477,40101.0
0.015712976455688477,39807.0
0.015712976455688477,39988.0
0.015712976455688477,40177.0
0.015712976455688477,40298.0
0.015712976455688477,40025.0
0.015712976455688477,40189.0
0.015712976455688477,40369.0
0.015712976455688477,40502.0
0.015712976455688477,40398.0
0.015712976455688477,40046.0
0.015712976455688477,40372.0
0.015712976455688477,40486.0
0.015712976455688477,40291.0
0.015712976455688477,40475.0
0.015712976455688477,40194.0
0.015712976455688477,40445.0
0.015712976455688477,40577.0
0.015712976455688477,40444.0
0.015712976455688477,40605.0
0.015712976455688477,40398.0
0.015712976455688477,40559.0
0.015712976455688477,40415.0
0.015712976455688477,40574.0
0.015712976455688477,40685.0
0.015712976455688477,40789.0
0.015712976455688477,40898.0
0.015712976455688477,40783.0
0.015712976455688477,40898.0
0.015712976455688477,40999.0
0.015712976455688477,40875.0
0.015712976455688477,40759.0
0.015712976455688477,40533.0
0.015712976455688477,40710.0
0.015712976455688477,40859.0
0.015712976455688477,40672.0
0.015712976455688477,40900.0
0.015712976455688477,40714.0
0.015712976455688477,40883.0
0.015712976455688477,40778.0
0.015712976455688477,40900.0
0.015712976455688477,40783.0
0.015712976455688477,40655.0
0.015712976455688477,40503.0
0.015712976455688477,40368.0
0.015712976455688477,40508.0
0.015712976455688477,40693.0
0.015712976455688477,40533.0
0.015712976455688477,40649.0
0.015712976455688477,40317.0
0.015712976455688477,40468.0
0.015712976455688477,40738.0
0.015712976455688477,40884.0
0.015712976455688477,40767.0
0.015712976455688477,40632.0
0.015712976455688477,40781.0
0.015712976455688477,40149.0
0.015712976455688477,40488.0
0.015712976455688477,40707.0
0.015712976455688477,40928.0
0.015712976455688477,40818.0
0.015712976455688477,40982.0
0.015712976455688477,40837.0
0.015712976455688477,40715.0
0.015712976455688477,40852.0
0.015712976455688477,40968.0
0.015712976455688477,41073.0
0.015712976455688477,41192.0
0.015712976455688477,41011.0
0.015712976455688477,40894.0
0.015712976455688477,41003.0
0.015712976455688477,41181.0
0.015712976455688477,41066.0
0.015712976455688477,41176.0
0.015712976455688477,41071.0
0.015712976455688477,41188.0
0.015712976455688477,41061.0
0.015712976455688477,40861.0
0.015712976455688477,41003.0
0.015712976455688477,40632.0
0.015712976455688477,41030.0
0.015712976455688477,41151.0
0.015712976455688477,41298.0
0.015712976455688477,41399.0
0.015712976455688477,41500.0
0.015712976455688477,41601.0
0.015712976455688477,41455.0
0.015712976455688477,41586.0
0.015712976455688477,41472.0
0.015712976455688477,41311.0
0.015712976455688477,41418.0
0.015712976455688477,41309.0
0.015712976455688477,41480.0
0.015712976455688477,41365.0
0.015712976455688477,41176.0
0.015712976455688477,41327.0
0.015712976455688477,41457.0
0.015712976455688477,41336.0
0.015712976455688477,41215.0
0.015712976455688477,41390.0
0.015712976455688477,41286.0
0.015712976455688477,41117.0
0.015712976455688477,41001.0
0.015712976455688477,41143.0
0.015712976455688477,41253.0
0.015712976455688477,41394.0
0.015712976455688477,41222.0
0.015712976455688477,41368.0
0.015712976455688477,41490.0
0.015712976455688477,41336.0
0.015712976455688477,41441.0
0.015712976455688477,41548.0
0.015712976455688477,41438.0
0.015712976455688477,41328.0
0.015712976455688477,41458.0
0.015712976455688477,41590.0
0.015712976455688477,41439.0
0.015712976455688477,41556.0
0.015712976455688477,41683.0
0.015712976455688477,41561.0
0.015712976455688477,41457.0
0.015712976455688477,41567.0
0.015712976455688477,41447.0
0.015712976455688477,41567.0
0.015712976455688477,41451.0
0.015712976455688477,41561.0
0.015712976455688477,41421.0
0.015712976455688477,41569.0
0.015712976455688477,41684.0
0.015712976455688477,41506.0
0.015712976455688477,41342.0
0.015712976455688477,41446.0
0.015712976455688477,41695.0
0.015712976455688477,41297.0
0.015712976455688477,41600.0
0.015712976455688477,41758.0
0.015712976455688477,41617.0
0.015712976455688477,41739.0
0.015712976455688477,41262.0
0.015712976455688477,41483.0
0.015712976455688477,41736.0
0.015712976455688477,41931.0
0.015712976455688477,42101.0
0.015712976455688477,41991.0
0.015712976455688477,41890.0
0.015712976455688477,41696.0
0.015712976455688477,41861.0
0.015712976455688477,41756.0
0.015712976455688477,41875.0
0.015712976455688477,41630.0
0.015712976455688477,41902.0
0.015712976455688477,41765.0
0.015712976455688477,41890.0
0.015712976455688477,41772.0
0.015712976455688477,41433.0
0.015712976455688477,41789.0
0.015712976455688477,41656.0
0.015712976455688477,41507.0
0.015712976455688477,41617.0
0.015712976455688477,41783.0
0.015712976455688477,41895.0
0.015712976455688477,41998.0
0.015712976455688477,41779.0
0.015712976455688477,41954.0
0.015712976455688477,42095.0
0.015712976455688477,42205.0
0.015712976455688477,42090.0
0.015712976455688477,41663.0
0.015712976455688477,42094.0
0.015712976455688477,41929.0
0.015712976455688477,42064.0
0.015712976455688477,42196.0
0.015712976455688477,42065.0
0.015712976455688477,41911.0
0.015712976455688477,42060.0
0.015712976455688477,42194.0
0.015712976455688477,42083.0
0.015712976455688477,42197.0
0.015712976455688477,42095.0
0.015712976455688477,41968.0
0.015712976455688477,42070.0
0.03134036064147949,42175.0
0.03134036064147949,42045.0
0.03134036064147949,41912.0
0.03134036064147949,42093.0
0.03134036064147949,42197.0
0.03134036064147949,42003.0
0.03134036064147949,42197.0
0.03134036064147949,41927.0
0.03134036064147949,42082.0
0.03134036064147949,41835.0
0.03134036064147949,42182.0
0.03134036064147949,42015.0
0.03134036064147949,42187.0
0.03134036064147949,42051.0
0.03134036064147949,42203.0
0.03134036064147949,42099.0
0.03134036064147949,41787.0
0.03134036064147949,42091.0
0.03134036064147949,41947.0
0.03134036064147949,41846.0
0.03134036064147949,41744.0
0.03134036064147949,41876.0
0.03134036064147949,41995.0
0.03134036064147949,42104.0
0.03134036064147949,41778.0
0.03134036064147949,41992.0
0.03134036064147949,41764.0
0.03134036064147949,41905.0
0.03134036064147949,42020.0
0.03134036064147949,42266.0
0.03134036064147949,42120.0
0.03134036064147949,42222.0
0.03134036064147949,42380.0
0.03134036064147949,42504.0
0.03134036064147949,42397.0
0.03134036064147949,42283.0
0.03134036064147949,42123.0
0.03134036064147949,41624.0
0.03134036064147949,42119.0
0.03134036064147949,42255.0
0.03134036064147949,41951.0
0.03134036064147949,42162.0
0.03134036064147949,41990.0
0.03134036064147949,42284.0
0.03134036064147949,42114.0
0.03134036064147949,42295.0
0.03134036064147949,42191.0
0.03134036064147949,42295.0
0.03134036064147949,42158.0
0.03134036064147949,42302.0
0.03134036064147949,42178.0
0.03134036064147949,42297.0
0.03134036064147949,42133.0
0.03134036064147949,42294.0
0.03134036064147949,42191.0
0.03134036064147949,42081.0
0.03134036064147949,41314.0
0.03134036064147949,41519.0
0.03134036064147949,42193.0
0.03134036064147949,42294.0
0.03134036064147949,41863.0
0.03134036064147949,41985.0
0.03134036064147949,42229.0
0.03134036064147949,42458.0
0.03134036064147949,42326.0
0.03134036064147949,42448.0
0.03134036064147949,42585.0
0.03134036064147949,42479.0
0.03134036064147949,42592.0
0.03134036064147949,42485.0
0.03134036064147949,42239.0
0.03134036064147949,42364.0
0.03134036064147949,42510.0
0.03134036064147949,42626.0
0.03134036064147949,42754.0
0.03134036064147949,42861.0
0.03134036064147949,42612.0
0.03134036064147949,42875.0
0.03134036064147949,43003.0
0.03134036064147949,42397.0
0.03134036064147949,42748.0
0.03134036064147949,42865.0
0.03134036064147949,42995.0
0.03134036064147949,42892.0
0.03134036064147949,43059.0
0.03134036064147949,43237.0
0.03134036064147949,42974.0
0.03134036064147949,43159.0
0.03134036064147949,43349.0
0.03134036064147949,43505.0
0.03134036064147949,43259.0
0.03134036064147949,43456.0
0.03134036064147949,43598.0
0.03134036064147949,43443.0
0.03134036064147949,43570.0
0.03134036064147949,43438.0
0.03134036064147949,43575.0
0.03134036064147949,43456.0
0.03134036064147949,43602.0
0.03134036064147949,43486.0
0.03134036064147949,43384.0
0.03134036064147949,43486.0
0.03134036064147949,43339.0
0.03134036064147949,43489.0
0.03134036064147949,43348.0
0.03134036064147949,43238.0
0.03134036064147949,43054.0
0.03134036064147949,43214.0
0.03134036064147949,43063.0
0.03134036064147949,43301.0
0.03134036064147949,43152.0
0.03134036064147949,43032.0
0.03134036064147949,43152.0
0.03134036064147949,42971.0
0.03134036064147949,43086.0
0.03134036064147949,42901.0
0.03134036064147949,43117.0
0.03134036064147949,43269.0
0.03134036064147949,43063.0
0.03134036064147949,42887.0
0.03134036064147949,42993.0
0.03134036064147949,43240.0
0.03134036064147949,43126.0
0.03134036064147949,43250.0
0.03134036064147949,43386.0
0.03134036064147949,43266.0
0.03134036064147949,43382.0
0.03134036064147949,43274.0
0.03134036064147949,43398.0
0.03134036064147949,43227.0
0.03134036064147949,43379.0
0.03134036064147949,43484.0
0.03134036064147949,43379.0
0.03134036064147949,43230.0
0.03134036064147949,43394.0
0.03134036064147949,43267.0
0.03134036064147949,43392.0
0.03134036064147949,43221.0
0.03134036064147949,43358.0
0.03134036064147949,43470.0
0.03134036064147949,43355.0
0.03134036064147949,43483.0
0.03134036064147949,43293.0
0.03134036064147949,43409.0
0.03134036064147949,43514.0
0.03134036064147949,43705.0
0.03134036064147949,43573.0
0.03134036064147949,43258.0
0.03134036064147949,43082.0
0.03134036064147949,43415.0
0.03134036064147949,43599.0
0.03134036064147949,43703.0
0.03134036064147949,43562.0
0.03134036064147949,43699.0
0.03134036064147949,43514.0
0.03134036064147949,43394.0
0.03134036064147949,43579.0
0.03134036064147949,43454.0
0.03134036064147949,43319.0
0.03134036064147949,43478.0
0.03134036064147949,43374.0
0.03134036064147949,43238.0
0.03134036064147949,43354.0
0.03134036064147949,43482.0
0.03134036064147949,43586.0
0.03134036064147949,43696.0
0.03134036064147949,43507.0
0.03134036064147949,43332.0
0.03134036064147949,43148.0
0.03134036064147949,43251.0
0.03134036064147949,43580.0
0.03134036064147949,43701.0
0.03134036064147949,43560.0
0.03134036064147949,43662.0
0.03134036064147949,43797.0
0.03134036064147949,43680.0
0.03134036064147949,43574.0
0.03134036064147949,43473.0
0.03134036064147949,43596.0
0.03134036064147949,43493.0
0.03134036064147949,43312.0
0.03134036064147949,43494.0
0.03134036064147949,43604.0
0.03134036064147949,43448.0
0.03134036064147949,43341.0
0.03134036064147949,43486.0
0.03134036064147949,43594.0
0.03134036064147949,43442.0
0.03134036064147949,43577.0
0.03134036064147949,43683.0
0.03134036064147949,43549.0
0.03134036064147949,43668.0
0.03134036064147949,43486.0
0.03134036064147949,43677.0
0.03134036064147949,43558.0
0.03134036064147949,43421.0
0.03134036064147949,43311.0
0.03134036064147949,43420.0
0.03134036064147949,43310.0
0.03134036064147949,43490.0
0.03134036064147949,43344.0
0.03134036064147949,43149.0
0.03134036064147949,43301.0
0.03134036064147949,43473.0
0.03134036064147949,43365.0
0.03134036064147949,43240.0
0.03134036064147949,43371.0
0.03134036064147949,43241.0
0.03134036064147949,43373.0
0.03134036064147949,43483.0
0.03134036064147949,43341.0
0.03134036064147949,43490.0
0.03134036064147949,43348.0
0.03134036064147949,43197.0
0.03134036064147949,43377.0
0.03134036064147949,43479.0
0.03134036064147949,43236.0
0.03134036064147949,43337.0
0.03134036064147949,43503.0
0.03134036064147949,43689.0
0.03134036064147949,43519.0
0.03134036064147949,43703.0
0.03134036064147949,43482.0
0.03134036064147949,43631.0
0.03134036064147949,43758.0
0.03134036064147949,43891.0
0.03134036064147949,43719.0
0.03134036064147949,43573.0
0.03134036064147949,43726.0
0.03134036064147949,43624.0
0.03134036064147949,43802.0
0.03134036064147949,43670.0
0.03134036064147949,43520.0
0.03134036064147949,43621.0
0.03134036064147949,43781.0
0.03134036064147949,43897.0
0.03134036064147949,43774.0
0.03134036064147949,43889.0
0.03134036064147949,44003.0
0.03134036064147949,43881.0
0.03134036064147949,43771.0
0.03134036064147949,43654.0
0.03134036064147949,43550.0
0.03134036064147949,43683.0
0.03134036064147949,43802.0
0.03134036064147949,43558.0
0.03134036064147949,43773.0
0.03134036064147949,43562.0
0.03134036064147949,43697.0
0.03134036064147949,43856.0
0.03134036064147949,43715.0
0.03134036064147949,43316.0
0.03134036064147949,43426.0
0.03134036064147949,43586.0
0.03134036064147949,43817.0
0.03134036064147949,43955.0
0.03134036064147949,44119.0
0.03134036064147949,43987.0
0.03134036064147949,43829.0
0.03134036064147949,43984.0
0.03134036064147949,44138.0
0.03134036064147949,44268.0
0.03134036064147949,44023.0
0.03134036064147949,44169.0
0.03134036064147949,44339.0
0.03134036064147949,44500.0
0.03134036064147949,44399.0
0.03134036064147949,44289.0
0.03134036064147949,44089.0
0.03134036064147949,44303.0
0.03134036064147949,44056.0
0.03134036064147949,44173.0
0.03134036064147949,44304.0
0.03134036064147949,44505.0
0.03134036064147949,44341.0
0.03134036064147949,44206.0
0.03134036064147949,44370.0
0.03134036064147949,43944.0
0.03134036064147949,44251.0
0.03134036064147949,44494.0
0.03134036064147949,44364.0
0.03134036064147949,44488.0
0.03134036064147949,44360.0
0.03134036064147949,44212.0
0.03134036064147949,44328.0
0.03134036064147949,44494.0
0.03134036064147949,44303.0
0.03134036064147949,44449.0
0.03134036064147949,44550.0
0.03134036064147949,44699.0
0.03134036064147949,44514.0
0.03134036064147949,44678.0
0.03134036064147949,44529.0
0.03134036064147949,44703.0
0.03134036064147949,44551.0
0.03134036064147949,44692.0
0.03134036064147949,44568.0
0.03134036064147949,44682.0
0.03134036064147949,44508.0
0.03134036064147949,44672.0
0.03134036064147949,44801.0
0.03134036064147949,44671.0
0.03134036064147949,44491.0
0.03134036064147949,44646.0
0.03134036064147949,44804.0
0.03134036064147949,44674.0
0.03134036064147949,44510.0
0.03134036064147949,44612.0
0.03134036064147949,44502.0
0.03134036064147949,44377.0
0.03134036064147949,44519.0
0.03134036064147949,44417.0
0.03134036064147949,44566.0
0.03134036064147949,44438.0
0.03134036064147949,44585.0
0.03134036064147949,44480.0
0.03134036064147949,44310.0
0.03134036064147949,44453.0
0.03134036064147949,44300.0
0.03134036064147949,44432.0
0.03134036064147949,44548.0
0.03134036064147949,44390.0
0.03134036064147949,44581.0
0.03134036064147949,44415.0
0.03134036064147949,44031.0
0.03134036064147949,44295.0
0.03134036064147949,44467.0
0.03134036064147949,44600.0
0.03134036064147949,44803.0
0.03134036064147949,44687.0
0.03134036064147949,44802.0
0.03134036064147949,44599.0
0.03134036064147949,44767.0
0.03134036064147949,44618.0
0.03134036064147949,44769.0
0.03134036064147949,44896.0
0.03134036064147949,44728.0
0.03134036064147949,44892.0
0.03134036064147949,44997.0
0.03134036064147949,44872.0
0.03134036064147949,44596.0
0.03134036064147949,44804.0
0.03134036064147949,44998.0
0.03134036064147949,44834.0
0.03134036064147949,44984.0
0.03134036064147949,44851.0
0.03134036064147949,44705.0
0.03134036064147949,44568.0
0.03134036064147949,44773.0
0.03134036064147949,44880.0
0.03134036064147949,44997.0
0.03134036064147949,44881.0
0.03134036064147949,44732.0
0.03134036064147949,44848.0
0.04695272445678711,44715.0
0.04695272445678711,44900.0
0.04695272445678711,44776.0
0.04695272445678711,44533.0
0.04695272445678711,44793.0
0.04695272445678711,44902.0
0.04695272445678711,44770.0
0.04695272445678711,44598.0
0.04695272445678711,44787.0
0.04695272445678711,44675.0
0.04695272445678711,44800.0
0.04695272445678711,44699.0
0.04695272445678711,44562.0
0.04695272445678711,44435.0
0.04695272445678711,44219.0
0.04695272445678711,44377.0
0.04695272445678711,44529.0
0.04695272445678711,44700.0
0.04695272445678711,44598.0
0.04695272445678711,44393.0
0.04695272445678711,44514.0
0.04695272445678711,44670.0
0.04695272445678711,44805.0
0.04695272445678711,44664.0
0.04695272445678711,44563.0
0.04695272445678711,44679.0
0.04695272445678711,44548.0
0.04695272445678711,44426.0
0.04695272445678711,44290.0
0.04695272445678711,44478.0
0.04695272445678711,44362.0
0.04695272445678711,44255.0
0.04695272445678711,44139.0
0.04695272445678711,44276.0
0.04695272445678711,44396.0
0.04695272445678711,44207.0
0.04695272445678711,44392.0
0.04695272445678711,44287.0
0.04695272445678711,44394.0
0.04695272445678711,44270.0
0.04695272445678711,44119.0
0.04695272445678711,44305.0
0.04695272445678711,44170.0
0.04695272445678711,44015.0
0.04695272445678711,43913.0
0.04695272445678711,44099.0
0.04695272445678711,43984.0
0.04695272445678711,43810.0
0.04695272445678711,43985.0
0.04695272445678711,43869.0
0.04695272445678711,43984.0
0.04695272445678711,44091.0
0.04695272445678711,43977.0
0.04695272445678711,43818.0
0.04695272445678711,43949.0
0.04695272445678711,43771.0
0.04695272445678711,43894.0
0.04695272445678711,44048.0
0.04695272445678711,44195.0
0.04695272445678711,44296.0
0.04695272445678711,44175.0
0.04695272445678711,44290.0
0.04695272445678711,44397.0
0.04695272445678711,44288.0
0.04695272445678711,44167.0
0.04695272445678711,44304.0
0.04695272445678711,44189.0
0.04695272445678711,44023.0
0.04695272445678711,44165.0
0.04695272445678711,44064.0
0.04695272445678711,43959.0
0.04695272445678711,43779.0
0.04695272445678711,43953.0
0.04695272445678711,43808.0
0.04695272445678711,43938.0
0.04695272445678711,44059.0
0.04695272445678711,43950.0
0.04695272445678711,44085.0
0.04695272445678711,43971.0
0.04695272445678711,44093.0
0.04695272445678711,43978.0
0.04695272445678711,43749.0
0.04695272445678711,43947.0
0.04695272445678711,44063.0
0.04695272445678711,43903.0
0.04695272445678711,44010.0
0.04695272445678711,43797.0
0.04695272445678711,43937.0
0.04695272445678711,44067.0
0.04695272445678711,44290.0
0.04695272445678711,44399.0
0.04695272445678711,44283.0
0.04695272445678711,44393.0
0.04695272445678711,44266.0
0.04695272445678711,44399.0
0.04695272445678711,44500.0
0.04695272445678711,44241.0
0.04695272445678711,44498.0
0.04695272445678711,44394.0
0.04695272445678711,44266.0
0.04695272445678711,44385.0
0.04695272445678711,44204.0
0.04695272445678711,44095.0
0.04695272445678711,43953.0
0.04695272445678711,44127.0
0.04695272445678711,44301.0
0.04695272445678711,44163.0
0.04695272445678711,44005.0
0.04695272445678711,43814.0
0.04695272445678711,44060.0
0.04695272445678711,43911.0
0.04695272445678711,44074.0
0.04695272445678711,43967.0
0.04695272445678711,44081.0
0.04695272445678711,43676.0
0.04695272445678711,44094.0
0.04695272445678711,43871.0
0.04695272445678711,44090.0
0.04695272445678711,44204.0
0.04695272445678711,44099.0
0.04695272445678711,44200.0
0.04695272445678711,44304.0
0.04695272445678711,44189.0
0.04695272445678711,44292.0
0.04695272445678711,44397.0
0.04695272445678711,44293.0
0.04695272445678711,44147.0
0.04695272445678711,44270.0
0.04695272445678711,43937.0
0.04695272445678711,44139.0
0.04695272445678711,44377.0
0.04695272445678711,44218.0
0.04695272445678711,44348.0
0.04695272445678711,44467.0
0.04695272445678711,44594.0
0.04695272445678711,44480.0
0.04695272445678711,44316.0
0.04695272445678711,44437.0
0.04695272445678711,44564.0
0.04695272445678711,44678.0
0.04695272445678711,44804.0
0.04695272445678711,44679.0
0.04695272445678711,44537.0
0.04695272445678711,44656.0
0.04695272445678711,44778.0
0.04695272445678711,44614.0
0.04695272445678711,44447.0
0.04695272445678711,44636.0
0.04695272445678711,44372.0
0.04695272445678711,44685.0
0.04695272445678711,44334.0
0.04695272445678711,44493.0
0.04695272445678711,44758.0
0.04695272445678711,44882.0
0.04695272445678711,44749.0
0.04695272445678711,44857.0
0.04695272445678711,45002.0
0.04695272445678711,44842.0
0.04695272445678711,44974.0
0.04695272445678711,45083.0
0.04695272445678711,45192.0
0.04695272445678711,45071.0
0.04695272445678711,45203.0
0.04695272445678711,45071.0
0.04695272445678711,45196.0
0.04695272445678711,45066.0
0.04695272445678711,45204.0
0.04695272445678711,45040.0
0.04695272445678711,44874.0
0.04695272445678711,44680.0
0.04695272445678711,44979.0
0.04695272445678711,44676.0
0.04695272445678711,44903.0
0.04695272445678711,45102.0
0.04695272445678711,44981.0
0.04695272445678711,44880.0
0.04695272445678711,45005.0
0.04695272445678711,44842.0
0.04695272445678711,44993.0
0.04695272445678711,44856.0
0.04695272445678711,44997.0
0.04695272445678711,44869.0
0.04695272445678711,45001.0
0.04695272445678711,44812.0
0.04695272445678711,44933.0
0.04695272445678711,45079.0
0.04695272445678711,44882.0
0.04695272445678711,45046.0
0.04695272445678711,45202.0
0.04695272445678711,45101.0
0.04695272445678711,44969.0
0.04695272445678711,45104.0
0.04695272445678711,44945.0
0.04695272445678711,44801.0
0.04695272445678711,44950.0
0.04695272445678711,44762.0
0.04695272445678711,44960.0
0.04695272445678711,45102.0
0.04695272445678711,44994.0
0.04695272445678711,44880.0
0.04695272445678711,44649.0
0.04695272445678711,44865.0
0.04695272445678711,44741.0
0.04695272445678711,44865.0
0.04695272445678711,44694.0
0.04695272445678711,44577.0
0.04695272445678711,44759.0
0.04695272445678711,44904.0
0.04695272445678711,44727.0
0.04695272445678711,44879.0
0.04695272445678711,44727.0
0.04695272445678711,44414.0
0.04695272445678711,44712.0
0.04695272445678711,44552.0
0.04695272445678711,44743.0
0.04695272445678711,44878.0
0.04695272445678711,45001.0
0.04695272445678711,44835.0
0.04695272445678711,44949.0
0.04695272445678711,45081.0
0.04695272445678711,44896.0
0.04695272445678711,45068.0
0.04695272445678711,44923.0
0.04695272445678711,45040.0
0.04695272445678711,44868.0
0.04695272445678711,44758.0
0.04695272445678711,44915.0
0.04695272445678711,45064.0
0.04695272445678711,44943.0
0.04695272445678711,45059.0
0.04695272445678711,45184.0
0.04695272445678711,45303.0
0.04695272445678711,45199.0
0.04695272445678711,45077.0
0.04695272445678711,44918.0
0.04695272445678711,45048.0
0.04695272445678711,45189.0
0.04695272445678711,45033.0
0.04695272445678711,44909.0
0.04695272445678711,45103.0
0.04695272445678711,44986.0
0.04695272445678711,44863.0
0.04695272445678711,44758.0
0.04695272445678711,44639.0
0.04695272445678711,44472.0
0.04695272445678711,44592.0
0.04695272445678711,44800.0
0.04695272445678711,44691.0
0.04695272445678711,44584.0
0.04695272445678711,44700.0
0.04695272445678711,44804.0
0.04695272445678711,44700.0
0.04695272445678711,44502.0
0.04695272445678711,44691.0
0.04695272445678711,44568.0
0.04695272445678711,44696.0
0.04695272445678711,44580.0
0.04695272445678711,44694.0
0.04695272445678711,44554.0
0.04695272445678711,44694.0
0.04695272445678711,44804.0
0.04695272445678711,44659.0
0.04695272445678711,44522.0
0.04695272445678711,44685.0
0.04695272445678711,44802.0
0.06259775161743164,44564.0
0.06259775161743164,44789.0
0.06259775161743164,44890.0
0.06259775161743164,44767.0
0.06259775161743164,44877.0
0.06259775161743164,44683.0
0.06259775161743164,44820.0
0.06259775161743164,44935.0
0.06259775161743164,44779.0
0.06259775161743164,44980.0
0.06259775161743164,45082.0
0.06328582763671875,45189.0
0.06328582763671875,45072.0
0.06328582763671875,44921.0
0.06328582763671875,45068.0
0.06328582763671875,44960.0
0.06328582763671875,44853.0
0.06328582763671875,44995.0
0.06328582763671875,44844.0
0.06328582763671875,44968.0
0.06328582763671875,44849.0
0.06328582763671875,44730.0
0.06328582763671875,44608.0
0.06328582763671875,44759.0
0.06328582763671875,44902.0
0.06328582763671875,44795.0
0.06328582763671875,44643.0
0.06328582763671875,44784.0
0.06328582763671875,44887.0
0.06328582763671875,44995.0
0.06328582763671875,45099.0
0.06328582763671875,44974.0
0.06328582763671875,45097.0
0.06328582763671875,44978.0
0.06328582763671875,44848.0
0.06328582763671875,44982.0
0.06328582763671875,44793.0
0.06328582763671875,44990.0
0.06328582763671875,44841.0
0.06328582763671875,44962.0
0.06328582763671875,44852.0
0.06328582763671875,44983.0
0.06328582763671875,44825.0
0.06328582763671875,44679.0
0.06328582763671875,44542.0
0.06328582763671875,44702.0
0.06328582763671875,44577.0
0.06328582763671875,44735.0
0.06328582763671875,44597.0
0.06328582763671875,44464.0
0.06328582763671875,44673.0
0.06328582763671875,44533.0
0.06328582763671875,44688.0
0.06328582763671875,44798.0
0.06328582763671875,44686.0
0.06328582763671875,44803.0
0.06328582763671875,44687.0
0.06328582763671875,44496.0
0.06328582763671875,44660.0
0.06328582763671875,44794.0
0.06328582763671875,44680.0
0.06328582763671875,44782.0
0.06328582763671875,44896.0
0.06328582763671875,44714.0
0.06328582763671875,44579.0
0.06328582763671875,44776.0
0.06328582763671875,44620.0
0.06328582763671875,44776.0
0.06328582763671875,44659.0
0.06328582763671875,44543.0
0.06328582763671875,44305.0
0.06328582763671875,44441.0
0.06328582763671875,44576.0
0.06328582763671875,44792.0
0.06328582763671875,44641.0
0.06328582763671875,44800.0
0.06328582763671875,44626.0
0.06328582763671875,44733.0
0.06328582763671875,44547.0
0.06328582763671875,44694.0
0.06328582763671875,44845.0
0.06328582763671875,44960.0
0.06328582763671875,44814.0
0.06328582763671875,44963.0
0.06328582763671875,45067.0
0.06328582763671875,44957.0
0.06328582763671875,45084.0
0.06328582763671875,44944.0
0.06328582763671875,45068.0
0.06328582763671875,44873.0
0.06328582763671875,44719.0
0.06328582763671875,44955.0
0.06328582763671875,44758.0
0.06328582763671875,44979.0
0.06328582763671875,44808.0
0.06328582763671875,44950.0
0.06328582763671875,44794.0
0.06328582763671875,44985.0
0.06328582763671875,44857.0
0.06328582763671875,44722.0
0.06328582763671875,44880.0
0.06328582763671875,44722.0
0.06328582763671875,44881.0
0.06328582763671875,44754.0
0.06328582763671875,44886.0
0.06328582763671875,44998.0
0.06328582763671875,44872.0
0.06328582763671875,44765.0
0.06328582763671875,44889.0
0.06328582763671875,44779.0
0.06328582763671875,44887.0
0.06328582763671875,44729.0
0.06328582763671875,44614.0
0.06328582763671875,44736.0
0.06328582763671875,44902.0
0.06328582763671875,44771.0
0.06328582763671875,44893.0
0.06328582763671875,44771.0
0.06328582763671875,44903.0
0.06328582763671875,44787.0
0.06328582763671875,44904.0
0.06328582763671875,44791.0
0.06328582763671875,44656.0
0.06328582763671875,44514.0
0.06328582763671875,44616.0
0.06328582763671875,44756.0
0.06328582763671875,44901.0
0.06328582763671875,44785.0
0.06328582763671875,44896.0
0.06328582763671875,44695.0
0.06328582763671875,44851.0
0.06328582763671875,44728.0
0.06328582763671875,44865.0
0.06328582763671875,44984.0
0.06328582763671875,45093.0
0.06328582763671875,44872.0
0.06328582763671875,45041.0
0.06328582763671875,45166.0
0.06328582763671875,45282.0
0.06328582763671875,45387.0
0.06328582763671875,45280.0
0.06328582763671875,45171.0
0.06328582763671875,45002.0
0.06328582763671875,45144.0
0.06328582763671875,45264.0
0.06328582763671875,45380.0
0.06328582763671875,45238.0
0.06328582763671875,45116.0
0.06328582763671875,45232.0
0.06328582763671875,45123.0
0.06328582763671875,45292.0
0.06328582763671875,45405.0
0.06328582763671875,45304.0
0.06328582763671875,45177.0
0.06328582763671875,45304.0
0.06328582763671875,45152.0
0.06328582763671875,45277.0
0.06328582763671875,45163.0
0.06328582763671875,45301.0
0.06328582763671875,45189.0
0.06328582763671875,45037.0
0.06328582763671875,45165.0
0.06328582763671875,45266.0
0.06328582763671875,45403.0
0.06328582763671875,45223.0
0.06328582763671875,45049.0
0.06328582763671875,45236.0
0.06328582763671875,45101.0
0.06328582763671875,44998.0
0.06328582763671875,45099.0
0.06328582763671875,45281.0
0.06328582763671875,45404.0
0.06328582763671875,45238.0
0.06328582763671875,45137.0
0.06328582763671875,45242.0
0.06328582763671875,45403.0
0.06328582763671875,45181.0
0.06328582763671875,45347.0
0.06328582763671875,45456.0
0.06328582763671875,45574.0
0.06328582763671875,45696.0
0.06328582763671875,45800.0
0.06328582763671875,45622.0
0.06328582763671875,45777.0
0.06328582763671875,45659.0
0.06328582763671875,45549.0
0.06328582763671875,45434.0
0.06328582763671875,45566.0
0.06328582763671875,45701.0
0.06328582763671875,45596.0
0.06328582763671875,45482.0
0.06328582763671875,45595.0
0.06328582763671875,45330.0
0.06328582763671875,45179.0
0.06328582763671875,45491.0
0.06328582763671875,45356.0
0.06328582763671875,45472.0
0.06328582763671875,45369.0
0.06328582763671875,45250.0
0.06328582763671875,45377.0
0.06328582763671875,45502.0
0.06328582763671875,45367.0
0.06328582763671875,45481.0
0.06328582763671875,45590.0
0.06328582763671875,45691.0
0.06328582763671875,45568.0
0.06328582763671875,45694.0
0.06328582763671875,45798.0
0.06328582763671875,45674.0
0.06328582763671875,45796.0
0.06328582763671875,45897.0
0.06328582763671875,45759.0
0.06328582763671875,45899.0
0.06328582763671875,45749.0
0.06328582763671875,45901.0
0.06328582763671875,45754.0
0.06328582763671875,45613.0
0.06328582763671875,45764.0
0.06328582763671875,45615.0
0.06328582763671875,45725.0
0.06328582763671875,45884.0
0.06328582763671875,45999.0
0.06328582763671875,45869.0
0.06328582763671875,45755.0
0.06328582763671875,45879.0
0.07837605476379395,45749.0
0.07896900177001953,45854.0
0.07896900177001953,45973.0
0.07896900177001953,45869.0
0.07896900177001953,45987.0
0.07896900177001953,46103.0
0.07896900177001953,46204.0
0.07896900177001953,46001.0
0.07896900177001953,46157.0
0.07896900177001953,46279.0
0.07896900177001953,46386.0
0.07896900177001953,46249.0
0.07896900177001953,46356.0
0.07896900177001953,46505.0
0.07896900177001953,46395.0
0.07896900177001953,46229.0
0.07896900177001953,46375.0
0.07896900177001953,46233.0
0.07896900177001953,46111.0
0.07896900177001953,46226.0
0.07896900177001953,46366.0
0.07896900177001953,46505.0
0.07896900177001953,46404.0
0.07896900177001953,46257.0
0.07896900177001953,46387.0
0.07896900177001953,46280.0
0.07896900177001953,46403.0
0.07896900177001953,46254.0
0.07896900177001953,46153.0
0.07896900177001953,46270.0
0.07896900177001953,46385.0
0.07896900177001953,46258.0
0.07896900177001953,46393.0
0.07896900177001953,46501.0
0.07896900177001953,46375.0
0.07896900177001953,46503.0
0.07896900177001953,46604.0
0.07896900177001953,46470.0
0.07896900177001953,46361.0
0.07896900177001953,46257.0
0.07896900177001953,46379.0
0.07896900177001953,46493.0
0.07896900177001953,46602.0
0.07896900177001953,46474.0
0.07896900177001953,46287.0
0.07896900177001953,46475.0
0.07896900177001953,46585.0
0.07896900177001953,46701.0
0.07896900177001953,46540.0
0.07896900177001953,46437.0
0.07896900177001953,46596.0
0.07896900177001953,46454.0
0.07896900177001953,46597.0
0.07896900177001953,46493.0
0.07896900177001953,46357.0
0.07896900177001953,46235.0
0.07896900177001953,46356.0
0.07896900177001953,46224.0
0.07896900177001953,46366.0
0.07896900177001953,46501.0
0.07896900177001953,46392.0
0.07896900177001953,46493.0
0.07896900177001953,46384.0
0.07896900177001953,46498.0
0.07896900177001953,46351.0
0.07896900177001953,46208.0
0.07896900177001953,46359.0
0.07896900177001953,46497.0
0.07896900177001953,46352.0
0.07896900177001953,46476.0
0.07896900177001953,46599.0
0.07896900177001953,46498.0
0.07896900177001953,46337.0
0.07896900177001953,46497.0
0.07896900177001953,46601.0
0.07896900177001953,46462.0
0.07896900177001953,46578.0
0.07896900177001953,46698.0
0.07896900177001953,46801.0
0.07896900177001953,46677.0
0.07896900177001953,46534.0
0.07896900177001953,46637.0
0.07896900177001953,46744.0
0.07896900177001953,46894.0
0.07896900177001953,46997.0
0.07896900177001953,47101.0
0.07896900177001953,46979.0
0.07896900177001953,46862.0
0.07896900177001953,46992.0
0.07896900177001953,47093.0
0.07896900177001953,46962.0
0.07896900177001953,46861.0
0.07896900177001953,46978.0
0.07896900177001953,46871.0
0.07896900177001953,46999.0
0.07896900177001953,46848.0
0.07896900177001953,46689.0
0.07896900177001953,46815.0
0.07896900177001953,46952.0
0.07896900177001953,47080.0
0.07896900177001953,46962.0
0.07896900177001953,47072.0
0.07896900177001953,46922.0
0.07896900177001953,47080.0
0.07896900177001953,47194.0
0.07896900177001953,47304.0
0.07896900177001953,47188.0
0.07896900177001953,47078.0
0.07896900177001953,46825.0
0.07896900177001953,47098.0
0.07896900177001953,46973.0
0.07896900177001953,47082.0
0.07896900177001953,47198.0
0.09447693824768066,47042.0
0.09447693824768066,47191.0
0.09447693824768066,47086.0
0.09447693824768066,46976.0
0.09447693824768066,46860.0
0.09447693824768066,46991.0
0.09447693824768066,46876.0
0.09548401832580566,46985.0
0.09548401832580566,47104.0
0.09548401832580566,46983.0
0.09548401832580566,47099.0
0.09548401832580566,46997.0
0.09548401832580566,46874.0
0.09548401832580566,46979.0
0.09632587432861328,46861.0
0.09632587432861328,46741.0
0.09632587432861328,46872.0
0.09632587432861328,46653.0
0.09632587432861328,46802.0
0.09632587432861328,46986.0
0.09632587432861328,47098.0
0.09632587432861328,47205.0
0.09632587432861328,47046.0
0.09632587432861328,47197.0
0.09632587432861328,47082.0
0.09632587432861328,46861.0
0.09632587432861328,47064.0
0.09632587432861328,46930.0
0.09632587432861328,46821.0
0.09632587432861328,46989.0
0.09632587432861328,47104.0
0.09632587432861328,46945.0
0.09632587432861328,47095.0
0.09632587432861328,47205.0
0.09632587432861328,47074.0
0.09632587432861328,47199.0
0.09632587432861328,47302.0
0.09632587432861328,47177.0
0.09632587432861328,47070.0
0.09632587432861328,47182.0
0.09632587432861328,47033.0
0.09632587432861328,47205.0
0.09632587432861328,47036.0
0.09632587432861328,46827.0
0.09632587432861328,47056.0
0.09632587432861328,46831.0
0.09632587432861328,47068.0
0.09632587432861328,46953.0
0.09632587432861328,47061.0
0.09632587432861328,46929.0
0.09632587432861328,47070.0
0.09632587432861328,46958.0
0.09632587432861328,47102.0
0.09632587432861328,46971.0
0.09632587432861328,47093.0
0.09632587432861328,46969.0
0.09632587432861328,47102.0
0.09632587432861328,46994.0
0.09632587432861328,46880.0
0.09632587432861328,46767.0
0.09632587432861328,46882.0
0.09632587432861328,46778.0
0.09632587432861328,46672.0
0.09632587432861328,46486.0
0.09632587432861328,46699.0
0.09632587432861328,46589.0
0.09632587432861328,46695.0
0.09632587432861328,46567.0
0.09632587432861328,46691.0
0.09632587432861328,46804.0
0.09632587432861328,46680.0
0.09632587432861328,46781.0
0.09632587432861328,46666.0
0.09632587432861328,46544.0
0.09632587432861328,46403.0
0.09632587432861328,46505.0
0.09632587432861328,46703.0
0.09632587432861328,46584.0
0.09632587432861328,46691.0
0.09632587432861328,46583.0
0.09632587432861328,46693.0
0.09632587432861328,46552.0
0.09632587432861328,46670.0
0.09632587432861328,46798.0
0.09632587432861328,46684.0
0.09632587432861328,46792.0
0.09632587432861328,46664.0
0.09632587432861328,46480.0
0.09632587432861328,46669.0
0.09632587432861328,46542.0
0.09632587432861328,46652.0
0.09632587432861328,46498.0
0.09632587432861328,46643.0
0.09632587432861328,46529.0
0.09632587432861328,46680.0
0.09632587432861328,46796.0
0.11033296585083008,46664.0
0.11033296585083008,46789.0
0.11033296585083008,46590.0
0.11033296585083008,46755.0
0.11033296585083008,46870.0
0.11033296585083008,46762.0
0.11033296585083008,46876.0
0.11033296585083008,46984.0
0.11033296585083008,47100.0
0.11033296585083008,46801.0
0.11033296585083008,47089.0
0.11033296585083008,47203.0
0.11033296585083008,47028.0
0.11033296585083008,47147.0
0.11033296585083008,47284.0
0.11033296585083008,47401.0
0.11033296585083008,47287.0
0.11033296585083008,47401.0
0.11033296585083008,47204.0
0.11033296585083008,47352.0
0.11033296585083008,47486.0
0.11033296585083008,47600.0
0.11033296585083008,47483.0
0.11033296585083008,47358.0
0.11033296585083008,47500.0
0.11033296585083008,47328.0
0.11033296585083008,47489.0
0.11033296585083008,47597.0
0.11033296585083008,47457.0
0.11033296585083008,47342.0
0.11033296585083008,47466.0
0.11033296585083008,47587.0
0.11033296585083008,47691.0
0.11033296585083008,47575.0
0.11033296585083008,47682.0
0.11033296585083008,47803.0
0.11033296585083008,47702.0
0.11033296585083008,47803.0
0.11033296585083008,47648.0
0.11033296585083008,47767.0
0.11033296585083008,47896.0
0.11033296585083008,47745.0
0.11033296585083008,47869.0
0.11033296585083008,47986.0
0.11033296585083008,47801.0
0.11033296585083008,47962.0
0.11033296585083008,47854.0
0.11033296585083008,48000.0
0.11033296585083008,47785.0
0.11033296585083008,47948.0
0.11033296585083008,47845.0
0.11033296585083008,48005.0
0.11033296585083008,47846.0
0.11033296585083008,47995.0
0.11033296585083008,48096.0
0.11033296585083008,48200.0
0.11033296585083008,48006.0
0.11033296585083008,48183.0
0.1259617805480957,48073.0
0.1259617805480957,47941.0
0.1259617805480957,48086.0
0.1259617805480957,48202.0
0.1259617805480957,48014.0
0.1259617805480957,48154.0
0.1259617805480957,48305.0
0.1259617805480957,48184.0
0.1259617805480957,48291.0
0.1259617805480957,48151.0
0.1259617805480957,48283.0
0.1259617805480957,48403.0
0.1259617805480957,48266.0
0.1259617805480957,48391.0
0.1259617805480957,48501.0
0.1259617805480957,48396.0
0.1259617805480957,48501.0
0.1415848731994629,48604.0
0.14413046836853027,48490.0
0.14471960067749023,48604.0
0.14471960067749023,48479.0
0.14471960067749023,48602.0
