0.0,29853.0
0.0,30052.0
0.0,30299.0
0.0,29865.0
0.0,30155.0
0.0,30341.0
0.0,30474.0
0.0,30605.0
0.0,29511.0
0.0,30279.0
0.0,30464.0
0.0,30589.0
0.0,30802.0
0.0,30939.0
0.0,31042.0
0.0,31144.0
0.0,31305.0
0.0,31119.0
0.0,31266.0
0.0,31398.0
0.0,31502.0
0.0,31603.0
0.0,31442.0
0.0,31590.0
0.0,31703.0
0.0,31366.0
0.0,31689.0
0.0,31803.0
0.0,31129.0
0.0,31481.0
0.0,31680.0
0.0,31976.0
0.0,32104.0
0.0,31111.0
0.0,31533.0
0.0,32197.0
0.0,32300.0
0.0,32404.0
0.0,32295.0
0.0,31943.0
0.0,32088.0
0.0,32387.0
0.0,32497.0
0.0,32284.0
0.0,32503.0
0.0,31411.0
0.0,31549.0
0.0,32110.0
0.0,32425.0
0.0,32784.0
0.0,32889.0
0.0,32467.0
0.0,32818.0
0.0,32997.0
0.0,33104.0
0.0,32645.0
0.0,32854.0
0.0,33036.0
0.0,33188.0
0.0,33319.0
0.0,33434.0
0.0,33566.0
0.0,33703.0
0.0,33571.0
0.015622377395629883,33689.0
0.015622377395629883,33799.0
0.015622377395629883,33695.0
0.015622377395629883,33273.0
0.015622377395629883,33642.0
0.015622377395629883,33799.0
0.015622377395629883,33448.0
0.015622377395629883,33685.0
0.015622377395629883,33849.0
0.015622377395629883,33991.0
0.015622377395629883,33434.0
0.015622377395629883,33953.0
0.015622377395629883,33771.0
0.015622377395629883,33895.0
0.015622377395629883,34037.0
0.015622377395629883,33892.0
0.015622377395629883,34082.0
0.015622377395629883,33934.0
0.015622377395629883,32989.0
0.015622377395629883,33668.0
0.015622377395629883,33998.0
0.015622377395629883,33897.0
0.015622377395629883,34065.0
0.016875505447387695,34202.0
0.016875505447387695,33803.0
0.016875505447387695,33970.0
0.016875505447387695,34259.0
0.016875505447387695,34385.0
0.016875505447387695,34504.0
0.016875505447387695,34394.0
0.016875505447387695,34291.0
0.016875505447387695,34184.0
0.016875505447387695,34303.0
0.016875505447387695,34166.0
0.016875505447387695,34023.0
0.016875505447387695,33910.0
0.016875505447387695,34014.0
0.016875505447387695,34131.0
0.016875505447387695,34027.0
0.016875505447387695,34130.0
0.016875505447387695,34255.0
0.016875505447387695,34379.0
0.016875505447387695,34185.0
0.016875505447387695,34080.0
0.016875505447387695,34181.0
0.016875505447387695,34384.0
0.016875505447387695,33865.0
0.016875505447387695,34353.0
0.016875505447387695,34498.0
0.016875505447387695,34603.0
0.016875505447387695,34500.0
0.016875505447387695,34310.0
0.016875505447387695,34420.0
0.016875505447387695,34097.0
0.016875505447387695,33979.0
0.016875505447387695,34295.0
0.016875505447387695,34424.0
0.016875505447387695,34593.0
0.016875505447387695,34492.0
0.016875505447387695,34593.0
0.016875505447387695,34490.0
0.016875505447387695,34271.0
0.016875505447387695,34479.0
0.016875505447387695,34595.0
0.016875505447387695,34480.0
0.016875505447387695,34354.0
0.016875505447387695,34217.0
0.016875505447387695,34349.0
0.016875505447387695,34486.0
0.016875505447387695,34197.0
0.016875505447387695,34496.0
0.016875505447387695,34603.0
0.016875505447387695,34466.0
0.016875505447387695,34272.0
0.016875505447387695,34476.0
0.016875505447387695,34586.0
0.016875505447387695,34418.0
0.016875505447387695,34584.0
0.016875505447387695,34687.0
0.016875505447387695,34796.0
0.016875505447387695,33905.0
0.016875505447387695,34402.0
0.016875505447387695,34617.0
0.016875505447387695,34944.0
0.016875505447387695,34834.0
0.016875505447387695,34987.0
0.016875505447387695,34849.0
0.016875505447387695,34963.0
0.016875505447387695,34214.0
0.016875505447387695,34350.0
0.016875505447387695,34755.0
0.016875505447387695,34979.0
0.016875505447387695,34869.0
0.016875505447387695,35091.0
0.016875505447387695,35206.0
0.016875505447387695,35099.0
0.016875505447387695,35300.0
0.016875505447387695,35168.0
0.016875505447387695,34965.0
0.016875505447387695,35117.0
0.016875505447387695,34988.0
0.016875505447387695,34403.0
0.016875505447387695,35039.0
0.016875505447387695,35173.0
0.016875505447387695,35283.0
0.016875505447387695,35152.0
0.016875505447387695,34915.0
0.016875505447387695,35158.0
0.016875505447387695,35299.0
0.016875505447387695,35166.0
0.016875505447387695,35281.0
0.016875505447387695,35401.0
0.016875505447387695,35234.0
0.016875505447387695,35367.0
0.016875505447387695,35489.0
0.016875505447387695,35159.0
0.016875505447387695,35300.0
0.016875505447387695,35198.0
0.016875505447387695,35390.0
0.016875505447387695,35527.0
0.016875505447387695,35650.0
0.016875505447387695,35774.0
0.016875505447387695,35893.0
0.016875505447387695,35769.0
0.016875505447387695,35901.0
0.016875505447387695,34919.0
0.016875505447387695,35166.0
0.016875505447387695,35394.0
0.016875505447387695,35669.0
0.016875505447387695,36158.0
0.016875505447387695,36016.0
0.016875505447387695,36163.0
0.016875505447387695,36279.0
0.016875505447387695,36110.0
0.016875505447387695,36266.0
0.016875505447387695,36404.0
0.016875505447387695,36273.0
0.016875505447387695,36169.0
0.016875505447387695,36276.0
0.016875505447387695,36377.0
0.016875505447387695,36481.0
0.016875505447387695,36243.0
0.016875505447387695,36452.0
0.016875505447387695,36601.0
0.016875505447387695,36454.0
0.016875505447387695,36226.0
0.016875505447387695,36408.0
0.016875505447387695,36577.0
0.016875505447387695,36445.0
0.016875505447387695,36592.0
0.016875505447387695,36368.0
0.016875505447387695,36523.0
0.016875505447387695,36341.0
0.016875505447387695,36511.0
0.016875505447387695,36699.0
0.016875505447387695,35931.0
0.016875505447387695,36491.0
0.016875505447387695,36660.0
0.016875505447387695,36461.0
0.016875505447387695,36649.0
0.016875505447387695,36766.0
0.016875505447387695,36893.0
0.016875505447387695,37001.0
0.016875505447387695,37145.0
0.016875505447387695,37273.0
0.016875505447387695,37389.0
0.016875505447387695,37073.0
0.016875505447387695,37202.0
0.016875505447387695,37384.0
0.016875505447387695,37280.0
0.016875505447387695,37497.0
0.016875505447387695,37252.0
0.016875505447387695,37384.0
0.016875505447387695,37514.0
0.016875505447387695,37618.0
0.016875505447387695,37753.0
0.016875505447387695,37885.0
0.016875505447387695,37992.0
0.016875505447387695,38100.0
0.016875505447387695,37285.0
0.016875505447387695,37756.0
0.016875505447387695,37945.0
0.016875505447387695,38166.0
0.016875505447387695,38303.0
0.016875505447387695,38469.0
0.016875505447387695,37980.0
0.016875505447387695,38367.0
0.016875505447387695,38476.0
0.016875505447387695,38699.0
0.016875505447387695,38561.0
0.016875505447387695,38442.0
0.016875505447387695,38572.0
0.016875505447387695,38693.0
0.016875505447387695,38397.0
0.016875505447387695,38586.0
0.016875505447387695,38747.0
0.016875505447387695,38642.0
0.016875505447387695,38802.0
0.016875505447387695,38580.0
0.016875505447387695,38723.0
0.016875505447387695,38844.0
0.016875505447387695,38995.0
0.016875505447387695,38479.0
0.016875505447387695,38867.0
0.016875505447387695,39072.0
0.016875505447387695,39192.0
0.016875505447387695,39031.0
0.016875505447387695,39137.0
0.016875505447387695,39264.0
0.016875505447387695,39380.0
0.016875505447387695,39244.0
0.016875505447387695,39398.0
0.016875505447387695,39274.0
0.016875505447387695,38753.0
0.016875505447387695,38996.0
0.016875505447387695,39167.0
0.016875505447387695,39477.0
0.016875505447387695,39371.0
0.016875505447387695,39501.0
0.016875505447387695,39226.0
0.016875505447387695,39493.0
0.016875505447387695,38711.0
0.016875505447387695,38859.0
0.016875505447387695,39231.0
0.016875505447387695,39385.0
0.016875505447387695,39638.0
0.016875505447387695,39874.0
0.016875505447387695,39758.0
0.016875505447387695,39641.0
0.016875505447387695,39799.0
0.016875505447387695,39611.0
0.016875505447387695,39755.0
0.016875505447387695,39873.0
0.016875505447387695,40004.0
0.016875505447387695,39816.0
0.016875505447387695,39996.0
0.016875505447387695,39826.0
0.016875505447387695,39618.0
0.016875505447387695,39874.0
0.016875505447387695,39575.0
0.016875505447387695,39904.0
0.016875505447387695,39779.0
0.016875505447387695,39257.0
0.016875505447387695,39548.0
0.016875505447387695,39777.0
0.016875505447387695,39922.0
0.016875505447387695,39750.0
0.016875505447387695,39964.0
0.016875505447387695,40080.0
0.016875505447387695,40204.0
0.016875505447387695,40080.0
0.016875505447387695,39960.0
0.016875505447387695,39823.0
0.016875505447387695,39608.0
0.016875505447387695,39872.0
0.016875505447387695,39671.0
0.016875505447387695,39862.0
0.016875505447387695,39475.0
0.016875505447387695,39804.0
0.016875505447387695,39924.0
0.016875505447387695,40046.0
0.016875505447387695,40161.0
0.016875505447387695,40286.0
0.016875505447387695,40178.0
0.016875505447387695,39378.0
0.016875505447387695,40110.0
0.016875505447387695,40299.0
0.016875505447387695,40169.0
0.016875505447387695,40288.0
0.016875505447387695,40165.0
0.016875505447387695,40302.0
0.016875505447387695,40194.0
0.016875505447387695,39846.0
0.016875505447387695,40077.0
0.016875505447387695,39846.0
0.016875505447387695,40097.0
0.016875505447387695,40248.0
0.016875505447387695,40391.0
0.016875505447387695,40169.0
0.016875505447387695,40346.0
0.016875505447387695,40212.0
0.016875505447387695,40383.0
0.016875505447387695,40502.0
0.016875505447387695,40381.0
0.016875505447387695,40215.0
0.016875505447387695,40366.0
0.016875505447387695,40209.0
0.016875505447387695,40350.0
0.016875505447387695,40460.0
0.016875505447387695,40034.0
0.016875505447387695,40381.0
0.016875505447387695,40571.0
0.016875505447387695,40703.0
0.016875505447387695,40551.0
0.016875505447387695,40408.0
0.016875505447387695,40604.0
0.016875505447387695,40455.0
0.016875505447387695,40590.0
0.016875505447387695,40399.0
0.016875505447387695,40579.0
0.016875505447387695,40348.0
0.016875505447387695,40522.0
0.016875505447387695,40632.0
0.016875505447387695,40794.0
0.016875505447387695,40649.0
0.016875505447387695,40763.0
0.016875505447387695,40628.0
0.016875505447387695,40733.0
0.016875505447387695,40849.0
0.016875505447387695,40733.0
0.016875505447387695,40835.0
0.016875505447387695,40999.0
0.016875505447387695,40879.0
0.016875505447387695,40710.0
0.016875505447387695,40546.0
0.016875505447387695,40791.0
0.016875505447387695,40544.0
0.016875505447387695,40391.0
0.016875505447387695,40585.0
0.016875505447387695,40748.0
0.016875505447387695,40895.0
0.016875505447387695,40790.0
0.016875505447387695,40598.0
0.016875505447387695,40798.0
0.016875505447387695,40688.0
0.016875505447387695,40800.0
0.016875505447387695,40663.0
0.016875505447387695,40492.0
0.016875505447387695,40686.0
0.016875505447387695,40805.0
0.016875505447387695,40625.0
0.016875505447387695,40469.0
0.016875505447387695,40622.0
0.016875505447387695,40804.0
0.016875505447387695,40674.0
0.016875505447387695,40521.0
0.016875505447387695,40699.0
0.016875505447387695,40567.0
0.016875505447387695,39800.0
0.016875505447387695,40563.0
0.016875505447387695,40381.0
0.016875505447387695,40548.0
0.016875505447387695,40429.0
0.016875505447387695,40530.0
0.016875505447387695,40665.0
0.016875505447387695,40780.0
0.016875505447387695,40606.0
0.016875505447387695,40803.0
0.016875505447387695,40658.0
0.016875505447387695,40348.0
0.016875505447387695,40469.0
0.016875505447387695,40625.0
0.016875505447387695,40774.0
0.016875505447387695,40953.0
0.016875505447387695,41067.0
0.016875505447387695,40935.0
0.016875505447387695,40706.0
0.016875505447387695,40928.0
0.016875505447387695,41060.0
0.016875505447387695,41200.0
0.016875505447387695,41053.0
0.016875505447387695,40929.0
0.016875505447387695,40799.0
0.016875505447387695,40610.0
0.016875505447387695,40077.0
0.016875505447387695,40303.0
0.016875505447387695,40785.0
0.016875505447387695,40940.0
0.016875505447387695,40799.0
0.016875505447387695,41000.0
0.016875505447387695,41101.0
0.016875505447387695,40786.0
0.016875505447387695,40922.0
0.016875505447387695,41111.0
0.016875505447387695,41253.0
0.016875505447387695,41133.0
0.016875505447387695,41238.0
0.016875505447387695,41341.0
0.016875505447387695,41490.0
0.016875505447387695,41349.0
0.016875505447387695,41500.0
0.016875505447387695,41303.0
0.016875505447387695,41469.0
0.016875505447387695,41303.0
0.016875505447387695,41440.0
0.016875505447387695,41330.0
0.016875505447387695,41489.0
0.016875505447387695,41595.0
0.016875505447387695,41107.0
0.016875505447387695,41497.0
0.016875505447387695,41657.0
0.016875505447387695,41529.0
0.016875505447387695,41419.0
0.016875505447387695,41568.0
0.016875505447387695,41684.0
0.016875505447387695,41551.0
0.016875505447387695,41703.0
0.016875505447387695,41544.0
0.016875505447387695,41678.0
0.016875505447387695,41181.0
0.016875505447387695,41453.0
0.016875505447387695,41797.0
0.016875505447387695,41655.0
0.016875505447387695,41771.0
0.016875505447387695,41898.0
0.016875505447387695,42000.0
0.016875505447387695,41612.0
0.016875505447387695,41979.0
0.016875505447387695,42100.0
0.016875505447387695,41899.0
0.016875505447387695,42039.0
0.016875505447387695,41936.0
0.016875505447387695,42068.0
0.016875505447387695,41932.0
0.016875505447387695,42093.0
0.016875505447387695,42197.0
0.016875505447387695,42033.0
0.016875505447387695,42166.0
0.016875505447387695,42286.0
0.016875505447387695,42396.0
0.016875505447387695,42498.0
0.016875505447387695,42293.0
0.016875505447387695,42459.0
0.016875505447387695,42282.0
0.016875505447387695,42498.0
0.016875505447387695,42199.0
0.016875505447387695,42389.0
0.016875505447387695,42557.0
0.016875505447387695,42694.0
0.016875505447387695,42088.0
0.016875505447387695,42281.0
0.016875505447387695,42675.0
0.016875505447387695,42801.0
0.016875505447387695,42921.0
0.016875505447387695,43045.0
0.016875505447387695,43196.0
0.016875505447387695,43303.0
0.016875505447387695,42956.0
0.016875505447387695,43276.0
0.016875505447387695,43390.0
0.016875505447387695,43289.0
0.016875505447387695,43107.0
0.016875505447387695,43228.0
0.016875505447387695,43341.0
0.016875505447387695,43469.0
0.016875505447387695,43602.0
0.016875505447387695,43455.0
0.016875505447387695,42400.0
0.016875505447387695,42941.0
0.016875505447387695,43465.0
0.016875505447387695,43664.0
0.016875505447387695,43532.0
0.016875505447387695,43681.0
0.03147125244140625,43519.0
0.03147125244140625,43651.0
0.03147125244140625,43485.0
0.03147125244140625,43661.0
0.03147125244140625,43554.0
0.03147125244140625,43702.0
0.03147125244140625,43567.0
0.03147125244140625,43686.0
0.03147125244140625,43525.0
0.03147125244140625,43690.0
0.03147125244140625,43581.0
0.03147125244140625,43338.0
0.03147125244140625,43594.0
0.03147125244140625,43467.0
0.03147125244140625,43591.0
0.03147125244140625,43694.0
0.03147125244140625,43802.0
0.03147125244140625,43670.0
0.03147125244140625,43556.0
0.03147125244140625,43665.0
0.03147125244140625,43514.0
0.03147125244140625,43630.0
0.03147125244140625,43754.0
0.03147125244140625,43596.0
0.03147125244140625,43745.0
0.03147125244140625,43905.0
0.03147125244140625,43795.0
0.03147125244140625,43658.0
0.03147125244140625,43795.0
0.03147125244140625,43616.0
0.03147125244140625,43785.0
0.03147125244140625,43889.0
0.03147125244140625,43773.0
0.03147125244140625,43624.0
0.03147125244140625,43498.0
0.03147125244140625,43686.0
0.03147125244140625,43557.0
0.03147125244140625,43402.0
0.03147125244140625,43516.0
0.03147125244140625,43693.0
0.03147125244140625,43522.0
0.03147125244140625,43683.0
0.03147125244140625,43543.0
0.03147125244140625,43702.0
0.03147125244140625,43570.0
0.03147125244140625,43176.0
0.03147125244140625,43405.0
0.03147125244140625,43631.0
0.03147125244140625,43375.0
0.03147125244140625,43670.0
0.03147125244140625,43778.0
0.03147125244140625,43887.0
0.03147125244140625,44003.0
0.03147125244140625,43475.0
0.03147125244140625,43968.0
0.03147125244140625,43835.0
0.03147125244140625,43936.0
0.03147125244140625,44073.0
0.03147125244140625,43906.0
0.03147125244140625,43798.0
0.03147125244140625,44001.0
0.03147125244140625,43866.0
0.03147125244140625,43759.0
0.03147125244140625,43895.0
0.03147125244140625,43551.0
0.03147125244140625,43437.0
0.03147125244140625,43596.0
0.03147125244140625,43480.0
0.03147125244140625,43750.0
0.03147125244140625,43889.0
0.03147125244140625,43784.0
0.03147125244140625,43633.0
0.03147125244140625,43397.0
0.03147125244140625,43697.0
0.03147125244140625,43569.0
0.03147125244140625,43696.0
0.03147125244140625,43559.0
0.03147125244140625,43701.0
0.03147125244140625,43802.0
0.03147125244140625,43689.0
0.03147125244140625,43799.0
0.03147125244140625,43599.0
0.03147125244140625,43721.0
0.03147125244140625,43893.0
0.03147125244140625,44004.0
0.03147125244140625,43816.0
0.03147125244140625,43976.0
0.03147125244140625,44091.0
0.03147125244140625,43253.0
0.03147125244140625,43886.0
0.03147125244140625,44000.0
0.03147125244140625,44205.0
0.03147125244140625,44310.0
0.03147125244140625,44441.0
0.03147125244140625,44292.0
0.03147125244140625,43992.0
0.03147125244140625,44177.0
0.03147125244140625,44380.0
0.03147125244140625,44503.0
0.03147125244140625,44664.0
0.03147125244140625,44562.0
0.03147125244140625,44458.0
0.03147125244140625,44355.0
0.03147125244140625,44471.0
0.03147125244140625,44245.0
0.03147125244140625,44118.0
0.03147125244140625,44264.0
0.03147125244140625,44371.0
0.03147125244140625,44578.0
0.03147125244140625,44402.0
0.03147125244140625,44555.0
0.03147125244140625,44701.0
0.03147125244140625,44564.0
0.03147125244140625,44683.0
0.03147125244140625,44582.0
0.03147125244140625,44698.0
0.03147125244140625,44584.0
0.03147125244140625,44412.0
0.03147125244140625,44548.0
0.03147125244140625,44685.0
0.03147125244140625,44801.0
0.03147125244140625,44697.0
0.03147125244140625,44534.0
0.03147125244140625,44689.0
0.03147125244140625,44790.0
0.03147125244140625,44597.0
0.03147125244140625,44804.0
0.03147125244140625,44171.0
0.03147125244140625,44565.0
0.03147125244140625,44716.0
0.03147125244140625,44856.0
0.03147125244140625,44973.0
0.03147125244140625,45087.0
0.03147125244140625,44971.0
0.03147125244140625,45159.0
0.03147125244140625,45042.0
0.03147125244140625,45182.0
0.03147125244140625,45055.0
0.03147125244140625,44949.0
0.03147125244140625,44054.0
0.03147125244140625,44769.0
0.03147125244140625,44939.0
0.03147125244140625,45130.0
0.03147125244140625,44945.0
0.03147125244140625,45104.0
0.03147125244140625,45233.0
0.03147125244140625,45108.0
0.03147125244140625,45007.0
0.03147125244140625,45116.0
0.03147125244140625,45266.0
0.03147125244140625,45115.0
0.03147125244140625,45284.0
0.03147125244140625,45130.0
0.03147125244140625,45305.0
0.03147125244140625,45198.0
0.03147125244140625,45039.0
0.03147125244140625,45147.0
0.03147125244140625,45300.0
0.03147125244140625,45405.0
0.03147125244140625,45304.0
0.03147125244140625,45197.0
0.03147125244140625,45302.0
0.03147125244140625,45192.0
0.03147125244140625,45070.0
0.03147125244140625,45172.0
0.03147125244140625,45058.0
0.03147125244140625,44904.0
0.03147125244140625,45049.0
0.03147125244140625,44912.0
0.03147125244140625,45038.0
0.03147125244140625,44933.0
0.03147125244140625,44764.0
0.03147125244140625,44922.0
0.03147125244140625,45073.0
0.03147125244140625,45204.0
0.03147125244140625,45083.0
0.03147125244140625,44884.0
0.03147125244140625,45058.0
0.03147125244140625,44906.0
0.03147125244140625,45058.0
0.03147125244140625,44941.0
0.03147125244140625,45092.0
0.03147125244140625,44943.0
0.03147125244140625,44765.0
0.03147125244140625,44994.0
0.03147125244140625,45101.0
0.03147125244140625,44872.0
0.03147125244140625,45047.0
0.03147125244140625,44902.0
0.03147125244140625,45007.0
0.03147125244140625,45177.0
0.03147125244140625,45289.0
0.03147125244140625,45405.0
0.03147125244140625,45283.0
0.03147125244140625,45118.0
0.03147125244140625,45289.0
0.03147125244140625,45129.0
0.03147125244140625,44959.0
0.03147125244140625,45167.0
0.03147125244140625,44988.0
0.03147125244140625,45108.0
0.03147125244140625,45255.0
0.03147125244140625,45363.0
0.03147125244140625,45244.0
0.03147125244140625,45382.0
0.03147125244140625,45175.0
0.03147125244140625,45346.0
0.03147125244140625,45244.0
0.03147125244140625,45055.0
0.03147125244140625,45187.0
0.03147125244140625,45345.0
0.03147125244140625,45454.0
0.03147125244140625,44961.0
0.03147125244140625,45232.0
0.03147125244140625,45440.0
0.03147125244140625,45678.0
0.03147125244140625,45795.0
0.03147125244140625,45653.0
0.03147125244140625,45500.0
0.03147125244140625,45652.0
0.03147125244140625,45801.0
0.03147125244140625,45655.0
0.03147125244140625,45541.0
0.03147125244140625,45693.0
0.03147125244140625,45574.0
0.03147125244140625,45690.0
0.03147125244140625,45395.0
0.03147125244140625,45670.0
0.03147125244140625,45532.0
0.03147125244140625,45698.0
0.03147125244140625,45504.0
0.03147125244140625,45618.0
0.03147125244140625,45465.0
0.03147125244140625,45607.0
0.03147125244140625,45452.0
0.03147125244140625,45687.0
0.03147125244140625,45527.0
0.03147125244140625,45336.0
0.03147125244140625,45513.0
0.03147125244140625,45305.0
0.03147125244140625,45592.0
0.03147125244140625,45448.0
0.03147125244140625,45299.0
0.03147125244140625,45448.0
0.03147125244140625,45332.0
0.03147125244140625,45455.0
0.03147125244140625,45266.0
0.03147125244140625,45396.0
0.03147125244140625,45584.0
0.03147125244140625,45483.0
0.03147125244140625,45364.0
0.03147125244140625,45489.0
0.03147125244140625,45218.0
0.03147125244140625,45432.0
0.03147125244140625,45325.0
0.03147125244140625,45472.0
0.03147125244140625,45585.0
0.03147125244140625,45454.0
0.03147125244140625,45571.0
0.03147125244140625,45690.0
0.03147125244140625,45522.0
0.03147125244140625,45644.0
0.03147125244140625,45456.0
0.03147125244140625,45658.0
0.03147125244140625,45790.0
0.03147125244140625,45658.0
0.03147125244140625,45459.0
0.03147125244140625,45650.0
0.03147125244140625,45763.0
0.03147125244140625,45899.0
0.03147125244140625,45790.0
0.03147125244140625,45665.0
0.03147125244140625,45794.0
0.03147125244140625,45524.0
0.03147125244140625,45805.0
0.03147125244140625,45654.0
0.03147125244140625,45499.0
0.03147125244140625,45660.0
0.03147125244140625,45544.0
0.03147125244140625,45428.0
0.03147125244140625,45239.0
0.03147125244140625,44996.0
0.03147125244140625,45321.0
0.03147125244140625,45160.0
0.03147125244140625,45396.0
0.03147125244140625,45253.0
0.03147125244140625,44707.0
0.03147125244140625,45305.0
0.03147125244140625,45159.0
0.03147125244140625,45041.0
0.03147125244140625,44921.0
0.03147125244140625,45054.0
0.03147125244140625,45196.0
0.03147125244140625,45077.0
0.03147125244140625,44937.0
0.03147125244140625,45091.0
0.03147125244140625,45194.0
0.03147125244140625,45086.0
0.03147125244140625,44974.0
0.03147125244140625,44857.0
0.03147125244140625,44755.0
0.03147125244140625,44646.0
0.03147125244140625,44783.0
0.03147125244140625,44632.0
0.03147125244140625,44531.0
0.03147125244140625,44416.0
0.03147125244140625,44587.0
0.03147125244140625,44451.0
0.03147125244140625,44582.0
0.03147125244140625,44700.0
0.03147125244140625,44455.0
0.03147125244140625,44619.0
0.03147125244140625,44769.0
0.03147125244140625,44656.0
0.03147125244140625,44781.0
0.03147125244140625,44667.0
0.03147125244140625,44786.0
0.03147125244140625,44895.0
0.03147125244140625,44773.0
0.03147125244140625,44598.0
0.03147125244140625,44765.0
0.03147125244140625,44599.0
0.03147125244140625,44767.0
0.03147125244140625,44296.0
0.03147125244140625,44775.0
0.03147125244140625,44901.0
0.03147125244140625,44716.0
0.03147125244140625,44587.0
0.03147125244140625,44772.0
0.03147125244140625,44546.0
0.03147125244140625,44695.0
0.03147125244140625,44486.0
0.03147125244140625,44709.0
0.03147125244140625,44886.0
0.03147125244140625,44706.0
0.03147125244140625,44891.0
0.03147125244140625,44992.0
0.03147125244140625,44845.0
0.03147125244140625,44962.0
0.03147125244140625,45095.0
0.03147125244140625,44944.0
0.03147125244140625,45100.0
0.03147125244140625,44981.0
0.03147125244140625,44612.0
0.03147125244140625,44894.0
0.03147125244140625,44735.0
0.03147125244140625,44965.0
0.03147125244140625,44560.0
0.03147125244140625,44809.0
0.03147125244140625,45080.0
0.03147125244140625,44922.0
0.03147125244140625,44791.0
0.03147125244140625,44655.0
0.03147125244140625,44881.0
0.03147125244140625,44983.0
0.03147125244140625,44875.0
0.03147125244140625,44994.0
0.03147125244140625,44847.0
0.03147125244140625,44966.0
0.03147125244140625,44865.0
0.03147125244140625,44725.0
0.03147125244140625,44892.0
0.03147125244140625,44750.0
0.03147125244140625,44899.0
0.03147125244140625,44772.0
0.03147125244140625,44621.0
0.03147125244140625,44729.0
0.03147125244140625,44569.0
0.03147125244140625,44755.0
0.03147125244140625,44621.0
0.03147125244140625,44758.0
0.03147125244140625,44885.0
0.03147125244140625,45001.0
0.03147125244140625,44734.0
0.03147125244140625,44608.0
0.03147125244140625,44751.0
0.03147125244140625,44982.0
0.03147125244140625,44862.0
0.03147125244140625,44706.0
0.03147125244140625,44603.0
0.03147125244140625,44758.0
0.03147125244140625,44638.0
0.03147125244140625,44783.0
0.03147125244140625,44885.0
0.03147125244140625,45003.0
0.03147125244140625,44884.0
0.03147125244140625,44754.0
0.03147125244140625,44870.0
0.03147125244140625,44729.0
0.03147125244140625,44890.0
0.03147125244140625,44686.0
0.03147125244140625,44880.0
0.047106027603149414,44763.0
0.047106027603149414,44864.0
0.047106027603149414,44716.0
0.047106027603149414,44832.0
0.047106027603149414,44703.0
0.047106027603149414,44845.0
0.047106027603149414,44659.0
0.047106027603149414,44877.0
0.047106027603149414,44687.0
0.047106027603149414,44362.0
0.047106027603149414,44579.0
0.047106027603149414,44689.0
0.047106027603149414,44844.0
0.047106027603149414,44711.0
0.047106027603149414,44981.0
0.047106027603149414,44691.0
0.047106027603149414,44810.0
0.047106027603149414,44926.0
0.047106027603149414,45115.0
0.047106027603149414,45299.0
0.047106027603149414,45400.0
0.047106027603149414,45195.0
0.047106027603149414,45094.0
0.047106027603149414,45258.0
0.047106027603149414,45386.0
0.047106027603149414,45272.0
0.047106027603149414,45008.0
0.047106027603149414,45232.0
0.047106027603149414,45401.0
0.047106027603149414,45240.0
0.047106027603149414,45386.0
0.047106027603149414,45262.0
0.047106027603149414,45376.0
0.047106027603149414,45244.0
0.047106027603149414,45371.0
0.047106027603149414,45263.0
0.047106027603149414,45135.0
0.047106027603149414,45019.0
0.047106027603149414,45175.0
0.047106027603149414,45066.0
0.047106027603149414,45180.0
0.047106027603149414,45026.0
0.047106027603149414,45138.0
0.047106027603149414,45270.0
0.047106027603149414,44591.0
0.047106027603149414,45165.0
0.047106027603149414,45300.0
0.047106027603149414,45438.0
0.047106027603149414,45596.0
0.047106027603149414,45426.0
0.047106027603149414,45561.0
0.047106027603149414,45419.0
0.047106027603149414,45520.0
0.047106027603149414,45705.0
0.047106027603149414,45586.0
0.047106027603149414,45295.0
0.047106027603149414,45190.0
0.047106027603149414,45403.0
0.047106027603149414,45517.0
0.047106027603149414,45671.0
0.047106027603149414,45781.0
0.047106027603149414,45627.0
0.047106027603149414,45463.0
0.047106027603149414,45680.0
0.047106027603149414,45528.0
0.047106027603149414,45412.0
0.047106027603149414,45552.0
0.047106027603149414,45682.0
0.047106027603149414,45566.0
0.047106027603149414,45688.0
0.047106027603149414,45798.0
0.047106027603149414,45684.0
0.047106027603149414,45428.0
0.047106027603149414,45553.0
0.047106027603149414,45657.0
0.047106027603149414,45760.0
0.047106027603149414,45946.0
0.047106027603149414,46081.0
0.047106027603149414,45864.0
0.047106027603149414,46103.0
0.047106027603149414,45987.0
0.047106027603149414,45886.0
0.047106027603149414,45991.0
0.047106027603149414,45797.0
0.047106027603149414,45979.0
0.047106027603149414,46088.0
0.047106027603149414,46192.0
0.047106027603149414,46073.0
0.047106027603149414,45949.0
0.047106027603149414,46100.0
0.047106027603149414,45945.0
0.047106027603149414,46102.0
0.047106027603149414,46001.0
0.047106027603149414,45892.0
0.047106027603149414,45683.0
0.047106027603149414,45835.0
0.047106027603149414,45972.0
0.047106027603149414,46082.0
0.047106027603149414,46203.0
0.047106027603149414,46052.0
0.047106027603149414,46153.0
0.047106027603149414,46293.0
0.047106027603149414,46077.0
0.047106027603149414,46213.0
0.047106027603149414,46362.0
0.047106027603149414,46213.0
0.047106027603149414,46338.0
0.047106027603149414,46144.0
0.047106027603149414,46375.0
0.047106027603149414,46240.0
0.047106027603149414,46104.0
0.047106027603149414,46255.0
0.047106027603149414,46363.0
0.047106027603149414,46112.0
0.047106027603149414,46009.0
0.047106027603149414,46144.0
0.047106027603149414,46326.0
0.047106027603149414,46427.0
0.047106027603149414,46582.0
0.047106027603149414,46461.0
0.047106027603149414,46322.0
0.047106027603149414,46199.0
0.047106027603149414,46402.0
0.047106027603149414,46288.0
0.047106027603149414,46127.0
0.047106027603149414,46298.0
0.047106027603149414,46196.0
0.047106027603149414,45967.0
0.047106027603149414,46202.0
0.047106027603149414,46050.0
0.047106027603149414,45910.0
0.047106027603149414,45794.0
0.047106027603149414,45989.0
0.047106027603149414,45707.0
0.047106027603149414,45581.0
0.047106027603149414,45841.0
0.047106027603149414,45966.0
0.047106027603149414,46104.0
0.047106027603149414,45954.0
0.047106027603149414,45747.0
0.047106027603149414,45907.0
0.047106027603149414,46081.0
0.047106027603149414,46189.0
0.047106027603149414,45908.0
0.047106027603149414,46100.0
0.047106027603149414,45958.0
0.047106027603149414,45850.0
0.047106027603149414,45991.0
0.047106027603149414,46169.0
0.047106027603149414,46038.0
0.047106027603149414,46158.0
0.047106027603149414,46282.0
0.047106027603149414,46180.0
0.047106027603149414,46295.0
0.047106027603149414,46057.0
0.047106027603149414,46197.0
0.047106027603149414,46376.0
0.047106027603149414,46260.0
0.047106027603149414,46379.0
0.047106027603149414,46269.0
0.047106027603149414,46388.0
0.047106027603149414,46502.0
0.047106027603149414,46365.0
0.047106027603149414,46251.0
0.047106027603149414,46383.0
0.047106027603149414,46201.0
0.047106027603149414,46403.0
0.047106027603149414,46263.0
0.047106027603149414,46086.0
0.047106027603149414,46292.0
0.047106027603149414,46395.0
0.047106027603149414,46294.0
0.047106027603149414,46157.0
0.047106027603149414,46020.0
0.047106027603149414,46161.0
0.047106027603149414,46285.0
0.047106027603149414,45552.0
0.047106027603149414,45749.0
0.047106027603149414,46401.0
0.047106027603149414,46188.0
0.047106027603149414,46379.0
0.047106027603149414,46132.0
0.047106027603149414,46351.0
0.047106027603149414,46485.0
0.047106027603149414,46380.0
0.047106027603149414,46108.0
0.047106027603149414,46395.0
0.047106027603149414,46277.0
0.047106027603149414,46391.0
0.047106027603149414,46267.0
0.047106027603149414,46380.0
0.047106027603149414,46219.0
0.047106027603149414,46374.0
0.047106027603149414,46260.0
0.047106027603149414,46384.0
0.047106027603149414,46268.0
0.047106027603149414,46154.0
0.047106027603149414,46257.0
0.047106027603149414,46389.0
0.047106027603149414,46286.0
0.047106027603149414,46182.0
0.047106027603149414,46022.0
0.047106027603149414,46196.0
0.047106027603149414,46025.0
0.047106027603149414,45868.0
0.047106027603149414,46092.0
0.047106027603149414,45907.0
0.047106027603149414,46021.0
0.047106027603149414,46197.0
0.047106027603149414,46083.0
0.047106027603149414,45946.0
0.047106027603149414,45833.0
0.047106027603149414,45934.0
0.047106027603149414,46062.0
0.047106027603149414,45961.0
0.047106027603149414,46065.0
0.047106027603149414,46179.0
0.047106027603149414,46302.0
0.047106027603149414,46180.0
0.047106027603149414,46283.0
0.047106027603149414,46400.0
0.047106027603149414,46273.0
0.047106027603149414,46379.0
0.047106027603149414,46276.0
0.047106027603149414,46377.0
0.047106027603149414,46481.0
0.047106027603149414,46362.0
0.047106027603149414,46504.0
0.047106027603149414,46403.0
0.047106027603149414,46255.0
0.047106027603149414,46131.0
0.047106027603149414,46030.0
0.047106027603149414,46194.0
0.047106027603149414,46296.0
0.047106027603149414,46173.0
0.047106027603149414,46004.0
0.047106027603149414,46163.0
0.047106027603149414,46287.0
0.047106027603149414,46150.0
0.047106027603149414,46260.0
0.047106027603149414,46376.0
0.047106027603149414,46267.0
0.047106027603149414,46077.0
0.047106027603149414,46287.0
0.047106027603149414,46118.0
0.047106027603149414,46273.0
0.047106027603149414,46378.0
0.047106027603149414,46494.0
0.047106027603149414,46602.0
0.047106027603149414,46435.0
0.047106027603149414,46586.0
0.047106027603149414,46704.0
0.047106027603149414,46512.0
0.047106027603149414,46633.0
0.047106027603149414,46794.0
0.047106027603149414,46689.0
0.047106027603149414,46571.0
0.047106027603149414,46459.0
0.047106027603149414,46587.0
0.047106027603149414,46420.0
0.047106027603149414,46589.0
0.047106027603149414,46488.0
0.047106027603149414,46589.0
0.047106027603149414,46394.0
0.047106027603149414,46515.0
0.047106027603149414,46374.0
0.047106027603149414,46549.0
0.047106027603149414,46650.0
0.047106027603149414,46786.0
0.047106027603149414,46212.0
0.047106027603149414,46546.0
0.047106027603149414,46842.0
0.047106027603149414,46977.0
0.047106027603149414,46875.0
0.047106027603149414,46994.0
0.047106027603149414,46843.0
0.047106027603149414,46687.0
0.047106027603149414,46868.0
0.047106027603149414,46724.0
0.047106027603149414,46879.0
0.047106027603149414,46768.0
0.047106027603149414,46645.0
0.047106027603149414,46496.0
0.047106027603149414,46703.0
0.047106027603149414,46560.0
0.047106027603149414,46432.0
0.047106027603149414,46262.0
0.047106027603149414,46422.0
0.047106027603149414,46532.0
0.047106027603149414,46649.0
0.047106027603149414,46545.0
0.047106027603149414,46412.0
0.047106027603149414,46570.0
0.047106027603149414,46697.0
0.047106027603149414,46533.0
0.047106027603149414,46691.0
0.047106027603149414,46795.0
0.047106027603149414,46896.0
0.0627293586730957,46997.0
0.0627293586730957,46839.0
0.0627293586730957,46967.0
0.0627293586730957,46842.0
0.0627293586730957,46985.0
0.0627293586730957,46810.0
0.0627293586730957,46983.0
0.0627293586730957,46825.0
0.0627293586730957,46709.0
0.06343603134155273,46588.0
0.06343603134155273,46760.0
0.06343603134155273,46578.0
0.06343603134155273,46738.0
0.06343603134155273,46613.0
0.06343603134155273,46794.0
0.06343603134155273,46625.0
0.06343603134155273,46778.0
0.06343603134155273,46643.0
0.06343603134155273,46518.0
0.06343603134155273,46684.0
0.06343603134155273,46481.0
0.06343603134155273,46690.0
0.06343603134155273,46467.0
0.06343603134155273,46651.0
0.06343603134155273,46784.0
0.06343603134155273,46654.0
0.06343603134155273,46517.0
0.06343603134155273,46293.0
0.06343603134155273,46542.0
0.06343603134155273,46682.0
0.06343603134155273,46791.0
0.06343603134155273,46636.0
0.06343603134155273,46762.0
0.06343603134155273,46593.0
0.06343603134155273,46781.0
0.06343603134155273,46643.0
0.06343603134155273,46750.0
0.06343603134155273,46899.0
0.06343603134155273,46765.0
0.06343603134155273,46638.0
0.06343603134155273,46472.0
0.06343603134155273,46678.0
0.06343603134155273,46558.0
0.06343603134155273,46674.0
0.06343603134155273,46468.0
0.06343603134155273,46666.0
0.06343603134155273,46560.0
0.06343603134155273,46445.0
0.06343603134155273,46158.0
0.06343603134155273,46385.0
0.06343603134155273,46487.0
0.06343603134155273,46700.0
0.06343603134155273,46599.0
0.06343603134155273,46704.0
0.06343603134155273,46552.0
0.06343603134155273,46695.0
0.06343603134155273,46537.0
0.06343603134155273,46433.0
0.06343603134155273,46560.0
0.06343603134155273,46425.0
0.06343603134155273,46602.0
0.06802129745483398,46416.0
0.06802129745483398,46295.0
0.06802129745483398,46420.0
0.06802129745483398,46586.0
0.06802129745483398,46441.0
0.06802129745483398,46555.0
0.06802129745483398,46428.0
0.06802129745483398,46323.0
0.06802129745483398,46503.0
0.06802129745483398,46389.0
0.06802129745483398,46505.0
0.06802129745483398,46358.0
0.06802129745483398,46225.0
0.06802129745483398,46120.0
0.06802129745483398,46240.0
0.06802129745483398,46404.0
0.06802129745483398,46232.0
0.06802129745483398,46122.0
0.06802129745483398,46288.0
0.06802129745483398,46145.0
0.06802129745483398,45970.0
0.06802129745483398,46138.0
0.06802129745483398,46291.0
0.06802129745483398,46120.0
0.06802129745483398,45994.0
0.06802129745483398,45887.0
0.06802129745483398,46022.0
0.06802129745483398,46193.0
0.06802129745483398,45983.0
0.06802129745483398,46089.0
0.06802129745483398,46275.0
0.06802129745483398,46376.0
0.06802129745483398,46272.0
0.06802129745483398,46113.0
0.06802129745483398,46272.0
0.06802129745483398,46395.0
0.06802129745483398,46292.0
0.06802129745483398,46393.0
0.06802129745483398,46247.0
0.06802129745483398,46383.0
0.06802129745483398,46134.0
0.06802129745483398,46267.0
0.06802129745483398,46404.0
0.06802129745483398,46279.0
0.06802129745483398,46077.0
0.06802129745483398,46355.0
0.06802129745483398,46463.0
0.06802129745483398,46600.0
0.06802129745483398,46497.0
0.06802129745483398,46602.0
0.06802129745483398,46453.0
0.06802129745483398,46604.0
0.06802129745483398,46480.0
0.06802129745483398,46356.0
0.06802129745483398,46022.0
0.06802129745483398,46212.0
0.06802129745483398,46442.0
0.06802129745483398,46583.0
0.06802129745483398,46701.0
0.06802129745483398,46591.0
0.06802129745483398,46705.0
0.06802129745483398,46572.0
0.06802129745483398,46453.0
0.06802129745483398,46301.0
0.06802129745483398,46467.0
0.06802129745483398,46592.0
0.06802129745483398,46457.0
0.06802129745483398,46280.0
0.06802129745483398,46464.0
0.06802129745483398,46574.0
0.06802129745483398,46703.0
0.06802129745483398,46588.0
0.06802129745483398,46382.0
0.06802129745483398,46498.0
0.06802129745483398,46649.0
0.06802129745483398,46774.0
0.06802129745483398,46901.0
0.06802129745483398,46750.0
0.06802129745483398,46641.0
0.06802129745483398,46793.0
0.06802129745483398,46897.0
0.06802129745483398,46733.0
0.06802129745483398,46567.0
0.06802129745483398,46793.0
0.06802129745483398,46653.0
0.06802129745483398,46795.0
0.06802129745483398,46643.0
0.06802129745483398,46795.0
0.06802129745483398,46569.0
0.06802129745483398,46716.0
0.06802129745483398,46891.0
0.06802129745483398,47004.0
0.06802129745483398,46819.0
0.06802129745483398,46965.0
0.06802129745483398,47098.0
0.06802129745483398,46921.0
0.06802129745483398,47055.0
0.06802129745483398,46947.0
0.07861638069152832,46730.0
0.07861638069152832,46953.0
0.07861638069152832,46769.0
0.07861638069152832,46646.0
0.07861638069152832,46515.0
0.07861638069152832,46681.0
0.07861638069152832,46816.0
0.07861638069152832,46603.0
0.07861638069152832,46781.0
0.07861638069152832,46935.0
0.07861638069152832,47036.0
0.07861638069152832,47173.0
0.07861638069152832,47292.0
0.07861638069152832,47180.0
0.07861638069152832,47070.0
0.07861638069152832,46949.0
0.07861638069152832,46813.0
0.07861638069152832,46929.0
0.07861638069152832,47099.0
0.07861638069152832,46991.0
0.07861638069152832,47098.0
0.07861638069152832,46951.0
0.07861638069152832,46819.0
0.07861638069152832,46953.0
0.07861638069152832,47098.0
0.07861638069152832,46997.0
0.07861638069152832,46824.0
0.07861638069152832,46973.0
0.07861638069152832,47103.0
0.07861638069152832,46984.0
0.07861638069152832,46878.0
0.07861638069152832,46770.0
0.07861638069152832,46604.0
0.07861638069152832,46718.0
0.07861638069152832,46581.0
0.07861638069152832,46426.0
0.07861638069152832,46557.0
0.07861638069152832,46667.0
0.07861638069152832,46848.0
0.07861638069152832,46963.0
0.07861638069152832,47103.0
0.07861638069152832,46962.0
0.07861638069152832,46778.0
0.07861638069152832,46930.0
0.07861638069152832,47091.0
0.07861638069152832,46923.0
0.07861638069152832,47031.0
0.07861638069152832,47167.0
0.07861638069152832,47279.0
0.07861638069152832,47385.0
0.07861638069152832,47503.0
0.07861638069152832,47401.0
0.07861638069152832,47266.0
0.07861638069152832,47391.0
0.07861638069152832,47271.0
0.07861638069152832,47152.0
0.07861638069152832,47274.0
0.07861638069152832,47384.0
0.07861638069152832,47166.0
0.07861638069152832,47360.0
0.07861638069152832,47259.0
0.07861638069152832,47382.0
0.07861638069152832,47245.0
0.07861638069152832,47126.0
0.07861638069152832,47246.0
0.07861638069152832,47387.0
0.07861638069152832,47279.0
0.07861638069152832,47381.0
0.07861638069152832,47228.0
0.07861638069152832,47381.0
0.07861638069152832,47493.0
0.07861638069152832,47357.0
0.07861638069152832,47481.0
0.07861638069152832,47307.0
0.07861638069152832,47454.0
0.07861638069152832,47314.0
0.07861638069152832,47199.0
0.07861638069152832,47360.0
0.07861638069152832,47469.0
0.07861638069152832,47271.0
0.07861638069152832,47484.0
0.07861638069152832,47600.0
0.07861638069152832,47448.0
0.07861638069152832,47590.0
0.07861638069152832,47483.0
0.07861638069152832,47588.0
0.07861638069152832,47483.0
0.07861638069152832,47351.0
0.07861638069152832,47479.0
0.07861638069152832,47372.0
0.07861638069152832,47499.0
0.07861638069152832,47389.0
0.07861638069152832,47284.0
0.07861638069152832,47093.0
0.07861638069152832,47197.0
0.07861638069152832,47362.0
0.07861638069152832,47159.0
0.07861638069152832,47283.0
0.07861638069152832,47441.0
0.07861638069152832,47591.0
0.07861638069152832,47698.0
0.09462618827819824,47584.0
0.09462618827819824,47313.0
0.09462618827819824,47465.0
0.09462618827819824,47601.0
0.09462618827819824,47762.0
0.09462618827819824,47863.0
0.09462618827819824,47985.0
0.09462618827819824,47749.0
0.09462618827819824,47987.0
0.09462618827819824,47811.0
0.09462618827819824,47916.0
0.09462618827819824,48104.0
0.09462618827819824,47881.0
0.09462618827819824,47720.0
0.09462618827819824,47496.0
0.09462618827819824,47880.0
0.09462618827819824,47725.0
0.09462618827819824,47891.0
0.09462618827819824,47784.0
0.09462618827819824,47659.0
0.09462618827819824,47543.0
0.09462618827819824,47659.0
0.09462618827819824,47773.0
0.09462618827819824,47621.0
0.09462618827819824,47343.0
0.09462618827819824,47623.0
0.09462618827819824,47514.0
0.09462618827819824,47679.0
0.09462618827819824,47558.0
0.09462618827819824,47672.0
0.09462618827819824,47553.0
0.09462618827819824,47703.0
0.09462618827819824,47544.0
0.09462618827819824,47693.0
0.09462618827819824,47532.0
0.09462618827819824,47669.0
0.09462618827819824,47515.0
0.09462618827819824,47681.0
0.09462618827819824,47798.0
0.09462618827819824,47697.0
0.09462618827819824,47542.0
0.09462618827819824,47684.0
0.09462618827819824,47789.0
0.09462618827819824,47679.0
0.09462618827819824,47530.0
0.09462618827819824,47637.0
0.09462618827819824,47774.0
0.09462618827819824,47900.0
0.09462618827819824,47776.0
0.09462618827819824,47899.0
0.09462618827819824,47776.0
0.09462618827819824,47899.0
0.09462618827819824,47722.0
0.09462618827819824,47841.0
0.09462618827819824,47961.0
0.09462618827819824,47847.0
0.09462618827819824,47971.0
0.09462618827819824,48085.0
0.09462618827819824,47957.0
0.09462618827819824,48105.0
0.09462618827819824,47992.0
0.09462618827819824,47827.0
0.09462618827819824,47657.0
0.09462618827819824,47837.0
0.09462618827819824,47986.0
0.09462618827819824,48087.0
0.09462618827819824,47927.0
0.09462618827819824,48070.0
0.09462618827819824,47949.0
0.09462618827819824,47845.0
0.09462618827819824,47991.0
0.09462618827819824,48092.0
0.09462618827819824,48200.0
0.09462618827819824,48012.0
0.09462618827819824,48114.0
0.09462618827819824,48269.0
0.09462618827819824,48384.0
0.09462618827819824,48494.0
0.09462618827819824,48604.0
0.09462618827819824,48473.0
0.09462618827819824,48234.0
0.09462618827819824,48502.0
0.09462618827819824,48336.0
0.09462618827819824,48222.0
0.09462618827819824,48353.0
0.09462618827819824,48216.0
0.09462618827819824,48351.0
0.09462618827819824,48180.0
0.09462618827819824,48057.0
0.09462618827819824,48218.0
0.09462618827819824,48381.0
0.09462618827819824,48220.0
0.09462618827819824,48357.0
0.09462618827819824,48202.0
0.09462618827819824,48305.0
0.09462618827819824,48485.0
0.09462618827819824,48594.0
0.09462618827819824,48702.0
0.11072158813476562,48585.0
0.11072158813476562,48702.0
0.11072158813476562,48586.0
0.11072158813476562,48703.0
0.11072158813476562,48570.0
0.11072158813476562,48691.0
0.11072158813476562,48549.0
0.11072158813476562,48656.0
0.11072158813476562,48784.0
0.11072158813476562,48659.0
0.11072158813476562,48794.0
0.11072158813476562,48693.0
0.11072158813476562,48804.0
0.11072158813476562,48703.0
0.11072158813476562,48804.0
0.11072158813476562,48702.0
0.11072158813476562,48584.0
0.11072158813476562,48704.0
0.11072158813476562,48569.0
0.11072158813476562,48678.0
0.11072158813476562,48529.0
0.11072158813476562,48428.0
0.11072158813476562,48263.0
0.11072158813476562,48501.0
0.11072158813476562,48390.0
0.11072158813476562,48282.0
0.11072158813476562,48385.0
0.11072158813476562,48504.0
0.11072158813476562,48388.0
0.11072158813476562,48274.0
0.11072158813476562,48158.0
0.11072158813476562,48293.0
0.11072158813476562,48177.0
0.11072158813476562,48302.0
0.11072158813476562,48121.0
0.11072158813476562,47978.0
0.11072158813476562,47851.0
0.11072158813476562,48002.0
0.11072158813476562,48133.0
0.11072158813476562,48271.0
0.11072158813476562,48390.0
0.11072158813476562,48281.0
0.11072158813476562,48388.0
0.11072158813476562,48264.0
0.11072158813476562,48148.0
0.11072158813476562,48261.0
0.11072158813476562,48377.0
0.11072158813476562,48500.0
0.11072158813476562,48603.0
0.11072158813476562,48498.0
0.11072158813476562,48291.0
0.11072158813476562,48177.0
0.11072158813476562,48379.0
0.11072158813476562,48488.0
0.11072158813476562,48333.0
0.11072158813476562,48231.0
0.11072158813476562,48360.0
0.11072158813476562,48259.0
0.11072158813476562,48108.0
0.11072158813476562,48299.0
0.11072158813476562,48403.0
0.11072158813476562,48278.0
0.11072158813476562,48143.0
0.11072158813476562,48292.0
0.11072158813476562,48394.0
0.11072158813476562,48282.0
0.11072158813476562,48401.0
0.11072158813476562,48284.0
0.11072158813476562,48402.0
0.11072158813476562,48270.0
0.11072158813476562,48371.0
0.11072158813476562,48218.0
0.11072158813476562,48360.0
0.11072158813476562,48241.0
0.11072158813476562,48374.0
0.11072158813476562,48223.0
0.11072158813476562,48367.0
0.11072158813476562,48472.0
0.11072158813476562,48596.0
0.11072158813476562,48421.0
0.11072158813476562,48577.0
0.11072158813476562,48696.0
0.12648463249206543,48574.0
0.12648463249206543,48689.0
0.12648463249206543,48803.0
0.12648463249206543,48697.0
0.12648463249206543,48582.0
0.12648463249206543,48688.0
0.12648463249206543,48587.0
0.12648463249206543,48477.0
0.12648463249206543,48596.0
0.12648463249206543,48408.0
0.12648463249206543,48563.0
0.12648463249206543,48677.0
0.12648463249206543,48527.0
0.12648463249206543,48659.0
0.12648463249206543,48789.0
0.12648463249206543,48899.0
0.12648463249206543,48781.0
0.12648463249206543,48654.0
0.12648463249206543,48796.0
0.12648463249206543,48693.0
0.12648463249206543,48586.0
0.12648463249206543,48702.0
0.12648463249206543,48597.0
0.12648463249206543,48698.0
0.12648463249206543,48579.0
0.12648463249206543,48680.0
0.12648463249206543,48801.0
0.12648463249206543,48682.0
0.12648463249206543,48801.0
0.12648463249206543,48903.0
0.12648463249206543,48789.0
0.12648463249206543,48899.0
0.12648463249206543,48697.0
0.12648463249206543,48886.0
0.12648463249206543,48777.0
0.12648463249206543,48882.0
0.12648463249206543,48778.0
0.12648463249206543,48895.0
0.1422741413116455,48788.0
0.1422741413116455,48660.0
0.1422741413116455,48774.0
0.1422741413116455,48895.0
0.1430039405822754,48996.0
0.1430039405822754,49105.0
0.1430039405822754,48992.0
0.1430039405822754,49099.0
0.1430039405822754,48997.0
0.1430039405822754,48848.0
0.1430039405822754,48989.0
0.1430039405822754,48865.0
0.1430039405822754,48977.0
0.1430039405822754,49084.0
0.1430039405822754,48940.0
0.1430039405822754,49089.0
0.1430039405822754,48988.0
0.1430039405822754,49092.0
0.1430039405822754,49203.0
0.1430039405822754,49304.0
0.1430039405822754,49157.0
0.1430039405822754,49277.0
0.1430039405822754,49141.0
0.1430039405822754,49290.0
0.1430039405822754,49162.0
0.1430039405822754,49299.0
0.1430039405822754,49064.0
0.1430039405822754,49305.0
0.1430039405822754,49163.0
0.1430039405822754,49300.0
0.1430039405822754,49184.0
0.1430039405822754,49286.0
0.1430039405822754,49402.0
0.1430039405822754,49295.0
0.1430039405822754,49167.0
0.1430039405822754,49292.0
0.1430039405822754,49126.0
0.1430039405822754,49252.0
0.1430039405822754,49403.0
0.1430039405822754,49278.0
0.1430039405822754,49382.0
0.1430039405822754,49498.0
0.1430039405822754,49202.0
0.1430039405822754,49345.0
0.1430039405822754,49459.0
0.1430039405822754,49674.0
0.1430039405822754,49539.0
0.1430039405822754,49680.0
0.1430039405822754,49788.0
0.1430039405822754,49897.0
0.15809845924377441,49778.0
0.15809845924377441,49897.0
0.15809845924377441,49796.0
0.15809845924377441,49670.0
0.15809845924377441,49800.0
0.15809845924377441,49670.0
0.15809845924377441,49783.0
0.15809845924377441,49898.0
0.15809845924377441,49788.0
0.15809845924377441,49683.0
0.15809845924377441,49790.0
0.15809845924377441,49904.0
0.15809845924377441,49794.0
0.15809845924377441,49901.0
0.15809845924377441,49761.0
0.15809845924377441,49894.0
0.15809845924377441,49736.0
0.15809845924377441,49891.0
0.15809845924377441,49992.0
0.1681957244873047,49868.0
0.1681957244873047,49989.0
0.1681957244873047,50104.0
0.1681957244873047,49991.0
0.1681957244873047,50104.0
0.1681957244873047,49988.0
0.1742851734161377,50104.0
0.17653250694274902,49953.0
0.17653250694274902,50089.0
0.17653250694274902,50194.0
0.17653250694274902,50299.0
0.17653250694274902,50402.0
