0.0,58724.0
0.0,59435.0
0.0,59682.0
0.0,59796.0
0.0,59916.0
0.0,59773.0
0.0,59892.0
0.0,60004.0
0.0,60109.0
0.0,60219.0
0.0,59977.0
0.0,60207.0
0.0,59688.0
0.0,60096.0
0.0,60204.0
0.0,60378.0
0.0,60486.0
0.0,60607.0
0.0,60708.0
0.0,60162.0
0.0,60294.0
0.0,60812.0
0.0,60916.0
0.0,60022.0
0.0,60478.0
0.0,60783.0
0.0,60998.0
0.0,61150.0
0.0,61260.0
0.0,61407.0
0.0,60973.0
0.0,61208.0
0.0,61310.0
0.0,61568.0
0.0,61711.0
0.0,61816.0
0.0,61919.0
0.0,61362.0
0.0,61604.0
0.0,61943.0
0.0,62048.0
0.0,62212.0
0.0,62005.0
0.0,62167.0
0.0,62292.0
0.0,62398.0
0.0,62507.0
0.0,62335.0
0.0,62444.0
0.0,62612.0
0.0,62374.0
0.0,62525.0
0.0,62713.0
0.0,62126.0
0.0,62658.0
0.0,62769.0
0.0,62899.0
0.0,63000.0
0.0,62770.0
0.0,62920.0
0.0,63037.0
0.0,63145.0
0.0,63251.0
0.0,63398.0
0.0,63500.0
0.0,63602.0
0.0,63713.0
0.0,62718.0
0.0,63078.0
0.0,63215.0
0.0,63730.0
0.0,63950.0
0.0,64092.0
0.0,64216.0
0.0,64317.0
0.0,64216.0
0.0,64070.0
0.0,64186.0
0.0,64319.0
0.0,63967.0
0.0,64288.0
0.0,64414.0
0.0,64515.0
0.0,64619.0
0.0,64467.0
0.0,64607.0
0.0,63890.0
0.0,64353.0
0.0,64575.0
0.0,64766.0
0.0,63875.0
0.0,64546.0
0.0,64800.0
0.0,64970.0
0.0,65102.0
0.0,65206.0
0.0,65318.0
0.0,65419.0
0.0,65286.0
0.0,65399.0
0.0,64936.0
0.0,65279.0
0.0,65439.0
0.0,65562.0
0.0,65461.0
0.0,65590.0
0.0,65709.0
0.0,65814.0
0.0,65916.0
0.0,65809.0
0.0,65919.0
0.0,65800.0
0.0,65909.0
0.0,65739.0
0.0,65906.0
0.0,65652.0
0.0,65844.0
0.0,65993.0
0.0,66094.0
0.0,65968.0
0.0,66103.0
0.0,66212.0
0.0,66020.0
0.0,66203.0
0.0,66086.0
0.0,66197.0
0.0,66312.0
0.0,66090.0
0.0,65723.0
0.0,66058.0
0.0,66201.0
0.0,66315.0
0.0,66482.0
0.0,66599.0
0.0,66493.0
0.0,66609.0
0.0,66374.0
0.0,66551.0
0.0,66700.0
0.0,66819.0
0.0,66672.0
0.0,66478.0
0.0,66596.0
0.0,66819.0
0.0,66717.0
0.0,66819.0
0.0,66642.0
0.0,66810.0
0.0,66709.0
0.0,66515.0
0.0,66626.0
0.0,66789.0
0.0,66681.0
0.0,66806.0
0.0,66702.0
0.0,66814.0
0.0,66915.0
0.0,66803.0
0.0,66919.0
0.0,66614.0
0.0,66505.0
0.0,66629.0
0.0,66888.0
0.0,67003.0
0.0,66895.0
0.0,67011.0
0.0,67116.0
0.0,66995.0
0.0,67111.0
0.0,67217.0
0.0,67109.0
0.0,66867.0
0.0,66987.0
0.0,67179.0
0.0,66963.0
0.0,67158.0
0.0,67270.0
0.0,67394.0
0.0,67495.0
0.0,67617.0
0.0,67453.0
0.0,67601.0
0.0,67717.0
0.0,67818.0
0.0,66946.0
0.0,67305.0
0.0,67447.0
0.0,67655.0
0.0,68008.0
0.0,68166.0
0.0,67944.0
0.0,68187.0
0.0,68315.0
0.0,68117.0
0.0,68309.0
0.0,68410.0
0.0,68288.0
0.0,67682.0
0.0,67823.0
0.0,68299.0
0.0,68458.0
0.0,67632.0
0.0,68139.0
0.0,68543.0
0.0,68677.0
0.0,68812.0
0.0,68629.0
0.0,68796.0
0.0,68677.0
0.0,68799.0
0.0,68918.0
0.0,68805.0
0.0,68912.0
0.0,69015.0
0.0,68865.0
0.0,68753.0
0.0,68874.0
0.0,68999.0
0.0,68878.0
0.0,68750.0
0.0,68875.0
0.0,68726.0
0.0,68885.0
0.0,68769.0
0.0,68911.0
0.0,68787.0
0.0,68901.0
0.0,68786.0
0.0,68916.0
0.0156252384185791,68792.0
0.0156252384185791,68900.0
0.0156252384185791,68783.0
0.0156252384185791,68912.0
0.0156252384185791,68811.0
0.0156252384185791,68700.0
0.0156252384185791,68806.0
0.0156252384185791,68677.0
0.0156252384185791,68778.0
0.0156252384185791,68611.0
0.0156252384185791,68810.0
0.0156252384185791,68642.0
0.0156252384185791,68282.0
0.0156252384185791,68683.0
0.0156252384185791,68790.0
0.0156252384185791,68918.0
0.0156252384185791,68710.0
0.0156252384185791,68890.0
0.0156252384185791,69016.0
0.0156252384185791,68387.0
0.0156252384185791,68782.0
0.0156252384185791,68934.0
0.0156252384185791,69090.0
0.0156252384185791,69273.0
0.0156252384185791,69383.0
0.0156252384185791,69035.0
0.0156252384185791,69405.0
0.0156252384185791,69299.0
0.0156252384185791,69198.0
0.0156252384185791,69092.0
0.0156252384185791,68941.0
0.0156252384185791,69046.0
0.0156252384185791,69183.0
0.0156252384185791,69292.0
0.0156252384185791,69411.0
0.0156252384185791,69279.0
0.0156252384185791,69084.0
0.0156252384185791,69258.0
0.0156252384185791,69379.0
0.0156252384185791,69509.0
0.0156252384185791,69619.0
0.0156252384185791,69510.0
0.0156252384185791,69409.0
0.0156252384185791,69293.0
0.0156252384185791,69163.0
0.0156252384185791,69266.0
0.0156252384185791,69407.0
0.0156252384185791,69513.0
0.0156252384185791,69321.0
0.0156252384185791,69426.0
0.0156252384185791,69310.0
0.0156252384185791,69428.0
0.0156252384185791,69544.0
0.0156252384185791,69377.0
0.0156252384185791,69522.0
0.0156252384185791,69658.0
0.0156252384185791,69814.0
0.0156252384185791,69626.0
0.0156252384185791,69819.0
0.0156252384185791,69397.0
0.0156252384185791,69533.0
0.0156252384185791,69746.0
0.0156252384185791,69907.0
0.0156252384185791,70075.0
0.0156252384185791,70185.0
0.0156252384185791,70311.0
0.0156252384185791,70208.0
0.0156252384185791,70316.0
0.0156252384185791,70206.0
0.0156252384185791,69232.0
0.0156252384185791,69565.0
0.0156252384185791,69928.0
0.0156252384185791,70355.0
0.0156252384185791,70516.0
0.0156252384185791,70174.0
0.0156252384185791,70515.0
0.0156252384185791,70410.0
0.0156252384185791,70515.0
0.0156252384185791,70318.0
0.0156252384185791,70472.0
0.0156252384185791,70608.0
0.0156252384185791,70204.0
0.0156252384185791,70490.0
0.0156252384185791,70651.0
0.0156252384185791,70785.0
0.0156252384185791,70903.0
0.0156252384185791,70798.0
0.0156252384185791,70390.0
0.0156252384185791,70686.0
0.0156252384185791,70843.0
0.0156252384185791,70987.0
0.0156252384185791,70859.0
0.0156252384185791,70992.0
0.0156252384185791,70793.0
0.0156252384185791,70900.0
0.0156252384185791,71037.0
0.0156252384185791,71172.0
0.0156252384185791,70819.0
0.0156252384185791,71014.0
0.0156252384185791,71308.0
0.0156252384185791,71410.0
0.0156252384185791,71308.0
0.0156252384185791,71206.0
0.0156252384185791,70910.0
0.0156252384185791,70663.0
0.0156252384185791,70812.0
0.0156252384185791,71051.0
0.0156252384185791,71159.0
0.0156252384185791,71343.0
0.0156252384185791,71457.0
0.0156252384185791,71338.0
0.0156252384185791,71473.0
0.0156252384185791,71601.0
0.0156252384185791,71716.0
0.0156252384185791,71596.0
0.0156252384185791,71714.0
0.0156252384185791,71604.0
0.0156252384185791,71464.0
0.0156252384185791,71619.0
0.0156252384185791,71494.0
0.0156252384185791,71035.0
0.0156252384185791,71309.0
0.0156252384185791,71199.0
0.0156252384185791,71487.0
0.0156252384185791,71608.0
0.0156252384185791,71446.0
0.0156252384185791,71601.0
0.0156252384185791,71717.0
0.0156252384185791,71819.0
0.0156252384185791,71665.0
0.0156252384185791,71807.0
0.0156252384185791,70862.0
0.0156252384185791,71454.0
0.0156252384185791,71708.0
0.0156252384185791,71897.0
0.0156252384185791,72075.0
0.0156252384185791,72191.0
0.0156252384185791,72065.0
0.0156252384185791,72215.0
0.0156252384185791,72096.0
0.0156252384185791,72200.0
0.0156252384185791,72095.0
0.0156252384185791,71762.0
0.0156252384185791,71967.0
0.0156252384185791,72173.0
0.0156252384185791,72307.0
0.0156252384185791,72412.0
0.0156252384185791,72309.0
0.0156252384185791,72176.0
0.0156252384185791,72298.0
0.0156252384185791,72413.0
0.0156252384185791,71498.0
0.0156252384185791,71642.0
0.0156252384185791,72325.0
0.0156252384185791,72475.0
0.0156252384185791,72646.0
0.0156252384185791,72795.0
0.0156252384185791,72650.0
0.0156252384185791,72783.0
0.0156252384185791,72908.0
0.0156252384185791,72764.0
0.0156252384185791,72912.0
0.0156252384185791,72738.0
0.0156252384185791,72889.0
0.0156252384185791,72433.0
0.0156252384185791,72805.0
0.0156252384185791,72627.0
0.0156252384185791,72777.0
0.0156252384185791,72937.0
0.0156252384185791,72800.0
0.0156252384185791,72678.0
0.0156252384185791,72878.0
0.0156252384185791,73014.0
0.0156252384185791,72867.0
0.0156252384185791,72701.0
0.0156252384185791,72860.0
0.0156252384185791,72730.0
0.0156252384185791,72897.0
0.0156252384185791,73017.0
0.0156252384185791,72778.0
0.0156252384185791,72919.0
0.0156252384185791,73110.0
0.0156252384185791,73217.0
0.0156252384185791,73068.0
0.0156252384185791,73184.0
0.0156252384185791,73299.0
0.0156252384185791,73401.0
0.0156252384185791,73511.0
0.0156252384185791,72766.0
0.0156252384185791,73136.0
0.0156252384185791,73476.0
0.0156252384185791,73627.0
0.0156252384185791,73776.0
0.0156252384185791,73902.0
0.0156252384185791,73374.0
0.0156252384185791,73618.0
0.0156252384185791,73734.0
0.0156252384185791,74087.0
0.0156252384185791,74188.0
0.0156252384185791,74044.0
0.0156252384185791,74175.0
0.0156252384185791,74016.0
0.0156252384185791,74121.0
0.0156252384185791,74287.0
0.0156252384185791,74395.0
0.0156252384185791,74284.0
0.0156252384185791,74414.0
0.0156252384185791,74266.0
0.0156252384185791,74400.0
0.0156252384185791,74237.0
0.0156252384185791,74419.0
0.0156252384185791,74213.0
0.0156252384185791,74375.0
0.0156252384185791,74494.0
0.0156252384185791,74617.0
0.0156252384185791,74719.0
0.0156252384185791,74595.0
0.0156252384185791,74469.0
0.0156252384185791,74602.0
0.0156252384185791,74718.0
0.0156252384185791,74081.0
0.0156252384185791,74377.0
0.0156252384185791,74703.0
0.0156252384185791,74910.0
0.0156252384185791,74778.0
0.0156252384185791,74617.0
0.0156252384185791,74801.0
0.0156252384185791,74904.0
0.0156252384185791,74755.0
0.0156252384185791,74540.0
0.0156252384185791,74681.0
0.0156252384185791,74861.0
0.0156252384185791,74965.0
0.0156252384185791,75107.0
0.0156252384185791,75209.0
0.0156252384185791,75102.0
0.0156252384185791,74971.0
0.0156252384185791,74809.0
0.0156252384185791,75003.0
0.0156252384185791,74870.0
0.0156252384185791,75006.0
0.0156252384185791,75115.0
0.0156252384185791,74251.0
0.0156252384185791,74942.0
0.0156252384185791,75091.0
0.0156252384185791,75198.0
0.0156252384185791,75378.0
0.0156252384185791,75493.0
0.0156252384185791,75351.0
0.0156252384185791,75455.0
0.0156252384185791,75572.0
0.0156252384185791,75685.0
0.0156252384185791,75800.0
0.0156252384185791,75651.0
0.0156252384185791,75770.0
0.0156252384185791,75906.0
0.0156252384185791,76017.0
0.0156252384185791,75916.0
0.0156252384185791,75805.0
0.0156252384185791,75906.0
0.0156252384185791,75781.0
0.0156252384185791,75909.0
0.0156252384185791,76017.0
0.0156252384185791,75883.0
0.0156252384185791,76012.0
0.0156252384185791,76113.0
0.03124237060546875,75977.0
0.03124237060546875,76092.0
0.03124237060546875,76214.0
0.03124237060546875,75543.0
0.03124237060546875,76026.0
0.03124237060546875,76170.0
0.03124237060546875,76356.0
0.03124237060546875,76493.0
0.03124237060546875,76336.0
0.03124237060546875,76476.0
0.03124237060546875,76318.0
0.03124237060546875,76454.0
0.03124237060546875,76615.0
0.03124237060546875,76243.0
0.03124237060546875,76369.0
0.03124237060546875,76496.0
0.03124237060546875,76692.0
0.03124237060546875,76914.0
0.03124237060546875,76579.0
0.03124237060546875,76850.0
0.03124237060546875,76964.0
0.03124237060546875,77090.0
0.03124237060546875,77206.0
0.03124237060546875,76836.0
0.03124237060546875,77070.0
0.03124237060546875,77236.0
0.03124237060546875,77394.0
0.03124237060546875,77518.0
0.03124237060546875,77155.0
0.03124237060546875,77401.0
0.03124237060546875,77564.0
0.03124237060546875,77667.0
0.03124237060546875,76967.0
0.03124237060546875,77657.0
0.03124237060546875,77520.0
0.03124237060546875,77636.0
0.03124237060546875,77786.0
0.03124237060546875,77670.0
0.03124237060546875,77795.0
0.03124237060546875,77679.0
0.03124237060546875,77383.0
0.03124237060546875,77539.0
0.03124237060546875,77730.0
0.03124237060546875,77911.0
0.03124237060546875,77810.0
0.03124237060546875,77701.0
0.03124237060546875,77194.0
0.03124237060546875,77446.0
0.03124237060546875,77547.0
0.03124237060546875,77690.0
0.03124237060546875,78013.0
0.03124237060546875,77610.0
0.03124237060546875,77911.0
0.03124237060546875,77759.0
0.03124237060546875,77993.0
0.03124237060546875,77884.0
0.03124237060546875,78016.0
0.03124237060546875,77901.0
0.03124237060546875,78016.0
0.03124237060546875,77908.0
0.03124237060546875,77804.0
0.03124237060546875,77703.0
0.03124237060546875,77552.0
0.03124237060546875,77653.0
0.03124237060546875,77812.0
0.03124237060546875,77672.0
0.03124237060546875,77814.0
0.03124237060546875,77655.0
0.03124237060546875,77539.0
0.03124237060546875,77681.0
0.03124237060546875,77817.0
0.03124237060546875,77676.0
0.03124237060546875,77809.0
0.03124237060546875,77342.0
0.03124237060546875,77505.0
0.03124237060546875,77806.0
0.03124237060546875,77965.0
0.03124237060546875,77774.0
0.03124237060546875,77978.0
0.03124237060546875,78118.0
0.03124237060546875,77938.0
0.03124237060546875,78100.0
0.03124237060546875,77985.0
0.03124237060546875,78099.0
0.03124237060546875,78214.0
0.03684091567993164,77447.0
0.03684091567993164,78110.0
0.03684091567993164,78285.0
0.03684091567993164,78409.0
0.03684091567993164,78293.0
0.03684091567993164,78417.0
0.03684091567993164,78275.0
0.03684091567993164,78408.0
0.03684091567993164,78284.0
0.03684091567993164,78417.0
0.03684091567993164,78305.0
0.03684091567993164,78191.0
0.03684091567993164,78071.0
0.03684091567993164,78208.0
0.03684091567993164,78028.0
0.03684091567993164,78173.0
0.03684091567993164,78037.0
0.03684091567993164,78151.0
0.03684091567993164,78276.0
0.03684091567993164,78134.0
0.03684091567993164,78238.0
0.03684091567993164,78378.0
0.03684091567993164,78499.0
0.03684091567993164,78383.0
0.03684091567993164,78268.0
0.03684091567993164,78378.0
0.03684091567993164,78252.0
0.03684091567993164,78389.0
0.03684091567993164,77874.0
0.03684091567993164,78307.0
0.03684091567993164,78408.0
0.03684091567993164,78529.0
0.03684091567993164,78657.0
0.03684091567993164,78769.0
0.03684091567993164,78887.0
0.03684091567993164,78564.0
0.03684091567993164,78703.0
0.03684091567993164,78831.0
0.03684091567993164,78955.0
0.03684091567993164,78148.0
0.03684091567993164,79003.0
0.03684091567993164,79166.0
0.03684091567993164,78992.0
0.03684091567993164,79172.0
0.03684091567993164,79294.0
0.03684091567993164,79403.0
0.03684091567993164,79149.0
0.03684091567993164,79338.0
0.03684091567993164,79205.0
0.03684091567993164,79378.0
0.03684091567993164,79236.0
0.03684091567993164,79378.0
0.03684091567993164,79513.0
0.03684091567993164,79388.0
0.03684091567993164,79265.0
0.03684091567993164,79370.0
0.03684091567993164,79245.0
0.03684091567993164,79143.0
0.03684091567993164,78558.0
0.03684091567993164,79162.0
0.03684091567993164,79014.0
0.03684091567993164,79157.0
0.03684091567993164,79306.0
0.03684091567993164,79185.0
0.03684091567993164,79075.0
0.03684091567993164,78973.0
0.03684091567993164,79096.0
0.03684091567993164,78991.0
0.03684091567993164,79118.0
0.03684091567993164,78792.0
0.03684091567993164,78688.0
0.03684091567993164,79018.0
0.03684091567993164,78730.0
0.03684091567993164,78995.0
0.03684091567993164,79107.0
0.03684091567993164,79216.0
0.03684091567993164,79112.0
0.03684091567993164,78997.0
0.03684091567993164,78754.0
0.03684091567993164,78913.0
0.03684091567993164,79111.0
0.03684091567993164,78918.0
0.03684091567993164,79050.0
0.03684091567993164,78932.0
0.03684091567993164,79075.0
0.03684091567993164,79211.0
0.03684091567993164,79314.0
0.03684091567993164,79212.0
0.03684091567993164,79053.0
0.03684091567993164,78949.0
0.03684091567993164,79066.0
0.03684091567993164,79208.0
0.03684091567993164,79041.0
0.03684091567993164,79203.0
0.03684091567993164,79309.0
0.03684091567993164,79197.0
0.03684091567993164,79311.0
0.03684091567993164,79417.0
0.03684091567993164,79309.0
0.03684091567993164,79204.0
0.03684091567993164,79099.0
0.03684091567993164,78981.0
0.03684091567993164,79102.0
0.03684091567993164,79218.0
0.03684091567993164,79082.0
0.03684091567993164,78946.0
0.03684091567993164,79053.0
0.03684091567993164,79175.0
0.03684091567993164,79318.0
0.03684091567993164,79214.0
0.03684091567993164,79064.0
0.03684091567993164,79172.0
0.03684091567993164,79298.0
0.03684091567993164,79189.0
0.03684091567993164,79040.0
0.03684091567993164,79173.0
0.03684091567993164,79017.0
0.03684091567993164,78883.0
0.03684091567993164,79118.0
0.03684091567993164,78996.0
0.03684091567993164,78875.0
0.03684091567993164,78761.0
0.03684091567993164,78891.0
0.03684091567993164,79005.0
0.03684091567993164,78870.0
0.03684091567993164,79003.0
0.04743814468383789,78822.0
0.04743814468383789,78663.0
0.04743814468383789,78898.0
0.04743814468383789,79011.0
0.04743814468383789,78766.0
0.04743814468383789,78870.0
0.04743814468383789,79013.0
0.04743814468383789,79205.0
0.04743814468383789,79013.0
0.04743814468383789,79116.0
0.04743814468383789,79277.0
0.04743814468383789,79170.0
0.04743814468383789,79278.0
0.04743814468383789,79384.0
0.04743814468383789,79509.0
0.04743814468383789,79350.0
0.04743814468383789,79507.0
0.04743814468383789,79393.0
0.04743814468383789,79276.0
0.04743814468383789,79115.0
0.04743814468383789,78980.0
0.04743814468383789,79214.0
0.04743814468383789,79085.0
0.04743814468383789,79203.0
0.04743814468383789,78999.0
0.04743814468383789,78838.0
0.04743814468383789,78943.0
0.04743814468383789,79162.0
0.04743814468383789,79307.0
0.04743814468383789,79168.0
0.04743814468383789,79269.0
0.04743814468383789,79418.0
0.04743814468383789,79019.0
0.04743814468383789,79275.0
0.04743814468383789,79494.0
0.04743814468383789,79389.0
0.04743814468383789,79514.0
0.04743814468383789,79381.0
0.04743814468383789,79494.0
0.04743814468383789,79618.0
0.04743814468383789,79455.0
0.04743814468383789,79597.0
0.04743814468383789,79455.0
0.04743814468383789,79587.0
0.04743814468383789,79691.0
0.04743814468383789,79575.0
0.04743814468383789,79449.0
0.04743814468383789,79112.0
0.04743814468383789,79506.0
0.04743814468383789,79340.0
0.04743814468383789,79476.0
0.04743814468383789,79321.0
0.04743814468383789,79220.0
0.04743814468383789,78877.0
0.04743814468383789,79090.0
0.04743814468383789,79213.0
0.04743814468383789,79112.0
0.04743814468383789,79266.0
0.04743814468383789,79408.0
0.04743814468383789,79514.0
0.04743814468383789,79671.0
0.04743814468383789,79815.0
0.04743814468383789,79557.0
0.04743814468383789,79716.0
0.04743814468383789,79891.0
0.04743814468383789,80015.0
0.04743814468383789,79716.0
0.04743814468383789,79999.0
0.04743814468383789,80101.0
0.04743814468383789,79999.0
0.04743814468383789,80115.0
0.04743814468383789,80006.0
0.04743814468383789,80118.0
0.04743814468383789,79975.0
0.04743814468383789,80093.0
0.04743814468383789,80194.0
0.04743814468383789,80080.0
0.04743814468383789,79947.0
0.04743814468383789,80099.0
0.04743814468383789,79957.0
0.04743814468383789,80067.0
0.04743814468383789,80218.0
0.04743814468383789,80112.0
0.04743814468383789,80213.0
0.04743814468383789,80112.0
0.04743814468383789,79990.0
0.04743814468383789,80110.0
0.04743814468383789,80211.0
0.04743814468383789,80006.0
0.04743814468383789,80161.0
0.04743814468383789,80283.0
0.04743814468383789,80099.0
0.04743814468383789,80314.0
0.04743814468383789,80181.0
0.04743814468383789,79962.0
0.04743814468383789,80098.0
0.04743814468383789,80257.0
0.04743814468383789,80400.0
0.04743814468383789,80240.0
0.04743814468383789,80369.0
0.04743814468383789,80198.0
0.04743814468383789,80379.0
0.04743814468383789,80276.0
0.04743814468383789,80127.0
0.04743814468383789,80015.0
0.04743814468383789,80173.0
0.04743814468383789,79740.0
0.04743814468383789,79454.0
0.04743814468383789,79701.0
0.04743814468383789,80070.0
0.04743814468383789,80248.0
0.04743814468383789,80147.0
0.04743814468383789,80307.0
0.04743814468383789,80172.0
0.04743814468383789,79851.0
0.04743814468383789,80006.0
0.04743814468383789,80191.0
0.04743814468383789,79957.0
0.04743814468383789,80157.0
0.04743814468383789,80370.0
0.04743814468383789,80505.0
0.04743814468383789,80394.0
0.04743814468383789,80194.0
0.04743814468383789,80325.0
0.04743814468383789,80517.0
0.04743814468383789,80148.0
0.04743814468383789,79935.0
0.04743814468383789,80193.0
0.04743814468383789,80489.0
0.04743814468383789,80322.0
0.04743814468383789,80507.0
0.04743814468383789,80380.0
0.04743814468383789,80221.0
0.04743814468383789,80032.0
0.04743814468383789,80178.0
0.04743814468383789,80351.0
0.04743814468383789,80495.0
0.04743814468383789,80377.0
0.04743814468383789,80510.0
0.04743814468383789,80615.0
0.04743814468383789,80470.0
0.04743814468383789,80616.0
0.04743814468383789,79947.0
0.04743814468383789,80122.0
0.04743814468383789,80497.0
0.04743814468383789,80689.0
0.04743814468383789,80840.0
0.04743814468383789,80739.0
0.04743814468383789,80870.0
0.04743814468383789,81013.0
0.04743814468383789,80778.0
0.04743814468383789,80882.0
0.04743814468383789,81108.0
0.04743814468383789,81209.0
0.04743814468383789,81318.0
0.04743814468383789,81217.0
0.04743814468383789,81081.0
0.04743814468383789,80921.0
0.04743814468383789,81043.0
0.04743814468383789,81197.0
0.04743814468383789,81060.0
0.04743814468383789,81191.0
0.04743814468383789,81307.0
0.04743814468383789,81156.0
0.04743814468383789,81007.0
0.04743814468383789,81189.0
0.04743814468383789,80997.0
0.04743814468383789,81207.0
0.04743814468383789,81052.0
0.04743814468383789,80951.0
0.04743814468383789,81119.0
0.04743814468383789,80960.0
0.04743814468383789,81098.0
0.04743814468383789,81213.0
0.04743814468383789,81110.0
0.04743814468383789,80992.0
0.04743814468383789,80881.0
0.04743814468383789,80995.0
0.04743814468383789,80867.0
0.04743814468383789,80995.0
0.04743814468383789,80894.0
0.04743814468383789,80766.0
0.04743814468383789,80653.0
0.04743814468383789,80782.0
0.04743814468383789,80895.0
0.04743814468383789,81017.0
0.04743814468383789,80884.0
0.04743814468383789,81017.0
0.04743814468383789,80797.0
0.04743814468383789,80959.0
0.04743814468383789,81076.0
0.04743814468383789,81208.0
0.04743814468383789,80995.0
0.04743814468383789,81209.0
0.04743814468383789,81046.0
0.04743814468383789,81213.0
0.04743814468383789,81319.0
0.04743814468383789,81169.0
0.04743814468383789,81298.0
0.04743814468383789,81183.0
0.04743814468383789,81297.0
0.04743814468383789,81407.0
0.06314921379089355,81512.0
0.06314921379089355,81613.0
0.06375408172607422,81417.0
0.06375408172607422,81146.0
0.06375408172607422,81421.0
0.06375408172607422,81592.0
0.06375408172607422,81449.0
0.06375408172607422,81577.0
0.06375408172607422,81457.0
0.06375408172607422,81616.0
0.06375408172607422,81498.0
0.06375408172607422,81607.0
0.06375408172607422,81710.0
0.06375408172607422,81594.0
0.06375408172607422,81450.0
0.06375408172607422,81565.0
0.06375408172607422,81684.0
0.06375408172607422,81541.0
0.06375408172607422,81716.0
0.06375408172607422,81558.0
0.06375408172607422,81700.0
0.06375408172607422,81583.0
0.06375408172607422,81403.0
0.06375408172607422,81607.0
0.06375408172607422,81491.0
0.06375408172607422,81375.0
0.06375408172607422,81476.0
0.06375408172607422,81347.0
0.06375408172607422,81497.0
0.06375408172607422,81376.0
0.06375408172607422,81247.0
0.06375408172607422,81394.0
0.06375408172607422,81275.0
0.06375408172607422,81060.0
0.06375408172607422,81286.0
0.06375408172607422,81393.0
0.06375408172607422,81287.0
0.06375408172607422,81169.0
0.06375408172607422,81305.0
0.06375408172607422,81198.0
0.06375408172607422,81317.0
0.06375408172607422,81061.0
0.06375408172607422,81292.0
0.06375408172607422,81178.0
0.06375408172607422,81066.0
0.06375408172607422,81201.0
0.06375408172607422,81094.0
0.06375408172607422,81211.0
0.06375408172607422,81109.0
0.06375408172607422,80995.0
0.06375408172607422,81107.0
0.06375408172607422,80986.0
0.06375408172607422,80692.0
0.06375408172607422,80883.0
0.06375408172607422,80985.0
0.06375408172607422,81091.0
0.06375408172607422,81237.0
0.06375408172607422,80547.0
0.06375408172607422,80809.0
0.06375408172607422,81347.0
0.06375408172607422,81496.0
0.06375408172607422,81354.0
0.06375408172607422,81504.0
0.06375408172607422,81376.0
0.06375408172607422,81496.0
0.06375408172607422,81338.0
0.06375408172607422,81487.0
0.06375408172607422,81604.0
0.06375408172607422,81460.0
0.06375408172607422,81612.0
0.06375408172607422,81503.0
0.06375408172607422,81612.0
0.06375408172607422,81507.0
0.06375408172607422,81380.0
0.06375408172607422,81219.0
0.06375408172607422,81365.0
0.06375408172607422,80995.0
0.06375408172607422,81142.0
0.06375408172607422,81477.0
0.06375408172607422,81589.0
0.06375408172607422,81427.0
0.06375408172607422,81569.0
0.06375408172607422,81713.0
0.06375408172607422,81608.0
0.06375408172607422,81466.0
0.06375408172607422,81568.0
0.06375408172607422,81446.0
0.06375408172607422,81332.0
0.06375408172607422,81443.0
0.06375408172607422,81303.0
0.06375408172607422,81508.0
0.06375408172607422,81375.0
0.06375408172607422,81498.0
0.06375408172607422,81608.0
0.06375408172607422,81495.0
0.06375408172607422,81612.0
0.06375408172607422,81504.0
0.06375408172607422,81605.0
0.06375408172607422,81719.0
0.06375408172607422,81588.0
0.06375408172607422,81455.0
0.06375408172607422,81606.0
0.06375408172607422,81498.0
0.06375408172607422,81383.0
0.06375408172607422,81518.0
0.06375408172607422,81392.0
0.06375408172607422,81515.0
0.06375408172607422,81414.0
0.06375408172607422,81305.0
0.06375408172607422,81410.0
0.06375408172607422,81513.0
0.06375408172607422,81407.0
0.06375408172607422,80874.0
0.06375408172607422,81405.0
0.06375408172607422,80929.0
0.06375408172607422,81294.0
0.06375408172607422,81498.0
0.06375408172607422,81348.0
0.06375408172607422,81487.0
0.06375408172607422,81617.0
0.06375408172607422,81474.0
0.06375408172607422,81616.0
0.06375408172607422,81486.0
0.06375408172607422,81618.0
0.06375408172607422,81516.0
0.06375408172607422,81341.0
0.06375408172607422,81442.0
0.06375408172607422,81336.0
0.06375408172607422,81469.0
0.06375408172607422,81334.0
0.06375408172607422,81476.0
0.06375408172607422,81326.0
0.06375408172607422,81487.0
0.06375408172607422,81601.0
0.06375408172607422,81457.0
0.06375408172607422,81056.0
0.06375408172607422,81473.0
0.06375408172607422,81368.0
0.06375408172607422,81490.0
0.06375408172607422,81617.0
0.06375408172607422,81500.0
0.06375408172607422,81398.0
0.06375408172607422,81206.0
0.06375408172607422,81369.0
0.07926034927368164,81508.0
0.07926034927368164,81400.0
0.07926034927368164,81519.0
0.07926034927368164,81418.0
0.07926034927368164,81311.0
0.07926034927368164,81188.0
0.07926034927368164,81316.0
0.07926034927368164,81180.0
0.07926034927368164,81284.0
0.07926034927368164,81399.0
0.07926034927368164,81263.0
0.07926034927368164,81385.0
0.07926034927368164,81500.0
0.07926034927368164,81204.0
0.07926034927368164,81434.0
0.07926034927368164,81585.0
0.07926034927368164,81695.0
0.07926034927368164,81539.0
0.07926034927368164,81713.0
0.07926034927368164,81818.0
0.07926034927368164,81618.0
0.07926034927368164,81738.0
0.07926034927368164,81552.0
0.07926034927368164,81762.0
0.07926034927368164,81871.0
0.07926034927368164,81994.0
0.07926034927368164,81852.0
0.07926034927368164,82016.0
0.07926034927368164,81894.0
0.07926034927368164,81743.0
0.07926034927368164,81636.0
0.07926034927368164,81817.0
0.07926034927368164,81684.0
0.07926034927368164,81791.0
0.07926034927368164,81668.0
0.07926034927368164,81506.0
0.07926034927368164,81653.0
0.07926034927368164,81520.0
0.07926034927368164,81693.0
0.07926034927368164,81592.0
0.07926034927368164,81706.0
0.07926034927368164,81807.0
0.07926034927368164,81917.0
0.07926034927368164,81742.0
0.07926034927368164,81874.0
0.07926034927368164,82001.0
0.07926034927368164,82119.0
0.07926034927368164,81951.0
0.07926034927368164,82116.0
0.07926034927368164,81992.0
0.07926034927368164,81819.0
0.07926034927368164,82014.0
0.07926034927368164,81908.0
0.07926034927368164,82016.0
0.07926034927368164,81911.0
0.07926034927368164,81769.0
0.07926034927368164,81909.0
0.07926034927368164,82011.0
0.07926034927368164,82112.0
0.07926034927368164,81941.0
0.07926034927368164,82069.0
0.07926034927368164,82196.0
0.07926034927368164,82015.0
0.07926034927368164,82164.0
0.07926034927368164,82288.0
0.07926034927368164,82399.0
0.07926034927368164,82500.0
0.07926034927368164,82363.0
0.07926034927368164,82253.0
0.07926034927368164,82405.0
0.07926034927368164,82292.0
0.07926034927368164,82416.0
0.07926034927368164,82262.0
0.07926034927368164,82375.0
0.07926034927368164,82489.0
0.07926034927368164,82348.0
0.07926034927368164,82480.0
0.07926034927368164,82344.0
0.07926034927368164,82516.0
0.07926034927368164,82388.0
0.07926034927368164,82224.0
0.07926034927368164,82395.0
0.07926034927368164,82112.0
0.07926034927368164,82330.0
0.07926034927368164,82457.0
0.07926034927368164,82572.0
0.07926034927368164,82469.0
0.07926034927368164,82611.0
0.07926034927368164,82506.0
0.07926034927368164,82395.0
0.07926034927368164,82246.0
0.07926034927368164,82366.0
0.07926034927368164,82507.0
0.07926034927368164,82382.0
0.07926034927368164,82225.0
0.07926034927368164,82403.0
0.07926034927368164,82509.0
0.07926034927368164,82618.0
0.07926034927368164,82508.0
0.07926034927368164,82383.0
0.07926034927368164,82516.0
0.07926034927368164,82355.0
0.07926034927368164,82514.0
0.07926034927368164,82617.0
0.07926034927368164,82502.0
0.07926034927368164,82611.0
0.07926034927368164,82510.0
0.07926034927368164,82611.0
0.07926034927368164,82481.0
0.07926034927368164,82610.0
0.07926034927368164,82713.0
0.09496641159057617,82815.0
0.09496641159057617,82701.0
0.09496641159057617,82572.0
0.09496641159057617,82709.0
0.09496641159057617,82595.0
0.09496641159057617,82718.0
0.09496641159057617,82605.0
0.09496641159057617,82476.0
0.09496641159057617,82334.0
0.09496641159057617,82467.0
0.09496641159057617,82616.0
0.09496641159057617,82484.0
0.09496641159057617,82617.0
0.09496641159057617,82454.0
0.09496641159057617,82601.0
0.09496641159057617,82718.0
0.09496641159057617,82594.0
0.09496641159057617,82402.0
0.09496641159057617,82582.0
0.09496641159057617,82436.0
0.09496641159057617,82607.0
0.09496641159057617,82484.0
0.09496641159057617,82616.0
0.09496641159057617,82484.0
0.09496641159057617,82614.0
0.09496641159057617,82392.0
0.09496641159057617,82528.0
0.09496641159057617,82425.0
0.09496641159057617,82602.0
0.09496641159057617,82498.0
0.09496641159057617,82362.0
0.09496641159057617,82492.0
0.09496641159057617,82312.0
0.09496641159057617,82468.0
0.09496641159057617,82583.0
0.09496641159057617,82697.0
0.09496641159057617,82811.0
0.09496641159057617,82913.0
0.09496641159057617,82803.0
0.09496641159057617,82904.0
0.09496641159057617,82785.0
0.09496641159057617,82634.0
0.09496641159057617,82815.0
0.09496641159057617,82916.0
0.09496641159057617,82398.0
0.09496641159057617,82561.0
0.09496641159057617,82765.0
0.09496641159057617,82998.0
0.09496641159057617,82875.0
0.09496641159057617,83107.0
0.09496641159057617,82976.0
0.09496641159057617,82875.0
0.09496641159057617,82753.0
0.09496641159057617,82872.0
0.09496641159057617,82975.0
0.09496641159057617,82828.0
0.09496641159057617,83006.0
0.09496641159057617,83116.0
0.09496641159057617,82964.0
0.09496641159057617,83115.0
0.09496641159057617,82956.0
0.09496641159057617,83112.0
0.09496641159057617,83214.0
0.09496641159057617,83100.0
0.09496641159057617,83212.0
0.09496641159057617,83071.0
0.09496641159057617,82946.0
0.09496641159057617,83118.0
0.09496641159057617,82968.0
0.09496641159057617,82800.0
0.09496641159057617,83012.0
0.09496641159057617,82877.0
0.09496641159057617,83002.0
0.09496641159057617,82843.0
0.09496641159057617,82728.0
0.09496641159057617,82845.0
0.09496641159057617,82947.0
0.09496641159057617,83103.0
0.09496641159057617,82954.0
0.09496641159057617,83112.0
0.09496641159057617,83217.0
0.09496641159057617,82986.0
0.09496641159057617,83181.0
0.09496641159057617,83020.0
0.09496641159057617,83163.0
0.09496641159057617,83054.0
0.09496641159057617,83196.0
0.09496641159057617,83302.0
0.09496641159057617,82943.0
0.09496641159057617,83194.0
0.09496641159057617,83335.0
0.09496641159057617,83487.0
0.09496641159057617,83386.0
0.09496641159057617,83488.0
0.09496641159057617,83592.0
0.09496641159057617,83476.0
0.09496641159057617,83611.0
0.09496641159057617,83471.0
0.09496641159057617,83325.0
0.09496641159057617,83458.0
0.09496641159057617,83248.0
0.09496641159057617,83446.0
0.09496641159057617,83271.0
0.09496641159057617,83486.0
0.09496641159057617,83607.0
0.09496641159057617,83708.0
0.09496641159057617,83814.0
0.09496641159057617,83678.0
0.09496641159057617,83568.0
0.09496641159057617,83712.0
0.09496641159057617,83576.0
0.09496641159057617,83686.0
0.09496641159057617,83787.0
0.09496641159057617,83654.0
0.09496641159057617,83766.0
0.09496641159057617,83886.0
0.09496641159057617,83705.0
0.09496641159057617,83838.0
0.09496641159057617,83711.0
0.09496641159057617,83879.0
0.09496641159057617,84003.0
0.09496641159057617,83897.0
0.09496641159057617,84002.0
0.09496641159057617,83850.0
0.09496641159057617,83692.0
0.09496641159057617,83507.0
0.09496641159057617,83715.0
0.09496641159057617,83603.0
0.09496641159057617,83814.0
0.09496641159057617,83711.0
0.09496641159057617,83815.0
0.09496641159057617,83679.0
0.09496641159057617,83532.0
0.09496641159057617,83672.0
0.09496641159057617,83819.0
0.11059403419494629,83689.0
0.11059403419494629,83808.0
0.11059403419494629,83676.0
0.11059403419494629,83503.0
0.11059403419494629,83716.0
0.11059403419494629,83600.0
0.11059403419494629,83370.0
0.11059403419494629,83558.0
0.11059403419494629,83453.0
0.11059403419494629,83576.0
0.11059403419494629,83702.0
0.11059403419494629,83815.0
0.11059403419494629,83683.0
0.11059403419494629,83802.0
0.11059403419494629,83681.0
0.11059403419494629,83578.0
0.11059403419494629,83687.0
0.11059403419494629,83797.0
0.11059403419494629,83913.0
0.11059403419494629,83798.0
0.11059403419494629,83563.0
0.11059403419494629,83795.0
0.11059403419494629,83918.0
0.11059403419494629,83786.0
0.11059403419494629,83919.0
0.11059403419494629,83803.0
0.11059403419494629,83919.0
0.11059403419494629,83799.0
0.11059403419494629,83689.0
0.11059403419494629,83556.0
0.11059403419494629,83683.0
0.11059403419494629,83816.0
0.11059403419494629,83715.0
0.11059403419494629,83559.0
0.11059403419494629,83711.0
0.11059403419494629,83522.0
0.11059403419494629,83696.0
0.11059403419494629,83819.0
0.11059403419494629,83714.0
0.11059403419494629,83606.0
0.11059403419494629,83435.0
0.11059403419494629,83558.0
0.11059403419494629,83701.0
0.11059403419494629,83813.0
0.11059403419494629,83599.0
0.11059403419494629,83479.0
0.11059403419494629,83632.0
0.11059403419494629,83812.0
0.11059403419494629,83705.0
0.11059403419494629,83591.0
0.11059403419494629,83482.0
0.11059403419494629,83596.0
0.11059403419494629,83699.0
0.11059403419494629,83550.0
0.11059403419494629,83299.0
0.11059403419494629,83509.0
0.11059403419494629,83715.0
0.11059403419494629,83605.0
0.11059403419494629,83502.0
0.11059403419494629,83605.0
0.11059403419494629,83710.0
0.11059403419494629,83811.0
0.11059403419494629,83687.0
0.11059403419494629,83806.0
0.11059403419494629,83591.0
0.11059403419494629,83469.0
0.11059403419494629,83262.0
0.11059403419494629,83459.0
0.11059403419494629,83713.0
0.11059403419494629,83509.0
0.11059403419494629,83673.0
0.11059403419494629,83440.0
0.11059403419494629,83693.0
0.11059403419494629,83803.0
0.11059403419494629,83908.0
0.11059403419494629,83796.0
0.11059403419494629,83621.0
0.11059403419494629,83775.0
0.11059403419494629,83633.0
0.11059403419494629,83818.0
0.11059403419494629,83647.0
0.11059403419494629,83530.0
0.11059403419494629,83658.0
0.11059403419494629,83809.0
0.11059403419494629,83674.0
0.11059403419494629,83789.0
0.11059403419494629,83688.0
0.11059403419494629,83558.0
0.11059403419494629,83713.0
0.11059403419494629,83612.0
0.11059403419494629,83507.0
0.11059403419494629,83399.0
0.11059403419494629,83514.0
0.11059403419494629,83333.0
0.11059403419494629,83210.0
0.11059403419494629,83393.0
0.11059403419494629,83515.0
0.11059403419494629,83400.0
0.11059403419494629,83205.0
0.11059403419494629,83417.0
0.11059403419494629,83304.0
0.11059403419494629,83194.0
0.11059403419494629,83296.0
0.11059403419494629,83397.0
0.11059403419494629,83278.0
0.11059403419494629,83398.0
0.11059403419494629,83188.0
0.11059403419494629,83296.0
0.11059403419494629,83467.0
0.11059403419494629,83568.0
0.11059403419494629,83687.0
0.11059403419494629,83796.0
0.11059403419494629,83654.0
0.11059403419494629,83789.0
0.11059403419494629,83659.0
0.11059403419494629,83773.0
0.11059403419494629,83886.0
0.11059403419494629,83759.0
0.11059403419494629,83885.0
0.11059403419494629,83995.0
0.11059403419494629,83891.0
0.11059403419494629,84007.0
0.11059403419494629,83853.0
0.11059403419494629,83963.0
0.11059403419494629,83860.0
0.1261436939239502,83976.0
0.1261436939239502,84104.0
0.1261436939239502,83978.0
0.1261436939239502,84083.0
0.1261436939239502,83981.0
0.1261436939239502,84117.0
0.1261436939239502,84007.0
0.1261436939239502,84115.0
0.1261436939239502,83972.0
0.1261436939239502,84108.0
0.1261436939239502,84006.0
0.1261436939239502,83895.0
0.1261436939239502,83752.0
0.1261436939239502,83913.0
0.1261436939239502,83790.0
0.1261436939239502,83910.0
0.1261436939239502,83778.0
0.1261436939239502,83659.0
0.1261436939239502,83775.0
0.1261436939239502,83877.0
0.1261436939239502,83994.0
0.1261436939239502,83892.0
0.1261436939239502,84001.0
0.1261436939239502,84104.0
0.1261436939239502,83898.0
0.1261436939239502,84034.0
0.1261436939239502,84175.0
0.1261436939239502,84043.0
0.1261436939239502,83872.0
0.1261436939239502,84086.0
0.1261436939239502,83977.0
0.1261436939239502,84096.0
0.1261436939239502,84217.0
0.1261436939239502,84051.0
0.1261436939239502,84200.0
0.1261436939239502,84045.0
0.1261436939239502,84151.0
0.1261436939239502,84272.0
0.1261436939239502,84404.0
0.1261436939239502,84226.0
0.1261436939239502,84014.0
0.1261436939239502,84239.0
0.1261436939239502,84374.0
0.1261436939239502,84264.0
0.1261436939239502,84415.0
0.1261436939239502,84296.0
0.1261436939239502,84405.0
0.1261436939239502,84282.0
0.1261436939239502,84418.0
0.1261436939239502,84267.0
0.1261436939239502,84394.0
0.1261436939239502,84507.0
0.1261436939239502,84611.0
0.1261436939239502,84713.0
0.1261436939239502,84598.0
0.1371612548828125,84496.0
0.1371612548828125,84604.0
0.1371612548828125,84466.0
0.1371612548828125,84595.0
0.1371612548828125,84696.0
0.1371612548828125,84561.0
0.1371612548828125,84686.0
0.1371612548828125,84790.0
0.1371612548828125,84900.0
0.1371612548828125,84792.0
0.1371612548828125,84917.0
0.1371612548828125,84776.0
0.1371612548828125,84901.0
0.1371612548828125,85009.0
0.1371612548828125,84853.0
0.1371612548828125,85002.0
0.1371612548828125,85113.0
0.1371612548828125,85012.0
0.1371612548828125,84903.0
0.1371612548828125,84794.0
0.1371612548828125,84659.0
0.14216971397399902,84802.0
0.14216971397399902,84701.0
0.14324235916137695,84597.0
0.14324235916137695,84719.0
0.14324235916137695,84536.0
0.14324235916137695,84697.0
0.14324235916137695,84803.0
0.14324235916137695,84697.0
0.14324235916137695,84816.0
0.14324235916137695,84692.0
0.14324235916137695,84796.0
0.14324235916137695,84897.0
0.14324235916137695,84999.0
0.14324235916137695,84819.0
0.14324235916137695,84696.0
0.14324235916137695,84855.0
0.14324235916137695,84703.0
0.14324235916137695,84808.0
0.14324235916137695,84935.0
0.14324235916137695,85103.0
0.14324235916137695,84994.0
0.14324235916137695,85118.0
0.14324235916137695,84959.0
0.14324235916137695,85086.0
0.14324235916137695,85210.0
0.14324235916137695,85109.0
0.14324235916137695,85219.0
0.14324235916137695,85099.0
0.14324235916137695,85214.0
0.14324235916137695,85112.0
0.14324235916137695,84988.0
0.14324235916137695,85117.0
0.14324235916137695,85009.0
0.14324235916137695,84890.0
0.14324235916137695,85008.0
0.14324235916137695,84848.0
0.14324235916137695,84992.0
0.14324235916137695,85109.0
0.14324235916137695,85211.0
0.14324235916137695,85082.0
0.14324235916137695,85213.0
0.14324235916137695,85064.0
0.14324235916137695,85214.0
0.14324235916137695,85105.0
0.14324235916137695,84996.0
0.14324235916137695,85100.0
0.14324235916137695,85210.0
0.14324235916137695,85063.0
0.14324235916137695,85217.0
0.14324235916137695,85080.0
0.14324235916137695,85181.0
0.14324235916137695,85075.0
0.14324235916137695,85213.0
0.14324235916137695,85078.0
0.14324235916137695,84976.0
0.14324235916137695,85097.0
0.14324235916137695,85201.0
0.14324235916137695,85079.0
0.14324235916137695,84955.0
0.14324235916137695,85104.0
0.14324235916137695,84976.0
0.14324235916137695,84861.0
0.14324235916137695,85019.0
0.14324235916137695,84918.0
0.14324235916137695,84802.0
0.14324235916137695,84692.0
0.14324235916137695,84806.0
0.14324235916137695,84696.0
0.14324235916137695,84566.0
0.14324235916137695,84714.0
0.14324235916137695,84600.0
0.14324235916137695,84490.0
0.14324235916137695,84606.0
0.14324235916137695,84460.0
0.14324235916137695,84573.0
0.14324235916137695,84682.0
0.14324235916137695,84801.0
0.15825295448303223,84917.0
0.15825295448303223,84809.0
0.15825295448303223,84599.0
0.15825295448303223,84718.0
0.15825295448303223,84912.0
0.1597607135772705,85015.0
0.1597607135772705,84913.0
0.16026854515075684,84796.0
0.16026854515075684,84645.0
0.16026854515075684,84526.0
0.16026854515075684,84692.0
0.16026854515075684,84806.0
0.16026854515075684,84909.0
0.16026854515075684,85017.0
0.16026854515075684,84903.0
0.16026854515075684,84785.0
0.16026854515075684,84682.0
0.16026854515075684,84814.0
0.16026854515075684,84706.0
0.16026854515075684,84573.0
0.16026854515075684,84415.0
0.16026854515075684,84596.0
0.16026854515075684,84715.0
0.16026854515075684,84554.0
0.16026854515075684,84714.0
0.16026854515075684,84817.0
0.16026854515075684,84666.0
0.16026854515075684,84532.0
0.16026854515075684,84652.0
0.16026854515075684,84801.0
0.16026854515075684,84906.0
0.16026854515075684,84792.0
0.16026854515075684,84690.0
0.16026854515075684,84816.0
0.16026854515075684,84706.0
0.16026854515075684,84602.0
0.16026854515075684,84707.0
0.16026854515075684,84481.0
0.16026854515075684,84695.0
0.16026854515075684,84580.0
0.16026854515075684,84696.0
0.16026854515075684,84798.0
0.16026854515075684,84915.0
0.16026854515075684,85016.0
0.16026854515075684,84914.0
0.16026854515075684,84789.0
0.16026854515075684,84685.0
0.16026854515075684,84807.0
0.16026854515075684,84917.0
0.16026854515075684,84814.0
0.16026854515075684,84710.0
0.16026854515075684,84816.0
0.16026854515075684,84693.0
0.16026854515075684,84815.0
0.16026854515075684,84703.0
0.16026854515075684,84817.0
0.16026854515075684,84691.0
0.16026854515075684,84578.0
0.16026854515075684,84680.0
0.16026854515075684,84803.0
0.16026854515075684,84913.0
0.16026854515075684,84796.0
0.16026854515075684,84909.0
0.16026854515075684,85018.0
0.17427372932434082,84796.0
0.17427372932434082,84982.0
0.17427372932434082,85116.0
0.17427372932434082,85007.0
0.17427372932434082,85111.0
0.17427372932434082,84970.0
0.17427372932434082,85091.0
0.17427372932434082,85198.0
0.17427372932434082,85096.0
0.17427372932434082,85203.0
0.17427372932434082,85319.0
0.17427372932434082,85135.0
0.17427372932434082,85285.0
0.17427372932434082,85407.0
0.17427372932434082,85514.0
0.17427372932434082,85391.0
0.17427372932434082,85276.0
0.17427372932434082,85394.0
0.17427372932434082,85502.0
0.17427372932434082,85268.0
0.17427372932434082,85484.0
0.17427372932434082,85355.0
0.17427372932434082,85500.0
0.17427372932434082,85340.0
0.17427372932434082,85481.0
0.17427372932434082,85611.0
0.17427372932434082,85492.0
0.17427372932434082,85601.0
0.17427372932434082,85702.0
0.17427372932434082,85592.0
0.17427372932434082,85707.0
0.17427372932434082,85602.0
0.17427372932434082,85704.0
0.17427372932434082,85809.0
0.17427372932434082,85705.0
0.17427372932434082,85806.0
0.17427372932434082,85915.0
0.17427372932434082,85766.0
0.17427372932434082,85659.0
0.17427372932434082,85808.0
0.17427372932434082,85692.0
0.17427372932434082,85817.0
0.17427372932434082,85697.0
0.17427372932434082,85808.0
0.17427372932434082,85910.0
0.17427372932434082,86014.0
0.18999838829040527,86115.0
0.18999838829040527,86013.0
0.18999838829040527,85892.0
0.18999838829040527,85712.0
0.18999838829040527,85898.0
0.18999838829040527,86003.0
0.18999838829040527,85875.0
0.18999838829040527,86011.0
0.18999838829040527,86118.0
0.18999838829040527,86012.0
0.18999838829040527,85878.0
0.18999838829040527,86013.0
0.18999838829040527,85904.0
0.18999838829040527,86019.0
0.18999838829040527,85913.0
0.18999838829040527,85792.0
0.18999838829040527,85909.0
0.18999838829040527,85782.0
0.18999838829040527,85904.0
0.2056105136871338,86012.0
0.2056105136871338,85899.0
0.2056105136871338,85784.0
0.2056105136871338,85893.0
0.2056105136871338,86009.0
0.2056105136871338,85893.0
0.2056105136871338,85998.0
0.2056105136871338,86104.0
0.2056105136871338,85988.0
0.2056105136871338,86102.0
0.2056105136871338,85989.0
0.2056105136871338,86118.0
0.2056105136871338,86009.0
0.2056105136871338,85893.0
0.2056105136871338,86018.0
0.2056105136871338,85821.0
0.2056105136871338,85976.0
0.2056105136871338,86119.0
0.2056105136871338,85979.0
0.2056105136871338,86116.0
0.2056105136871338,85934.0
0.2056105136871338,86063.0
0.2056105136871338,86182.0
0.2056105136871338,86315.0
0.2056105136871338,86214.0
0.2056105136871338,86079.0
0.2056105136871338,86188.0
0.2056105136871338,86311.0
0.2056105136871338,86186.0
0.2056105136871338,86318.0
0.2056105136871338,86186.0
0.2056105136871338,86083.0
0.2056105136871338,86210.0
0.2056105136871338,86107.0
0.2056105136871338,86005.0
0.2056105136871338,86118.0
0.2056105136871338,86017.0
0.22124385833740234,86118.0
0.22124385833740234,86008.0
0.22124385833740234,86112.0
0.22124385833740234,86009.0
0.22124385833740234,86112.0
0.22124385833740234,86219.0
0.22124385833740234,86118.0
0.22124385833740234,86219.0
0.22124385833740234,86115.0
0.22124385833740234,85996.0
0.22124385833740234,86112.0
0.22124385833740234,86215.0
0.22124385833740234,86084.0
0.22124385833740234,86188.0
0.22124385833740234,86318.0
0.22124385833740234,86204.0
0.22124385833740234,86318.0
0.23685359954833984,86217.0
0.23685359954833984,86318.0
0.2373650074005127,86214.0
0.2373650074005127,86316.0
0.2373650074005127,86417.0
0.2373650074005127,86298.0
0.2373650074005127,86400.0
0.2373650074005127,86295.0
0.2373650074005127,86403.0
0.2373650074005127,86514.0
0.2373650074005127,86617.0
0.2373650074005127,86502.0
0.2373650074005127,86612.0
0.2373650074005127,86715.0
0.2373650074005127,86592.0
0.2373650074005127,86490.0
0.2373650074005127,86613.0
0.2538473606109619,86718.0
0.2538473606109619,86598.0
0.2538473606109619,86700.0
0.2538473606109619,86816.0
0.2538473606109619,86691.0
0.2538473606109619,86819.0
