0.0,11993.0
0.0,12392.0
0.0,12285.0
0.0,12418.0
0.0,12070.0
0.0,12400.0
0.0,12070.0
0.0,12259.0
0.0,12472.0
0.0,12586.0
0.0,12718.0
0.0,12586.0
0.0,12695.0
0.0,12811.0
0.0,12919.0
0.0,12805.0
0.0,12914.0
0.0,12393.0
0.0,12760.0
0.0,12960.0
0.0,13088.0
0.0,13202.0
0.0,13309.0
0.0,13419.0
0.0,13206.0
0.0,13341.0
0.0,13451.0
0.0,13587.0
0.0,13692.0
0.0,13807.0
0.0,13697.0
0.0,12948.0
0.0,13155.0
0.0,13733.0
0.0,13366.0
0.0,13651.0
0.0,13889.0
0.0,13717.0
0.0,13834.0
0.0,13951.0
0.0,14061.0
0.0,14217.0
0.0,14109.0
0.0,14008.0
0.0,14109.0
0.0,13974.0
0.0,14114.0
0.0,13971.0
0.0,14076.0
0.0,14183.0
0.0,13983.0
0.0,14107.0
0.0,14293.0
0.0,13771.0
0.0,14055.0
0.0,14220.0
0.0,14383.0
0.0,14576.0
0.0,14708.0
0.0,14816.0
0.0,14706.0
0.0,14369.0
0.0,14716.0
0.0,14601.0
0.0,14485.0
0.0,13570.0
0.0,14253.0
0.0,14582.0
0.0,14712.0
0.0,14598.0
0.0,14462.0
0.0,14353.0
0.0,14514.0
0.0,14407.0
0.0,14008.0
0.0,14172.0
0.0,14435.0
0.0,13829.0
0.0,14423.0
0.0,14615.0
0.0,14498.0
0.0,14617.0
0.0,14410.0
0.0,14542.0
0.0,14719.0
0.0,13774.0
0.0,14054.0
0.0,14485.0
0.0,14847.0
0.0,15007.0
0.0,14814.0
0.0,14994.0
0.0,14834.0
0.0,14980.0
0.0,14791.0
0.0,14898.0
0.0,15069.0
0.0,15213.0
0.0,15110.0
0.0,14872.0
0.0,15103.0
0.0,15219.0
0.0,15089.0
0.0,15203.0
0.0,14923.0
0.0,15107.0
0.0,15289.0
0.0,15407.0
0.0,15298.0
0.0,15418.0
0.0,15133.0
0.0,15296.0
0.0,15512.0
0.0,15372.0
0.0,15475.0
0.0,15595.0
0.0,15476.0
0.0,15587.0
0.0,15706.0
0.0,15819.0
0.0,15655.0
0.0,15790.0
0.0,15898.0
0.0,15793.0
0.0,15649.0
0.0,15758.0
0.0,15890.0
0.0,16018.0
0.0,15671.0
0.0,15967.0
0.0,16119.0
0.0,15757.0
0.0,16044.0
0.0,16205.0
0.015007972717285156,16028.0
0.015007972717285156,16145.0
0.015007972717285156,16017.0
0.015007972717285156,16180.0
0.015007972717285156,16285.0
0.015007972717285156,16415.0
0.015007972717285156,16233.0
0.015007972717285156,16415.0
0.015007972717285156,16250.0
0.015007972717285156,16405.0
0.015007972717285156,16121.0
0.015007972717285156,16314.0
0.015007972717285156,16201.0
0.015007972717285156,16317.0
0.015007972717285156,16458.0
0.015007972717285156,16036.0
0.015007972717285156,16464.0
0.015007972717285156,16579.0
0.015007972717285156,16469.0
0.015007972717285156,16602.0
0.015007972717285156,16461.0
0.015007972717285156,16269.0
0.015007972717285156,16507.0
0.015007972717285156,16391.0
0.015007972717285156,16506.0
0.015007972717285156,16373.0
0.015007972717285156,16493.0
0.015007972717285156,16603.0
0.015007972717285156,16410.0
0.015007972717285156,16179.0
0.015007972717285156,16408.0
0.015007972717285156,16585.0
0.016234636306762695,16452.0
0.016234636306762695,16594.0
0.016234636306762695,16452.0
0.016234636306762695,16605.0
0.016234636306762695,16491.0
0.016234636306762695,16390.0
0.016234636306762695,16270.0
0.016234636306762695,16399.0
0.016234636306762695,16136.0
0.016234636306762695,16262.0
0.016234636306762695,16459.0
0.016234636306762695,16610.0
0.016234636306762695,15715.0
0.016234636306762695,15932.0
0.016234636306762695,16562.0
0.016234636306762695,16720.0
0.016234636306762695,16855.0
0.016234636306762695,17013.0
0.016234636306762695,16910.0
0.016234636306762695,16793.0
0.016234636306762695,15701.0
0.016234636306762695,16660.0
0.016234636306762695,16777.0
0.016234636306762695,16966.0
0.016234636306762695,17116.0
0.016234636306762695,17001.0
0.016234636306762695,17118.0
0.016234636306762695,16983.0
0.016234636306762695,16832.0
0.016234636306762695,16727.0
0.016234636306762695,16619.0
0.016234636306762695,16779.0
0.016234636306762695,16916.0
0.016234636306762695,16687.0
0.016234636306762695,16828.0
0.016234636306762695,16938.0
0.016234636306762695,16780.0
0.016234636306762695,16671.0
0.016234636306762695,16513.0
0.016234636306762695,16616.0
0.016234636306762695,16455.0
0.016234636306762695,16599.0
0.016234636306762695,16763.0
0.016234636306762695,16999.0
0.016234636306762695,16870.0
0.016234636306762695,17015.0
0.016234636306762695,16898.0
0.016234636306762695,16774.0
0.016234636306762695,16580.0
0.016234636306762695,16811.0
0.016234636306762695,16919.0
0.016234636306762695,16688.0
0.016234636306762695,16897.0
0.016234636306762695,16466.0
0.016234636306762695,16282.0
0.016234636306762695,16423.0
0.016234636306762695,16533.0
0.016234636306762695,16915.0
0.016234636306762695,17118.0
0.016234636306762695,16981.0
0.016234636306762695,16784.0
0.016234636306762695,16973.0
0.016234636306762695,16787.0
0.016234636306762695,16995.0
0.016234636306762695,17112.0
0.016234636306762695,17002.0
0.016234636306762695,16822.0
0.016234636306762695,16714.0
0.016234636306762695,16903.0
0.016234636306762695,17011.0
0.016234636306762695,16848.0
0.016234636306762695,16731.0
0.016234636306762695,16913.0
0.016234636306762695,16752.0
0.016234636306762695,16891.0
0.016234636306762695,16595.0
0.016234636306762695,16700.0
0.016234636306762695,16892.0
0.016234636306762695,17107.0
0.016234636306762695,17212.0
0.016234636306762695,17086.0
0.016234636306762695,16954.0
0.016234636306762695,16834.0
0.016234636306762695,16969.0
0.016234636306762695,16828.0
0.016234636306762695,16993.0
0.016234636306762695,16784.0
0.016234636306762695,16929.0
0.016234636306762695,17090.0
0.016234636306762695,16852.0
0.016234636306762695,17078.0
0.016234636306762695,17194.0
0.016234636306762695,17077.0
0.016234636306762695,16695.0
0.016234636306762695,17093.0
0.016234636306762695,16948.0
0.016234636306762695,17058.0
0.016234636306762695,16908.0
0.016234636306762695,17018.0
0.016234636306762695,17159.0
0.016234636306762695,17294.0
0.016234636306762695,17184.0
0.016234636306762695,17043.0
0.016234636306762695,16926.0
0.016234636306762695,17096.0
0.016234636306762695,16991.0
0.016234636306762695,16846.0
0.016234636306762695,16739.0
0.016234636306762695,16562.0
0.016234636306762695,16774.0
0.016234636306762695,16666.0
0.016234636306762695,16787.0
0.016234636306762695,16655.0
0.016234636306762695,16780.0
0.016234636306762695,16619.0
0.016234636306762695,16770.0
0.016234636306762695,16655.0
0.016234636306762695,16466.0
0.016234636306762695,16716.0
0.016234636306762695,16122.0
0.016234636306762695,16568.0
0.016234636306762695,16768.0
0.016234636306762695,16885.0
0.016234636306762695,17012.0
0.016234636306762695,16891.0
0.016234636306762695,16735.0
0.016234636306762695,16893.0
0.016234636306762695,16722.0
0.016234636306762695,16872.0
0.016234636306762695,16622.0
0.016234636306762695,16808.0
0.016234636306762695,17017.0
0.016234636306762695,17118.0
0.016234636306762695,16990.0
0.016234636306762695,17099.0
0.016234636306762695,17218.0
0.016234636306762695,17009.0
0.016234636306762695,17135.0
0.016234636306762695,17268.0
0.016234636306762695,17401.0
0.016234636306762695,17514.0
0.016234636306762695,17403.0
0.016234636306762695,16887.0
0.016234636306762695,17128.0
0.016234636306762695,17486.0
0.016234636306762695,17610.0
0.016234636306762695,17502.0
0.016234636306762695,17347.0
0.016234636306762695,17511.0
0.016234636306762695,17319.0
0.016234636306762695,17434.0
0.016234636306762695,17600.0
0.016234636306762695,17484.0
0.016234636306762695,17594.0
0.016234636306762695,17703.0
0.016234636306762695,17817.0
0.016234636306762695,17600.0
0.016234636306762695,17732.0
0.016234636306762695,17524.0
0.016234636306762695,17777.0
0.016234636306762695,17595.0
0.016234636306762695,17460.0
0.016234636306762695,17641.0
0.016234636306762695,17471.0
0.016234636306762695,17591.0
0.016234636306762695,17745.0
0.016234636306762695,17612.0
0.016234636306762695,17744.0
0.016234636306762695,17900.0
0.016234636306762695,17790.0
0.016234636306762695,17658.0
0.016234636306762695,17811.0
0.016234636306762695,17648.0
0.016234636306762695,17791.0
0.016234636306762695,17908.0
0.016234636306762695,18015.0
0.016234636306762695,17855.0
0.016234636306762695,17735.0
0.016234636306762695,17616.0
0.016234636306762695,17511.0
0.016234636306762695,17701.0
0.016234636306762695,17816.0
0.016234636306762695,17689.0
0.016234636306762695,17570.0
0.016234636306762695,17715.0
0.016234636306762695,17597.0
0.016234636306762695,17716.0
0.016234636306762695,17560.0
0.016234636306762695,17451.0
0.016234636306762695,17589.0
0.016234636306762695,17711.0
0.016234636306762695,17604.0
0.016234636306762695,17026.0
0.016234636306762695,17294.0
0.016234636306762695,17460.0
0.016234636306762695,17767.0
0.016234636306762695,17652.0
0.016234636306762695,17799.0
0.016234636306762695,17660.0
0.016234636306762695,17770.0
0.016234636306762695,17661.0
0.016234636306762695,17526.0
0.016234636306762695,17642.0
0.016234636306762695,17801.0
0.016234636306762695,17910.0
0.016234636306762695,17791.0
0.016234636306762695,17911.0
0.016234636306762695,17695.0
0.016234636306762695,17861.0
0.016234636306762695,17968.0
0.016234636306762695,18109.0
0.016234636306762695,18214.0
0.016234636306762695,18113.0
0.016234636306762695,18000.0
0.016234636306762695,17842.0
0.016234636306762695,18006.0
0.016234636306762695,17884.0
0.016234636306762695,18006.0
0.016234636306762695,17890.0
0.016234636306762695,17770.0
0.016234636306762695,17879.0
0.016234636306762695,17980.0
0.016234636306762695,18113.0
0.016234636306762695,17877.0
0.016234636306762695,17744.0
0.016234636306762695,17874.0
0.016234636306762695,17996.0
0.016234636306762695,18104.0
0.016234636306762695,17979.0
0.016234636306762695,18167.0
0.016234636306762695,18013.0
0.016234636306762695,17910.0
0.016234636306762695,18028.0
0.016234636306762695,18167.0
0.016234636306762695,17941.0
0.016234636306762695,18184.0
0.016234636306762695,17832.0
0.016234636306762695,18012.0
0.016234636306762695,18242.0
0.016234636306762695,18056.0
0.016234636306762695,17930.0
0.016234636306762695,18127.0
0.016234636306762695,18230.0
0.016234636306762695,18365.0
0.016234636306762695,18260.0
0.016234636306762695,18404.0
0.016234636306762695,18515.0
0.016234636306762695,18405.0
0.016234636306762695,18260.0
0.016234636306762695,18060.0
0.016234636306762695,18233.0
0.016234636306762695,18404.0
0.016234636306762695,18295.0
0.016234636306762695,18129.0
0.016234636306762695,18290.0
0.016234636306762695,18399.0
0.016234636306762695,18275.0
0.016234636306762695,18398.0
0.016234636306762695,18276.0
0.016234636306762695,18141.0
0.016234636306762695,18023.0
0.016234636306762695,18172.0
0.016234636306762695,18023.0
0.016234636306762695,18139.0
0.016234636306762695,18257.0
0.016234636306762695,18146.0
0.016234636306762695,18298.0
0.016234636306762695,18159.0
0.016234636306762695,18301.0
0.016234636306762695,18418.0
0.016234636306762695,18257.0
0.016234636306762695,18406.0
0.016234636306762695,18242.0
0.016234636306762695,18398.0
0.016234636306762695,18288.0
0.016234636306762695,18181.0
0.016234636306762695,18008.0
0.016234636306762695,18206.0
0.016234636306762695,18092.0
0.016234636306762695,18207.0
0.016234636306762695,18098.0
0.016234636306762695,17468.0
0.016234636306762695,18106.0
0.016234636306762695,17997.0
0.016234636306762695,18111.0
0.016234636306762695,18010.0
0.016234636306762695,18113.0
0.016234636306762695,17964.0
0.016234636306762695,17782.0
0.016234636306762695,17995.0
0.016234636306762695,17885.0
0.016234636306762695,17990.0
0.016234636306762695,18118.0
0.016234636306762695,18003.0
0.016234636306762695,17886.0
0.016234636306762695,17528.0
0.016234636306762695,17895.0
0.016234636306762695,17742.0
0.016234636306762695,17879.0
0.016234636306762695,18007.0
0.016234636306762695,17889.0
0.016234636306762695,17759.0
0.016234636306762695,17916.0
0.016234636306762695,17779.0
0.016234636306762695,17641.0
0.016234636306762695,17805.0
0.016234636306762695,17670.0
0.016234636306762695,17547.0
0.016234636306762695,17306.0
0.016234636306762695,17495.0
0.016234636306762695,17621.0
0.016234636306762695,17818.0
0.016234636306762695,17702.0
0.016234636306762695,17537.0
0.016234636306762695,17709.0
0.016234636306762695,17568.0
0.016234636306762695,17371.0
0.016234636306762695,17561.0
0.016234636306762695,17163.0
0.016234636306762695,17022.0
0.016234636306762695,17213.0
0.016234636306762695,17449.0
0.016234636306762695,17662.0
0.016234636306762695,17799.0
0.016234636306762695,17694.0
0.016234636306762695,17530.0
0.016234636306762695,17651.0
0.016234636306762695,17816.0
0.016234636306762695,17713.0
0.016234636306762695,17580.0
0.016234636306762695,17706.0
0.016234636306762695,17260.0
0.016234636306762695,17069.0
0.016234636306762695,17387.0
0.016234636306762695,17541.0
0.016234636306762695,17743.0
0.016234636306762695,17861.0
0.016234636306762695,17992.0
0.016234636306762695,17855.0
0.016234636306762695,17701.0
0.016234636306762695,17583.0
0.016234636306762695,17735.0
0.016234636306762695,17630.0
0.016234636306762695,17796.0
0.016234636306762695,17599.0
0.016234636306762695,17489.0
0.016234636306762695,17626.0
0.016234636306762695,17734.0
0.016234636306762695,17875.0
0.016234636306762695,17745.0
0.016234636306762695,17565.0
0.016234636306762695,17759.0
0.016234636306762695,17881.0
0.016234636306762695,17734.0
0.016234636306762695,17544.0
0.016234636306762695,17780.0
0.016234636306762695,17608.0
0.016234636306762695,17817.0
0.016234636306762695,17676.0
0.016234636306762695,17784.0
0.016234636306762695,17641.0
0.016234636306762695,17519.0
0.016234636306762695,17685.0
0.016234636306762695,17801.0
0.016234636306762695,17612.0
0.016234636306762695,17803.0
0.016234636306762695,17919.0
0.016234636306762695,17721.0
0.016234636306762695,17828.0
0.016234636306762695,17946.0
0.016234636306762695,18059.0
0.016234636306762695,17823.0
0.016234636306762695,18015.0
0.016234636306762695,18179.0
0.016234636306762695,18301.0
0.016234636306762695,18185.0
0.016234636306762695,18295.0
0.016234636306762695,17977.0
0.016234636306762695,18303.0
0.016234636306762695,18016.0
0.016234636306762695,17898.0
0.016234636306762695,18092.0
0.016234636306762695,18280.0
0.016234636306762695,18389.0
0.016234636306762695,18518.0
0.016234636306762695,18410.0
0.016234636306762695,18222.0
0.016234636306762695,18076.0
0.016234636306762695,18250.0
0.016234636306762695,18384.0
0.016234636306762695,18509.0
0.016234636306762695,18387.0
0.016234636306762695,18199.0
0.016234636306762695,18359.0
0.016234636306762695,18473.0
0.016234636306762695,18166.0
0.016234636306762695,18426.0
0.016234636306762695,18603.0
0.016234636306762695,18360.0
0.016234636306762695,18490.0
0.016234636306762695,18695.0
0.016234636306762695,18551.0
0.016234636306762695,18429.0
0.016234636306762695,18608.0
0.016234636306762695,18442.0
0.016234636306762695,18308.0
0.016234636306762695,18442.0
0.016234636306762695,18339.0
0.016234636306762695,18130.0
0.016234636306762695,18241.0
0.016234636306762695,18028.0
0.016234636306762695,18254.0
0.016234636306762695,18417.0
0.016234636306762695,18559.0
0.016234636306762695,18678.0
0.016234636306762695,18798.0
0.016234636306762695,18678.0
0.016234636306762695,18779.0
0.016234636306762695,18615.0
0.016234636306762695,18812.0
0.016234636306762695,18609.0
0.016234636306762695,18728.0
0.016234636306762695,18612.0
0.016234636306762695,18786.0
0.016234636306762695,18636.0
0.016234636306762695,18776.0
0.016234636306762695,18587.0
0.016234636306762695,18748.0
0.016234636306762695,18881.0
0.016234636306762695,18715.0
0.016234636306762695,18906.0
0.016234636306762695,18793.0
0.016234636306762695,18663.0
0.016234636306762695,18772.0
0.016234636306762695,18905.0
0.016234636306762695,18267.0
0.016234636306762695,18895.0
0.016234636306762695,18776.0
0.016234636306762695,18656.0
0.016234636306762695,18500.0
0.016234636306762695,18689.0
0.016234636306762695,18429.0
0.016234636306762695,18100.0
0.016234636306762695,18489.0
0.016234636306762695,18388.0
0.016234636306762695,18255.0
0.016234636306762695,18115.0
0.016234636306762695,17994.0
0.016234636306762695,18262.0
0.016234636306762695,18130.0
0.016234636306762695,18268.0
0.016234636306762695,18386.0
0.016234636306762695,18229.0
0.016234636306762695,18052.0
0.016234636306762695,18185.0
0.016234636306762695,18329.0
0.016234636306762695,18212.0
0.016234636306762695,18378.0
0.016234636306762695,18184.0
0.016234636306762695,18333.0
0.016234636306762695,18452.0
0.016234636306762695,18587.0
0.016234636306762695,18470.0
0.016234636306762695,18590.0
0.016234636306762695,18424.0
0.016234636306762695,18551.0
0.016234636306762695,18407.0
0.016234636306762695,18587.0
0.016234636306762695,18697.0
0.016234636306762695,18533.0
0.016234636306762695,18650.0
0.016234636306762695,18456.0
0.016234636306762695,18028.0
0.016234636306762695,18437.0
0.016234636306762695,18601.0
0.016234636306762695,18275.0
0.016234636306762695,18669.0
0.016234636306762695,18816.0
0.016234636306762695,18706.0
0.016234636306762695,18543.0
0.016234636306762695,18379.0
0.016234636306762695,18511.0
0.016234636306762695,18705.0
0.016234636306762695,18539.0
0.016234636306762695,18432.0
0.016234636306762695,18542.0
0.016234636306762695,18428.0
0.016234636306762695,18538.0
0.016234636306762695,18699.0
0.016234636306762695,18555.0
0.016234636306762695,18698.0
0.016234636306762695,18583.0
0.016234636306762695,18440.0
0.016234636306762695,18591.0
0.016234636306762695,18440.0
0.016234636306762695,18333.0
0.016234636306762695,18451.0
0.016234636306762695,18587.0
0.016234636306762695,18462.0
0.016234636306762695,18302.0
0.016234636306762695,18515.0
0.016234636306762695,18405.0
0.016234636306762695,18253.0
0.016234636306762695,18403.0
0.016234636306762695,18513.0
0.016234636306762695,18618.0
0.016234636306762695,18413.0
0.016234636306762695,18615.0
0.016234636306762695,18451.0
0.016234636306762695,18272.0
0.016234636306762695,18508.0
0.016234636306762695,17951.0
0.016234636306762695,18255.0
0.016234636306762695,18408.0
0.016234636306762695,18540.0
0.016234636306762695,18390.0
0.016234636306762695,18518.0
0.016234636306762695,18621.0
0.016234636306762695,18795.0
0.016234636306762695,18981.0
0.016234636306762695,18792.0
0.016234636306762695,18942.0
0.016234636306762695,19058.0
0.016234636306762695,19166.0
0.016234636306762695,19269.0
0.016234636306762695,19117.0
0.016234636306762695,19241.0
0.016234636306762695,19052.0
0.016234636306762695,19299.0
0.016234636306762695,19161.0
0.016234636306762695,19304.0
0.016234636306762695,19113.0
0.016234636306762695,19308.0
0.016234636306762695,19198.0
0.016234636306762695,19070.0
0.016234636306762695,18937.0
0.016234636306762695,19089.0
0.016234636306762695,19208.0
0.016234636306762695,19103.0
0.016234636306762695,18986.0
0.016234636306762695,18774.0
0.016234636306762695,18944.0
0.016234636306762695,19080.0
0.016234636306762695,18943.0
0.016234636306762695,19050.0
0.016234636306762695,19172.0
0.016234636306762695,19305.0
0.016234636306762695,19202.0
0.016234636306762695,19086.0
0.016234636306762695,18916.0
0.016234636306762695,19036.0
0.016234636306762695,19218.0
0.016234636306762695,19057.0
0.016234636306762695,18923.0
0.016234636306762695,19026.0
0.016234636306762695,18919.0
0.016234636306762695,19110.0
0.016234636306762695,19215.0
0.016234636306762695,19091.0
0.016234636306762695,18972.0
0.016234636306762695,19087.0
0.016234636306762695,18965.0
0.016234636306762695,18785.0
0.016234636306762695,18391.0
0.016234636306762695,18637.0
0.016234636306762695,18850.0
0.016234636306762695,18955.0
0.016234636306762695,18836.0
0.016234636306762695,19112.0
0.016234636306762695,18962.0
0.016234636306762695,18819.0
0.016234636306762695,18996.0
0.016234636306762695,18805.0
0.016234636306762695,18971.0
0.016234636306762695,19078.0
0.016234636306762695,18936.0
0.016234636306762695,19099.0
0.016234636306762695,19200.0
0.016234636306762695,19014.0
0.016234636306762695,18851.0
0.016234636306762695,19072.0
0.016234636306762695,19213.0
0.016234636306762695,18987.0
0.016234636306762695,19108.0
0.016234636306762695,18988.0
0.016234636306762695,19190.0
0.016234636306762695,19054.0
0.016234636306762695,19193.0
0.016234636306762695,19317.0
0.016234636306762695,19165.0
0.016234636306762695,18952.0
0.016234636306762695,19157.0
0.016234636306762695,18963.0
0.016234636306762695,19098.0
0.016234636306762695,19279.0
0.016234636306762695,19146.0
0.016234636306762695,19253.0
0.016234636306762695,19405.0
0.016234636306762695,19190.0
0.016234636306762695,18985.0
0.016234636306762695,18832.0
0.016234636306762695,19071.0
0.016234636306762695,18942.0
0.016234636306762695,19180.0
0.016234636306762695,19313.0
0.016234636306762695,19194.0
0.016234636306762695,19070.0
0.016234636306762695,18938.0
0.016234636306762695,18746.0
0.016234636306762695,18626.0
0.016234636306762695,18461.0
0.016234636306762695,18343.0
0.016234636306762695,18552.0
0.016234636306762695,18665.0
0.016234636306762695,18785.0
0.016234636306762695,18901.0
0.016234636306762695,19117.0
0.016234636306762695,18976.0
0.016234636306762695,19095.0
0.016234636306762695,18953.0
0.016234636306762695,18685.0
0.016234636306762695,18851.0
0.016234636306762695,18715.0
0.016234636306762695,18912.0
0.016234636306762695,19076.0
0.016234636306762695,19196.0
0.03074336051940918,19313.0
0.03074336051940918,19193.0
0.03074336051940918,19065.0
0.03074336051940918,19205.0
0.03074336051940918,19104.0
0.03074336051940918,18988.0
0.03074336051940918,18880.0
0.03074336051940918,18714.0
0.03074336051940918,18484.0
0.03074336051940918,18654.0
0.03074336051940918,18795.0
0.03074336051940918,19008.0
0.03074336051940918,18873.0
0.03074336051940918,18634.0
0.03074336051940918,18755.0
0.03074336051940918,18918.0
0.03074336051940918,19082.0
0.03074336051940918,18950.0
0.03074336051940918,19072.0
0.03074336051940918,19192.0
0.03074336051940918,19309.0
0.03074336051940918,19062.0
0.03074336051940918,19182.0
0.03074336051940918,19016.0
0.03074336051940918,19211.0
0.03074336051940918,19407.0
0.03074336051940918,19237.0
0.03074336051940918,19104.0
0.03074336051940918,18964.0
0.03074336051940918,19217.0
0.03074336051940918,19114.0
0.03074336051940918,18965.0
0.03074336051940918,18712.0
0.03074336051940918,18891.0
0.03074336051940918,19008.0
0.03074336051940918,19152.0
0.03074336051940918,19031.0
0.03074336051940918,19165.0
0.03074336051940918,19058.0
0.03074336051940918,19174.0
0.03074336051940918,18961.0
0.03074336051940918,19173.0
0.03074336051940918,18994.0
0.03074336051940918,19182.0
0.03074336051940918,19018.0
0.03074336051940918,18874.0
0.03074336051940918,19054.0
0.03074336051940918,18922.0
0.03074336051940918,18731.0
0.03074336051940918,18892.0
0.03074336051940918,19024.0
0.03074336051940918,18843.0
0.03074336051940918,18672.0
0.03074336051940918,19019.0
0.03074336051940918,18781.0
0.03074336051940918,19017.0
0.03074336051940918,18908.0
0.03327131271362305,18792.0
0.03327131271362305,18915.0
0.03327131271362305,18741.0
0.03327131271362305,18905.0
0.03327131271362305,18742.0
0.03327131271362305,18908.0
0.03327131271362305,18745.0
0.03327131271362305,18894.0
0.03327131271362305,18768.0
0.03327131271362305,18635.0
0.03327131271362305,18819.0
0.03327131271362305,18704.0
0.03327131271362305,18814.0
0.03327131271362305,18612.0
0.03327131271362305,18796.0
0.03327131271362305,18669.0
0.03327131271362305,18812.0
0.03327131271362305,18615.0
0.03327131271362305,18501.0
0.03327131271362305,18680.0
0.03327131271362305,18539.0
0.03327131271362305,18654.0
0.03327131271362305,18472.0
0.03327131271362305,18613.0
0.03327131271362305,18816.0
0.03327131271362305,18695.0
0.03327131271362305,18587.0
0.03327131271362305,18434.0
0.03327131271362305,18614.0
0.03327131271362305,18509.0
0.03327131271362305,18377.0
0.03327131271362305,18502.0
0.03327131271362305,18619.0
0.03327131271362305,18470.0
0.03327131271362305,18335.0
0.03327131271362305,18468.0
0.03327131271362305,18604.0
0.03327131271362305,18718.0
0.03327131271362305,18516.0
0.03327131271362305,18280.0
0.03327131271362305,18579.0
0.03327131271362305,18719.0
0.03327131271362305,18503.0
0.03327131271362305,18697.0
0.03327131271362305,18533.0
0.03327131271362305,18691.0
0.03327131271362305,18557.0
0.03327131271362305,18713.0
0.03327131271362305,18598.0
0.03327131271362305,18699.0
0.03327131271362305,18574.0
0.03327131271362305,18702.0
0.03327131271362305,18543.0
0.03327131271362305,18688.0
0.03327131271362305,18552.0
0.03327131271362305,18676.0
0.03327131271362305,18791.0
0.03327131271362305,18663.0
0.03327131271362305,18807.0
0.03327131271362305,18697.0
0.03327131271362305,18811.0
0.03327131271362305,18507.0
0.03327131271362305,18787.0
0.03327131271362305,18631.0
0.03327131271362305,18791.0
0.03327131271362305,18678.0
0.03327131271362305,18573.0
0.03327131271362305,18701.0
0.03327131271362305,18506.0
0.03327131271362305,18304.0
0.03327131271362305,18501.0
0.03327131271362305,18713.0
0.03327131271362305,18818.0
0.03327131271362305,18572.0
0.03327131271362305,18744.0
0.03327131271362305,18880.0
0.03327131271362305,18985.0
0.03327131271362305,19092.0
0.03327131271362305,19208.0
0.03327131271362305,19091.0
0.03327131271362305,18975.0
0.03327131271362305,18867.0
0.03327131271362305,19005.0
0.03327131271362305,18896.0
0.03327131271362305,18722.0
0.03327131271362305,18866.0
0.03327131271362305,18992.0
0.03327131271362305,18885.0
0.03327131271362305,18713.0
0.03327131271362305,18843.0
0.03327131271362305,18962.0
0.03327131271362305,18749.0
0.03327131271362305,18930.0
0.03327131271362305,18778.0
0.03327131271362305,18972.0
0.03327131271362305,18856.0
0.03327131271362305,18739.0
0.03327131271362305,18880.0
0.03327131271362305,18736.0
0.03327131271362305,18857.0
0.03327131271362305,18978.0
0.03327131271362305,19094.0
0.03327131271362305,18953.0
0.03327131271362305,18842.0
0.03327131271362305,19008.0
0.03327131271362305,18856.0
0.03327131271362305,18975.0
0.03327131271362305,18865.0
0.03327131271362305,18997.0
0.03327131271362305,18831.0
0.03327131271362305,19002.0
0.03327131271362305,18858.0
0.03327131271362305,18987.0
0.03327131271362305,18871.0
0.03327131271362305,18980.0
0.03327131271362305,18861.0
0.03327131271362305,18974.0
0.03327131271362305,18738.0
0.03327131271362305,18898.0
0.03327131271362305,18747.0
0.03327131271362305,19012.0
0.03327131271362305,18824.0
0.03327131271362305,18692.0
0.03327131271362305,18816.0
0.03327131271362305,19007.0
0.03327131271362305,18881.0
0.03327131271362305,19017.0
0.03327131271362305,18823.0
0.03327131271362305,19012.0
0.03327131271362305,18803.0
0.03327131271362305,18938.0
0.03327131271362305,18726.0
0.03327131271362305,18938.0
0.03327131271362305,18817.0
0.03327131271362305,19009.0
0.03327131271362305,19119.0
0.03327131271362305,19012.0
0.03327131271362305,18893.0
0.03327131271362305,18713.0
0.03327131271362305,18593.0
0.03327131271362305,18782.0
0.03327131271362305,18570.0
0.03327131271362305,18727.0
0.03327131271362305,18853.0
0.03327131271362305,18969.0
0.03327131271362305,18838.0
0.03327131271362305,18941.0
0.03327131271362305,18764.0
0.03327131271362305,18917.0
0.03327131271362305,19080.0
0.03327131271362305,19215.0
0.03327131271362305,19021.0
0.03327131271362305,19195.0
0.03327131271362305,18998.0
0.03327131271362305,19113.0
0.03327131271362305,18942.0
0.03327131271362305,19059.0
0.03327131271362305,19205.0
0.03327131271362305,19340.0
0.03327131271362305,19492.0
0.03327131271362305,19346.0
0.03327131271362305,19483.0
0.03327131271362305,19350.0
0.03327131271362305,19184.0
0.03327131271362305,19348.0
0.03327131271362305,19514.0
0.03327131271362305,19354.0
0.03327131271362305,19475.0
0.03327131271362305,19309.0
0.03327131271362305,19510.0
0.03327131271362305,19329.0
0.03327131271362305,19511.0
0.03327131271362305,19619.0
0.03327131271362305,19502.0
0.03327131271362305,19612.0
0.03327131271362305,19491.0
0.03327131271362305,19338.0
0.03327131271362305,19486.0
0.03327131271362305,19605.0
0.03327131271362305,19712.0
0.03327131271362305,19029.0
0.03327131271362305,19223.0
0.03327131271362305,19409.0
0.03327131271362305,19889.0
0.03327131271362305,19703.0
0.03327131271362305,19885.0
0.03327131271362305,19784.0
0.03327131271362305,19667.0
0.03327131271362305,19464.0
0.03327131271362305,19614.0
0.03327131271362305,19803.0
0.03327131271362305,19664.0
0.03327131271362305,19818.0
0.03327131271362305,19429.0
0.03327131271362305,19697.0
0.03327131271362305,19831.0
0.03327131271362305,19932.0
0.03327131271362305,20093.0
0.03327131271362305,19975.0
0.03327131271362305,19793.0
0.03327131271362305,19983.0
0.03327131271362305,20116.0
0.03327131271362305,20006.0
0.03327131271362305,19884.0
0.03327131271362305,19992.0
0.03327131271362305,19872.0
0.03327131271362305,19982.0
0.03327131271362305,19573.0
0.03327131271362305,20013.0
0.03327131271362305,19831.0
0.03327131271362305,19941.0
0.03327131271362305,19783.0
0.03327131271362305,19660.0
0.03327131271362305,19781.0
0.03327131271362305,19901.0
0.03327131271362305,20083.0
0.03327131271362305,19935.0
0.03327131271362305,19350.0
0.03327131271362305,19982.0
0.03327131271362305,19792.0
0.03327131271362305,19971.0
0.03327131271362305,20112.0
0.03327131271362305,19932.0
0.03327131271362305,19740.0
0.03327131271362305,19579.0
0.03327131271362305,19698.0
0.03327131271362305,19963.0
0.03327131271362305,20109.0
0.03327131271362305,19988.0
0.03327131271362305,19875.0
0.03327131271362305,19738.0
0.03327131271362305,19918.0
0.03327131271362305,19729.0
0.03327131271362305,19588.0
0.03327131271362305,19777.0
0.03327131271362305,19916.0
0.03327131271362305,19727.0
0.03327131271362305,19919.0
0.03327131271362305,19759.0
0.03327131271362305,19585.0
0.03327131271362305,19782.0
0.03327131271362305,19641.0
0.03327131271362305,19517.0
0.03327131271362305,19398.0
0.03327131271362305,19575.0
0.03327131271362305,19472.0
0.03327131271362305,19364.0
0.03327131271362305,19212.0
0.03327131271362305,19385.0
0.03327131271362305,19196.0
0.03327131271362305,19075.0
0.03327131271362305,18951.0
0.03327131271362305,18730.0
0.03327131271362305,19065.0
0.03327131271362305,18881.0
0.03327131271362305,19069.0
0.03327131271362305,19187.0
0.03327131271362305,18998.0
0.03327131271362305,18835.0
0.03327131271362305,18986.0
0.03327131271362305,19139.0
0.03327131271362305,19038.0
0.03327131271362305,19168.0
0.03327131271362305,19053.0
0.03327131271362305,19209.0
0.03327131271362305,19017.0
0.03327131271362305,19201.0
0.03327131271362305,19019.0
0.03327131271362305,19161.0
0.03327131271362305,19277.0
0.03327131271362305,19410.0
0.03327131271362305,19043.0
0.03327131271362305,19358.0
0.03327131271362305,19225.0
0.03327131271362305,19089.0
0.03327131271362305,18910.0
0.03327131271362305,19081.0
0.03327131271362305,19244.0
0.03327131271362305,19381.0
0.03327131271362305,19498.0
0.03327131271362305,19325.0
0.03327131271362305,19179.0
0.03327131271362305,19395.0
0.03327131271362305,19286.0
0.03327131271362305,19387.0
0.03327131271362305,19496.0
0.03327131271362305,19345.0
0.03327131271362305,19486.0
0.03327131271362305,19377.0
0.03327131271362305,19112.0
0.03327131271362305,19357.0
0.03327131271362305,19475.0
0.03327131271362305,19607.0
0.03327131271362305,19446.0
0.03327131271362305,19588.0
0.03327131271362305,19471.0
0.03327131271362305,19617.0
0.03327131271362305,19516.0
0.03327131271362305,19319.0
0.03327131271362305,19496.0
0.03327131271362305,19243.0
0.03327131271362305,19431.0
0.03327131271362305,19613.0
0.03327131271362305,19479.0
0.03327131271362305,19595.0
0.03327131271362305,19486.0
0.03327131271362305,19340.0
0.03327131271362305,19492.0
0.03327131271362305,19391.0
0.03327131271362305,19512.0
0.03327131271362305,19613.0
0.03327131271362305,19487.0
0.03327131271362305,19379.0
0.03327131271362305,19191.0
0.03327131271362305,19357.0
0.03327131271362305,19518.0
0.03327131271362305,19250.0
0.03327131271362305,19365.0
0.03327131271362305,19260.0
0.03327131271362305,19086.0
0.03327131271362305,19299.0
0.03327131271362305,19439.0
0.03327131271362305,19304.0
0.03327131271362305,19477.0
0.03327131271362305,19586.0
0.03327131271362305,19407.0
0.03327131271362305,19297.0
0.03327131271362305,19190.0
0.03327131271362305,19322.0
0.03327131271362305,19121.0
0.03327131271362305,19295.0
0.03327131271362305,19417.0
0.03327131271362305,19568.0
0.03327131271362305,19428.0
0.03327131271362305,19564.0
0.03327131271362305,19455.0
0.03327131271362305,19337.0
0.03327131271362305,19489.0
0.03327131271362305,19610.0
0.03327131271362305,19465.0
0.03327131271362305,19299.0
0.03327131271362305,19465.0
0.03327131271362305,19349.0
0.03327131271362305,18869.0
0.03327131271362305,19375.0
0.03327131271362305,19508.0
0.03327131271362305,19312.0
0.03327131271362305,19180.0
0.03327131271362305,19343.0
0.03327131271362305,19233.0
0.03327131271362305,19094.0
0.03327131271362305,19283.0
0.03327131271362305,19391.0
0.03327131271362305,19249.0
0.03327131271362305,19366.0
0.03327131271362305,19498.0
0.03327131271362305,19337.0
0.03327131271362305,19470.0
0.03327131271362305,19342.0
0.03327131271362305,19192.0
0.03327131271362305,19075.0
0.03327131271362305,19296.0
0.03327131271362305,19413.0
0.03327131271362305,19280.0
0.03327131271362305,19381.0
0.03327131271362305,19204.0
0.03327131271362305,19072.0
0.03327131271362305,19217.0
0.03327131271362305,19419.0
0.03327131271362305,18791.0
0.03327131271362305,19226.0
0.03327131271362305,19469.0
0.03327131271362305,19576.0
0.03327131271362305,19425.0
0.03327131271362305,19586.0
0.03327131271362305,19420.0
0.03327131271362305,19240.0
0.03327131271362305,19421.0
0.03327131271362305,19587.0
0.03327131271362305,19692.0
0.03327131271362305,19536.0
0.03327131271362305,19396.0
0.03327131271362305,19544.0
0.03327131271362305,19654.0
0.03327131271362305,19786.0
0.03327131271362305,19666.0
0.03327131271362305,19791.0
0.03327131271362305,19656.0
0.03327131271362305,19461.0
0.03327131271362305,19571.0
0.03327131271362305,19761.0
0.03327131271362305,19633.0
0.03327131271362305,19742.0
0.03327131271362305,19906.0
0.03327131271362305,19725.0
0.03327131271362305,19541.0
0.03327131271362305,19748.0
0.03327131271362305,19645.0
0.03327131271362305,19773.0
0.03327131271362305,19654.0
0.03327131271362305,19817.0
0.03327131271362305,19712.0
0.03327131271362305,19597.0
0.03327131271362305,19700.0
0.03327131271362305,19809.0
0.03327131271362305,19689.0
0.03327131271362305,19794.0
0.03327131271362305,19675.0
0.03327131271362305,19395.0
0.03327131271362305,19711.0
0.03327131271362305,19547.0
0.03327131271362305,19713.0
0.03327131271362305,19565.0
0.03327131271362305,19363.0
0.03327131271362305,19529.0
0.03327131271362305,19711.0
0.03327131271362305,19595.0
0.03327131271362305,19486.0
0.03327131271362305,19360.0
0.03327131271362305,19480.0
0.03327131271362305,19599.0
0.03327131271362305,19494.0
0.03327131271362305,19602.0
0.03327131271362305,19485.0
0.03327131271362305,19618.0
0.03327131271362305,19508.0
0.03327131271362305,19389.0
0.03327131271362305,19508.0
0.03327131271362305,19613.0
0.03327131271362305,19314.0
0.03327131271362305,19567.0
0.03327131271362305,19687.0
0.03327131271362305,19805.0
0.03327131271362305,19912.0
0.03327131271362305,19794.0
0.03327131271362305,19680.0
0.03327131271362305,19783.0
0.03327131271362305,19905.0
0.03327131271362305,19708.0
0.03327131271362305,19836.0
0.03327131271362305,19971.0
0.03327131271362305,20103.0
0.03327131271362305,20212.0
0.03327131271362305,20111.0
0.03327131271362305,19993.0
0.03327131271362305,19819.0
0.03327131271362305,19690.0
0.03327131271362305,19897.0
0.03327131271362305,19716.0
0.03327131271362305,19905.0
0.03327131271362305,19763.0
0.03327131271362305,19912.0
0.046866416931152344,19804.0
0.046866416931152344,19905.0
0.046866416931152344,20013.0
0.046866416931152344,19892.0
0.046866416931152344,19616.0
0.046866416931152344,19798.0
0.046866416931152344,19681.0
0.046866416931152344,19889.0
0.046866416931152344,20006.0
0.046866416931152344,19873.0
0.046866416931152344,19763.0
0.046866416931152344,19903.0
0.046866416931152344,19691.0
0.046866416931152344,19881.0
0.04762887954711914,20005.0
0.04762887954711914,20113.0
0.04762887954711914,19959.0
0.04762887954711914,20082.0
0.04762887954711914,19962.0
0.04762887954711914,20071.0
0.04762887954711914,20188.0
0.04762887954711914,20303.0
0.04762887954711914,20151.0
0.04762887954711914,19969.0
0.04762887954711914,20192.0
0.04762887954711914,20026.0
0.04762887954711914,19910.0
0.04762887954711914,20038.0
0.04762887954711914,20218.0
0.04762887954711914,20093.0
0.04762887954711914,19958.0
0.04762887954711914,19820.0
0.04762887954711914,19936.0
0.04762887954711914,20081.0
0.04762887954711914,20207.0
0.04762887954711914,20317.0
0.04762887954711914,20002.0
0.04762887954711914,20231.0
0.04762887954711914,20391.0
0.04762887954711914,20282.0
0.04762887954711914,20119.0
0.04762887954711914,20269.0
0.04762887954711914,20136.0
0.04762887954711914,20253.0
0.04762887954711914,20402.0
0.04762887954711914,20287.0
0.04762887954711914,20154.0
0.04762887954711914,20031.0
0.04762887954711914,19910.0
0.04762887954711914,20073.0
0.04762887954711914,19945.0
0.04762887954711914,20110.0
0.04762887954711914,19990.0
0.04762887954711914,20110.0
0.04762887954711914,19920.0
0.04762887954711914,20118.0
0.04762887954711914,19936.0
0.04762887954711914,20084.0
0.04762887954711914,20203.0
0.04762887954711914,20093.0
0.04762887954711914,19983.0
0.04762887954711914,20118.0
0.04762887954711914,19953.0
0.04762887954711914,20084.0
0.04762887954711914,19979.0
0.04762887954711914,20092.0
0.04762887954711914,19902.0
0.04762887954711914,20093.0
0.04762887954711914,20203.0
0.04762887954711914,20051.0
0.04762887954711914,20203.0
0.04762887954711914,20058.0
0.04762887954711914,20211.0
0.04762887954711914,20021.0
0.04762887954711914,20175.0
0.04762887954711914,20053.0
0.04762887954711914,20194.0
0.04762887954711914,20310.0
0.04762887954711914,20202.0
0.04762887954711914,20088.0
0.04762887954711914,19899.0
0.04762887954711914,20054.0
0.04762887954711914,20182.0
0.04762887954711914,19969.0
0.04762887954711914,20184.0
0.04762887954711914,20077.0
0.04762887954711914,20200.0
0.04762887954711914,20311.0
0.04762887954711914,20175.0
0.04762887954711914,20012.0
0.04762887954711914,20215.0
0.04762887954711914,20080.0
0.04762887954711914,19949.0
0.04762887954711914,20073.0
0.04762887954711914,20219.0
0.04762887954711914,20089.0
0.04762887954711914,19970.0
0.04762887954711914,19855.0
0.04762887954711914,19988.0
0.04762887954711914,20117.0
0.04762887954711914,20008.0
0.04762887954711914,19901.0
0.04762887954711914,20018.0
0.04762887954711914,19896.0
0.04762887954711914,20010.0
0.04762887954711914,19882.0
0.04762887954711914,20015.0
0.04762887954711914,19905.0
0.04762887954711914,19732.0
0.04762887954711914,19902.0
0.04762887954711914,19773.0
0.04762887954711914,19906.0
0.04762887954711914,20016.0
0.04762887954711914,19915.0
0.04762887954711914,19762.0
0.04762887954711914,19533.0
0.04762887954711914,19805.0
0.04762887954711914,19584.0
0.04762887954711914,19689.0
0.04762887954711914,19909.0
0.04762887954711914,19776.0
0.04762887954711914,19885.0
0.04762887954711914,19784.0
0.04762887954711914,19519.0
0.04762887954711914,19410.0
0.04762887954711914,19599.0
0.04762887954711914,19726.0
0.04762887954711914,19917.0
0.04762887954711914,19793.0
0.04762887954711914,19590.0
0.04762887954711914,19477.0
0.04762887954711914,19617.0
0.04762887954711914,19507.0
0.04762887954711914,19660.0
0.04762887954711914,19769.0
0.04762887954711914,19884.0
0.04762887954711914,19695.0
0.04762887954711914,19918.0
0.04762887954711914,19748.0
0.04762887954711914,19906.0
0.04762887954711914,19789.0
0.04762887954711914,19907.0
0.04762887954711914,19797.0
0.04762887954711914,19529.0
0.04762887954711914,19818.0
0.04762887954711914,19669.0
0.04762887954711914,19546.0
0.04762887954711914,19401.0
0.04762887954711914,19545.0
0.04762887954711914,19678.0
0.04762887954711914,19517.0
0.04762887954711914,19662.0
0.04762887954711914,19795.0
0.04762887954711914,19902.0
0.04762887954711914,19767.0
0.04762887954711914,19576.0
0.04762887954711914,19757.0
0.04762887954711914,19867.0
0.04762887954711914,20012.0
0.04762887954711914,19859.0
0.04762887954711914,19754.0
0.04762887954711914,19646.0
0.04762887954711914,19755.0
0.04762887954711914,19907.0
0.04762887954711914,19788.0
0.04762887954711914,19910.0
0.04762887954711914,19794.0
0.04762887954711914,19901.0
0.04762887954711914,20011.0
0.04762887954711914,19903.0
0.04762887954711914,20011.0
0.04762887954711914,19798.0
0.04762887954711914,19653.0
0.04762887954711914,19856.0
0.04762887954711914,20008.0
0.04762887954711914,19861.0
0.04762887954711914,19753.0
0.04762887954711914,19891.0
0.04762887954711914,19727.0
0.04762887954711914,19913.0
0.04762887954711914,19758.0
0.04762887954711914,19897.0
0.04762887954711914,20007.0
0.04762887954711914,19879.0
0.04762887954711914,20000.0
0.04762887954711914,20119.0
0.04762887954711914,19989.0
0.04762887954711914,20119.0
0.04762887954711914,19995.0
0.04762887954711914,19807.0
0.04762887954711914,19968.0
0.04762887954711914,19533.0
0.04762887954711914,19865.0
0.04762887954711914,20107.0
0.04762887954711914,20004.0
0.04762887954711914,20105.0
0.04762887954711914,19991.0
0.04762887954711914,19875.0
0.04762887954711914,19764.0
0.04762887954711914,19636.0
0.04762887954711914,19529.0
0.04762887954711914,19718.0
0.04762887954711914,19566.0
0.04762887954711914,19675.0
0.04762887954711914,19791.0
0.04762887954711914,19593.0
0.04762887954711914,19694.0
0.04762887954711914,19907.0
0.04762887954711914,19781.0
0.04762887954711914,19917.0
0.04762887954711914,19779.0
0.04762887954711914,19898.0
0.04762887954711914,20005.0
0.04762887954711914,19855.0
0.04762887954711914,19722.0
0.04762887954711914,19851.0
0.04762887954711914,19660.0
0.04762887954711914,19831.0
0.04762887954711914,19966.0
0.04762887954711914,20082.0
0.04762887954711914,20187.0
0.04762887954711914,20057.0
0.04762887954711914,20199.0
0.04762887954711914,20039.0
0.04762887954711914,20174.0
0.04762887954711914,20284.0
0.04762887954711914,20131.0
0.04762887954711914,20313.0
0.04762887954711914,20090.0
0.04762887954711914,20281.0
0.04762887954711914,20399.0
0.04762887954711914,20507.0
0.04762887954711914,20367.0
0.04762887954711914,20497.0
0.04762887954711914,20254.0
0.04762887954711914,20494.0
0.04762887954711914,20619.0
0.04762887954711914,20512.0
0.04762887954711914,20392.0
0.04762887954711914,20285.0
0.04762887954711914,20072.0
0.04762887954711914,20274.0
0.04762887954711914,20402.0
0.04762887954711914,20262.0
0.04762887954711914,20129.0
0.04762887954711914,20302.0
0.04762887954711914,20167.0
0.04762887954711914,20270.0
0.04762887954711914,20381.0
0.04762887954711914,20516.0
0.04762887954711914,20398.0
0.04762887954711914,20297.0
0.04762887954711914,20082.0
0.04762887954711914,20270.0
0.04762887954711914,20408.0
0.04762887954711914,20516.0
0.04762887954711914,20395.0
0.04762887954711914,20515.0
0.04762887954711914,20393.0
0.04762887954711914,20494.0
0.04762887954711914,20342.0
0.04762887954711914,20457.0
0.04762887954711914,20617.0
0.04762887954711914,20499.0
0.04762887954711914,20394.0
0.04762887954711914,20286.0
0.04762887954711914,20409.0
0.04762887954711914,20260.0
0.04762887954711914,20071.0
0.04762887954711914,20307.0
0.04762887954711914,20091.0
0.04762887954711914,20300.0
0.04762887954711914,20191.0
0.04762887954711914,20020.0
0.04762887954711914,19887.0
0.04762887954711914,20051.0
0.04762887954711914,20164.0
0.04762887954711914,20286.0
0.04762887954711914,20408.0
0.04762887954711914,20517.0
0.04762887954711914,20373.0
0.04762887954711914,20264.0
0.04762887954711914,20372.0
0.04762887954711914,20492.0
0.04762887954711914,20335.0
0.04762887954711914,20509.0
0.04762887954711914,20614.0
0.04762887954711914,20482.0
0.04762887954711914,20596.0
0.04762887954711914,20716.0
0.04762887954711914,20606.0
0.04762887954711914,20715.0
0.04762887954711914,20508.0
0.04762887954711914,20698.0
0.04762887954711914,20566.0
0.04762887954711914,20715.0
0.04762887954711914,20601.0
0.04762887954711914,20438.0
0.04762887954711914,20256.0
0.04762887954711914,20474.0
0.04762887954711914,20607.0
0.04762887954711914,20462.0
0.04762887954711914,20619.0
0.04762887954711914,20509.0
0.04762887954711914,20345.0
0.04762887954711914,20516.0
0.04762887954711914,20381.0
0.04762887954711914,20280.0
0.04762887954711914,20388.0
0.04762887954711914,20275.0
0.04762887954711914,20073.0
0.04762887954711914,20252.0
0.04762887954711914,20376.0
0.04762887954711914,20210.0
0.04762887954711914,20398.0
0.04762887954711914,20289.0
0.04762887954711914,20419.0
0.04762887954711914,20309.0
0.04762887954711914,20419.0
0.04762887954711914,20256.0
0.04762887954711914,20405.0
0.04762887954711914,20244.0
0.04762887954711914,20377.0
0.04762887954711914,20245.0
0.04762887954711914,20416.0
0.04762887954711914,20280.0
0.04762887954711914,20415.0
0.06272530555725098,20310.0
0.06272530555725098,20415.0
0.06272530555725098,20280.0
0.06365346908569336,20398.0
0.06365346908569336,20507.0
0.06430387496948242,20397.0
0.06430387496948242,20516.0
0.06430387496948242,20271.0
0.06430387496948242,20442.0
0.06430387496948242,20219.0
0.06430387496948242,20468.0
0.06430387496948242,20610.0
0.06430387496948242,20493.0
0.06559491157531738,20307.0
0.06559491157531738,20472.0
0.06559491157531738,20589.0
0.06559491157531738,20696.0
0.06559491157531738,20577.0
0.06559491157531738,20705.0
0.06559491157531738,20580.0
0.06559491157531738,20465.0
0.06559491157531738,20291.0
0.06559491157531738,20505.0
0.06559491157531738,20619.0
0.06559491157531738,20512.0
0.06559491157531738,20363.0
0.06559491157531738,20484.0
0.06559491157531738,20618.0
0.06559491157531738,20719.0
0.06559491157531738,20528.0
0.06559491157531738,20661.0
0.06559491157531738,20811.0
0.06559491157531738,20638.0
0.06559491157531738,20764.0
0.06559491157531738,20869.0
0.06559491157531738,20976.0
0.06559491157531738,21108.0
0.06559491157531738,20951.0
0.06559491157531738,21117.0
0.06559491157531738,21006.0
0.06559491157531738,20873.0
0.06559491157531738,21017.0
0.07860660552978516,20897.0
0.07919692993164062,21008.0
0.07919692993164062,20820.0
0.07919692993164062,21000.0
0.07919692993164062,20897.0
0.07919692993164062,20767.0
0.07919692993164062,20877.0
0.07919692993164062,21012.0
0.07919692993164062,21119.0
0.07919692993164062,20940.0
0.07919692993164062,21054.0
0.07919692993164062,21186.0
0.07919692993164062,21316.0
0.07919692993164062,21155.0
0.07919692993164062,21265.0
0.07919692993164062,21409.0
0.07919692993164062,21298.0
0.07919692993164062,21189.0
0.07919692993164062,20986.0
0.07919692993164062,21156.0
0.07919692993164062,21314.0
0.07919692993164062,21417.0
0.07919692993164062,21233.0
0.07919692993164062,21123.0
0.07919692993164062,21318.0
0.07919692993164062,21201.0
0.07919692993164062,21100.0
0.07919692993164062,21210.0
0.07919692993164062,21083.0
0.07919692993164062,21198.0
0.07919692993164062,21314.0
0.07919692993164062,21415.0
0.07919692993164062,21289.0
0.07919692993164062,21413.0
0.07919692993164062,21308.0
0.07919692993164062,21178.0
0.07919692993164062,21318.0
0.0892941951751709,21215.0
0.0892941951751709,21044.0
0.0892941951751709,20939.0
0.0892941951751709,21111.0
0.0892941951751709,20982.0
0.0892941951751709,20838.0
0.0892941951751709,20990.0
0.0892941951751709,21115.0
0.0892941951751709,21218.0
0.0892941951751709,21102.0
0.0892941951751709,20978.0
0.0892941951751709,21105.0
0.0892941951751709,21218.0
0.09440255165100098,21069.0
0.09440255165100098,21216.0
0.09440255165100098,21068.0
0.09440255165100098,21197.0
0.09440255165100098,21056.0
0.09440255165100098,21180.0
0.09440255165100098,21301.0
0.09440255165100098,21198.0
0.09440255165100098,21315.0
0.09440255165100098,21135.0
0.09440255165100098,21292.0
0.09440255165100098,21412.0
0.09440255165100098,21265.0
0.09440255165100098,21418.0
0.09440255165100098,21308.0
0.09440255165100098,21203.0
0.09440255165100098,21306.0
0.09440255165100098,21184.0
0.09440255165100098,21069.0
0.09440255165100098,21187.0
0.09440255165100098,21313.0
0.09440255165100098,21418.0
0.09440255165100098,21310.0
0.09440255165100098,21415.0
0.09440255165100098,21314.0
0.09440255165100098,21415.0
0.09440255165100098,21312.0
0.09440255165100098,21415.0
0.09440255165100098,21291.0
0.09440255165100098,21417.0
0.09440255165100098,21253.0
0.09440255165100098,21389.0
0.09440255165100098,21508.0
0.09440255165100098,21619.0
