0.0,59403.0
0.0,59592.0
0.0,59707.0
0.0,59813.0
0.002733469009399414,59285.0
0.002733469009399414,59797.0
0.002733469009399414,59449.0
0.002733469009399414,59571.0
0.002733469009399414,59727.0
0.002733469009399414,59893.0
0.002733469009399414,60061.0
0.002733469009399414,60190.0
0.002733469009399414,60291.0
0.002733469009399414,60415.0
0.002733469009399414,60517.0
0.002733469009399414,60619.0
0.002733469009399414,59870.0
0.002733469009399414,59979.0
0.002733469009399414,60303.0
0.002733469009399414,60497.0
0.002733469009399414,60774.0
0.002733469009399414,60975.0
0.002733469009399414,61111.0
0.002733469009399414,60945.0
0.002733469009399414,61111.0
0.002733469009399414,61215.0
0.002733469009399414,61316.0
0.002733469009399414,61417.0
0.002733469009399414,61518.0
0.002733469009399414,60751.0
0.002733469009399414,61283.0
0.002733469009399414,61182.0
0.002733469009399414,61323.0
0.002733469009399414,61027.0
0.002733469009399414,61207.0
0.002733469009399414,61009.0
0.002733469009399414,61222.0
0.002733469009399414,61453.0
0.002733469009399414,61711.0
0.002733469009399414,61543.0
0.002733469009399414,61685.0
0.002733469009399414,61790.0
0.002733469009399414,61906.0
0.002733469009399414,61394.0
0.002733469009399414,61757.0
0.002733469009399414,62002.0
0.002733469009399414,61576.0
0.002733469009399414,61981.0
0.002733469009399414,62102.0
0.002733469009399414,62212.0
0.002733469009399414,62107.0
0.002733469009399414,61374.0
0.002733469009399414,61522.0
0.007542848587036133,62089.0
0.007542848587036133,62253.0
0.007542848587036133,62358.0
0.007542848587036133,62517.0
0.007542848587036133,62618.0
0.007542848587036133,61723.0
0.007542848587036133,62043.0
0.007542848587036133,62535.0
0.007542848587036133,62652.0
0.007542848587036133,62899.0
0.007542848587036133,63008.0
0.007542848587036133,63117.0
0.007542848587036133,62923.0
0.007542848587036133,63091.0
0.007542848587036133,63207.0
0.007542848587036133,63318.0
0.007542848587036133,63060.0
0.007542848587036133,63210.0
0.007542848587036133,63315.0
0.007542848587036133,63496.0
0.007542848587036133,63600.0
0.007542848587036133,63715.0
0.007542848587036133,63818.0
0.007542848587036133,63694.0
0.007542848587036133,63818.0
0.007542848587036133,63717.0
0.007542848587036133,63819.0
0.007542848587036133,63397.0
0.007542848587036133,63672.0
0.007542848587036133,63789.0
0.007542848587036133,63988.0
0.007542848587036133,64097.0
0.007542848587036133,64215.0
0.007542848587036133,64111.0
0.007542848587036133,63880.0
0.007542848587036133,64026.0
0.007542848587036133,64127.0
0.007542848587036133,63498.0
0.007542848587036133,63607.0
0.007542848587036133,63823.0
0.007542848587036133,64232.0
0.007542848587036133,64462.0
0.007542848587036133,64346.0
0.007542848587036133,64466.0
0.007542848587036133,64575.0
0.007542848587036133,64710.0
0.007542848587036133,64815.0
0.007542848587036133,64713.0
0.007542848587036133,64541.0
0.007542848587036133,64683.0
0.007542848587036133,64249.0
0.007542848587036133,64642.0
0.007542848587036133,64802.0
0.007542848587036133,64693.0
0.007542848587036133,64172.0
0.007542848587036133,64531.0
0.007542848587036133,64702.0
0.007542848587036133,64877.0
0.007542848587036133,65008.0
0.007542848587036133,65111.0
0.007542848587036133,64247.0
0.007542848587036133,64681.0
0.007542848587036133,64828.0
0.007542848587036133,64929.0
0.007542848587036133,65181.0
0.007542848587036133,65482.0
0.007542848587036133,65584.0
0.007542848587036133,65704.0
0.007542848587036133,64922.0
0.007542848587036133,65194.0
0.007542848587036133,65797.0
0.007542848587036133,65473.0
0.007542848587036133,65750.0
0.007542848587036133,65868.0
0.007542848587036133,65970.0
0.007542848587036133,66106.0
0.007542848587036133,66212.0
0.007542848587036133,66109.0
0.007542848587036133,65992.0
0.007542848587036133,66112.0
0.007542848587036133,65813.0
0.007542848587036133,65917.0
0.007542848587036133,66045.0
0.007542848587036133,66258.0
0.007542848587036133,66374.0
0.007542848587036133,66476.0
0.007542848587036133,66591.0
0.007542848587036133,66692.0
0.007542848587036133,66815.0
0.007542848587036133,66599.0
0.007542848587036133,66812.0
0.007542848587036133,66255.0
0.007542848587036133,66806.0
0.007542848587036133,66909.0
0.007542848587036133,67014.0
0.007542848587036133,66605.0
0.007542848587036133,66934.0
0.007542848587036133,66529.0
0.007542848587036133,66910.0
0.007542848587036133,67087.0
0.007542848587036133,66982.0
0.007542848587036133,66835.0
0.007542848587036133,66994.0
0.007542848587036133,66893.0
0.007542848587036133,66723.0
0.007542848587036133,66839.0
0.007542848587036133,66993.0
0.007542848587036133,67103.0
0.007542848587036133,66922.0
0.007542848587036133,67075.0
0.007542848587036133,67180.0
0.007542848587036133,67076.0
0.007542848587036133,66899.0
0.007542848587036133,67112.0
0.007542848587036133,66525.0
0.007542848587036133,66712.0
0.007542848587036133,67128.0
0.007542848587036133,67288.0
0.007542848587036133,67393.0
0.007542848587036133,67291.0
0.007542848587036133,67394.0
0.007542848587036133,67502.0
0.007542848587036133,67612.0
0.007542848587036133,67080.0
0.007542848587036133,67495.0
0.007542848587036133,67670.0
0.007542848587036133,67775.0
0.007542848587036133,67892.0
0.007542848587036133,68006.0
0.007542848587036133,67369.0
0.007542848587036133,67567.0
0.007542848587036133,68052.0
0.007542848587036133,68216.0
0.007542848587036133,68111.0
0.007542848587036133,68009.0
0.007542848587036133,67732.0
0.007542848587036133,68009.0
0.007542848587036133,67892.0
0.007542848587036133,67997.0
0.007542848587036133,67895.0
0.007542848587036133,68017.0
0.007542848587036133,67888.0
0.007542848587036133,67994.0
0.007542848587036133,67461.0
0.007542848587036133,67798.0
0.007542848587036133,67644.0
0.007542848587036133,67999.0
0.007542848587036133,67662.0
0.007542848587036133,67889.0
0.007542848587036133,67779.0
0.007542848587036133,66805.0
0.007542848587036133,67219.0
0.007542848587036133,67398.0
0.007542848587036133,67921.0
0.007542848587036133,68054.0
0.007542848587036133,68204.0
0.007542848587036133,68392.0
0.007542848587036133,68505.0
0.007542848587036133,68619.0
0.007542848587036133,68220.0
0.007542848587036133,67735.0
0.007542848587036133,68224.0
0.007542848587036133,68338.0
0.007542848587036133,68501.0
0.007542848587036133,68749.0
0.007542848587036133,68850.0
0.007542848587036133,68998.0
0.007542848587036133,69102.0
0.007542848587036133,68956.0
0.007542848587036133,69058.0
0.007542848587036133,69167.0
0.007542848587036133,69287.0
0.007542848587036133,69406.0
0.007542848587036133,69205.0
0.007542848587036133,69377.0
0.007542848587036133,69498.0
0.007542848587036133,68982.0
0.007542848587036133,69301.0
0.007542848587036133,69597.0
0.007542848587036133,69075.0
0.007542848587036133,69400.0
0.007542848587036133,69075.0
0.007542848587036133,69203.0
0.007542848587036133,69611.0
0.007542848587036133,69747.0
0.007542848587036133,69919.0
0.007542848587036133,69773.0
0.007542848587036133,69881.0
0.007542848587036133,69275.0
0.007542848587036133,69535.0
0.007542848587036133,69944.0
0.007542848587036133,70105.0
0.007542848587036133,70207.0
0.007542848587036133,70319.0
0.007542848587036133,70203.0
0.007542848587036133,70091.0
0.007542848587036133,70192.0
0.007542848587036133,70299.0
0.007542848587036133,70176.0
0.007542848587036133,69997.0
0.007542848587036133,70154.0
0.007542848587036133,70298.0
0.007542848587036133,70138.0
0.007542848587036133,70297.0
0.007542848587036133,70398.0
0.007542848587036133,70517.0
0.007542848587036133,70408.0
0.007542848587036133,70515.0
0.007542848587036133,70202.0
0.007542848587036133,70495.0
0.023642301559448242,70394.0
0.023642301559448242,70172.0
0.023642301559448242,70375.0
0.023642301559448242,70274.0
0.023642301559448242,70416.0
0.023642301559448242,70007.0
0.023642301559448242,70344.0
0.023642301559448242,70514.0
0.023642301559448242,70618.0
0.023642301559448242,70454.0
0.023642301559448242,70593.0
0.023642301559448242,70699.0
0.023642301559448242,70818.0
0.023642301559448242,70709.0
0.023642301559448242,70594.0
0.023642301559448242,70713.0
0.023642301559448242,69629.0
0.023642301559448242,70411.0
0.023642301559448242,70791.0
0.023642301559448242,70919.0
0.023642301559448242,70786.0
0.023642301559448242,70899.0
0.023642301559448242,70562.0
0.023642301559448242,70725.0
0.023642301559448242,70887.0
0.023642301559448242,71070.0
0.023642301559448242,70703.0
0.023642301559448242,70830.0
0.023642301559448242,70966.0
0.023642301559448242,71288.0
0.023642301559448242,71147.0
0.023642301559448242,71263.0
0.023642301559448242,71379.0
0.023642301559448242,71516.0
0.023642301559448242,71102.0
0.023642301559448242,71332.0
0.023642301559448242,71506.0
0.023642301559448242,71643.0
0.023642301559448242,71763.0
0.023642301559448242,71905.0
0.023642301559448242,71789.0
0.023642301559448242,71680.0
0.023642301559448242,71816.0
0.023642301559448242,71919.0
0.023642301559448242,71753.0
0.023642301559448242,71633.0
0.023642301559448242,71810.0
0.023642301559448242,71707.0
0.023642301559448242,71811.0
0.023642301559448242,71491.0
0.023642301559448242,71801.0
0.023642301559448242,71641.0
0.023642301559448242,71498.0
0.023642301559448242,71698.0
0.023642301559448242,71563.0
0.023642301559448242,71713.0
0.023642301559448242,71607.0
0.023642301559448242,71459.0
0.023642301559448242,71573.0
0.023642301559448242,71707.0
0.023642301559448242,71819.0
0.023642301559448242,70953.0
0.023642301559448242,71733.0
0.023642301559448242,71835.0
0.023642301559448242,71978.0
0.023642301559448242,72101.0
0.023642301559448242,71995.0
0.023642301559448242,72116.0
0.023642301559448242,72007.0
0.023642301559448242,72117.0
0.023642301559448242,71795.0
0.023642301559448242,72017.0
0.023642301559448242,72129.0
0.023642301559448242,72239.0
0.023642301559448242,72137.0
0.023642301559448242,71995.0
0.023642301559448242,72114.0
0.023642301559448242,72248.0
0.023642301559448242,72138.0
0.023642301559448242,72247.0
0.023642301559448242,72399.0
0.023642301559448242,72247.0
0.023642301559448242,72414.0
0.023642301559448242,71827.0
0.023642301559448242,72110.0
0.023642301559448242,72371.0
0.023642301559448242,72602.0
0.023642301559448242,72389.0
0.023642301559448242,72517.0
0.023642301559448242,72700.0
0.023642301559448242,72819.0
0.023642301559448242,72663.0
0.023642301559448242,72551.0
0.023642301559448242,72705.0
0.023642301559448242,72811.0
0.023642301559448242,72691.0
0.023642301559448242,71599.0
0.023642301559448242,72352.0
0.023642301559448242,72537.0
0.023642301559448242,72664.0
0.023642301559448242,72820.0
0.023642301559448242,73117.0
0.023642301559448242,72999.0
0.023642301559448242,73117.0
0.023642301559448242,72223.0
0.023642301559448242,72567.0
0.023642301559448242,72812.0
0.023642301559448242,72967.0
0.023642301559448242,73191.0
0.023642301559448242,73297.0
0.023642301559448242,73420.0
0.023642301559448242,73522.0
0.023642301559448242,73383.0
0.023642301559448242,73691.0
0.023642301559448242,73557.0
0.023642301559448242,73363.0
0.023642301559448242,73590.0
0.023642301559448242,73704.0
0.023642301559448242,73311.0
0.023642301559448242,73461.0
0.023642301559448242,73645.0
0.023642301559448242,73818.0
0.023642301559448242,73984.0
0.023642301559448242,73847.0
0.023642301559448242,74014.0
0.023642301559448242,73859.0
0.023642301559448242,74003.0
0.023642301559448242,74109.0
0.023642301559448242,73945.0
0.023642301559448242,74048.0
0.023642301559448242,74202.0
0.023642301559448242,74314.0
0.023642301559448242,74191.0
0.023642301559448242,74086.0
0.023642301559448242,74219.0
0.023642301559448242,73923.0
0.023642301559448242,74176.0
0.023642301559448242,74302.0
0.023642301559448242,73633.0
0.023642301559448242,74072.0
0.023642301559448242,74223.0
0.023642301559448242,74010.0
0.023642301559448242,73892.0
0.023642301559448242,74139.0
0.023642301559448242,74276.0
0.023642301559448242,74457.0
0.023642301559448242,74298.0
0.023642301559448242,74464.0
0.023642301559448242,74586.0
0.023642301559448242,74483.0
0.023642301559448242,74598.0
0.023642301559448242,74479.0
0.023642301559448242,74376.0
0.023642301559448242,74503.0
0.023642301559448242,74614.0
0.023642301559448242,74509.0
0.023642301559448242,74278.0
0.023642301559448242,74493.0
0.023642301559448242,74612.0
0.023642301559448242,74718.0
0.023642301559448242,74819.0
0.023642301559448242,74658.0
0.023642301559448242,74556.0
0.023642301559448242,74372.0
0.023642301559448242,74484.0
0.023642301559448242,74688.0
0.023642301559448242,74790.0
0.023642301559448242,74894.0
0.023642301559448242,74664.0
0.023642301559448242,74828.0
0.023642301559448242,74711.0
0.023642301559448242,74847.0
0.023642301559448242,75003.0
0.023642301559448242,74010.0
0.023642301559448242,74442.0
0.023642301559448242,74817.0
0.023642301559448242,75112.0
0.023642301559448242,75231.0
0.023642301559448242,75405.0
0.023642301559448242,75268.0
0.023642301559448242,75407.0
0.023642301559448242,75512.0
0.023642301559448242,75337.0
0.023642301559448242,75519.0
0.023642301559448242,75386.0
0.023642301559448242,75497.0
0.023642301559448242,75613.0
0.023642301559448242,75512.0
0.023642301559448242,75613.0
0.023642301559448242,75719.0
0.023642301559448242,75583.0
0.023642301559448242,75469.0
0.023642301559448242,75262.0
0.023642301559448242,75498.0
0.023642301559448242,75332.0
0.023642301559448242,75217.0
0.023642301559448242,75359.0
0.023642301559448242,75513.0
0.023642301559448242,75369.0
0.023642301559448242,75265.0
0.023642301559448242,75381.0
0.023642301559448242,75486.0
0.023642301559448242,75609.0
0.023642301559448242,75405.0
0.023642301559448242,75600.0
0.023642301559448242,75387.0
0.023642301559448242,75499.0
0.023642301559448242,75623.0
0.023642301559448242,75505.0
0.023642301559448242,75693.0
0.023642301559448242,75543.0
0.023642301559448242,75440.0
0.023642301559448242,75614.0
0.023642301559448242,75339.0
0.023642301559448242,75547.0
0.023642301559448242,75699.0
0.023642301559448242,75575.0
0.023642301559448242,75705.0
0.023642301559448242,75595.0
0.023642301559448242,75697.0
0.023642301559448242,75553.0
0.023642301559448242,75692.0
0.023642301559448242,75498.0
0.023642301559448242,75709.0
0.023642301559448242,75587.0
0.023642301559448242,75360.0
0.023642301559448242,75547.0
0.023642301559448242,75434.0
0.023642301559448242,75592.0
0.023642301559448242,75707.0
0.023642301559448242,75550.0
0.023642301559448242,75702.0
0.023642301559448242,75521.0
0.023642301559448242,75682.0
0.023642301559448242,75815.0
0.023642301559448242,75643.0
0.023642301559448242,75786.0
0.03947710990905762,75675.0
0.03947710990905762,75805.0
0.03947710990905762,75906.0
0.03947710990905762,76017.0
0.03947710990905762,75828.0
0.03947710990905762,76003.0
0.03947710990905762,75876.0
0.03947710990905762,76011.0
0.03947710990905762,75892.0
0.03947710990905762,75780.0
0.03947710990905762,75592.0
0.03947710990905762,75758.0
0.03947710990905762,75895.0
0.03947710990905762,76017.0
0.03947710990905762,75874.0
0.03947710990905762,75740.0
0.03947710990905762,75842.0
0.03947710990905762,75993.0
0.03947710990905762,75651.0
0.03947710990905762,75998.0
0.03947710990905762,75856.0
0.03947710990905762,75973.0
0.03947710990905762,76117.0
0.03947710990905762,75998.0
0.03947710990905762,76110.0
0.03947710990905762,75857.0
0.03947710990905762,76003.0
0.03947710990905762,76208.0
0.03947710990905762,76309.0
0.03947710990905762,76128.0
0.03947710990905762,76272.0
0.03947710990905762,76129.0
0.03947710990905762,76311.0
0.03947710990905762,76415.0
0.03947710990905762,76303.0
0.03947710990905762,76002.0
0.03947710990905762,76215.0
0.03947710990905762,76399.0
0.03947710990905762,76501.0
0.03947710990905762,76395.0
0.03947710990905762,76150.0
0.03947710990905762,76396.0
0.03947710990905762,76280.0
0.03947710990905762,76389.0
0.03947710990905762,75900.0
0.03947710990905762,76354.0
0.03947710990905762,76513.0
0.03947710990905762,76411.0
0.03947710990905762,76103.0
0.03947710990905762,76345.0
0.03947710990905762,76495.0
0.03947710990905762,76386.0
0.03947710990905762,76502.0
0.03947710990905762,76289.0
0.03947710990905762,76418.0
0.03947710990905762,76615.0
0.03947710990905762,76420.0
0.03947710990905762,76555.0
0.03947710990905762,76413.0
0.03947710990905762,76536.0
0.03947710990905762,76689.0
0.03947710990905762,76806.0
0.03947710990905762,76701.0
0.03947710990905762,76116.0
0.03947710990905762,76505.0
0.03947710990905762,76815.0
0.03947710990905762,76555.0
0.03947710990905762,76399.0
0.03947710990905762,76543.0
0.03947710990905762,76809.0
0.03947710990905762,76690.0
0.03947710990905762,76799.0
0.03947710990905762,76635.0
0.03947710990905762,76775.0
0.03947710990905762,76885.0
0.03947710990905762,76533.0
0.03947710990905762,76874.0
0.03947710990905762,76730.0
0.03947710990905762,76915.0
0.03947710990905762,76779.0
0.03947710990905762,76882.0
0.03947710990905762,77001.0
0.03947710990905762,76892.0
0.03947710990905762,77014.0
0.03947710990905762,76194.0
0.03947710990905762,76944.0
0.03947710990905762,76770.0
0.03947710990905762,77015.0
0.03947710990905762,77119.0
0.03947710990905762,76991.0
0.03947710990905762,77117.0
0.03947710990905762,77003.0
0.03947710990905762,77111.0
0.03947710990905762,77212.0
0.03947710990905762,77110.0
0.03947710990905762,76988.0
0.03947710990905762,76827.0
0.03947710990905762,76972.0
0.03947710990905762,77105.0
0.03947710990905762,76955.0
0.03947710990905762,76833.0
0.03947710990905762,76988.0
0.03947710990905762,76788.0
0.03947710990905762,77011.0
0.03947710990905762,76745.0
0.03947710990905762,76910.0
0.03947710990905762,77085.0
0.03947710990905762,77215.0
0.03947710990905762,77093.0
0.03947710990905762,77209.0
0.03947710990905762,77103.0
0.03947710990905762,76997.0
0.03947710990905762,76893.0
0.03947710990905762,76596.0
0.03947710990905762,76751.0
0.03947710990905762,76942.0
0.03947710990905762,77110.0
0.03947710990905762,76136.0
0.03947710990905762,76416.0
0.03947710990905762,77101.0
0.03947710990905762,77298.0
0.03947710990905762,77405.0
0.03947710990905762,77253.0
0.03947710990905762,77386.0
0.03947710990905762,77490.0
0.03947710990905762,77373.0
0.03947710990905762,77487.0
0.03947710990905762,77600.0
0.03947710990905762,77712.0
0.03947710990905762,77465.0
0.03947710990905762,77656.0
0.03947710990905762,77769.0
0.03947710990905762,77910.0
0.03947710990905762,77600.0
0.03947710990905762,77826.0
0.03947710990905762,77974.0
0.03947710990905762,77732.0
0.03947710990905762,77952.0
0.03947710990905762,78111.0
0.03947710990905762,77929.0
0.03947710990905762,78051.0
0.03947710990905762,77948.0
0.03947710990905762,78100.0
0.03947710990905762,78206.0
0.03947710990905762,78309.0
0.03947710990905762,78198.0
0.03947710990905762,77818.0
0.03947710990905762,77598.0
0.03947710990905762,77825.0
0.03947710990905762,77934.0
0.03947710990905762,78218.0
0.03947710990905762,78384.0
0.03947710990905762,78498.0
0.03947710990905762,78397.0
0.03947710990905762,78517.0
0.03947710990905762,78398.0
0.03947710990905762,78295.0
0.03947710990905762,78414.0
0.03947710990905762,78518.0
0.03947710990905762,78416.0
0.03947710990905762,78180.0
0.03947710990905762,78006.0
0.03947710990905762,78270.0
0.03947710990905762,78408.0
0.03947710990905762,78285.0
0.03947710990905762,78411.0
0.03947710990905762,78297.0
0.03947710990905762,78416.0
0.03947710990905762,78283.0
0.03947710990905762,78417.0
0.03947710990905762,78291.0
0.03947710990905762,78190.0
0.03947710990905762,78304.0
0.03947710990905762,78107.0
0.03947710990905762,78230.0
0.03947710990905762,78111.0
0.03947710990905762,78274.0
0.03947710990905762,78169.0
0.03947710990905762,78054.0
0.03947710990905762,78170.0
0.03947710990905762,78310.0
0.03947710990905762,78411.0
0.03947710990905762,78289.0
0.03947710990905762,78393.0
0.03947710990905762,78284.0
0.03947710990905762,78394.0
0.03947710990905762,78267.0
0.03947710990905762,78022.0
0.03947710990905762,78162.0
0.03947710990905762,78389.0
0.03947710990905762,78273.0
0.03947710990905762,78384.0
0.03947710990905762,78260.0
0.03947710990905762,78415.0
0.05527305603027344,77892.0
0.05527305603027344,78379.0
0.05527305603027344,78511.0
0.05527305603027344,78410.0
0.05527305603027344,78294.0
0.05527305603027344,78413.0
0.05659675598144531,78309.0
0.05659675598144531,78197.0
0.05659675598144531,78302.0
0.05659675598144531,78148.0
0.05710601806640625,78319.0
0.05710601806640625,78134.0
0.05710601806640625,78269.0
0.05710601806640625,78134.0
0.05710601806640625,78302.0
0.05710601806640625,78161.0
0.05710601806640625,78263.0
0.05710601806640625,78400.0
0.05710601806640625,78298.0
0.05710601806640625,78414.0
0.05766558647155762,78183.0
0.05766558647155762,78396.0
0.05766558647155762,78252.0
0.05766558647155762,78362.0
0.05766558647155762,78208.0
0.05766558647155762,78382.0
0.05766558647155762,78515.0
0.05823922157287598,78409.0
0.05823922157287598,78307.0
0.05880165100097656,78181.0
0.05880165100097656,78306.0
0.05880165100097656,78187.0
0.05880165100097656,78299.0
0.05880165100097656,78153.0
0.05880165100097656,78315.0
0.05933880805969238,78195.0
0.05933880805969238,78301.0
0.05933880805969238,78102.0
0.05933880805969238,77935.0
0.05933880805969238,78215.0
0.05933880805969238,78075.0
0.05933880805969238,78197.0
0.05933880805969238,78035.0
0.05933880805969238,78218.0
0.05933880805969238,78063.0
0.05933880805969238,78188.0
0.05933880805969238,78082.0
0.05933880805969238,78189.0
0.05933880805969238,78070.0
0.05933880805969238,77962.0
0.05933880805969238,78086.0
0.05933880805969238,78203.0
0.05933880805969238,78309.0
0.05933880805969238,78170.0
0.05933880805969238,78284.0
0.05933880805969238,78168.0
0.05933880805969238,78269.0
0.05933880805969238,78397.0
0.05933880805969238,78504.0
0.05933880805969238,78619.0
0.05933880805969238,77980.0
0.05933880805969238,78350.0
0.05933880805969238,78632.0
0.05933880805969238,78522.0
0.05933880805969238,78677.0
0.05933880805969238,78810.0
0.05933880805969238,78699.0
0.05933880805969238,78578.0
0.05933880805969238,78470.0
0.05933880805969238,78579.0
0.05933880805969238,78451.0
0.05933880805969238,78598.0
0.05933880805969238,78716.0
0.05933880805969238,78607.0
0.05933880805969238,78455.0
0.05933880805969238,78595.0
0.05933880805969238,78696.0
0.05933880805969238,78530.0
0.05933880805969238,78315.0
0.05933880805969238,78527.0
0.05933880805969238,78693.0
0.05933880805969238,78513.0
0.05933880805969238,78233.0
0.05933880805969238,78492.0
0.05933880805969238,78665.0
0.05933880805969238,78766.0
0.05933880805969238,78891.0
0.05933880805969238,79014.0
0.05933880805969238,78644.0
0.05933880805969238,78746.0
0.05933880805969238,78922.0
0.05933880805969238,79195.0
0.05933880805969238,79307.0
0.05933880805969238,79417.0
0.05933880805969238,79310.0
0.05933880805969238,79195.0
0.05933880805969238,79073.0
0.05933880805969238,79182.0
0.05933880805969238,79319.0
0.05933880805969238,79156.0
0.05933880805969238,79288.0
0.05933880805969238,79416.0
0.05933880805969238,79315.0
0.05933880805969238,79419.0
0.05933880805969238,79303.0
0.05933880805969238,79411.0
0.05933880805969238,79260.0
0.05933880805969238,79414.0
0.05933880805969238,79206.0
0.05933880805969238,79409.0
0.05933880805969238,79284.0
0.05933880805969238,79111.0
0.05933880805969238,79300.0
0.05933880805969238,79415.0
0.05933880805969238,79078.0
0.05933880805969238,79394.0
0.05933880805969238,79247.0
0.05933880805969238,79085.0
0.05933880805969238,78861.0
0.05933880805969238,79029.0
0.05933880805969238,78416.0
0.05933880805969238,78591.0
0.05933880805969238,79074.0
0.05933880805969238,79372.0
0.05933880805969238,79499.0
0.05933880805969238,79296.0
0.05933880805969238,79412.0
0.05933880805969238,79545.0
0.05933880805969238,79673.0
0.05933880805969238,79774.0
0.05933880805969238,79889.0
0.05933880805969238,80012.0
0.05933880805969238,79823.0
0.05933880805969238,79953.0
0.05933880805969238,80056.0
0.05933880805969238,80188.0
0.05933880805969238,80073.0
0.05933880805969238,80188.0
0.05933880805969238,80316.0
0.05933880805969238,79972.0
0.05933880805969238,80302.0
0.05933880805969238,80172.0
0.05933880805969238,80058.0
0.05933880805969238,79947.0
0.05933880805969238,80096.0
0.05933880805969238,79971.0
0.05933880805969238,80087.0
0.05933880805969238,80189.0
0.05933880805969238,80319.0
0.05933880805969238,80218.0
0.05933880805969238,80063.0
0.05933880805969238,80164.0
0.05933880805969238,80319.0
0.05933880805969238,80207.0
0.05933880805969238,80106.0
0.05933880805969238,79997.0
0.05933880805969238,80107.0
0.05933880805969238,79920.0
0.05933880805969238,80036.0
0.05933880805969238,80207.0
0.05933880805969238,80041.0
0.05933880805969238,79901.0
0.05933880805969238,80012.0
0.05933880805969238,80154.0
0.05933880805969238,80257.0
0.05933880805969238,80151.0
0.05933880805969238,80294.0
0.05933880805969238,80400.0
0.05933880805969238,80298.0
0.05933880805969238,80162.0
0.05933880805969238,80270.0
0.05933880805969238,80086.0
0.05933880805969238,79647.0
0.05933880805969238,80148.0
0.05933880805969238,80298.0
0.05933880805969238,80407.0
0.07143902778625488,80303.0
0.07143902778625488,80039.0
0.07143902778625488,80267.0
0.07143902778625488,79990.0
0.07143902778625488,80280.0
0.07143902778625488,80122.0
0.07143902778625488,80227.0
0.07143902778625488,80363.0
0.07143902778625488,80478.0
0.07143902778625488,80325.0
0.07143902778625488,80466.0
0.0731966495513916,80592.0
0.0731966495513916,80489.0
0.0731966495513916,80380.0
0.0731966495513916,80273.0
0.0731966495513916,80396.0
0.0731966495513916,80292.0
0.0731966495513916,80403.0
0.0731966495513916,80508.0
0.0731966495513916,80350.0
0.0731966495513916,80466.0
0.0731966495513916,80352.0
0.0731966495513916,80487.0
0.0731966495513916,80352.0
0.0731966495513916,80508.0
0.0731966495513916,80407.0
0.0731966495513916,80230.0
0.0731966495513916,80120.0
0.0731966495513916,80305.0
0.0731966495513916,80419.0
0.0731966495513916,80269.0
0.0731966495513916,80415.0
0.0731966495513916,80313.0
0.0731966495513916,80197.0
0.0731966495513916,80306.0
0.0731966495513916,80200.0
0.0731966495513916,80319.0
0.0731966495513916,80160.0
0.0731966495513916,80274.0
0.0731966495513916,80141.0
0.0731966495513916,80290.0
0.0731966495513916,80170.0
0.0731966495513916,80007.0
0.0731966495513916,80217.0
0.0731966495513916,80064.0
0.0731966495513916,80211.0
0.0731966495513916,80318.0
0.0731966495513916,80208.0
0.0731966495513916,80314.0
0.0731966495513916,80419.0
0.0731966495513916,80303.0
0.0731966495513916,80412.0
0.0731966495513916,80227.0
0.0731966495513916,80388.0
0.0731966495513916,80279.0
0.0731966495513916,80158.0
0.0731966495513916,80259.0
0.0731966495513916,80036.0
0.0731966495513916,80302.0
0.0731966495513916,80177.0
0.0731966495513916,80023.0
0.0731966495513916,80209.0
0.0731966495513916,79998.0
0.0731966495513916,80172.0
0.0731966495513916,80317.0
0.0731966495513916,79850.0
0.0731966495513916,80261.0
0.0731966495513916,80395.0
0.0731966495513916,80229.0
0.0731966495513916,80397.0
0.0731966495513916,80287.0
0.0731966495513916,80404.0
0.0731966495513916,80295.0
0.0731966495513916,80414.0
0.0731966495513916,80132.0
0.0731966495513916,80372.0
0.0731966495513916,80483.0
0.0731966495513916,80317.0
0.0731966495513916,80481.0
0.0731966495513916,80612.0
0.0731966495513916,80496.0
0.0731966495513916,80374.0
0.0731966495513916,80269.0
0.0731966495513916,80371.0
0.0731966495513916,80479.0
0.0731966495513916,80616.0
0.0731966495513916,80332.0
0.0731966495513916,80545.0
0.0731966495513916,80694.0
0.0731966495513916,80813.0
0.0731966495513916,80710.0
0.0731966495513916,80554.0
0.0731966495513916,80676.0
0.0731966495513916,80785.0
0.0731966495513916,80652.0
0.0731966495513916,80804.0
0.0731966495513916,80655.0
0.0731966495513916,80785.0
0.0731966495513916,80888.0
0.0731966495513916,80762.0
0.0731966495513916,80912.0
0.0731966495513916,81017.0
0.0731966495513916,80880.0
0.0731966495513916,81016.0
0.0731966495513916,80845.0
0.0731966495513916,80732.0
0.0731966495513916,80909.0
0.0731966495513916,80682.0
0.0731966495513916,80825.0
0.0731966495513916,80958.0
0.0731966495513916,81092.0
0.0731966495513916,80097.0
0.0731966495513916,80353.0
0.0731966495513916,81206.0
0.0731966495513916,80747.0
0.0731966495513916,80900.0
0.0731966495513916,80687.0
0.0731966495513916,81107.0
0.0731966495513916,81262.0
0.0731966495513916,81379.0
0.0731966495513916,81049.0
0.0731966495513916,81301.0
0.0731966495513916,81481.0
0.0731966495513916,81605.0
0.0731966495513916,81504.0
0.0731966495513916,81398.0
0.0731966495513916,81270.0
0.0731966495513916,81419.0
0.0731966495513916,81290.0
0.0731966495513916,81045.0
0.0731966495513916,81301.0
0.0731966495513916,81417.0
0.0731966495513916,81294.0
0.0731966495513916,81145.0
0.0731966495513916,81318.0
0.0731966495513916,81162.0
0.0731966495513916,81319.0
0.0731966495513916,81136.0
0.0731966495513916,81319.0
0.0731966495513916,81167.0
0.0731966495513916,81317.0
0.08729219436645508,81194.0
0.08789968490600586,81007.0
0.08789968490600586,81208.0
0.08789968490600586,81094.0
0.08789968490600586,80868.0
0.08789968490600586,81081.0
0.08789968490600586,81197.0
0.08789968490600586,81318.0
0.08789968490600586,81217.0
0.08789968490600586,81103.0
0.08789968490600586,81219.0
0.08789968490600586,81118.0
0.08789968490600586,81004.0
0.08789968490600586,80862.0
0.08789968490600586,80972.0
0.08789968490600586,81103.0
0.08789968490600586,80987.0
0.08789968490600586,81109.0
0.08789968490600586,80957.0
0.08789968490600586,80812.0
0.08789968490600586,80999.0
0.08789968490600586,80512.0
0.08789968490600586,80798.0
0.08789968490600586,81077.0
0.08789968490600586,80811.0
0.08789968490600586,81034.0
0.08789968490600586,81214.0
0.08789968490600586,80992.0
0.08789968490600586,81124.0
0.08789968490600586,81010.0
0.08789968490600586,80830.0
0.08789968490600586,81109.0
0.08789968490600586,80867.0
0.08789968490600586,81009.0
0.08789968490600586,81195.0
0.08789968490600586,81311.0
0.08789968490600586,81419.0
0.08789968490600586,81279.0
0.08789968490600586,81149.0
0.08789968490600586,81271.0
0.08789968490600586,81395.0
0.08789968490600586,81501.0
0.08789968490600586,81377.0
0.08789968490600586,81203.0
0.08789968490600586,81400.0
0.08789968490600586,81177.0
0.08789968490600586,81360.0
0.08789968490600586,81516.0
0.08789968490600586,81617.0
0.08789968490600586,81493.0
0.08789968490600586,81377.0
0.08789968490600586,81272.0
0.08789968490600586,81384.0
0.08789968490600586,81283.0
0.08789968490600586,81400.0
0.08789968490600586,81510.0
0.08789968490600586,81377.0
0.08789968490600586,81509.0
0.08789968490600586,81190.0
0.08789968490600586,81501.0
0.08789968490600586,81369.0
0.08789968490600586,81505.0
0.08789968490600586,81375.0
0.08789968490600586,81497.0
0.08789968490600586,81380.0
0.08789968490600586,81496.0
0.08789968490600586,81362.0
0.08789968490600586,81486.0
0.08789968490600586,81346.0
0.08789968490600586,81227.0
0.08789968490600586,81412.0
0.08789968490600586,81297.0
0.08789968490600586,81138.0
0.08789968490600586,81299.0
0.08789968490600586,81166.0
0.08789968490600586,81299.0
0.08789968490600586,81402.0
0.08789968490600586,81300.0
0.08789968490600586,81415.0
0.08789968490600586,81284.0
0.08789968490600586,81151.0
0.08789968490600586,81257.0
0.08789968490600586,81145.0
0.08789968490600586,81281.0
0.08789968490600586,81145.0
0.08789968490600586,81286.0
0.08789968490600586,81156.0
0.08789968490600586,81259.0
0.08789968490600586,81391.0
0.08789968490600586,81494.0
0.08789968490600586,81388.0
0.08789968490600586,81516.0
0.08789968490600586,81370.0
0.08789968490600586,81492.0
0.08789968490600586,81376.0
0.08789968490600586,81493.0
0.08789968490600586,81617.0
0.08789968490600586,81365.0
0.08789968490600586,81599.0
0.10340642929077148,81700.0
0.10340642929077148,81599.0
0.10340642929077148,81717.0
0.10340642929077148,81419.0
0.10340642929077148,81564.0
0.10340642929077148,81819.0
0.10340642929077148,81651.0
0.10340642929077148,81788.0
0.10340642929077148,81914.0
0.10340642929077148,81810.0
0.10340642929077148,81701.0
0.10340642929077148,81570.0
0.10340642929077148,81415.0
0.10340642929077148,81304.0
0.10340642929077148,81437.0
0.10340642929077148,81584.0
0.10340642929077148,81705.0
0.10340642929077148,81602.0
0.10340642929077148,81486.0
0.10340642929077148,81592.0
0.10340642929077148,81469.0
0.10340642929077148,81302.0
0.10340642929077148,81137.0
0.10340642929077148,81394.0
0.10340642929077148,81291.0
0.10340642929077148,81407.0
0.10340642929077148,81274.0
0.10340642929077148,81126.0
0.10340642929077148,81227.0
0.10340642929077148,81092.0
0.10340642929077148,81253.0
0.10340642929077148,81406.0
0.10340642929077148,81278.0
0.10340642929077148,81393.0
0.10340642929077148,81516.0
0.10340642929077148,81329.0
0.10340642929077148,81515.0
0.10340642929077148,81270.0
0.10340642929077148,81514.0
0.10340642929077148,81411.0
0.10340642929077148,80666.0
0.10340642929077148,80896.0
0.10340642929077148,80695.0
0.10340642929077148,81326.0
0.10340642929077148,81453.0
0.10340642929077148,81601.0
0.10340642929077148,81472.0
0.10340642929077148,81614.0
0.10340642929077148,81443.0
0.10340642929077148,81592.0
0.10340642929077148,81715.0
0.10340642929077148,81573.0
0.10340642929077148,81457.0
0.10340642929077148,81566.0
0.10340642929077148,81714.0
0.10340642929077148,81546.0
0.10340642929077148,81423.0
0.10340642929077148,81582.0
0.10340642929077148,81710.0
0.10340642929077148,81600.0
0.10340642929077148,81290.0
0.10340642929077148,81583.0
0.10340642929077148,81464.0
0.10340642929077148,81573.0
0.10340642929077148,81702.0
0.10340642929077148,81552.0
0.10340642929077148,81702.0
0.10340642929077148,81591.0
0.10340642929077148,81481.0
0.10340642929077148,81247.0
0.10340642929077148,81418.0
0.10340642929077148,81537.0
0.10340642929077148,81362.0
0.10340642929077148,81502.0
0.10340642929077148,81610.0
0.10340642929077148,81819.0
0.10340642929077148,81691.0
0.10340642929077148,81508.0
0.10340642929077148,81709.0
0.10340642929077148,81575.0
0.10340642929077148,81689.0
0.10340642929077148,81805.0
0.10340642929077148,81919.0
0.10340642929077148,81785.0
0.10340642929077148,81901.0
0.10340642929077148,81727.0
0.10340642929077148,81856.0
0.10340642929077148,81997.0
0.10340642929077148,82105.0
0.10340642929077148,82207.0
0.10340642929077148,82054.0
0.10340642929077148,82195.0
0.10340642929077148,82310.0
0.10340642929077148,82414.0
0.10340642929077148,82284.0
0.10340642929077148,82140.0
0.10340642929077148,82295.0
0.10340642929077148,82109.0
0.10340642929077148,81853.0
0.10340642929077148,82188.0
0.10340642929077148,82291.0
0.10340642929077148,82108.0
0.10340642929077148,82305.0
0.10340642929077148,82410.0
0.10340642929077148,82257.0
0.10340642929077148,82106.0
0.10340642929077148,82252.0
0.10340642929077148,82382.0
0.10340642929077148,82501.0
0.10340642929077148,82608.0
0.10340642929077148,82490.0
0.10340642929077148,82592.0
0.10340642929077148,82715.0
0.10340642929077148,82595.0
0.10340642929077148,82483.0
0.10340642929077148,82333.0
0.10340642929077148,82478.0
0.10340642929077148,82607.0
0.10340642929077148,82492.0
0.10340642929077148,82342.0
0.10340642929077148,82444.0
0.10340642929077148,82593.0
0.10340642929077148,82694.0
0.10340642929077148,82809.0
0.10340642929077148,82680.0
0.10340642929077148,82816.0
0.10340642929077148,82712.0
0.10340642929077148,82611.0
0.10340642929077148,82495.0
0.10340642929077148,82613.0
0.10340642929077148,82714.0
0.10340642929077148,82815.0
0.10340642929077148,82674.0
0.10340642929077148,82542.0
0.10340642929077148,82665.0
0.10340642929077148,82792.0
0.10340642929077148,82906.0
0.10340642929077148,82784.0
0.10340642929077148,82919.0
0.10340642929077148,82804.0
0.10340642929077148,82918.0
0.10340642929077148,82817.0
0.11903667449951172,82918.0
0.11903667449951172,82782.0
0.11903667449951172,82917.0
0.11903667449951172,82742.0
0.11903667449951172,82893.0
0.11903667449951172,83004.0
0.11903667449951172,83109.0
0.11903667449951172,82995.0
0.11903667449951172,83101.0
0.11903667449951172,82995.0
0.11903667449951172,83099.0
0.11903667449951172,83208.0
0.11903667449951172,83319.0
0.11903667449951172,83189.0
0.11903667449951172,83071.0
0.11903667449951172,82960.0
0.11903667449951172,83079.0
0.11903667449951172,82951.0
0.11903667449951172,83061.0
0.11903667449951172,83211.0
0.11903667449951172,82939.0
0.11903667449951172,82812.0
0.11903667449951172,83070.0
0.11903667449951172,82948.0
0.11903667449951172,82842.0
0.11903667449951172,82956.0
0.11903667449951172,82807.0
0.11903667449951172,82954.0
0.11903667449951172,83064.0
0.11903667449951172,83189.0
0.11903667449951172,83306.0
0.11903667449951172,83192.0
0.11903667449951172,83012.0
0.11903667449951172,83168.0
0.11903667449951172,83314.0
0.11903667449951172,83212.0
0.11903667449951172,83317.0
0.11903667449951172,83201.0
0.11903667449951172,83315.0
0.11903667449951172,83156.0
0.11903667449951172,83037.0
0.11903667449951172,83180.0
0.11903667449951172,83298.0
0.11903667449951172,83410.0
0.11903667449951172,83305.0
0.11903667449951172,83201.0
0.11903667449951172,83059.0
0.11903667449951172,83169.0
0.11903667449951172,83305.0
0.11903667449951172,83193.0
0.11903667449951172,83077.0
0.11903667449951172,83216.0
0.11903667449951172,83101.0
0.11903667449951172,83202.0
0.11903667449951172,83318.0
0.11903667449951172,83163.0
0.11903667449951172,83295.0
0.11903667449951172,83190.0
0.11903667449951172,83304.0
0.11903667449951172,83149.0
0.11903667449951172,83033.0
0.11903667449951172,83160.0
0.11903667449951172,83312.0
0.11903667449951172,83194.0
0.11903667449951172,83315.0
0.11903667449951172,83205.0
0.11903667449951172,83069.0
0.11903667449951172,82947.0
0.11903667449951172,82826.0
0.11903667449951172,82953.0
0.11903667449951172,83066.0
0.11903667449951172,82928.0
0.11903667449951172,83044.0
0.11903667449951172,83184.0
0.11903667449951172,83311.0
0.11903667449951172,83192.0
0.11903667449951172,83308.0
0.11903667449951172,83194.0
0.11903667449951172,83087.0
0.11903667449951172,82963.0
0.11903667449951172,82854.0
0.11903667449951172,82752.0
0.11903667449951172,82466.0
0.11903667449951172,82615.0
0.11903667449951172,82918.0
0.11903667449951172,82799.0
0.11903667449951172,82917.0
0.11903667449951172,83018.0
0.11903667449951172,82906.0
0.11903667449951172,83011.0
0.11903667449951172,82889.0
0.11903667449951172,82994.0
0.11903667449951172,82889.0
0.11903667449951172,83016.0
0.11903667449951172,82903.0
0.11903667449951172,82746.0
0.11903667449951172,82874.0
0.11903667449951172,83004.0
0.11903667449951172,82884.0
0.11903667449951172,82770.0
0.11903667449951172,82899.0
0.11903667449951172,82789.0
0.11903667449951172,82911.0
0.11903667449951172,83014.0
0.11903667449951172,82887.0
0.11903667449951172,83017.0
0.11903667449951172,82779.0
0.11903667449951172,83016.0
0.11903667449951172,83119.0
0.11903667449951172,83000.0
0.11903667449951172,82855.0
0.11903667449951172,83018.0
0.11903667449951172,82917.0
0.11903667449951172,82805.0
0.11903667449951172,82908.0
0.1346592903137207,82789.0
0.1346592903137207,82665.0
0.1346592903137207,82816.0
0.13530874252319336,82537.0
0.13530874252319336,82694.0
0.13530874252319336,82877.0
0.13530874252319336,83001.0
0.13530874252319336,83117.0
0.13530874252319336,83003.0
0.13530874252319336,83114.0
0.13530874252319336,82987.0
0.13530874252319336,82879.0
0.13530874252319336,82996.0
0.13530874252319336,83098.0
0.13530874252319336,83217.0
0.13530874252319336,82965.0
0.13530874252319336,83201.0
0.13530874252319336,83317.0
0.13530874252319336,83214.0
0.13530874252319336,83100.0
0.13530874252319336,83203.0
0.13530874252319336,83317.0
0.13530874252319336,83180.0
0.13530874252319336,83312.0
0.13530874252319336,83180.0
0.13530874252319336,83316.0
0.13530874252319336,83187.0
0.13530874252319336,83317.0
0.13530874252319336,83210.0
0.13530874252319336,83099.0
0.13530874252319336,83209.0
0.13530874252319336,83108.0
0.13530874252319336,82997.0
0.13530874252319336,83108.0
0.13530874252319336,82986.0
0.13530874252319336,83114.0
0.13530874252319336,82941.0
0.13530874252319336,82839.0
0.13530874252319336,83001.0
0.13530874252319336,82896.0
0.13530874252319336,83012.0
0.13530874252319336,83117.0
0.13530874252319336,82993.0
0.13530874252319336,82823.0
0.13530874252319336,82687.0
0.13530874252319336,82788.0
0.13530874252319336,83007.0
0.13530874252319336,82898.0
0.13530874252319336,82770.0
0.13530874252319336,82551.0
0.13530874252319336,82676.0
0.13530874252319336,82798.0
0.13530874252319336,82923.0
0.13530874252319336,82820.0
0.13530874252319336,82956.0
0.13530874252319336,83097.0
0.13530874252319336,83204.0
0.13530874252319336,83099.0
0.13530874252319336,82977.0
0.13530874252319336,83102.0
0.13530874252319336,83208.0
0.13530874252319336,83020.0
0.13530874252319336,83214.0
0.13530874252319336,83098.0
0.13530874252319336,82996.0
0.13530874252319336,82883.0
0.13530874252319336,82988.0
0.13530874252319336,83110.0
0.13530874252319336,82995.0
0.13530874252319336,83109.0
0.13530874252319336,82961.0
0.13530874252319336,83089.0
0.13530874252319336,83218.0
0.13530874252319336,83114.0
0.13530874252319336,82767.0
0.13530874252319336,83087.0
0.13530874252319336,83209.0
0.13530874252319336,83314.0
0.13530874252319336,83209.0
0.13530874252319336,83011.0
0.13530874252319336,83183.0
0.13530874252319336,83290.0
0.13530874252319336,83413.0
0.13530874252319336,83251.0
0.13530874252319336,83387.0
0.13530874252319336,83264.0
0.13530874252319336,83397.0
0.13530874252319336,83513.0
0.15031671524047852,83400.0
0.15031671524047852,83297.0
0.15031671524047852,83410.0
0.15031671524047852,83303.0
0.15089845657348633,83174.0
0.15089845657348633,83289.0
0.15089845657348633,83419.0
0.15089845657348633,83253.0
0.15089845657348633,83419.0
0.15089845657348633,83222.0
0.15089845657348633,83400.0
0.15089845657348633,83245.0
0.15089845657348633,83396.0
0.15089845657348633,83497.0
0.15089845657348633,83392.0
0.15089845657348633,83269.0
0.15089845657348633,83384.0
0.15089845657348633,83495.0
0.15089845657348633,83617.0
0.15089845657348633,83297.0
0.15089845657348633,83190.0
0.15089845657348633,83453.0
0.15089845657348633,83289.0
0.15089845657348633,83500.0
0.15089845657348633,83609.0
0.15089845657348633,83716.0
0.15089845657348633,83615.0
0.15089845657348633,83402.0
0.15089845657348633,83610.0
0.15089845657348633,83509.0
0.15089845657348633,83326.0
0.15089845657348633,83475.0
0.15089845657348633,83599.0
0.15089845657348633,83408.0
0.15089845657348633,83605.0
0.15089845657348633,83361.0
0.15089845657348633,83562.0
0.15089845657348633,83704.0
0.15089845657348633,83599.0
0.15089845657348633,83489.0
0.15089845657348633,83372.0
0.15089845657348633,83491.0
0.15089845657348633,83598.0
0.15089845657348633,83494.0
0.15089845657348633,83619.0
0.15089845657348633,83518.0
0.15089845657348633,83317.0
0.15089845657348633,83190.0
0.15089845657348633,83341.0
0.15089845657348633,83144.0
0.15089845657348633,83405.0
0.15089845657348633,83234.0
0.15089845657348633,83109.0
0.15089845657348633,82973.0
0.15089845657348633,83135.0
0.15089845657348633,83032.0
0.15089845657348633,83165.0
0.15089845657348633,83049.0
0.15089845657348633,83190.0
0.15089845657348633,83089.0
0.15089845657348633,83205.0
0.15089845657348633,83075.0
0.15089845657348633,83219.0
0.15089845657348633,83065.0
0.15089845657348633,83218.0
0.15089845657348633,83096.0
0.15089845657348633,83198.0
0.15089845657348633,83299.0
0.15089845657348633,83419.0
0.15089845657348633,83294.0
0.15089845657348633,83412.0
0.15089845657348633,83310.0
0.15089845657348633,83180.0
0.15089845657348633,83294.0
0.15089845657348633,83186.0
0.15089845657348633,83313.0
0.15089845657348633,83190.0
0.15089845657348633,83303.0
0.15089845657348633,83197.0
0.15089845657348633,83313.0
0.15089845657348633,83122.0
0.15089845657348633,83268.0
0.15089845657348633,83136.0
0.15089845657348633,83300.0
0.15089845657348633,83153.0
0.15089845657348633,83278.0
0.15089845657348633,83127.0
0.15089845657348633,83265.0
0.15089845657348633,83395.0
0.15089845657348633,83513.0
0.15089845657348633,83375.0
0.15089845657348633,83517.0
0.15089845657348633,83415.0
0.16640663146972656,83297.0
0.16640663146972656,83416.0
0.16640663146972656,83302.0
0.16640663146972656,83404.0
0.16640663146972656,83263.0
0.16640663146972656,83136.0
0.16640663146972656,83269.0
0.16640663146972656,83145.0
0.16640663146972656,83287.0
0.16640663146972656,83392.0
0.16640663146972656,83494.0
0.16640663146972656,83600.0
0.16640663146972656,83482.0
0.16640663146972656,83602.0
0.16640663146972656,83496.0
0.16640663146972656,83332.0
0.16640663146972656,83482.0
0.16640663146972656,83603.0
0.16640663146972656,83705.0
0.16640663146972656,83589.0
0.16640663146972656,83488.0
0.16640663146972656,83387.0
0.16640663146972656,83286.0
0.16640663146972656,83400.0
0.16640663146972656,83510.0
0.16640663146972656,83300.0
0.16640663146972656,83473.0
0.16640663146972656,83593.0
0.16640663146972656,83712.0
0.16640663146972656,83814.0
0.16640663146972656,83918.0
0.17141509056091309,83777.0
0.17141509056091309,83896.0
0.17141509056091309,84010.0
0.17141509056091309,83835.0
0.17141509056091309,83953.0
0.17141509056091309,84068.0
0.17141509056091309,84213.0
0.17141509056091309,84314.0
0.17141509056091309,84195.0
0.17141509056091309,84034.0
0.17141509056091309,84210.0
0.17141509056091309,84318.0
0.17141509056091309,84212.0
0.17141509056091309,84313.0
0.17141509056091309,84418.0
0.17141509056091309,84268.0
0.17141509056091309,84373.0
0.17141509056091309,84494.0
0.17141509056091309,84379.0
0.17141509056091309,84488.0
0.17141509056091309,84337.0
0.17141509056091309,84453.0
0.17141509056091309,84604.0
0.17141509056091309,84708.0
0.17141509056091309,84594.0
0.17141509056091309,84695.0
0.17141509056091309,84594.0
0.17141509056091309,84713.0
0.17141509056091309,84606.0
0.17141509056091309,84718.0
0.17141509056091309,84586.0
0.17141509056091309,84687.0
0.17141509056091309,84578.0
0.17141509056091309,84699.0
0.17141509056091309,84590.0
0.17141509056091309,84463.0
0.17141509056091309,84335.0
0.17141509056091309,84477.0
0.17141509056091309,84578.0
0.17141509056091309,84711.0
0.17141509056091309,84812.0
0.18242287635803223,84685.0
0.18242287635803223,84808.0
0.18242287635803223,84657.0
0.18242287635803223,84781.0
0.18242287635803223,84894.0
0.18242287635803223,85012.0
0.18242287635803223,85113.0
0.18242287635803223,85006.0
0.18242287635803223,84886.0
0.18242287635803223,84992.0
0.18242287635803223,85118.0
0.18242287635803223,85008.0
0.18242287635803223,85115.0
0.18242287635803223,85001.0
0.18242287635803223,85117.0
0.18242287635803223,84997.0
0.18242287635803223,85103.0
0.18242287635803223,84953.0
0.18242287635803223,84836.0
0.18242287635803223,85009.0
0.18242287635803223,85111.0
0.18242287635803223,85005.0
0.18242287635803223,85117.0
0.18242287635803223,84975.0
0.18242287635803223,84827.0
0.18242287635803223,85002.0
0.18242287635803223,85112.0
0.18242287635803223,85003.0
0.18242287635803223,85107.0
0.18242287635803223,85003.0
0.18242287635803223,85113.0
0.18242287635803223,85008.0
0.18242287635803223,84889.0
0.18242287635803223,85006.0
0.18242287635803223,84890.0
0.18242287635803223,85001.0
0.18242287635803223,85117.0
0.18242287635803223,85006.0
0.18242287635803223,85116.0
0.18242287635803223,84991.0
0.18242287635803223,85110.0
0.18242287635803223,84989.0
0.18242287635803223,85114.0
0.18242287635803223,84992.0
0.18242287635803223,85102.0
0.18242287635803223,84986.0
0.18242287635803223,84870.0
0.18242287635803223,84997.0
0.18242287635803223,85117.0
0.18242287635803223,84984.0
0.18242287635803223,84869.0
0.19805216789245605,85011.0
0.19805216789245605,84885.0
0.19805216789245605,85005.0
0.19805216789245605,84868.0
0.19805216789245605,84764.0
0.19805216789245605,84911.0
0.19805216789245605,84801.0
0.19805216789245605,84917.0
0.19805216789245605,84807.0
0.19805216789245605,84914.0
0.19805216789245605,84788.0
0.19805216789245605,84904.0
0.19805216789245605,85018.0
0.19805216789245605,84909.0
0.19805216789245605,84724.0
0.19805216789245605,84909.0
0.19805216789245605,85018.0
0.19805216789245605,84897.0
0.19805216789245605,85013.0
0.19805216789245605,84912.0
0.19805216789245605,85013.0
0.19805216789245605,85116.0
0.19805216789245605,84889.0
0.19805216789245605,85059.0
0.19805216789245605,85183.0
0.19805216789245605,85309.0
0.19805216789245605,85163.0
0.19805216789245605,85319.0
0.19805216789245605,85203.0
0.19805216789245605,85318.0
0.19805216789245605,85173.0
0.19805216789245605,85069.0
0.19805216789245605,85213.0
0.19805216789245605,85057.0
0.19805216789245605,85209.0
0.19805216789245605,85318.0
0.21376323699951172,85196.0
0.21376323699951172,85300.0
0.21376323699951172,85412.0
0.21376323699951172,85515.0
0.21376323699951172,85400.0
0.21376323699951172,85290.0
0.21376323699951172,85174.0
0.21376323699951172,85310.0
0.21376323699951172,85194.0
0.21376323699951172,85303.0
0.21376323699951172,85201.0
0.21376323699951172,85307.0
0.21376323699951172,85170.0
0.21376323699951172,85058.0
0.21376323699951172,85205.0
0.21376323699951172,85307.0
0.21376323699951172,85417.0
0.21376323699951172,85519.0
0.21376323699951172,85416.0
0.21376323699951172,85517.0
0.21376323699951172,85375.0
0.21376323699951172,85511.0
0.21376323699951172,85406.0
0.21376323699951172,85271.0
0.21376323699951172,85407.0
0.21376323699951172,85517.0
0.21376323699951172,85388.0
0.21376323699951172,85505.0
0.21376323699951172,85610.0
0.21376323699951172,85484.0
0.21376323699951172,85618.0
0.22939324378967285,85517.0
0.22939324378967285,85618.0
0.22939324378967285,85500.0
0.22939324378967285,85604.0
0.22939324378967285,85493.0
0.22939324378967285,85613.0
0.22939324378967285,85501.0
0.22939324378967285,85612.0
0.22939324378967285,85714.0
0.22939324378967285,85815.0
0.22939324378967285,85918.0
0.22939324378967285,85795.0
0.22939324378967285,85913.0
0.22939324378967285,86014.0
0.22939324378967285,85864.0
0.22939324378967285,86017.0
0.24581098556518555,85867.0
0.24581098556518555,86004.0
0.24581098556518555,86114.0
0.24581098556518555,86012.0
0.24581098556518555,86116.0
0.24581098556518555,86006.0
0.24581098556518555,85857.0
0.24581098556518555,86004.0
0.24581098556518555,86105.0
0.24581098556518555,86216.0
0.24581098556518555,86319.0
0.24581098556518555,86218.0
0.24581098556518555,86116.0
0.24581098556518555,86219.0
0.24581098556518555,85962.0
0.24581098556518555,86081.0
0.24581098556518555,86204.0
0.24581098556518555,86329.0
0.24581098556518555,86501.0
0.2608940601348877,86610.0
0.2618138790130615,86716.0
0.2618138790130615,86819.0
0.2618138790130615,86715.0
0.2618138790130615,86579.0
0.2618138790130615,86680.0
0.2618138790130615,86792.0
0.2714040279388428,86902.0
0.2714040279388428,87004.0
0.2714040279388428,87111.0
0.2714040279388428,87010.0
0.2714040279388428,87114.0
0.2714040279388428,86998.0
0.2714040279388428,87116.0
0.2714040279388428,87003.0
0.27700376510620117,87109.0
0.27700376510620117,87219.0
0.27700376510620117,87117.0
0.27700376510620117,87009.0
0.27700376510620117,87113.0
0.29272985458374023,86977.0
0.29272985458374023,87107.0
0.29272985458374023,86996.0
0.29272985458374023,87117.0
0.3083353042602539,87219.0
