0.0,58755.0
0.0,59101.0
0.0,59301.0
0.0,59421.0
0.0,59658.0
0.0,59804.0
0.0,60038.0
0.0,60203.0
0.0,60009.0
0.0,60167.0
0.0,60272.0
0.0,60397.0
0.0,60498.0
0.0,60601.0
0.0,60717.0
0.0,59845.0
0.0,60002.0
0.0,60758.0
0.0,60859.0
0.0,60975.0
0.0,61116.0
0.0,61011.0
0.0,61112.0
0.0,61213.0
0.0,60398.0
0.0,60961.0
0.0,61271.0
0.0,61392.0
0.0,61502.0
0.0,61619.0
0.0,61516.0
0.0,61082.0
0.0,61404.0
0.0,61600.0
0.0,61716.0
0.0,61197.0
0.0,61706.0
0.0,61814.0
0.0,61707.0
0.0,61597.0
0.0,61712.0
0.0,61813.0
0.0,61919.0
0.0,61609.0
0.0,61909.0
0.0,62011.0
0.0,61712.0
0.0,61960.0
0.0,62079.0
0.0,62198.0
0.0,61739.0
0.0,61983.0
0.0,62234.0
0.0,62378.0
0.0,62480.0
0.0,61661.0
0.0,61874.0
0.0,62344.0
0.0,62628.0
0.0,62733.0
0.0,62366.0
0.0,62605.0
0.0,62874.0
0.0,62758.0
0.0,62864.0
0.0,62981.0
0.0,63082.0
0.0,63217.0
0.0,63318.0
0.0,63215.0
0.0,63316.0
0.0,63419.0
0.0,63197.0
0.0,63349.0
0.0,63454.0
0.0,63575.0
0.0,63474.0
0.0,63605.0
0.0,63490.0
0.0,63606.0
0.015508890151977539,63714.0
0.015508890151977539,63192.0
0.015508890151977539,63315.0
0.015508890151977539,63799.0
0.015508890151977539,63155.0
0.015508890151977539,63282.0
0.015508890151977539,63898.0
0.016273021697998047,64001.0
0.016273021697998047,64115.0
0.016273021697998047,63043.0
0.016273021697998047,63969.0
0.016273021697998047,63826.0
0.016273021697998047,64027.0
0.016273021697998047,64163.0
0.016273021697998047,64305.0
0.016273021697998047,63883.0
0.016273021697998047,64114.0
0.016273021697998047,64319.0
0.016273021697998047,64445.0
0.016273021697998047,64617.0
0.016273021697998047,64511.0
0.016273021697998047,64614.0
0.016273021697998047,64512.0
0.016273021697998047,64411.0
0.016273021697998047,64515.0
0.016273021697998047,64048.0
0.016273021697998047,64501.0
0.016273021697998047,64616.0
0.016273021697998047,64400.0
0.016273021697998047,64131.0
0.016273021697998047,64454.0
0.016273021697998047,63472.0
0.016273021697998047,64476.0
0.016273021697998047,64578.0
0.016273021697998047,64683.0
0.016273021697998047,64784.0
0.016273021697998047,64886.0
0.016273021697998047,65003.0
0.016273021697998047,65113.0
0.016273021697998047,65012.0
0.016273021697998047,64807.0
0.016273021697998047,64932.0
0.016273021697998047,64780.0
0.016273021697998047,64946.0
0.016273021697998047,65058.0
0.016273021697998047,65201.0
0.016273021697998047,65308.0
0.016273021697998047,65181.0
0.016273021697998047,65287.0
0.016273021697998047,65412.0
0.016273021697998047,64986.0
0.016273021697998047,65176.0
0.016273021697998047,65365.0
0.016273021697998047,65567.0
0.016273021697998047,65718.0
0.016273021697998047,64918.0
0.016273021697998047,65233.0
0.016273021697998047,65596.0
0.016273021697998047,65781.0
0.016273021697998047,65976.0
0.016273021697998047,65448.0
0.016273021697998047,65743.0
0.016273021697998047,66038.0
0.016273021697998047,66154.0
0.016273021697998047,66277.0
0.016273021697998047,66396.0
0.016273021697998047,66501.0
0.016273021697998047,66385.0
0.016273021697998047,66515.0
0.016273021697998047,66219.0
0.016273021697998047,66497.0
0.016273021697998047,66610.0
0.016273021697998047,65910.0
0.016273021697998047,66471.0
0.016273021697998047,66660.0
0.016273021697998047,66811.0
0.016273021697998047,66609.0
0.016273021697998047,66777.0
0.016273021697998047,66192.0
0.016273021697998047,66644.0
0.016273021697998047,66887.0
0.016273021697998047,67010.0
0.016273021697998047,66557.0
0.016273021697998047,66774.0
0.016273021697998047,66994.0
0.016273021697998047,67131.0
0.016273021697998047,67262.0
0.016273021697998047,67377.0
0.016273021697998047,67516.0
0.016273021697998047,67414.0
0.016273021697998047,67298.0
0.016273021697998047,66478.0
0.016273021697998047,67059.0
0.016273021697998047,67363.0
0.016273021697998047,67477.0
0.016273021697998047,67586.0
0.016273021697998047,67701.0
0.016273021697998047,67809.0
0.016273021697998047,66805.0
0.016273021697998047,67032.0
0.016273021697998047,67777.0
0.016273021697998047,68003.0
0.016273021697998047,67470.0
0.016273021697998047,67754.0
0.016273021697998047,68009.0
0.016273021697998047,68219.0
0.016273021697998047,68019.0
0.016273021697998047,68160.0
0.016273021697998047,68308.0
0.016273021697998047,68193.0
0.016273021697998047,68076.0
0.016273021697998047,68185.0
0.016273021697998047,68306.0
0.016273021697998047,68407.0
0.016273021697998047,68512.0
0.016273021697998047,68617.0
0.016273021697998047,68516.0
0.016273021697998047,68619.0
0.016273021697998047,68513.0
0.016273021697998047,68410.0
0.016273021697998047,68242.0
0.016273021697998047,68353.0
0.016273021697998047,68491.0
0.016273021697998047,68340.0
0.016273021697998047,68056.0
0.016273021697998047,68215.0
0.016273021697998047,68469.0
0.016273021697998047,68348.0
0.016273021697998047,68494.0
0.016273021697998047,68603.0
0.016273021697998047,67677.0
0.016273021697998047,68056.0
0.016273021697998047,68415.0
0.016273021697998047,68732.0
0.016273021697998047,68574.0
0.016273021697998047,68695.0
0.016273021697998047,68865.0
0.016273021697998047,68753.0
0.016273021697998047,68634.0
0.016273021697998047,68453.0
0.016273021697998047,68671.0
0.016273021697998047,68481.0
0.016273021697998047,68681.0
0.016273021697998047,68800.0
0.016273021697998047,68569.0
0.016273021697998047,68759.0
0.016273021697998047,68878.0
0.016273021697998047,68984.0
0.016273021697998047,69089.0
0.016273021697998047,69218.0
0.016273021697998047,69095.0
0.016273021697998047,69215.0
0.016273021697998047,68898.0
0.016273021697998047,69191.0
0.016273021697998047,69318.0
0.016273021697998047,68919.0
0.016273021697998047,69186.0
0.016273021697998047,69296.0
0.016273021697998047,69439.0
0.016273021697998047,69208.0
0.016273021697998047,69504.0
0.016273021697998047,69306.0
0.016273021697998047,69415.0
0.016273021697998047,69619.0
0.016273021697998047,69514.0
0.016273021697998047,69030.0
0.016273021697998047,69146.0
0.016273021697998047,69478.0
0.016273021697998047,69697.0
0.016273021697998047,69583.0
0.016273021697998047,69446.0
0.016273021697998047,69607.0
0.016273021697998047,68612.0
0.016273021697998047,68835.0
0.016273021697998047,69708.0
0.016273021697998047,69557.0
0.016273021697998047,69434.0
0.016273021697998047,69612.0
0.016273021697998047,69713.0
0.016273021697998047,69818.0
0.016273021697998047,69701.0
0.016273021697998047,69807.0
0.016273021697998047,69688.0
0.016273021697998047,69816.0
0.016273021697998047,69673.0
0.016273021697998047,69818.0
0.016273021697998047,69652.0
0.016273021697998047,69547.0
0.016273021697998047,69683.0
0.016273021697998047,69537.0
0.016273021697998047,69691.0
0.016273021697998047,69805.0
0.016273021697998047,69663.0
0.016273021697998047,69819.0
0.016273021697998047,69524.0
0.016273021697998047,68629.0
0.016273021697998047,69361.0
0.016273021697998047,69522.0
0.016273021697998047,69702.0
0.016273021697998047,69856.0
0.016273021697998047,70097.0
0.016273021697998047,70218.0
0.016273021697998047,70091.0
0.016273021697998047,70214.0
0.016273021697998047,70318.0
0.016273021697998047,70095.0
0.016273021697998047,70229.0
0.016273021697998047,70395.0
0.016273021697998047,70509.0
0.031279802322387695,70291.0
0.031279802322387695,70513.0
0.031279802322387695,70619.0
0.031279802322387695,70341.0
0.031279802322387695,70464.0
0.031279802322387695,70578.0
0.031279802322387695,70785.0
0.031279802322387695,70909.0
0.031279802322387695,70322.0
0.031279802322387695,70825.0
0.031279802322387695,70940.0
0.031279802322387695,69947.0
0.031279802322387695,70068.0
0.031279802322387695,70872.0
0.031279802322387695,71160.0
0.031279802322387695,71039.0
0.031279802322387695,71194.0
0.03276467323303223,71073.0
0.03276467323303223,70884.0
0.03276467323303223,70765.0
0.03276467323303223,70875.0
0.03276467323303223,71050.0
0.03276467323303223,71205.0
0.03276467323303223,71309.0
0.03276467323303223,71174.0
0.03276467323303223,71300.0
0.03276467323303223,71128.0
0.03276467323303223,71255.0
0.03276467323303223,71399.0
0.03276467323303223,71219.0
0.03276467323303223,71347.0
0.03276467323303223,71480.0
0.03276467323303223,71597.0
0.03276467323303223,70724.0
0.03276467323303223,71535.0
0.03276467323303223,71672.0
0.03276467323303223,71786.0
0.03276467323303223,71902.0
0.03276467323303223,71796.0
0.03276467323303223,71589.0
0.03276467323303223,71736.0
0.03276467323303223,71175.0
0.03276467323303223,71645.0
0.03276467323303223,71837.0
0.03276467323303223,71951.0
0.03276467323303223,71781.0
0.03276467323303223,71971.0
0.03276467323303223,72096.0
0.03276467323303223,72203.0
0.03276467323303223,72319.0
0.03276467323303223,72024.0
0.03276467323303223,72200.0
0.03276467323303223,72360.0
0.03276467323303223,72479.0
0.03276467323303223,72616.0
0.03276467323303223,72717.0
0.03276467323303223,71961.0
0.03276467323303223,72693.0
0.03276467323303223,72804.0
0.03276467323303223,72915.0
0.03276467323303223,72814.0
0.03276467323303223,72915.0
0.03276467323303223,72538.0
0.03276467323303223,72761.0
0.03276467323303223,72893.0
0.03276467323303223,72782.0
0.03276467323303223,72962.0
0.03276467323303223,73106.0
0.03276467323303223,72703.0
0.03276467323303223,72853.0
0.03276467323303223,73218.0
0.03276467323303223,72486.0
0.03276467323303223,72909.0
0.03276467323303223,73052.0
0.03276467323303223,73329.0
0.03276467323303223,73516.0
0.03276467323303223,73375.0
0.03276467323303223,73505.0
0.03276467323303223,73396.0
0.03276467323303223,73503.0
0.03276467323303223,73619.0
0.03276467323303223,72887.0
0.03276467323303223,73303.0
0.03276467323303223,73462.0
0.03276467323303223,73756.0
0.03276467323303223,73903.0
0.03276467323303223,73793.0
0.03276467323303223,73905.0
0.03276467323303223,73795.0
0.03276467323303223,73911.0
0.03276467323303223,73781.0
0.03276467323303223,73891.0
0.03276467323303223,74005.0
0.03276467323303223,73900.0
0.03276467323303223,73770.0
0.03276467323303223,73911.0
0.03276467323303223,73797.0
0.03276467323303223,73660.0
0.03276467323303223,73545.0
0.03276467323303223,73685.0
0.03276467323303223,73807.0
0.03276467323303223,73680.0
0.03276467323303223,73783.0
0.03276467323303223,73566.0
0.03276467323303223,73778.0
0.03276467323303223,73884.0
0.03276467323303223,73718.0
0.03276467323303223,73581.0
0.03276467323303223,73457.0
0.03276467323303223,73568.0
0.03276467323303223,73769.0
0.03276467323303223,73898.0
0.03276467323303223,73782.0
0.03276467323303223,73646.0
0.03276467323303223,73806.0
0.03276467323303223,73913.0
0.03276467323303223,73802.0
0.03276467323303223,73673.0
0.03276467323303223,73562.0
0.03276467323303223,73390.0
0.03276467323303223,73546.0
0.03276467323303223,73688.0
0.03276467323303223,73808.0
0.03276467323303223,73601.0
0.03276467323303223,73760.0
0.03276467323303223,73876.0
0.03276467323303223,73742.0
0.03276467323303223,73879.0
0.03276467323303223,73778.0
0.03276467323303223,73897.0
0.03276467323303223,74019.0
0.03276467323303223,73726.0
0.03276467323303223,73882.0
0.03276467323303223,73743.0
0.03276467323303223,73986.0
0.03276467323303223,73789.0
0.03276467323303223,73911.0
0.03276467323303223,74114.0
0.03276467323303223,73969.0
0.03276467323303223,74096.0
0.03276467323303223,73906.0
0.03276467323303223,74106.0
0.03276467323303223,73872.0
0.03276467323303223,74047.0
0.03276467323303223,74162.0
0.03276467323303223,74014.0
0.03276467323303223,74151.0
0.03276467323303223,74026.0
0.03276467323303223,74147.0
0.03276467323303223,73927.0
0.03276467323303223,74132.0
0.03276467323303223,74016.0
0.03276467323303223,74186.0
0.03276467323303223,74291.0
0.03276467323303223,74398.0
0.03276467323303223,74206.0
0.03276467323303223,74414.0
0.03276467323303223,74270.0
0.03276467323303223,74395.0
0.03276467323303223,74270.0
0.03276467323303223,74371.0
0.03276467323303223,74487.0
0.03276467323303223,74618.0
0.03276467323303223,74515.0
0.03276467323303223,74288.0
0.03276467323303223,74438.0
0.03276467323303223,74589.0
0.03276467323303223,74413.0
0.03276467323303223,74516.0
0.03276467323303223,74635.0
0.03276467323303223,74807.0
0.03276467323303223,74691.0
0.03276467323303223,74799.0
0.03276467323303223,74900.0
0.03276467323303223,74484.0
0.03276467323303223,74750.0
0.03276467323303223,74897.0
0.03276467323303223,74538.0
0.03276467323303223,74431.0
0.03276467323303223,74655.0
0.03276467323303223,74880.0
0.03276467323303223,75061.0
0.03276467323303223,74765.0
0.03276467323303223,74907.0
0.03276467323303223,75051.0
0.03276467323303223,75201.0
0.03276467323303223,75368.0
0.03276467323303223,75477.0
0.03276467323303223,75597.0
0.03276467323303223,75496.0
0.03276467323303223,75614.0
0.03276467323303223,75511.0
0.03276467323303223,75389.0
0.03276467323303223,74346.0
0.03276467323303223,74687.0
0.03276467323303223,74997.0
0.03276467323303223,75169.0
0.03276467323303223,75369.0
0.03276467323303223,75707.0
0.03276467323303223,75808.0
0.03276467323303223,76007.0
0.03276467323303223,75555.0
0.03276467323303223,75798.0
0.03276467323303223,76095.0
0.03276467323303223,75001.0
0.03276467323303223,75412.0
0.03276467323303223,76046.0
0.03276467323303223,76207.0
0.03276467323303223,76363.0
0.03276467323303223,76490.0
0.03276467323303223,76303.0
0.03276467323303223,76512.0
0.03276467323303223,76346.0
0.03276467323303223,76462.0
0.03276467323303223,76342.0
0.03276467323303223,76476.0
0.03276467323303223,76315.0
0.03276467323303223,76474.0
0.03276467323303223,76273.0
0.03276467323303223,76509.0
0.03276467323303223,76273.0
0.03276467323303223,76423.0
0.03276467323303223,76547.0
0.03276467323303223,76427.0
0.03276467323303223,76318.0
0.03276467323303223,76138.0
0.03276467323303223,76270.0
0.03276467323303223,76513.0
0.03276467323303223,76395.0
0.03276467323303223,76513.0
0.03276467323303223,76352.0
0.03276467323303223,76500.0
0.03276467323303223,76619.0
0.03276467323303223,76499.0
0.03276467323303223,76398.0
0.03276467323303223,75594.0
0.03276467323303223,76106.0
0.03276467323303223,76274.0
0.03276467323303223,76543.0
0.03276467323303223,76678.0
0.03276467323303223,76573.0
0.03276467323303223,76718.0
0.047364234924316406,76819.0
0.047364234924316406,76440.0
0.047364234924316406,76817.0
0.047364234924316406,76698.0
0.047364234924316406,76499.0
0.047364234924316406,76682.0
0.047364234924316406,76546.0
0.047364234924316406,75933.0
0.047364234924316406,76182.0
0.047364234924316406,76646.0
0.047364234924316406,76802.0
0.047364234924316406,76914.0
0.047364234924316406,76810.0
0.047364234924316406,76697.0
0.047364234924316406,76810.0
0.047364234924316406,75944.0
0.047364234924316406,76554.0
0.047364234924316406,76677.0
0.047364234924316406,76964.0
0.047364234924316406,77080.0
0.047364234924316406,77211.0
0.047364234924316406,76577.0
0.047364234924316406,77145.0
0.047364234924316406,77273.0
0.047364234924316406,77130.0
0.047364234924316406,77240.0
0.047364234924316406,77079.0
0.047364234924316406,77282.0
0.047364234924316406,77409.0
0.047364234924316406,77517.0
0.047364234924316406,77180.0
0.047364234924316406,77435.0
0.047364234924316406,77581.0
0.047364234924316406,77687.0
0.047364234924316406,77804.0
0.047364234924316406,77629.0
0.047364234924316406,77435.0
0.047364234924316406,77702.0
0.047364234924316406,77588.0
0.047364234924316406,77710.0
0.047364234924316406,77605.0
0.047364234924316406,77484.0
0.047364234924316406,77585.0
0.047364234924316406,77473.0
0.047364234924316406,77218.0
0.047364234924316406,77476.0
0.047364234924316406,77591.0
0.047364234924316406,77695.0
0.047364234924316406,77491.0
0.047364234924316406,77630.0
0.047364234924316406,77776.0
0.047364234924316406,77661.0
0.047364234924316406,77794.0
0.047364234924316406,77650.0
0.047364234924316406,77817.0
0.047364234924316406,77612.0
0.047364234924316406,77808.0
0.047364234924316406,77683.0
0.047364234924316406,77806.0
0.047364234924316406,77583.0
0.047364234924316406,77755.0
0.047364234924316406,77884.0
0.047364234924316406,77998.0
0.047364234924316406,78114.0
0.047364234924316406,77969.0
0.047364234924316406,77827.0
0.047364234924316406,77976.0
0.047364234924316406,77860.0
0.047364234924316406,78000.0
0.047364234924316406,77856.0
0.047364234924316406,77999.0
0.047364234924316406,77898.0
0.047364234924316406,77999.0
0.047364234924316406,77754.0
0.047364234924316406,77864.0
0.047364234924316406,78100.0
0.047364234924316406,78201.0
0.047364234924316406,78310.0
0.047364234924316406,78189.0
0.047364234924316406,78291.0
0.047364234924316406,77622.0
0.047364234924316406,77973.0
0.047364234924316406,78315.0
0.047364234924316406,78468.0
0.047364234924316406,78312.0
0.047364234924316406,77696.0
0.047364234924316406,78123.0
0.047364234924316406,78436.0
0.047364234924316406,78594.0
0.047364234924316406,78493.0
0.047364234924316406,78226.0
0.047364234924316406,78377.0
0.047364234924316406,78481.0
0.047364234924316406,78630.0
0.047364234924316406,78525.0
0.047364234924316406,78691.0
0.047364234924316406,78523.0
0.047364234924316406,78699.0
0.047364234924316406,78813.0
0.047364234924316406,78667.0
0.047364234924316406,78816.0
0.047364234924316406,78712.0
0.047364234924316406,78583.0
0.047364234924316406,78710.0
0.047364234924316406,78603.0
0.047364234924316406,78718.0
0.047364234924316406,77744.0
0.047364234924316406,77984.0
0.047364234924316406,78404.0
0.047364234924316406,78727.0
0.047364234924316406,78404.0
0.047364234924316406,78745.0
0.047364234924316406,79000.0
0.047364234924316406,78869.0
0.047364234924316406,78993.0
0.047364234924316406,78889.0
0.047364234924316406,78991.0
0.047364234924316406,78864.0
0.047364234924316406,79013.0
0.047364234924316406,78231.0
0.047364234924316406,78378.0
0.047364234924316406,78182.0
0.047364234924316406,78585.0
0.047364234924316406,78701.0
0.047364234924316406,78927.0
0.047364234924316406,79247.0
0.047364234924316406,79358.0
0.047364234924316406,79513.0
0.047364234924316406,79360.0
0.047364234924316406,79470.0
0.047364234924316406,79598.0
0.047364234924316406,79702.0
0.047364234924316406,79814.0
0.047364234924316406,79916.0
0.047364234924316406,79800.0
0.047364234924316406,79691.0
0.047364234924316406,79482.0
0.047364234924316406,79622.0
0.047364234924316406,79764.0
0.047364234924316406,79636.0
0.047364234924316406,79797.0
0.047364234924316406,79696.0
0.047364234924316406,78929.0
0.047364234924316406,79176.0
0.047364234924316406,79366.0
0.047364234924316406,79537.0
0.047364234924316406,79673.0
0.047364234924316406,79960.0
0.047364234924316406,80190.0
0.047364234924316406,79924.0
0.047364234924316406,80088.0
0.047364234924316406,80319.0
0.047364234924316406,80214.0
0.047364234924316406,80113.0
0.047364234924316406,79999.0
0.047364234924316406,79809.0
0.047364234924316406,79654.0
0.047364234924316406,79787.0
0.047364234924316406,79956.0
0.047364234924316406,80064.0
0.047364234924316406,80188.0
0.047364234924316406,80303.0
0.047364234924316406,80418.0
0.047364234924316406,80312.0
0.047364234924316406,79947.0
0.047364234924316406,80113.0
0.047364234924316406,80271.0
0.047364234924316406,80435.0
0.047364234924316406,80147.0
0.047364234924316406,79809.0
0.047364234924316406,80098.0
0.047364234924316406,80479.0
0.047364234924316406,80593.0
0.047364234924316406,80442.0
0.047364234924316406,80567.0
0.047364234924316406,80709.0
0.047364234924316406,80595.0
0.047364234924316406,80437.0
0.047364234924316406,80321.0
0.047364234924316406,80500.0
0.047364234924316406,80394.0
0.047364234924316406,80500.0
0.047364234924316406,80602.0
0.047364234924316406,80494.0
0.047364234924316406,80597.0
0.047364234924316406,80478.0
0.047364234924316406,80596.0
0.047364234924316406,80708.0
0.047364234924316406,80819.0
0.047364234924316406,80698.0
0.047364234924316406,80555.0
0.047364234924316406,80713.0
0.047364234924316406,80818.0
0.047364234924316406,80570.0
0.047364234924316406,80747.0
0.047364234924316406,80858.0
0.047364234924316406,81011.0
0.047364234924316406,81118.0
0.047364234924316406,80875.0
0.047364234924316406,81110.0
0.047364234924316406,81008.0
0.047364234924316406,81115.0
0.047364234924316406,80992.0
0.047364234924316406,80845.0
0.047364234924316406,80964.0
0.047364234924316406,80839.0
0.047364234924316406,80959.0
0.047364234924316406,81110.0
0.047364234924316406,80941.0
0.047364234924316406,80831.0
0.047364234924316406,81018.0
0.06309080123901367,80637.0
0.06309080123901367,80847.0
0.06309080123901367,81048.0
0.06309080123901367,81190.0
0.06309080123901367,81073.0
0.06309080123901367,81202.0
0.06309080123901367,81071.0
0.06309080123901367,81217.0
0.06309080123901367,81113.0
0.06309080123901367,80964.0
0.06309080123901367,80856.0
0.06309080123901367,81010.0
0.06309080123901367,81116.0
0.06309080123901367,80607.0
0.06309080123901367,80975.0
0.06309080123901367,81183.0
0.06309080123901367,81298.0
0.06309080123901367,81055.0
0.06309080123901367,80889.0
0.06309080123901367,81120.0
0.06309080123901367,81001.0
0.06309080123901367,81200.0
0.06309080123901367,81075.0
0.06309080123901367,80849.0
0.06309080123901367,81094.0
0.06309080123901367,80918.0
0.06309080123901367,80631.0
0.06309080123901367,80938.0
0.06309080123901367,80822.0
0.06309080123901367,80959.0
0.06309080123901367,81117.0
0.06309080123901367,81010.0
0.06309080123901367,80896.0
0.06309080123901367,80738.0
0.06309080123901367,80899.0
0.06309080123901367,81014.0
0.06309080123901367,80872.0
0.06309080123901367,81000.0
0.06309080123901367,80872.0
0.06309080123901367,80986.0
0.06309080123901367,80776.0
0.06309080123901367,81005.0
0.06743907928466797,80882.0
0.06743907928466797,80995.0
0.06743907928466797,80875.0
0.06743907928466797,80979.0
0.06743907928466797,81084.0
0.06743907928466797,81203.0
0.06743907928466797,80800.0
0.06743907928466797,81075.0
0.06743907928466797,81200.0
0.06743907928466797,81399.0
0.06743907928466797,81297.0
0.06743907928466797,81118.0
0.06743907928466797,81294.0
0.06743907928466797,81193.0
0.06743907928466797,81309.0
0.06743907928466797,81167.0
0.06743907928466797,81309.0
0.06743907928466797,80941.0
0.06743907928466797,81197.0
0.06743907928466797,81401.0
0.06743907928466797,81289.0
0.06743907928466797,81174.0
0.06743907928466797,81303.0
0.06743907928466797,81144.0
0.06743907928466797,80855.0
0.06743907928466797,81197.0
0.06743907928466797,81042.0
0.07094597816467285,81218.0
0.07094597816467285,81099.0
0.07094597816467285,80991.0
0.07094597816467285,81113.0
0.07094597816467285,80924.0
0.07094597816467285,81074.0
0.07094597816467285,81195.0
0.07094597816467285,81074.0
0.07094597816467285,80958.0
0.07094597816467285,80771.0
0.07094597816467285,80924.0
0.07094597816467285,81099.0
0.07094597816467285,80967.0
0.07094597816467285,81119.0
0.07094597816467285,80998.0
0.07094597816467285,81107.0
0.07094597816467285,81217.0
0.07094597816467285,81088.0
0.07094597816467285,81209.0
0.07094597816467285,81313.0
0.07094597816467285,81157.0
0.07094597816467285,81285.0
0.07094597816467285,81401.0
0.07094597816467285,80885.0
0.07094597816467285,80744.0
0.07094597816467285,81238.0
0.07094597816467285,81365.0
0.07094597816467285,81495.0
0.07094597816467285,81615.0
0.07094597816467285,81500.0
0.07094597816467285,81619.0
0.07094597816467285,81486.0
0.07094597816467285,81588.0
0.07094597816467285,81715.0
0.07094597816467285,81364.0
0.07094597816467285,81480.0
0.07094597816467285,81661.0
0.07094597816467285,81897.0
0.07094597816467285,82003.0
0.07094597816467285,81833.0
0.07094597816467285,81996.0
0.07094597816467285,82115.0
0.07094597816467285,81998.0
0.07094597816467285,82099.0
0.07094597816467285,82208.0
0.07094597816467285,81971.0
0.07094597816467285,82210.0
0.07094597816467285,82314.0
0.07094597816467285,82204.0
0.07094597816467285,82319.0
0.07094597816467285,81977.0
0.07094597816467285,82313.0
0.07094597816467285,82209.0
0.07094597816467285,82103.0
0.07094597816467285,81952.0
0.07094597816467285,82105.0
0.07094597816467285,82210.0
0.07094597816467285,82095.0
0.07094597816467285,81914.0
0.07094597816467285,82116.0
0.07895708084106445,81917.0
0.07895708084106445,81765.0
0.07895708084106445,81471.0
0.07895708084106445,81669.0
0.07895708084106445,81987.0
0.07895708084106445,82096.0
0.07895708084106445,82211.0
0.07963347434997559,82096.0
0.07963347434997559,81946.0
0.07963347434997559,81830.0
0.08054041862487793,82011.0
0.08054041862487793,82118.0
0.08054041862487793,81978.0
0.08054041862487793,82093.0
0.08054041862487793,82216.0
0.08054041862487793,82062.0
0.08054041862487793,82175.0
0.08054041862487793,82316.0
0.08054041862487793,82192.0
0.08054041862487793,81869.0
0.08054041862487793,82029.0
0.08054041862487793,82272.0
0.08054041862487793,82156.0
0.08054041862487793,82304.0
0.08054041862487793,82132.0
0.08054041862487793,82282.0
0.08054041862487793,82080.0
0.08054041862487793,82199.0
0.08054041862487793,82411.0
0.08054041862487793,82262.0
0.08054041862487793,82378.0
0.08054041862487793,82481.0
0.08054041862487793,82325.0
0.08054041862487793,82514.0
0.08054041862487793,82364.0
0.08054041862487793,82490.0
0.08054041862487793,82607.0
0.08054041862487793,82453.0
0.08054041862487793,82596.0
0.08054041862487793,82374.0
0.08054041862487793,82570.0
0.08054041862487793,82700.0
0.08054041862487793,82598.0
0.08054041862487793,82714.0
0.08054041862487793,82587.0
0.08054041862487793,82246.0
0.08054041862487793,82568.0
0.08054041862487793,82438.0
0.08054041862487793,82616.0
0.08054041862487793,82497.0
0.08054041862487793,82386.0
0.08054041862487793,82225.0
0.08054041862487793,82419.0
0.08054041862487793,82278.0
0.08054041862487793,81766.0
0.08054041862487793,81932.0
0.08054041862487793,82056.0
0.08054041862487793,82382.0
0.08054041862487793,82544.0
0.08054041862487793,82658.0
0.08054041862487793,82799.0
0.08054041862487793,82918.0
0.08054041862487793,82694.0
0.08054041862487793,82822.0
0.08054041862487793,82710.0
0.08054041862487793,82896.0
0.08054041862487793,83012.0
0.08054041862487793,82846.0
0.08054041862487793,82989.0
0.08054041862487793,83112.0
0.08054041862487793,83009.0
0.08054041862487793,82895.0
0.08054041862487793,83011.0
0.08054041862487793,82742.0
0.08054041862487793,82844.0
0.08054041862487793,83116.0
0.08054041862487793,82966.0
0.08054041862487793,83101.0
0.08054041862487793,82938.0
0.08054041862487793,82752.0
0.08054041862487793,82930.0
0.08054041862487793,82797.0
0.08054041862487793,82695.0
0.08054041862487793,82854.0
0.08054041862487793,82741.0
0.08054041862487793,82870.0
0.08054041862487793,82977.0
0.08054041862487793,82841.0
0.08054041862487793,82971.0
0.08054041862487793,82807.0
0.08054041862487793,82987.0
0.08054041862487793,82868.0
0.08054041862487793,82766.0
0.08054041862487793,82644.0
0.08054041862487793,82776.0
0.08054041862487793,82637.0
0.08054041862487793,82738.0
0.08054041862487793,82865.0
0.08054041862487793,82981.0
0.08054041862487793,82800.0
0.08054041862487793,82924.0
0.08054041862487793,82777.0
0.08054041862487793,82935.0
0.08054041862487793,83086.0
0.08054041862487793,83205.0
0.08054041862487793,83048.0
0.08054041862487793,82854.0
0.08054041862487793,83106.0
0.08054041862487793,83211.0
0.08054041862487793,83095.0
0.08054041862487793,82905.0
0.08054041862487793,83027.0
0.08054041862487793,83166.0
0.08054041862487793,83015.0
0.08054041862487793,83118.0
0.08054041862487793,82972.0
0.08054041862487793,83166.0
0.08054041862487793,83048.0
0.08054041862487793,83191.0
0.08054041862487793,83072.0
0.08054041862487793,83188.0
0.08054041862487793,83293.0
0.08054041862487793,83414.0
0.08054041862487793,83295.0
0.08054041862487793,83405.0
0.08054041862487793,83519.0
0.08054041862487793,83276.0
0.08054041862487793,83507.0
0.08054041862487793,83379.0
0.08054041862487793,83492.0
0.08054041862487793,83391.0
0.08054041862487793,83265.0
0.08054041862487793,83152.0
0.08054041862487793,83294.0
0.08054041862487793,83410.0
0.08054041862487793,83301.0
0.09505391120910645,83143.0
0.09505391120910645,82993.0
0.09505391120910645,83113.0
0.09505391120910645,83008.0
0.09505391120910645,83159.0
0.09505391120910645,82958.0
0.09505391120910645,83084.0
0.09505391120910645,83284.0
0.09607195854187012,83392.0
0.09607195854187012,83509.0
0.09607195854187012,83367.0
0.09607195854187012,83167.0
0.09607195854187012,83275.0
0.09607195854187012,83376.0
0.09607195854187012,83554.0
0.09607195854187012,83709.0
0.09607195854187012,83817.0
0.09607195854187012,83667.0
0.09607195854187012,83770.0
0.09607195854187012,83897.0
0.09607195854187012,83796.0
0.09607195854187012,83692.0
0.09607195854187012,83591.0
0.09607195854187012,83432.0
0.09607195854187012,83619.0
0.09607195854187012,83512.0
0.09607195854187012,83377.0
0.09607195854187012,83276.0
0.09607195854187012,83167.0
0.09607195854187012,83304.0
0.09607195854187012,83413.0
0.09607195854187012,83306.0
0.09607195854187012,83150.0
0.09607195854187012,83314.0
0.09607195854187012,83208.0
0.09607195854187012,83030.0
0.09607195854187012,83218.0
0.09607195854187012,83099.0
0.09607195854187012,82983.0
0.09607195854187012,83099.0
0.09607195854187012,82990.0
0.09607195854187012,83099.0
0.09607195854187012,82940.0
0.09607195854187012,82829.0
0.09607195854187012,82990.0
0.09607195854187012,82882.0
0.09607195854187012,83001.0
0.09607195854187012,83102.0
0.09607195854187012,83000.0
0.09607195854187012,83111.0
0.09607195854187012,82827.0
0.09607195854187012,82703.0
0.09607195854187012,82988.0
0.09607195854187012,83111.0
0.09607195854187012,82933.0
0.09607195854187012,82790.0
0.09607195854187012,82956.0
0.09607195854187012,83082.0
0.09607195854187012,82981.0
0.09607195854187012,83115.0
0.09607195854187012,83216.0
0.09607195854187012,82941.0
0.09607195854187012,83130.0
0.09607195854187012,83301.0
0.09607195854187012,83403.0
0.09607195854187012,83270.0
0.09607195854187012,83412.0
0.09607195854187012,83265.0
0.09607195854187012,83368.0
0.09607195854187012,83510.0
0.09607195854187012,83395.0
0.09607195854187012,83509.0
0.09607195854187012,83400.0
0.09607195854187012,83295.0
0.09607195854187012,83158.0
0.09607195854187012,83271.0
0.09607195854187012,83400.0
0.09607195854187012,83516.0
0.09607195854187012,83415.0
0.09607195854187012,83517.0
0.09607195854187012,83401.0
0.09607195854187012,83049.0
0.09607195854187012,83238.0
0.09607195854187012,83442.0
0.09607195854187012,83557.0
0.09607195854187012,83679.0
0.09607195854187012,83804.0
0.09607195854187012,83703.0
0.09607195854187012,83807.0
0.09607195854187012,83664.0
0.09607195854187012,83807.0
0.09607195854187012,83656.0
0.09607195854187012,83777.0
0.09607195854187012,83542.0
0.09607195854187012,83819.0
0.09607195854187012,83694.0
0.09607195854187012,83589.0
0.09607195854187012,83711.0
0.09607195854187012,83573.0
0.09607195854187012,83689.0
0.09607195854187012,83576.0
0.09607195854187012,83363.0
0.09607195854187012,83533.0
0.09607195854187012,83685.0
0.09607195854187012,83790.0
0.09607195854187012,83680.0
0.09607195854187012,83516.0
0.09607195854187012,83680.0
0.09607195854187012,83403.0
0.09607195854187012,83595.0
0.09607195854187012,83703.0
0.09607195854187012,83833.0
0.09607195854187012,83687.0
0.09607195854187012,83575.0
0.09607195854187012,83769.0
0.09607195854187012,83916.0
0.09607195854187012,83812.0
0.09607195854187012,83690.0
0.09607195854187012,83799.0
0.09607195854187012,83918.0
0.09607195854187012,83796.0
0.09607195854187012,83668.0
0.09607195854187012,83563.0
0.09607195854187012,83432.0
0.09607195854187012,83581.0
0.09607195854187012,83716.0
0.09607195854187012,83818.0
0.09607195854187012,83692.0
0.09607195854187012,83578.0
0.09607195854187012,83692.0
0.09607195854187012,83563.0
0.09607195854187012,83680.0
0.09607195854187012,83790.0
0.09607195854187012,83916.0
0.09607195854187012,83752.0
0.09607195854187012,83865.0
0.09607195854187012,84004.0
0.09607195854187012,83593.0
0.09607195854187012,83944.0
0.09607195854187012,84060.0
0.09607195854187012,84201.0
0.09607195854187012,83965.0
0.09607195854187012,84183.0
0.09607195854187012,84302.0
0.09607195854187012,84408.0
0.09607195854187012,84101.0
0.09607195854187012,84274.0
0.09607195854187012,84430.0
0.09607195854187012,84596.0
0.09607195854187012,84480.0
0.09607195854187012,84354.0
0.09607195854187012,84494.0
0.09607195854187012,84613.0
0.09607195854187012,84716.0
0.09607195854187012,84600.0
0.11115598678588867,84471.0
0.11115598678588867,84591.0
0.11115598678588867,84692.0
0.11115598678588867,84577.0
0.11115598678588867,84697.0
0.11115598678588867,84804.0
0.11115598678588867,84650.0
0.11115598678588867,84816.0
0.11115598678588867,84700.0
0.11115598678588867,84563.0
0.11115598678588867,84698.0
0.11115598678588867,84453.0
0.11115598678588867,84589.0
0.11115598678588867,84775.0
0.11115598678588867,84899.0
0.11115598678588867,84770.0
0.11115598678588867,84874.0
0.11115598678588867,84976.0
0.11115598678588867,84849.0
0.11115598678588867,84950.0
0.11115598678588867,84750.0
0.11115598678588867,84630.0
0.11115598678588867,84754.0
0.11115598678588867,84858.0
0.11115598678588867,85114.0
0.11115598678588867,84968.0
0.11115598678588867,85101.0
0.11115598678588867,85211.0
0.11115598678588867,85313.0
0.11115598678588867,85416.0
0.11115598678588867,85301.0
0.11115598678588867,85045.0
0.11115598678588867,85261.0
0.11115598678588867,85137.0
0.11115598678588867,85296.0
0.11115598678588867,85186.0
0.11115598678588867,85065.0
0.11115598678588867,85201.0
0.11115598678588867,85318.0
0.11115598678588867,85216.0
0.11115598678588867,85318.0
0.11554908752441406,85175.0
0.11554908752441406,85311.0
0.11647725105285645,85190.0
0.11647725105285645,84445.0
0.11647725105285645,84561.0
0.11647725105285645,85219.0
0.11647725105285645,85378.0
0.11647725105285645,85519.0
0.11647725105285645,85405.0
0.11647725105285645,85268.0
0.11647725105285645,85408.0
0.11647725105285645,85304.0
0.11647725105285645,85405.0
0.11647725105285645,85285.0
0.11647725105285645,85174.0
0.11647725105285645,85286.0
0.11647725105285645,85078.0
0.11647725105285645,85182.0
0.11647725105285645,85392.0
0.11647725105285645,85513.0
0.11647725105285645,85370.0
0.11647725105285645,85501.0
0.11647725105285645,85602.0
0.11647725105285645,85362.0
0.11647725105285645,85615.0
0.11647725105285645,85499.0
0.11647725105285645,85601.0
0.11647725105285645,85499.0
0.11647725105285645,85600.0
0.11647725105285645,85258.0
0.11647725105285645,85363.0
0.11647725105285645,85602.0
0.11647725105285645,85718.0
0.11647725105285645,85889.0
0.11647725105285645,85708.0
0.11647725105285645,85865.0
0.11647725105285645,85991.0
0.11647725105285645,85859.0
0.11647725105285645,86001.0
0.11647725105285645,86111.0
0.11647725105285645,86217.0
0.11647725105285645,86115.0
0.11647725105285645,85991.0
0.11647725105285645,86107.0
0.11647725105285645,85971.0
0.11647725105285645,86082.0
0.11647725105285645,86183.0
0.11647725105285645,86308.0
0.11647725105285645,86202.0
0.11647725105285645,86047.0
0.11647725105285645,86151.0
0.11647725105285645,86315.0
0.11647725105285645,85747.0
0.11647725105285645,86307.0
0.11647725105285645,86180.0
0.11647725105285645,86316.0
0.12698888778686523,86106.0
0.12698888778686523,86313.0
0.12698888778686523,86101.0
0.12698888778686523,86311.0
0.12698888778686523,86194.0
0.12698888778686523,86312.0
0.12698888778686523,86418.0
0.12698888778686523,86315.0
0.12698888778686523,86103.0
0.12698888778686523,86265.0
0.12698888778686523,86146.0
0.12698888778686523,86310.0
0.12698888778686523,86209.0
0.12698888778686523,85896.0
0.12698888778686523,86154.0
0.12698888778686523,86295.0
0.12698888778686523,86412.0
0.12698888778686523,86296.0
0.12698888778686523,86125.0
0.12698888778686523,86311.0
0.12698888778686523,86415.0
0.12698888778686523,86266.0
0.12698888778686523,86416.0
0.12698888778686523,86212.0
0.12698888778686523,86333.0
0.12698888778686523,86448.0
0.12698888778686523,86298.0
0.12698888778686523,86475.0
0.12698888778686523,86374.0
0.12698888778686523,86268.0
0.12698888778686523,86415.0
0.12698888778686523,86313.0
0.12698888778686523,86210.0
0.12698888778686523,86101.0
0.12698888778686523,86206.0
0.12698888778686523,85843.0
0.12698888778686523,86122.0
0.12698888778686523,86319.0
0.12698888778686523,86072.0
0.12698888778686523,86285.0
0.12698888778686523,86407.0
0.12698888778686523,86508.0
0.12698888778686523,86393.0
0.12698888778686523,86279.0
0.12698888778686523,86175.0
0.12698888778686523,86300.0
0.12698888778686523,86415.0
0.12698888778686523,86266.0
0.12698888778686523,86378.0
0.12698888778686523,86490.0
0.12698888778686523,86385.0
0.12698888778686523,86268.0
0.12698888778686523,86383.0
0.12698888778686523,86512.0
0.12698888778686523,86393.0
0.12698888778686523,86244.0
0.12698888778686523,86402.0
0.12698888778686523,86296.0
0.12698888778686523,86038.0
0.12698888778686523,86300.0
0.12698888778686523,86191.0
0.12698888778686523,86311.0
0.12698888778686523,86205.0
0.12698888778686523,86316.0
0.12698888778686523,86194.0
0.12698888778686523,86300.0
0.12698888778686523,86191.0
0.12698888778686523,86305.0
0.12698888778686523,86149.0
0.12698888778686523,86296.0
0.14362692832946777,86398.0
0.14362692832946777,86515.0
0.14362692832946777,86289.0
0.14362692832946777,86440.0
0.14362692832946777,86555.0
0.14362692832946777,86690.0
0.14362692832946777,86800.0
0.14362692832946777,86681.0
0.14362692832946777,86541.0
0.14362692832946777,86661.0
0.14362692832946777,86786.0
0.14362692832946777,86665.0
0.14362692832946777,86774.0
0.14362692832946777,86887.0
0.14362692832946777,87007.0
0.14362692832946777,86878.0
0.14362692832946777,87013.0
0.14362692832946777,86909.0
0.14362692832946777,87018.0
0.14362692832946777,86917.0
0.14362692832946777,87018.0
0.14362692832946777,86904.0
0.14362692832946777,87019.0
0.14362692832946777,86855.0
0.14362692832946777,87000.0
0.14362692832946777,87104.0
0.14362692832946777,87214.0
0.14362692832946777,87318.0
0.14362692832946777,87204.0
0.14362692832946777,87318.0
0.14362692832946777,87143.0
0.14362692832946777,87003.0
0.14362692832946777,87164.0
0.14362692832946777,87316.0
0.14362692832946777,87205.0
0.14362692832946777,87097.0
0.14362692832946777,87198.0
0.14362692832946777,87094.0
0.14362692832946777,86772.0
0.14362692832946777,86877.0
0.14362692832946777,87079.0
0.14362692832946777,87215.0
0.14362692832946777,87381.0
0.14362692832946777,87264.0
0.14362692832946777,87369.0
0.14362692832946777,87126.0
0.14362692832946777,87377.0
0.14362692832946777,87482.0
0.14362692832946777,87603.0
0.14362692832946777,87704.0
0.14362692832946777,87578.0
0.14362692832946777,87693.0
0.14362692832946777,87504.0
0.14362692832946777,87674.0
0.14362692832946777,87504.0
0.14362692832946777,87697.0
0.14362692832946777,87803.0
0.14362692832946777,87908.0
0.14362692832946777,87787.0
0.14362692832946777,87914.0
0.14362692832946777,87803.0
0.14362692832946777,87915.0
0.14362692832946777,87802.0
0.14362692832946777,87904.0
0.14362692832946777,87586.0
0.14362692832946777,87780.0
0.14362692832946777,87896.0
0.14362692832946777,87786.0
0.14362692832946777,87969.0
0.14362692832946777,88119.0
0.14362692832946777,87977.0
0.14362692832946777,88119.0
0.14362692832946777,87953.0
0.14362692832946777,87846.0
0.14362692832946777,87727.0
0.14362692832946777,87874.0
0.14362692832946777,88014.0
0.14362692832946777,87899.0
0.14362692832946777,87793.0
0.14362692832946777,87590.0
0.14362692832946777,87722.0
0.14362692832946777,87838.0
0.14362692832946777,87981.0
0.14362692832946777,88114.0
0.14362692832946777,87953.0
0.14362692832946777,88067.0
0.14362692832946777,87920.0
0.14362692832946777,88031.0
0.14362692832946777,88181.0
0.14362692832946777,88003.0
0.14362692832946777,88206.0
0.14362692832946777,88061.0
0.14362692832946777,87958.0
0.14362692832946777,87846.0
0.14362692832946777,87967.0
0.14362692832946777,88098.0
0.14362692832946777,87967.0
0.14362692832946777,87847.0
0.14362692832946777,87991.0
0.15871191024780273,87858.0
0.15871191024780273,87748.0
0.15871191024780273,87642.0
0.15871191024780273,87761.0
0.15871191024780273,87620.0
0.15871191024780273,87772.0
0.15871191024780273,87907.0
0.15871191024780273,88017.0
0.15871191024780273,87750.0
0.15871191024780273,87900.0
0.15871191024780273,88006.0
0.15871191024780273,88153.0
0.15871191024780273,87946.0
0.15871191024780273,87707.0
0.15871191024780273,88017.0
0.15871191024780273,88200.0
0.15871191024780273,88054.0
0.15871191024780273,88209.0
0.15871191024780273,88106.0
0.15871191024780273,87984.0
0.15871191024780273,88111.0
0.15871191024780273,87995.0
0.15871191024780273,88117.0
0.15871191024780273,87974.0
0.15871191024780273,88092.0
0.15871191024780273,87907.0
0.15871191024780273,88015.0
0.15871191024780273,88183.0
0.15871191024780273,88081.0
0.15871191024780273,87704.0
0.15871191024780273,88096.0
0.15871191024780273,87985.0
0.15871191024780273,88099.0
0.15871191024780273,87977.0
0.15871191024780273,87850.0
0.15871191024780273,87727.0
0.15871191024780273,87900.0
0.15871191024780273,87796.0
0.15871191024780273,87679.0
0.15871191024780273,87790.0
0.15871191024780273,87916.0
0.15871191024780273,87791.0
0.15871191024780273,87627.0
0.15871191024780273,87799.0
0.15871191024780273,87629.0
0.15871191024780273,87513.0
0.15871191024780273,87710.0
0.15871191024780273,87604.0
0.15871191024780273,87485.0
0.15871191024780273,87382.0
0.15871191024780273,87518.0
0.15871191024780273,87351.0
0.15871191024780273,87496.0
0.15871191024780273,87380.0
0.15871191024780273,87270.0
0.15871191024780273,87411.0
0.15871191024780273,87276.0
0.15871191024780273,87404.0
0.15871191024780273,87265.0
0.15871191024780273,87057.0
0.15871191024780273,87174.0
0.15871191024780273,87386.0
0.15871191024780273,87502.0
0.15871191024780273,87326.0
0.15871191024780273,87224.0
0.15871191024780273,87387.0
0.15871191024780273,87508.0
0.15871191024780273,87292.0
0.15871191024780273,87443.0
0.15871191024780273,87565.0
0.15871191024780273,87717.0
0.15871191024780273,87598.0
0.15871191024780273,87347.0
0.15871191024780273,87530.0
0.15871191024780273,87402.0
0.15871191024780273,87271.0
0.15871191024780273,87444.0
0.15871191024780273,87617.0
0.15871191024780273,87374.0
0.15871191024780273,87488.0
0.15871191024780273,87642.0
0.15871191024780273,87768.0
0.15871191024780273,87909.0
0.15871191024780273,87757.0
0.15871191024780273,87886.0
0.15871191024780273,87720.0
0.15871191024780273,87902.0
0.15871191024780273,87801.0
0.15871191024780273,87689.0
0.15871191024780273,87564.0
0.15871191024780273,87695.0
0.15871191024780273,87517.0
0.15871191024780273,87389.0
0.15871191024780273,87525.0
0.15871191024780273,87719.0
0.1713109016418457,87608.0
0.1713109016418457,87497.0
0.1713109016418457,87344.0
0.1713109016418457,87487.0
0.1713109016418457,87616.0
0.1713109016418457,87391.0
0.1713109016418457,87606.0
0.1713109016418457,87435.0
0.1713109016418457,87589.0
0.1713109016418457,87292.0
0.1713109016418457,87608.0
0.1713109016418457,87499.0
0.1713109016418457,87604.0
0.1713109016418457,87710.0
0.1713109016418457,87574.0
0.1713109016418457,87710.0
0.1713109016418457,87516.0
0.1713109016418457,87413.0
0.1713109016418457,87599.0
0.1713109016418457,87712.0
0.1713109016418457,87605.0
0.1713109016418457,87500.0
0.17492127418518066,87619.0
0.17553019523620605,87484.0
0.17553019523620605,87609.0
0.17553019523620605,87505.0
0.17553019523620605,87353.0
0.17553019523620605,87245.0
0.17553019523620605,87353.0
0.17553019523620605,87508.0
0.17553019523620605,87617.0
0.17553019523620605,87388.0
0.17553019523620605,87562.0
0.17553019523620605,87695.0
0.17553019523620605,87798.0
0.17553019523620605,87919.0
0.17553019523620605,87760.0
0.17553019523620605,87910.0
0.17553019523620605,88016.0
0.17553019523620605,87830.0
0.17553019523620605,87986.0
0.17553019523620605,87836.0
0.17553019523620605,87973.0
0.17553019523620605,88080.0
0.17553019523620605,87948.0
0.17553019523620605,88098.0
0.17553019523620605,88217.0
0.17553019523620605,88103.0
0.17553019523620605,88002.0
0.17553019523620605,88112.0
0.17553019523620605,87979.0
0.17553019523620605,88118.0
0.17553019523620605,88006.0
0.17553019523620605,88117.0
0.17553019523620605,88009.0
0.17553019523620605,87839.0
0.17553019523620605,87981.0
0.17553019523620605,87857.0
0.17553019523620605,87961.0
0.17553019523620605,88079.0
0.17553019523620605,88208.0
0.17553019523620605,88312.0
0.17553019523620605,88208.0
0.17553019523620605,88314.0
0.17553019523620605,88419.0
0.19112110137939453,88312.0
0.19112110137939453,88170.0
0.19112110137939453,88284.0
0.19112110137939453,88402.0
0.19112110137939453,88248.0
0.19112110137939453,88397.0
0.1929769515991211,88075.0
0.1929769515991211,88272.0
0.1929769515991211,88405.0
0.1929769515991211,88510.0
0.1929769515991211,88627.0
0.1929769515991211,88807.0
0.1929769515991211,88917.0
0.1929769515991211,88776.0
0.1929769515991211,88910.0
0.1929769515991211,88768.0
0.1929769515991211,88884.0
0.1929769515991211,89013.0
0.1929769515991211,88900.0
0.1929769515991211,89012.0
0.1929769515991211,88904.0
0.1929769515991211,88763.0
0.1929769515991211,88886.0
0.1929769515991211,89002.0
0.1929769515991211,89111.0
0.1929769515991211,89008.0
0.1929769515991211,88894.0
0.1929769515991211,88779.0
0.1929769515991211,88916.0
0.1929769515991211,88799.0
0.1929769515991211,88686.0
0.1929769515991211,88791.0
0.1929769515991211,88894.0
0.1929769515991211,88997.0
0.1929769515991211,88744.0
0.1929769515991211,88884.0
0.1929769515991211,89058.0
0.1929769515991211,89200.0
0.1929769515991211,89078.0
0.1929769515991211,89214.0
0.20767951011657715,89317.0
0.20767951011657715,89195.0
0.20767951011657715,89068.0
0.20767951011657715,89200.0
0.20767951011657715,89095.0
0.20767951011657715,88968.0
0.20767951011657715,89070.0
0.20767951011657715,89197.0
0.20767951011657715,89317.0
0.20767951011657715,89184.0
0.20767951011657715,89291.0
0.20767951011657715,89403.0
0.20767951011657715,89247.0
0.20767951011657715,89348.0
0.20767951011657715,89243.0
0.20767951011657715,89406.0
0.20767951011657715,89288.0
0.20767951011657715,89391.0
0.20767951011657715,89513.0
0.20767951011657715,89617.0
0.20767951011657715,89467.0
0.20767951011657715,89595.0
0.20767951011657715,89710.0
0.20767951011657715,89591.0
0.20767951011657715,89699.0
0.20767951011657715,89557.0
0.20767951011657715,89445.0
0.20767951011657715,89618.0
0.20767951011657715,89492.0
0.20767951011657715,89606.0
0.20767951011657715,89501.0
0.20767951011657715,89608.0
0.20767951011657715,89719.0
0.20767951011657715,89522.0
0.20767951011657715,89643.0
0.20767951011657715,89759.0
0.20767951011657715,89886.0
0.20767951011657715,89998.0
0.20767951011657715,90107.0
0.20767951011657715,89856.0
0.20767951011657715,90056.0
0.20767951011657715,90191.0
0.20767951011657715,90310.0
0.20767951011657715,90197.0
0.20767951011657715,90086.0
0.20767951011657715,90210.0
0.20767951011657715,90052.0
0.20767951011657715,90213.0
0.20767951011657715,90059.0
0.20767951011657715,90184.0
0.20767951011657715,90290.0
0.20767951011657715,90140.0
0.20767951011657715,90297.0
0.20767951011657715,90192.0
0.20767951011657715,90296.0
0.20767951011657715,90154.0
0.20767951011657715,90318.0
0.20767951011657715,90419.0
0.20767951011657715,90298.0
0.2232658863067627,90176.0
0.2232658863067627,90299.0
0.2232658863067627,90197.0
0.2232658863067627,90319.0
0.2232658863067627,90218.0
0.2232658863067627,90098.0
0.2232658863067627,89994.0
0.2232658863067627,90119.0
0.2232658863067627,89999.0
0.2232658863067627,90109.0
0.2232658863067627,89968.0
0.2232658863067627,90075.0
0.2232658863067627,90208.0
0.2232658863067627,90010.0
0.2232658863067627,90131.0
0.2232658863067627,90254.0
0.2232658863067627,90385.0
0.2232658863067627,90269.0
0.2232658863067627,90411.0
0.2232658863067627,90515.0
0.2232658863067627,90413.0
0.2232658863067627,90518.0
0.2232658863067627,90416.0
0.2232658863067627,90518.0
0.2232658863067627,90415.0
0.2232658863067627,90518.0
0.2232658863067627,90389.0
0.2232658863067627,90279.0
0.2232658863067627,90403.0
0.2232658863067627,90511.0
0.2232658863067627,90613.0
0.23897314071655273,90498.0
0.23897314071655273,90615.0
0.23897314071655273,90718.0
0.23897314071655273,90609.0
0.23897314071655273,90337.0
0.23897314071655273,90566.0
0.23897314071655273,90693.0
0.23897314071655273,90808.0
0.23897314071655273,90917.0
0.23897314071655273,91019.0
0.23897314071655273,90916.0
0.23897314071655273,90810.0
0.23897314071655273,90694.0
0.23897314071655273,90807.0
0.23897314071655273,90912.0
0.23897314071655273,90787.0
0.23897314071655273,90903.0
0.23897314071655273,91015.0
0.23897314071655273,90907.0
0.23897314071655273,90793.0
0.23897314071655273,90916.0
0.23897314071655273,90813.0
0.23897314071655273,90696.0
0.23897314071655273,90807.0
0.23897314071655273,90915.0
0.23897314071655273,91019.0
0.23897314071655273,90911.0
0.23897314071655273,91019.0
0.23897314071655273,90912.0
0.23897314071655273,90811.0
0.23897314071655273,90695.0
0.23897314071655273,90801.0
0.23897314071655273,90911.0
0.2545959949493408,90774.0
0.2545959949493408,90906.0
0.2545959949493408,91007.0
0.2545959949493408,91110.0
0.2545959949493408,90969.0
0.2545959949493408,91111.0
0.2545959949493408,91217.0
0.2545959949493408,91102.0
0.2545959949493408,91219.0
0.2545959949493408,91116.0
0.2545959949493408,90999.0
0.2545959949493408,91108.0
0.2545959949493408,90956.0
0.2545959949493408,91097.0
0.2545959949493408,91204.0
0.2545959949493408,91093.0
0.2545959949493408,91201.0
0.2545959949493408,91088.0
0.2545959949493408,90962.0
0.2545959949493408,91118.0
0.2545959949493408,91006.0
0.2545959949493408,91113.0
0.2702302932739258,91219.0
0.2712442874908447,91105.0
0.2712442874908447,91217.0
0.2712442874908447,91094.0
0.2712442874908447,90991.0
0.2712442874908447,91102.0
0.2712442874908447,91214.0
0.2712442874908447,91317.0
0.2712442874908447,91418.0
0.2712442874908447,91316.0
0.2712442874908447,91418.0
0.2712442874908447,91276.0
0.2712442874908447,91145.0
0.2712442874908447,91261.0
0.2712442874908447,91416.0
0.2712442874908447,91517.0
0.2863290309906006,91392.0
0.2863290309906006,91494.0
0.2863290309906006,91616.0
0.2863290309906006,91511.0
0.2863290309906006,91409.0
0.2863290309906006,91300.0
0.2863290309906006,91416.0
0.2863290309906006,91517.0
0.2863290309906006,91618.0
0.2863290309906006,91503.0
0.3020484447479248,91397.0
0.3020484447479248,91519.0
