0.0,12082.0
0.0,12290.0
0.0,12421.0
0.0,11864.0
0.0,12201.0
0.0,12572.0
0.0,12700.0
0.0,12348.0
0.0,12632.0
0.0,12760.0
0.0,12869.0
0.0,12768.0
0.0,12885.0
0.0,12999.0
0.0,12453.0
0.0,12741.0
0.0,13118.0
0.0,13017.0
0.0,12908.0
0.0,13009.0
0.0,12866.0
0.0,13015.0
0.0,12120.0
0.0,12945.0
0.0,13077.0
0.0,13209.0
0.0,13001.0
0.0,13174.0
0.0,13317.0
0.0,12492.0
0.0,13050.0
0.0,13190.0
0.0,13486.0
0.0,13594.0
0.0,13704.0
0.0,13587.0
0.0,13239.0
0.0,13452.0
0.0,13655.0
0.0,13772.0
0.0,13899.0
0.0,14013.0
0.0,13905.0
0.0,13617.0
0.0,13894.0
0.0,13762.0
0.0,13622.0
0.0,13819.0
0.0,13691.0
0.0,13815.0
0.0,13712.0
0.0,13375.0
0.0,13672.0
0.0,13478.0
0.0,13680.0
0.0,13788.0
0.0,13907.0
0.0,13775.0
0.0,13919.0
0.0,13770.0
0.0,13878.0
0.0,13594.0
0.0,13902.0
0.0,13795.0
0.0,13623.0
0.0,13509.0
0.0,13657.0
0.0,13360.0
0.0,13672.0
0.0,13807.0
0.0,13917.0
0.0,13782.0
0.0,13668.0
0.0,13790.0
0.0,13680.0
0.0,13790.0
0.0,13906.0
0.0,13709.0
0.0,13842.0
0.0,13725.0
0.0,13914.0
0.0,13795.0
0.0,13652.0
0.0,13803.0
0.0,13245.0
0.0,13436.0
0.0,12915.0
0.0,13329.0
0.0,13910.0
0.0,13737.0
0.0,13548.0
0.0,13668.0
0.0,13856.0
0.0,14019.0
0.0,13910.0
0.0,13786.0
0.0,13905.0
0.0,13703.0
0.0,13575.0
0.0,13796.0
0.0,13919.0
0.0,13706.0
0.0,13394.0
0.0,13560.0
0.0,13842.0
0.0,13951.0
0.0,14117.0
0.0,13809.0
0.0,14021.0
0.0,14216.0
0.0,14108.0
0.0,14007.0
0.0,14112.0
0.0,13979.0
0.0,14096.0
0.0,14205.0
0.0,14315.0
0.0,13734.0
0.0,14050.0
0.0,14321.0
0.0,14438.0
0.0,14598.0
0.0,14432.0
0.0,14557.0
0.0,14440.0
0.0,14580.0
0.0,14154.0
0.0,14287.0
0.0,14689.0
0.0,14407.0
0.0,14299.0
0.0,14563.0
0.0,14680.0
0.0,14553.0
0.0,14707.0
0.0,14336.0
0.0,14449.0
0.0,14666.0
0.0,14244.0
0.0,14539.0
0.0,14891.0
0.0,14674.0
0.0,14564.0
0.0,14692.0
0.0,14808.0
0.0,15005.0
0.0,14603.0
0.0,14859.0
0.0,15053.0
0.0,14948.0
0.0,15067.0
0.0,15202.0
0.0,14906.0
0.0,15129.0
0.0,15019.0
0.0,15164.0
0.0,14976.0
0.0,15108.0
0.0,15299.0
0.0,15413.0
0.0,15514.0
0.0,15348.0
0.0,15235.0
0.0,15406.0
0.0,15266.0
0.0,14852.0
0.0,15160.0
0.0,15357.0
0.0,15222.0
0.0,15357.0
0.0,15483.0
0.0,15262.0
0.0,15450.0
0.0,15327.0
0.0,15457.0
0.0,15266.0
0.0,15502.0
0.0,15311.0
0.0,15505.0
0.0,15311.0
0.0,15429.0
0.0,15328.0
0.0,15485.0
0.0,15618.0
0.0,14703.0
0.0,15283.0
0.0,15558.0
0.0,15803.0
0.0,15694.0
0.0,15386.0
0.0,15574.0
0.0,15740.0
0.0,15901.0
0.0,15707.0
0.0,15585.0
0.0,15757.0
0.0,15899.0
0.0,16008.0
0.0,15692.0
0.0,15898.0
0.0,16001.0
0.0,16201.0
0.0,16006.0
0.0,16140.0
0.0,16260.0
0.0,16132.0
0.0,16287.0
0.0,16142.0
0.0,16251.0
0.0,16384.0
0.0,16485.0
0.0,16240.0
0.0,16469.0
0.0,16574.0
0.0,16715.0
0.0,16518.0
0.0,16712.0
0.0,16132.0
0.0,16281.0
0.0,16708.0
0.0,16850.0
0.0,17011.0
0.0,17116.0
0.0,16955.0
0.0,17083.0
0.0,16477.0
0.0,17038.0
0.0,16782.0
0.0,16622.0
0.0,16861.0
0.0,17026.0
0.0,17207.0
0.0,17073.0
0.0,17181.0
0.0,17071.0
0.0,16966.0
0.0,16795.0
0.0,16948.0
0.0,17111.0
0.0,16994.0
0.0,16845.0
0.0,16715.0
0.0,16837.0
0.0,16732.0
0.0,16890.0
0.0,16626.0
0.0,16872.0
0.0,16747.0
0.0,16872.0
0.0,16753.0
0.0,16870.0
0.0,16641.0
0.0,16527.0
0.0,16802.0
0.0,16375.0
0.0,16598.0
0.0,16863.0
0.0,16747.0
0.0,16887.0
0.0,16754.0
0.0,16591.0
0.0,16711.0
0.0,16872.0
0.0,16684.0
0.0,16827.0
0.0,16980.0
0.0,17109.0
0.0,16981.0
0.0,16820.0
0.0,16953.0
0.0,16759.0
0.0,16975.0
0.0,17076.0
0.0,16951.0
0.0,17064.0
0.0,17213.0
0.0,17104.0
0.0,16923.0
0.0,17118.0
0.0,16902.0
0.0,17074.0
0.0,17210.0
0.0,16935.0
0.0,17133.0
0.0,17255.0
0.0,17360.0
0.0,17243.0
0.0,17080.0
0.0,16558.0
0.0,17086.0
0.0,17277.0
0.0,17409.0
0.0,17203.0
0.0,17376.0
0.0,17503.0
0.0,17613.0
0.0,17390.0
0.0,17607.0
0.0,17474.0
0.0,17584.0
0.0,17701.0
0.0,17513.0
0.0,17695.0
0.0,17576.0
0.0,17443.0
0.0,17595.0
0.0,17395.0
0.0,17523.0
0.0,17712.0
0.0,17592.0
0.0,17353.0
0.0,17549.0
0.0,17427.0
0.0,17585.0
0.0,17427.0
0.0,17560.0
0.0,17669.0
0.0,17536.0
0.0,17427.0
0.0,17566.0
0.0,17354.0
0.0,17617.0
0.0,17466.0
0.0,17350.0
0.0,17195.0
0.0,17305.0
0.0,17163.0
0.0,17347.0
0.0,17212.0
0.0,17095.0
0.0,17309.0
0.0,17092.0
0.0,16897.0
0.0,17216.0
0.0,17020.0
0.0,16745.0
0.0,16862.0
0.0,17189.0
0.0,16992.0
0.0,17122.0
0.0,17282.0
0.0,16337.0
0.0,16672.0
0.0,17023.0
0.0,17326.0
0.0,17505.0
0.0,17228.0
0.0,17483.0
0.0,17700.0
0.0,17564.0
0.0,17678.0
0.0,17375.0
0.0,17541.0
0.0,17412.0
0.0,17573.0
0.0,17785.0
0.0,17594.0
0.0,17421.0
0.0,17587.0
0.0,17728.0
0.0,17910.0
0.0,17744.0
0.0,17865.0
0.0,18002.0
0.0,17854.0
0.0,17987.0
0.0,17886.0
0.0,17991.0
0.0,17882.0
0.0,17997.0
0.0,17860.0
0.0,18008.0
0.0,17753.0
0.0,17168.0
0.0,17871.0
0.0,17978.0
0.0,17858.0
0.0,17974.0
0.0,18107.0
0.0,17998.0
0.0,18112.0
0.0,17900.0
0.0,18081.0
0.0,17816.0
0.0,17300.0
0.0,17420.0
0.0,17557.0
0.0,18050.0
0.0,17852.0
0.0,18003.0
0.0,18280.0
0.0,18150.0
0.0,18269.0
0.0,17998.0
0.0,17885.0
0.0,18076.0
0.0,18258.0
0.0,18379.0
0.0,18511.0
0.0,18339.0
0.0,18229.0
0.0,18381.0
0.0,18264.0
0.0,17771.0
0.0,18013.0
0.0,18137.0
0.0,18421.0
0.0,18204.0
0.0,18420.0
0.0,18575.0
0.0,18461.0
0.0,18313.0
0.0,18516.0
0.0,18401.0
0.0,18270.0
0.0,18380.0
0.0,18144.0
0.0,18304.0
0.0,18186.0
0.0,18076.0
0.0,18314.0
0.0,18182.0
0.0,18060.0
0.0,18170.0
0.0,18316.0
0.0,18161.0
0.0,18001.0
0.0,18198.0
0.0,18066.0
0.0,18195.0
0.0,18044.0
0.0,18174.0
0.0,17971.0
0.0,18135.0
0.0,18030.0
0.0,18200.0
0.0,18315.0
0.0,18038.0
0.0,17909.0
0.0,18072.0
0.0,18264.0
0.0,18392.0
0.0,18259.0
0.0,18098.0
0.0,17006.0
0.0,17574.0
0.0,17915.0
0.0,18382.0
0.0,18491.0
0.0,18600.0
0.0,17851.0
0.0,18261.0
0.0,18153.0
0.0,18289.0
0.0,18576.0
0.0,18796.0
0.0,18918.0
0.0,18772.0
0.0,18883.0
0.0,18506.0
0.0,18889.0
0.0,19005.0
0.0,18884.0
0.0,18758.0
0.0,18913.0
0.0,18747.0
0.0,18864.0
0.0,18723.0
0.0,18606.0
0.0,18383.0
0.0,18192.0
0.0,18581.0
0.0,18399.0
0.0,18518.0
0.0,18666.0
0.0,18792.0
0.0,18914.0
0.0,19015.0
0.0,18863.0
0.0,19003.0
0.0,18862.0
0.0,18395.0
0.0,18775.0
0.0,18653.0
0.0,18543.0
0.0,18818.0
0.0,18699.0
0.0,18461.0
0.0,18700.0
0.0,18817.0
0.0,18689.0
0.0,18354.0
0.0,18639.0
0.0,18805.0
0.0,18478.0
0.0,18759.0
0.0,18644.0
0.0,18815.0
0.0,18649.0
0.0,18519.0
0.0,18359.0
0.0,18520.0
0.0,18644.0
0.0,18501.0
0.0,18627.0
0.0,18770.0
0.0,18653.0
0.0,18500.0
0.0,18618.0
0.0,18813.0
0.0,18696.0
0.0,18553.0
0.0,18681.0
0.0,18340.0
0.0,18634.0
0.0,18769.0
0.0,18883.0
0.0,19018.0
0.0,18608.0
0.0,18800.0
0.0,19114.0
0.0,18553.0
0.0,18993.0
0.0,19205.0
0.0,19047.0
0.0,18852.0
0.0,18977.0
0.0,19096.0
0.0,19289.0
0.0,19396.0
0.0,19259.0
0.0,19137.0
0.0,18785.0
0.0,19093.0
0.0,19308.0
0.0,19105.0
0.0,19308.0
0.0,19147.0
0.0,19307.0
0.0,19146.0
0.0,19268.0
0.0,19076.0
0.0,19184.0
0.0,19002.0
0.0,18882.0
0.0,19027.0
0.0,18746.0
0.0,19130.0
0.0,18991.0
0.0,19124.0
0.0,19241.0
0.0,19117.0
0.0,19016.0
0.0,19167.0
0.0,19289.0
0.0,19178.0
0.0,19052.0
0.0,19187.0
0.0,19065.0
0.0,19175.0
0.0,19297.0
0.0,19085.0
0.0,18950.0
0.0,19100.0
0.0,18972.0
0.0,19081.0
0.0,19319.0
0.0,19203.0
0.0,19078.0
0.0,18951.0
0.0,18769.0
0.0,18964.0
0.0,19085.0
0.0,18906.0
0.0,19118.0
0.0,18678.0
0.0,19107.0
0.0,18865.0
0.0,19059.0
0.0,19219.0
0.0,19007.0
0.0,19180.0
0.0,19032.0
0.0,19176.0
0.0,19066.0
0.0,19218.0
0.0,19048.0
0.0,18908.0
0.0,19036.0
0.0,18903.0
0.0,19019.0
0.0,18830.0
0.0,18971.0
0.0,18799.0
0.0,19089.0
0.0,18896.0
0.0,18747.0
0.0,18938.0
0.0,19101.0
0.0,18806.0
0.0,18612.0
0.0,18876.0
0.0,18760.0
0.0,18950.0
0.0,18806.0
0.0,18955.0
0.0,19088.0
0.0,19208.0
0.0,19088.0
0.0,18978.0
0.0,19119.0
0.0,18924.0
0.0,19113.0
0.0,18973.0
0.0,19083.0
0.0,19194.0
0.0,19080.0
0.0,19188.0
0.0,19033.0
0.0,19142.0
0.0,19014.0
0.0,19175.0
0.0,19280.0
0.0,19390.0
0.0,19187.0
0.0,19400.0
0.0,19268.0
0.0,19161.0
0.0,18972.0
0.0,19169.0
0.0,19309.0
0.0,19193.0
0.0,18906.0
0.0,19106.0
0.0,18925.0
0.0,19053.0
0.0,19266.0
0.0,19396.0
0.0,19274.0
0.0,19074.0
0.0,19271.0
0.0,19056.0
0.0,19312.0
0.0,19179.0
0.0,19058.0
0.0,19176.0
0.0,19310.0
0.0,19002.0
0.0,19131.0
0.0,19329.0
0.0,19509.0
0.0,19360.0
0.0,19475.0
0.0,19295.0
0.0,19455.0
0.0,19321.0
0.0,19501.0
0.0,19383.0
0.0,19273.0
0.0,19165.0
0.0,19036.0
0.0,19141.0
0.0,18877.0
0.0,18992.0
0.0,19287.0
0.0,19121.0
0.0,19243.0
0.0,19407.0
0.0,19234.0
0.0,19392.0
0.0,19201.0
0.0,19318.0
0.0,19518.0
0.0,19304.0
0.0,19197.0
0.0,19370.0
0.0,19498.0
0.0,19614.0
0.0,19506.0
0.0,19396.0
0.0,19287.0
0.0,19161.0
0.0,18981.0
0.0,19119.0
0.0,19278.0
0.0,19404.0
0.0,19129.0
0.0,19418.0
0.0,19205.0
0.0,19324.0
0.0,19425.0
0.0,19560.0
0.0,19459.0
0.0,19333.0
0.0,19441.0
0.0,19178.0
0.0,19018.0
0.0,19327.0
0.0,19018.0
0.0,18915.0
0.0,19183.0
0.0,19369.0
0.0,19239.0
0.0,19042.0
0.0,19213.0
0.0,19357.0
0.0,19252.0
0.0,19055.0
0.0,19204.0
0.0,19040.0
0.0,19173.0
0.01550745964050293,19293.0
0.01550745964050293,19095.0
0.01550745964050293,19296.0
0.01550745964050293,19176.0
0.01550745964050293,19328.0
0.01550745964050293,19165.0
0.01550745964050293,19027.0
0.01550745964050293,18830.0
0.01550745964050293,19207.0
0.01550745964050293,19317.0
0.01550745964050293,19176.0
0.01550745964050293,19035.0
0.01550745964050293,19219.0
0.01550745964050293,19095.0
0.01550745964050293,19205.0
0.01550745964050293,19104.0
0.01550745964050293,18904.0
0.01550745964050293,18665.0
0.01550745964050293,18858.0
0.01550745964050293,18730.0
0.01550745964050293,18896.0
0.01550745964050293,19084.0
0.01550745964050293,18975.0
0.01550745964050293,19115.0
0.01550745964050293,18999.0
0.01550745964050293,18889.0
0.01550745964050293,18770.0
0.01550745964050293,18626.0
0.01550745964050293,18058.0
0.01550745964050293,18317.0
0.01550745964050293,18617.0
0.01550745964050293,18747.0
0.01550745964050293,18638.0
0.01550745964050293,18752.0
0.01550745964050293,18923.0
0.01550745964050293,18809.0
0.01550745964050293,18957.0
0.01550745964050293,19067.0
0.01550745964050293,18915.0
0.01550745964050293,19022.0
0.01550745964050293,19147.0
0.01550745964050293,19308.0
0.016695261001586914,19415.0
0.016695261001586914,19270.0
0.016695261001586914,19162.0
0.016695261001586914,19314.0
0.016695261001586914,19200.0
0.016695261001586914,19056.0
0.016695261001586914,18916.0
0.016695261001586914,19042.0
0.016695261001586914,18514.0
0.016695261001586914,18975.0
0.016695261001586914,19214.0
0.016695261001586914,18976.0
0.016695261001586914,19108.0
0.016695261001586914,18888.0
0.016695261001586914,18695.0
0.016695261001586914,19113.0
0.016695261001586914,18925.0
0.016695261001586914,19071.0
0.016695261001586914,18887.0
0.016695261001586914,18777.0
0.016695261001586914,19015.0
0.016695261001586914,18851.0
0.016695261001586914,18961.0
0.016695261001586914,18851.0
0.016695261001586914,18982.0
0.016695261001586914,19115.0
0.016695261001586914,19218.0
0.016695261001586914,18841.0
0.016695261001586914,19179.0
0.016695261001586914,19303.0
0.016695261001586914,19065.0
0.016695261001586914,19285.0
0.016695261001586914,18896.0
0.016695261001586914,19088.0
0.016695261001586914,19417.0
0.016695261001586914,19289.0
0.016695261001586914,19168.0
0.016695261001586914,19309.0
0.016695261001586914,19179.0
0.016695261001586914,19064.0
0.016695261001586914,18796.0
0.016695261001586914,18576.0
0.016695261001586914,18944.0
0.016695261001586914,19105.0
0.016695261001586914,18954.0
0.016695261001586914,18800.0
0.016695261001586914,18997.0
0.016695261001586914,18887.0
0.016695261001586914,18690.0
0.016695261001586914,18916.0
0.016695261001586914,18487.0
0.016695261001586914,18595.0
0.016695261001586914,18735.0
0.016695261001586914,19088.0
0.016695261001586914,19212.0
0.016695261001586914,19087.0
0.016695261001586914,18965.0
0.016695261001586914,18805.0
0.016695261001586914,18949.0
0.016695261001586914,18814.0
0.016695261001586914,18641.0
0.016695261001586914,18913.0
0.016695261001586914,18761.0
0.016695261001586914,18882.0
0.016695261001586914,18992.0
0.016695261001586914,19100.0
0.016695261001586914,18941.0
0.016695261001586914,19086.0
0.016695261001586914,18934.0
0.016695261001586914,19092.0
0.016695261001586914,18921.0
0.016695261001586914,19111.0
0.016695261001586914,18822.0
0.016695261001586914,19022.0
0.016695261001586914,18869.0
0.016695261001586914,19032.0
0.016695261001586914,19150.0
0.016695261001586914,18949.0
0.016695261001586914,19082.0
0.016695261001586914,18714.0
0.016695261001586914,19091.0
0.016695261001586914,19217.0
0.016695261001586914,19407.0
0.016695261001586914,19512.0
0.016695261001586914,19322.0
0.016695261001586914,19213.0
0.016695261001586914,19328.0
0.016695261001586914,19438.0
0.016695261001586914,19579.0
0.016695261001586914,19692.0
0.016695261001586914,19529.0
0.016695261001586914,19680.0
0.016695261001586914,19522.0
0.016695261001586914,19682.0
0.016695261001586914,19783.0
0.016695261001586914,19634.0
0.016695261001586914,19805.0
0.016695261001586914,19686.0
0.016695261001586914,19538.0
0.016695261001586914,19435.0
0.016695261001586914,19302.0
0.016695261001586914,19182.0
0.016695261001586914,19315.0
0.016695261001586914,19518.0
0.016695261001586914,19408.0
0.016695261001586914,19303.0
0.016695261001586914,19103.0
0.016695261001586914,19300.0
0.016695261001586914,19137.0
0.016695261001586914,19287.0
0.016695261001586914,19395.0
0.016695261001586914,19234.0
0.016695261001586914,19414.0
0.016695261001586914,19168.0
0.016695261001586914,19023.0
0.016695261001586914,19223.0
0.016695261001586914,19112.0
0.016695261001586914,19314.0
0.016695261001586914,19101.0
0.016695261001586914,19274.0
0.016695261001586914,19150.0
0.016695261001586914,19279.0
0.016695261001586914,19137.0
0.016695261001586914,18976.0
0.016695261001586914,19135.0
0.016695261001586914,18964.0
0.016695261001586914,19166.0
0.016695261001586914,19014.0
0.016695261001586914,19163.0
0.016695261001586914,19046.0
0.016695261001586914,19147.0
0.016695261001586914,19250.0
0.016695261001586914,19378.0
0.016695261001586914,19516.0
0.016695261001586914,19408.0
0.016695261001586914,19516.0
0.016695261001586914,19397.0
0.016695261001586914,19237.0
0.016695261001586914,19381.0
0.016695261001586914,19503.0
0.016695261001586914,19120.0
0.016695261001586914,19283.0
0.016695261001586914,19447.0
0.016695261001586914,19575.0
0.016695261001586914,19782.0
0.016695261001586914,19896.0
0.016695261001586914,19765.0
0.016695261001586914,19881.0
0.016695261001586914,20005.0
0.016695261001586914,19676.0
0.016695261001586914,19848.0
0.016695261001586914,20065.0
0.016695261001586914,20217.0
0.016695261001586914,19917.0
0.016695261001586914,20070.0
0.016695261001586914,20215.0
0.016695261001586914,20082.0
0.016695261001586914,20313.0
0.016695261001586914,20195.0
0.016695261001586914,20306.0
0.016695261001586914,20116.0
0.016695261001586914,19914.0
0.016695261001586914,20218.0
0.016695261001586914,20094.0
0.016695261001586914,19987.0
0.016695261001586914,19841.0
0.016695261001586914,20007.0
0.016695261001586914,20117.0
0.016695261001586914,19985.0
0.016695261001586914,20092.0
0.016695261001586914,20209.0
0.016695261001586914,20036.0
0.016695261001586914,20183.0
0.016695261001586914,19864.0
0.016695261001586914,19736.0
0.016695261001586914,20095.0
0.016695261001586914,19969.0
0.016695261001586914,19856.0
0.016695261001586914,19745.0
0.016695261001586914,19854.0
0.016695261001586914,19728.0
0.016695261001586914,19604.0
0.016695261001586914,19476.0
0.016695261001586914,19335.0
0.016695261001586914,19452.0
0.016695261001586914,19604.0
0.016695261001586914,19813.0
0.016695261001586914,19706.0
0.016695261001586914,19556.0
0.016695261001586914,19435.0
0.016695261001586914,19145.0
0.016695261001586914,19475.0
0.016695261001586914,19203.0
0.016695261001586914,19500.0
0.016695261001586914,19355.0
0.016695261001586914,19211.0
0.016695261001586914,19071.0
0.016695261001586914,19283.0
0.016695261001586914,19392.0
0.016695261001586914,19254.0
0.016695261001586914,19396.0
0.016695261001586914,19286.0
0.016695261001586914,19181.0
0.016695261001586914,19039.0
0.016695261001586914,19176.0
0.016695261001586914,19279.0
0.016695261001586914,19077.0
0.016695261001586914,19258.0
0.016695261001586914,19419.0
0.016695261001586914,19227.0
0.016695261001586914,18930.0
0.016695261001586914,19073.0
0.016695261001586914,19380.0
0.016695261001586914,19489.0
0.016695261001586914,19308.0
0.016695261001586914,19175.0
0.016695261001586914,19042.0
0.016695261001586914,19283.0
0.016695261001586914,19413.0
0.016695261001586914,19273.0
0.016695261001586914,19386.0
0.016695261001586914,19183.0
0.016695261001586914,18898.0
0.016695261001586914,19119.0
0.016695261001586914,19289.0
0.016695261001586914,19413.0
0.016695261001586914,19611.0
0.016695261001586914,19425.0
0.016695261001586914,19577.0
0.016695261001586914,19474.0
0.016695261001586914,19597.0
0.016695261001586914,19718.0
0.016695261001586914,19575.0
0.016695261001586914,19453.0
0.016695261001586914,19617.0
0.016695261001586914,19496.0
0.016695261001586914,19615.0
0.016695261001586914,19450.0
0.016695261001586914,19605.0
0.016695261001586914,19439.0
0.016695261001586914,19603.0
0.016695261001586914,19387.0
0.016695261001586914,19561.0
0.016695261001586914,19694.0
0.016695261001586914,19586.0
0.016695261001586914,19456.0
0.016695261001586914,19304.0
0.016695261001586914,19431.0
0.016695261001586914,19583.0
0.016695261001586914,19708.0
0.016695261001586914,19544.0
0.016695261001586914,19386.0
0.016695261001586914,19535.0
0.016695261001586914,19687.0
0.016695261001586914,19807.0
0.016695261001586914,19568.0
0.016695261001586914,19698.0
0.016695261001586914,19911.0
0.016695261001586914,19808.0
0.016695261001586914,19601.0
0.016695261001586914,19778.0
0.016695261001586914,19645.0
0.016695261001586914,19389.0
0.016695261001586914,19522.0
0.016695261001586914,19653.0
0.016695261001586914,19792.0
0.016695261001586914,19956.0
0.016695261001586914,19776.0
0.016695261001586914,19991.0
0.016695261001586914,19696.0
0.016695261001586914,19973.0
0.016695261001586914,20119.0
0.016695261001586914,19935.0
0.016695261001586914,20077.0
0.016695261001586914,20180.0
0.016695261001586914,20044.0
0.016695261001586914,19943.0
0.016695261001586914,20117.0
0.016695261001586914,19656.0
0.016695261001586914,20069.0
0.016695261001586914,19951.0
0.016695261001586914,20075.0
0.016695261001586914,19923.0
0.016695261001586914,20067.0
0.016695261001586914,20176.0
0.016695261001586914,20290.0
0.016695261001586914,19937.0
0.016695261001586914,20168.0
0.016695261001586914,20390.0
0.016695261001586914,20190.0
0.016695261001586914,20410.0
0.016695261001586914,20296.0
0.016695261001586914,20171.0
0.016695261001586914,20314.0
0.016695261001586914,20209.0
0.016695261001586914,20102.0
0.016695261001586914,19818.0
0.016695261001586914,20108.0
0.016695261001586914,19964.0
0.016695261001586914,20098.0
0.016695261001586914,19946.0
0.016695261001586914,19827.0
0.016695261001586914,19946.0
0.016695261001586914,19795.0
0.016695261001586914,19682.0
0.016695261001586914,19832.0
0.016695261001586914,19414.0
0.016695261001586914,19871.0
0.016695261001586914,19756.0
0.016695261001586914,19886.0
0.016695261001586914,20004.0
0.016695261001586914,20115.0
0.016695261001586914,19956.0
0.016695261001586914,19842.0
0.016695261001586914,19709.0
0.016695261001586914,19914.0
0.016695261001586914,20019.0
0.016695261001586914,19829.0
0.016695261001586914,19969.0
0.016695261001586914,20085.0
0.016695261001586914,19975.0
0.016695261001586914,20085.0
0.016695261001586914,20218.0
0.016695261001586914,20101.0
0.016695261001586914,20211.0
0.016695261001586914,20050.0
0.016695261001586914,19886.0
0.016695261001586914,20102.0
0.016695261001586914,20209.0
0.016695261001586914,20081.0
0.016695261001586914,19668.0
0.016695261001586914,20094.0
0.016695261001586914,19939.0
0.016695261001586914,20059.0
0.016695261001586914,19943.0
0.016695261001586914,20094.0
0.016695261001586914,19717.0
0.016695261001586914,19976.0
0.016695261001586914,20178.0
0.016695261001586914,20285.0
0.016695261001586914,19859.0
0.016695261001586914,20167.0
0.016695261001586914,20333.0
0.016695261001586914,20118.0
0.016695261001586914,20278.0
0.016695261001586914,20460.0
0.016695261001586914,20596.0
0.016695261001586914,20717.0
0.016695261001586914,20608.0
0.016695261001586914,20718.0
0.016695261001586914,20521.0
0.016695261001586914,20412.0
0.016695261001586914,20589.0
0.016695261001586914,20205.0
0.016695261001586914,20480.0
0.016695261001586914,20329.0
0.016695261001586914,20455.0
0.016695261001586914,20634.0
0.016695261001586914,20815.0
0.016695261001586914,20641.0
0.016695261001586914,20760.0
0.016695261001586914,20918.0
0.016695261001586914,21019.0
0.016695261001586914,20855.0
0.016695261001586914,20969.0
0.016695261001586914,20819.0
0.016695261001586914,20699.0
0.016695261001586914,20888.0
0.016695261001586914,20699.0
0.016695261001586914,20873.0
0.016695261001586914,21013.0
0.016695261001586914,20850.0
0.016695261001586914,20719.0
0.016695261001586914,20864.0
0.016695261001586914,21018.0
0.016695261001586914,20854.0
0.016695261001586914,20959.0
0.016695261001586914,20830.0
0.016695261001586914,20695.0
0.016695261001586914,20831.0
0.016695261001586914,20986.0
0.016695261001586914,21103.0
0.016695261001586914,21219.0
0.016695261001586914,21067.0
0.016695261001586914,20920.0
0.016695261001586914,21108.0
0.016695261001586914,20951.0
0.016695261001586914,20833.0
0.016695261001586914,20694.0
0.016695261001586914,20838.0
0.016695261001586914,20996.0
0.016695261001586914,20866.0
0.016695261001586914,20984.0
0.016695261001586914,20802.0
0.016695261001586914,20678.0
0.016695261001586914,20901.0
0.016695261001586914,21018.0
0.016695261001586914,20909.0
0.016695261001586914,20801.0
0.016695261001586914,20649.0
0.016695261001586914,20429.0
0.016695261001586914,20609.0
0.016695261001586914,20783.0
0.016695261001586914,20886.0
0.016695261001586914,20712.0
0.016695261001586914,20909.0
0.016695261001586914,20579.0
0.016695261001586914,20899.0
0.016695261001586914,20605.0
0.016695261001586914,20880.0
0.016695261001586914,20757.0
0.016695261001586914,20540.0
0.016695261001586914,20796.0
0.016695261001586914,20678.0
0.016695261001586914,20794.0
0.016695261001586914,20677.0
0.016695261001586914,20812.0
0.016695261001586914,20651.0
0.016695261001586914,20782.0
0.016695261001586914,20675.0
0.016695261001586914,20565.0
0.016695261001586914,20334.0
0.016695261001586914,20210.0
0.016695261001586914,20407.0
0.016695261001586914,20517.0
0.016695261001586914,20398.0
0.016695261001586914,20569.0
0.016695261001586914,20704.0
0.016695261001586914,20599.0
0.016695261001586914,20479.0
0.016695261001586914,20612.0
0.016695261001586914,20496.0
0.016695261001586914,20275.0
0.016695261001586914,20472.0
0.016695261001586914,20301.0
0.016695261001586914,20518.0
0.016695261001586914,20372.0
0.016695261001586914,20262.0
0.016695261001586914,20147.0
0.016695261001586914,20262.0
0.016695261001586914,20369.0
0.016695261001586914,20490.0
0.016695261001586914,20595.0
0.016695261001586914,20710.0
0.016695261001586914,20536.0
0.016695261001586914,20715.0
0.016695261001586914,20565.0
0.016695261001586914,20399.0
0.016695261001586914,20562.0
0.016695261001586914,20694.0
0.016695261001586914,20531.0
0.016695261001586914,20639.0
0.016695261001586914,20280.0
0.016695261001586914,20656.0
0.016695261001586914,20764.0
0.016695261001586914,20661.0
0.016695261001586914,20459.0
0.016695261001586914,20702.0
0.016695261001586914,20572.0
0.016695261001586914,20704.0
0.016695261001586914,20813.0
0.016695261001586914,20597.0
0.016695261001586914,20762.0
0.016695261001586914,20629.0
0.016695261001586914,20751.0
0.016695261001586914,20602.0
0.016695261001586914,20380.0
0.016695261001586914,20245.0
0.016695261001586914,20048.0
0.016695261001586914,20219.0
0.016695261001586914,20458.0
0.016695261001586914,20649.0
0.016695261001586914,20329.0
0.016695261001586914,20212.0
0.016695261001586914,20102.0
0.016695261001586914,20391.0
0.016695261001586914,20607.0
0.016695261001586914,20504.0
0.016695261001586914,20349.0
0.016695261001586914,20498.0
0.016695261001586914,20333.0
0.016695261001586914,20196.0
0.016695261001586914,20319.0
0.016695261001586914,20149.0
0.016695261001586914,20273.0
0.016695261001586914,20437.0
0.016695261001586914,20297.0
0.016695261001586914,20481.0
0.016695261001586914,20619.0
0.016695261001586914,20378.0
0.016695261001586914,20252.0
0.016695261001586914,20416.0
0.016695261001586914,20607.0
0.016695261001586914,20493.0
0.016695261001586914,20602.0
0.016695261001586914,20719.0
0.016695261001586914,20585.0
0.016695261001586914,20713.0
0.016695261001586914,20536.0
0.016695261001586914,20668.0
0.016695261001586914,20477.0
0.016695261001586914,20693.0
0.016695261001586914,20560.0
0.016695261001586914,20684.0
0.016695261001586914,20789.0
0.016695261001586914,20905.0
0.016695261001586914,20804.0
0.016695261001586914,20699.0
0.016695261001586914,20809.0
0.016695261001586914,20629.0
0.016695261001586914,20739.0
0.016695261001586914,20542.0
0.016695261001586914,20736.0
0.016695261001586914,20587.0
0.016695261001586914,20776.0
0.016695261001586914,20648.0
0.016695261001586914,20451.0
0.016695261001586914,20600.0
0.016695261001586914,20728.0
0.016695261001586914,20831.0
0.016695261001586914,20480.0
0.016695261001586914,20756.0
0.016695261001586914,20540.0
0.016695261001586914,20824.0
0.016695261001586914,20953.0
0.016695261001586914,21099.0
0.016695261001586914,20822.0
0.016695261001586914,20613.0
0.016695261001586914,20900.0
0.016695261001586914,21113.0
0.016695261001586914,20947.0
0.016695261001586914,20814.0
0.016695261001586914,20575.0
0.016695261001586914,20391.0
0.016695261001586914,20555.0
0.016695261001586914,20876.0
0.016695261001586914,20697.0
0.016695261001586914,20863.0
0.016695261001586914,20997.0
0.016695261001586914,21116.0
0.016695261001586914,20980.0
0.016695261001586914,20848.0
0.016695261001586914,21000.0
0.016695261001586914,20828.0
0.016695261001586914,21010.0
0.016695261001586914,20720.0
0.016695261001586914,20897.0
0.016695261001586914,21071.0
0.016695261001586914,21211.0
0.016695261001586914,21065.0
0.016695261001586914,20960.0
0.016695261001586914,21074.0
0.016695261001586914,20966.0
0.016695261001586914,21094.0
0.016695261001586914,21214.0
0.016695261001586914,21106.0
0.016695261001586914,20932.0
0.016695261001586914,20755.0
0.016695261001586914,20627.0
0.016695261001586914,20774.0
0.016695261001586914,20989.0
0.016695261001586914,20829.0
0.016695261001586914,20947.0
0.016695261001586914,20756.0
0.016695261001586914,20622.0
0.016695261001586914,20314.0
0.016695261001586914,20687.0
0.016695261001586914,20882.0
0.016695261001586914,20995.0
0.016695261001586914,21100.0
0.016695261001586914,21218.0
0.016695261001586914,21047.0
0.016695261001586914,21150.0
0.016695261001586914,21276.0
0.016695261001586914,21063.0
0.016695261001586914,21276.0
0.016695261001586914,21127.0
0.016695261001586914,21277.0
0.016695261001586914,21072.0
0.016695261001586914,20955.0
0.016695261001586914,21126.0
0.016695261001586914,21299.0
0.016695261001586914,21164.0
0.016695261001586914,21297.0
0.016695261001586914,21131.0
0.016695261001586914,21026.0
0.016695261001586914,20910.0
0.016695261001586914,21117.0
0.016695261001586914,20993.0
0.016695261001586914,20874.0
0.016695261001586914,20658.0
0.016695261001586914,20898.0
0.016695261001586914,20781.0
0.016695261001586914,20911.0
0.016695261001586914,20800.0
0.016695261001586914,20697.0
0.016695261001586914,20813.0
0.016695261001586914,20704.0
0.016695261001586914,20578.0
0.016695261001586914,20414.0
0.016695261001586914,20588.0
0.016695261001586914,20707.0
0.016695261001586914,20812.0
0.016695261001586914,20665.0
0.016695261001586914,20818.0
0.016695261001586914,20709.0
0.016695261001586914,20608.0
0.016695261001586914,20719.0
0.016695261001586914,20566.0
0.016695261001586914,20717.0
0.016695261001586914,20607.0
0.016695261001586914,20716.0
0.016695261001586914,20493.0
0.016695261001586914,20705.0
0.016695261001586914,20384.0
0.016695261001586914,20692.0
0.016695261001586914,20587.0
0.016695261001586914,20249.0
0.016695261001586914,20404.0
0.016695261001586914,20024.0
0.016695261001586914,20361.0
0.016695261001586914,20561.0
0.016695261001586914,20419.0
0.016695261001586914,20637.0
0.016695261001586914,20466.0
0.016695261001586914,20704.0
0.016695261001586914,20533.0
0.016695261001586914,20705.0
0.016695261001586914,20574.0
0.016695261001586914,20455.0
0.016695261001586914,20352.0
0.016695261001586914,20489.0
0.016695261001586914,20376.0
0.031204938888549805,20203.0
0.031204938888549805,20409.0
0.031204938888549805,20271.0
0.031204938888549805,20404.0
0.031204938888549805,20191.0
0.031204938888549805,20382.0
0.031204938888549805,20510.0
0.031204938888549805,20392.0
0.031204938888549805,20283.0
0.031204938888549805,20102.0
0.031204938888549805,20210.0
0.031204938888549805,20103.0
0.031204938888549805,20317.0
0.031204938888549805,20153.0
0.03188776969909668,20042.0
0.03188776969909668,20206.0
0.03188776969909668,20307.0
0.03188776969909668,20189.0
0.03188776969909668,20017.0
0.03188776969909668,20189.0
0.03188776969909668,19946.0
0.03188776969909668,20158.0
0.03188776969909668,20048.0
0.03188776969909668,19894.0
0.03188776969909668,20029.0
0.03188776969909668,20146.0
0.03188776969909668,20013.0
0.03188776969909668,20202.0
0.03188776969909668,19927.0
0.03188776969909668,19763.0
0.03188776969909668,20111.0
0.03188776969909668,19978.0
0.03188776969909668,20113.0
0.03188776969909668,19993.0
0.03188776969909668,20096.0
0.03188776969909668,20205.0
0.03188776969909668,20078.0
0.03188776969909668,19934.0
0.03188776969909668,20073.0
0.03188776969909668,20200.0
0.03188776969909668,20309.0
0.03188776969909668,20182.0
0.03188776969909668,20315.0
0.03188776969909668,19978.0
0.03188776969909668,20150.0
0.03188776969909668,20314.0
0.03188776969909668,20505.0
0.03188776969909668,20311.0
0.03188776969909668,20429.0
0.03188776969909668,20561.0
0.03188776969909668,20691.0
0.03188776969909668,20460.0
0.03188776969909668,20662.0
0.03188776969909668,20781.0
0.03188776969909668,20891.0
0.03188776969909668,20783.0
0.03188776969909668,20625.0
0.03188776969909668,20753.0
0.03188776969909668,20905.0
0.03188776969909668,20783.0
0.03188776969909668,20631.0
0.03188776969909668,20767.0
0.03188776969909668,20887.0
0.03188776969909668,20751.0
0.03188776969909668,20871.0
0.03188776969909668,21016.0
0.03188776969909668,20871.0
0.03188776969909668,20972.0
0.03188776969909668,21103.0
0.03188776969909668,20968.0
0.03188776969909668,21110.0
0.03188776969909668,20996.0
0.03188776969909668,21114.0
0.03188776969909668,20961.0
0.03188776969909668,21117.0
0.03188776969909668,20966.0
0.03188776969909668,20836.0
0.03188776969909668,20987.0
0.03188776969909668,20867.0
0.03188776969909668,20970.0
0.03188776969909668,21096.0
0.03188776969909668,20975.0
0.03188776969909668,21089.0
0.03188776969909668,20973.0
0.03188776969909668,21093.0
0.03188776969909668,20990.0
0.03188776969909668,20816.0
0.03188776969909668,20950.0
0.03188776969909668,21116.0
0.03188776969909668,20918.0
0.03188776969909668,21079.0
0.03188776969909668,21204.0
0.03188776969909668,21085.0
0.03188776969909668,20954.0
0.03188776969909668,21117.0
0.03188776969909668,20966.0
0.03188776969909668,21099.0
0.03188776969909668,21207.0
0.03188776969909668,21106.0
0.03188776969909668,20943.0
0.03188776969909668,20803.0
0.03188776969909668,21003.0
0.03188776969909668,20889.0
0.03188776969909668,21000.0
0.03188776969909668,20868.0
0.03188776969909668,20560.0
0.03188776969909668,20831.0
0.03188776969909668,20967.0
0.03188776969909668,21119.0
0.03188776969909668,20963.0
0.03188776969909668,20840.0
0.03188776969909668,20998.0
0.03188776969909668,20810.0
0.03188776969909668,20994.0
0.03188776969909668,20869.0
0.03188776969909668,20988.0
0.03188776969909668,20846.0
0.03188776969909668,20736.0
0.03188776969909668,20524.0
0.03188776969909668,20342.0
0.03188776969909668,20713.0
0.03188776969909668,20584.0
0.03188776969909668,20689.0
0.03188776969909668,20570.0
0.03188776969909668,20693.0
0.03188776969909668,20576.0
0.03188776969909668,20708.0
0.03188776969909668,20600.0
0.03188776969909668,20468.0
0.03188776969909668,20588.0
0.03188776969909668,20705.0
0.03188776969909668,20600.0
0.03188776969909668,20416.0
0.03188776969909668,20561.0
0.03188776969909668,20400.0
0.03188776969909668,20529.0
0.03188776969909668,20719.0
0.03188776969909668,20519.0
0.03188776969909668,20402.0
0.03188776969909668,20286.0
0.03188776969909668,20504.0
0.03188776969909668,20340.0
0.03188776969909668,20450.0
0.03188776969909668,20558.0
0.03188776969909668,20707.0
0.03188776969909668,20604.0
0.03188776969909668,20464.0
0.03188776969909668,20599.0
0.03188776969909668,20490.0
0.03188776969909668,20375.0
0.03188776969909668,20492.0
0.03188776969909668,20601.0
0.03188776969909668,20427.0
0.03188776969909668,20542.0
0.03188776969909668,20340.0
0.03188776969909668,20583.0
0.03188776969909668,20716.0
0.03188776969909668,20587.0
0.03188776969909668,20690.0
0.03188776969909668,20564.0
0.03188776969909668,20673.0
0.03188776969909668,20545.0
0.03188776969909668,20661.0
0.03188776969909668,20774.0
0.03188776969909668,20902.0
0.03188776969909668,20786.0
0.03188776969909668,20902.0
0.03188776969909668,20782.0
0.03188776969909668,20673.0
0.03188776969909668,20558.0
0.03188776969909668,20406.0
0.03188776969909668,20537.0
0.03188776969909668,20708.0
0.03188776969909668,20599.0
0.03188776969909668,20714.0
0.03188776969909668,20606.0
0.03188776969909668,20474.0
0.03188776969909668,20582.0
0.03188776969909668,20403.0
0.03188776969909668,20288.0
0.03188776969909668,20454.0
0.03188776969909668,20584.0
0.03188776969909668,20717.0
0.03188776969909668,20608.0
0.03188776969909668,20476.0
0.03188776969909668,20353.0
0.03188776969909668,20497.0
0.03188776969909668,20602.0
0.03188776969909668,20711.0
0.03188776969909668,20575.0
0.03188776969909668,20440.0
0.03188776969909668,20263.0
0.03188776969909668,20415.0
0.03188776969909668,20617.0
0.03188776969909668,20472.0
0.03188776969909668,20617.0
0.03188776969909668,20428.0
0.03188776969909668,20321.0
0.03188776969909668,20188.0
0.03188776969909668,19976.0
0.03188776969909668,20160.0
0.03188776969909668,20381.0
0.03188776969909668,20253.0
0.03188776969909668,20380.0
0.03188776969909668,20508.0
0.03188776969909668,20617.0
0.03188776969909668,20508.0
0.03188776969909668,20365.0
0.03188776969909668,20254.0
0.03188776969909668,20418.0
0.03188776969909668,20299.0
0.03188776969909668,20179.0
0.03188776969909668,20286.0
0.03188776969909668,20405.0
0.03188776969909668,20239.0
0.03188776969909668,20109.0
0.03188776969909668,20275.0
0.03188776969909668,20168.0
0.03188776969909668,20053.0
0.03188776969909668,20219.0
0.03188776969909668,20102.0
0.03188776969909668,19994.0
0.03188776969909668,20101.0
0.03188776969909668,19983.0
0.03188776969909668,19834.0
0.03188776969909668,19594.0
0.03188776969909668,19867.0
0.03188776969909668,20018.0
0.03188776969909668,19860.0
0.03188776969909668,20014.0
0.03188776969909668,19911.0
0.03188776969909668,20012.0
0.03188776969909668,19868.0
0.03188776969909668,19987.0
0.03188776969909668,20101.0
0.03188776969909668,19935.0
0.03188776969909668,20087.0
0.03188776969909668,20207.0
0.03188776969909668,20012.0
0.03188776969909668,20217.0
0.03188776969909668,19961.0
0.03188776969909668,20161.0
0.03188776969909668,20264.0
0.03188776969909668,20413.0
0.03188776969909668,20516.0
0.03188776969909668,20406.0
0.03188776969909668,20286.0
0.03188776969909668,20135.0
0.03188776969909668,20034.0
0.03188776969909668,20172.0
0.03188776969909668,20280.0
0.03188776969909668,20410.0
0.03188776969909668,20301.0
0.03188776969909668,20415.0
0.03188776969909668,20261.0
0.03188776969909668,20387.0
0.03188776969909668,20507.0
0.03188776969909668,20388.0
0.03188776969909668,20216.0
0.03188776969909668,20358.0
0.03188776969909668,20516.0
0.03188776969909668,20383.0
0.03188776969909668,20502.0
0.03188776969909668,20619.0
0.03188776969909668,20514.0
0.03188776969909668,20350.0
0.03188776969909668,20510.0
0.03188776969909668,20251.0
0.03188776969909668,20356.0
0.03188776969909668,20204.0
0.03188776969909668,20512.0
0.03188776969909668,20392.0
0.03188776969909668,20273.0
0.03188776969909668,20391.0
0.03188776969909668,20265.0
0.03188776969909668,20382.0
0.03188776969909668,20501.0
0.03188776969909668,20385.0
0.03188776969909668,20227.0
0.03188776969909668,20413.0
0.03188776969909668,20280.0
0.03188776969909668,20109.0
0.03188776969909668,20262.0
0.03188776969909668,20403.0
0.03188776969909668,20275.0
0.03188776969909668,20408.0
0.03188776969909668,20266.0
0.03188776969909668,20418.0
0.03188776969909668,20315.0
0.03188776969909668,20196.0
0.03188776969909668,20319.0
0.03188776969909668,20153.0
0.03188776969909668,20285.0
0.03188776969909668,20395.0
0.03188776969909668,20174.0
0.03188776969909668,20324.0
0.03188776969909668,20495.0
0.03188776969909668,20367.0
0.03188776969909668,20476.0
0.03188776969909668,20597.0
0.03188776969909668,20481.0
0.03188776969909668,20588.0
0.03188776969909668,20447.0
0.03188776969909668,20295.0
0.03188776969909668,20474.0
0.03188776969909668,20583.0
0.03188776969909668,20444.0
0.03188776969909668,20278.0
0.03188776969909668,20514.0
0.03188776969909668,20384.0
0.03188776969909668,20257.0
0.03188776969909668,20124.0
0.03188776969909668,20243.0
0.03188776969909668,20370.0
0.03188776969909668,20485.0
0.03188776969909668,20596.0
0.03188776969909668,20396.0
0.03188776969909668,20286.0
0.03188776969909668,20452.0
0.03188776969909668,20618.0
0.03188776969909668,20487.0
0.03188776969909668,20609.0
0.03188776969909668,20719.0
0.03188776969909668,20616.0
0.03188776969909668,20509.0
0.03188776969909668,20399.0
0.03188776969909668,20515.0
0.03188776969909668,20366.0
0.03188776969909668,20206.0
0.03188776969909668,20383.0
0.03188776969909668,20266.0
0.03188776969909668,20383.0
0.03188776969909668,20266.0
0.03188776969909668,20414.0
0.03188776969909668,20519.0
0.04689383506774902,20355.0
0.04689383506774902,20507.0
0.04689383506774902,20388.0
0.04689383506774902,20491.0
0.04689383506774902,20177.0
0.04689383506774902,20496.0
0.04689383506774902,20605.0
0.04689383506774902,20706.0
0.04689383506774902,20576.0
0.04689383506774902,20718.0
0.04689383506774902,20597.0
0.04689383506774902,20700.0
0.04689383506774902,20817.0
0.04689383506774902,20706.0
0.04689383506774902,20592.0
0.04689383506774902,20474.0
0.04689383506774902,20613.0
0.04689383506774902,20424.0
0.04689383506774902,20601.0
0.04689383506774902,20708.0
0.04689383506774902,20818.0
0.04689383506774902,20683.0
0.04689383506774902,20574.0
0.04689383506774902,20451.0
0.04689383506774902,20342.0
0.04689383506774902,20465.0
0.04689383506774902,20585.0
0.04689383506774902,20711.0
0.04689383506774902,20577.0
0.04689383506774902,20425.0
0.04689383506774902,20571.0
0.04689383506774902,20701.0
0.04689383506774902,20562.0
0.04689383506774902,20695.0
0.04689383506774902,20537.0
0.04689383506774902,20665.0
0.04689383506774902,20818.0
0.04689383506774902,20713.0
0.04689383506774902,20604.0
0.04689383506774902,20489.0
0.04689383506774902,20600.0
0.04689383506774902,20714.0
0.04689383506774902,20607.0
0.04689383506774902,20490.0
0.04689383506774902,20599.0
0.04689383506774902,20708.0
0.04689383506774902,20571.0
0.04689383506774902,20690.0
0.04689383506774902,20797.0
0.04689383506774902,20912.0
0.04689383506774902,20741.0
0.04689383506774902,20899.0
0.04689383506774902,20781.0
0.04689383506774902,20886.0
0.04689383506774902,21004.0
0.05287480354309082,20858.0
0.05287480354309082,20974.0
0.05287480354309082,21117.0
0.05287480354309082,20967.0
0.05287480354309082,21082.0
0.05287480354309082,20892.0
0.05287480354309082,21063.0
0.05287480354309082,21199.0
0.05287480354309082,21316.0
0.05287480354309082,21171.0
0.05287480354309082,21287.0
0.05287480354309082,21397.0
0.05287480354309082,21505.0
0.05287480354309082,21385.0
0.05287480354309082,21518.0
0.05287480354309082,21417.0
0.05287480354309082,21300.0
0.05287480354309082,21197.0
0.05287480354309082,21306.0
0.05287480354309082,21409.0
0.05706787109375,21299.0
0.05706787109375,21196.0
0.05706787109375,21297.0
0.05706787109375,21417.0
0.05706787109375,21240.0
0.05706787109375,21384.0
0.05706787109375,21276.0
0.05706787109375,21411.0
0.05706787109375,21302.0
0.05706787109375,21201.0
0.05706787109375,21081.0
0.05706787109375,21210.0
0.05706787109375,21088.0
0.05706787109375,21206.0
0.06257343292236328,21314.0
0.06257343292236328,21415.0
0.06257343292236328,21296.0
0.06257343292236328,21164.0
0.06257343292236328,21316.0
0.06257343292236328,21211.0
0.06257343292236328,21314.0
0.06257343292236328,21193.0
0.06257343292236328,21312.0
0.06257343292236328,21196.0
0.06257343292236328,21316.0
0.06257343292236328,21207.0
0.06257343292236328,21316.0
0.06257343292236328,21202.0
0.06257343292236328,21316.0
