0.0,58547.0
0.0,58999.0
0.0,59577.0
0.0,59808.0
0.0,59913.0
0.0,59087.0
0.0,59313.0
0.0,59840.0
0.0,59991.0
0.0,60149.0
0.0,60269.0
0.0,60396.0
0.0,60506.0
0.0,60618.0
0.0,60270.0
0.0,60608.0
0.0,60709.0
0.0,60816.0
0.0,60503.0
0.0,60799.0
0.0,60915.0
0.0,61016.0
0.0,60771.0
0.0,60918.0
0.0,61068.0
0.0,61208.0
0.0,61319.0
0.0,60619.0
0.0,60893.0
0.0,61343.0
0.0,61464.0
0.0,61611.0
0.0,61500.0
0.0,61360.0
0.0,61496.0
0.0,61615.0
0.0,61506.0
0.0,61312.0
0.0,61439.0
0.0,60457.0
0.0,61367.0
0.0,61553.0
0.0,61654.0
0.0,61771.0
0.0,61907.0
0.0,61737.0
0.0,61846.0
0.0,61957.0
0.0,62100.0
0.0,62213.0
0.0,62315.0
0.0,61686.0
0.0,62011.0
0.0,62301.0
0.0,62444.0
0.0,62148.0
0.0,62272.0
0.0,62426.0
0.0,62660.0
0.0,62474.0
0.0,62626.0
0.0,62770.0
0.0,62893.0
0.0,62757.0
0.0,62880.0
0.0,62988.0
0.0,61945.0
0.0,62139.0
0.0,62630.0
0.0,62894.0
0.0,63042.0
0.0,63416.0
0.0,63518.0
0.0,63372.0
0.0,63516.0
0.0,63617.0
0.0,63718.0
0.0,63819.0
0.0,63286.0
0.0,63568.0
0.0,63845.0
0.0,64019.0
0.0,63781.0
0.0,63555.0
0.0,63870.0
0.0,63997.0
0.0,64119.0
0.0,64018.0
0.0,63619.0
0.0,63863.0
0.0,64092.0
0.0,64211.0
0.015810251235961914,64316.0
0.015810251235961914,64180.0
0.015810251235961914,64310.0
0.015810251235961914,64413.0
0.015810251235961914,64305.0
0.015810251235961914,64415.0
0.015810251235961914,63963.0
0.015810251235961914,64209.0
0.015810251235961914,64358.0
0.015810251235961914,64549.0
0.015810251235961914,64693.0
0.015810251235961914,64486.0
0.015810251235961914,64695.0
0.015810251235961914,64318.0
0.015810251235961914,64544.0
0.015810251235961914,64732.0
0.015810251235961914,64891.0
0.015810251235961914,64517.0
0.015810251235961914,64732.0
0.015810251235961914,64997.0
0.015810251235961914,64775.0
0.015810251235961914,65008.0
0.015810251235961914,65112.0
0.015810251235961914,64946.0
0.015810251235961914,65094.0
0.015810251235961914,64509.0
0.015810251235961914,64684.0
0.015810251235961914,65003.0
0.015810251235961914,65106.0
0.015810251235961914,65399.0
0.015810251235961914,65509.0
0.015810251235961914,65278.0
0.015810251235961914,65380.0
0.015810251235961914,65516.0
0.015810251235961914,65635.0
0.015810251235961914,65813.0
0.015810251235961914,65919.0
0.015810251235961914,65721.0
0.015810251235961914,65861.0
0.015810251235961914,66000.0
0.015810251235961914,66105.0
0.015810251235961914,66214.0
0.015810251235961914,66319.0
0.015810251235961914,65797.0
0.015810251235961914,65160.0
0.015810251235961914,66185.0
0.015810251235961914,66291.0
0.015810251235961914,66405.0
0.015810251235961914,66508.0
0.015810251235961914,66611.0
0.015810251235961914,65967.0
0.015810251235961914,66416.0
0.015810251235961914,66575.0
0.015810251235961914,66803.0
0.015810251235961914,66911.0
0.015810251235961914,67014.0
0.015810251235961914,66865.0
0.015810251235961914,67004.0
0.015810251235961914,66883.0
0.015810251235961914,66989.0
0.015810251235961914,66880.0
0.015810251235961914,66993.0
0.015810251235961914,67113.0
0.015810251235961914,67217.0
0.015810251235961914,67318.0
0.015810251235961914,67216.0
0.015810251235961914,66974.0
0.015810251235961914,67116.0
0.015810251235961914,67227.0
0.015810251235961914,67390.0
0.015810251235961914,67494.0
0.015810251235961914,67602.0
0.015810251235961914,67483.0
0.015810251235961914,67619.0
0.015810251235961914,66596.0
0.015810251235961914,67234.0
0.015810251235961914,67383.0
0.015810251235961914,67754.0
0.015810251235961914,67882.0
0.015810251235961914,67994.0
0.015810251235961914,67888.0
0.015810251235961914,68017.0
0.015810251235961914,67890.0
0.015810251235961914,67784.0
0.015810251235961914,67891.0
0.015810251235961914,67788.0
0.015810251235961914,67904.0
0.015810251235961914,67803.0
0.015810251235961914,67919.0
0.015810251235961914,67776.0
0.015810251235961914,67618.0
0.015810251235961914,67474.0
0.015810251235961914,67579.0
0.015810251235961914,67435.0
0.015810251235961914,67698.0
0.015810251235961914,67818.0
0.015810251235961914,66793.0
0.015810251235961914,67405.0
0.015810251235961914,67753.0
0.015810251235961914,67147.0
0.015810251235961914,67886.0
0.015810251235961914,67767.0
0.015810251235961914,67664.0
0.015810251235961914,67783.0
0.015810251235961914,67907.0
0.015810251235961914,68012.0
0.015810251235961914,67885.0
0.015810251235961914,68014.0
0.015810251235961914,67176.0
0.015810251235961914,67766.0
0.015810251235961914,68039.0
0.015810251235961914,67899.0
0.015810251235961914,68023.0
0.015810251235961914,68138.0
0.015810251235961914,68283.0
0.015810251235961914,68384.0
0.015810251235961914,68512.0
0.015810251235961914,68613.0
0.015810251235961914,68484.0
0.015810251235961914,68211.0
0.015810251235961914,68352.0
0.015810251235961914,68536.0
0.015810251235961914,68697.0
0.015810251235961914,68819.0
0.015810251235961914,68529.0
0.015810251235961914,68644.0
0.015810251235961914,68819.0
0.015810251235961914,68962.0
0.015810251235961914,69083.0
0.015810251235961914,69205.0
0.015810251235961914,68386.0
0.015810251235961914,69002.0
0.015810251235961914,69277.0
0.015810251235961914,69416.0
0.015810251235961914,69045.0
0.015810251235961914,69195.0
0.015810251235961914,69473.0
0.015810251235961914,69582.0
0.015810251235961914,69695.0
0.015810251235961914,69814.0
0.015810251235961914,69640.0
0.015810251235961914,69801.0
0.015810251235961914,69700.0
0.015810251235961914,69557.0
0.015810251235961914,69399.0
0.015810251235961914,69572.0
0.015810251235961914,69428.0
0.015810251235961914,69552.0
0.015810251235961914,69695.0
0.015810251235961914,69462.0
0.015810251235961914,69567.0
0.015810251235961914,69675.0
0.015810251235961914,69898.0
0.015810251235961914,70003.0
0.015810251235961914,70117.0
0.015810251235961914,69974.0
0.015810251235961914,70109.0
0.015810251235961914,69835.0
0.015810251235961914,70116.0
0.015810251235961914,70008.0
0.015810251235961914,70114.0
0.015810251235961914,69969.0
0.015810251235961914,70112.0
0.015810251235961914,69969.0
0.015810251235961914,70070.0
0.015810251235961914,70180.0
0.015810251235961914,70056.0
0.015810251235961914,70213.0
0.015810251235961914,70099.0
0.015810251235961914,69921.0
0.015810251235961914,70051.0
0.015810251235961914,70194.0
0.015810251235961914,70317.0
0.015810251235961914,70071.0
0.015810251235961914,70205.0
0.015810251235961914,70413.0
0.015810251235961914,70271.0
0.015810251235961914,70404.0
0.015810251235961914,70506.0
0.015810251235961914,70373.0
0.015810251235961914,70504.0
0.015810251235961914,70388.0
0.015810251235961914,70498.0
0.015810251235961914,70393.0
0.015810251235961914,70506.0
0.015810251235961914,70607.0
0.015810251235961914,70709.0
0.015810251235961914,70817.0
0.015810251235961914,70589.0
0.015810251235961914,70804.0
0.015810251235961914,69712.0
0.015810251235961914,70313.0
0.015810251235961914,70792.0
0.015810251235961914,70025.0
0.015810251235961914,70567.0
0.015810251235961914,70901.0
0.015810251235961914,71055.0
0.015810251235961914,71216.0
0.03168201446533203,70737.0
0.03168201446533203,70945.0
0.03168201446533203,71077.0
0.03168201446533203,71382.0
0.03168201446533203,71514.0
0.03168201446533203,71176.0
0.03168201446533203,71445.0
0.03168201446533203,71603.0
0.03168201446533203,71717.0
0.03168201446533203,71314.0
0.03168201446533203,71482.0
0.03168201446533203,71362.0
0.03168201446533203,71503.0
0.03168201446533203,71813.0
0.03168201446533203,71915.0
0.03168201446533203,71807.0
0.03168201446533203,71919.0
0.03168201446533203,71638.0
0.03168201446533203,71900.0
0.03168201446533203,71771.0
0.03168201446533203,71670.0
0.03168201446533203,71789.0
0.03168201446533203,70969.0
0.03168201446533203,71292.0
0.03168201446533203,71654.0
0.03168201446533203,71939.0
0.03168201446533203,72097.0
0.03168201446533203,72199.0
0.03168201446533203,72095.0
0.03168201446533203,71993.0
0.03168201446533203,72107.0
0.03168201446533203,72217.0
0.03168201446533203,72093.0
0.03168201446533203,71885.0
0.03168201446533203,72078.0
0.03168201446533203,72208.0
0.03168201446533203,72072.0
0.03168201446533203,72193.0
0.03168201446533203,72081.0
0.03168201446533203,72216.0
0.03168201446533203,72319.0
0.03168201446533203,72218.0
0.03168201446533203,72111.0
0.03168201446533203,72006.0
0.03168201446533203,72107.0
0.03168201446533203,72208.0
0.03168201446533203,71595.0
0.03168201446533203,71473.0
0.03168201446533203,72005.0
0.03168201446533203,71671.0
0.03168201446533203,72017.0
0.03168201446533203,72126.0
0.03168201446533203,72296.0
0.03168201446533203,72087.0
0.03168201446533203,71825.0
0.03168201446533203,72164.0
0.03168201446533203,72291.0
0.03168201446533203,71283.0
0.03168201446533203,71627.0
0.03168201446533203,72047.0
0.03168201446533203,72400.0
0.03168201446533203,72583.0
0.03168201446533203,72461.0
0.03168201446533203,72583.0
0.03168201446533203,72707.0
0.03168201446533203,72810.0
0.03168201446533203,72686.0
0.03168201446533203,72803.0
0.03168201446533203,72699.0
0.03168201446533203,72597.0
0.03168201446533203,72177.0
0.03168201446533203,72496.0
0.03168201446533203,72671.0
0.03168201446533203,72803.0
0.03168201446533203,72915.0
0.03168201446533203,72794.0
0.03168201446533203,72895.0
0.03168201446533203,73004.0
0.03168201446533203,72884.0
0.03168201446533203,72145.0
0.03168201446533203,72038.0
0.03168201446533203,72248.0
0.03168201446533203,72503.0
0.03168201446533203,72839.0
0.03168201446533203,72963.0
0.03168201446533203,73156.0
0.03168201446533203,73272.0
0.03168201446533203,73391.0
0.03168201446533203,73269.0
0.03168201446533203,73376.0
0.03168201446533203,73518.0
0.03168201446533203,73199.0
0.03168201446533203,73340.0
0.03168201446533203,73514.0
0.03168201446533203,73665.0
0.03168201446533203,73504.0
0.03168201446533203,73659.0
0.03168201446533203,73776.0
0.03168201446533203,73918.0
0.03168201446533203,73815.0
0.03168201446533203,73709.0
0.03168201446533203,73585.0
0.03168201446533203,73446.0
0.03168201446533203,73287.0
0.03168201446533203,73428.0
0.03168201446533203,73590.0
0.03168201446533203,73709.0
0.03168201446533203,73478.0
0.03168201446533203,73632.0
0.03168201446533203,73783.0
0.03168201446533203,73894.0
0.03168201446533203,74011.0
0.03168201446533203,74119.0
0.03168201446533203,73837.0
0.03168201446533203,74027.0
0.03168201446533203,73857.0
0.03168201446533203,74057.0
0.03168201446533203,74167.0
0.03168201446533203,74282.0
0.03168201446533203,74386.0
0.03168201446533203,74494.0
0.03168201446533203,74392.0
0.03168201446533203,74511.0
0.03168201446533203,74077.0
0.03168201446533203,74264.0
0.03168201446533203,74469.0
0.03168201446533203,74368.0
0.03168201446533203,74210.0
0.03168201446533203,74356.0
0.03168201446533203,74605.0
0.03168201446533203,74320.0
0.03168201446533203,74592.0
0.03168201446533203,74441.0
0.03168201446533203,74596.0
0.03168201446533203,74490.0
0.03168201446533203,74596.0
0.03168201446533203,74421.0
0.03168201446533203,74541.0
0.03168201446533203,74642.0
0.03168201446533203,74801.0
0.03168201446533203,74282.0
0.03168201446533203,74524.0
0.03168201446533203,74908.0
0.03168201446533203,74765.0
0.03168201446533203,74652.0
0.03168201446533203,74785.0
0.03168201446533203,74683.0
0.03168201446533203,73938.0
0.03168201446533203,74219.0
0.03168201446533203,74591.0
0.03168201446533203,74884.0
0.03168201446533203,75004.0
0.03168201446533203,74447.0
0.03168201446533203,75009.0
0.03168201446533203,74905.0
0.03168201446533203,74802.0
0.03168201446533203,74576.0
0.03168201446533203,74214.0
0.03168201446533203,74433.0
0.03168201446533203,74597.0
0.03168201446533203,74888.0
0.03168201446533203,74714.0
0.03168201446533203,74594.0
0.03168201446533203,74016.0
0.03168201446533203,74160.0
0.03168201446533203,74786.0
0.03168201446533203,74919.0
0.03168201446533203,74772.0
0.03168201446533203,74550.0
0.03168201446533203,74808.0
0.03168201446533203,74603.0
0.03168201446533203,74736.0
0.03168201446533203,74889.0
0.03168201446533203,74614.0
0.03168201446533203,74505.0
0.03168201446533203,74676.0
0.03168201446533203,74838.0
0.03168201446533203,74973.0
0.03168201446533203,75076.0
0.03168201446533203,75179.0
0.03168201446533203,75068.0
0.03168201446533203,74947.0
0.03168201446533203,75106.0
0.03168201446533203,75218.0
0.03168201446533203,74865.0
0.03168201446533203,75116.0
0.03168201446533203,75230.0
0.03168201446533203,75396.0
0.03168201446533203,75497.0
0.03168201446533203,75394.0
0.03168201446533203,74499.0
0.03168201446533203,75093.0
0.03168201446533203,75195.0
0.03168201446533203,75505.0
0.03168201446533203,75683.0
0.03168201446533203,75502.0
0.03168201446533203,75632.0
0.03168201446533203,75748.0
0.03168201446533203,75645.0
0.03168201446533203,75534.0
0.03168201446533203,75698.0
0.03168201446533203,75584.0
0.03168201446533203,75703.0
0.03168201446533203,75805.0
0.03168201446533203,75697.0
0.03168201446533203,75504.0
0.03168201446533203,75719.0
0.03168201446533203,75607.0
0.03168201446533203,75715.0
0.03168201446533203,75605.0
0.03168201446533203,75233.0
0.03168201446533203,75482.0
0.03168201446533203,75631.0
0.03168201446533203,75788.0
0.03168201446533203,75907.0
0.03168201446533203,76016.0
0.03168201446533203,75907.0
0.03168201446533203,75804.0
0.03168201446533203,75610.0
0.03168201446533203,75769.0
0.03168201446533203,75662.0
0.03168201446533203,74771.0
0.03168201446533203,74983.0
0.03168201446533203,75472.0
0.03168201446533203,75696.0
0.03168201446533203,76018.0
0.03168201446533203,75884.0
0.03168201446533203,76011.0
0.03168201446533203,75884.0
0.03168201446533203,75776.0
0.03168201446533203,75499.0
0.03168201446533203,75336.0
0.03168201446533203,75514.0
0.03168201446533203,75654.0
0.03168201446533203,75845.0
0.03168201446533203,75726.0
0.03168201446533203,75567.0
0.03168201446533203,75669.0
0.03168201446533203,75861.0
0.03168201446533203,76009.0
0.03168201446533203,75874.0
0.03168201446533203,76007.0
0.03168201446533203,75369.0
0.03168201446533203,75948.0
0.03168201446533203,76101.0
0.03168201446533203,75993.0
0.03168201446533203,75211.0
0.03168201446533203,75408.0
0.03168201446533203,75792.0
0.03168201446533203,76144.0
0.03168201446533203,75543.0
0.03168201446533203,75910.0
0.03168201446533203,76130.0
0.03168201446533203,76394.0
0.03168201446533203,76508.0
0.03168201446533203,76243.0
0.03168201446533203,76359.0
0.03168201446533203,76466.0
0.03168201446533203,76288.0
0.03168201446533203,76525.0
0.03168201446533203,76416.0
0.03168201446533203,76535.0
0.03168201446533203,76696.0
0.03168201446533203,76496.0
0.03168201446533203,76673.0
0.03168201446533203,76514.0
0.03168201446533203,76630.0
0.03168201446533203,76748.0
0.03168201446533203,75653.0
0.03168201446533203,76463.0
0.03168201446533203,76791.0
0.03168201446533203,76993.0
0.03168201446533203,76846.0
0.04763054847717285,77018.0
0.04763054847717285,76895.0
0.04763054847717285,76567.0
0.04763054847717285,76790.0
0.04763054847717285,76917.0
0.04763054847717285,77103.0
0.04763054847717285,77209.0
0.04763054847717285,77313.0
0.04763054847717285,77196.0
0.04763054847717285,76389.0
0.04763054847717285,76892.0
0.04763054847717285,77116.0
0.04763054847717285,76997.0
0.04763054847717285,77124.0
0.04763054847717285,77274.0
0.04763054847717285,77460.0
0.04763054847717285,77579.0
0.04763054847717285,77702.0
0.04763054847717285,77587.0
0.04763054847717285,77703.0
0.04763054847717285,77814.0
0.04763054847717285,77713.0
0.04763054847717285,77598.0
0.04763054847717285,77707.0
0.04763054847717285,77588.0
0.04763054847717285,77486.0
0.04763054847717285,77601.0
0.04763054847717285,77710.0
0.04763054847717285,77814.0
0.0507359504699707,77663.0
0.0507359504699707,77515.0
0.0507359504699707,77675.0
0.0507359504699707,77808.0
0.0507359504699707,77707.0
0.0507359504699707,77811.0
0.0507359504699707,77653.0
0.0507359504699707,77786.0
0.0507359504699707,77682.0
0.0507359504699707,77799.0
0.0507359504699707,77644.0
0.0507359504699707,77769.0
0.0507359504699707,77913.0
0.0507359504699707,77797.0
0.0507359504699707,77637.0
0.0507359504699707,77814.0
0.0507359504699707,77695.0
0.0507359504699707,77572.0
0.0507359504699707,77462.0
0.0507359504699707,77563.0
0.0507359504699707,77712.0
0.0507359504699707,77368.0
0.0507359504699707,77196.0
0.0507359504699707,77525.0
0.0507359504699707,77647.0
0.0507359504699707,77483.0
0.0507359504699707,77710.0
0.0507359504699707,77580.0
0.0507359504699707,77388.0
0.0507359504699707,77588.0
0.0507359504699707,77689.0
0.0507359504699707,77798.0
0.0507359504699707,77644.0
0.0507359504699707,77756.0
0.0507359504699707,77870.0
0.0507359504699707,77153.0
0.0507359504699707,77828.0
0.0507359504699707,77286.0
0.0507359504699707,77494.0
0.0507359504699707,77890.0
0.0507359504699707,77575.0
0.0507359504699707,77801.0
0.0507359504699707,77915.0
0.0507359504699707,78041.0
0.0507359504699707,78220.0
0.0507359504699707,77692.0
0.0507359504699707,78209.0
0.0507359504699707,78414.0
0.0507359504699707,78264.0
0.0507359504699707,77971.0
0.0507359504699707,78269.0
0.0507359504699707,78415.0
0.0507359504699707,78274.0
0.0507359504699707,78417.0
0.0507359504699707,78518.0
0.0507359504699707,78407.0
0.0507359504699707,78293.0
0.0507359504699707,78414.0
0.0507359504699707,78313.0
0.0507359504699707,78201.0
0.0507359504699707,78026.0
0.0507359504699707,78140.0
0.0507359504699707,78283.0
0.0507359504699707,78131.0
0.0507359504699707,78285.0
0.0507359504699707,78070.0
0.0507359504699707,78290.0
0.0507359504699707,78093.0
0.0507359504699707,78310.0
0.0507359504699707,78197.0
0.0507359504699707,78316.0
0.0507359504699707,78213.0
0.0507359504699707,78105.0
0.0507359504699707,77934.0
0.0507359504699707,78094.0
0.0507359504699707,77952.0
0.0507359504699707,77851.0
0.0507359504699707,77997.0
0.0507359504699707,78113.0
0.0507359504699707,78005.0
0.0507359504699707,78110.0
0.0507359504699707,77861.0
0.0507359504699707,78094.0
0.0507359504699707,77964.0
0.0507359504699707,78100.0
0.0507359504699707,77996.0
0.0507359504699707,78099.0
0.0507359504699707,77827.0
0.0507359504699707,78023.0
0.0507359504699707,78167.0
0.0507359504699707,78288.0
0.0507359504699707,78402.0
0.0507359504699707,78292.0
0.0507359504699707,78393.0
0.0507359504699707,78291.0
0.0507359504699707,78408.0
0.0507359504699707,77542.0
0.0507359504699707,78005.0
0.0507359504699707,78258.0
0.0507359504699707,78566.0
0.0507359504699707,78406.0
0.0507359504699707,78511.0
0.0507359504699707,78048.0
0.0507359504699707,78613.0
0.0507359504699707,78506.0
0.0507359504699707,78365.0
0.0507359504699707,78481.0
0.0507359504699707,78615.0
0.0507359504699707,78718.0
0.0507359504699707,78449.0
0.0507359504699707,78322.0
0.0507359504699707,78491.0
0.0507359504699707,78614.0
0.0507359504699707,78756.0
0.0507359504699707,78870.0
0.0507359504699707,78980.0
0.0507359504699707,78875.0
0.0507359504699707,78984.0
0.0507359504699707,79092.0
0.0507359504699707,79219.0
0.0507359504699707,79106.0
0.0507359504699707,79214.0
0.0507359504699707,79014.0
0.0507359504699707,78909.0
0.0507359504699707,79103.0
0.0507359504699707,78994.0
0.0507359504699707,78853.0
0.0507359504699707,78595.0
0.0507359504699707,78841.0
0.0507359504699707,78988.0
0.0507359504699707,78521.0
0.0507359504699707,78938.0
0.0507359504699707,78829.0
0.0507359504699707,78986.0
0.0507359504699707,78881.0
0.0507359504699707,78983.0
0.0507359504699707,79098.0
0.0507359504699707,78988.0
0.0507359504699707,78860.0
0.0507359504699707,78977.0
0.0507359504699707,79092.0
0.0507359504699707,79201.0
0.0507359504699707,79091.0
0.0507359504699707,79195.0
0.0507359504699707,78828.0
0.0507359504699707,79212.0
0.0507359504699707,79107.0
0.0507359504699707,79003.0
0.0507359504699707,78830.0
0.0507359504699707,78990.0
0.0507359504699707,78857.0
0.0507359504699707,78993.0
0.0507359504699707,79109.0
0.0507359504699707,78960.0
0.0507359504699707,79088.0
0.0507359504699707,79209.0
0.0507359504699707,79101.0
0.0507359504699707,79000.0
0.0507359504699707,79109.0
0.0507359504699707,79216.0
0.0507359504699707,79100.0
0.0507359504699707,78748.0
0.0507359504699707,78525.0
0.0507359504699707,78910.0
0.0507359504699707,79091.0
0.0507359504699707,79203.0
0.0507359504699707,79016.0
0.0507359504699707,79171.0
0.0507359504699707,79309.0
0.06382131576538086,79416.0
0.06382131576538086,79302.0
0.06382131576538086,78785.0
0.06382131576538086,79179.0
0.06382131576538086,79419.0
0.06382131576538086,79306.0
0.0644841194152832,79189.0
0.0644841194152832,79088.0
0.0644841194152832,78909.0
0.0644841194152832,78776.0
0.0644841194152832,78963.0
0.0644841194152832,79068.0
0.0644841194152832,79217.0
0.0644841194152832,79115.0
0.0644841194152832,79003.0
0.0644841194152832,79109.0
0.0644841194152832,79006.0
0.0644841194152832,78901.0
0.0644841194152832,78755.0
0.0644841194152832,78910.0
0.0644841194152832,79016.0
0.0644841194152832,78902.0
0.0644841194152832,78785.0
0.0644841194152832,78628.0
0.0644841194152832,78808.0
0.0644841194152832,78646.0
0.0644841194152832,78819.0
0.0644841194152832,78692.0
0.0644841194152832,78570.0
0.0644841194152832,78454.0
0.0644841194152832,78591.0
0.0644841194152832,78719.0
0.0644841194152832,78600.0
0.0644841194152832,78406.0
0.0644841194152832,78521.0
0.0644841194152832,78628.0
0.0644841194152832,78789.0
0.0644841194152832,78569.0
0.0644841194152832,78683.0
0.0644841194152832,78919.0
0.0644841194152832,78803.0
0.0644841194152832,78682.0
0.0644841194152832,78799.0
0.0644841194152832,78690.0
0.0644841194152832,78585.0
0.0644841194152832,78437.0
0.0644841194152832,78559.0
0.0644841194152832,78398.0
0.0644841194152832,78567.0
0.0644841194152832,78248.0
0.0644841194152832,78568.0
0.0644841194152832,78701.0
0.0644841194152832,78810.0
0.0644841194152832,78703.0
0.0644841194152832,78815.0
0.0644841194152832,78688.0
0.0644841194152832,78801.0
0.0644841194152832,78906.0
0.0644841194152832,78560.0
0.0644841194152832,78873.0
0.0644841194152832,78716.0
0.0644841194152832,78907.0
0.0644841194152832,78692.0
0.0644841194152832,78505.0
0.0644841194152832,78627.0
0.0644841194152832,78522.0
0.0644841194152832,78673.0
0.0644841194152832,78789.0
0.0644841194152832,78598.0
0.0644841194152832,78910.0
0.0644841194152832,78768.0
0.0644841194152832,78918.0
0.0644841194152832,78796.0
0.0644841194152832,78901.0
0.0644841194152832,79017.0
0.0644841194152832,78907.0
0.0644841194152832,78801.0
0.0644841194152832,78914.0
0.0644841194152832,78797.0
0.0644841194152832,78919.0
0.0644841194152832,78806.0
0.0644841194152832,78477.0
0.0644841194152832,78300.0
0.0644841194152832,78630.0
0.0644841194152832,78758.0
0.0644841194152832,78918.0
0.0644841194152832,78809.0
0.0644841194152832,78694.0
0.0644841194152832,78796.0
0.0644841194152832,78911.0
0.0644841194152832,78790.0
0.0644841194152832,78626.0
0.0644841194152832,78789.0
0.0644841194152832,78903.0
0.0644841194152832,78578.0
0.0644841194152832,78906.0
0.0644841194152832,79017.0
0.0644841194152832,78892.0
0.0644841194152832,79007.0
0.0644841194152832,78773.0
0.0644841194152832,78951.0
0.0644841194152832,79106.0
0.0644841194152832,78945.0
0.0644841194152832,79084.0
0.0644841194152832,79197.0
0.0644841194152832,79299.0
0.0644841194152832,79409.0
0.0644841194152832,79248.0
0.0644841194152832,79400.0
0.0644841194152832,79214.0
0.0644841194152832,79098.0
0.0644841194152832,79307.0
0.0644841194152832,79078.0
0.0644841194152832,79224.0
0.0644841194152832,79354.0
0.0644841194152832,79503.0
0.0644841194152832,79612.0
0.0644841194152832,79307.0
0.0644841194152832,79461.0
0.0644841194152832,79581.0
0.0644841194152832,79710.0
0.0644841194152832,79889.0
0.0644841194152832,79991.0
0.0644841194152832,80119.0
0.0644841194152832,79697.0
0.0644841194152832,80065.0
0.0644841194152832,80172.0
0.0644841194152832,80288.0
0.0644841194152832,80168.0
0.0644841194152832,80051.0
0.0644841194152832,79950.0
0.0644841194152832,80119.0
0.0644841194152832,80010.0
0.0644841194152832,80114.0
0.0644841194152832,80000.0
0.0644841194152832,80116.0
0.0644841194152832,80007.0
0.0644841194152832,79765.0
0.0644841194152832,80010.0
0.0644841194152832,79877.0
0.0644841194152832,80018.0
0.0644841194152832,79909.0
0.0644841194152832,79701.0
0.0644841194152832,79569.0
0.0644841194152832,79763.0
0.0644841194152832,79888.0
0.0644841194152832,79771.0
0.0644841194152832,79525.0
0.0644841194152832,79706.0
0.0644841194152832,79589.0
0.0644841194152832,79801.0
0.0644841194152832,79673.0
0.0644841194152832,79454.0
0.0644841194152832,79624.0
0.0644841194152832,79504.0
0.0644841194152832,79647.0
0.0644841194152832,79794.0
0.0644841194152832,79899.0
0.0644841194152832,80007.0
0.0644841194152832,79888.0
0.0644841194152832,80005.0
0.0644841194152832,80107.0
0.0644841194152832,80001.0
0.0644841194152832,80110.0
0.0644841194152832,80008.0
0.0644841194152832,79825.0
0.0644841194152832,79608.0
0.0644841194152832,79764.0
0.0644841194152832,79878.0
0.0644841194152832,80100.0
0.0644841194152832,79999.0
0.0644841194152832,80110.0
0.0644841194152832,80212.0
0.0644841194152832,79988.0
0.0644841194152832,80151.0
0.0644841194152832,80281.0
0.0644841194152832,80135.0
0.0644841194152832,80283.0
0.0644841194152832,80387.0
0.0644841194152832,80512.0
0.0644841194152832,80379.0
0.0644841194152832,80492.0
0.0644841194152832,80595.0
0.0644841194152832,80697.0
0.07949423789978027,80587.0
0.07949423789978027,80693.0
0.07949423789978027,80816.0
0.07949423789978027,80701.0
0.07949423789978027,80817.0
0.07949423789978027,80698.0
0.07949423789978027,80543.0
0.07949423789978027,80404.0
0.07949423789978027,80584.0
0.07949423789978027,80693.0
0.07949423789978027,80592.0
0.07949423789978027,80437.0
0.07949423789978027,80330.0
0.07949423789978027,80516.0
0.07949423789978027,80027.0
0.07949423789978027,80438.0
0.07949423789978027,80560.0
0.07949423789978027,80711.0
0.07949423789978027,80595.0
0.07949423789978027,80702.0
0.07949423789978027,80028.0
0.07949423789978027,80338.0
0.07949423789978027,80606.0
0.07949423789978027,80915.0
0.07949423789978027,80465.0
0.07949423789978027,80201.0
0.07949423789978027,80434.0
0.07949423789978027,80879.0
0.07949423789978027,80984.0
0.07949423789978027,81112.0
0.07949423789978027,81005.0
0.07949423789978027,80889.0
0.07949423789978027,80561.0
0.07949423789978027,80762.0
0.07949423789978027,80952.0
0.07949423789978027,80661.0
0.07949423789978027,80771.0
0.07949423789978027,80998.0
0.07949423789978027,81117.0
0.07949423789978027,81259.0
0.07949423789978027,81132.0
0.07949423789978027,81312.0
0.07949423789978027,81176.0
0.07949423789978027,81070.0
0.07949423789978027,81198.0
0.07949423789978027,81084.0
0.07949423789978027,81218.0
0.07949423789978027,81083.0
0.07949423789978027,81219.0
0.07949423789978027,81076.0
0.07949423789978027,80953.0
0.07949423789978027,81066.0
0.07949423789978027,81186.0
0.07949423789978027,81303.0
0.07949423789978027,81417.0
0.07949423789978027,81276.0
0.07949423789978027,81382.0
0.07949423789978027,81273.0
0.07949423789978027,81417.0
0.07949423789978027,81298.0
0.07949423789978027,81417.0
0.07949423789978027,80719.0
0.07949423789978027,80996.0
0.07949423789978027,81155.0
0.07949423789978027,81524.0
0.07949423789978027,81649.0
0.07949423789978027,81812.0
0.07949423789978027,81919.0
0.07949423789978027,81766.0
0.07949423789978027,81890.0
0.07949423789978027,81775.0
0.07949423789978027,81647.0
0.07949423789978027,81435.0
0.07949423789978027,81597.0
0.07949423789978027,81810.0
0.07949423789978027,81691.0
0.07949423789978027,81802.0
0.07949423789978027,81680.0
0.07949423789978027,81807.0
0.07949423789978027,81688.0
0.07949423789978027,81545.0
0.07949423789978027,81684.0
0.07949423789978027,81546.0
0.07949423789978027,81699.0
0.07949423789978027,81521.0
0.07949423789978027,81657.0
0.07949423789978027,81790.0
0.07949423789978027,81911.0
0.07949423789978027,81749.0
0.07949423789978027,81633.0
0.07949423789978027,81737.0
0.07949423789978027,81856.0
0.07949423789978027,81755.0
0.07949423789978027,81905.0
0.07949423789978027,81682.0
0.07949423789978027,81884.0
0.07949423789978027,82011.0
0.07949423789978027,81887.0
0.07949423789978027,82003.0
0.07949423789978027,82112.0
0.07949423789978027,82213.0
0.07949423789978027,81710.0
0.07949423789978027,82061.0
0.07949423789978027,82230.0
0.07949423789978027,82378.0
0.07949423789978027,82487.0
0.07949423789978027,82606.0
0.07949423789978027,82490.0
0.07949423789978027,82606.0
0.07949423789978027,82490.0
0.07949423789978027,82045.0
0.07949423789978027,82446.0
0.07949423789978027,82605.0
0.07949423789978027,82496.0
0.07949423789978027,82604.0
0.07949423789978027,82714.0
0.07949423789978027,82297.0
0.07949423789978027,82673.0
0.07949423789978027,82787.0
0.07949423789978027,82670.0
0.07949423789978027,82776.0
0.07949423789978027,82908.0
0.07949423789978027,83009.0
0.07949423789978027,82885.0
0.07949423789978027,82761.0
0.07949423789978027,82864.0
0.07949423789978027,83014.0
0.07949423789978027,82909.0
0.07949423789978027,82805.0
0.07949423789978027,82908.0
0.07949423789978027,82803.0
0.07949423789978027,82911.0
0.07949423789978027,82783.0
0.07949423789978027,82907.0
0.07949423789978027,83008.0
0.07949423789978027,82896.0
0.07949423789978027,82741.0
0.07949423789978027,82863.0
0.07949423789978027,82984.0
0.07949423789978027,83089.0
0.07949423789978027,83204.0
0.07949423789978027,83092.0
0.07949423789978027,83201.0
0.07949423789978027,83088.0
0.07949423789978027,82887.0
0.07949423789978027,83061.0
0.07949423789978027,83171.0
0.07949423789978027,83034.0
0.07949423789978027,83203.0
0.07949423789978027,82979.0
0.07949423789978027,83096.0
0.07949423789978027,83219.0
0.0951237678527832,83392.0
0.0951237678527832,83139.0
0.0951237678527832,83339.0
0.0951237678527832,83139.0
0.0951237678527832,83413.0
0.0951237678527832,83164.0
0.0951237678527832,83045.0
0.0951237678527832,83313.0
0.0951237678527832,83163.0
0.0951237678527832,83271.0
0.0951237678527832,83166.0
0.0951237678527832,83293.0
0.0951237678527832,83408.0
0.0951237678527832,83300.0
0.0951237678527832,83410.0
0.0951237678527832,83260.0
0.0951237678527832,83126.0
0.0951237678527832,83247.0
0.0951237678527832,83353.0
0.0951237678527832,83251.0
0.0951237678527832,83128.0
0.0951237678527832,82908.0
0.0951237678527832,83196.0
0.0951237678527832,83298.0
0.0951237678527832,83403.0
0.0951237678527832,83255.0
0.0951237678527832,83107.0
0.0951237678527832,83319.0
0.0951237678527832,83202.0
0.0951237678527832,83088.0
0.0951237678527832,82984.0
0.0951237678527832,83108.0
0.0951237678527832,82975.0
0.0951237678527832,83109.0
0.0951237678527832,83007.0
0.0951237678527832,83108.0
0.0951237678527832,82987.0
0.0951237678527832,82765.0
0.0951237678527832,82986.0
0.0951237678527832,82759.0
0.0951237678527832,82960.0
0.0951237678527832,83087.0
0.0951237678527832,82984.0
0.0951237678527832,82796.0
0.0951237678527832,82976.0
0.0951237678527832,83115.0
0.0951237678527832,83218.0
0.0951237678527832,83032.0
0.0951237678527832,83140.0
0.0951237678527832,82993.0
0.0951237678527832,83163.0
0.0951237678527832,83309.0
0.0951237678527832,83147.0
0.0951237678527832,83291.0
0.0951237678527832,83395.0
0.0951237678527832,83514.0
0.0951237678527832,83351.0
0.0951237678527832,83517.0
0.0951237678527832,83619.0
0.0951237678527832,83476.0
0.0951237678527832,83588.0
0.0951237678527832,83435.0
0.0951237678527832,83551.0
0.0951237678527832,83665.0
0.0951237678527832,83802.0
0.0951237678527832,83916.0
0.0951237678527832,83547.0
0.0951237678527832,83785.0
0.0951237678527832,84017.0
0.0951237678527832,83886.0
0.0951237678527832,83727.0
0.0951237678527832,83900.0
0.0951237678527832,84016.0
0.0951237678527832,83883.0
0.0951237678527832,83984.0
0.0951237678527832,84107.0
0.0951237678527832,83993.0
0.0951237678527832,83841.0
0.0951237678527832,83960.0
0.0951237678527832,83841.0
0.0951237678527832,83661.0
0.0951237678527832,83907.0
0.0951237678527832,83513.0
0.0951237678527832,83800.0
0.0951237678527832,83989.0
0.0951237678527832,83808.0
0.0951237678527832,83958.0
0.0951237678527832,84074.0
0.0951237678527832,83965.0
0.0951237678527832,84099.0
0.0951237678527832,83723.0
0.0951237678527832,83935.0
0.0951237678527832,84154.0
0.0951237678527832,84313.0
0.0951237678527832,84419.0
0.0951237678527832,84298.0
0.0951237678527832,84414.0
0.0951237678527832,84270.0
0.0951237678527832,84375.0
0.0951237678527832,84499.0
0.0951237678527832,84397.0
0.0951237678527832,84498.0
0.1108388900756836,84396.0
0.1108388900756836,84511.0
0.1108388900756836,84402.0
0.1108388900756836,84241.0
0.1108388900756836,84370.0
0.1108388900756836,84512.0
0.1108388900756836,84379.0
0.1108388900756836,84488.0
0.1108388900756836,84375.0
0.1108388900756836,84517.0
0.1108388900756836,84348.0
0.1108388900756836,84482.0
0.1108388900756836,84601.0
0.1108388900756836,84432.0
0.1108388900756836,84278.0
0.1108388900756836,84469.0
0.1108388900756836,84347.0
0.1108388900756836,84138.0
0.1108388900756836,84407.0
0.1108388900756836,84290.0
0.1108388900756836,84413.0
0.1108388900756836,84312.0
0.1108388900756836,84171.0
0.1108388900756836,84295.0
0.1108388900756836,84399.0
0.1108388900756836,84289.0
0.1108388900756836,84407.0
0.1108388900756836,84239.0
0.1108388900756836,84400.0
0.1108388900756836,84279.0
0.1108388900756836,84418.0
0.1108388900756836,84079.0
0.1108388900756836,84223.0
0.1108388900756836,83997.0
0.1108388900756836,84178.0
0.1108388900756836,84349.0
0.1108388900756836,84520.0
0.1108388900756836,84711.0
0.1108388900756836,84548.0
0.1108388900756836,84696.0
0.1108388900756836,84819.0
0.1108388900756836,84703.0
0.1108388900756836,84597.0
0.1108388900756836,84468.0
0.1108388900756836,84569.0
0.1108388900756836,84450.0
0.1108388900756836,84340.0
0.1108388900756836,84512.0
0.1108388900756836,84272.0
0.1108388900756836,84421.0
0.1108388900756836,84619.0
0.1108388900756836,84518.0
0.1108388900756836,84369.0
0.1108388900756836,84473.0
0.1108388900756836,84612.0
0.1108388900756836,84503.0
0.1108388900756836,84619.0
0.1108388900756836,84518.0
0.1108388900756836,84328.0
0.1108388900756836,84486.0
0.1108388900756836,84381.0
0.1108388900756836,84491.0
0.1108388900756836,84223.0
0.1108388900756836,84400.0
0.1108388900756836,84554.0
0.1108388900756836,84695.0
0.1108388900756836,84817.0
0.1108388900756836,84696.0
0.1108388900756836,84415.0
0.1108388900756836,84646.0
0.1108388900756836,84802.0
0.1108388900756836,84918.0
0.1108388900756836,85019.0
0.1108388900756836,84882.0
0.1108388900756836,84990.0
0.1108388900756836,84867.0
0.1108388900756836,84634.0
0.1108388900756836,84770.0
0.1108388900756836,85013.0
0.1108388900756836,84891.0
0.1108388900756836,84741.0
0.1108388900756836,84633.0
0.1108388900756836,84762.0
0.1108388900756836,84908.0
0.1108388900756836,84796.0
0.1108388900756836,84594.0
0.1108388900756836,84710.0
0.1108388900756836,84910.0
0.1108388900756836,84717.0
0.1108388900756836,84895.0
0.1108388900756836,84789.0
0.1108388900756836,84911.0
0.1108388900756836,84715.0
0.1108388900756836,84884.0
0.1108388900756836,84616.0
0.1108388900756836,84866.0
0.1108388900756836,85015.0
0.1108388900756836,84727.0
0.1108388900756836,85012.0
0.1108388900756836,84910.0
0.1108388900756836,84802.0
0.1108388900756836,84686.0
0.1108388900756836,84819.0
0.1108388900756836,84638.0
0.1108388900756836,84810.0
0.1108388900756836,84912.0
0.1108388900756836,84769.0
0.1108388900756836,84901.0
0.1108388900756836,85007.0
0.1108388900756836,84883.0
0.1108388900756836,85008.0
0.1108388900756836,84907.0
0.1108388900756836,84774.0
0.1108388900756836,84912.0
0.1108388900756836,84810.0
0.1108388900756836,84690.0
0.1108388900756836,84575.0
0.1108388900756836,84439.0
0.1108388900756836,84600.0
0.1108388900756836,84476.0
0.1108388900756836,84613.0
0.1108388900756836,84499.0
0.1108388900756836,84397.0
0.1108388900756836,84513.0
0.1108388900756836,84262.0
0.1108388900756836,84492.0
0.12645578384399414,84323.0
0.12645578384399414,84496.0
0.12645578384399414,84166.0
0.12645578384399414,84454.0
0.12645578384399414,84607.0
0.12645578384399414,84712.0
0.12645578384399414,84598.0
0.12645578384399414,84447.0
0.12645578384399414,84572.0
0.12645578384399414,84693.0
0.12645578384399414,84577.0
0.12645578384399414,84708.0
0.12645578384399414,84558.0
0.12645578384399414,84709.0
0.12645578384399414,84598.0
0.12645578384399414,84484.0
0.12645578384399414,84588.0
0.12645578384399414,84484.0
0.12645578384399414,84379.0
0.12645578384399414,84277.0
0.12645578384399414,84402.0
0.12645578384399414,84208.0
0.12645578384399414,84414.0
0.12645578384399414,84310.0
0.12645578384399414,84411.0
0.12645578384399414,84310.0
0.12645578384399414,84419.0
0.12645578384399414,84303.0
0.12645578384399414,84202.0
0.12645578384399414,84021.0
0.12645578384399414,84140.0
0.12645578384399414,84024.0
0.12645578384399414,84172.0
0.12645578384399414,84296.0
0.12645578384399414,84409.0
0.12645578384399414,84265.0
0.12645578384399414,84414.0
0.12645578384399414,84292.0
0.12645578384399414,84413.0
0.12645578384399414,84260.0
0.12645578384399414,84087.0
0.12645578384399414,84258.0
0.12645578384399414,84398.0
0.12645578384399414,84505.0
0.12645578384399414,84393.0
0.12645578384399414,84235.0
0.12645578384399414,84390.0
0.12645578384399414,84275.0
0.12645578384399414,84165.0
0.12645578384399414,84307.0
0.12645578384399414,84415.0
0.12645578384399414,84267.0
0.12645578384399414,84159.0
0.12645578384399414,83860.0
0.12645578384399414,84172.0
0.12645578384399414,84307.0
0.12645578384399414,84414.0
0.12645578384399414,84265.0
0.12645578384399414,84131.0
0.12645578384399414,84275.0
0.12645578384399414,84172.0
0.12645578384399414,84315.0
0.12645578384399414,84211.0
0.12645578384399414,84086.0
0.12645578384399414,83985.0
0.12645578384399414,83842.0
0.12645578384399414,83999.0
0.12645578384399414,84109.0
0.12645578384399414,83863.0
0.12645578384399414,84061.0
0.12645578384399414,84208.0
0.12645578384399414,84066.0
0.12645578384399414,84194.0
0.12645578384399414,84311.0
0.12645578384399414,84206.0
0.12645578384399414,84315.0
0.12645578384399414,84204.0
0.12645578384399414,84103.0
0.12645578384399414,84212.0
0.12645578384399414,84097.0
0.12645578384399414,84216.0
0.12645578384399414,84072.0
0.12645578384399414,84217.0
0.12645578384399414,84045.0
0.12645578384399414,84204.0
0.12645578384399414,84057.0
0.12645578384399414,84192.0
0.12645578384399414,84313.0
0.12645578384399414,84414.0
0.12645578384399414,84272.0
0.12645578384399414,84394.0
0.12645578384399414,84516.0
0.12645578384399414,84618.0
0.12645578384399414,84500.0
0.12645578384399414,84605.0
0.12645578384399414,84435.0
0.12645578384399414,84536.0
0.12645578384399414,84335.0
0.12645578384399414,84605.0
0.12645578384399414,84719.0
0.12645578384399414,84568.0
0.12645578384399414,84689.0
0.12645578384399414,84484.0
0.12645578384399414,84646.0
0.12645578384399414,84798.0
0.12645578384399414,84916.0
0.12645578384399414,84770.0
0.12645578384399414,84912.0
0.12645578384399414,84762.0
0.12645578384399414,84893.0
0.12645578384399414,84583.0
0.12645578384399414,84820.0
0.12645578384399414,84963.0
0.12645578384399414,85096.0
0.12645578384399414,85199.0
0.12645578384399414,85300.0
0.12645578384399414,85405.0
0.12645578384399414,85287.0
0.12645578384399414,85413.0
0.12645578384399414,85252.0
0.12645578384399414,85418.0
0.12645578384399414,85314.0
0.12645578384399414,85148.0
0.12645578384399414,84838.0
0.12645578384399414,85119.0
0.12645578384399414,85309.0
0.14208722114562988,85032.0
0.14208722114562988,85168.0
0.14208722114562988,85327.0
0.14208722114562988,85217.0
0.14208722114562988,85368.0
0.14208722114562988,85482.0
0.14208722114562988,85618.0
0.14208722114562988,85298.0
0.14208722114562988,85589.0
0.14208722114562988,85460.0
0.14208722114562988,85609.0
0.14208722114562988,85450.0
0.14208722114562988,85597.0
0.14208722114562988,85701.0
0.14208722114562988,85573.0
0.14208722114562988,85442.0
0.14208722114562988,85588.0
0.14208722114562988,85705.0
0.14208722114562988,85581.0
0.14208722114562988,85467.0
0.14208722114562988,85617.0
0.14208722114562988,85508.0
0.14208722114562988,85361.0
0.14208722114562988,85503.0
0.14208722114562988,85282.0
0.14208722114562988,85485.0
0.14208722114562988,85603.0
0.14208722114562988,85495.0
0.14208722114562988,85609.0
0.14208722114562988,85710.0
0.14208722114562988,85536.0
0.14208722114562988,85702.0
0.14208722114562988,85810.0
0.14208722114562988,85680.0
0.14208722114562988,85574.0
0.14208722114562988,85466.0
0.14208722114562988,85584.0
0.14208722114562988,85715.0
0.14208722114562988,85592.0
0.14208722114562988,85696.0
0.14208722114562988,85806.0
0.14208722114562988,85907.0
0.14208722114562988,86012.0
0.14208722114562988,85898.0
0.14208722114562988,86012.0
0.14208722114562988,86116.0
0.14208722114562988,86012.0
0.14208722114562988,85887.0
0.14208722114562988,85995.0
0.14208722114562988,86117.0
0.14208722114562988,85905.0
0.14208722114562988,86101.0
0.14208722114562988,86210.0
0.15068745613098145,86313.0
0.15068745613098145,86212.0
0.15068745613098145,86084.0
0.15068745613098145,85960.0
0.15068745613098145,86102.0
0.15068745613098145,86217.0
0.15068745613098145,86114.0
0.15068745613098145,85995.0
0.15068745613098145,86099.0
0.15068745613098145,86204.0
0.15068745613098145,86305.0
0.15068745613098145,86182.0
0.15068745613098145,86290.0
0.15068745613098145,86401.0
0.15068745613098145,86278.0
0.15068745613098145,86395.0
0.15068745613098145,86515.0
0.15068745613098145,86394.0
0.15068745613098145,86258.0
0.15068745613098145,86414.0
0.15068745613098145,86312.0
0.15068745613098145,86211.0
0.15068745613098145,86052.0
0.15068745613098145,86201.0
0.15068745613098145,86316.0
0.15828609466552734,86168.0
0.15828609466552734,86035.0
0.15828609466552734,86151.0
0.15828609466552734,86257.0
0.15828609466552734,86374.0
0.15828609466552734,86496.0
0.15828609466552734,86602.0
0.15828609466552734,86500.0
0.15828609466552734,86610.0
0.15828609466552734,86713.0
0.15828609466552734,86593.0
0.15828609466552734,86710.0
0.15828609466552734,86544.0
0.15828609466552734,86652.0
0.15828609466552734,86813.0
0.15828609466552734,86710.0
0.15828609466552734,86601.0
0.15828609466552734,86715.0
0.15828609466552734,86445.0
0.15828609466552734,86633.0
0.15828609466552734,86752.0
0.15828609466552734,86871.0
0.15828609466552734,86732.0
0.15828609466552734,86624.0
0.15828609466552734,86733.0
0.15828609466552734,86619.0
0.15828609466552734,86795.0
0.15828609466552734,86622.0
0.15828609466552734,86815.0
0.15828609466552734,86696.0
0.15828609466552734,86800.0
0.15828609466552734,86901.0
0.15828609466552734,86771.0
0.15828609466552734,86912.0
0.15828609466552734,87016.0
0.15828609466552734,86898.0
0.15828609466552734,87004.0
0.15828609466552734,86864.0
0.15828609466552734,86705.0
0.15828609466552734,86591.0
0.15828609466552734,86791.0
0.15828609466552734,86912.0
0.15828609466552734,86802.0
0.15828609466552734,86904.0
0.15828609466552734,86777.0
0.15828609466552734,86661.0
0.15828609466552734,86816.0
0.15828609466552734,86676.0
0.15828609466552734,86777.0
0.15828609466552734,86916.0
0.15828609466552734,86784.0
0.15828609466552734,86906.0
0.15828609466552734,86803.0
0.15828609466552734,86644.0
0.15828609466552734,86779.0
0.15828609466552734,86601.0
0.15828609466552734,86812.0
0.15828609466552734,86582.0
0.15828609466552734,86715.0
0.15828609466552734,86866.0
0.15828609466552734,86994.0
0.15828609466552734,86875.0
0.15828609466552734,86983.0
0.15828609466552734,87099.0
0.15828609466552734,87218.0
0.15828609466552734,87034.0
0.15828609466552734,87151.0
0.15828609466552734,87016.0
0.15828609466552734,87130.0
0.15828609466552734,87276.0
0.15828609466552734,87378.0
0.15828609466552734,86994.0
0.15828609466552734,87193.0
0.15828609466552734,87083.0
0.15828609466552734,87334.0
0.15828609466552734,87505.0
0.15828609466552734,87404.0
0.15828609466552734,87273.0
0.15828609466552734,87392.0
0.15828609466552734,87510.0
0.15828609466552734,87613.0
0.15828609466552734,87718.0
0.15828609466552734,87580.0
0.15828609466552734,87707.0
0.15828609466552734,87808.0
0.15828609466552734,87692.0
0.15828609466552734,87806.0
0.15828609466552734,87679.0
0.15828609466552734,87787.0
0.15828609466552734,87914.0
0.17400717735290527,87789.0
0.17400717735290527,87640.0
0.17400717735290527,87797.0
0.17400717735290527,87899.0
0.17574310302734375,88007.0
0.17574310302734375,87885.0
0.17574310302734375,88016.0
0.17574310302734375,87735.0
0.17574310302734375,87950.0
0.17574310302734375,88109.0
0.17574310302734375,87866.0
0.17574310302734375,88036.0
0.17574310302734375,88152.0
0.17574310302734375,88295.0
0.17574310302734375,88412.0
0.17574310302734375,88513.0
0.17574310302734375,88408.0
0.17574310302734375,88510.0
0.17574310302734375,88409.0
0.17574310302734375,88511.0
0.17574310302734375,88612.0
0.17574310302734375,88503.0
0.17574310302734375,88612.0
0.17574310302734375,88713.0
0.17574310302734375,88592.0
0.17574310302734375,88713.0
0.17574310302734375,88603.0
0.17574310302734375,88487.0
0.17574310302734375,88610.0
0.17574310302734375,88712.0
0.17574310302734375,88518.0
0.17574310302734375,88619.0
0.17574310302734375,88812.0
0.17574310302734375,88916.0
0.17574310302734375,88782.0
0.17574310302734375,88912.0
0.17574310302734375,88810.0
0.17574310302734375,88653.0
0.17574310302734375,88762.0
0.17574310302734375,88661.0
0.17574310302734375,88785.0
0.17574310302734375,88899.0
0.17574310302734375,88753.0
0.17574310302734375,88598.0
0.17574310302734375,88761.0
0.17574310302734375,88877.0
0.17574310302734375,89018.0
0.17574310302734375,88890.0
0.17574310302734375,88784.0
0.17574310302734375,88897.0
0.17574310302734375,88775.0
0.18983864784240723,88884.0
0.18983864784240723,89003.0
0.18983864784240723,88826.0
0.18983864784240723,88947.0
0.18983864784240723,89115.0
0.18983864784240723,89009.0
0.18983864784240723,89119.0
0.19446516036987305,88960.0
0.19446516036987305,89106.0
0.19446516036987305,89218.0
0.19446516036987305,89111.0
0.19446516036987305,89213.0
0.19446516036987305,89101.0
0.19446516036987305,89211.0
0.19446516036987305,89097.0
0.19446516036987305,89209.0
0.19446516036987305,89108.0
0.19446516036987305,89218.0
0.19446516036987305,89106.0
0.19446516036987305,88967.0
0.19446516036987305,89091.0
0.19446516036987305,89198.0
0.19446516036987305,89307.0
0.19446516036987305,89412.0
0.19446516036987305,89517.0
0.19446516036987305,89385.0
0.19446516036987305,89518.0
0.19446516036987305,89417.0
0.19446516036987305,89244.0
0.19446516036987305,89366.0
0.19446516036987305,89490.0
0.2054750919342041,89602.0
0.20614004135131836,89499.0
0.20614004135131836,89350.0
0.20614004135131836,89517.0
0.20614004135131836,89404.0
0.20614004135131836,89505.0
0.20614004135131836,89610.0
0.20614004135131836,89506.0
0.20614004135131836,89397.0
0.20614004135131836,89513.0
0.20614004135131836,89412.0
0.20614004135131836,89518.0
0.20614004135131836,89619.0
0.20614004135131836,89514.0
0.20614004135131836,89619.0
0.20614004135131836,89511.0
0.20614004135131836,89612.0
0.20614004135131836,89480.0
0.20614004135131836,89590.0
0.20614004135131836,89471.0
0.20614004135131836,89265.0
0.20614004135131836,89462.0
0.20614004135131836,89574.0
0.20614004135131836,89702.0
0.20614004135131836,89808.0
0.22178959846496582,89666.0
0.22178959846496582,89550.0
0.22178959846496582,89714.0
0.22178959846496582,89815.0
0.22178959846496582,89686.0
0.22178959846496582,89814.0
0.22178959846496582,89697.0
0.22178959846496582,89817.0
0.22178959846496582,89695.0
0.22178959846496582,89805.0
0.22178959846496582,89656.0
0.22178959846496582,89815.0
0.22178959846496582,89699.0
0.22178959846496582,89817.0
0.22178959846496582,89919.0
0.22178959846496582,89804.0
0.22178959846496582,89905.0
0.22178959846496582,90019.0
0.22178959846496582,89918.0
0.22178959846496582,89809.0
0.22178959846496582,89912.0
0.22178959846496582,90013.0
0.23687505722045898,89905.0
0.23687505722045898,90015.0
0.23687505722045898,89913.0
0.23687505722045898,89797.0
0.23687505722045898,89907.0
0.23687505722045898,89801.0
0.23687505722045898,89917.0
0.23687505722045898,89807.0
0.23687505722045898,89916.0
0.23687505722045898,89805.0
0.25096654891967773,89909.0
0.25096654891967773,90012.0
0.25096654891967773,89879.0
0.25096654891967773,89982.0
0.25096654891967773,90098.0
0.25096654891967773,90213.0
0.25305724143981934,90105.0
0.25305724143981934,90219.0
0.25305724143981934,90112.0
0.25305724143981934,89996.0
0.25305724143981934,90112.0
0.26876401901245117,90217.0
0.26876401901245117,90103.0
0.26876401901245117,90211.0
0.26876401901245117,90319.0
0.3156411647796631,90218.0
0.3944661617279053,90319.0
