0.0009989738464355469,649
0.0009989738464355469,1290
0.0009989738464355469,1844
0.0009989738464355469,2427
0.0009989738464355469,3116
0.0009989738464355469,3616
0.0009989738464355469,4407
0.0009989738464355469,5266
0.0009989738464355469,6014
0.0009989738464355469,6784
0.0009989738464355469,7683
0.0009989738464355469,8681
0.0009989738464355469,9592
0.0009989738464355469,10450
0.0009989738464355469,11361
0.0009989738464355469,11918
0.0009989738464355469,12113
0.0009989738464355469,12843
0.0009989738464355469,13802
0.0009989738464355469,14756
0.0009989738464355469,15526
0.0009989738464355469,15808
0.0009989738464355469,16792
0.0009989738464355469,17681
0.0009989738464355469,18471
0.0009989738464355469,19089
0.0009989738464355469,19752
0.0009989738464355469,20623
0.0009989738464355469,21545
0.0009989738464355469,22384
0.0009989738464355469,23220
0.0009989738464355469,24106
0.0009989738464355469,24830
0.0009989738464355469,25817
0.0009989738464355469,26334
0.0009989738464355469,27160
0.0009989738464355469,28048
0.0009989738464355469,28411
0.0009989738464355469,29249
0.0009989738464355469,30031
0.0009989738464355469,30596
0.0009989738464355469,30817
0.0009989738464355469,31817
0.0009989738464355469,32386
0.0009989738464355469,33292
0.0009989738464355469,34235
0.0009989738464355469,35166
0.0009989738464355469,35612
0.0009989738464355469,36571
0.0009989738464355469,37116
0.0009989738464355469,37200
0.0009989738464355469,38107
0.0009989738464355469,38909
0.0009989738464355469,39861
0.0009989738464355469,40649
0.0009989738464355469,41315
0.0009989738464355469,42291
0.0009989738464355469,43252
0.0009989738464355469,43729
0.0009989738464355469,44023
0.0009989738464355469,44664
0.0009989738464355469,45463
0.0009989738464355469,46123
0.0009989738464355469,46552
0.0009989738464355469,47168
0.0009989738464355469,48099
0.0009989738464355469,49038
0.0009989738464355469,49602
0.0009989738464355469,50549
0.0009989738464355469,51202
0.0009989738464355469,51954
0.0009989738464355469,52496
0.0009989738464355469,53344
0.0009989738464355469,54076
0.0009989738464355469,54932
0.0009989738464355469,55156
0.0009989738464355469,55414
0.0009989738464355469,56033
0.0009989738464355469,56892
0.0009989738464355469,57110
0.0009989738464355469,57821
0.0009989738464355469,58216
0.0009989738464355469,58810
0.0009989738464355469,59710
0.0009989738464355469,60614
0.0009989738464355469,61071
0.0009989738464355469,61641
0.0009989738464355469,62560
0.0009989738464355469,63489
0.0009989738464355469,63984
0.0009989738464355469,64684
0.0009989738464355469,65169
0.0009989738464355469,66049
0.0009989738464355469,66751
0.0009989738464355469,67659
0.0009989738464355469,68499
0.0009989738464355469,69140
0.0009989738464355469,69874
0.0009989738464355469,70092
0.0009989738464355469,71009
0.0009989738464355469,71809
0.0009989738464355469,72483
0.0009989738464355469,73129
0.0009989738464355469,73257
0.0009989738464355469,73867
0.0009989738464355469,74559
0.0009989738464355469,75271
0.0009989738464355469,76168
0.0009989738464355469,76952
0.0009989738464355469,77864
0.0009989738464355469,77990
0.0009989738464355469,78754
0.0009989738464355469,79131
0.0009989738464355469,80076
0.0009989738464355469,80329
0.0009989738464355469,80763
0.0009989738464355469,81489
0.0009989738464355469,82139
0.0009989738464355469,83051
0.0009989738464355469,83680
0.0009989738464355469,84123
0.0009989738464355469,84781
0.0009989738464355469,85613
0.0009989738464355469,86584
0.0009989738464355469,87287
0.0009989738464355469,87878
0.0009989738464355469,88744
0.0009989738464355469,89420
0.0009989738464355469,90264
0.0009989738464355469,91197
0.0009989738464355469,91829
0.0009989738464355469,92393
0.0009989738464355469,92495
0.0009989738464355469,93093
0.0009989738464355469,93975
0.0009989738464355469,94849
0.0009989738464355469,95805
0.0009989738464355469,96209
0.0009989738464355469,96869
0.0009989738464355469,97089
0.0009989738464355469,98049
0.0009989738464355469,98291
0.0009989738464355469,98607
0.0009989738464355469,99127
0.0009989738464355469,99824
0.0009989738464355469,100230
0.0009989738464355469,101206
0.0009989738464355469,102167
0.0009989738464355469,102776
0.0009989738464355469,103567
0.0009989738464355469,104078
0.0009989738464355469,104866
0.0009989738464355469,105415
0.0009989738464355469,105957
0.0009989738464355469,106924
0.0009989738464355469,107156
0.0009989738464355469,107898
0.0009989738464355469,108564
0.0009989738464355469,108775
0.0009989738464355469,109482
0.0009989738464355469,110328
0.0009989738464355469,110547
