0.0010349750518798828,101
0.0010349750518798828,202
0.0010349750518798828,303
0.0010349750518798828,404
0.0010349750518798828,505
0.0010349750518798828,606
0.0010349750518798828,707
0.0010349750518798828,809
0.0010349750518798828,911
0.0010349750518798828,1013
0.0010349750518798828,1116
0.0010349750518798828,1219
0.0010349750518798828,1322
0.0010349750518798828,1425
0.0010349750518798828,1529
0.0010349750518798828,1633
0.0010349750518798828,1737
0.0010349750518798828,1841
0.0010349750518798828,1945
0.0010349750518798828,2050
0.0010349750518798828,2155
0.0010349750518798828,2260
0.0010349750518798828,2365
0.0010349750518798828,2470
0.0010349750518798828,2576
0.0010349750518798828,2683
0.0010349750518798828,2790
0.0010349750518798828,2897
0.0010349750518798828,3004
0.0010349750518798828,3111
0.0010349750518798828,3219
0.0010349750518798828,3327
0.0010349750518798828,3435
0.0010349750518798828,3543
0.0010349750518798828,3652
0.0010349750518798828,3761
0.0010349750518798828,3870
0.0010349750518798828,3979
0.0010349750518798828,4088
0.0010349750518798828,4198
0.0010349750518798828,4308
0.0010349750518798828,4418
0.0010349750518798828,4528
0.0010349750518798828,4638
0.0010349750518798828,4748
0.0010349750518798828,4858
0.0010349750518798828,4969
0.0010349750518798828,5081
0.0010349750518798828,5193
0.0010349750518798828,5306
0.0010349750518798828,5419
0.0010349750518798828,5533
0.0010349750518798828,5647
0.0010349750518798828,5761
0.0010349750518798828,5875
0.0010349750518798828,5989
0.0010349750518798828,6103
0.0010349750518798828,6217
0.0010349750518798828,6332
0.0010349750518798828,6447
0.0010349750518798828,6562
0.0010349750518798828,6677
0.0010349750518798828,6792
0.0010349750518798828,6907
0.0010349750518798828,7023
0.0010349750518798828,7139
0.0010349750518798828,7255
0.0010349750518798828,7371
0.0010349750518798828,7487
0.0010349750518798828,7603
0.0010349750518798828,7719
0.0010349750518798828,7835
0.0010349750518798828,7951
0.0010349750518798828,8067
0.0010349750518798828,8183
0.0010349750518798828,8299
0.0010349750518798828,8416
0.0010349750518798828,8533
0.0010349750518798828,8650
0.0010349750518798828,8767
0.0010349750518798828,8884
0.0010349750518798828,9002
0.0010349750518798828,9120
0.0010349750518798828,9238
0.0010349750518798828,9357
0.0010349750518798828,9476
0.0010349750518798828,9595
0.0010349750518798828,9714
0.0010349750518798828,9833
0.0010349750518798828,9952
0.0010349750518798828,10071
0.0010349750518798828,10190
0.0010349750518798828,10310
0.0010349750518798828,10430
0.0010349750518798828,10550
0.0010349750518798828,10670
0.0010349750518798828,10791
0.0010349750518798828,10912
0.0010349750518798828,11033
0.0010349750518798828,11154
0.0010349750518798828,11275
0.0010349750518798828,11397
0.0010349750518798828,11519
0.0010349750518798828,11641
0.0010349750518798828,11763
0.0010349750518798828,11886
0.0010349750518798828,12009
0.0010349750518798828,12132
0.0010349750518798828,12255
0.0010349750518798828,12379
0.0010349750518798828,12503
0.0010349750518798828,12627
0.0010349750518798828,12751
0.0010349750518798828,12875
0.0010349750518798828,13000
0.0010349750518798828,13125
0.0010349750518798828,13250
0.0010349750518798828,13375
0.0010349750518798828,13500
0.0010349750518798828,13625
0.0010349750518798828,13751
0.0010349750518798828,13877
0.0010349750518798828,14004
0.0010349750518798828,14131
0.0010349750518798828,14258
0.0010349750518798828,14385
0.0010349750518798828,14513
0.0010349750518798828,14641
0.0010349750518798828,14769
0.0010349750518798828,14897
0.0010349750518798828,15025
0.0010349750518798828,15154
0.0010349750518798828,15283
0.0010349750518798828,15413
0.0010349750518798828,15543
0.0010349750518798828,15673
0.0010349750518798828,15803
0.0010349750518798828,15934
0.0010349750518798828,16065
0.0010349750518798828,16196
0.0010349750518798828,16327
0.0010349750518798828,16459
0.0010349750518798828,16591
0.0010349750518798828,16723
0.0010349750518798828,16855
0.0010349750518798828,16987
0.0010349750518798828,17119
0.0010349750518798828,17251
0.0010349750518798828,17384
0.0010349750518798828,17517
0.0010349750518798828,17650
0.0010349750518798828,17783
0.0010349750518798828,17916
0.0010349750518798828,18050
0.0010349750518798828,18184
0.0010349750518798828,18319
0.0010349750518798828,18454
0.0010349750518798828,18589
0.0010349750518798828,18724
0.0010349750518798828,18859
0.0010349750518798828,18994
0.0010349750518798828,19129
0.0010349750518798828,19265
0.0010349750518798828,19401
0.0010349750518798828,19537
0.0010349750518798828,19673
0.0010349750518798828,19810
0.0010349750518798828,19947
0.0010349750518798828,20084
0.0010349750518798828,20221
0.0010349750518798828,20358
0.0010349750518798828,20495
0.0010349750518798828,20632
0.0010349750518798828,20770
0.0010349750518798828,20908
0.0010349750518798828,21047
0.0010349750518798828,21187
0.0010349750518798828,21327
0.0010349750518798828,21467
0.0010349750518798828,21607
0.0010349750518798828,21748
0.0010349750518798828,21889
0.0010349750518798828,22030
0.0010349750518798828,22171
0.0010349750518798828,22312
0.0010349750518798828,22454
0.0010349750518798828,22596
0.0010349750518798828,22738
0.0010349750518798828,22880
0.0010349750518798828,23022
0.0010349750518798828,23164
0.0010349750518798828,23307
0.0010349750518798828,23450
0.0010349750518798828,23593
0.0010349750518798828,23737
0.0010349750518798828,23881
0.0010349750518798828,24025
0.0010349750518798828,24170
0.0010349750518798828,24315
0.0010349750518798828,24460
0.0010349750518798828,24605
0.0010349750518798828,24751
0.0010349750518798828,24897
0.0010349750518798828,25043
0.0010349750518798828,25189
0.0010349750518798828,25336
0.0010349750518798828,25483
0.0010349750518798828,25630
0.0010349750518798828,25777
0.0010349750518798828,25924
0.0010349750518798828,26072
0.0010349750518798828,26220
0.0010349750518798828,26369
0.0010349750518798828,26518
0.0010349750518798828,26667
0.0010349750518798828,26816
0.0010349750518798828,26965
0.0010349750518798828,27114
0.0010349750518798828,27263
0.0010349750518798828,27412
0.0010349750518798828,27561
0.0010349750518798828,27710
0.0010349750518798828,27859
0.0010349750518798828,28009
0.0010349750518798828,28159
0.0010349750518798828,28309
0.0010349750518798828,28459
0.0010349750518798828,28609
0.0010349750518798828,28760
0.0010349750518798828,28911
0.0010349750518798828,29062
0.0010349750518798828,29213
0.0010349750518798828,29364
0.0010349750518798828,29515
0.0010349750518798828,29666
0.0010349750518798828,29817
0.0010349750518798828,29968
0.0010349750518798828,30119
0.0010349750518798828,30271
0.0010349750518798828,30423
0.0010349750518798828,30575
0.0010349750518798828,30727
0.0010349750518798828,30879
0.0010349750518798828,31031
0.0010349750518798828,31183
0.0010349750518798828,31336
0.0010349750518798828,31489
0.0010349750518798828,31642
0.0010349750518798828,31796
0.0010349750518798828,31950
0.0010349750518798828,32104
0.0010349750518798828,32259
0.0010349750518798828,32414
0.0010349750518798828,32569
0.0010349750518798828,32724
0.0010349750518798828,32879
0.0010349750518798828,33034
0.0010349750518798828,33189
0.0010349750518798828,33345
0.0010349750518798828,33501
0.0010349750518798828,33657
0.0010349750518798828,33813
0.0010349750518798828,33970
0.0010349750518798828,34128
0.0010349750518798828,34286
0.0010349750518798828,34444
0.0010349750518798828,34602
0.0010349750518798828,34760
0.0010349750518798828,34918
0.0010349750518798828,35076
0.0010349750518798828,35235
0.0010349750518798828,35394
0.0010349750518798828,35553
0.0010349750518798828,35712
0.0010349750518798828,35871
0.0010349750518798828,36030
0.0010349750518798828,36190
0.0010349750518798828,36350
0.0010349750518798828,36510
0.0010349750518798828,36670
0.0010349750518798828,36830
0.0010349750518798828,36990
0.0010349750518798828,37151
0.0010349750518798828,37312
0.0010349750518798828,37473
0.0010349750518798828,37634
0.0010349750518798828,37795
0.0010349750518798828,37956
0.0010349750518798828,38117
0.0010349750518798828,38279
0.0010349750518798828,38442
0.0010349750518798828,38605
0.0010349750518798828,38768
0.0010349750518798828,38931
0.0010349750518798828,39094
0.0010349750518798828,39258
0.0010349750518798828,39422
0.0010349750518798828,39586
0.0010349750518798828,39750
0.0010349750518798828,39914
0.0010349750518798828,40079
0.0010349750518798828,40244
0.0010349750518798828,40410
0.0010349750518798828,40576
0.0010349750518798828,40742
0.0010349750518798828,40908
0.0010349750518798828,41074
0.0010349750518798828,41240
0.0010349750518798828,41406
0.0010349750518798828,41572
0.0010349750518798828,41738
0.0010349750518798828,41905
0.0010349750518798828,42072
0.0010349750518798828,42239
0.0010349750518798828,42407
0.0010349750518798828,42575
0.0010349750518798828,42743
0.0010349750518798828,42911
0.0010349750518798828,43080
0.0010349750518798828,43249
0.0010349750518798828,43418
0.0010349750518798828,43587
0.0010349750518798828,43757
0.0010349750518798828,43927
0.0010349750518798828,44097
0.0010349750518798828,44267
0.0010349750518798828,44438
0.0010349750518798828,44609
0.0010349750518798828,44780
0.0010349750518798828,44951
0.0010349750518798828,45122
0.0010349750518798828,45294
0.0010349750518798828,45466
0.0010349750518798828,45638
0.0010349750518798828,45810
0.0010349750518798828,45982
0.0010349750518798828,46154
0.0010349750518798828,46326
0.0010349750518798828,46499
0.0010349750518798828,46672
0.0010349750518798828,46846
0.0010349750518798828,47020
0.0010349750518798828,47194
0.0010349750518798828,47368
0.0010349750518798828,47542
0.0010349750518798828,47717
0.0010349750518798828,47892
0.0010349750518798828,48067
0.0010349750518798828,48243
0.0010349750518798828,48419
0.0010349750518798828,48596
0.0010349750518798828,48773
0.0010349750518798828,48950
0.0010349750518798828,49127
0.0010349750518798828,49304
0.0010349750518798828,49482
0.0010349750518798828,49660
0.0010349750518798828,49838
0.0010349750518798828,50016
0.0010349750518798828,50195
0.0010349750518798828,50374
0.0010349750518798828,50554
0.0010349750518798828,50734
0.0010349750518798828,50914
0.0010349750518798828,51094
0.0010349750518798828,51274
0.0010349750518798828,51454
0.0010349750518798828,51635
0.0010349750518798828,51816
0.0010349750518798828,51997
0.0010349750518798828,52178
0.0010349750518798828,52359
0.0010349750518798828,52541
0.0010349750518798828,52723
0.0010349750518798828,52905
0.0010349750518798828,53087
0.0010349750518798828,53269
0.0010349750518798828,53451
0.0010349750518798828,53634
0.0010349750518798828,53818
0.0010349750518798828,54002
0.0010349750518798828,54186
0.0010349750518798828,54370
0.0010349750518798828,54554
0.0010349750518798828,54739
0.0010349750518798828,54924
0.0010349750518798828,55109
0.0010349750518798828,55294
0.0010349750518798828,55479
0.0010349750518798828,55664
0.0010349750518798828,55849
0.0010349750518798828,56035
0.0010349750518798828,56221
0.0010349750518798828,56407
0.0010349750518798828,56593
0.0010349750518798828,56779
0.0010349750518798828,56965
0.0010349750518798828,57151
0.0010349750518798828,57337
0.0010349750518798828,57523
0.0010349750518798828,57710
0.0010349750518798828,57897
0.0010349750518798828,58085
0.0010349750518798828,58273
0.0010349750518798828,58461
0.0010349750518798828,58649
0.0010349750518798828,58837
0.0010349750518798828,59025
0.0010349750518798828,59214
0.0010349750518798828,59403
0.0010349750518798828,59592
0.0010349750518798828,59781
0.0010349750518798828,59970
0.0010349750518798828,60159
0.0010349750518798828,60348
0.0010349750518798828,60537
0.0010349750518798828,60727
0.0010349750518798828,60917
0.0010349750518798828,61107
0.0010349750518798828,61297
0.0010349750518798828,61488
0.0010349750518798828,61679
0.0010349750518798828,61870
0.0010349750518798828,62061
0.0010349750518798828,62252
0.0010349750518798828,62443
0.0010349750518798828,62634
0.0010349750518798828,62825
0.0010349750518798828,63016
0.0010349750518798828,63207
0.0010349750518798828,63399
0.0010349750518798828,63591
0.0010349750518798828,63783
0.0010349750518798828,63976
0.0010349750518798828,64169
0.0010349750518798828,64362
0.0010349750518798828,64555
0.0010349750518798828,64749
0.0010349750518798828,64943
0.0010349750518798828,65137
0.0010349750518798828,65331
0.0010349750518798828,65525
0.0010349750518798828,65719
0.0010349750518798828,65913
0.0010349750518798828,66108
0.0010349750518798828,66303
0.0010349750518798828,66498
0.0010349750518798828,66693
0.0010349750518798828,66888
0.0010349750518798828,67084
0.0010349750518798828,67280
0.0010349750518798828,67477
0.0010349750518798828,67674
0.0010349750518798828,67871
0.0010349750518798828,68068
0.0010349750518798828,68265
0.0010349750518798828,68462
0.0010349750518798828,68660
0.0010349750518798828,68858
0.0010349750518798828,69056
0.0010349750518798828,69254
0.0010349750518798828,69452
0.0010349750518798828,69650
0.0010349750518798828,69848
0.0010349750518798828,70047
0.0010349750518798828,70246
0.0010349750518798828,70445
0.0010349750518798828,70644
0.0010349750518798828,70843
0.0010349750518798828,71043
0.0010349750518798828,71243
0.0010349750518798828,71443
0.0010349750518798828,71643
0.0010349750518798828,71843
0.0010349750518798828,72044
0.0010349750518798828,72245
0.0010349750518798828,72446
