0.0,649
0.0,1149
0.0,1940
0.0,2799
0.0,3547
0.0,4317
0.0,5315
0.0,6226
0.0,6421
0.0,7375
0.0,8145
0.0,8427
0.0,9316
0.0,10187
0.0,11109
0.0,11945
0.0,12669
0.0,13557
0.0,13920
0.0,14485
0.0,14706
0.0,15275
0.0,16218
0.0,17149
0.0,17595
0.0,18502
0.0,19454
0.0,20242
0.0,20908
0.0,21884
0.0,22361
0.0,23002
0.0,23801
0.0,24230
0.0,25161
0.0,26108
0.0,26650
0.0,27382
0.0,28238
0.0,28857
0.0,29716
0.0,29934
0.0,30391
0.0,30961
0.0,31661
0.0,32146
0.0,33026
0.0,33728
0.0,34636
0.0,35436
0.0,35564
0.0,36276
0.0,36402
0.0,37166
0.0,38111
0.0,38364
0.0,39090
0.0,39533
0.0,40365
0.0,41068
0.0,41659
0.0,42525
0.0,43458
0.0,43560
0.0,44158
0.0,45032
0.0,45436
0.0,46096
0.0,46338
0.0,46858
0.0,47555
0.0,47961
0.0,48937
0.0,49898
0.0,50507
0.0,51018
0.0,51567
0.0,52109
0.0,52341
0.0,53048
0.0,54046
0.0,54265
0.0,54386
