0.0,2652.0
0.0,2653.0
0.002516031265258789,2655.0
0.002516031265258789,2656.0
0.0035245418548583984,2658.0
0.0035245418548583984,2660.0
0.004521608352661133,2662.0
0.008126258850097656,2665.0
0.008126258850097656,2666.0
0.008126258850097656,2669.0
0.008126258850097656,2671.0
0.013975381851196289,2673.0
0.01598072052001953,2674.0
0.01598072052001953,2676.0
0.020634889602661133,2677.0
0.02467203140258789,2678.0
0.02467203140258789,2680.0
0.03416848182678223,2681.0
0.040708303451538086,2682.0
0.05638909339904785,2684.0
0.05744528770446777,2685.0
0.07950210571289062,2686.0
0.0940852165222168,2687.0
0.1076500415802002,2688.0
0.1420283317565918,2689.0
0.205977201461792,2690.0
0.25691890716552734,2691.0
0.29110240936279297,2692.0
0.35718226432800293,2693.0
0.5172736644744873,2694.0
0.7718758583068848,2695.0
1.1220908164978027,2696.0
1.49129056930542,2697.0
