0.02152705192565918,28828.0
0.022565364837646484,28829.0
0.022565364837646484,28830.0
0.022565364837646484,28831.0
0.031579017639160156,28832.0
0.03257012367248535,28833.0
0.0537874698638916,28834.0
0.07264399528503418,28835.0
0.13286995887756348,28836.0
0.22327589988708496,28837.0
0.35802149772644043,28838.0
0.7250676155090332,28839.0
1.1925458908081055,28840.0
2.037992238998413,28841.0
3.152034282684326,28842.0
5.13438081741333,28843.0
8.589930057525635,28844.0
14.508548736572266,28845.0
24.89164686203003,28846.0
40.16699552536011,28847.0
66.92583441734314,28848.0
102.38733148574829,28849.0
164.50620412826538,28850.0
243.11338758468628,28851.0
358.332816362381,28852.0
620.2965795993805,28853.0
995.1096088886261,28854.0
1483.4146838188171,28855.0
